  INFO root [0x00004d2c] [2018-07-07 15:45:27,627] - 
  INFO root [0x00004d2c] [2018-07-07 15:45:27,628] - -----------------------------------------------------------------------------------------


  INFO root [0x00004d2c] [2018-07-07 15:45:27,629] - Resmgr::initialize: KBE_ROOT=D:/kbengine/
  INFO root [0x00004d2c] [2018-07-07 15:45:27,653] - Resmgr::initialize: KBE_RES_PATH=D:/kbengine/kbe/res/;D:/kbengine/assets_Battle of Gods/;D:/kbengine/assets_Battle of Gods/scripts/;D:/kbengine/assets_Battle of Gods/res/
  INFO root [0x00004d2c] [2018-07-07 15:45:27,653] - Resmgr::initialize: KBE_BIN_PATH=D:/kbengine/kbe/bin/server/
  INFO root [0x00004d2c] [2018-07-07 15:45:27,661] - NetworkInterface::initialize(EXTERNAL): bound to all interfaces with default route interface on 10.1.9.4 ( 10.1.9.4:20015 )
  INFO root [0x00004d2c] [2018-07-07 15:45:27,677] - NetworkInterface::initialize(EXTERNAL): address 10.1.9.4:20015, SOMAXCONN=128.
  INFO root [0x00004d2c] [2018-07-07 15:45:27,683] - NetworkInterface::initialize(INTERNAL): bound to all interfaces with default route interface on 10.1.9.4 ( 10.1.9.4:33840 )
  INFO root [0x00004d2c] [2018-07-07 15:45:27,684] - NetworkInterface::initialize(INTERNAL): address 10.1.9.4:33840, SOMAXCONN=128.
  INFO root [0x00004d2c] [2018-07-07 15:45:27,684] - server-configs:
  INFO root [0x00004d2c] [2018-07-07 15:45:27,685] - 	gameUpdateHertz : 10
  INFO root [0x00004d2c] [2018-07-07 15:45:27,685] - 	entryScriptFile : kbemain
  INFO root [0x00004d2c] [2018-07-07 15:45:27,685] - 	internalAddr : 10.1.9.4:33840
  INFO root [0x00004d2c] [2018-07-07 15:45:27,685] - 	externalAddr : 10.1.9.4:20015
  INFO root [0x00004d2c] [2018-07-07 15:45:27,685] - 	componentID : 7001
  INFO root [0x00004d2c] [2018-07-07 15:45:27,987] - Components::findLogger: found logger, addr:10.1.9.4:33793
  INFO root [0x00004d2c] [2018-07-07 15:45:27,987] - Components::addComponent: reset orderLog, uid=10103!
  INFO root [0x00004d2c] [2018-07-07 15:45:27,988] - Components::addComponent[logger], uid=10103, componentID=2000, globalorderid=1, grouporderid=1, totalcount=1
  INFO root [0x00004d2c] [2018-07-07 15:45:27,997] - ---- baseapp Version: 2.0.0. ScriptVersion: 0.1.0. Protocol: F9DFFB319FBADF35943ADF4D42C4718C. Config: Debug X86. Built: 16:27:53 Apr 30 2018. AppID: 7001. UID: 10103. PID: 4156 ----
  INFO root [0x00004d2c] [2018-07-07 15:45:27,997] - Server : Intel(R) Core(TM) i7-6700HQ CPU @ 2.60GHz with 2097151kB RAM
  INFO root [0x00004d2c] [2018-07-07 15:45:27,997] - ThreadPool::createThreadPool: creating  threadpool...
  INFO root [0x00004d2c] [2018-07-07 15:45:27,998] - ThreadPool::createThreadPool: successfully(2), newThreadCount=1, normalMaxThreadCount=2, maxThreadCount=8
 DEBUG root [0x00004d2c] [2018-07-07 15:45:28,147] - Script::install_py_dlls(): PyInit_pyexpat
 DEBUG root [0x00004d2c] [2018-07-07 15:45:28,148] - Script::install_py_dlls(): PyInit__socket
 DEBUG root [0x00004d2c] [2018-07-07 15:45:28,149] - Script::install_py_dlls(): PyInit__ssl
 DEBUG root [0x00004d2c] [2018-07-07 15:45:28,153] - Script::install_py_dlls(): PyInit__hashlib
 DEBUG root [0x00004d2c] [2018-07-07 15:45:28,154] - Script::install_py_dlls(): PyInit_select
 DEBUG root [0x00004d2c] [2018-07-07 15:45:28,154] - Script::install_py_dlls(): PyInit__ctypes
 DEBUG root [0x00004d2c] [2018-07-07 15:45:28,155] - Script::install_py_dlls(): PyInit__elementtree
 DEBUG root [0x00004d2c] [2018-07-07 15:45:28,217] - Script::install_py_dlls(): PyInit_unicodedata
  INFO root [0x00004d2c] [2018-07-07 15:45:28,279] - Script::install(): is successfully, Python=(3.4.2 (default, Apr 30 2018, 16:27:27) [MSC v.1900 32 bit (Intel)])!
  INFO root [0x00004d2c] [2018-07-07 15:45:28,279] - Script::install(): KBExtra is successfully!
 DEBUG root [0x00004d2c] [2018-07-07 15:45:28,593] - loaded entity-script:Account(1).
 DEBUG root [0x00004d2c] [2018-07-07 15:45:29,025] - loaded entity-script:Equipment(2).
 DEBUG root [0x00004d2c] [2018-07-07 15:45:29,045] - loaded entity-script:Chat(3).
  INFO root [0x00004d2c] [2018-07-07 15:45:29,046] - Baseapp::initializeEnd: started resmgr tick(60s)!
  INFO root [0x00004d2c] [2018-07-07 15:45:29,046] - TelnetServer server is running on port 40000
  INFO root [0x00004d2c] [2018-07-07 15:45:29,844] - ---- baseapp is running ----
 DEBUG root [0x00004d2c] [2018-07-07 15:45:29,844] - Components::process(): Request for the process of identity...
  WARN root [0x00004d2c] [2018-07-07 15:45:36,212] - Forwarding logs to logger[10.1.9.4:33793/0/0/0]...
 ERROR root [0x00004d2c] [2018-07-07 16:33:12,621] - Components::removeComponentByChannel: logger : 2000, Abnormal exit! errorno=10054
  INFO root [0x00004d2c] [2018-07-07 16:33:12,623] - The following logs sent to logger failed:
  WARN root [0x00004d2c] [2018-07-07 16:33:12,623] - ==> [2018-07-07 16:33:12 620] TCPPacketReceiver::processPendingEvents(10.1.9.4:33793): Throwing REASON_GENERAL_NETWORK - WSAECONNRESET
 ERROR root [0x00004d2c] [2018-07-07 16:33:12,623] - ==> [2018-07-07 16:33:12 622] Components::removeComponentByChannel: logger : 2000, Abnormal exit! errorno=10054
  WARN root [0x00004d2c] [2018-07-07 16:33:12,737] - TCPPacketReceiver::processPendingEvents(10.1.9.4:33803): Throwing REASON_GENERAL_NETWORK - WSAECONNRESET
 ERROR root [0x00004d2c] [2018-07-07 16:33:12,738] - Components::removeComponentByChannel: dbmgr : 4000, Abnormal exit! errorno=10054
  INFO root [0x00004d2c] [2018-07-07 16:33:12,739] - Shutdowner::onShutdownBegin: shutting down(period=0, tickPeriod=1)
S_INFO root [0x00004d2c] [2018-07-07 16:33:12,740] - onBaseAppShutDown: state=0
  INFO root [0x00004d2c] [2018-07-07 16:33:12,740] - Shutdowner::onShutdown: shutting down
S_INFO root [0x00004d2c] [2018-07-07 16:33:12,740] - onBaseAppShutDown: state=1
  INFO root [0x00004d2c] [2018-07-07 16:33:12,740] - Shutdowner::onShutdownEnd: shutting down
S_INFO root [0x00004d2c] [2018-07-07 16:33:12,740] - onBaseAppShutDown: state=2
 ERROR root [0x00004d2c] [2018-07-07 16:33:12,764] - Equipment::onCellWriteToDBCompleted(1): not found dbmgr!
 ERROR root [0x00004d2c] [2018-07-07 16:33:12,765] - Entity::onDestroy: not found dbmgr!
 ERROR root [0x00004d2c] [2018-07-07 16:33:12,767] - Account::onCellWriteToDBCompleted(3): not found dbmgr!
 ERROR root [0x00004d2c] [2018-07-07 16:33:12,767] - Entity::onDestroy: not found dbmgr!
 ERROR root [0x00004d2c] [2018-07-07 16:33:12,769] - Account::onCellWriteToDBCompleted(4): not found dbmgr!
 ERROR root [0x00004d2c] [2018-07-07 16:33:12,769] - Entity::onDestroy: not found dbmgr!
 ERROR root [0x00004d2c] [2018-07-07 16:33:12,770] - Account::onCellWriteToDBCompleted(5): not found dbmgr!
 ERROR root [0x00004d2c] [2018-07-07 16:33:12,771] - Entity::onDestroy: not found dbmgr!
 DEBUG root [0x00004d2c] [2018-07-07 16:33:12,772] - Account::~Account(): 3
 DEBUG root [0x00004d2c] [2018-07-07 16:33:12,772] - Account::~Account(): 4
 DEBUG root [0x00004d2c] [2018-07-07 16:33:12,772] - Account::~Account(): 5
 DEBUG root [0x00004d2c] [2018-07-07 16:33:12,773] - Chat::~Chat(): 2
 DEBUG root [0x00004d2c] [2018-07-07 16:33:12,773] - Equipment::~Equipment(): 1
 DEBUG root [0x00004d2c] [2018-07-07 16:33:12,775] - Script::uninstall_py_dlls(): PyInit_pyexpat
 DEBUG root [0x00004d2c] [2018-07-07 16:33:12,775] - Script::uninstall_py_dlls(): PyInit__socket
 DEBUG root [0x00004d2c] [2018-07-07 16:33:12,775] - Script::uninstall_py_dlls(): PyInit__ssl
 DEBUG root [0x00004d2c] [2018-07-07 16:33:12,775] - Script::uninstall_py_dlls(): PyInit__hashlib
 DEBUG root [0x00004d2c] [2018-07-07 16:33:12,775] - Script::uninstall_py_dlls(): PyInit_select
 DEBUG root [0x00004d2c] [2018-07-07 16:33:12,775] - Script::uninstall_py_dlls(): PyInit__ctypes
 DEBUG root [0x00004d2c] [2018-07-07 16:33:12,775] - Script::uninstall_py_dlls(): PyInit__elementtree
 DEBUG root [0x00004d2c] [2018-07-07 16:33:12,776] - Script::uninstall_py_dlls(): PyInit_unicodedata
  INFO root [0x00004d2c] [2018-07-07 16:33:12,801] - Script::uninstall(): is successfully!
 DEBUG root [0x00004d2c] [2018-07-07 16:33:12,801] - ThreadPool::destroy(): starting size 2.
