  INFO root [0x000003b0] [2018-07-15 12:13:32,384] - 
  INFO root [0x000003b0] [2018-07-15 12:13:32,384] - -----------------------------------------------------------------------------------------


  INFO root [0x000003b0] [2018-07-15 12:13:32,384] - Resmgr::initialize: KBE_ROOT=D:/kbengine/
  INFO root [0x000003b0] [2018-07-15 12:13:32,384] - Resmgr::initialize: KBE_RES_PATH=D:/kbengine/kbe/res/;D:/kbengine/assets_Battle of Gods/;D:/kbengine/assets_Battle of Gods/scripts/;D:/kbengine/assets_Battle of Gods/res/
  INFO root [0x000003b0] [2018-07-15 12:13:32,384] - Resmgr::initialize: KBE_BIN_PATH=D:/kbengine/kbe/bin/server/
  INFO root [0x000003b0] [2018-07-15 12:13:32,384] - NetworkInterface::initialize(EXTERNAL): bound to all interfaces with default route interface on 10.139.66.192 ( 10.139.66.192:20015 )
  INFO root [0x000003b0] [2018-07-15 12:13:32,384] - NetworkInterface::initialize(EXTERNAL): address 10.139.66.192:20015, SOMAXCONN=128.
  INFO root [0x000003b0] [2018-07-15 12:13:32,399] - NetworkInterface::initialize(INTERNAL): bound to all interfaces with default route interface on 10.139.66.192 ( 10.139.66.192:63473 )
  INFO root [0x000003b0] [2018-07-15 12:13:32,399] - NetworkInterface::initialize(INTERNAL): address 10.139.66.192:63473, SOMAXCONN=128.
  INFO root [0x000003b0] [2018-07-15 12:13:32,399] - server-configs:
  INFO root [0x000003b0] [2018-07-15 12:13:32,399] - 	gameUpdateHertz : 10
  INFO root [0x000003b0] [2018-07-15 12:13:32,399] - 	entryScriptFile : kbemain
  INFO root [0x000003b0] [2018-07-15 12:13:32,399] - 	internalAddr : 10.139.66.192:63473
  INFO root [0x000003b0] [2018-07-15 12:13:32,399] - 	externalAddr : 10.139.66.192:20015
  INFO root [0x000003b0] [2018-07-15 12:13:32,399] - 	componentID : 7001
  INFO root [0x000003b0] [2018-07-15 12:13:32,618] - Components::findLogger: found logger, addr:10.139.66.192:63449
  INFO root [0x000003b0] [2018-07-15 12:13:32,618] - Components::addComponent: reset orderLog, uid=10103!
  INFO root [0x000003b0] [2018-07-15 12:13:32,618] - Components::addComponent[logger], uid=10103, componentID=2000, globalorderid=1, grouporderid=1, totalcount=1
  INFO root [0x000003b0] [2018-07-15 12:13:32,634] - ---- baseapp Version: 2.0.0. ScriptVersion: 0.1.0. Protocol: F9DFFB319FBADF35943ADF4D42C4718C. Config: Debug X86. Built: 16:27:53 Apr 30 2018. AppID: 7001. UID: 10103. PID: 2476 ----
  INFO root [0x000003b0] [2018-07-15 12:13:32,634] - Server : Intel(R) Core(TM) i7-6700HQ CPU @ 2.60GHz with 2097151kB RAM
  INFO root [0x000003b0] [2018-07-15 12:13:32,634] - ThreadPool::createThreadPool: creating  threadpool...
  INFO root [0x000003b0] [2018-07-15 12:13:32,634] - ThreadPool::createThreadPool: successfully(2), newThreadCount=1, normalMaxThreadCount=2, maxThreadCount=8
 DEBUG root [0x000003b0] [2018-07-15 12:13:32,774] - Script::install_py_dlls(): PyInit_pyexpat
 DEBUG root [0x000003b0] [2018-07-15 12:13:32,774] - Script::install_py_dlls(): PyInit__socket
 DEBUG root [0x000003b0] [2018-07-15 12:13:32,774] - Script::install_py_dlls(): PyInit__ssl
 DEBUG root [0x000003b0] [2018-07-15 12:13:32,774] - Script::install_py_dlls(): PyInit__hashlib
 DEBUG root [0x000003b0] [2018-07-15 12:13:32,774] - Script::install_py_dlls(): PyInit_select
 DEBUG root [0x000003b0] [2018-07-15 12:13:32,774] - Script::install_py_dlls(): PyInit__ctypes
 DEBUG root [0x000003b0] [2018-07-15 12:13:32,774] - Script::install_py_dlls(): PyInit__elementtree
 DEBUG root [0x000003b0] [2018-07-15 12:13:32,821] - Script::install_py_dlls(): PyInit_unicodedata
  INFO root [0x000003b0] [2018-07-15 12:13:32,868] - Script::install(): is successfully, Python=(3.4.2 (default, Apr 30 2018, 16:27:27) [MSC v.1900 32 bit (Intel)])!
  INFO root [0x000003b0] [2018-07-15 12:13:32,868] - Script::install(): KBExtra is successfully!
 DEBUG root [0x000003b0] [2018-07-15 12:13:33,024] - loaded entity-script:Account(1).
 DEBUG root [0x000003b0] [2018-07-15 12:13:33,196] - loaded entity-script:Equipment(2).
 DEBUG root [0x000003b0] [2018-07-15 12:13:33,212] - loaded entity-script:Chat(3).
  INFO root [0x000003b0] [2018-07-15 12:13:33,212] - Baseapp::initializeEnd: started resmgr tick(60s)!
  INFO root [0x000003b0] [2018-07-15 12:13:33,212] - TelnetServer server is running on port 40000
  INFO root [0x000003b0] [2018-07-15 12:13:33,727] - ---- baseapp is running ----
 DEBUG root [0x000003b0] [2018-07-15 12:13:33,727] - Components::process(): Request for the process of identity...
  WARN root [0x000003b0] [2018-07-15 12:13:40,057] - Forwarding logs to logger[10.139.66.192:63449/0/0/0]...
 ERROR root [0x000003b0] [2018-07-15 12:14:58,536] - Baseapp::onQueryAccountCBFromDbmgr: query 1q2w3e is failed! error()
 ERROR root [0x000003b0] [2018-07-15 12:15:04,436] - Baseapp::onQueryAccountCBFromDbmgr: query 1q2w3e is failed! error()
 ERROR root [0x000003b0] [2018-07-15 12:17:45,543] - Components::removeComponentByChannel: logger : 2000, Abnormal exit! errorno=10054
  INFO root [0x000003b0] [2018-07-15 12:17:45,545] - The following logs sent to logger failed:
  WARN root [0x000003b0] [2018-07-15 12:17:45,545] - ==> [2018-07-15 12:17:45 543] TCPPacketReceiver::processPendingEvents(10.139.66.192:63449): Throwing REASON_GENERAL_NETWORK - WSAECONNRESET
 ERROR root [0x000003b0] [2018-07-15 12:17:45,546] - ==> [2018-07-15 12:17:45 544] Components::removeComponentByChannel: logger : 2000, Abnormal exit! errorno=10054
  WARN root [0x000003b0] [2018-07-15 12:17:45,634] - TCPPacketReceiver::processPendingEvents(10.139.66.192:63454): Throwing REASON_GENERAL_NETWORK - WSAECONNRESET
 ERROR root [0x000003b0] [2018-07-15 12:17:45,635] - Components::removeComponentByChannel: dbmgr : 4000, Abnormal exit! errorno=10054
  INFO root [0x000003b0] [2018-07-15 12:17:45,636] - Shutdowner::onShutdownBegin: shutting down(period=0, tickPeriod=1)
S_INFO root [0x000003b0] [2018-07-15 12:17:45,637] - onBaseAppShutDown: state=0
  INFO root [0x000003b0] [2018-07-15 12:17:45,637] - Shutdowner::onShutdown: shutting down
S_INFO root [0x000003b0] [2018-07-15 12:17:45,640] - onBaseAppShutDown: state=1
  INFO root [0x000003b0] [2018-07-15 12:17:45,640] - Shutdowner::onShutdownEnd: shutting down
S_INFO root [0x000003b0] [2018-07-15 12:17:45,641] - onBaseAppShutDown: state=2
 ERROR root [0x000003b0] [2018-07-15 12:17:45,657] - Equipment::onCellWriteToDBCompleted(1): not found dbmgr!
 ERROR root [0x000003b0] [2018-07-15 12:17:45,658] - Entity::onDestroy: not found dbmgr!
 ERROR root [0x000003b0] [2018-07-15 12:17:45,658] - Account::onCellWriteToDBCompleted(3): not found dbmgr!
 ERROR root [0x000003b0] [2018-07-15 12:17:45,659] - Entity::onDestroy: not found dbmgr!
 DEBUG root [0x000003b0] [2018-07-15 12:17:45,660] - Equipment::~Equipment(): 1
 DEBUG root [0x000003b0] [2018-07-15 12:17:45,660] - Account::~Account(): 3
 DEBUG root [0x000003b0] [2018-07-15 12:17:45,660] - Chat::~Chat(): 2
 DEBUG root [0x000003b0] [2018-07-15 12:17:45,661] - Script::uninstall_py_dlls(): PyInit_pyexpat
 DEBUG root [0x000003b0] [2018-07-15 12:17:45,662] - Script::uninstall_py_dlls(): PyInit__socket
 DEBUG root [0x000003b0] [2018-07-15 12:17:45,662] - Script::uninstall_py_dlls(): PyInit__ssl
 DEBUG root [0x000003b0] [2018-07-15 12:17:45,662] - Script::uninstall_py_dlls(): PyInit__hashlib
 DEBUG root [0x000003b0] [2018-07-15 12:17:45,662] - Script::uninstall_py_dlls(): PyInit_select
 DEBUG root [0x000003b0] [2018-07-15 12:17:45,662] - Script::uninstall_py_dlls(): PyInit__ctypes
 DEBUG root [0x000003b0] [2018-07-15 12:17:45,662] - Script::uninstall_py_dlls(): PyInit__elementtree
 DEBUG root [0x000003b0] [2018-07-15 12:17:45,662] - Script::uninstall_py_dlls(): PyInit_unicodedata
  INFO root [0x000003b0] [2018-07-15 12:17:45,675] - Script::uninstall(): is successfully!
 DEBUG root [0x000003b0] [2018-07-15 12:17:45,675] - ThreadPool::destroy(): starting size 2.
