  INFO root [0x0000292c] [2018-07-30 16:53:14,724] - 
  INFO root [0x0000292c] [2018-07-30 16:53:14,724] - -----------------------------------------------------------------------------------------


  INFO root [0x0000292c] [2018-07-30 16:53:14,726] - Resmgr::initialize: KBE_ROOT=D:/kbengine/
  INFO root [0x0000292c] [2018-07-30 16:53:14,726] - Resmgr::initialize: KBE_RES_PATH=D:/kbengine/kbe/res/;D:/kbengine/assets_Battle of Gods/;D:/kbengine/assets_Battle of Gods/scripts/;D:/kbengine/assets_Battle of Gods/res/
  INFO root [0x0000292c] [2018-07-30 16:53:14,726] - Resmgr::initialize: KBE_BIN_PATH=D:/kbengine/kbe/bin/server/
  INFO root [0x0000292c] [2018-07-30 16:53:14,735] - NetworkInterface::initialize(EXTERNAL): bound to all interfaces with default route interface on 10.139.66.192 ( 10.139.66.192:20015 )
  INFO root [0x0000292c] [2018-07-30 16:53:14,735] - NetworkInterface::initialize(EXTERNAL): address 10.139.66.192:20015, SOMAXCONN=128.
  INFO root [0x0000292c] [2018-07-30 16:53:14,753] - NetworkInterface::initialize(INTERNAL): bound to all interfaces with default route interface on 10.139.66.192 ( 10.139.66.192:31461 )
  INFO root [0x0000292c] [2018-07-30 16:53:14,757] - NetworkInterface::initialize(INTERNAL): address 10.139.66.192:31461, SOMAXCONN=128.
  INFO root [0x0000292c] [2018-07-30 16:53:14,757] - server-configs:
  INFO root [0x0000292c] [2018-07-30 16:53:14,757] - 	gameUpdateHertz : 10
  INFO root [0x0000292c] [2018-07-30 16:53:14,757] - 	entryScriptFile : kbemain
  INFO root [0x0000292c] [2018-07-30 16:53:14,758] - 	internalAddr : 10.139.66.192:31461
  INFO root [0x0000292c] [2018-07-30 16:53:14,758] - 	externalAddr : 10.139.66.192:20015
  INFO root [0x0000292c] [2018-07-30 16:53:14,758] - 	componentID : 7001
  INFO root [0x0000292c] [2018-07-30 16:53:14,956] - Components::findLogger: found logger, addr:10.139.66.192:31409
  INFO root [0x0000292c] [2018-07-30 16:53:14,956] - Components::addComponent: reset orderLog, uid=10103!
  INFO root [0x0000292c] [2018-07-30 16:53:14,956] - Components::addComponent[logger], uid=10103, componentID=2000, globalorderid=1, grouporderid=1, totalcount=1
  INFO root [0x0000292c] [2018-07-30 16:53:14,973] - ---- baseapp Version: 2.0.0. ScriptVersion: 0.1.0. Protocol: F9DFFB319FBADF35943ADF4D42C4718C. Config: Debug X86. Built: 16:27:53 Apr 30 2018. AppID: 7001. UID: 10103. PID: 2848 ----
  INFO root [0x0000292c] [2018-07-30 16:53:14,974] - Server : Intel(R) Core(TM) i7-6700HQ CPU @ 2.60GHz with 2097151kB RAM
  INFO root [0x0000292c] [2018-07-30 16:53:14,974] - ThreadPool::createThreadPool: creating  threadpool...
  INFO root [0x0000292c] [2018-07-30 16:53:14,974] - ThreadPool::createThreadPool: successfully(2), newThreadCount=1, normalMaxThreadCount=2, maxThreadCount=8
 DEBUG root [0x0000292c] [2018-07-30 16:53:15,119] - Script::install_py_dlls(): PyInit_pyexpat
 DEBUG root [0x0000292c] [2018-07-30 16:53:15,119] - Script::install_py_dlls(): PyInit__socket
 DEBUG root [0x0000292c] [2018-07-30 16:53:15,120] - Script::install_py_dlls(): PyInit__ssl
 DEBUG root [0x0000292c] [2018-07-30 16:53:15,125] - Script::install_py_dlls(): PyInit__hashlib
 DEBUG root [0x0000292c] [2018-07-30 16:53:15,125] - Script::install_py_dlls(): PyInit_select
 DEBUG root [0x0000292c] [2018-07-30 16:53:15,125] - Script::install_py_dlls(): PyInit__ctypes
 DEBUG root [0x0000292c] [2018-07-30 16:53:15,126] - Script::install_py_dlls(): PyInit__elementtree
 DEBUG root [0x0000292c] [2018-07-30 16:53:15,177] - Script::install_py_dlls(): PyInit_unicodedata
  INFO root [0x0000292c] [2018-07-30 16:53:15,226] - Script::install(): is successfully, Python=(3.4.2 (default, Apr 30 2018, 16:27:27) [MSC v.1900 32 bit (Intel)])!
  INFO root [0x0000292c] [2018-07-30 16:53:15,226] - Script::install(): KBExtra is successfully!
 ERROR root [0x0000292c] [2018-07-30 16:53:15,289] - DataTypes::getDataType:not found type AVATAR_INFO.
 ERROR root [0x0000292c] [2018-07-30 16:53:15,290] - FixedArrayType::initialize: key[ARRAY] did not find type[AVATAR_INFO]!
 ERROR root [0x0000292c] [2018-07-30 16:53:15,290] - DataTypes::loadTypes: parse ARRAY [AVATAR_LISTINFO] error!
 ERROR root [0x0000292c] [2018-07-30 16:53:15,291] - app::initialize(): initialization failed!
 DEBUG root [0x0000292c] [2018-07-30 16:53:15,291] - Script::uninstall_py_dlls(): PyInit_pyexpat
 DEBUG root [0x0000292c] [2018-07-30 16:53:15,291] - Script::uninstall_py_dlls(): PyInit__socket
 DEBUG root [0x0000292c] [2018-07-30 16:53:15,292] - Script::uninstall_py_dlls(): PyInit__ssl
 DEBUG root [0x0000292c] [2018-07-30 16:53:15,292] - Script::uninstall_py_dlls(): PyInit__hashlib
 DEBUG root [0x0000292c] [2018-07-30 16:53:15,292] - Script::uninstall_py_dlls(): PyInit_select
 DEBUG root [0x0000292c] [2018-07-30 16:53:15,292] - Script::uninstall_py_dlls(): PyInit__ctypes
 DEBUG root [0x0000292c] [2018-07-30 16:53:15,292] - Script::uninstall_py_dlls(): PyInit__elementtree
 DEBUG root [0x0000292c] [2018-07-30 16:53:15,292] - Script::uninstall_py_dlls(): PyInit_unicodedata
  INFO root [0x0000292c] [2018-07-30 16:53:15,303] - Script::uninstall(): is successfully!
 DEBUG root [0x0000292c] [2018-07-30 16:53:15,303] - ThreadPool::destroy(): starting size 2.
  WARN root [0x0000292c] [2018-07-30 16:53:15,604] - ThreadPool::destroy(): waiting for thread(2)[0x2650310,0x2650650,], try=1
 DEBUG root [0x0000292c] [2018-07-30 16:53:16,006] - TPThread::~TPThread(): 0x2650310
 DEBUG root [0x0000292c] [2018-07-30 16:53:16,006] - TPThread::~TPThread(): 0x2650650
 DEBUG root [0x0000292c] [2018-07-30 16:53:16,006] - ThreadPool::destroy(): successfully!
 DEBUG root [0x0000292c] [2018-07-30 16:53:16,007] - Bundle::destroyObjPool(): size 15.
 DEBUG root [0x0000292c] [2018-07-30 16:53:16,007] - Channel::destroyObjPool(): size 15.
 DEBUG root [0x0000292c] [2018-07-30 16:53:16,007] - TCPPacket::destroyObjPool(): size 0.
 DEBUG root [0x0000292c] [2018-07-30 16:53:16,007] - UDPPacket::destroyObjPool(): size 14.
 DEBUG root [0x0000292c] [2018-07-30 16:53:16,008] - EndPoint::destroyObjPool(): size 15.
 DEBUG root [0x0000292c] [2018-07-30 16:53:16,008] - Address::destroyObjPool(): size 0.
 DEBUG root [0x0000292c] [2018-07-30 16:53:16,008] - TCPPacketReceiver::destroyObjPool(): size 0.
 DEBUG root [0x0000292c] [2018-07-30 16:53:16,008] - UDPPacketReceiver::destroyObjPool(): size 0.
  WARN root [0x0000292c] [2018-07-30 16:53:16,008] - Forwarding logs to logger[10.139.66.192:31409/0/0/0]...
  INFO root [0x0000292c] [2018-07-30 16:53:22,523] - EventDispatcher()::~EventDispatcher: Num timers = 1
  INFO root [0x00002198] [2018-07-30 16:54:09,088] - 
  INFO root [0x00002198] [2018-07-30 16:54:09,088] - -----------------------------------------------------------------------------------------


  INFO root [0x00002198] [2018-07-30 16:54:09,089] - Resmgr::initialize: KBE_ROOT=D:/kbengine/
  INFO root [0x00002198] [2018-07-30 16:54:09,089] - Resmgr::initialize: KBE_RES_PATH=D:/kbengine/kbe/res/;D:/kbengine/assets_Battle of Gods/;D:/kbengine/assets_Battle of Gods/scripts/;D:/kbengine/assets_Battle of Gods/res/
  INFO root [0x00002198] [2018-07-30 16:54:09,089] - Resmgr::initialize: KBE_BIN_PATH=D:/kbengine/kbe/bin/server/
  INFO root [0x00002198] [2018-07-30 16:54:09,096] - NetworkInterface::initialize(EXTERNAL): bound to all interfaces with default route interface on 10.139.66.192 ( 10.139.66.192:20015 )
  INFO root [0x00002198] [2018-07-30 16:54:09,096] - NetworkInterface::initialize(EXTERNAL): address 10.139.66.192:20015, SOMAXCONN=128.
  INFO root [0x00002198] [2018-07-30 16:54:09,110] - NetworkInterface::initialize(INTERNAL): bound to all interfaces with default route interface on 10.139.66.192 ( 10.139.66.192:31660 )
  INFO root [0x00002198] [2018-07-30 16:54:09,111] - NetworkInterface::initialize(INTERNAL): address 10.139.66.192:31660, SOMAXCONN=128.
  INFO root [0x00002198] [2018-07-30 16:54:09,111] - server-configs:
  INFO root [0x00002198] [2018-07-30 16:54:09,111] - 	gameUpdateHertz : 10
  INFO root [0x00002198] [2018-07-30 16:54:09,111] - 	entryScriptFile : kbemain
  INFO root [0x00002198] [2018-07-30 16:54:09,111] - 	internalAddr : 10.139.66.192:31660
  INFO root [0x00002198] [2018-07-30 16:54:09,111] - 	externalAddr : 10.139.66.192:20015
  INFO root [0x00002198] [2018-07-30 16:54:09,111] - 	componentID : 7001
  INFO root [0x00002198] [2018-07-30 16:54:09,316] - Components::findLogger: found logger, addr:10.139.66.192:31649
  INFO root [0x00002198] [2018-07-30 16:54:09,316] - Components::addComponent: reset orderLog, uid=10103!
  INFO root [0x00002198] [2018-07-30 16:54:09,317] - Components::addComponent[logger], uid=10103, componentID=2000, globalorderid=1, grouporderid=1, totalcount=1
  INFO root [0x00002198] [2018-07-30 16:54:09,336] - ---- baseapp Version: 2.0.0. ScriptVersion: 0.1.0. Protocol: F9DFFB319FBADF35943ADF4D42C4718C. Config: Debug X86. Built: 16:27:53 Apr 30 2018. AppID: 7001. UID: 10103. PID: 11576 ----
  INFO root [0x00002198] [2018-07-30 16:54:09,336] - Server : Intel(R) Core(TM) i7-6700HQ CPU @ 2.60GHz with 2097151kB RAM
  INFO root [0x00002198] [2018-07-30 16:54:09,336] - ThreadPool::createThreadPool: creating  threadpool...
  INFO root [0x00002198] [2018-07-30 16:54:09,337] - ThreadPool::createThreadPool: successfully(2), newThreadCount=1, normalMaxThreadCount=2, maxThreadCount=8
 DEBUG root [0x00002198] [2018-07-30 16:54:09,485] - Script::install_py_dlls(): PyInit_pyexpat
 DEBUG root [0x00002198] [2018-07-30 16:54:09,486] - Script::install_py_dlls(): PyInit__socket
 DEBUG root [0x00002198] [2018-07-30 16:54:09,486] - Script::install_py_dlls(): PyInit__ssl
 DEBUG root [0x00002198] [2018-07-30 16:54:09,491] - Script::install_py_dlls(): PyInit__hashlib
 DEBUG root [0x00002198] [2018-07-30 16:54:09,491] - Script::install_py_dlls(): PyInit_select
 DEBUG root [0x00002198] [2018-07-30 16:54:09,491] - Script::install_py_dlls(): PyInit__ctypes
 DEBUG root [0x00002198] [2018-07-30 16:54:09,492] - Script::install_py_dlls(): PyInit__elementtree
 DEBUG root [0x00002198] [2018-07-30 16:54:09,564] - Script::install_py_dlls(): PyInit_unicodedata
  INFO root [0x00002198] [2018-07-30 16:54:09,627] - Script::install(): is successfully, Python=(3.4.2 (default, Apr 30 2018, 16:27:27) [MSC v.1900 32 bit (Intel)])!
  INFO root [0x00002198] [2018-07-30 16:54:09,627] - Script::install(): KBExtra is successfully!
 ERROR root [0x00002198] [2018-07-30 16:54:09,644] - DataTypes::getDataType:not found type AVATAR_INFO.
 ERROR root [0x00002198] [2018-07-30 16:54:09,644] - FixedArrayType::initialize: key[ARRAY] did not find type[AVATAR_INFO]!
 ERROR root [0x00002198] [2018-07-30 16:54:09,645] - DataTypes::loadTypes: parse ARRAY [AVATAR_LISTINFO] error!
 ERROR root [0x00002198] [2018-07-30 16:54:09,646] - app::initialize(): initialization failed!
 DEBUG root [0x00002198] [2018-07-30 16:54:09,647] - Script::uninstall_py_dlls(): PyInit_pyexpat
 DEBUG root [0x00002198] [2018-07-30 16:54:09,647] - Script::uninstall_py_dlls(): PyInit__socket
 DEBUG root [0x00002198] [2018-07-30 16:54:09,647] - Script::uninstall_py_dlls(): PyInit__ssl
 DEBUG root [0x00002198] [2018-07-30 16:54:09,647] - Script::uninstall_py_dlls(): PyInit__hashlib
 DEBUG root [0x00002198] [2018-07-30 16:54:09,647] - Script::uninstall_py_dlls(): PyInit_select
 DEBUG root [0x00002198] [2018-07-30 16:54:09,648] - Script::uninstall_py_dlls(): PyInit__ctypes
 DEBUG root [0x00002198] [2018-07-30 16:54:09,648] - Script::uninstall_py_dlls(): PyInit__elementtree
 DEBUG root [0x00002198] [2018-07-30 16:54:09,648] - Script::uninstall_py_dlls(): PyInit_unicodedata
  INFO root [0x00002198] [2018-07-30 16:54:09,663] - Script::uninstall(): is successfully!
 DEBUG root [0x00002198] [2018-07-30 16:54:09,664] - ThreadPool::destroy(): starting size 2.
  WARN root [0x00002198] [2018-07-30 16:54:09,964] - ThreadPool::destroy(): waiting for thread(2)[0x2766e48,0x2766760,], try=1
 DEBUG root [0x00002198] [2018-07-30 16:54:10,366] - TPThread::~TPThread(): 0x2766e48
 DEBUG root [0x00002198] [2018-07-30 16:54:10,366] - TPThread::~TPThread(): 0x2766760
 DEBUG root [0x00002198] [2018-07-30 16:54:10,366] - ThreadPool::destroy(): successfully!
 DEBUG root [0x00002198] [2018-07-30 16:54:10,367] - Bundle::destroyObjPool(): size 15.
 DEBUG root [0x00002198] [2018-07-30 16:54:10,367] - Channel::destroyObjPool(): size 15.
 DEBUG root [0x00002198] [2018-07-30 16:54:10,367] - TCPPacket::destroyObjPool(): size 0.
 DEBUG root [0x00002198] [2018-07-30 16:54:10,367] - UDPPacket::destroyObjPool(): size 14.
 DEBUG root [0x00002198] [2018-07-30 16:54:10,367] - EndPoint::destroyObjPool(): size 15.
 DEBUG root [0x00002198] [2018-07-30 16:54:10,368] - Address::destroyObjPool(): size 0.
 DEBUG root [0x00002198] [2018-07-30 16:54:10,368] - TCPPacketReceiver::destroyObjPool(): size 0.
 DEBUG root [0x00002198] [2018-07-30 16:54:10,368] - UDPPacketReceiver::destroyObjPool(): size 0.
  WARN root [0x00002198] [2018-07-30 16:54:10,368] - Forwarding logs to logger[10.139.66.192:31649/0/0/0]...
  INFO root [0x00002198] [2018-07-30 16:54:16,884] - EventDispatcher()::~EventDispatcher: Num timers = 1
  INFO root [0x000027c8] [2018-07-30 16:54:52,450] - 
  INFO root [0x000027c8] [2018-07-30 16:54:52,451] - -----------------------------------------------------------------------------------------


  INFO root [0x000027c8] [2018-07-30 16:54:52,452] - Resmgr::initialize: KBE_ROOT=D:/kbengine/
  INFO root [0x000027c8] [2018-07-30 16:54:52,452] - Resmgr::initialize: KBE_RES_PATH=D:/kbengine/kbe/res/;D:/kbengine/assets_Battle of Gods/;D:/kbengine/assets_Battle of Gods/scripts/;D:/kbengine/assets_Battle of Gods/res/
  INFO root [0x000027c8] [2018-07-30 16:54:52,452] - Resmgr::initialize: KBE_BIN_PATH=D:/kbengine/kbe/bin/server/
  INFO root [0x000027c8] [2018-07-30 16:54:52,459] - NetworkInterface::initialize(EXTERNAL): bound to all interfaces with default route interface on 10.139.66.192 ( 10.139.66.192:20015 )
  INFO root [0x000027c8] [2018-07-30 16:54:52,459] - NetworkInterface::initialize(EXTERNAL): address 10.139.66.192:20015, SOMAXCONN=128.
  INFO root [0x000027c8] [2018-07-30 16:54:52,472] - NetworkInterface::initialize(INTERNAL): bound to all interfaces with default route interface on 10.139.66.192 ( 10.139.66.192:31809 )
  INFO root [0x000027c8] [2018-07-30 16:54:52,473] - NetworkInterface::initialize(INTERNAL): address 10.139.66.192:31809, SOMAXCONN=128.
  INFO root [0x000027c8] [2018-07-30 16:54:52,473] - server-configs:
  INFO root [0x000027c8] [2018-07-30 16:54:52,473] - 	gameUpdateHertz : 10
  INFO root [0x000027c8] [2018-07-30 16:54:52,473] - 	entryScriptFile : kbemain
  INFO root [0x000027c8] [2018-07-30 16:54:52,473] - 	internalAddr : 10.139.66.192:31809
  INFO root [0x000027c8] [2018-07-30 16:54:52,473] - 	externalAddr : 10.139.66.192:20015
  INFO root [0x000027c8] [2018-07-30 16:54:52,473] - 	componentID : 7001
  INFO root [0x000027c8] [2018-07-30 16:54:52,936] - Components::findLogger: found logger, addr:10.139.66.192:31804
  INFO root [0x000027c8] [2018-07-30 16:54:52,936] - Components::addComponent: reset orderLog, uid=10103!
  INFO root [0x000027c8] [2018-07-30 16:54:52,937] - Components::addComponent[logger], uid=10103, componentID=2000, globalorderid=1, grouporderid=1, totalcount=1
  INFO root [0x000027c8] [2018-07-30 16:54:52,954] - ---- baseapp Version: 2.0.0. ScriptVersion: 0.1.0. Protocol: F9DFFB319FBADF35943ADF4D42C4718C. Config: Debug X86. Built: 16:27:53 Apr 30 2018. AppID: 7001. UID: 10103. PID: 14196 ----
  INFO root [0x000027c8] [2018-07-30 16:54:52,955] - Server : Intel(R) Core(TM) i7-6700HQ CPU @ 2.60GHz with 2097151kB RAM
  INFO root [0x000027c8] [2018-07-30 16:54:52,956] - ThreadPool::createThreadPool: creating  threadpool...
  INFO root [0x000027c8] [2018-07-30 16:54:52,957] - ThreadPool::createThreadPool: successfully(2), newThreadCount=1, normalMaxThreadCount=2, maxThreadCount=8
 DEBUG root [0x000027c8] [2018-07-30 16:54:53,112] - Script::install_py_dlls(): PyInit_pyexpat
 DEBUG root [0x000027c8] [2018-07-30 16:54:53,113] - Script::install_py_dlls(): PyInit__socket
 DEBUG root [0x000027c8] [2018-07-30 16:54:53,113] - Script::install_py_dlls(): PyInit__ssl
 DEBUG root [0x000027c8] [2018-07-30 16:54:53,118] - Script::install_py_dlls(): PyInit__hashlib
 DEBUG root [0x000027c8] [2018-07-30 16:54:53,118] - Script::install_py_dlls(): PyInit_select
 DEBUG root [0x000027c8] [2018-07-30 16:54:53,119] - Script::install_py_dlls(): PyInit__ctypes
 DEBUG root [0x000027c8] [2018-07-30 16:54:53,119] - Script::install_py_dlls(): PyInit__elementtree
 DEBUG root [0x000027c8] [2018-07-30 16:54:53,192] - Script::install_py_dlls(): PyInit_unicodedata
  INFO root [0x000027c8] [2018-07-30 16:54:53,250] - Script::install(): is successfully, Python=(3.4.2 (default, Apr 30 2018, 16:27:27) [MSC v.1900 32 bit (Intel)])!
  INFO root [0x000027c8] [2018-07-30 16:54:53,250] - Script::install(): KBExtra is successfully!
 ERROR root [0x000027c8] [2018-07-30 16:54:53,263] - DataTypes::getDataType:not found type AVATAR_INFO.
 ERROR root [0x000027c8] [2018-07-30 16:54:53,263] - FixedArrayType::initialize: key[ARRAY] did not find type[AVATAR_INFO]!
 ERROR root [0x000027c8] [2018-07-30 16:54:53,264] - DataTypes::loadTypes: parse ARRAY [AVATAR_LISTINFO] error!
 ERROR root [0x000027c8] [2018-07-30 16:54:53,264] - app::initialize(): initialization failed!
 DEBUG root [0x000027c8] [2018-07-30 16:54:53,264] - Script::uninstall_py_dlls(): PyInit_pyexpat
 DEBUG root [0x000027c8] [2018-07-30 16:54:53,265] - Script::uninstall_py_dlls(): PyInit__socket
 DEBUG root [0x000027c8] [2018-07-30 16:54:53,265] - Script::uninstall_py_dlls(): PyInit__ssl
 DEBUG root [0x000027c8] [2018-07-30 16:54:53,265] - Script::uninstall_py_dlls(): PyInit__hashlib
 DEBUG root [0x000027c8] [2018-07-30 16:54:53,265] - Script::uninstall_py_dlls(): PyInit_select
 DEBUG root [0x000027c8] [2018-07-30 16:54:53,265] - Script::uninstall_py_dlls(): PyInit__ctypes
 DEBUG root [0x000027c8] [2018-07-30 16:54:53,265] - Script::uninstall_py_dlls(): PyInit__elementtree
 DEBUG root [0x000027c8] [2018-07-30 16:54:53,265] - Script::uninstall_py_dlls(): PyInit_unicodedata
  INFO root [0x000027c8] [2018-07-30 16:54:53,276] - Script::uninstall(): is successfully!
 DEBUG root [0x000027c8] [2018-07-30 16:54:53,276] - ThreadPool::destroy(): starting size 2.
  WARN root [0x000027c8] [2018-07-30 16:54:53,578] - ThreadPool::destroy(): waiting for thread(2)[0x1d6d48,0x1d6938,], try=1
 DEBUG root [0x000027c8] [2018-07-30 16:54:53,980] - TPThread::~TPThread(): 0x1d6d48
 DEBUG root [0x000027c8] [2018-07-30 16:54:53,980] - TPThread::~TPThread(): 0x1d6938
 DEBUG root [0x000027c8] [2018-07-30 16:54:53,980] - ThreadPool::destroy(): successfully!
 DEBUG root [0x000027c8] [2018-07-30 16:54:53,981] - Bundle::destroyObjPool(): size 15.
 DEBUG root [0x000027c8] [2018-07-30 16:54:53,981] - Channel::destroyObjPool(): size 15.
 DEBUG root [0x000027c8] [2018-07-30 16:54:53,982] - TCPPacket::destroyObjPool(): size 0.
 DEBUG root [0x000027c8] [2018-07-30 16:54:53,982] - UDPPacket::destroyObjPool(): size 14.
 DEBUG root [0x000027c8] [2018-07-30 16:54:53,982] - EndPoint::destroyObjPool(): size 15.
 DEBUG root [0x000027c8] [2018-07-30 16:54:53,982] - Address::destroyObjPool(): size 0.
 DEBUG root [0x000027c8] [2018-07-30 16:54:53,982] - TCPPacketReceiver::destroyObjPool(): size 0.
 DEBUG root [0x000027c8] [2018-07-30 16:54:53,982] - UDPPacketReceiver::destroyObjPool(): size 0.
  WARN root [0x000027c8] [2018-07-30 16:54:53,982] - Forwarding logs to logger[10.139.66.192:31804/0/0/0]...
  INFO root [0x000027c8] [2018-07-30 16:55:00,497] - EventDispatcher()::~EventDispatcher: Num timers = 1
  INFO root [0x000035b0] [2018-07-30 16:55:35,426] - 
  INFO root [0x000035b0] [2018-07-30 16:55:35,428] - -----------------------------------------------------------------------------------------


  INFO root [0x000035b0] [2018-07-30 16:55:35,429] - Resmgr::initialize: KBE_ROOT=D:/kbengine/
  INFO root [0x000035b0] [2018-07-30 16:55:35,430] - Resmgr::initialize: KBE_RES_PATH=D:/kbengine/kbe/res/;D:/kbengine/assets_Battle of Gods/;D:/kbengine/assets_Battle of Gods/scripts/;D:/kbengine/assets_Battle of Gods/res/
  INFO root [0x000035b0] [2018-07-30 16:55:35,430] - Resmgr::initialize: KBE_BIN_PATH=D:/kbengine/kbe/bin/server/
  INFO root [0x000035b0] [2018-07-30 16:55:35,439] - NetworkInterface::initialize(EXTERNAL): bound to all interfaces with default route interface on 10.139.66.192 ( 10.139.66.192:20015 )
  INFO root [0x000035b0] [2018-07-30 16:55:35,439] - NetworkInterface::initialize(EXTERNAL): address 10.139.66.192:20015, SOMAXCONN=128.
  INFO root [0x000035b0] [2018-07-30 16:55:35,454] - NetworkInterface::initialize(INTERNAL): bound to all interfaces with default route interface on 10.139.66.192 ( 10.139.66.192:31962 )
  INFO root [0x000035b0] [2018-07-30 16:55:35,455] - NetworkInterface::initialize(INTERNAL): address 10.139.66.192:31962, SOMAXCONN=128.
  INFO root [0x000035b0] [2018-07-30 16:55:35,455] - server-configs:
  INFO root [0x000035b0] [2018-07-30 16:55:35,455] - 	gameUpdateHertz : 10
  INFO root [0x000035b0] [2018-07-30 16:55:35,456] - 	entryScriptFile : kbemain
  INFO root [0x000035b0] [2018-07-30 16:55:35,456] - 	internalAddr : 10.139.66.192:31962
  INFO root [0x000035b0] [2018-07-30 16:55:35,456] - 	externalAddr : 10.139.66.192:20015
  INFO root [0x000035b0] [2018-07-30 16:55:35,456] - 	componentID : 7001
  INFO root [0x000035b0] [2018-07-30 16:55:35,898] - Components::findLogger: found logger, addr:10.139.66.192:31956
  INFO root [0x000035b0] [2018-07-30 16:55:35,898] - Components::addComponent: reset orderLog, uid=10103!
  INFO root [0x000035b0] [2018-07-30 16:55:35,899] - Components::addComponent[logger], uid=10103, componentID=2000, globalorderid=1, grouporderid=1, totalcount=1
  INFO root [0x000035b0] [2018-07-30 16:55:35,916] - ---- baseapp Version: 2.0.0. ScriptVersion: 0.1.0. Protocol: F9DFFB319FBADF35943ADF4D42C4718C. Config: Debug X86. Built: 16:27:53 Apr 30 2018. AppID: 7001. UID: 10103. PID: 14872 ----
  INFO root [0x000035b0] [2018-07-30 16:55:35,916] - Server : Intel(R) Core(TM) i7-6700HQ CPU @ 2.60GHz with 2097151kB RAM
  INFO root [0x000035b0] [2018-07-30 16:55:35,917] - ThreadPool::createThreadPool: creating  threadpool...
  INFO root [0x000035b0] [2018-07-30 16:55:35,917] - ThreadPool::createThreadPool: successfully(2), newThreadCount=1, normalMaxThreadCount=2, maxThreadCount=8
 DEBUG root [0x000035b0] [2018-07-30 16:55:36,076] - Script::install_py_dlls(): PyInit_pyexpat
 DEBUG root [0x000035b0] [2018-07-30 16:55:36,077] - Script::install_py_dlls(): PyInit__socket
 DEBUG root [0x000035b0] [2018-07-30 16:55:36,078] - Script::install_py_dlls(): PyInit__ssl
 DEBUG root [0x000035b0] [2018-07-30 16:55:36,083] - Script::install_py_dlls(): PyInit__hashlib
 DEBUG root [0x000035b0] [2018-07-30 16:55:36,083] - Script::install_py_dlls(): PyInit_select
 DEBUG root [0x000035b0] [2018-07-30 16:55:36,083] - Script::install_py_dlls(): PyInit__ctypes
 DEBUG root [0x000035b0] [2018-07-30 16:55:36,083] - Script::install_py_dlls(): PyInit__elementtree
 DEBUG root [0x000035b0] [2018-07-30 16:55:36,142] - Script::install_py_dlls(): PyInit_unicodedata
  INFO root [0x000035b0] [2018-07-30 16:55:36,216] - Script::install(): is successfully, Python=(3.4.2 (default, Apr 30 2018, 16:27:27) [MSC v.1900 32 bit (Intel)])!
  INFO root [0x000035b0] [2018-07-30 16:55:36,216] - Script::install(): KBExtra is successfully!
 ERROR root [0x000035b0] [2018-07-30 16:55:36,349] - EntityDef::initialize: Could not load EntityModule[Account]
 S_ERR root [0x000035b0] [2018-07-30 16:55:36,350] -   File "D:/kbengine/assets_Battle of Gods/scripts/base\Account.py", line 11
    for key in self.AvatarList
                             ^
SyntaxError: invalid syntax
 ERROR root [0x000035b0] [2018-07-30 16:55:36,351] - app::initialize(): initialization failed!
 DEBUG root [0x000035b0] [2018-07-30 16:55:36,352] - Script::uninstall_py_dlls(): PyInit_pyexpat
 DEBUG root [0x000035b0] [2018-07-30 16:55:36,353] - Script::uninstall_py_dlls(): PyInit__socket
 DEBUG root [0x000035b0] [2018-07-30 16:55:36,353] - Script::uninstall_py_dlls(): PyInit__ssl
 DEBUG root [0x000035b0] [2018-07-30 16:55:36,353] - Script::uninstall_py_dlls(): PyInit__hashlib
 DEBUG root [0x000035b0] [2018-07-30 16:55:36,353] - Script::uninstall_py_dlls(): PyInit_select
 DEBUG root [0x000035b0] [2018-07-30 16:55:36,353] - Script::uninstall_py_dlls(): PyInit__ctypes
 DEBUG root [0x000035b0] [2018-07-30 16:55:36,353] - Script::uninstall_py_dlls(): PyInit__elementtree
 DEBUG root [0x000035b0] [2018-07-30 16:55:36,354] - Script::uninstall_py_dlls(): PyInit_unicodedata
  INFO root [0x000035b0] [2018-07-30 16:55:36,370] - Script::uninstall(): is successfully!
 DEBUG root [0x000035b0] [2018-07-30 16:55:36,371] - ThreadPool::destroy(): starting size 2.
  WARN root [0x000035b0] [2018-07-30 16:55:36,672] - ThreadPool::destroy(): waiting for thread(2)[0x26c70a8,0x26c7248,], try=1
 DEBUG root [0x000035b0] [2018-07-30 16:55:37,074] - TPThread::~TPThread(): 0x26c70a8
 DEBUG root [0x000035b0] [2018-07-30 16:55:37,074] - TPThread::~TPThread(): 0x26c7248
 DEBUG root [0x000035b0] [2018-07-30 16:55:37,074] - ThreadPool::destroy(): successfully!
 DEBUG root [0x000035b0] [2018-07-30 16:55:37,075] - Bundle::destroyObjPool(): size 0.
 DEBUG root [0x000035b0] [2018-07-30 16:55:37,076] - Channel::destroyObjPool(): size 15.
 DEBUG root [0x000035b0] [2018-07-30 16:55:37,076] - TCPPacket::destroyObjPool(): size 0.
 DEBUG root [0x000035b0] [2018-07-30 16:55:37,076] - UDPPacket::destroyObjPool(): size 14.
 DEBUG root [0x000035b0] [2018-07-30 16:55:37,076] - EndPoint::destroyObjPool(): size 15.
 DEBUG root [0x000035b0] [2018-07-30 16:55:37,077] - Address::destroyObjPool(): size 0.
 DEBUG root [0x000035b0] [2018-07-30 16:55:37,077] - TCPPacketReceiver::destroyObjPool(): size 0.
 DEBUG root [0x000035b0] [2018-07-30 16:55:37,077] - UDPPacketReceiver::destroyObjPool(): size 0.
  WARN root [0x000035b0] [2018-07-30 16:55:37,077] - Forwarding logs to logger[10.139.66.192:31956/0/0/0]...
  INFO root [0x000035b0] [2018-07-30 16:55:43,594] - EventDispatcher()::~EventDispatcher: Num timers = 1
  INFO root [0x00000e8c] [2018-07-30 16:56:01,572] - 
  INFO root [0x00000e8c] [2018-07-30 16:56:01,573] - -----------------------------------------------------------------------------------------


  INFO root [0x00000e8c] [2018-07-30 16:56:01,574] - Resmgr::initialize: KBE_ROOT=D:/kbengine/
  INFO root [0x00000e8c] [2018-07-30 16:56:01,574] - Resmgr::initialize: KBE_RES_PATH=D:/kbengine/kbe/res/;D:/kbengine/assets_Battle of Gods/;D:/kbengine/assets_Battle of Gods/scripts/;D:/kbengine/assets_Battle of Gods/res/
  INFO root [0x00000e8c] [2018-07-30 16:56:01,574] - Resmgr::initialize: KBE_BIN_PATH=D:/kbengine/kbe/bin/server/
  INFO root [0x00000e8c] [2018-07-30 16:56:01,584] - NetworkInterface::initialize(EXTERNAL): bound to all interfaces with default route interface on 10.139.66.192 ( 10.139.66.192:20015 )
  INFO root [0x00000e8c] [2018-07-30 16:56:01,585] - NetworkInterface::initialize(EXTERNAL): address 10.139.66.192:20015, SOMAXCONN=128.
  INFO root [0x00000e8c] [2018-07-30 16:56:01,605] - NetworkInterface::initialize(INTERNAL): bound to all interfaces with default route interface on 10.139.66.192 ( 10.139.66.192:32066 )
  INFO root [0x00000e8c] [2018-07-30 16:56:01,606] - NetworkInterface::initialize(INTERNAL): address 10.139.66.192:32066, SOMAXCONN=128.
  INFO root [0x00000e8c] [2018-07-30 16:56:01,606] - server-configs:
  INFO root [0x00000e8c] [2018-07-30 16:56:01,606] - 	gameUpdateHertz : 10
  INFO root [0x00000e8c] [2018-07-30 16:56:01,606] - 	entryScriptFile : kbemain
  INFO root [0x00000e8c] [2018-07-30 16:56:01,607] - 	internalAddr : 10.139.66.192:32066
  INFO root [0x00000e8c] [2018-07-30 16:56:01,607] - 	externalAddr : 10.139.66.192:20015
  INFO root [0x00000e8c] [2018-07-30 16:56:01,607] - 	componentID : 7001
  INFO root [0x00000e8c] [2018-07-30 16:56:01,989] - Components::findLogger: found logger, addr:10.139.66.192:32060
  INFO root [0x00000e8c] [2018-07-30 16:56:01,989] - Components::addComponent: reset orderLog, uid=10103!
  INFO root [0x00000e8c] [2018-07-30 16:56:01,990] - Components::addComponent[logger], uid=10103, componentID=2000, globalorderid=1, grouporderid=1, totalcount=1
  INFO root [0x00000e8c] [2018-07-30 16:56:02,028] - ---- baseapp Version: 2.0.0. ScriptVersion: 0.1.0. Protocol: F9DFFB319FBADF35943ADF4D42C4718C. Config: Debug X86. Built: 16:27:53 Apr 30 2018. AppID: 7001. UID: 10103. PID: 14888 ----
  INFO root [0x00000e8c] [2018-07-30 16:56:02,030] - Server : Intel(R) Core(TM) i7-6700HQ CPU @ 2.60GHz with 2097151kB RAM
  INFO root [0x00000e8c] [2018-07-30 16:56:02,031] - ThreadPool::createThreadPool: creating  threadpool...
  INFO root [0x00000e8c] [2018-07-30 16:56:02,031] - ThreadPool::createThreadPool: successfully(2), newThreadCount=1, normalMaxThreadCount=2, maxThreadCount=8
 DEBUG root [0x00000e8c] [2018-07-30 16:56:02,177] - Script::install_py_dlls(): PyInit_pyexpat
 DEBUG root [0x00000e8c] [2018-07-30 16:56:02,178] - Script::install_py_dlls(): PyInit__socket
 DEBUG root [0x00000e8c] [2018-07-30 16:56:02,178] - Script::install_py_dlls(): PyInit__ssl
 DEBUG root [0x00000e8c] [2018-07-30 16:56:02,183] - Script::install_py_dlls(): PyInit__hashlib
 DEBUG root [0x00000e8c] [2018-07-30 16:56:02,184] - Script::install_py_dlls(): PyInit_select
 DEBUG root [0x00000e8c] [2018-07-30 16:56:02,184] - Script::install_py_dlls(): PyInit__ctypes
 DEBUG root [0x00000e8c] [2018-07-30 16:56:02,185] - Script::install_py_dlls(): PyInit__elementtree
 DEBUG root [0x00000e8c] [2018-07-30 16:56:02,259] - Script::install_py_dlls(): PyInit_unicodedata
  INFO root [0x00000e8c] [2018-07-30 16:56:02,326] - Script::install(): is successfully, Python=(3.4.2 (default, Apr 30 2018, 16:27:27) [MSC v.1900 32 bit (Intel)])!
  INFO root [0x00000e8c] [2018-07-30 16:56:02,326] - Script::install(): KBExtra is successfully!
 DEBUG root [0x00000e8c] [2018-07-30 16:56:02,490] - loaded entity-script:Account(1).
 DEBUG root [0x00000e8c] [2018-07-30 16:56:02,539] - loaded entity-script:Avatar(2).
 DEBUG root [0x00000e8c] [2018-07-30 16:56:02,743] - loaded entity-script:Equipment(3).
 DEBUG root [0x00000e8c] [2018-07-30 16:56:02,788] - loaded entity-script:Chat(4).
  INFO root [0x00000e8c] [2018-07-30 16:56:02,788] - Baseapp::initializeEnd: started resmgr tick(60s)!
  INFO root [0x00000e8c] [2018-07-30 16:56:02,789] - TelnetServer server is running on port 40000
  INFO root [0x00000e8c] [2018-07-30 16:56:03,484] - ---- baseapp is running ----
 DEBUG root [0x00000e8c] [2018-07-30 16:56:03,485] - Components::process(): Request for the process of identity...
  WARN root [0x00000e8c] [2018-07-30 16:56:09,771] - Forwarding logs to logger[10.139.66.192:32060/0/0/0]...
