  INFO root [0x00003350] [2018-07-09 08:19:51,674] - 
  INFO root [0x00003350] [2018-07-09 08:19:51,674] - -----------------------------------------------------------------------------------------


  INFO root [0x00003350] [2018-07-09 08:19:51,674] - Resmgr::initialize: KBE_ROOT=D:/kbengine/
  INFO root [0x00003350] [2018-07-09 08:19:51,674] - Resmgr::initialize: KBE_RES_PATH=D:/kbengine/kbe/res/;D:/kbengine/assets_Battle of Gods/;D:/kbengine/assets_Battle of Gods/scripts/;D:/kbengine/assets_Battle of Gods/res/
  INFO root [0x00003350] [2018-07-09 08:19:51,674] - Resmgr::initialize: KBE_BIN_PATH=D:/kbengine/kbe/bin/server/
  INFO root [0x00003350] [2018-07-09 08:19:51,690] - NetworkInterface::initialize(EXTERNAL): bound to all interfaces with default route interface on 10.3.16.255 ( 10.3.16.255:20015 )
  INFO root [0x00003350] [2018-07-09 08:19:51,690] - NetworkInterface::initialize(EXTERNAL): address 10.3.16.255:20015, SOMAXCONN=128.
  INFO root [0x00003350] [2018-07-09 08:19:51,690] - NetworkInterface::initialize(INTERNAL): bound to all interfaces with default route interface on 10.3.16.255 ( 10.3.16.255:12900 )
  INFO root [0x00003350] [2018-07-09 08:19:51,690] - NetworkInterface::initialize(INTERNAL): address 10.3.16.255:12900, SOMAXCONN=128.
  INFO root [0x00003350] [2018-07-09 08:19:51,690] - server-configs:
  INFO root [0x00003350] [2018-07-09 08:19:51,690] - 	gameUpdateHertz : 10
  INFO root [0x00003350] [2018-07-09 08:19:51,690] - 	entryScriptFile : kbemain
  INFO root [0x00003350] [2018-07-09 08:19:51,690] - 	internalAddr : 10.3.16.255:12900
  INFO root [0x00003350] [2018-07-09 08:19:51,690] - 	externalAddr : 10.3.16.255:20015
  INFO root [0x00003350] [2018-07-09 08:19:51,690] - 	componentID : 7001
  INFO root [0x00003350] [2018-07-09 08:19:51,909] - Components::findLogger: found logger, addr:10.3.16.255:12866
  INFO root [0x00003350] [2018-07-09 08:19:51,909] - Components::addComponent: reset orderLog, uid=10103!
  INFO root [0x00003350] [2018-07-09 08:19:51,909] - Components::addComponent[logger], uid=10103, componentID=2000, globalorderid=1, grouporderid=1, totalcount=1
  INFO root [0x00003350] [2018-07-09 08:19:51,924] - ---- baseapp Version: 2.0.0. ScriptVersion: 0.1.0. Protocol: F9DFFB319FBADF35943ADF4D42C4718C. Config: Debug X86. Built: 16:27:53 Apr 30 2018. AppID: 7001. UID: 10103. PID: 15628 ----
  INFO root [0x00003350] [2018-07-09 08:19:51,924] - Server : Intel(R) Core(TM) i7-6700HQ CPU @ 2.60GHz with 2097151kB RAM
  INFO root [0x00003350] [2018-07-09 08:19:51,924] - ThreadPool::createThreadPool: creating  threadpool...
  INFO root [0x00003350] [2018-07-09 08:19:51,924] - ThreadPool::createThreadPool: successfully(2), newThreadCount=1, normalMaxThreadCount=2, maxThreadCount=8
 DEBUG root [0x00003350] [2018-07-09 08:19:52,065] - Script::install_py_dlls(): PyInit_pyexpat
 DEBUG root [0x00003350] [2018-07-09 08:19:52,065] - Script::install_py_dlls(): PyInit__socket
 DEBUG root [0x00003350] [2018-07-09 08:19:52,065] - Script::install_py_dlls(): PyInit__ssl
 DEBUG root [0x00003350] [2018-07-09 08:19:52,065] - Script::install_py_dlls(): PyInit__hashlib
 DEBUG root [0x00003350] [2018-07-09 08:19:52,065] - Script::install_py_dlls(): PyInit_select
 DEBUG root [0x00003350] [2018-07-09 08:19:52,080] - Script::install_py_dlls(): PyInit__ctypes
 DEBUG root [0x00003350] [2018-07-09 08:19:52,080] - Script::install_py_dlls(): PyInit__elementtree
 DEBUG root [0x00003350] [2018-07-09 08:19:52,112] - Script::install_py_dlls(): PyInit_unicodedata
  INFO root [0x00003350] [2018-07-09 08:19:52,159] - Script::install(): is successfully, Python=(3.4.2 (default, Apr 30 2018, 16:27:27) [MSC v.1900 32 bit (Intel)])!
  INFO root [0x00003350] [2018-07-09 08:19:52,159] - Script::install(): KBExtra is successfully!
 DEBUG root [0x00003350] [2018-07-09 08:19:52,658] - loaded entity-script:Account(1).
 DEBUG root [0x00003350] [2018-07-09 08:19:53,033] - loaded entity-script:Equipment(2).
 DEBUG root [0x00003350] [2018-07-09 08:19:53,049] - loaded entity-script:Chat(3).
  INFO root [0x00003350] [2018-07-09 08:19:53,049] - Baseapp::initializeEnd: started resmgr tick(60s)!
  INFO root [0x00003350] [2018-07-09 08:19:53,049] - TelnetServer server is running on port 40000
  INFO root [0x00003350] [2018-07-09 08:19:53,502] - ---- baseapp is running ----
 DEBUG root [0x00003350] [2018-07-09 08:19:53,502] - Components::process(): Request for the process of identity...
  WARN root [0x00003350] [2018-07-09 08:19:59,846] - Forwarding logs to logger[10.3.16.255:12866/0/0/0]...
 ERROR root [0x00003350] [2018-07-09 08:25:25,835] - Components::removeComponentByChannel: logger : 2000, Abnormal exit! errorno=10054
  INFO root [0x00003350] [2018-07-09 08:25:25,835] - The following logs sent to logger failed:
  WARN root [0x00003350] [2018-07-09 08:25:25,835] - ==> [2018-07-09 08:25:25 834] TCPPacketReceiver::processPendingEvents(10.3.16.255:12866): Throwing REASON_GENERAL_NETWORK - WSAECONNRESET
 ERROR root [0x00003350] [2018-07-09 08:25:25,835] - ==> [2018-07-09 08:25:25 836] Components::removeComponentByChannel: logger : 2000, Abnormal exit! errorno=10054
  WARN root [0x00003350] [2018-07-09 08:25:25,913] - TCPPacketReceiver::processPendingEvents(10.3.16.255:12882): Throwing REASON_GENERAL_NETWORK - WSAECONNRESET
 ERROR root [0x00003350] [2018-07-09 08:25:25,913] - Components::removeComponentByChannel: dbmgr : 4000, Abnormal exit! errorno=10054
  INFO root [0x00003350] [2018-07-09 08:25:25,913] - Shutdowner::onShutdownBegin: shutting down(period=0, tickPeriod=1)
S_INFO root [0x00003350] [2018-07-09 08:25:25,913] - onBaseAppShutDown: state=0
  INFO root [0x00003350] [2018-07-09 08:25:25,913] - Shutdowner::onShutdown: shutting down
S_INFO root [0x00003350] [2018-07-09 08:25:25,913] - onBaseAppShutDown: state=1
  INFO root [0x00003350] [2018-07-09 08:25:25,913] - Shutdowner::onShutdownEnd: shutting down
S_INFO root [0x00003350] [2018-07-09 08:25:25,913] - onBaseAppShutDown: state=2
 ERROR root [0x00003350] [2018-07-09 08:25:25,929] - Equipment::onCellWriteToDBCompleted(1): not found dbmgr!
 ERROR root [0x00003350] [2018-07-09 08:25:25,929] - Entity::onDestroy: not found dbmgr!
 ERROR root [0x00003350] [2018-07-09 08:25:25,929] - Account::onCellWriteToDBCompleted(3): not found dbmgr!
 ERROR root [0x00003350] [2018-07-09 08:25:25,929] - Entity::onDestroy: not found dbmgr!
 ERROR root [0x00003350] [2018-07-09 08:25:25,929] - Account::onCellWriteToDBCompleted(4): not found dbmgr!
 ERROR root [0x00003350] [2018-07-09 08:25:25,929] - Entity::onDestroy: not found dbmgr!
 DEBUG root [0x00003350] [2018-07-09 08:25:25,929] - Account::~Account(): 3
 DEBUG root [0x00003350] [2018-07-09 08:25:25,929] - Account::~Account(): 4
 DEBUG root [0x00003350] [2018-07-09 08:25:25,929] - Chat::~Chat(): 2
 DEBUG root [0x00003350] [2018-07-09 08:25:25,929] - Equipment::~Equipment(): 1
 DEBUG root [0x00003350] [2018-07-09 08:25:25,944] - Script::uninstall_py_dlls(): PyInit_pyexpat
 DEBUG root [0x00003350] [2018-07-09 08:25:25,944] - Script::uninstall_py_dlls(): PyInit__socket
 DEBUG root [0x00003350] [2018-07-09 08:25:25,944] - Script::uninstall_py_dlls(): PyInit__ssl
 DEBUG root [0x00003350] [2018-07-09 08:25:25,944] - Script::uninstall_py_dlls(): PyInit__hashlib
 DEBUG root [0x00003350] [2018-07-09 08:25:25,944] - Script::uninstall_py_dlls(): PyInit_select
 DEBUG root [0x00003350] [2018-07-09 08:25:25,944] - Script::uninstall_py_dlls(): PyInit__ctypes
 DEBUG root [0x00003350] [2018-07-09 08:25:25,944] - Script::uninstall_py_dlls(): PyInit__elementtree
 DEBUG root [0x00003350] [2018-07-09 08:25:25,944] - Script::uninstall_py_dlls(): PyInit_unicodedata
  INFO root [0x00003350] [2018-07-09 08:25:25,944] - Script::uninstall(): is successfully!
 DEBUG root [0x00003350] [2018-07-09 08:25:25,944] - ThreadPool::destroy(): starting size 2.
