  INFO root [0x000005bc] [2018-08-09 10:47:25,709] - 
  INFO root [0x000005bc] [2018-08-09 10:47:25,709] - -----------------------------------------------------------------------------------------


  INFO root [0x000005bc] [2018-08-09 10:47:25,745] - NetworkInterface::initialize(INTERNAL): bound to all interfaces with default route interface on 10.139.89.70 ( 10.139.89.70:5138 )
  INFO root [0x000005bc] [2018-08-09 10:47:25,745] - NetworkInterface::initialize(INTERNAL): address 10.139.89.70:5138, SOMAXCONN=5.
 DEBUG root [0x000005bc] [2018-08-09 10:47:25,891] - Script::install_py_dlls(): PyInit_pyexpat
 DEBUG root [0x000005bc] [2018-08-09 10:47:25,917] - Script::install_py_dlls(): PyInit__socket
 DEBUG root [0x000005bc] [2018-08-09 10:47:25,953] - Script::install_py_dlls(): PyInit__ssl
 DEBUG root [0x000005bc] [2018-08-09 10:47:26,033] - Script::install_py_dlls(): PyInit__hashlib
 DEBUG root [0x000005bc] [2018-08-09 10:47:26,035] - Script::install_py_dlls(): PyInit_select
 DEBUG root [0x000005bc] [2018-08-09 10:47:26,047] - Script::install_py_dlls(): PyInit__ctypes
 DEBUG root [0x000005bc] [2018-08-09 10:47:26,053] - Script::install_py_dlls(): PyInit__elementtree
 DEBUG root [0x000005bc] [2018-08-09 10:47:26,120] - Script::install_py_dlls(): PyInit_unicodedata
  INFO root [0x000005bc] [2018-08-09 10:47:26,225] - Script::install(): is successfully, Python=(3.4.2 (default, May 26 2018, 23:19:51) [MSC v.1913 32 bit (Intel)])!
  INFO root [0x000005bc] [2018-08-09 10:47:26,225] - Script::install(): KBExtra is successfully!
  INFO root [0x000005bc] [2018-08-09 10:47:26,334] - ---- bots Version: 2.0.0. ScriptVersion: 0.1.0. Protocol: FA802B987B4AF922EFCCB0AE4BDC160E. Config: Debug. Built: 23:20:17 May 26 2018. AppID: 6587547159620157440. UID: 21326. PID: 16288 ----
  INFO root [0x000005bc] [2018-08-09 10:47:26,335] - Server : Intel(R) Core(TM) i5-4210H CPU @ 2.90GHz with 2097151kB RAM
  INFO root [0x000005bc] [2018-08-09 10:47:26,335] - ThreadPool::createThreadPool: creating  threadpool...
  INFO root [0x000005bc] [2018-08-09 10:47:26,336] - ThreadPool::createThreadPool: successfully(1), newThreadCount=1, normalMaxThreadCount=1, maxThreadCount=4
 ERROR root [0x000005bc] [2018-08-09 10:47:26,503] - ScriptDefModule::addPropertyDescription: [level] is exist! componentType=5.
 ERROR root [0x000005bc] [2018-08-09 10:47:26,504] - ScriptDefModule::addPropertyDescription: [level] is exist! componentType=7.
 ERROR root [0x000005bc] [2018-08-09 10:47:26,504] - EntityDef::addPropertyDescription(Avatar): D:/kbe/kbengine-2.0.0-preview3/assets_Battle of Gods/scripts/entity_defs/interfaces/Attribute.def.
 ERROR root [0x000005bc] [2018-08-09 10:47:26,505] - EntityDef::initialize: interface[Attribute] error!
 ERROR root [0x000005bc] [2018-08-09 10:47:26,505] - EntityDef::loadDefInfo: failed to load entity:Avatar interface.
 ERROR root [0x000005bc] [2018-08-09 10:47:26,505] - EntityDef::initialize: failed to load entity(Avatar) module!
 ERROR root [0x000005bc] [2018-08-09 10:47:26,506] - app::initialize is error!
 DEBUG root [0x000005bc] [2018-08-09 10:47:26,506] - ThreadPool::destroy(): starting size 1.
  WARN root [0x000005bc] [2018-08-09 10:47:26,807] - ThreadPool::destroy(): waiting for thread(1)[0x222dec8,], try=1
 DEBUG root [0x000005bc] [2018-08-09 10:47:27,208] - TPThread::~TPThread(): 0x222dec8
 DEBUG root [0x000005bc] [2018-08-09 10:47:27,208] - ThreadPool::destroy(): successfully!
 DEBUG root [0x000005bc] [2018-08-09 10:47:27,209] - Bundle::destroyObjPool(): size 4.
 DEBUG root [0x000005bc] [2018-08-09 10:47:27,209] - Channel::destroyObjPool(): size 15.
 DEBUG root [0x000005bc] [2018-08-09 10:47:27,209] - TCPPacket::destroyObjPool(): size 0.
 DEBUG root [0x000005bc] [2018-08-09 10:47:27,209] - UDPPacket::destroyObjPool(): size 0.
 DEBUG root [0x000005bc] [2018-08-09 10:47:27,209] - EndPoint::destroyObjPool(): size 0.
 DEBUG root [0x000005bc] [2018-08-09 10:47:27,209] - Address::destroyObjPool(): size 0.
 DEBUG root [0x000005bc] [2018-08-09 10:47:27,209] - TCPPacketReceiver::destroyObjPool(): size 0.
 DEBUG root [0x000005bc] [2018-08-09 10:47:27,210] - UDPPacketReceiver::destroyObjPool(): size 0.
 S_ERR root [0x000005bc] [2018-08-09 10:47:27,211] - AttributeError: entities
 DEBUG root [0x000005bc] [2018-08-09 10:47:27,212] - Script::uninstall_py_dlls(): PyInit_pyexpat
 DEBUG root [0x000005bc] [2018-08-09 10:47:27,212] - Script::uninstall_py_dlls(): PyInit__socket
 DEBUG root [0x000005bc] [2018-08-09 10:47:27,212] - Script::uninstall_py_dlls(): PyInit__ssl
 DEBUG root [0x000005bc] [2018-08-09 10:47:27,212] - Script::uninstall_py_dlls(): PyInit__hashlib
 DEBUG root [0x000005bc] [2018-08-09 10:47:27,212] - Script::uninstall_py_dlls(): PyInit_select
 DEBUG root [0x000005bc] [2018-08-09 10:47:27,213] - Script::uninstall_py_dlls(): PyInit__ctypes
 DEBUG root [0x000005bc] [2018-08-09 10:47:27,213] - Script::uninstall_py_dlls(): PyInit__elementtree
 DEBUG root [0x000005bc] [2018-08-09 10:47:27,213] - Script::uninstall_py_dlls(): PyInit_unicodedata
  INFO root [0x000005bc] [2018-08-09 10:47:27,236] - Script::uninstall(): is successfully!
  INFO root [0x000005bc] [2018-08-09 10:47:27,237] - EventDispatcher()::~EventDispatcher: Num timers = 1
