  INFO root [0x00001718] [2018-07-15 12:13:34,243] - 
  INFO root [0x00001718] [2018-07-15 12:13:34,243] - -----------------------------------------------------------------------------------------


  INFO root [0x00001718] [2018-07-15 12:13:34,243] - Resmgr::initialize: KBE_ROOT=D:/kbengine/
  INFO root [0x00001718] [2018-07-15 12:13:34,243] - Resmgr::initialize: KBE_RES_PATH=D:/kbengine/kbe/res/;D:/kbengine/assets_Battle of Gods/;D:/kbengine/assets_Battle of Gods/scripts/;D:/kbengine/assets_Battle of Gods/res/
  INFO root [0x00001718] [2018-07-15 12:13:34,243] - Resmgr::initialize: KBE_BIN_PATH=D:/kbengine/kbe/bin/server/
  INFO root [0x00001718] [2018-07-15 12:13:34,258] - NetworkInterface::initialize(INTERNAL): bound to all interfaces with default route interface on 10.139.66.192 ( 10.139.66.192:63477 )
  INFO root [0x00001718] [2018-07-15 12:13:34,258] - NetworkInterface::initialize(INTERNAL): address 10.139.66.192:63477, SOMAXCONN=5.
  INFO root [0x00001718] [2018-07-15 12:13:34,258] - server-configs:
  INFO root [0x00001718] [2018-07-15 12:13:34,258] - 	gameUpdateHertz : 10
  INFO root [0x00001718] [2018-07-15 12:13:34,258] - 	defaultViewRadius : 80
  INFO root [0x00001718] [2018-07-15 12:13:34,258] - 	defaultViewHysteresisArea : 5
  INFO root [0x00001718] [2018-07-15 12:13:34,258] - 	entryScriptFile : kbemain
  INFO root [0x00001718] [2018-07-15 12:13:34,258] - 	internalAddr : 10.139.66.192:63477
  INFO root [0x00001718] [2018-07-15 12:13:34,258] - 	componentID : 8001
  INFO root [0x00001718] [2018-07-15 12:13:34,368] - Components::findLogger: found logger, addr:10.139.66.192:63449
  INFO root [0x00001718] [2018-07-15 12:13:34,368] - Components::addComponent: reset orderLog, uid=10103!
  INFO root [0x00001718] [2018-07-15 12:13:34,368] - Components::addComponent[logger], uid=10103, componentID=2000, globalorderid=1, grouporderid=1, totalcount=1
  INFO root [0x00001718] [2018-07-15 12:13:34,383] - ---- cellapp Version: 2.0.0. ScriptVersion: 0.1.0. Protocol: 85A70C5E64F896E0F1A60BF405B4EB07. Config: Debug X86. Built: 16:28:54 Apr 30 2018. AppID: 8001. UID: 10103. PID: 5292 ----
  INFO root [0x00001718] [2018-07-15 12:13:34,383] - Server : Intel(R) Core(TM) i7-6700HQ CPU @ 2.60GHz with 2097151kB RAM
  INFO root [0x00001718] [2018-07-15 12:13:34,383] - ThreadPool::createThreadPool: creating  threadpool...
  INFO root [0x00001718] [2018-07-15 12:13:34,383] - ThreadPool::createThreadPool: successfully(2), newThreadCount=1, normalMaxThreadCount=2, maxThreadCount=8
 DEBUG root [0x00001718] [2018-07-15 12:13:34,524] - Script::install_py_dlls(): PyInit_pyexpat
 DEBUG root [0x00001718] [2018-07-15 12:13:34,524] - Script::install_py_dlls(): PyInit__socket
 DEBUG root [0x00001718] [2018-07-15 12:13:34,524] - Script::install_py_dlls(): PyInit__ssl
 DEBUG root [0x00001718] [2018-07-15 12:13:34,539] - Script::install_py_dlls(): PyInit__hashlib
 DEBUG root [0x00001718] [2018-07-15 12:13:34,539] - Script::install_py_dlls(): PyInit_select
 DEBUG root [0x00001718] [2018-07-15 12:13:34,539] - Script::install_py_dlls(): PyInit__ctypes
 DEBUG root [0x00001718] [2018-07-15 12:13:34,539] - Script::install_py_dlls(): PyInit__elementtree
 DEBUG root [0x00001718] [2018-07-15 12:13:34,571] - Script::install_py_dlls(): PyInit_unicodedata
  INFO root [0x00001718] [2018-07-15 12:13:34,618] - Script::install(): is successfully, Python=(3.4.2 (default, Apr 30 2018, 16:27:35) [MSC v.1900 32 bit (Intel)])!
  INFO root [0x00001718] [2018-07-15 12:13:34,618] - Script::install(): KBExtra is successfully!
  INFO root [0x00001718] [2018-07-15 12:13:34,742] - TelnetServer server is running on port 50000
  INFO root [0x00001718] [2018-07-15 12:13:35,274] - ---- cellapp is running ----
 DEBUG root [0x00001718] [2018-07-15 12:13:35,274] - Components::process(): Request for the process of identity...
  WARN root [0x00001718] [2018-07-15 12:13:41,603] - Forwarding logs to logger[10.139.66.192:63449/0/0/0]...
 ERROR root [0x00001718] [2018-07-15 12:17:45,543] - Components::removeComponentByChannel: logger : 2000, Abnormal exit! errorno=10054
  INFO root [0x00001718] [2018-07-15 12:17:45,544] - The following logs sent to logger failed:
  WARN root [0x00001718] [2018-07-15 12:17:45,545] - ==> [2018-07-15 12:17:45 543] TCPPacketReceiver::processPendingEvents(10.139.66.192:63449): Throwing REASON_GENERAL_NETWORK - WSAECONNRESET
 ERROR root [0x00001718] [2018-07-15 12:17:45,545] - ==> [2018-07-15 12:17:45 544] Components::removeComponentByChannel: logger : 2000, Abnormal exit! errorno=10054
  WARN root [0x00001718] [2018-07-15 12:17:45,632] - TCPPacketReceiver::processPendingEvents(10.139.66.192:63454): Throwing REASON_GENERAL_NETWORK - WSAECONNRESET
 ERROR root [0x00001718] [2018-07-15 12:17:45,633] - Components::removeComponentByChannel: dbmgr : 4000, Abnormal exit! errorno=10054
  INFO root [0x00001718] [2018-07-15 12:17:45,635] - Shutdowner::onShutdownBegin: shutting down(period=0, tickPeriod=1)
  INFO root [0x00001718] [2018-07-15 12:17:45,635] - Shutdowner::onShutdown: shutting down
  INFO root [0x00001718] [2018-07-15 12:17:45,636] - Shutdowner::onShutdownEnd: shutting down
 DEBUG root [0x00001718] [2018-07-15 12:17:45,637] - EntityRef::destroyObjPool(): size 0.
 DEBUG root [0x00001718] [2018-07-15 12:17:45,637] - Witness::destroyObjPool(): size 0.
 DEBUG root [0x00001718] [2018-07-15 12:17:45,652] - Script::uninstall_py_dlls(): PyInit_pyexpat
 DEBUG root [0x00001718] [2018-07-15 12:17:45,652] - Script::uninstall_py_dlls(): PyInit__socket
 DEBUG root [0x00001718] [2018-07-15 12:17:45,652] - Script::uninstall_py_dlls(): PyInit__ssl
 DEBUG root [0x00001718] [2018-07-15 12:17:45,653] - Script::uninstall_py_dlls(): PyInit__hashlib
 DEBUG root [0x00001718] [2018-07-15 12:17:45,653] - Script::uninstall_py_dlls(): PyInit_select
 DEBUG root [0x00001718] [2018-07-15 12:17:45,653] - Script::uninstall_py_dlls(): PyInit__ctypes
 DEBUG root [0x00001718] [2018-07-15 12:17:45,653] - Script::uninstall_py_dlls(): PyInit__elementtree
 DEBUG root [0x00001718] [2018-07-15 12:17:45,653] - Script::uninstall_py_dlls(): PyInit_unicodedata
  INFO root [0x00001718] [2018-07-15 12:17:45,666] - Script::uninstall(): is successfully!
 DEBUG root [0x00001718] [2018-07-15 12:17:45,667] - ThreadPool::destroy(): starting size 2.
  WARN root [0x00001718] [2018-07-15 12:17:45,968] - ThreadPool::destroy(): waiting for thread(2)[0x1e933c0,0x1e93768,], try=1
