  INFO root [0x00002760] [2018-05-17 22:49:47,532] - 
  INFO root [0x00002760] [2018-05-17 22:49:47,533] - -----------------------------------------------------------------------------------------


  INFO root [0x00002760] [2018-05-17 22:49:47,534] - Resmgr::initialize: KBE_ROOT=D:/kbengine/
  INFO root [0x00002760] [2018-05-17 22:49:47,534] - Resmgr::initialize: KBE_RES_PATH=D:/kbengine/kbe/res/;D:/kbengine/assets_Battle of Gods/;D:/kbengine/assets_Battle of Gods/scripts/;D:/kbengine/assets_Battle of Gods/res/
  INFO root [0x00002760] [2018-05-17 22:49:47,534] - Resmgr::initialize: KBE_BIN_PATH=D:/kbengine/kbe/bin/server/
  INFO root [0x00002760] [2018-05-17 22:49:47,540] - NetworkInterface::initialize(INTERNAL): bound to all interfaces with default route interface on 10.1.9.9 ( 10.1.9.9:26800 )
  INFO root [0x00002760] [2018-05-17 22:49:47,540] - NetworkInterface::initialize(INTERNAL): address 10.1.9.9:26800, SOMAXCONN=5.
  INFO root [0x00002760] [2018-05-17 22:49:47,540] - server-configs:
  INFO root [0x00002760] [2018-05-17 22:49:47,540] - 	gameUpdateHertz : 10
  INFO root [0x00002760] [2018-05-17 22:49:47,541] - 	defaultViewRadius : 80
  INFO root [0x00002760] [2018-05-17 22:49:47,541] - 	defaultViewHysteresisArea : 5
  INFO root [0x00002760] [2018-05-17 22:49:47,541] - 	entryScriptFile : kbemain
  INFO root [0x00002760] [2018-05-17 22:49:47,541] - 	internalAddr : 10.1.9.9:26800
  INFO root [0x00002760] [2018-05-17 22:49:47,541] - 	componentID : 8001
  INFO root [0x00002760] [2018-05-17 22:49:47,553] - Components::findLogger: found logger, addr:10.1.9.9:26776
  INFO root [0x00002760] [2018-05-17 22:49:47,553] - Components::addComponent: reset orderLog, uid=10103!
  INFO root [0x00002760] [2018-05-17 22:49:47,553] - Components::addComponent[logger], uid=10103, componentID=2000, globalorderid=1, grouporderid=1, totalcount=1
  INFO root [0x00002760] [2018-05-17 22:49:47,560] - ---- cellapp Version: 2.0.0. ScriptVersion: 0.1.0. Protocol: 85A70C5E64F896E0F1A60BF405B4EB07. Config: Debug X86. Built: 16:28:54 Apr 30 2018. AppID: 8001. UID: 10103. PID: 8116 ----
  INFO root [0x00002760] [2018-05-17 22:49:47,560] - Server : Intel(R) Core(TM) i7-6700HQ CPU @ 2.60GHz with 2097151kB RAM
  INFO root [0x00002760] [2018-05-17 22:49:47,561] - ThreadPool::createThreadPool: creating  threadpool...
  INFO root [0x00002760] [2018-05-17 22:49:47,561] - ThreadPool::createThreadPool: successfully(2), newThreadCount=1, normalMaxThreadCount=2, maxThreadCount=8
 DEBUG root [0x00002760] [2018-05-17 22:49:47,709] - Script::install_py_dlls(): PyInit_pyexpat
 DEBUG root [0x00002760] [2018-05-17 22:49:47,710] - Script::install_py_dlls(): PyInit__socket
 DEBUG root [0x00002760] [2018-05-17 22:49:47,710] - Script::install_py_dlls(): PyInit__ssl
 DEBUG root [0x00002760] [2018-05-17 22:49:47,714] - Script::install_py_dlls(): PyInit__hashlib
 DEBUG root [0x00002760] [2018-05-17 22:49:47,714] - Script::install_py_dlls(): PyInit_select
 DEBUG root [0x00002760] [2018-05-17 22:49:47,714] - Script::install_py_dlls(): PyInit__ctypes
 DEBUG root [0x00002760] [2018-05-17 22:49:47,715] - Script::install_py_dlls(): PyInit__elementtree
 DEBUG root [0x00002760] [2018-05-17 22:49:47,755] - Script::install_py_dlls(): PyInit_unicodedata
  INFO root [0x00002760] [2018-05-17 22:49:47,794] - Script::install(): is successfully, Python=(3.4.2 (default, Apr 30 2018, 16:27:35) [MSC v.1900 32 bit (Intel)])!
  INFO root [0x00002760] [2018-05-17 22:49:47,794] - Script::install(): KBExtra is successfully!
  INFO root [0x00002760] [2018-05-17 22:49:47,912] - TelnetServer server is running on port 50000
  INFO root [0x00002760] [2018-05-17 22:49:48,406] - ---- cellapp is running ----
 DEBUG root [0x00002760] [2018-05-17 22:49:48,406] - Components::process(): Request for the process of identity...
  WARN root [0x00002760] [2018-05-17 22:49:54,731] - Forwarding logs to logger[10.1.9.9:26776/0/0/0]...
