  INFO root [0x000040d4] [2018-07-30 16:53:16,532] - 
  INFO root [0x000040d4] [2018-07-30 16:53:16,532] - -----------------------------------------------------------------------------------------


  INFO root [0x000040d4] [2018-07-30 16:53:16,534] - Resmgr::initialize: KBE_ROOT=D:/kbengine/
  INFO root [0x000040d4] [2018-07-30 16:53:16,535] - Resmgr::initialize: KBE_RES_PATH=D:/kbengine/kbe/res/;D:/kbengine/assets_Battle of Gods/;D:/kbengine/assets_Battle of Gods/scripts/;D:/kbengine/assets_Battle of Gods/res/
  INFO root [0x000040d4] [2018-07-30 16:53:16,535] - Resmgr::initialize: KBE_BIN_PATH=D:/kbengine/kbe/bin/server/
  INFO root [0x000040d4] [2018-07-30 16:53:16,562] - NetworkInterface::initialize(INTERNAL): bound to all interfaces with default route interface on 10.139.66.192 ( 10.139.66.192:31470 )
  INFO root [0x000040d4] [2018-07-30 16:53:16,563] - NetworkInterface::initialize(INTERNAL): address 10.139.66.192:31470, SOMAXCONN=5.
  INFO root [0x000040d4] [2018-07-30 16:53:16,563] - server-configs:
  INFO root [0x000040d4] [2018-07-30 16:53:16,563] - 	gameUpdateHertz : 10
  INFO root [0x000040d4] [2018-07-30 16:53:16,564] - 	defaultViewRadius : 80
  INFO root [0x000040d4] [2018-07-30 16:53:16,564] - 	defaultViewHysteresisArea : 5
  INFO root [0x000040d4] [2018-07-30 16:53:16,564] - 	entryScriptFile : kbemain
  INFO root [0x000040d4] [2018-07-30 16:53:16,564] - 	internalAddr : 10.139.66.192:31470
  INFO root [0x000040d4] [2018-07-30 16:53:16,564] - 	componentID : 8001
  INFO root [0x000040d4] [2018-07-30 16:53:16,586] - Components::findLogger: found logger, addr:10.139.66.192:31409
  INFO root [0x000040d4] [2018-07-30 16:53:16,586] - Components::addComponent: reset orderLog, uid=10103!
  INFO root [0x000040d4] [2018-07-30 16:53:16,587] - Components::addComponent[logger], uid=10103, componentID=2000, globalorderid=1, grouporderid=1, totalcount=1
  INFO root [0x000040d4] [2018-07-30 16:53:16,609] - ---- cellapp Version: 2.0.0. ScriptVersion: 0.1.0. Protocol: 85A70C5E64F896E0F1A60BF405B4EB07. Config: Debug X86. Built: 16:28:54 Apr 30 2018. AppID: 8001. UID: 10103. PID: 9524 ----
  INFO root [0x000040d4] [2018-07-30 16:53:16,610] - Server : Intel(R) Core(TM) i7-6700HQ CPU @ 2.60GHz with 2097151kB RAM
  INFO root [0x000040d4] [2018-07-30 16:53:16,611] - ThreadPool::createThreadPool: creating  threadpool...
  INFO root [0x000040d4] [2018-07-30 16:53:16,611] - ThreadPool::createThreadPool: successfully(2), newThreadCount=1, normalMaxThreadCount=2, maxThreadCount=8
 DEBUG root [0x000040d4] [2018-07-30 16:53:16,778] - Script::install_py_dlls(): PyInit_pyexpat
 DEBUG root [0x000040d4] [2018-07-30 16:53:16,779] - Script::install_py_dlls(): PyInit__socket
 DEBUG root [0x000040d4] [2018-07-30 16:53:16,779] - Script::install_py_dlls(): PyInit__ssl
 DEBUG root [0x000040d4] [2018-07-30 16:53:16,784] - Script::install_py_dlls(): PyInit__hashlib
 DEBUG root [0x000040d4] [2018-07-30 16:53:16,784] - Script::install_py_dlls(): PyInit_select
 DEBUG root [0x000040d4] [2018-07-30 16:53:16,784] - Script::install_py_dlls(): PyInit__ctypes
 DEBUG root [0x000040d4] [2018-07-30 16:53:16,785] - Script::install_py_dlls(): PyInit__elementtree
 DEBUG root [0x000040d4] [2018-07-30 16:53:16,841] - Script::install_py_dlls(): PyInit_unicodedata
  INFO root [0x000040d4] [2018-07-30 16:53:16,893] - Script::install(): is successfully, Python=(3.4.2 (default, Apr 30 2018, 16:27:35) [MSC v.1900 32 bit (Intel)])!
  INFO root [0x000040d4] [2018-07-30 16:53:16,894] - Script::install(): KBExtra is successfully!
 ERROR root [0x000040d4] [2018-07-30 16:53:16,947] - DataTypes::getDataType:not found type AVATAR_INFO.
 ERROR root [0x000040d4] [2018-07-30 16:53:16,948] - FixedArrayType::initialize: key[ARRAY] did not find type[AVATAR_INFO]!
 ERROR root [0x000040d4] [2018-07-30 16:53:16,948] - DataTypes::loadTypes: parse ARRAY [AVATAR_LISTINFO] error!
 ERROR root [0x000040d4] [2018-07-30 16:53:16,949] - app::initialize(): initialization failed!
 DEBUG root [0x000040d4] [2018-07-30 16:53:16,949] - EntityRef::destroyObjPool(): size 0.
 DEBUG root [0x000040d4] [2018-07-30 16:53:16,950] - Witness::destroyObjPool(): size 0.
 DEBUG root [0x000040d4] [2018-07-30 16:53:16,951] - Script::uninstall_py_dlls(): PyInit_pyexpat
 DEBUG root [0x000040d4] [2018-07-30 16:53:16,951] - Script::uninstall_py_dlls(): PyInit__socket
 DEBUG root [0x000040d4] [2018-07-30 16:53:16,951] - Script::uninstall_py_dlls(): PyInit__ssl
 DEBUG root [0x000040d4] [2018-07-30 16:53:16,951] - Script::uninstall_py_dlls(): PyInit__hashlib
 DEBUG root [0x000040d4] [2018-07-30 16:53:16,952] - Script::uninstall_py_dlls(): PyInit_select
 DEBUG root [0x000040d4] [2018-07-30 16:53:16,952] - Script::uninstall_py_dlls(): PyInit__ctypes
 DEBUG root [0x000040d4] [2018-07-30 16:53:16,952] - Script::uninstall_py_dlls(): PyInit__elementtree
 DEBUG root [0x000040d4] [2018-07-30 16:53:16,952] - Script::uninstall_py_dlls(): PyInit_unicodedata
  INFO root [0x000040d4] [2018-07-30 16:53:16,976] - Script::uninstall(): is successfully!
 DEBUG root [0x000040d4] [2018-07-30 16:53:16,977] - ThreadPool::destroy(): starting size 2.
  WARN root [0x000040d4] [2018-07-30 16:53:17,278] - ThreadPool::destroy(): waiting for thread(2)[0x1ea668,0x1e9f18,], try=1
 DEBUG root [0x000040d4] [2018-07-30 16:53:17,680] - TPThread::~TPThread(): 0x1ea668
 DEBUG root [0x000040d4] [2018-07-30 16:53:17,680] - TPThread::~TPThread(): 0x1e9f18
 DEBUG root [0x000040d4] [2018-07-30 16:53:17,680] - ThreadPool::destroy(): successfully!
 DEBUG root [0x000040d4] [2018-07-30 16:53:17,681] - Bundle::destroyObjPool(): size 14.
 DEBUG root [0x000040d4] [2018-07-30 16:53:17,681] - Channel::destroyObjPool(): size 15.
 DEBUG root [0x000040d4] [2018-07-30 16:53:17,681] - TCPPacket::destroyObjPool(): size 0.
 DEBUG root [0x000040d4] [2018-07-30 16:53:17,682] - UDPPacket::destroyObjPool(): size 14.
 DEBUG root [0x000040d4] [2018-07-30 16:53:17,682] - EndPoint::destroyObjPool(): size 15.
 DEBUG root [0x000040d4] [2018-07-30 16:53:17,682] - Address::destroyObjPool(): size 0.
 DEBUG root [0x000040d4] [2018-07-30 16:53:17,682] - TCPPacketReceiver::destroyObjPool(): size 0.
 DEBUG root [0x000040d4] [2018-07-30 16:53:17,682] - UDPPacketReceiver::destroyObjPool(): size 0.
  WARN root [0x000040d4] [2018-07-30 16:53:17,682] - Forwarding logs to logger[10.139.66.192:31409/0/0/0]...
  INFO root [0x000040d4] [2018-07-30 16:53:24,197] - EventDispatcher()::~EventDispatcher: Num timers = 1
  INFO root [0x00003dd8] [2018-07-30 16:54:09,524] - 
  INFO root [0x00003dd8] [2018-07-30 16:54:09,525] - -----------------------------------------------------------------------------------------


  INFO root [0x00003dd8] [2018-07-30 16:54:09,526] - Resmgr::initialize: KBE_ROOT=D:/kbengine/
  INFO root [0x00003dd8] [2018-07-30 16:54:09,526] - Resmgr::initialize: KBE_RES_PATH=D:/kbengine/kbe/res/;D:/kbengine/assets_Battle of Gods/;D:/kbengine/assets_Battle of Gods/scripts/;D:/kbengine/assets_Battle of Gods/res/
  INFO root [0x00003dd8] [2018-07-30 16:54:09,526] - Resmgr::initialize: KBE_BIN_PATH=D:/kbengine/kbe/bin/server/
  INFO root [0x00003dd8] [2018-07-30 16:54:09,544] - NetworkInterface::initialize(INTERNAL): bound to all interfaces with default route interface on 10.139.66.192 ( 10.139.66.192:31663 )
  INFO root [0x00003dd8] [2018-07-30 16:54:09,544] - NetworkInterface::initialize(INTERNAL): address 10.139.66.192:31663, SOMAXCONN=5.
  INFO root [0x00003dd8] [2018-07-30 16:54:09,544] - server-configs:
  INFO root [0x00003dd8] [2018-07-30 16:54:09,544] - 	gameUpdateHertz : 10
  INFO root [0x00003dd8] [2018-07-30 16:54:09,544] - 	defaultViewRadius : 80
  INFO root [0x00003dd8] [2018-07-30 16:54:09,545] - 	defaultViewHysteresisArea : 5
  INFO root [0x00003dd8] [2018-07-30 16:54:09,545] - 	entryScriptFile : kbemain
  INFO root [0x00003dd8] [2018-07-30 16:54:09,545] - 	internalAddr : 10.139.66.192:31663
  INFO root [0x00003dd8] [2018-07-30 16:54:09,545] - 	componentID : 8001
  INFO root [0x00003dd8] [2018-07-30 16:54:09,642] - Components::findLogger: found logger, addr:10.139.66.192:31649
  INFO root [0x00003dd8] [2018-07-30 16:54:09,642] - Components::addComponent: reset orderLog, uid=10103!
  INFO root [0x00003dd8] [2018-07-30 16:54:09,642] - Components::addComponent[logger], uid=10103, componentID=2000, globalorderid=1, grouporderid=1, totalcount=1
  INFO root [0x00003dd8] [2018-07-30 16:54:09,663] - ---- cellapp Version: 2.0.0. ScriptVersion: 0.1.0. Protocol: 85A70C5E64F896E0F1A60BF405B4EB07. Config: Debug X86. Built: 16:28:54 Apr 30 2018. AppID: 8001. UID: 10103. PID: 6636 ----
  INFO root [0x00003dd8] [2018-07-30 16:54:09,664] - Server : Intel(R) Core(TM) i7-6700HQ CPU @ 2.60GHz with 2097151kB RAM
  INFO root [0x00003dd8] [2018-07-30 16:54:09,664] - ThreadPool::createThreadPool: creating  threadpool...
  INFO root [0x00003dd8] [2018-07-30 16:54:09,665] - ThreadPool::createThreadPool: successfully(2), newThreadCount=1, normalMaxThreadCount=2, maxThreadCount=8
 DEBUG root [0x00003dd8] [2018-07-30 16:54:09,809] - Script::install_py_dlls(): PyInit_pyexpat
 DEBUG root [0x00003dd8] [2018-07-30 16:54:09,810] - Script::install_py_dlls(): PyInit__socket
 DEBUG root [0x00003dd8] [2018-07-30 16:54:09,810] - Script::install_py_dlls(): PyInit__ssl
 DEBUG root [0x00003dd8] [2018-07-30 16:54:09,815] - Script::install_py_dlls(): PyInit__hashlib
 DEBUG root [0x00003dd8] [2018-07-30 16:54:09,815] - Script::install_py_dlls(): PyInit_select
 DEBUG root [0x00003dd8] [2018-07-30 16:54:09,815] - Script::install_py_dlls(): PyInit__ctypes
 DEBUG root [0x00003dd8] [2018-07-30 16:54:09,816] - Script::install_py_dlls(): PyInit__elementtree
 DEBUG root [0x00003dd8] [2018-07-30 16:54:09,874] - Script::install_py_dlls(): PyInit_unicodedata
  INFO root [0x00003dd8] [2018-07-30 16:54:09,934] - Script::install(): is successfully, Python=(3.4.2 (default, Apr 30 2018, 16:27:35) [MSC v.1900 32 bit (Intel)])!
  INFO root [0x00003dd8] [2018-07-30 16:54:09,934] - Script::install(): KBExtra is successfully!
 ERROR root [0x00003dd8] [2018-07-30 16:54:09,943] - DataTypes::getDataType:not found type AVATAR_INFO.
 ERROR root [0x00003dd8] [2018-07-30 16:54:09,944] - FixedArrayType::initialize: key[ARRAY] did not find type[AVATAR_INFO]!
 ERROR root [0x00003dd8] [2018-07-30 16:54:09,944] - DataTypes::loadTypes: parse ARRAY [AVATAR_LISTINFO] error!
 ERROR root [0x00003dd8] [2018-07-30 16:54:09,945] - app::initialize(): initialization failed!
 DEBUG root [0x00003dd8] [2018-07-30 16:54:09,945] - EntityRef::destroyObjPool(): size 0.
 DEBUG root [0x00003dd8] [2018-07-30 16:54:09,946] - Witness::destroyObjPool(): size 0.
 DEBUG root [0x00003dd8] [2018-07-30 16:54:09,946] - Script::uninstall_py_dlls(): PyInit_pyexpat
 DEBUG root [0x00003dd8] [2018-07-30 16:54:09,946] - Script::uninstall_py_dlls(): PyInit__socket
 DEBUG root [0x00003dd8] [2018-07-30 16:54:09,946] - Script::uninstall_py_dlls(): PyInit__ssl
 DEBUG root [0x00003dd8] [2018-07-30 16:54:09,947] - Script::uninstall_py_dlls(): PyInit__hashlib
 DEBUG root [0x00003dd8] [2018-07-30 16:54:09,947] - Script::uninstall_py_dlls(): PyInit_select
 DEBUG root [0x00003dd8] [2018-07-30 16:54:09,947] - Script::uninstall_py_dlls(): PyInit__ctypes
 DEBUG root [0x00003dd8] [2018-07-30 16:54:09,947] - Script::uninstall_py_dlls(): PyInit__elementtree
 DEBUG root [0x00003dd8] [2018-07-30 16:54:09,947] - Script::uninstall_py_dlls(): PyInit_unicodedata
  INFO root [0x00003dd8] [2018-07-30 16:54:09,957] - Script::uninstall(): is successfully!
 DEBUG root [0x00003dd8] [2018-07-30 16:54:09,957] - ThreadPool::destroy(): starting size 2.
  WARN root [0x00003dd8] [2018-07-30 16:54:10,258] - ThreadPool::destroy(): waiting for thread(2)[0x476e0,0x47408,], try=1
 DEBUG root [0x00003dd8] [2018-07-30 16:54:10,660] - TPThread::~TPThread(): 0x476e0
 DEBUG root [0x00003dd8] [2018-07-30 16:54:10,660] - TPThread::~TPThread(): 0x47408
 DEBUG root [0x00003dd8] [2018-07-30 16:54:10,660] - ThreadPool::destroy(): successfully!
 DEBUG root [0x00003dd8] [2018-07-30 16:54:10,661] - Bundle::destroyObjPool(): size 14.
 DEBUG root [0x00003dd8] [2018-07-30 16:54:10,661] - Channel::destroyObjPool(): size 15.
 DEBUG root [0x00003dd8] [2018-07-30 16:54:10,661] - TCPPacket::destroyObjPool(): size 0.
 DEBUG root [0x00003dd8] [2018-07-30 16:54:10,661] - UDPPacket::destroyObjPool(): size 14.
 DEBUG root [0x00003dd8] [2018-07-30 16:54:10,661] - EndPoint::destroyObjPool(): size 15.
 DEBUG root [0x00003dd8] [2018-07-30 16:54:10,662] - Address::destroyObjPool(): size 0.
 DEBUG root [0x00003dd8] [2018-07-30 16:54:10,662] - TCPPacketReceiver::destroyObjPool(): size 0.
 DEBUG root [0x00003dd8] [2018-07-30 16:54:10,662] - UDPPacketReceiver::destroyObjPool(): size 0.
  WARN root [0x00003dd8] [2018-07-30 16:54:10,662] - Forwarding logs to logger[10.139.66.192:31649/0/0/0]...
  INFO root [0x00003dd8] [2018-07-30 16:54:17,179] - EventDispatcher()::~EventDispatcher: Num timers = 1
  INFO root [0x00003a84] [2018-07-30 16:54:52,641] - 
  INFO root [0x00003a84] [2018-07-30 16:54:52,642] - -----------------------------------------------------------------------------------------


  INFO root [0x00003a84] [2018-07-30 16:54:52,643] - Resmgr::initialize: KBE_ROOT=D:/kbengine/
  INFO root [0x00003a84] [2018-07-30 16:54:52,644] - Resmgr::initialize: KBE_RES_PATH=D:/kbengine/kbe/res/;D:/kbengine/assets_Battle of Gods/;D:/kbengine/assets_Battle of Gods/scripts/;D:/kbengine/assets_Battle of Gods/res/
  INFO root [0x00003a84] [2018-07-30 16:54:52,644] - Resmgr::initialize: KBE_BIN_PATH=D:/kbengine/kbe/bin/server/
  INFO root [0x00003a84] [2018-07-30 16:54:52,666] - NetworkInterface::initialize(INTERNAL): bound to all interfaces with default route interface on 10.139.66.192 ( 10.139.66.192:31811 )
  INFO root [0x00003a84] [2018-07-30 16:54:52,667] - NetworkInterface::initialize(INTERNAL): address 10.139.66.192:31811, SOMAXCONN=5.
  INFO root [0x00003a84] [2018-07-30 16:54:52,667] - server-configs:
  INFO root [0x00003a84] [2018-07-30 16:54:52,667] - 	gameUpdateHertz : 10
  INFO root [0x00003a84] [2018-07-30 16:54:52,668] - 	defaultViewRadius : 80
  INFO root [0x00003a84] [2018-07-30 16:54:52,668] - 	defaultViewHysteresisArea : 5
  INFO root [0x00003a84] [2018-07-30 16:54:52,668] - 	entryScriptFile : kbemain
  INFO root [0x00003a84] [2018-07-30 16:54:52,668] - 	internalAddr : 10.139.66.192:31811
  INFO root [0x00003a84] [2018-07-30 16:54:52,668] - 	componentID : 8001
  INFO root [0x00003a84] [2018-07-30 16:54:52,938] - Components::findLogger: found logger, addr:10.139.66.192:31804
  INFO root [0x00003a84] [2018-07-30 16:54:52,938] - Components::addComponent: reset orderLog, uid=10103!
  INFO root [0x00003a84] [2018-07-30 16:54:52,938] - Components::addComponent[logger], uid=10103, componentID=2000, globalorderid=1, grouporderid=1, totalcount=1
  INFO root [0x00003a84] [2018-07-30 16:54:52,957] - ---- cellapp Version: 2.0.0. ScriptVersion: 0.1.0. Protocol: 85A70C5E64F896E0F1A60BF405B4EB07. Config: Debug X86. Built: 16:28:54 Apr 30 2018. AppID: 8001. UID: 10103. PID: 10456 ----
  INFO root [0x00003a84] [2018-07-30 16:54:52,958] - Server : Intel(R) Core(TM) i7-6700HQ CPU @ 2.60GHz with 2097151kB RAM
  INFO root [0x00003a84] [2018-07-30 16:54:52,958] - ThreadPool::createThreadPool: creating  threadpool...
  INFO root [0x00003a84] [2018-07-30 16:54:52,959] - ThreadPool::createThreadPool: successfully(2), newThreadCount=1, normalMaxThreadCount=2, maxThreadCount=8
 DEBUG root [0x00003a84] [2018-07-30 16:54:53,108] - Script::install_py_dlls(): PyInit_pyexpat
 DEBUG root [0x00003a84] [2018-07-30 16:54:53,109] - Script::install_py_dlls(): PyInit__socket
 DEBUG root [0x00003a84] [2018-07-30 16:54:53,109] - Script::install_py_dlls(): PyInit__ssl
 DEBUG root [0x00003a84] [2018-07-30 16:54:53,113] - Script::install_py_dlls(): PyInit__hashlib
 DEBUG root [0x00003a84] [2018-07-30 16:54:53,114] - Script::install_py_dlls(): PyInit_select
 DEBUG root [0x00003a84] [2018-07-30 16:54:53,114] - Script::install_py_dlls(): PyInit__ctypes
 DEBUG root [0x00003a84] [2018-07-30 16:54:53,115] - Script::install_py_dlls(): PyInit__elementtree
 DEBUG root [0x00003a84] [2018-07-30 16:54:53,178] - Script::install_py_dlls(): PyInit_unicodedata
  INFO root [0x00003a84] [2018-07-30 16:54:53,235] - Script::install(): is successfully, Python=(3.4.2 (default, Apr 30 2018, 16:27:35) [MSC v.1900 32 bit (Intel)])!
  INFO root [0x00003a84] [2018-07-30 16:54:53,235] - Script::install(): KBExtra is successfully!
 ERROR root [0x00003a84] [2018-07-30 16:54:53,244] - DataTypes::getDataType:not found type AVATAR_INFO.
 ERROR root [0x00003a84] [2018-07-30 16:54:53,245] - FixedArrayType::initialize: key[ARRAY] did not find type[AVATAR_INFO]!
 ERROR root [0x00003a84] [2018-07-30 16:54:53,245] - DataTypes::loadTypes: parse ARRAY [AVATAR_LISTINFO] error!
 ERROR root [0x00003a84] [2018-07-30 16:54:53,246] - app::initialize(): initialization failed!
 DEBUG root [0x00003a84] [2018-07-30 16:54:53,246] - EntityRef::destroyObjPool(): size 0.
 DEBUG root [0x00003a84] [2018-07-30 16:54:53,246] - Witness::destroyObjPool(): size 0.
 DEBUG root [0x00003a84] [2018-07-30 16:54:53,247] - Script::uninstall_py_dlls(): PyInit_pyexpat
 DEBUG root [0x00003a84] [2018-07-30 16:54:53,247] - Script::uninstall_py_dlls(): PyInit__socket
 DEBUG root [0x00003a84] [2018-07-30 16:54:53,247] - Script::uninstall_py_dlls(): PyInit__ssl
 DEBUG root [0x00003a84] [2018-07-30 16:54:53,248] - Script::uninstall_py_dlls(): PyInit__hashlib
 DEBUG root [0x00003a84] [2018-07-30 16:54:53,248] - Script::uninstall_py_dlls(): PyInit_select
 DEBUG root [0x00003a84] [2018-07-30 16:54:53,248] - Script::uninstall_py_dlls(): PyInit__ctypes
 DEBUG root [0x00003a84] [2018-07-30 16:54:53,248] - Script::uninstall_py_dlls(): PyInit__elementtree
 DEBUG root [0x00003a84] [2018-07-30 16:54:53,248] - Script::uninstall_py_dlls(): PyInit_unicodedata
  INFO root [0x00003a84] [2018-07-30 16:54:53,262] - Script::uninstall(): is successfully!
 DEBUG root [0x00003a84] [2018-07-30 16:54:53,263] - ThreadPool::destroy(): starting size 2.
  WARN root [0x00003a84] [2018-07-30 16:54:53,563] - ThreadPool::destroy(): waiting for thread(2)[0x2af2198,0x2af1f90,], try=1
 DEBUG root [0x00003a84] [2018-07-30 16:54:53,965] - TPThread::~TPThread(): 0x2af2198
 DEBUG root [0x00003a84] [2018-07-30 16:54:53,965] - TPThread::~TPThread(): 0x2af1f90
 DEBUG root [0x00003a84] [2018-07-30 16:54:53,965] - ThreadPool::destroy(): successfully!
 DEBUG root [0x00003a84] [2018-07-30 16:54:53,965] - Bundle::destroyObjPool(): size 14.
 DEBUG root [0x00003a84] [2018-07-30 16:54:53,966] - Channel::destroyObjPool(): size 15.
 DEBUG root [0x00003a84] [2018-07-30 16:54:53,966] - TCPPacket::destroyObjPool(): size 0.
 DEBUG root [0x00003a84] [2018-07-30 16:54:53,966] - UDPPacket::destroyObjPool(): size 14.
 DEBUG root [0x00003a84] [2018-07-30 16:54:53,966] - EndPoint::destroyObjPool(): size 15.
 DEBUG root [0x00003a84] [2018-07-30 16:54:53,966] - Address::destroyObjPool(): size 0.
 DEBUG root [0x00003a84] [2018-07-30 16:54:53,966] - TCPPacketReceiver::destroyObjPool(): size 0.
 DEBUG root [0x00003a84] [2018-07-30 16:54:53,967] - UDPPacketReceiver::destroyObjPool(): size 0.
  WARN root [0x00003a84] [2018-07-30 16:54:53,967] - Forwarding logs to logger[10.139.66.192:31804/0/0/0]...
  INFO root [0x00003a84] [2018-07-30 16:55:00,483] - EventDispatcher()::~EventDispatcher: Num timers = 1
  INFO root [0x00003bd8] [2018-07-30 16:55:35,875] - 
  INFO root [0x00003bd8] [2018-07-30 16:55:35,875] - -----------------------------------------------------------------------------------------


  INFO root [0x00003bd8] [2018-07-30 16:55:35,878] - Resmgr::initialize: KBE_ROOT=D:/kbengine/
  INFO root [0x00003bd8] [2018-07-30 16:55:35,879] - Resmgr::initialize: KBE_RES_PATH=D:/kbengine/kbe/res/;D:/kbengine/assets_Battle of Gods/;D:/kbengine/assets_Battle of Gods/scripts/;D:/kbengine/assets_Battle of Gods/res/
  INFO root [0x00003bd8] [2018-07-30 16:55:35,879] - Resmgr::initialize: KBE_BIN_PATH=D:/kbengine/kbe/bin/server/
  INFO root [0x00003bd8] [2018-07-30 16:55:35,895] - NetworkInterface::initialize(INTERNAL): bound to all interfaces with default route interface on 10.139.66.192 ( 10.139.66.192:31964 )
  INFO root [0x00003bd8] [2018-07-30 16:55:35,896] - NetworkInterface::initialize(INTERNAL): address 10.139.66.192:31964, SOMAXCONN=5.
  INFO root [0x00003bd8] [2018-07-30 16:55:35,896] - server-configs:
  INFO root [0x00003bd8] [2018-07-30 16:55:35,896] - 	gameUpdateHertz : 10
  INFO root [0x00003bd8] [2018-07-30 16:55:35,896] - 	defaultViewRadius : 80
  INFO root [0x00003bd8] [2018-07-30 16:55:35,896] - 	defaultViewHysteresisArea : 5
  INFO root [0x00003bd8] [2018-07-30 16:55:35,896] - 	entryScriptFile : kbemain
  INFO root [0x00003bd8] [2018-07-30 16:55:35,897] - 	internalAddr : 10.139.66.192:31964
  INFO root [0x00003bd8] [2018-07-30 16:55:35,897] - 	componentID : 8001
  INFO root [0x00003bd8] [2018-07-30 16:55:36,017] - Components::findLogger: found logger, addr:10.139.66.192:31956
  INFO root [0x00003bd8] [2018-07-30 16:55:36,018] - Components::addComponent: reset orderLog, uid=10103!
  INFO root [0x00003bd8] [2018-07-30 16:55:36,019] - Components::addComponent[logger], uid=10103, componentID=2000, globalorderid=1, grouporderid=1, totalcount=1
  INFO root [0x00003bd8] [2018-07-30 16:55:36,039] - ---- cellapp Version: 2.0.0. ScriptVersion: 0.1.0. Protocol: 85A70C5E64F896E0F1A60BF405B4EB07. Config: Debug X86. Built: 16:28:54 Apr 30 2018. AppID: 8001. UID: 10103. PID: 13624 ----
  INFO root [0x00003bd8] [2018-07-30 16:55:36,039] - Server : Intel(R) Core(TM) i7-6700HQ CPU @ 2.60GHz with 2097151kB RAM
  INFO root [0x00003bd8] [2018-07-30 16:55:36,040] - ThreadPool::createThreadPool: creating  threadpool...
  INFO root [0x00003bd8] [2018-07-30 16:55:36,040] - ThreadPool::createThreadPool: successfully(2), newThreadCount=1, normalMaxThreadCount=2, maxThreadCount=8
 DEBUG root [0x00003bd8] [2018-07-30 16:55:36,195] - Script::install_py_dlls(): PyInit_pyexpat
 DEBUG root [0x00003bd8] [2018-07-30 16:55:36,196] - Script::install_py_dlls(): PyInit__socket
 DEBUG root [0x00003bd8] [2018-07-30 16:55:36,197] - Script::install_py_dlls(): PyInit__ssl
 DEBUG root [0x00003bd8] [2018-07-30 16:55:36,202] - Script::install_py_dlls(): PyInit__hashlib
 DEBUG root [0x00003bd8] [2018-07-30 16:55:36,203] - Script::install_py_dlls(): PyInit_select
 DEBUG root [0x00003bd8] [2018-07-30 16:55:36,203] - Script::install_py_dlls(): PyInit__ctypes
 DEBUG root [0x00003bd8] [2018-07-30 16:55:36,204] - Script::install_py_dlls(): PyInit__elementtree
 DEBUG root [0x00003bd8] [2018-07-30 16:55:36,264] - Script::install_py_dlls(): PyInit_unicodedata
  INFO root [0x00003bd8] [2018-07-30 16:55:36,318] - Script::install(): is successfully, Python=(3.4.2 (default, Apr 30 2018, 16:27:35) [MSC v.1900 32 bit (Intel)])!
  INFO root [0x00003bd8] [2018-07-30 16:55:36,318] - Script::install(): KBExtra is successfully!
  INFO root [0x00003bd8] [2018-07-30 16:55:36,360] - TelnetServer server is running on port 50000
  INFO root [0x00003bd8] [2018-07-30 16:55:36,993] - ---- cellapp is running ----
 DEBUG root [0x00003bd8] [2018-07-30 16:55:36,993] - Components::process(): Request for the process of identity...
  WARN root [0x00003bd8] [2018-07-30 16:55:43,291] - Forwarding logs to logger[10.139.66.192:31956/0/0/0]...
 ERROR root [0x00003bd8] [2018-07-30 16:55:58,771] - Components::removeComponentByChannel: logger : 2000, Abnormal exit! errorno=10054
  INFO root [0x00003bd8] [2018-07-30 16:55:58,772] - The following logs sent to logger failed:
  WARN root [0x00003bd8] [2018-07-30 16:55:58,772] - ==> [2018-07-30 16:55:58 770] TCPPacketReceiver::processPendingEvents(10.139.66.192:31956): Throwing REASON_GENERAL_NETWORK - WSAECONNRESET
 ERROR root [0x00003bd8] [2018-07-30 16:55:58,773] - ==> [2018-07-30 16:55:58 772] Components::removeComponentByChannel: logger : 2000, Abnormal exit! errorno=10054
  INFO root [0x00003bd8] [2018-07-30 16:55:58,980] - Components::findComponents: find dbmgr(8)...
  INFO root [0x000010e4] [2018-07-30 16:56:01,791] - 
  INFO root [0x000010e4] [2018-07-30 16:56:01,792] - -----------------------------------------------------------------------------------------


  INFO root [0x000010e4] [2018-07-30 16:56:01,793] - Resmgr::initialize: KBE_ROOT=D:/kbengine/
  INFO root [0x000010e4] [2018-07-30 16:56:01,794] - Resmgr::initialize: KBE_RES_PATH=D:/kbengine/kbe/res/;D:/kbengine/assets_Battle of Gods/;D:/kbengine/assets_Battle of Gods/scripts/;D:/kbengine/assets_Battle of Gods/res/
  INFO root [0x000010e4] [2018-07-30 16:56:01,794] - Resmgr::initialize: KBE_BIN_PATH=D:/kbengine/kbe/bin/server/
  INFO root [0x000010e4] [2018-07-30 16:56:01,810] - NetworkInterface::initialize(INTERNAL): bound to all interfaces with default route interface on 10.139.66.192 ( 10.139.66.192:32068 )
  INFO root [0x000010e4] [2018-07-30 16:56:01,811] - NetworkInterface::initialize(INTERNAL): address 10.139.66.192:32068, SOMAXCONN=5.
  INFO root [0x000010e4] [2018-07-30 16:56:01,811] - server-configs:
  INFO root [0x000010e4] [2018-07-30 16:56:01,811] - 	gameUpdateHertz : 10
  INFO root [0x000010e4] [2018-07-30 16:56:01,811] - 	defaultViewRadius : 80
  INFO root [0x000010e4] [2018-07-30 16:56:01,812] - 	defaultViewHysteresisArea : 5
  INFO root [0x000010e4] [2018-07-30 16:56:01,812] - 	entryScriptFile : kbemain
  INFO root [0x000010e4] [2018-07-30 16:56:01,812] - 	internalAddr : 10.139.66.192:32068
  INFO root [0x000010e4] [2018-07-30 16:56:01,812] - 	componentID : 8001
  INFO root [0x000010e4] [2018-07-30 16:56:01,992] - Components::findLogger: found logger, addr:10.139.66.192:32060
  INFO root [0x000010e4] [2018-07-30 16:56:01,992] - Components::addComponent: reset orderLog, uid=10103!
  INFO root [0x000010e4] [2018-07-30 16:56:01,993] - Components::addComponent[logger], uid=10103, componentID=2000, globalorderid=1, grouporderid=1, totalcount=1
  INFO root [0x000010e4] [2018-07-30 16:56:02,022] - ---- cellapp Version: 2.0.0. ScriptVersion: 0.1.0. Protocol: 85A70C5E64F896E0F1A60BF405B4EB07. Config: Debug X86. Built: 16:28:54 Apr 30 2018. AppID: 8001. UID: 10103. PID: 548 ----
  INFO root [0x000010e4] [2018-07-30 16:56:02,024] - Server : Intel(R) Core(TM) i7-6700HQ CPU @ 2.60GHz with 2097151kB RAM
  INFO root [0x000010e4] [2018-07-30 16:56:02,026] - ThreadPool::createThreadPool: creating  threadpool...
  INFO root [0x000010e4] [2018-07-30 16:56:02,027] - ThreadPool::createThreadPool: successfully(2), newThreadCount=1, normalMaxThreadCount=2, maxThreadCount=8
 DEBUG root [0x000010e4] [2018-07-30 16:56:02,178] - Script::install_py_dlls(): PyInit_pyexpat
 DEBUG root [0x000010e4] [2018-07-30 16:56:02,178] - Script::install_py_dlls(): PyInit__socket
 DEBUG root [0x000010e4] [2018-07-30 16:56:02,178] - Script::install_py_dlls(): PyInit__ssl
 DEBUG root [0x000010e4] [2018-07-30 16:56:02,184] - Script::install_py_dlls(): PyInit__hashlib
 DEBUG root [0x000010e4] [2018-07-30 16:56:02,185] - Script::install_py_dlls(): PyInit_select
 DEBUG root [0x000010e4] [2018-07-30 16:56:02,185] - Script::install_py_dlls(): PyInit__ctypes
 DEBUG root [0x000010e4] [2018-07-30 16:56:02,186] - Script::install_py_dlls(): PyInit__elementtree
 DEBUG root [0x000010e4] [2018-07-30 16:56:02,247] - Script::install_py_dlls(): PyInit_unicodedata
  INFO root [0x000010e4] [2018-07-30 16:56:02,309] - Script::install(): is successfully, Python=(3.4.2 (default, Apr 30 2018, 16:27:35) [MSC v.1900 32 bit (Intel)])!
  INFO root [0x000010e4] [2018-07-30 16:56:02,309] - Script::install(): KBExtra is successfully!
  INFO root [0x000010e4] [2018-07-30 16:56:02,356] - TelnetServer server is running on port 50000
  INFO root [0x000010e4] [2018-07-30 16:56:03,010] - ---- cellapp is running ----
 DEBUG root [0x000010e4] [2018-07-30 16:56:03,010] - Components::process(): Request for the process of identity...
  WARN root [0x000010e4] [2018-07-30 16:56:06,619] - BundleBroadcast::BundleBroadcast: Cannot bind to port 20036, errorno=10048
  WARN root [0x000010e4] [2018-07-30 16:56:09,740] - Forwarding logs to logger[10.139.66.192:32060/0/0/0]...
