  INFO root [0x000035ac] [2018-07-07 15:45:29,381] - 
  INFO root [0x000035ac] [2018-07-07 15:45:29,382] - -----------------------------------------------------------------------------------------


  INFO root [0x000035ac] [2018-07-07 15:45:29,384] - Resmgr::initialize: KBE_ROOT=D:/kbengine/
  INFO root [0x000035ac] [2018-07-07 15:45:29,384] - Resmgr::initialize: KBE_RES_PATH=D:/kbengine/kbe/res/;D:/kbengine/assets_Battle of Gods/;D:/kbengine/assets_Battle of Gods/scripts/;D:/kbengine/assets_Battle of Gods/res/
  INFO root [0x000035ac] [2018-07-07 15:45:29,384] - Resmgr::initialize: KBE_BIN_PATH=D:/kbengine/kbe/bin/server/
  INFO root [0x000035ac] [2018-07-07 15:45:29,396] - NetworkInterface::initialize(INTERNAL): bound to all interfaces with default route interface on 10.1.9.4 ( 10.1.9.4:33847 )
  INFO root [0x000035ac] [2018-07-07 15:45:29,415] - NetworkInterface::initialize(INTERNAL): address 10.1.9.4:33847, SOMAXCONN=5.
  INFO root [0x000035ac] [2018-07-07 15:45:29,416] - server-configs:
  INFO root [0x000035ac] [2018-07-07 15:45:29,416] - 	gameUpdateHertz : 10
  INFO root [0x000035ac] [2018-07-07 15:45:29,416] - 	defaultViewRadius : 80
  INFO root [0x000035ac] [2018-07-07 15:45:29,417] - 	defaultViewHysteresisArea : 5
  INFO root [0x000035ac] [2018-07-07 15:45:29,417] - 	entryScriptFile : kbemain
  INFO root [0x000035ac] [2018-07-07 15:45:29,417] - 	internalAddr : 10.1.9.4:33847
  INFO root [0x000035ac] [2018-07-07 15:45:29,417] - 	componentID : 8001
  INFO root [0x000035ac] [2018-07-07 15:45:29,517] - Components::findLogger: found logger, addr:10.1.9.4:33793
  INFO root [0x000035ac] [2018-07-07 15:45:29,518] - Components::addComponent: reset orderLog, uid=10103!
  INFO root [0x000035ac] [2018-07-07 15:45:29,518] - Components::addComponent[logger], uid=10103, componentID=2000, globalorderid=1, grouporderid=1, totalcount=1
  INFO root [0x000035ac] [2018-07-07 15:45:29,538] - ---- cellapp Version: 2.0.0. ScriptVersion: 0.1.0. Protocol: 85A70C5E64F896E0F1A60BF405B4EB07. Config: Debug X86. Built: 16:28:54 Apr 30 2018. AppID: 8001. UID: 10103. PID: 11456 ----
  INFO root [0x000035ac] [2018-07-07 15:45:29,545] - Server : Intel(R) Core(TM) i7-6700HQ CPU @ 2.60GHz with 2097151kB RAM
  INFO root [0x000035ac] [2018-07-07 15:45:29,546] - ThreadPool::createThreadPool: creating  threadpool...
  INFO root [0x000035ac] [2018-07-07 15:45:29,547] - ThreadPool::createThreadPool: successfully(2), newThreadCount=1, normalMaxThreadCount=2, maxThreadCount=8
 DEBUG root [0x000035ac] [2018-07-07 15:45:29,711] - Script::install_py_dlls(): PyInit_pyexpat
 DEBUG root [0x000035ac] [2018-07-07 15:45:29,711] - Script::install_py_dlls(): PyInit__socket
 DEBUG root [0x000035ac] [2018-07-07 15:45:29,712] - Script::install_py_dlls(): PyInit__ssl
 DEBUG root [0x000035ac] [2018-07-07 15:45:29,719] - Script::install_py_dlls(): PyInit__hashlib
 DEBUG root [0x000035ac] [2018-07-07 15:45:29,720] - Script::install_py_dlls(): PyInit_select
 DEBUG root [0x000035ac] [2018-07-07 15:45:29,720] - Script::install_py_dlls(): PyInit__ctypes
 DEBUG root [0x000035ac] [2018-07-07 15:45:29,721] - Script::install_py_dlls(): PyInit__elementtree
 DEBUG root [0x000035ac] [2018-07-07 15:45:29,797] - Script::install_py_dlls(): PyInit_unicodedata
  INFO root [0x000035ac] [2018-07-07 15:45:29,865] - Script::install(): is successfully, Python=(3.4.2 (default, Apr 30 2018, 16:27:35) [MSC v.1900 32 bit (Intel)])!
  INFO root [0x000035ac] [2018-07-07 15:45:29,865] - Script::install(): KBExtra is successfully!
  INFO root [0x000035ac] [2018-07-07 15:45:29,980] - TelnetServer server is running on port 50000
  INFO root [0x000035ac] [2018-07-07 15:45:30,628] - ---- cellapp is running ----
 DEBUG root [0x000035ac] [2018-07-07 15:45:30,629] - Components::process(): Request for the process of identity...
  WARN root [0x000035ac] [2018-07-07 15:45:36,935] - Forwarding logs to logger[10.1.9.4:33793/0/0/0]...
 ERROR root [0x000035ac] [2018-07-07 16:33:12,621] - Components::removeComponentByChannel: logger : 2000, Abnormal exit! errorno=10054
  INFO root [0x000035ac] [2018-07-07 16:33:12,623] - The following logs sent to logger failed:
  WARN root [0x000035ac] [2018-07-07 16:33:12,623] - ==> [2018-07-07 16:33:12 620] TCPPacketReceiver::processPendingEvents(10.1.9.4:33793): Throwing REASON_GENERAL_NETWORK - WSAECONNRESET
 ERROR root [0x000035ac] [2018-07-07 16:33:12,624] - ==> [2018-07-07 16:33:12 621] Components::removeComponentByChannel: logger : 2000, Abnormal exit! errorno=10054
  WARN root [0x000035ac] [2018-07-07 16:33:12,737] - TCPPacketReceiver::processPendingEvents(10.1.9.4:33803): Throwing REASON_GENERAL_NETWORK - WSAECONNRESET
 ERROR root [0x000035ac] [2018-07-07 16:33:12,741] - Components::removeComponentByChannel: dbmgr : 4000, Abnormal exit! errorno=10054
  INFO root [0x000035ac] [2018-07-07 16:33:12,742] - Shutdowner::onShutdownBegin: shutting down(period=0, tickPeriod=1)
  INFO root [0x000035ac] [2018-07-07 16:33:12,742] - Shutdowner::onShutdown: shutting down
  INFO root [0x000035ac] [2018-07-07 16:33:12,743] - Shutdowner::onShutdownEnd: shutting down
 DEBUG root [0x000035ac] [2018-07-07 16:33:12,743] - EntityRef::destroyObjPool(): size 0.
 DEBUG root [0x000035ac] [2018-07-07 16:33:12,744] - Witness::destroyObjPool(): size 0.
 DEBUG root [0x000035ac] [2018-07-07 16:33:12,768] - Script::uninstall_py_dlls(): PyInit_pyexpat
 DEBUG root [0x000035ac] [2018-07-07 16:33:12,769] - Script::uninstall_py_dlls(): PyInit__socket
 DEBUG root [0x000035ac] [2018-07-07 16:33:12,769] - Script::uninstall_py_dlls(): PyInit__ssl
 DEBUG root [0x000035ac] [2018-07-07 16:33:12,769] - Script::uninstall_py_dlls(): PyInit__hashlib
 DEBUG root [0x000035ac] [2018-07-07 16:33:12,770] - Script::uninstall_py_dlls(): PyInit_select
 DEBUG root [0x000035ac] [2018-07-07 16:33:12,770] - Script::uninstall_py_dlls(): PyInit__ctypes
 DEBUG root [0x000035ac] [2018-07-07 16:33:12,770] - Script::uninstall_py_dlls(): PyInit__elementtree
 DEBUG root [0x000035ac] [2018-07-07 16:33:12,770] - Script::uninstall_py_dlls(): PyInit_unicodedata
  INFO root [0x000035ac] [2018-07-07 16:33:12,793] - Script::uninstall(): is successfully!
 DEBUG root [0x000035ac] [2018-07-07 16:33:12,793] - ThreadPool::destroy(): starting size 2.
  WARN root [0x000035ac] [2018-07-07 16:33:13,095] - ThreadPool::destroy(): waiting for thread(2)[0x255a490,0x255a8a0,], try=1
