  INFO root [2018-07-09 08:19:48,831] - 
  INFO root [2018-07-09 08:19:48,831] - -----------------------------------------------------------------------------------------


  INFO root [2018-07-09 08:19:48,831] - Resmgr::initialize: KBE_ROOT=D:/kbengine/
  INFO root [2018-07-09 08:19:48,831] - Resmgr::initialize: KBE_RES_PATH=D:/kbengine/kbe/res/;D:/kbengine/assets_Battle of Gods/;D:/kbengine/assets_Battle of Gods/scripts/;D:/kbengine/assets_Battle of Gods/res/
  INFO root [2018-07-09 08:19:48,831] - Resmgr::initialize: KBE_BIN_PATH=D:/kbengine/kbe/bin/server/
  INFO root [2018-07-09 08:19:48,831] - NetworkInterface::initialize(INTERNAL): bound to all interfaces with default route interface on 10.3.16.255 ( 10.3.16.255:12882 )
  INFO root [2018-07-09 08:19:48,831] - NetworkInterface::initialize(INTERNAL): address 10.3.16.255:12882, SOMAXCONN=5.
  INFO root [2018-07-09 08:19:48,831] - server-configs:
  INFO root [2018-07-09 08:19:48,831] - 	internalAddr : 10.3.16.255:12882
  INFO root [2018-07-09 08:19:48,847] - 	componentID : 4000
  INFO root [2018-07-09 08:19:48,863] - Components::findLogger: found logger, addr:10.3.16.255:12866
  INFO root [2018-07-09 08:19:48,863] - Components::addComponent: reset orderLog, uid=10103!
  INFO root [2018-07-09 08:19:48,863] - Components::addComponent[logger], uid=10103, componentID=2000, globalorderid=1, grouporderid=1, totalcount=1
  INFO root [2018-07-09 08:19:48,863] - ---- dbmgr Version: 2.0.0. ScriptVersion: 0.1.0. Protocol: F28F1C37BCC70CD27B77841D4A30E3D7. Config: Debug X86. Built: 16:26:54 Apr 30 2018. AppID: 4000. UID: 10103. PID: 1444 ----
  INFO root [2018-07-09 08:19:48,863] - Server : Intel(R) Core(TM) i7-6700HQ CPU @ 2.60GHz with 2097151kB RAM
  INFO root [2018-07-09 08:19:48,863] - ThreadPool::createThreadPool: creating  threadpool...
  INFO root [2018-07-09 08:19:48,863] - ThreadPool::createThreadPool: successfully(2), newThreadCount=1, normalMaxThreadCount=2, maxThreadCount=8
 DEBUG root [2018-07-09 08:19:49,128] - Script::install_py_dlls(): PyInit_pyexpat
 DEBUG root [2018-07-09 08:19:49,128] - Script::install_py_dlls(): PyInit__socket
 DEBUG root [2018-07-09 08:19:49,128] - Script::install_py_dlls(): PyInit__ssl
 DEBUG root [2018-07-09 08:19:49,128] - Script::install_py_dlls(): PyInit__hashlib
 DEBUG root [2018-07-09 08:19:49,128] - Script::install_py_dlls(): PyInit_select
 DEBUG root [2018-07-09 08:19:49,128] - Script::install_py_dlls(): PyInit__ctypes
 DEBUG root [2018-07-09 08:19:49,128] - Script::install_py_dlls(): PyInit__elementtree
 DEBUG root [2018-07-09 08:19:49,191] - Script::install_py_dlls(): PyInit_unicodedata
  INFO root [2018-07-09 08:19:49,237] - Script::install(): is successfully, Python=(3.4.2 (default, Apr 30 2018, 16:26:41) [MSC v.1900 32 bit (Intel)])!
  INFO root [2018-07-09 08:19:49,237] - Script::install(): KBExtra is successfully!
  INFO root [2018-07-09 08:19:50,393] - Dbmgr::initializeEnd: digest(C95DE6D5002D07290C22E7EB545AD684)
S_INFO root [2018-07-09 08:19:50,393] - onDBMgrReady: bootstrapGroupIndex=0, bootstrapGlobalIndex=0
  INFO root [2018-07-09 08:19:50,393] - TelnetServer server is running on port 32000
  INFO root [2018-07-09 08:19:50,393] - Dbmgr::initInterfacesHandler: interfaces addr(127.0.0.1:30099), accountType:(interfaces), chargeType:(interfaces).
  WARN root [2018-07-09 08:19:50,581] - DBUtil::initialize: db(default) password is not encrypted!
please use password(rsa):
DB9DB7844EED08A26F240E2A183EBDFE7BFC6448288B5C7B0A808633357DA5D5C7439304A72E1F0C0C8AFC76A2BF9F57FA201518FD88E0C68D13169E20B02FCA904251FAAC0D044F28545B5337AB5DD532C49ACAA73D2ADD0D79A281FF4770D8723B4A1D1B15C3B076921D407AF1CD4C30844373EC4FD0F15DFF64E213EFBB07
 DEBUG root [2018-07-09 08:19:50,690] - DBInterfaceMysql::attach: connect: localhost:3306 starting...
 DEBUG root [2018-07-09 08:19:50,971] - DBInterfaceMysql::attach: successfully! addr: localhost:3306
  INFO root [2018-07-09 08:19:50,971] - DBUtil::createInterface[0x257f3d4]: interface=default, dbtype=mysql, ip=localhost, port=3306, currdatabase=Battle_of_Gods, username=root, connected=yes.

  INFO root [2018-07-09 08:19:50,971] - ThreadPool::createThreadPool: creating  threadpool...
  INFO root [2018-07-09 08:19:50,971] - ThreadPool::createThreadPool: successfully(5), newThreadCount=5, normalMaxThreadCount=5, maxThreadCount=5
 DEBUG root [2018-07-09 08:19:50,971] - DBInterfaceMysql::attach: connect: localhost:3306 starting...
 DEBUG root [2018-07-09 08:19:50,971] - DBInterfaceMysql::attach: connect: localhost:3306 starting...
 DEBUG root [2018-07-09 08:19:50,971] - DBInterfaceMysql::attach: connect: localhost:3306 starting...
 DEBUG root [2018-07-09 08:19:50,971] - DBInterfaceMysql::attach: connect: localhost:3306 starting...
 DEBUG root [2018-07-09 08:19:50,971] - DBInterfaceMysql::attach: connect: localhost:3306 starting...
 DEBUG root [2018-07-09 08:19:50,971] - DBInterfaceMysql::attach: successfully! addr: localhost:3306
 DEBUG root [2018-07-09 08:19:50,971] - DBThread::onStart(): 0x26ccc40!
 DEBUG root [2018-07-09 08:19:50,971] - DBInterfaceMysql::attach: successfully! addr: localhost:3306
 DEBUG root [2018-07-09 08:19:50,971] - DBThread::onStart(): 0x26cccc8!
 DEBUG root [2018-07-09 08:19:50,971] - DBInterfaceMysql::attach: successfully! addr: localhost:3306
 DEBUG root [2018-07-09 08:19:50,971] - DBThread::onStart(): 0x26cd108!
 DEBUG root [2018-07-09 08:19:50,971] - DBInterfaceMysql::attach: successfully! addr: localhost:3306
 DEBUG root [2018-07-09 08:19:50,971] - DBThread::onStart(): 0x26ccd50!
 DEBUG root [2018-07-09 08:19:50,971] - DBInterfaceMysql::attach: successfully! addr: localhost:3306
 DEBUG root [2018-07-09 08:19:50,971] - DBThread::onStart(): 0x26ccdd8!
  INFO root [2018-07-09 08:19:51,081] - DBInterfaceMysql::query: successfully!
  INFO root [2018-07-09 08:19:51,081] - DBInterfaceMysql::query: successfully!
  INFO root [2018-07-09 08:19:51,096] - DBInterfaceMysql::query: successfully!
  INFO root [2018-07-09 08:19:51,096] - DBInterfaceMysql::query: successfully!
  INFO root [2018-07-09 08:19:51,096] - DBInterfaceMysql::query: successfully!
  INFO root [2018-07-09 08:19:51,096] - DBInterfaceMysql::query: successfully!
  INFO root [2018-07-09 08:19:51,096] - DBInterfaceMysql::query: successfully!
  INFO root [2018-07-09 08:19:51,096] - DBInterfaceMysql::query: successfully!
  INFO root [2018-07-09 08:19:51,096] - DBInterfaceMysql::query: successfully!
  INFO root [2018-07-09 08:19:51,112] - DBInterfaceMysql::query: successfully!
  WARN root [2018-07-09 08:19:51,159] - dbmgr.cpp:275: Profile scriptCall took 0.76 seconds
  INFO root [2018-07-09 08:19:51,627] - ---- dbmgr is running ----
 DEBUG root [2018-07-09 08:19:51,627] - Components::process(): Request for the process of identity...
  WARN root [2018-07-09 08:19:57,987] - Forwarding logs to logger[10.3.16.255:12866/0/0/0]...
 ERROR root [2018-07-09 08:25:25,819] - Components::removeComponentByChannel: logger : 2000, Abnormal exit! errorno=10054
  INFO root [2018-07-09 08:25:25,835] - The following logs sent to logger failed:
  WARN root [2018-07-09 08:25:25,835] - ==> [2018-07-09 08:25:25 834] TCPPacketReceiver::processPendingEvents(10.3.16.255:12866): Throwing REASON_GENERAL_NETWORK - WSAECONNRESET
 ERROR root [2018-07-09 08:25:25,835] - ==> [2018-07-09 08:25:25 835] Components::removeComponentByChannel: logger : 2000, Abnormal exit! errorno=10054
