  INFO root [2018-05-10 21:46:41,553] - 
  INFO root [2018-05-10 21:46:41,554] - -----------------------------------------------------------------------------------------


  INFO root [2018-05-10 21:46:41,556] - Resmgr::initialize: KBE_ROOT=D:/kbengine/
  INFO root [2018-05-10 21:46:41,556] - Resmgr::initialize: KBE_RES_PATH=D:/kbengine/kbe/res/;D:/kbengine/assets_Battle of Gods/;D:/kbengine/assets_Battle of Gods/scripts/;D:/kbengine/assets_Battle of Gods/res/
  INFO root [2018-05-10 21:46:41,556] - Resmgr::initialize: KBE_BIN_PATH=D:/kbengine/kbe/bin/server/
  INFO root [2018-05-10 21:46:41,569] - NetworkInterface::initialize(INTERNAL): bound to all interfaces with default route interface on 10.1.9.9 ( 10.1.9.9:30357 )
  INFO root [2018-05-10 21:46:41,569] - NetworkInterface::initialize(INTERNAL): address 10.1.9.9:30357, SOMAXCONN=5.
  INFO root [2018-05-10 21:46:41,570] - server-configs:
  INFO root [2018-05-10 21:46:41,570] - 	internalAddr : 10.1.9.9:30357
  INFO root [2018-05-10 21:46:41,570] - 	componentID : 4000
  INFO root [2018-05-10 21:46:41,613] - Components::findLogger: found logger, addr:10.1.9.9:30354
  INFO root [2018-05-10 21:46:41,615] - Components::addComponent: reset orderLog, uid=10103!
  INFO root [2018-05-10 21:46:41,616] - Components::addComponent[logger], uid=10103, componentID=2000, globalorderid=1, grouporderid=1, totalcount=1
  INFO root [2018-05-10 21:46:41,624] - ---- dbmgr Version: 2.0.0. ScriptVersion: 0.1.0. Protocol: F28F1C37BCC70CD27B77841D4A30E3D7. Config: Debug X86. Built: 16:26:54 Apr 30 2018. AppID: 4000. UID: 10103. PID: 13992 ----
  INFO root [2018-05-10 21:46:41,625] - Server : Intel(R) Core(TM) i7-6700HQ CPU @ 2.60GHz with 2097151kB RAM
  INFO root [2018-05-10 21:46:41,625] - ThreadPool::createThreadPool: creating  threadpool...
  INFO root [2018-05-10 21:46:41,626] - ThreadPool::createThreadPool: successfully(2), newThreadCount=1, normalMaxThreadCount=2, maxThreadCount=8
 DEBUG root [2018-05-10 21:46:41,817] - Script::install_py_dlls(): PyInit_pyexpat
 DEBUG root [2018-05-10 21:46:41,819] - Script::install_py_dlls(): PyInit__socket
 DEBUG root [2018-05-10 21:46:41,819] - Script::install_py_dlls(): PyInit__ssl
 DEBUG root [2018-05-10 21:46:41,825] - Script::install_py_dlls(): PyInit__hashlib
 DEBUG root [2018-05-10 21:46:41,826] - Script::install_py_dlls(): PyInit_select
 DEBUG root [2018-05-10 21:46:41,827] - Script::install_py_dlls(): PyInit__ctypes
 DEBUG root [2018-05-10 21:46:41,830] - Script::install_py_dlls(): PyInit__elementtree
 DEBUG root [2018-05-10 21:46:41,932] - Script::install_py_dlls(): PyInit_unicodedata
  INFO root [2018-05-10 21:46:42,024] - Script::install(): is successfully, Python=(3.4.2 (default, Apr 30 2018, 16:26:41) [MSC v.1900 32 bit (Intel)])!
  INFO root [2018-05-10 21:46:42,025] - Script::install(): KBExtra is successfully!
  INFO root [2018-05-10 21:46:42,191] - Dbmgr::initializeEnd: digest(84376650B76732C627442957B650312F)
S_INFO root [2018-05-10 21:46:42,192] - onDBMgrReady: bootstrapGroupIndex=0, bootstrapGlobalIndex=0
  INFO root [2018-05-10 21:46:42,194] - TelnetServer server is running on port 32000
  INFO root [2018-05-10 21:46:42,196] - Dbmgr::initInterfacesHandler: interfaces addr(127.0.0.1:30099), accountType:(interfaces), chargeType:(interfaces).
  WARN root [2018-05-10 21:46:42,592] - DBUtil::initialize: db(default) password is not encrypted!
please use password(rsa):
D3618D2634C597CFD095F7D351802AC7B67B92DC18EE4AB59DDCB84939A340FA9AE1C384F5DADB403F026C62AAC74D7C7FC82A584965C06258FDDB1A37FC9A4E2DEC1B5973AC541F0DC9A356F884F0EB617C730761006623FB10E1D598D5AF7FEC4B5097F88BE623B5ED710E416C6664A71BAACB368DBF7F700FC142379E5176
 DEBUG root [2018-05-10 21:46:42,658] - DBInterfaceMysql::attach: connect: localhost:3306 starting...
 DEBUG root [2018-05-10 21:46:42,804] - DBInterfaceMysql::attach: successfully! addr: localhost:3306
  INFO root [2018-05-10 21:46:42,804] - DBUtil::createInterface[0x1b6f4fc]: interface=default, dbtype=mysql, ip=localhost, port=3306, currdatabase=Battle_of_Gods, username=root, connected=yes.

  INFO root [2018-05-10 21:46:42,804] - ThreadPool::createThreadPool: creating  threadpool...
  INFO root [2018-05-10 21:46:42,805] - ThreadPool::createThreadPool: successfully(5), newThreadCount=5, normalMaxThreadCount=5, maxThreadCount=5
 DEBUG root [2018-05-10 21:46:42,805] - DBInterfaceMysql::attach: connect: localhost:3306 starting...
 DEBUG root [2018-05-10 21:46:42,805] - DBInterfaceMysql::attach: connect: localhost:3306 starting...
 DEBUG root [2018-05-10 21:46:42,806] - DBInterfaceMysql::attach: connect: localhost:3306 starting...
 DEBUG root [2018-05-10 21:46:42,806] - DBInterfaceMysql::attach: connect: localhost:3306 starting...
 DEBUG root [2018-05-10 21:46:42,806] - DBInterfaceMysql::attach: connect: localhost:3306 starting...
 DEBUG root [2018-05-10 21:46:42,814] - DBInterfaceMysql::attach: successfully! addr: localhost:3306
 DEBUG root [2018-05-10 21:46:42,814] - DBThread::onStart(): 0x3f25b58!
 DEBUG root [2018-05-10 21:46:42,817] - DBInterfaceMysql::attach: successfully! addr: localhost:3306
 DEBUG root [2018-05-10 21:46:42,817] - DBThread::onStart(): 0x3f25d78!
 DEBUG root [2018-05-10 21:46:42,819] - DBInterfaceMysql::attach: successfully! addr: localhost:3306
 DEBUG root [2018-05-10 21:46:42,820] - DBThread::onStart(): 0x3f25f10!
 DEBUG root [2018-05-10 21:46:42,821] - DBInterfaceMysql::attach: successfully! addr: localhost:3306
 DEBUG root [2018-05-10 21:46:42,821] - DBThread::onStart(): 0x3f25cf0!
 DEBUG root [2018-05-10 21:46:42,822] - DBInterfaceMysql::attach: successfully! addr: localhost:3306
 DEBUG root [2018-05-10 21:46:42,822] - DBThread::onStart(): 0x3f25e00!
  INFO root [2018-05-10 21:46:42,911] - DBInterfaceMysql::query: successfully!
  INFO root [2018-05-10 21:46:42,917] - DBInterfaceMysql::query: successfully!
  INFO root [2018-05-10 21:46:42,951] - DBInterfaceMysql::query: successfully!
  INFO root [2018-05-10 21:46:42,952] - DBInterfaceMysql::query: successfully!
  INFO root [2018-05-10 21:46:42,952] - DBInterfaceMysql::query: successfully!
  INFO root [2018-05-10 21:46:42,953] - DBInterfaceMysql::query: successfully!
  INFO root [2018-05-10 21:46:42,963] - DBInterfaceMysql::query: successfully!
  INFO root [2018-05-10 21:46:42,966] - DBInterfaceMysql::query: successfully!
  INFO root [2018-05-10 21:46:42,968] - DBInterfaceMysql::query: successfully!
  INFO root [2018-05-10 21:46:42,974] - DBInterfaceMysql::query: successfully!
  WARN root [2018-05-10 21:46:42,992] - dbmgr.cpp:275: Profile scriptCall took 0.80 seconds
  INFO root [2018-05-10 21:46:44,034] - ---- dbmgr is running ----
 DEBUG root [2018-05-10 21:46:44,038] - Components::process(): Request for the process of identity...
  WARN root [2018-05-10 21:46:50,443] - Forwarding logs to logger[10.1.9.9:30354/0/0/0]...
 ERROR root [2018-05-10 21:48:34,355] - Components::removeComponentByChannel: logger : 2000, Abnormal exit! errorno=10054
  INFO root [2018-05-10 21:48:34,359] - The following logs sent to logger failed:
  WARN root [2018-05-10 21:48:34,360] - ==> [2018-05-10 21:48:34 346] TCPPacketReceiver::processPendingEvents(10.1.9.9:30354): Throwing REASON_GENERAL_NETWORK - WSAECONNRESET
 ERROR root [2018-05-10 21:48:34,361] - ==> [2018-05-10 21:48:34 356] Components::removeComponentByChannel: logger : 2000, Abnormal exit! errorno=10054
  INFO root [2018-05-10 21:48:37,872] - 
  INFO root [2018-05-10 21:48:37,873] - -----------------------------------------------------------------------------------------


  INFO root [2018-05-10 21:48:37,877] - Resmgr::initialize: KBE_ROOT=D:/kbengine/
  INFO root [2018-05-10 21:48:37,878] - Resmgr::initialize: KBE_RES_PATH=D:/kbengine/kbe/res/;D:/kbengine/assets_Battle of Gods/;D:/kbengine/assets_Battle of Gods/scripts/;D:/kbengine/assets_Battle of Gods/res/
  INFO root [2018-05-10 21:48:37,879] - Resmgr::initialize: KBE_BIN_PATH=D:/kbengine/kbe/bin/server/
  INFO root [2018-05-10 21:48:37,885] - NetworkInterface::initialize(INTERNAL): bound to all interfaces with default route interface on 10.1.9.9 ( 10.1.9.9:30416 )
  INFO root [2018-05-10 21:48:37,886] - NetworkInterface::initialize(INTERNAL): address 10.1.9.9:30416, SOMAXCONN=5.
  INFO root [2018-05-10 21:48:37,886] - server-configs:
  INFO root [2018-05-10 21:48:37,886] - 	internalAddr : 10.1.9.9:30416
  INFO root [2018-05-10 21:48:37,886] - 	componentID : 4000
  INFO root [2018-05-10 21:48:39,399] - ---- dbmgr Version: 2.0.0. ScriptVersion: 0.1.0. Protocol: F28F1C37BCC70CD27B77841D4A30E3D7. Config: Debug X86. Built: 16:26:54 Apr 30 2018. AppID: 4000. UID: 10103. PID: 1172 ----
  INFO root [2018-05-10 21:48:39,400] - Server : Intel(R) Core(TM) i7-6700HQ CPU @ 2.60GHz with 2097151kB RAM
  INFO root [2018-05-10 21:48:39,401] - ThreadPool::createThreadPool: creating  threadpool...
  INFO root [2018-05-10 21:48:39,401] - ThreadPool::createThreadPool: successfully(2), newThreadCount=1, normalMaxThreadCount=2, maxThreadCount=8
 DEBUG root [2018-05-10 21:48:39,570] - Script::install_py_dlls(): PyInit_pyexpat
 DEBUG root [2018-05-10 21:48:39,571] - Script::install_py_dlls(): PyInit__socket
 DEBUG root [2018-05-10 21:48:39,571] - Script::install_py_dlls(): PyInit__ssl
 DEBUG root [2018-05-10 21:48:39,582] - Script::install_py_dlls(): PyInit__hashlib
 DEBUG root [2018-05-10 21:48:39,582] - Script::install_py_dlls(): PyInit_select
 DEBUG root [2018-05-10 21:48:39,583] - Script::install_py_dlls(): PyInit__ctypes
 DEBUG root [2018-05-10 21:48:39,584] - Script::install_py_dlls(): PyInit__elementtree
 DEBUG root [2018-05-10 21:48:39,663] - Script::install_py_dlls(): PyInit_unicodedata
  INFO root [2018-05-10 21:48:39,738] - Script::install(): is successfully, Python=(3.4.2 (default, Apr 30 2018, 16:26:41) [MSC v.1900 32 bit (Intel)])!
  INFO root [2018-05-10 21:48:39,738] - Script::install(): KBExtra is successfully!
  INFO root [2018-05-10 21:48:39,757] - Dbmgr::initializeEnd: digest(84376650B76732C627442957B650312F)
S_INFO root [2018-05-10 21:48:39,758] - onDBMgrReady: bootstrapGroupIndex=0, bootstrapGlobalIndex=0
  INFO root [2018-05-10 21:48:39,761] - TelnetServer server is running on port 32000
  INFO root [2018-05-10 21:48:39,762] - Dbmgr::initInterfacesHandler: interfaces addr(127.0.0.1:30099), accountType:(interfaces), chargeType:(interfaces).
  WARN root [2018-05-10 21:48:40,201] - DBUtil::initialize: db(default) password is not encrypted!
please use password(rsa):
7E1C9E5F241CD446E4575280321A052A4D3BCAD01D0E024DD00091C3018155C75AEE598456D52C9701E5EE9B093A721CDA4F8DD988B7E6E93F56B1E1D36CB50F290C621E790175F6E3539E836B1755634EF34EF986C2137A785B771AE9AF7F272D32A32C2951F07140D59E1A539C7331EB22F1EC1B46F139D75A32510DCB1859
 DEBUG root [2018-05-10 21:48:40,207] - DBInterfaceMysql::attach: connect: localhost:3306 starting...
 DEBUG root [2018-05-10 21:48:40,217] - DBInterfaceMysql::attach: successfully! addr: localhost:3306
  INFO root [2018-05-10 21:48:40,217] - DBUtil::createInterface[0x1b6eef4]: interface=default, dbtype=mysql, ip=localhost, port=3306, currdatabase=Battle_of_Gods, username=root, connected=yes.

  INFO root [2018-05-10 21:48:40,218] - ThreadPool::createThreadPool: creating  threadpool...
  INFO root [2018-05-10 21:48:40,218] - ThreadPool::createThreadPool: successfully(5), newThreadCount=5, normalMaxThreadCount=5, maxThreadCount=5
 DEBUG root [2018-05-10 21:48:40,219] - DBInterfaceMysql::attach: connect: localhost:3306 starting...
 DEBUG root [2018-05-10 21:48:40,220] - DBInterfaceMysql::attach: connect: localhost:3306 starting...
 DEBUG root [2018-05-10 21:48:40,220] - DBInterfaceMysql::attach: connect: localhost:3306 starting...
 DEBUG root [2018-05-10 21:48:40,220] - DBInterfaceMysql::attach: connect: localhost:3306 starting...
 DEBUG root [2018-05-10 21:48:40,220] - DBInterfaceMysql::attach: connect: localhost:3306 starting...
 DEBUG root [2018-05-10 21:48:40,231] - DBInterfaceMysql::attach: successfully! addr: localhost:3306
 DEBUG root [2018-05-10 21:48:40,231] - DBThread::onStart(): 0x3ebaa00!
 DEBUG root [2018-05-10 21:48:40,232] - DBInterfaceMysql::attach: successfully! addr: localhost:3306
 DEBUG root [2018-05-10 21:48:40,232] - DBThread::onStart(): 0x3eba8f0!
 DEBUG root [2018-05-10 21:48:40,233] - DBInterfaceMysql::attach: successfully! addr: localhost:3306
 DEBUG root [2018-05-10 21:48:40,233] - DBThread::onStart(): 0x3ebaec8!
 DEBUG root [2018-05-10 21:48:40,233] - DBInterfaceMysql::attach: successfully! addr: localhost:3306
 DEBUG root [2018-05-10 21:48:40,234] - DBThread::onStart(): 0x3ebab10!
 DEBUG root [2018-05-10 21:48:40,234] - DBInterfaceMysql::attach: successfully! addr: localhost:3306
 DEBUG root [2018-05-10 21:48:40,234] - DBThread::onStart(): 0x3ebafd8!
  INFO root [2018-05-10 21:48:40,323] - DBInterfaceMysql::query: successfully!
  INFO root [2018-05-10 21:48:40,329] - DBInterfaceMysql::query: successfully!
  INFO root [2018-05-10 21:48:40,339] - DBInterfaceMysql::query: successfully!
  INFO root [2018-05-10 21:48:40,340] - DBInterfaceMysql::query: successfully!
  INFO root [2018-05-10 21:48:40,341] - DBInterfaceMysql::query: successfully!
  INFO root [2018-05-10 21:48:40,343] - DBInterfaceMysql::query: successfully!
  INFO root [2018-05-10 21:48:40,344] - DBInterfaceMysql::query: successfully!
  INFO root [2018-05-10 21:48:40,346] - DBInterfaceMysql::query: successfully!
  INFO root [2018-05-10 21:48:40,346] - DBInterfaceMysql::query: successfully!
  INFO root [2018-05-10 21:48:40,350] - DBInterfaceMysql::query: successfully!
  WARN root [2018-05-10 21:48:40,374] - dbmgr.cpp:275: Profile scriptCall took 0.62 seconds
  INFO root [2018-05-10 21:48:41,111] - ---- dbmgr is running ----
 DEBUG root [2018-05-10 21:48:41,113] - Components::process(): Request for the process of identity...
  INFO root [2018-05-10 21:48:48,438] - Components::findComponents: find logger(1)...
  INFO root [2018-05-10 21:48:48,495] - Components::findComponents: found logger, addr:10.1.9.9:30415
  INFO root [2018-05-10 21:48:48,495] - Components::addComponent: reset orderLog, uid=10103!
  INFO root [2018-05-10 21:48:48,495] - Components::addComponent[logger], uid=10103, componentID=2000, globalorderid=1, grouporderid=1, totalcount=1
  WARN root [2018-05-10 21:48:48,496] - Forwarding logs to logger[10.1.9.9:30415/0/0/0]...
 ERROR root [2018-05-10 21:56:22,390] - Components::removeComponentByChannel: logger : 2000, Abnormal exit! errorno=10054
  INFO root [2018-05-10 21:56:22,392] - The following logs sent to logger failed:
  WARN root [2018-05-10 21:56:22,393] - ==> [2018-05-10 21:56:22 390] TCPPacketReceiver::processPendingEvents(10.1.9.9:30415): Throwing REASON_GENERAL_NETWORK - WSAECONNRESET
 ERROR root [2018-05-10 21:56:22,393] - ==> [2018-05-10 21:56:22 391] Components::removeComponentByChannel: logger : 2000, Abnormal exit! errorno=10054
  INFO root [2018-05-10 21:56:25,133] - 
  INFO root [2018-05-10 21:56:25,134] - -----------------------------------------------------------------------------------------


  INFO root [2018-05-10 21:56:25,135] - Resmgr::initialize: KBE_ROOT=D:/kbengine/
  INFO root [2018-05-10 21:56:25,136] - Resmgr::initialize: KBE_RES_PATH=D:/kbengine/kbe/res/;D:/kbengine/assets_Battle of Gods/;D:/kbengine/assets_Battle of Gods/scripts/;D:/kbengine/assets_Battle of Gods/res/
  INFO root [2018-05-10 21:56:25,136] - Resmgr::initialize: KBE_BIN_PATH=D:/kbengine/kbe/bin/server/
  INFO root [2018-05-10 21:56:25,142] - NetworkInterface::initialize(INTERNAL): bound to all interfaces with default route interface on 10.1.9.9 ( 10.1.9.9:30564 )
  INFO root [2018-05-10 21:56:25,142] - NetworkInterface::initialize(INTERNAL): address 10.1.9.9:30564, SOMAXCONN=5.
  INFO root [2018-05-10 21:56:25,142] - server-configs:
  INFO root [2018-05-10 21:56:25,143] - 	internalAddr : 10.1.9.9:30564
  INFO root [2018-05-10 21:56:25,143] - 	componentID : 4000
  INFO root [2018-05-10 21:56:26,655] - ---- dbmgr Version: 2.0.0. ScriptVersion: 0.1.0. Protocol: F28F1C37BCC70CD27B77841D4A30E3D7. Config: Debug X86. Built: 16:26:54 Apr 30 2018. AppID: 4000. UID: 10103. PID: 3416 ----
  INFO root [2018-05-10 21:56:26,655] - Server : Intel(R) Core(TM) i7-6700HQ CPU @ 2.60GHz with 2097151kB RAM
  INFO root [2018-05-10 21:56:26,656] - ThreadPool::createThreadPool: creating  threadpool...
  INFO root [2018-05-10 21:56:26,656] - ThreadPool::createThreadPool: successfully(2), newThreadCount=1, normalMaxThreadCount=2, maxThreadCount=8
 DEBUG root [2018-05-10 21:56:26,820] - Script::install_py_dlls(): PyInit_pyexpat
 DEBUG root [2018-05-10 21:56:26,820] - Script::install_py_dlls(): PyInit__socket
 DEBUG root [2018-05-10 21:56:26,821] - Script::install_py_dlls(): PyInit__ssl
 DEBUG root [2018-05-10 21:56:26,824] - Script::install_py_dlls(): PyInit__hashlib
 DEBUG root [2018-05-10 21:56:26,825] - Script::install_py_dlls(): PyInit_select
 DEBUG root [2018-05-10 21:56:26,825] - Script::install_py_dlls(): PyInit__ctypes
 DEBUG root [2018-05-10 21:56:26,825] - Script::install_py_dlls(): PyInit__elementtree
 DEBUG root [2018-05-10 21:56:26,906] - Script::install_py_dlls(): PyInit_unicodedata
  INFO root [2018-05-10 21:56:26,991] - Script::install(): is successfully, Python=(3.4.2 (default, Apr 30 2018, 16:26:41) [MSC v.1900 32 bit (Intel)])!
  INFO root [2018-05-10 21:56:26,991] - Script::install(): KBExtra is successfully!
  INFO root [2018-05-10 21:56:27,018] - Dbmgr::initializeEnd: digest(84376650B76732C627442957B650312F)
S_INFO root [2018-05-10 21:56:27,018] - onDBMgrReady: bootstrapGroupIndex=0, bootstrapGlobalIndex=0
  INFO root [2018-05-10 21:56:27,018] - TelnetServer server is running on port 32000
  INFO root [2018-05-10 21:56:27,019] - Dbmgr::initInterfacesHandler: interfaces addr(127.0.0.1:30099), accountType:(interfaces), chargeType:(interfaces).
  WARN root [2018-05-10 21:56:27,376] - DBUtil::initialize: db(default) password is not encrypted!
please use password(rsa):
BD5CDA34EA1A45EF7713D01679183E25CAAACA480E9DD972AADEE3E77C30912B1693A7E72E21794848B67DDD2CA15D62FC4E64406FEB1725A7DB765D13E6182C0EF8B59831CB4FC6D6B9E8E9C089478CC748CA1FA1DFDA239FA4059F13C514E4E10047D3EA015D4EA8D60D7DEC9CEFECAE40F631F95B2CFC16047431A262AAF8
 DEBUG root [2018-05-10 21:56:27,384] - DBInterfaceMysql::attach: connect: localhost:3306 starting...
 DEBUG root [2018-05-10 21:56:27,391] - DBInterfaceMysql::attach: successfully! addr: localhost:3306
  INFO root [2018-05-10 21:56:27,391] - DBUtil::createInterface[0x1b6f36c]: interface=default, dbtype=mysql, ip=localhost, port=3306, currdatabase=Battle_of_Gods, username=root, connected=yes.

  INFO root [2018-05-10 21:56:27,392] - ThreadPool::createThreadPool: creating  threadpool...
  INFO root [2018-05-10 21:56:27,392] - ThreadPool::createThreadPool: successfully(5), newThreadCount=5, normalMaxThreadCount=5, maxThreadCount=5
 DEBUG root [2018-05-10 21:56:27,393] - DBInterfaceMysql::attach: connect: localhost:3306 starting...
 DEBUG root [2018-05-10 21:56:27,393] - DBInterfaceMysql::attach: connect: localhost:3306 starting...
 DEBUG root [2018-05-10 21:56:27,393] - DBInterfaceMysql::attach: connect: localhost:3306 starting...
 DEBUG root [2018-05-10 21:56:27,394] - DBInterfaceMysql::attach: connect: localhost:3306 starting...
 DEBUG root [2018-05-10 21:56:27,394] - DBInterfaceMysql::attach: connect: localhost:3306 starting...
 DEBUG root [2018-05-10 21:56:27,403] - DBInterfaceMysql::attach: successfully! addr: localhost:3306
 DEBUG root [2018-05-10 21:56:27,403] - DBThread::onStart(): 0x3d75318!
 DEBUG root [2018-05-10 21:56:27,404] - DBInterfaceMysql::attach: successfully! addr: localhost:3306
 DEBUG root [2018-05-10 21:56:27,404] - DBThread::onStart(): 0x3d75208!
 DEBUG root [2018-05-10 21:56:27,405] - DBInterfaceMysql::attach: successfully! addr: localhost:3306
 DEBUG root [2018-05-10 21:56:27,405] - DBThread::onStart(): 0x3d75a88!
 DEBUG root [2018-05-10 21:56:27,406] - DBInterfaceMysql::attach: successfully! addr: localhost:3306
 DEBUG root [2018-05-10 21:56:27,406] - DBThread::onStart(): 0x3d75b10!
 DEBUG root [2018-05-10 21:56:27,407] - DBInterfaceMysql::attach: successfully! addr: localhost:3306
 DEBUG root [2018-05-10 21:56:27,407] - DBThread::onStart(): 0x3d75758!
  INFO root [2018-05-10 21:56:27,498] - DBInterfaceMysql::query: successfully!
  INFO root [2018-05-10 21:56:27,501] - DBInterfaceMysql::query: successfully!
  INFO root [2018-05-10 21:56:27,502] - DBInterfaceMysql::query: successfully!
  INFO root [2018-05-10 21:56:27,509] - DBInterfaceMysql::query: successfully!
  INFO root [2018-05-10 21:56:27,509] - DBInterfaceMysql::query: successfully!
  INFO root [2018-05-10 21:56:27,510] - DBInterfaceMysql::query: successfully!
  INFO root [2018-05-10 21:56:27,511] - DBInterfaceMysql::query: successfully!
  INFO root [2018-05-10 21:56:27,514] - DBInterfaceMysql::query: successfully!
  INFO root [2018-05-10 21:56:27,516] - DBInterfaceMysql::query: successfully!
  INFO root [2018-05-10 21:56:27,519] - DBInterfaceMysql::query: successfully!
  WARN root [2018-05-10 21:56:27,534] - dbmgr.cpp:275: Profile scriptCall took 0.52 seconds
  INFO root [2018-05-10 21:56:28,114] - ---- dbmgr is running ----
 DEBUG root [2018-05-10 21:56:28,115] - Components::process(): Request for the process of identity...
  INFO root [2018-05-10 21:56:35,358] - Components::findComponents: find logger(1)...
  INFO root [2018-05-10 21:56:35,414] - Components::findComponents: found logger, addr:10.1.9.9:30563
  INFO root [2018-05-10 21:56:35,414] - Components::addComponent: reset orderLog, uid=10103!
  INFO root [2018-05-10 21:56:35,415] - Components::addComponent[logger], uid=10103, componentID=2000, globalorderid=1, grouporderid=1, totalcount=1
  INFO root [2018-05-10 21:56:35,437] - Components::process(): Found all the components!
  WARN root [2018-05-10 21:56:35,437] - Forwarding logs to logger[10.1.9.9:30563/0/0/0]...
 ERROR root [2018-05-10 21:58:17,357] - Components::removeComponentByChannel: logger : 2000, Abnormal exit! errorno=10054
  INFO root [2018-05-10 21:58:17,361] - The following logs sent to logger failed:
  WARN root [2018-05-10 21:58:17,362] - ==> [2018-05-10 21:58:17 357] TCPPacketReceiver::processPendingEvents(10.1.9.9:30563): Throwing REASON_GENERAL_NETWORK - WSAECONNRESET
 ERROR root [2018-05-10 21:58:17,363] - ==> [2018-05-10 21:58:17 358] Components::removeComponentByChannel: logger : 2000, Abnormal exit! errorno=10054
  INFO root [2018-05-10 21:58:20,087] - 
  INFO root [2018-05-10 21:58:20,088] - -----------------------------------------------------------------------------------------


  INFO root [2018-05-10 21:58:20,089] - Resmgr::initialize: KBE_ROOT=D:/kbengine/
  INFO root [2018-05-10 21:58:20,089] - Resmgr::initialize: KBE_RES_PATH=D:/kbengine/kbe/res/;D:/kbengine/assets_Battle of Gods/;D:/kbengine/assets_Battle of Gods/scripts/;D:/kbengine/assets_Battle of Gods/res/
  INFO root [2018-05-10 21:58:20,089] - Resmgr::initialize: KBE_BIN_PATH=D:/kbengine/kbe/bin/server/
  INFO root [2018-05-10 21:58:20,101] - NetworkInterface::initialize(INTERNAL): bound to all interfaces with default route interface on 10.1.9.9 ( 10.1.9.9:30616 )
  INFO root [2018-05-10 21:58:20,101] - NetworkInterface::initialize(INTERNAL): address 10.1.9.9:30616, SOMAXCONN=5.
  INFO root [2018-05-10 21:58:20,102] - server-configs:
  INFO root [2018-05-10 21:58:20,102] - 	internalAddr : 10.1.9.9:30616
  INFO root [2018-05-10 21:58:20,102] - 	componentID : 4000
  INFO root [2018-05-10 21:58:21,614] - ---- dbmgr Version: 2.0.0. ScriptVersion: 0.1.0. Protocol: F28F1C37BCC70CD27B77841D4A30E3D7. Config: Debug X86. Built: 16:26:54 Apr 30 2018. AppID: 4000. UID: 10103. PID: 10488 ----
  INFO root [2018-05-10 21:58:21,615] - Server : Intel(R) Core(TM) i7-6700HQ CPU @ 2.60GHz with 2097151kB RAM
  INFO root [2018-05-10 21:58:21,615] - ThreadPool::createThreadPool: creating  threadpool...
  INFO root [2018-05-10 21:58:21,615] - ThreadPool::createThreadPool: successfully(2), newThreadCount=1, normalMaxThreadCount=2, maxThreadCount=8
 DEBUG root [2018-05-10 21:58:21,770] - Script::install_py_dlls(): PyInit_pyexpat
 DEBUG root [2018-05-10 21:58:21,770] - Script::install_py_dlls(): PyInit__socket
 DEBUG root [2018-05-10 21:58:21,771] - Script::install_py_dlls(): PyInit__ssl
 DEBUG root [2018-05-10 21:58:21,777] - Script::install_py_dlls(): PyInit__hashlib
 DEBUG root [2018-05-10 21:58:21,780] - Script::install_py_dlls(): PyInit_select
 DEBUG root [2018-05-10 21:58:21,780] - Script::install_py_dlls(): PyInit__ctypes
 DEBUG root [2018-05-10 21:58:21,781] - Script::install_py_dlls(): PyInit__elementtree
 DEBUG root [2018-05-10 21:58:21,851] - Script::install_py_dlls(): PyInit_unicodedata
  INFO root [2018-05-10 21:58:21,924] - Script::install(): is successfully, Python=(3.4.2 (default, Apr 30 2018, 16:26:41) [MSC v.1900 32 bit (Intel)])!
  INFO root [2018-05-10 21:58:21,924] - Script::install(): KBExtra is successfully!
  INFO root [2018-05-10 21:58:21,939] - Dbmgr::initializeEnd: digest(84376650B76732C627442957B650312F)
S_INFO root [2018-05-10 21:58:21,940] - onDBMgrReady: bootstrapGroupIndex=0, bootstrapGlobalIndex=0
  INFO root [2018-05-10 21:58:21,940] - TelnetServer server is running on port 32000
  INFO root [2018-05-10 21:58:21,941] - Dbmgr::initInterfacesHandler: interfaces addr(127.0.0.1:30099), accountType:(interfaces), chargeType:(interfaces).
  WARN root [2018-05-10 21:58:22,265] - DBUtil::initialize: db(default) password is not encrypted!
please use password(rsa):
4370FEDBBD29A1E4C5B4C0CDDF9FB33105CDC0D94BF8859FFD3B013C1ADC5BF3B575E74DDAB74C0C49E4882463C9D6D2672CA6ADFBBFE58B03A8DFBE99255A0108E390CA1183B4D988D12C448A80CDB5888F3FE2E685D26CE178EE45C9C89705E6251F7E905188D0BB3D31286E923F292CC4E9A7EB526DDF6EAB9DCAD480D080
 DEBUG root [2018-05-10 21:58:22,270] - DBInterfaceMysql::attach: connect: localhost:3306 starting...
 DEBUG root [2018-05-10 21:58:22,282] - DBInterfaceMysql::attach: successfully! addr: localhost:3306
  INFO root [2018-05-10 21:58:22,283] - DBUtil::createInterface[0x1b6ee74]: interface=default, dbtype=mysql, ip=localhost, port=3306, currdatabase=Battle_of_Gods, username=root, connected=yes.

  INFO root [2018-05-10 21:58:22,283] - ThreadPool::createThreadPool: creating  threadpool...
  INFO root [2018-05-10 21:58:22,283] - ThreadPool::createThreadPool: successfully(5), newThreadCount=5, normalMaxThreadCount=5, maxThreadCount=5
 DEBUG root [2018-05-10 21:58:22,284] - DBInterfaceMysql::attach: connect: localhost:3306 starting...
 DEBUG root [2018-05-10 21:58:22,284] - DBInterfaceMysql::attach: connect: localhost:3306 starting...
 DEBUG root [2018-05-10 21:58:22,284] - DBInterfaceMysql::attach: connect: localhost:3306 starting...
 DEBUG root [2018-05-10 21:58:22,285] - DBInterfaceMysql::attach: connect: localhost:3306 starting...
 DEBUG root [2018-05-10 21:58:22,285] - DBInterfaceMysql::attach: connect: localhost:3306 starting...
 DEBUG root [2018-05-10 21:58:22,289] - DBInterfaceMysql::attach: successfully! addr: localhost:3306
 DEBUG root [2018-05-10 21:58:22,289] - DBThread::onStart(): 0x3d6d020!
 DEBUG root [2018-05-10 21:58:22,290] - DBInterfaceMysql::attach: successfully! addr: localhost:3306
 DEBUG root [2018-05-10 21:58:22,290] - DBThread::onStart(): 0x3d6d2c8!
 DEBUG root [2018-05-10 21:58:22,290] - DBInterfaceMysql::attach: successfully! addr: localhost:3306
 DEBUG root [2018-05-10 21:58:22,291] - DBThread::onStart(): 0x3d6d240!
 DEBUG root [2018-05-10 21:58:22,292] - DBInterfaceMysql::attach: successfully! addr: localhost:3306
 DEBUG root [2018-05-10 21:58:22,294] - DBThread::onStart(): 0x3d6d570!
 DEBUG root [2018-05-10 21:58:22,295] - DBInterfaceMysql::attach: successfully! addr: localhost:3306
 DEBUG root [2018-05-10 21:58:22,296] - DBThread::onStart(): 0x3d6cf10!
  INFO root [2018-05-10 21:58:22,387] - DBInterfaceMysql::query: successfully!
  INFO root [2018-05-10 21:58:22,389] - DBInterfaceMysql::query: successfully!
  INFO root [2018-05-10 21:58:22,400] - DBInterfaceMysql::query: successfully!
  INFO root [2018-05-10 21:58:22,403] - DBInterfaceMysql::query: successfully!
  INFO root [2018-05-10 21:58:22,403] - DBInterfaceMysql::query: successfully!
  INFO root [2018-05-10 21:58:22,404] - DBInterfaceMysql::query: successfully!
  INFO root [2018-05-10 21:58:22,404] - DBInterfaceMysql::query: successfully!
  INFO root [2018-05-10 21:58:22,404] - DBInterfaceMysql::query: successfully!
  INFO root [2018-05-10 21:58:22,405] - DBInterfaceMysql::query: successfully!
  INFO root [2018-05-10 21:58:22,405] - DBInterfaceMysql::query: successfully!
  WARN root [2018-05-10 21:58:22,433] - dbmgr.cpp:275: Profile scriptCall took 0.49 seconds
  INFO root [2018-05-10 21:58:23,072] - ---- dbmgr is running ----
 DEBUG root [2018-05-10 21:58:23,073] - Components::process(): Request for the process of identity...
  INFO root [2018-05-10 21:58:30,459] - Components::findComponents: find logger(1)...
  INFO root [2018-05-10 21:58:30,465] - Components::findComponents: found logger, addr:10.1.9.9:30615
  INFO root [2018-05-10 21:58:30,465] - Components::addComponent: reset orderLog, uid=10103!
  INFO root [2018-05-10 21:58:30,466] - Components::addComponent[logger], uid=10103, componentID=2000, globalorderid=1, grouporderid=1, totalcount=1
  INFO root [2018-05-10 21:58:30,490] - Components::process(): Found all the components!
  WARN root [2018-05-10 21:58:30,492] - Forwarding logs to logger[10.1.9.9:30615/0/0/0]...
 ERROR root [2018-05-10 21:58:50,258] - Components::removeComponentByChannel: logger : 2000, Abnormal exit! errorno=10054
  INFO root [2018-05-10 21:58:50,260] - The following logs sent to logger failed:
  WARN root [2018-05-10 21:58:50,261] - ==> [2018-05-10 21:58:50 257] TCPPacketReceiver::processPendingEvents(10.1.9.9:30615): Throwing REASON_GENERAL_NETWORK - WSAECONNRESET
 ERROR root [2018-05-10 21:58:50,262] - ==> [2018-05-10 21:58:50 259] Components::removeComponentByChannel: logger : 2000, Abnormal exit! errorno=10054
  INFO root [2018-05-10 21:58:53,143] - 
  INFO root [2018-05-10 21:58:53,144] - -----------------------------------------------------------------------------------------


  INFO root [2018-05-10 21:58:53,147] - Resmgr::initialize: KBE_ROOT=D:/kbengine/
  INFO root [2018-05-10 21:58:53,148] - Resmgr::initialize: KBE_RES_PATH=D:/kbengine/kbe/res/;D:/kbengine/assets_Battle of Gods/;D:/kbengine/assets_Battle of Gods/scripts/;D:/kbengine/assets_Battle of Gods/res/
  INFO root [2018-05-10 21:58:53,149] - Resmgr::initialize: KBE_BIN_PATH=D:/kbengine/kbe/bin/server/
  INFO root [2018-05-10 21:58:53,157] - NetworkInterface::initialize(INTERNAL): bound to all interfaces with default route interface on 10.1.9.9 ( 10.1.9.9:30648 )
  INFO root [2018-05-10 21:58:53,158] - NetworkInterface::initialize(INTERNAL): address 10.1.9.9:30648, SOMAXCONN=5.
  INFO root [2018-05-10 21:58:53,158] - server-configs:
  INFO root [2018-05-10 21:58:53,158] - 	internalAddr : 10.1.9.9:30648
  INFO root [2018-05-10 21:58:53,158] - 	componentID : 4000
  INFO root [2018-05-10 21:58:54,672] - ---- dbmgr Version: 2.0.0. ScriptVersion: 0.1.0. Protocol: F28F1C37BCC70CD27B77841D4A30E3D7. Config: Debug X86. Built: 16:26:54 Apr 30 2018. AppID: 4000. UID: 10103. PID: 9436 ----
  INFO root [2018-05-10 21:58:54,673] - Server : Intel(R) Core(TM) i7-6700HQ CPU @ 2.60GHz with 2097151kB RAM
  INFO root [2018-05-10 21:58:54,673] - ThreadPool::createThreadPool: creating  threadpool...
  INFO root [2018-05-10 21:58:54,674] - ThreadPool::createThreadPool: successfully(2), newThreadCount=1, normalMaxThreadCount=2, maxThreadCount=8
 DEBUG root [2018-05-10 21:58:54,837] - Script::install_py_dlls(): PyInit_pyexpat
 DEBUG root [2018-05-10 21:58:54,838] - Script::install_py_dlls(): PyInit__socket
 DEBUG root [2018-05-10 21:58:54,838] - Script::install_py_dlls(): PyInit__ssl
 DEBUG root [2018-05-10 21:58:54,842] - Script::install_py_dlls(): PyInit__hashlib
 DEBUG root [2018-05-10 21:58:54,842] - Script::install_py_dlls(): PyInit_select
 DEBUG root [2018-05-10 21:58:54,842] - Script::install_py_dlls(): PyInit__ctypes
 DEBUG root [2018-05-10 21:58:54,844] - Script::install_py_dlls(): PyInit__elementtree
 DEBUG root [2018-05-10 21:58:54,911] - Script::install_py_dlls(): PyInit_unicodedata
  INFO root [2018-05-10 21:58:55,004] - Script::install(): is successfully, Python=(3.4.2 (default, Apr 30 2018, 16:26:41) [MSC v.1900 32 bit (Intel)])!
  INFO root [2018-05-10 21:58:55,005] - Script::install(): KBExtra is successfully!
  INFO root [2018-05-10 21:58:55,040] - Dbmgr::initializeEnd: digest(84376650B76732C627442957B650312F)
S_INFO root [2018-05-10 21:58:55,041] - onDBMgrReady: bootstrapGroupIndex=0, bootstrapGlobalIndex=0
  INFO root [2018-05-10 21:58:55,042] - TelnetServer server is running on port 32000
  INFO root [2018-05-10 21:58:55,046] - Dbmgr::initInterfacesHandler: interfaces addr(127.0.0.1:30099), accountType:(interfaces), chargeType:(interfaces).
  WARN root [2018-05-10 21:58:55,413] - DBUtil::initialize: db(default) password is not encrypted!
please use password(rsa):
14A7B34367980B43BE6F9D1EB81F587606C83FFA211D41E674D7F9DA9664AE57A747F79842D138738E4EE5E0196D2BF1929556E526216A69FEDF0B096A10F7DEBBAA2D0FD9B9C791F4F1512D6E9AA0B9B71CCF1005D3841E81946DF6B1C7D0D964D0CF6307F797489C5BE87BCC0C1CBF70C24A81A062739E3C4674810846BC28
 DEBUG root [2018-05-10 21:58:55,420] - DBInterfaceMysql::attach: connect: localhost:3306 starting...
 DEBUG root [2018-05-10 21:58:55,427] - DBInterfaceMysql::attach: successfully! addr: localhost:3306
  INFO root [2018-05-10 21:58:55,428] - DBUtil::createInterface[0x1b6f2e8]: interface=default, dbtype=mysql, ip=localhost, port=3306, currdatabase=Battle_of_Gods, username=root, connected=yes.

  INFO root [2018-05-10 21:58:55,428] - ThreadPool::createThreadPool: creating  threadpool...
  INFO root [2018-05-10 21:58:55,429] - ThreadPool::createThreadPool: successfully(5), newThreadCount=5, normalMaxThreadCount=5, maxThreadCount=5
 DEBUG root [2018-05-10 21:58:55,431] - DBInterfaceMysql::attach: connect: localhost:3306 starting...
 DEBUG root [2018-05-10 21:58:55,432] - DBInterfaceMysql::attach: connect: localhost:3306 starting...
 DEBUG root [2018-05-10 21:58:55,433] - DBInterfaceMysql::attach: connect: localhost:3306 starting...
 DEBUG root [2018-05-10 21:58:55,433] - DBInterfaceMysql::attach: connect: localhost:3306 starting...
 DEBUG root [2018-05-10 21:58:55,433] - DBInterfaceMysql::attach: connect: localhost:3306 starting...
 DEBUG root [2018-05-10 21:58:55,438] - DBInterfaceMysql::attach: successfully! addr: localhost:3306
 DEBUG root [2018-05-10 21:58:55,438] - DBThread::onStart(): 0x3db8eb8!
 DEBUG root [2018-05-10 21:58:55,438] - DBInterfaceMysql::attach: successfully! addr: localhost:3306
 DEBUG root [2018-05-10 21:58:55,438] - DBThread::onStart(): 0x3db8da8!
 DEBUG root [2018-05-10 21:58:55,439] - DBInterfaceMysql::attach: successfully! addr: localhost:3306
 DEBUG root [2018-05-10 21:58:55,439] - DBThread::onStart(): 0x3db8418!
 DEBUG root [2018-05-10 21:58:55,439] - DBInterfaceMysql::attach: successfully! addr: localhost:3306
 DEBUG root [2018-05-10 21:58:55,440] - DBThread::onStart(): 0x3db91e8!
 DEBUG root [2018-05-10 21:58:55,440] - DBInterfaceMysql::attach: successfully! addr: localhost:3306
 DEBUG root [2018-05-10 21:58:55,440] - DBThread::onStart(): 0x63395e8!
  INFO root [2018-05-10 21:58:55,537] - DBInterfaceMysql::query: successfully!
  INFO root [2018-05-10 21:58:55,541] - DBInterfaceMysql::query: successfully!
  INFO root [2018-05-10 21:58:55,542] - DBInterfaceMysql::query: successfully!
  INFO root [2018-05-10 21:58:55,550] - DBInterfaceMysql::query: successfully!
  INFO root [2018-05-10 21:58:55,552] - DBInterfaceMysql::query: successfully!
  INFO root [2018-05-10 21:58:55,553] - DBInterfaceMysql::query: successfully!
  INFO root [2018-05-10 21:58:55,553] - DBInterfaceMysql::query: successfully!
  INFO root [2018-05-10 21:58:55,554] - DBInterfaceMysql::query: successfully!
  INFO root [2018-05-10 21:58:55,554] - DBInterfaceMysql::query: successfully!
  INFO root [2018-05-10 21:58:55,557] - DBInterfaceMysql::query: successfully!
  WARN root [2018-05-10 21:58:55,574] - dbmgr.cpp:275: Profile scriptCall took 0.53 seconds
  INFO root [2018-05-10 21:58:56,229] - ---- dbmgr is running ----
 DEBUG root [2018-05-10 21:58:56,231] - Components::process(): Request for the process of identity...
  INFO root [2018-05-10 21:59:03,541] - Components::findComponents: find logger(1)...
  INFO root [2018-05-10 21:59:03,637] - Components::findComponents: found logger, addr:10.1.9.9:30647
  INFO root [2018-05-10 21:59:03,637] - Components::addComponent: reset orderLog, uid=10103!
  INFO root [2018-05-10 21:59:03,638] - Components::addComponent[logger], uid=10103, componentID=2000, globalorderid=1, grouporderid=1, totalcount=1
  WARN root [2018-05-10 21:59:03,640] - Forwarding logs to logger[10.1.9.9:30647/0/0/0]...
 ERROR root [2018-05-10 22:00:24,103] - Components::removeComponentByChannel: logger : 2000, Abnormal exit! errorno=10054
  INFO root [2018-05-10 22:00:24,109] - The following logs sent to logger failed:
  WARN root [2018-05-10 22:00:24,110] - ==> [2018-05-10 22:00:24 103] TCPPacketReceiver::processPendingEvents(10.1.9.9:30647): Throwing REASON_GENERAL_NETWORK - WSAECONNRESET
 ERROR root [2018-05-10 22:00:24,110] - ==> [2018-05-10 22:00:24 104] Components::removeComponentByChannel: logger : 2000, Abnormal exit! errorno=10054
  INFO root [2018-05-10 22:04:03,083] - 
  INFO root [2018-05-10 22:04:03,088] - -----------------------------------------------------------------------------------------


  INFO root [2018-05-10 22:04:03,090] - Resmgr::initialize: KBE_ROOT=D:/kbengine/
  INFO root [2018-05-10 22:04:03,091] - Resmgr::initialize: KBE_RES_PATH=D:/kbengine/kbe/res/;D:/kbengine/assets_Battle of Gods/;D:/kbengine/assets_Battle of Gods/scripts/;D:/kbengine/assets_Battle of Gods/res/
  INFO root [2018-05-10 22:04:03,093] - Resmgr::initialize: KBE_BIN_PATH=D:/kbengine/kbe/bin/server/
  INFO root [2018-05-10 22:04:03,139] - NetworkInterface::initialize(INTERNAL): bound to all interfaces with default route interface on 10.1.9.9 ( 10.1.9.9:30787 )
  INFO root [2018-05-10 22:04:03,139] - NetworkInterface::initialize(INTERNAL): address 10.1.9.9:30787, SOMAXCONN=5.
  INFO root [2018-05-10 22:04:03,139] - server-configs:
  INFO root [2018-05-10 22:04:03,140] - 	internalAddr : 10.1.9.9:30787
  INFO root [2018-05-10 22:04:03,140] - 	componentID : 4000
  INFO root [2018-05-10 22:04:04,660] - ---- dbmgr Version: 2.0.0. ScriptVersion: 0.1.0. Protocol: F28F1C37BCC70CD27B77841D4A30E3D7. Config: Debug X86. Built: 16:26:54 Apr 30 2018. AppID: 4000. UID: 10103. PID: 10204 ----
  INFO root [2018-05-10 22:04:04,660] - Server : Intel(R) Core(TM) i7-6700HQ CPU @ 2.60GHz with 2097151kB RAM
  INFO root [2018-05-10 22:04:04,661] - ThreadPool::createThreadPool: creating  threadpool...
  INFO root [2018-05-10 22:04:04,661] - ThreadPool::createThreadPool: successfully(2), newThreadCount=1, normalMaxThreadCount=2, maxThreadCount=8
 DEBUG root [2018-05-10 22:04:04,818] - Script::install_py_dlls(): PyInit_pyexpat
 DEBUG root [2018-05-10 22:04:04,819] - Script::install_py_dlls(): PyInit__socket
 DEBUG root [2018-05-10 22:04:04,819] - Script::install_py_dlls(): PyInit__ssl
 DEBUG root [2018-05-10 22:04:04,830] - Script::install_py_dlls(): PyInit__hashlib
 DEBUG root [2018-05-10 22:04:04,831] - Script::install_py_dlls(): PyInit_select
 DEBUG root [2018-05-10 22:04:04,831] - Script::install_py_dlls(): PyInit__ctypes
 DEBUG root [2018-05-10 22:04:04,832] - Script::install_py_dlls(): PyInit__elementtree
 DEBUG root [2018-05-10 22:04:04,913] - Script::install_py_dlls(): PyInit_unicodedata
  INFO root [2018-05-10 22:04:05,008] - Script::install(): is successfully, Python=(3.4.2 (default, Apr 30 2018, 16:26:41) [MSC v.1900 32 bit (Intel)])!
  INFO root [2018-05-10 22:04:05,009] - Script::install(): KBExtra is successfully!
  INFO root [2018-05-10 22:04:05,035] - Dbmgr::initializeEnd: digest(84376650B76732C627442957B650312F)
S_INFO root [2018-05-10 22:04:05,035] - onDBMgrReady: bootstrapGroupIndex=0, bootstrapGlobalIndex=0
  INFO root [2018-05-10 22:04:05,036] - TelnetServer server is running on port 32000
  INFO root [2018-05-10 22:04:05,039] - Dbmgr::initInterfacesHandler: interfaces addr(127.0.0.1:30099), accountType:(interfaces), chargeType:(interfaces).
  WARN root [2018-05-10 22:04:05,413] - DBUtil::initialize: db(default) password is not encrypted!
please use password(rsa):
C36C8934072E5E0BA21D553810120607BB1C885C1467E3F45BF4B6BCC56D9E7EBC84E884BCBD73BF53A953A05D308E0B17FC4A71D7A88380C4C283CA9F9BFBF91C5F62FF68CD57E6E82979C049C54CEF9F2AB8381E2651F33F844C39B68A329C11073A3D7C5A49C54B4C7A72DC9EB87CE08CCF26B7FB1CF5851909A430CDB4D7
 DEBUG root [2018-05-10 22:04:05,416] - DBInterfaceMysql::attach: connect: localhost:3306 starting...
 DEBUG root [2018-05-10 22:04:05,427] - DBInterfaceMysql::attach: successfully! addr: localhost:3306
  INFO root [2018-05-10 22:04:05,427] - DBUtil::createInterface[0x1b6f2d4]: interface=default, dbtype=mysql, ip=localhost, port=3306, currdatabase=Battle_of_Gods, username=root, connected=yes.

  INFO root [2018-05-10 22:04:05,428] - ThreadPool::createThreadPool: creating  threadpool...
  INFO root [2018-05-10 22:04:05,429] - ThreadPool::createThreadPool: successfully(5), newThreadCount=5, normalMaxThreadCount=5, maxThreadCount=5
 DEBUG root [2018-05-10 22:04:05,429] - DBInterfaceMysql::attach: connect: localhost:3306 starting...
 DEBUG root [2018-05-10 22:04:05,429] - DBInterfaceMysql::attach: connect: localhost:3306 starting...
 DEBUG root [2018-05-10 22:04:05,430] - DBInterfaceMysql::attach: connect: localhost:3306 starting...
 DEBUG root [2018-05-10 22:04:05,430] - DBInterfaceMysql::attach: connect: localhost:3306 starting...
 DEBUG root [2018-05-10 22:04:05,430] - DBInterfaceMysql::attach: connect: localhost:3306 starting...
 DEBUG root [2018-05-10 22:04:05,434] - DBInterfaceMysql::attach: successfully! addr: localhost:3306
 DEBUG root [2018-05-10 22:04:05,435] - DBThread::onStart(): 0x3edcbb8!
 DEBUG root [2018-05-10 22:04:05,435] - DBInterfaceMysql::attach: successfully! addr: localhost:3306
 DEBUG root [2018-05-10 22:04:05,436] - DBThread::onStart(): 0x3edc2b0!
 DEBUG root [2018-05-10 22:04:05,436] - DBInterfaceMysql::attach: successfully! addr: localhost:3306
 DEBUG root [2018-05-10 22:04:05,437] - DBThread::onStart(): 0x3edcb30!
 DEBUG root [2018-05-10 22:04:05,437] - DBInterfaceMysql::attach: successfully! addr: localhost:3306
 DEBUG root [2018-05-10 22:04:05,438] - DBThread::onStart(): 0x3edc448!
 DEBUG root [2018-05-10 22:04:05,438] - DBInterfaceMysql::attach: successfully! addr: localhost:3306
 DEBUG root [2018-05-10 22:04:05,439] - DBThread::onStart(): 0x3edca20!
  INFO root [2018-05-10 22:04:05,533] - DBInterfaceMysql::query: successfully!
  INFO root [2018-05-10 22:04:05,537] - DBInterfaceMysql::query: successfully!
  INFO root [2018-05-10 22:04:05,539] - DBInterfaceMysql::query: successfully!
  INFO root [2018-05-10 22:04:05,544] - DBInterfaceMysql::query: successfully!
  INFO root [2018-05-10 22:04:05,548] - DBInterfaceMysql::query: successfully!
  INFO root [2018-05-10 22:04:05,548] - DBInterfaceMysql::query: successfully!
  INFO root [2018-05-10 22:04:05,548] - DBInterfaceMysql::query: successfully!
  INFO root [2018-05-10 22:04:05,549] - DBInterfaceMysql::query: successfully!
  INFO root [2018-05-10 22:04:05,550] - DBInterfaceMysql::query: successfully!
  INFO root [2018-05-10 22:04:05,551] - DBInterfaceMysql::query: successfully!
  WARN root [2018-05-10 22:04:05,572] - dbmgr.cpp:275: Profile scriptCall took 0.54 seconds
  INFO root [2018-05-10 22:04:06,112] - ---- dbmgr is running ----
 DEBUG root [2018-05-10 22:04:06,113] - Components::process(): Request for the process of identity...
  INFO root [2018-05-10 22:04:13,373] - Components::findComponents: find logger(1)...
  INFO root [2018-05-10 22:04:13,465] - Components::findComponents: found logger, addr:10.1.9.9:30786
  INFO root [2018-05-10 22:04:13,465] - Components::addComponent: reset orderLog, uid=10103!
  INFO root [2018-05-10 22:04:13,466] - Components::addComponent[logger], uid=10103, componentID=2000, globalorderid=1, grouporderid=1, totalcount=1
  WARN root [2018-05-10 22:04:13,467] - Forwarding logs to logger[10.1.9.9:30786/0/0/0]...
 ERROR root [2018-05-10 22:07:13,769] - Components::removeComponentByChannel: logger : 2000, Abnormal exit! errorno=10054
  INFO root [2018-05-10 22:07:13,770] - The following logs sent to logger failed:
  WARN root [2018-05-10 22:07:13,771] - ==> [2018-05-10 22:07:13 769] TCPPacketReceiver::processPendingEvents(10.1.9.9:30786): Throwing REASON_GENERAL_NETWORK - WSAECONNRESET
 ERROR root [2018-05-10 22:07:13,771] - ==> [2018-05-10 22:07:13 770] Components::removeComponentByChannel: logger : 2000, Abnormal exit! errorno=10054
  INFO root [2018-05-10 22:07:16,073] - 
  INFO root [2018-05-10 22:07:16,082] - -----------------------------------------------------------------------------------------


  INFO root [2018-05-10 22:07:16,085] - Resmgr::initialize: KBE_ROOT=D:/kbengine/
  INFO root [2018-05-10 22:07:16,085] - Resmgr::initialize: KBE_RES_PATH=D:/kbengine/kbe/res/;D:/kbengine/assets_Battle of Gods/;D:/kbengine/assets_Battle of Gods/scripts/;D:/kbengine/assets_Battle of Gods/res/
  INFO root [2018-05-10 22:07:16,085] - Resmgr::initialize: KBE_BIN_PATH=D:/kbengine/kbe/bin/server/
  INFO root [2018-05-10 22:07:16,155] - NetworkInterface::initialize(INTERNAL): bound to all interfaces with default route interface on 10.1.9.9 ( 10.1.9.9:30873 )
  INFO root [2018-05-10 22:07:16,156] - NetworkInterface::initialize(INTERNAL): address 10.1.9.9:30873, SOMAXCONN=5.
  INFO root [2018-05-10 22:07:16,156] - server-configs:
  INFO root [2018-05-10 22:07:16,156] - 	internalAddr : 10.1.9.9:30873
  INFO root [2018-05-10 22:07:16,156] - 	componentID : 4000
  INFO root [2018-05-10 22:07:17,683] - ---- dbmgr Version: 2.0.0. ScriptVersion: 0.1.0. Protocol: F28F1C37BCC70CD27B77841D4A30E3D7. Config: Debug X86. Built: 16:26:54 Apr 30 2018. AppID: 4000. UID: 10103. PID: 6024 ----
  INFO root [2018-05-10 22:07:17,683] - Server : Intel(R) Core(TM) i7-6700HQ CPU @ 2.60GHz with 2097151kB RAM
  INFO root [2018-05-10 22:07:17,684] - ThreadPool::createThreadPool: creating  threadpool...
  INFO root [2018-05-10 22:07:17,685] - ThreadPool::createThreadPool: successfully(2), newThreadCount=1, normalMaxThreadCount=2, maxThreadCount=8
 DEBUG root [2018-05-10 22:07:17,847] - Script::install_py_dlls(): PyInit_pyexpat
 DEBUG root [2018-05-10 22:07:17,847] - Script::install_py_dlls(): PyInit__socket
 DEBUG root [2018-05-10 22:07:17,849] - Script::install_py_dlls(): PyInit__ssl
 DEBUG root [2018-05-10 22:07:17,854] - Script::install_py_dlls(): PyInit__hashlib
 DEBUG root [2018-05-10 22:07:17,855] - Script::install_py_dlls(): PyInit_select
 DEBUG root [2018-05-10 22:07:17,855] - Script::install_py_dlls(): PyInit__ctypes
 DEBUG root [2018-05-10 22:07:17,856] - Script::install_py_dlls(): PyInit__elementtree
 DEBUG root [2018-05-10 22:07:17,917] - Script::install_py_dlls(): PyInit_unicodedata
  INFO root [2018-05-10 22:07:17,961] - Script::install(): is successfully, Python=(3.4.2 (default, Apr 30 2018, 16:26:41) [MSC v.1900 32 bit (Intel)])!
  INFO root [2018-05-10 22:07:17,962] - Script::install(): KBExtra is successfully!
  INFO root [2018-05-10 22:07:17,971] - Dbmgr::initializeEnd: digest(84376650B76732C627442957B650312F)
S_INFO root [2018-05-10 22:07:17,971] - onDBMgrReady: bootstrapGroupIndex=0, bootstrapGlobalIndex=0
  INFO root [2018-05-10 22:07:17,971] - TelnetServer server is running on port 32000
  INFO root [2018-05-10 22:07:17,972] - Dbmgr::initInterfacesHandler: interfaces addr(127.0.0.1:30099), accountType:(interfaces), chargeType:(interfaces).
  WARN root [2018-05-10 22:07:18,190] - DBUtil::initialize: db(default) password is not encrypted!
please use password(rsa):
0DB39DD171297E23C1808E8D57E5762BB45C242A67937DE6062C93AFB18C50FC7D06EEFA0D3C43E2C49B461CA4B42531EF14A6D6173932D9D12ACFF88AD0417CD562F4F40EC4956697D3B0B4CD1AB49B672435B69A3AB234BCD83CB1FDEB775AFB48430788CE3EF3B40C216639008A1D0D64E3621B43DE0D2219A5E859AAD783
 DEBUG root [2018-05-10 22:07:18,193] - DBInterfaceMysql::attach: connect: localhost:3306 starting...
 DEBUG root [2018-05-10 22:07:18,197] - DBInterfaceMysql::attach: successfully! addr: localhost:3306
  INFO root [2018-05-10 22:07:18,198] - DBUtil::createInterface[0x36f05c]: interface=default, dbtype=mysql, ip=localhost, port=3306, currdatabase=Battle_of_Gods, username=root, connected=yes.

  INFO root [2018-05-10 22:07:18,198] - ThreadPool::createThreadPool: creating  threadpool...
  INFO root [2018-05-10 22:07:18,198] - ThreadPool::createThreadPool: successfully(5), newThreadCount=5, normalMaxThreadCount=5, maxThreadCount=5
 DEBUG root [2018-05-10 22:07:18,199] - DBInterfaceMysql::attach: connect: localhost:3306 starting...
 DEBUG root [2018-05-10 22:07:18,199] - DBInterfaceMysql::attach: connect: localhost:3306 starting...
 DEBUG root [2018-05-10 22:07:18,199] - DBInterfaceMysql::attach: connect: localhost:3306 starting...
 DEBUG root [2018-05-10 22:07:18,199] - DBInterfaceMysql::attach: connect: localhost:3306 starting...
 DEBUG root [2018-05-10 22:07:18,200] - DBInterfaceMysql::attach: connect: localhost:3306 starting...
 DEBUG root [2018-05-10 22:07:18,204] - DBInterfaceMysql::attach: successfully! addr: localhost:3306
 DEBUG root [2018-05-10 22:07:18,205] - DBThread::onStart(): 0x3db3218!
 DEBUG root [2018-05-10 22:07:18,205] - DBInterfaceMysql::attach: successfully! addr: localhost:3306
 DEBUG root [2018-05-10 22:07:18,205] - DBThread::onStart(): 0x3db2a20!
 DEBUG root [2018-05-10 22:07:18,206] - DBInterfaceMysql::attach: successfully! addr: localhost:3306
 DEBUG root [2018-05-10 22:07:18,206] - DBThread::onStart(): 0x3db2ee8!
 DEBUG root [2018-05-10 22:07:18,206] - DBInterfaceMysql::attach: successfully! addr: localhost:3306
 DEBUG root [2018-05-10 22:07:18,206] - DBThread::onStart(): 0x3db3190!
 DEBUG root [2018-05-10 22:07:18,207] - DBInterfaceMysql::attach: successfully! addr: localhost:3306
 DEBUG root [2018-05-10 22:07:18,207] - DBThread::onStart(): 0x3db32a0!
  INFO root [2018-05-10 22:07:18,302] - DBInterfaceMysql::query: successfully!
  INFO root [2018-05-10 22:07:18,306] - DBInterfaceMysql::query: successfully!
  INFO root [2018-05-10 22:07:18,307] - DBInterfaceMysql::query: successfully!
  INFO root [2018-05-10 22:07:18,308] - DBInterfaceMysql::query: successfully!
  INFO root [2018-05-10 22:07:18,311] - DBInterfaceMysql::query: successfully!
  INFO root [2018-05-10 22:07:18,314] - DBInterfaceMysql::query: successfully!
  INFO root [2018-05-10 22:07:18,314] - DBInterfaceMysql::query: successfully!
  INFO root [2018-05-10 22:07:18,315] - DBInterfaceMysql::query: successfully!
  INFO root [2018-05-10 22:07:18,315] - DBInterfaceMysql::query: successfully!
  INFO root [2018-05-10 22:07:18,316] - DBInterfaceMysql::query: successfully!
  WARN root [2018-05-10 22:07:18,338] - dbmgr.cpp:275: Profile scriptCall took 0.37 seconds
  INFO root [2018-05-10 22:07:18,837] - ---- dbmgr is running ----
 DEBUG root [2018-05-10 22:07:18,837] - Components::process(): Request for the process of identity...
  INFO root [2018-05-10 22:07:26,101] - Components::findComponents: find logger(1)...
  INFO root [2018-05-10 22:07:26,213] - Components::findComponents: found logger, addr:10.1.9.9:30870
  INFO root [2018-05-10 22:07:26,213] - Components::addComponent: reset orderLog, uid=10103!
  INFO root [2018-05-10 22:07:26,213] - Components::addComponent[logger], uid=10103, componentID=2000, globalorderid=1, grouporderid=1, totalcount=1
  WARN root [2018-05-10 22:07:26,215] - Forwarding logs to logger[10.1.9.9:30870/0/0/0]...
