  INFO root [2018-07-15 12:13:28,255] - 
  INFO root [2018-07-15 12:13:28,255] - -----------------------------------------------------------------------------------------


  INFO root [2018-07-15 12:13:28,255] - Resmgr::initialize: KBE_ROOT=D:/kbengine/
  INFO root [2018-07-15 12:13:28,255] - Resmgr::initialize: KBE_RES_PATH=D:/kbengine/kbe/res/;D:/kbengine/assets_Battle of Gods/;D:/kbengine/assets_Battle of Gods/scripts/;D:/kbengine/assets_Battle of Gods/res/
  INFO root [2018-07-15 12:13:28,255] - Resmgr::initialize: KBE_BIN_PATH=D:/kbengine/kbe/bin/server/
  INFO root [2018-07-15 12:13:28,270] - NetworkInterface::initialize(INTERNAL): bound to all interfaces with default route interface on 10.139.66.192 ( 10.139.66.192:63454 )
  INFO root [2018-07-15 12:13:28,270] - NetworkInterface::initialize(INTERNAL): address 10.139.66.192:63454, SOMAXCONN=5.
  INFO root [2018-07-15 12:13:28,270] - server-configs:
  INFO root [2018-07-15 12:13:28,270] - 	internalAddr : 10.139.66.192:63454
  INFO root [2018-07-15 12:13:28,270] - 	componentID : 4000
  INFO root [2018-07-15 12:13:28,317] - Components::findLogger: found logger, addr:10.139.66.192:63449
  INFO root [2018-07-15 12:13:28,317] - Components::addComponent: reset orderLog, uid=10103!
  INFO root [2018-07-15 12:13:28,317] - Components::addComponent[logger], uid=10103, componentID=2000, globalorderid=1, grouporderid=1, totalcount=1
  INFO root [2018-07-15 12:13:28,333] - ---- dbmgr Version: 2.0.0. ScriptVersion: 0.1.0. Protocol: F28F1C37BCC70CD27B77841D4A30E3D7. Config: Debug X86. Built: 16:26:54 Apr 30 2018. AppID: 4000. UID: 10103. PID: 13344 ----
  INFO root [2018-07-15 12:13:28,333] - Server : Intel(R) Core(TM) i7-6700HQ CPU @ 2.60GHz with 2097151kB RAM
  INFO root [2018-07-15 12:13:28,333] - ThreadPool::createThreadPool: creating  threadpool...
  INFO root [2018-07-15 12:13:28,333] - ThreadPool::createThreadPool: successfully(2), newThreadCount=1, normalMaxThreadCount=2, maxThreadCount=8
 DEBUG root [2018-07-15 12:13:28,489] - Script::install_py_dlls(): PyInit_pyexpat
 DEBUG root [2018-07-15 12:13:28,489] - Script::install_py_dlls(): PyInit__socket
 DEBUG root [2018-07-15 12:13:28,489] - Script::install_py_dlls(): PyInit__ssl
 DEBUG root [2018-07-15 12:13:28,489] - Script::install_py_dlls(): PyInit__hashlib
 DEBUG root [2018-07-15 12:13:28,489] - Script::install_py_dlls(): PyInit_select
 DEBUG root [2018-07-15 12:13:28,489] - Script::install_py_dlls(): PyInit__ctypes
 DEBUG root [2018-07-15 12:13:28,489] - Script::install_py_dlls(): PyInit__elementtree
 DEBUG root [2018-07-15 12:13:28,583] - Script::install_py_dlls(): PyInit_unicodedata
  INFO root [2018-07-15 12:13:28,630] - Script::install(): is successfully, Python=(3.4.2 (default, Apr 30 2018, 16:26:41) [MSC v.1900 32 bit (Intel)])!
  INFO root [2018-07-15 12:13:28,630] - Script::install(): KBExtra is successfully!
  INFO root [2018-07-15 12:13:28,744] - Dbmgr::initializeEnd: digest(C95DE6D5002D07290C22E7EB545AD684)
S_INFO root [2018-07-15 12:13:28,744] - onDBMgrReady: bootstrapGroupIndex=0, bootstrapGlobalIndex=0
  INFO root [2018-07-15 12:13:28,744] - TelnetServer server is running on port 32000
  INFO root [2018-07-15 12:13:28,744] - Dbmgr::initInterfacesHandler: interfaces addr(127.0.0.1:30099), accountType:(interfaces), chargeType:(interfaces).
  WARN root [2018-07-15 12:13:29,025] - DBUtil::initialize: db(default) password is not encrypted!
please use password(rsa):
BB38E0C2265F1C35C5C8753B707AA29FBB8B31A1F203B095462E5F9C145A1AB2EE4077317943ECE4E7777F3677A3AF76F5EAC12C9BD227E489A5DC4A1AF8635A4D69FE69E2D87CDD30525A08C064A85BFA1A929173C3DB03C02CAFAF9F8DAA7E799E635AA161EE9E562408C96BA151D3AC8ABE3B4D5B439DC79B023BA0134A4F
 DEBUG root [2018-07-15 12:13:29,072] - DBInterfaceMysql::attach: connect: localhost:3306 starting...
 DEBUG root [2018-07-15 12:13:29,119] - DBInterfaceMysql::attach: successfully! addr: localhost:3306
  INFO root [2018-07-15 12:13:29,119] - DBUtil::createInterface[0x23bf510]: interface=default, dbtype=mysql, ip=localhost, port=3306, currdatabase=Battle_of_Gods, username=root, connected=yes.

  INFO root [2018-07-15 12:13:29,119] - ThreadPool::createThreadPool: creating  threadpool...
  INFO root [2018-07-15 12:13:29,119] - ThreadPool::createThreadPool: successfully(5), newThreadCount=5, normalMaxThreadCount=5, maxThreadCount=5
 DEBUG root [2018-07-15 12:13:29,119] - DBInterfaceMysql::attach: connect: localhost:3306 starting...
 DEBUG root [2018-07-15 12:13:29,119] - DBInterfaceMysql::attach: connect: localhost:3306 starting...
 DEBUG root [2018-07-15 12:13:29,119] - DBInterfaceMysql::attach: connect: localhost:3306 starting...
 DEBUG root [2018-07-15 12:13:29,119] - DBInterfaceMysql::attach: connect: localhost:3306 starting...
 DEBUG root [2018-07-15 12:13:29,119] - DBInterfaceMysql::attach: connect: localhost:3306 starting...
 DEBUG root [2018-07-15 12:13:29,150] - DBInterfaceMysql::attach: successfully! addr: localhost:3306
 DEBUG root [2018-07-15 12:13:29,150] - DBThread::onStart(): 0x13c058!
 DEBUG root [2018-07-15 12:13:29,150] - DBInterfaceMysql::attach: successfully! addr: localhost:3306
 DEBUG root [2018-07-15 12:13:29,150] - DBThread::onStart(): 0x13c6b8!
 DEBUG root [2018-07-15 12:13:29,150] - DBInterfaceMysql::attach: successfully! addr: localhost:3306
 DEBUG root [2018-07-15 12:13:29,150] - DBThread::onStart(): 0x13cd18!
 DEBUG root [2018-07-15 12:13:29,150] - DBInterfaceMysql::attach: successfully! addr: localhost:3306
 DEBUG root [2018-07-15 12:13:29,150] - DBThread::onStart(): 0x13c5a8!
 DEBUG root [2018-07-15 12:13:29,150] - DBInterfaceMysql::attach: successfully! addr: localhost:3306
 DEBUG root [2018-07-15 12:13:29,150] - DBThread::onStart(): 0x13c630!
  INFO root [2018-07-15 12:13:29,228] - DBInterfaceMysql::query: successfully!
  INFO root [2018-07-15 12:13:29,228] - DBInterfaceMysql::query: successfully!
  INFO root [2018-07-15 12:13:29,244] - DBInterfaceMysql::query: successfully!
  INFO root [2018-07-15 12:13:29,259] - DBInterfaceMysql::query: successfully!
  INFO root [2018-07-15 12:13:29,259] - DBInterfaceMysql::query: successfully!
  INFO root [2018-07-15 12:13:29,259] - DBInterfaceMysql::query: successfully!
  INFO root [2018-07-15 12:13:29,259] - DBInterfaceMysql::query: successfully!
  INFO root [2018-07-15 12:13:29,259] - DBInterfaceMysql::query: successfully!
  INFO root [2018-07-15 12:13:29,259] - DBInterfaceMysql::query: successfully!
  INFO root [2018-07-15 12:13:29,275] - DBInterfaceMysql::query: successfully!
  WARN root [2018-07-15 12:13:29,306] - dbmgr.cpp:275: Profile scriptCall took 0.56 seconds
  INFO root [2018-07-15 12:13:29,884] - ---- dbmgr is running ----
 DEBUG root [2018-07-15 12:13:29,884] - Components::process(): Request for the process of identity...
  WARN root [2018-07-15 12:13:36,258] - Forwarding logs to logger[10.139.66.192:63449/0/0/0]...
 ERROR root [2018-07-15 12:17:45,544] - Components::removeComponentByChannel: logger : 2000, Abnormal exit! errorno=10054
  INFO root [2018-07-15 12:17:45,546] - The following logs sent to logger failed:
  WARN root [2018-07-15 12:17:45,547] - ==> [2018-07-15 12:17:45 543] TCPPacketReceiver::processPendingEvents(10.139.66.192:63449): Throwing REASON_GENERAL_NETWORK - WSAECONNRESET
 ERROR root [2018-07-15 12:17:45,547] - ==> [2018-07-15 12:17:45 545] Components::removeComponentByChannel: logger : 2000, Abnormal exit! errorno=10054
