  INFO root [2018-08-06 09:41:14,973] - 
  INFO root [2018-08-06 09:41:14,973] - -----------------------------------------------------------------------------------------


  INFO root [2018-08-06 09:41:14,975] - Resmgr::initialize: KBE_ROOT=D:/kbengine/
  INFO root [2018-08-06 09:41:14,975] - Resmgr::initialize: KBE_RES_PATH=D:/kbengine/kbe/res/;D:/kbengine/assets_Battle of Gods/;D:/kbengine/assets_Battle of Gods/scripts/;D:/kbengine/assets_Battle of Gods/res/
  INFO root [2018-08-06 09:41:14,975] - Resmgr::initialize: KBE_BIN_PATH=D:/kbengine/kbe/bin/server/
  INFO root [2018-08-06 09:41:14,982] - NetworkInterface::initialize(INTERNAL): bound to all interfaces with default route interface on 10.139.66.192 ( 10.139.66.192:30099 )
  INFO root [2018-08-06 09:41:15,014] - NetworkInterface::initialize(INTERNAL): address 10.139.66.192:30099, SOMAXCONN=5.
  INFO root [2018-08-06 09:41:15,022] - ---- interfaces Version: 2.0.0. ScriptVersion: 0.1.0. Protocol: A3D4913C83C4082A29723B2DA267A5B0. Config: Debug X86. Built: 16:26:48 Apr 30 2018. AppID: 3000. UID: 10103. PID: 5908 ----
  INFO root [2018-08-06 09:41:15,023] - Server : Intel(R) Core(TM) i7-6700HQ CPU @ 2.60GHz with 2097151kB RAM
  INFO root [2018-08-06 09:41:15,024] - ThreadPool::createThreadPool: creating  threadpool...
  INFO root [2018-08-06 09:41:15,025] - ThreadPool::createThreadPool: successfully(2), newThreadCount=1, normalMaxThreadCount=2, maxThreadCount=8
 DEBUG root [2018-08-06 09:41:15,182] - Script::install_py_dlls(): PyInit_pyexpat
 DEBUG root [2018-08-06 09:41:15,182] - Script::install_py_dlls(): PyInit__socket
 DEBUG root [2018-08-06 09:41:15,183] - Script::install_py_dlls(): PyInit__ssl
 DEBUG root [2018-08-06 09:41:15,188] - Script::install_py_dlls(): PyInit__hashlib
 DEBUG root [2018-08-06 09:41:15,189] - Script::install_py_dlls(): PyInit_select
 DEBUG root [2018-08-06 09:41:15,189] - Script::install_py_dlls(): PyInit__ctypes
 DEBUG root [2018-08-06 09:41:15,190] - Script::install_py_dlls(): PyInit__elementtree
 DEBUG root [2018-08-06 09:41:15,927] - Script::install_py_dlls(): PyInit_unicodedata
  INFO root [2018-08-06 09:41:16,606] - Script::install(): is successfully, Python=(3.4.2 (default, Apr 30 2018, 16:26:41) [MSC v.1900 32 bit (Intel)])!
  INFO root [2018-08-06 09:41:16,607] - Script::install(): KBExtra is successfully!
S_INFO root [2018-08-06 09:41:17,560] - onInterfaceAppReady: bootstrapGroupIndex=0, bootstrapGlobalIndex=0
  INFO root [2018-08-06 09:41:17,670] - TelnetServer server is running on port 33000
  WARN root [2018-08-06 09:41:17,670] - interfaces.cpp:146: Profile scriptCall took 0.11 seconds
  INFO root [2018-08-06 09:41:18,414] - ---- interfaces is running ----
 DEBUG root [2018-08-06 09:41:18,414] - Components::process(): Request for the process of identity...
  INFO root [2018-08-06 09:41:25,777] - Components::process(): Found all the components!
  WARN root [2018-08-06 09:43:17,083] - TCPPacketReceiver::processPendingEvents(127.0.0.1:5528): Throwing REASON_GENERAL_NETWORK - WSAECONNRESET
  INFO root [2018-08-06 09:43:20,276] - 
  INFO root [2018-08-06 09:43:20,276] - -----------------------------------------------------------------------------------------


  INFO root [2018-08-06 09:43:20,278] - Resmgr::initialize: KBE_ROOT=D:/kbengine/
  INFO root [2018-08-06 09:43:20,278] - Resmgr::initialize: KBE_RES_PATH=D:/kbengine/kbe/res/;D:/kbengine/assets_Battle of Gods/;D:/kbengine/assets_Battle of Gods/scripts/;D:/kbengine/assets_Battle of Gods/res/
  INFO root [2018-08-06 09:43:20,278] - Resmgr::initialize: KBE_BIN_PATH=D:/kbengine/kbe/bin/server/
  INFO root [2018-08-06 09:43:20,286] - NetworkInterface::initialize(INTERNAL): bound to all interfaces with default route interface on 10.139.66.192 ( 10.139.66.192:30099 )
  INFO root [2018-08-06 09:43:20,286] - NetworkInterface::initialize(INTERNAL): address 10.139.66.192:30099, SOMAXCONN=5.
  INFO root [2018-08-06 09:43:20,292] - ---- interfaces Version: 2.0.0. ScriptVersion: 0.1.0. Protocol: A3D4913C83C4082A29723B2DA267A5B0. Config: Debug X86. Built: 16:26:48 Apr 30 2018. AppID: 3000. UID: 10103. PID: 9088 ----
  INFO root [2018-08-06 09:43:20,293] - Server : Intel(R) Core(TM) i7-6700HQ CPU @ 2.60GHz with 2097151kB RAM
  INFO root [2018-08-06 09:43:20,293] - ThreadPool::createThreadPool: creating  threadpool...
  INFO root [2018-08-06 09:43:20,293] - ThreadPool::createThreadPool: successfully(2), newThreadCount=1, normalMaxThreadCount=2, maxThreadCount=8
 DEBUG root [2018-08-06 09:43:20,443] - Script::install_py_dlls(): PyInit_pyexpat
 DEBUG root [2018-08-06 09:43:20,443] - Script::install_py_dlls(): PyInit__socket
 DEBUG root [2018-08-06 09:43:20,444] - Script::install_py_dlls(): PyInit__ssl
 DEBUG root [2018-08-06 09:43:20,448] - Script::install_py_dlls(): PyInit__hashlib
 DEBUG root [2018-08-06 09:43:20,448] - Script::install_py_dlls(): PyInit_select
 DEBUG root [2018-08-06 09:43:20,448] - Script::install_py_dlls(): PyInit__ctypes
 DEBUG root [2018-08-06 09:43:20,449] - Script::install_py_dlls(): PyInit__elementtree
 DEBUG root [2018-08-06 09:43:20,509] - Script::install_py_dlls(): PyInit_unicodedata
  INFO root [2018-08-06 09:43:20,592] - Script::install(): is successfully, Python=(3.4.2 (default, Apr 30 2018, 16:26:41) [MSC v.1900 32 bit (Intel)])!
  INFO root [2018-08-06 09:43:20,592] - Script::install(): KBExtra is successfully!
S_INFO root [2018-08-06 09:43:20,618] - onInterfaceAppReady: bootstrapGroupIndex=0, bootstrapGlobalIndex=0
  INFO root [2018-08-06 09:43:20,642] - TelnetServer server is running on port 33000
  INFO root [2018-08-06 09:43:21,294] - ---- interfaces is running ----
 DEBUG root [2018-08-06 09:43:21,295] - Components::process(): Request for the process of identity...
  INFO root [2018-08-06 09:43:28,617] - Components::process(): Found all the components!
S_INFO root [2018-08-06 09:44:24,718] - onRequestAccountLogin: registerName=cxx
  WARN root [2018-08-06 09:46:54,358] - TCPPacketReceiver::processPendingEvents(127.0.0.1:6010): Throwing REASON_GENERAL_NETWORK - WSAECONNRESET
  INFO root [2018-08-06 09:46:56,856] - 
  INFO root [2018-08-06 09:46:56,858] - -----------------------------------------------------------------------------------------


  INFO root [2018-08-06 09:46:56,861] - Resmgr::initialize: KBE_ROOT=D:/kbengine/
  INFO root [2018-08-06 09:46:56,861] - Resmgr::initialize: KBE_RES_PATH=D:/kbengine/kbe/res/;D:/kbengine/assets_Battle of Gods/;D:/kbengine/assets_Battle of Gods/scripts/;D:/kbengine/assets_Battle of Gods/res/
  INFO root [2018-08-06 09:46:56,861] - Resmgr::initialize: KBE_BIN_PATH=D:/kbengine/kbe/bin/server/
  INFO root [2018-08-06 09:46:56,878] - NetworkInterface::initialize(INTERNAL): bound to all interfaces with default route interface on 10.139.66.192 ( 10.139.66.192:30099 )
  INFO root [2018-08-06 09:46:56,878] - NetworkInterface::initialize(INTERNAL): address 10.139.66.192:30099, SOMAXCONN=5.
  INFO root [2018-08-06 09:46:56,899] - ---- interfaces Version: 2.0.0. ScriptVersion: 0.1.0. Protocol: A3D4913C83C4082A29723B2DA267A5B0. Config: Debug X86. Built: 16:26:48 Apr 30 2018. AppID: 3000. UID: 10103. PID: 324 ----
  INFO root [2018-08-06 09:46:56,933] - Server : Intel(R) Core(TM) i7-6700HQ CPU @ 2.60GHz with 2097151kB RAM
  INFO root [2018-08-06 09:46:56,974] - ThreadPool::createThreadPool: creating  threadpool...
  INFO root [2018-08-06 09:46:56,974] - ThreadPool::createThreadPool: successfully(2), newThreadCount=1, normalMaxThreadCount=2, maxThreadCount=8
 DEBUG root [2018-08-06 09:46:57,156] - Script::install_py_dlls(): PyInit_pyexpat
 DEBUG root [2018-08-06 09:46:57,157] - Script::install_py_dlls(): PyInit__socket
 DEBUG root [2018-08-06 09:46:57,158] - Script::install_py_dlls(): PyInit__ssl
 DEBUG root [2018-08-06 09:46:57,165] - Script::install_py_dlls(): PyInit__hashlib
 DEBUG root [2018-08-06 09:46:57,166] - Script::install_py_dlls(): PyInit_select
 DEBUG root [2018-08-06 09:46:57,166] - Script::install_py_dlls(): PyInit__ctypes
 DEBUG root [2018-08-06 09:46:57,167] - Script::install_py_dlls(): PyInit__elementtree
 DEBUG root [2018-08-06 09:46:57,235] - Script::install_py_dlls(): PyInit_unicodedata
  INFO root [2018-08-06 09:46:57,302] - Script::install(): is successfully, Python=(3.4.2 (default, Apr 30 2018, 16:26:41) [MSC v.1900 32 bit (Intel)])!
  INFO root [2018-08-06 09:46:57,303] - Script::install(): KBExtra is successfully!
S_INFO root [2018-08-06 09:46:57,321] - onInterfaceAppReady: bootstrapGroupIndex=0, bootstrapGlobalIndex=0
  INFO root [2018-08-06 09:46:57,343] - TelnetServer server is running on port 33000
  INFO root [2018-08-06 09:46:58,065] - ---- interfaces is running ----
 DEBUG root [2018-08-06 09:46:58,066] - Components::process(): Request for the process of identity...
  INFO root [2018-08-06 09:47:05,463] - Components::process(): Found all the components!
S_INFO root [2018-08-06 09:47:30,621] - onRequestAccountLogin: registerName=cxx
S_INFO root [2018-08-06 09:57:52,621] - onRequestAccountLogin: registerName=cxx
  WARN root [2018-08-06 10:00:34,713] - TCPPacketReceiver::processPendingEvents(127.0.0.1:6756): Throwing REASON_GENERAL_NETWORK - WSAECONNRESET
  INFO root [2018-08-06 10:00:37,007] - 
  INFO root [2018-08-06 10:00:37,007] - -----------------------------------------------------------------------------------------


  INFO root [2018-08-06 10:00:37,009] - Resmgr::initialize: KBE_ROOT=D:/kbengine/
  INFO root [2018-08-06 10:00:37,009] - Resmgr::initialize: KBE_RES_PATH=D:/kbengine/kbe/res/;D:/kbengine/assets_Battle of Gods/;D:/kbengine/assets_Battle of Gods/scripts/;D:/kbengine/assets_Battle of Gods/res/
  INFO root [2018-08-06 10:00:37,009] - Resmgr::initialize: KBE_BIN_PATH=D:/kbengine/kbe/bin/server/
  INFO root [2018-08-06 10:00:37,019] - NetworkInterface::initialize(INTERNAL): bound to all interfaces with default route interface on 10.139.66.192 ( 10.139.66.192:30099 )
  INFO root [2018-08-06 10:00:37,020] - NetworkInterface::initialize(INTERNAL): address 10.139.66.192:30099, SOMAXCONN=5.
  INFO root [2018-08-06 10:00:37,028] - ---- interfaces Version: 2.0.0. ScriptVersion: 0.1.0. Protocol: A3D4913C83C4082A29723B2DA267A5B0. Config: Debug X86. Built: 16:26:48 Apr 30 2018. AppID: 3000. UID: 10103. PID: 4556 ----
  INFO root [2018-08-06 10:00:37,028] - Server : Intel(R) Core(TM) i7-6700HQ CPU @ 2.60GHz with 2097151kB RAM
  INFO root [2018-08-06 10:00:37,029] - ThreadPool::createThreadPool: creating  threadpool...
  INFO root [2018-08-06 10:00:37,030] - ThreadPool::createThreadPool: successfully(2), newThreadCount=1, normalMaxThreadCount=2, maxThreadCount=8
 DEBUG root [2018-08-06 10:00:37,195] - Script::install_py_dlls(): PyInit_pyexpat
 DEBUG root [2018-08-06 10:00:37,196] - Script::install_py_dlls(): PyInit__socket
 DEBUG root [2018-08-06 10:00:37,197] - Script::install_py_dlls(): PyInit__ssl
 DEBUG root [2018-08-06 10:00:37,204] - Script::install_py_dlls(): PyInit__hashlib
 DEBUG root [2018-08-06 10:00:37,204] - Script::install_py_dlls(): PyInit_select
 DEBUG root [2018-08-06 10:00:37,204] - Script::install_py_dlls(): PyInit__ctypes
 DEBUG root [2018-08-06 10:00:37,205] - Script::install_py_dlls(): PyInit__elementtree
 DEBUG root [2018-08-06 10:00:37,293] - Script::install_py_dlls(): PyInit_unicodedata
  INFO root [2018-08-06 10:00:37,354] - Script::install(): is successfully, Python=(3.4.2 (default, Apr 30 2018, 16:26:41) [MSC v.1900 32 bit (Intel)])!
  INFO root [2018-08-06 10:00:37,354] - Script::install(): KBExtra is successfully!
S_INFO root [2018-08-06 10:00:37,370] - onInterfaceAppReady: bootstrapGroupIndex=0, bootstrapGlobalIndex=0
  INFO root [2018-08-06 10:00:37,384] - TelnetServer server is running on port 33000
  INFO root [2018-08-06 10:00:38,088] - ---- interfaces is running ----
 DEBUG root [2018-08-06 10:00:38,089] - Components::process(): Request for the process of identity...
  INFO root [2018-08-06 10:00:45,471] - Components::process(): Found all the components!
S_INFO root [2018-08-06 10:01:16,771] - onRequestAccountLogin: registerName=cxx
  WARN root [2018-08-06 10:01:46,040] - TCPPacketReceiver::processPendingEvents(127.0.0.1:9566): Throwing REASON_GENERAL_NETWORK - WSAECONNRESET
  INFO root [2018-08-06 10:01:48,292] - 
  INFO root [2018-08-06 10:01:48,293] - -----------------------------------------------------------------------------------------


  INFO root [2018-08-06 10:01:48,294] - Resmgr::initialize: KBE_ROOT=D:/kbengine/
  INFO root [2018-08-06 10:01:48,295] - Resmgr::initialize: KBE_RES_PATH=D:/kbengine/kbe/res/;D:/kbengine/assets_Battle of Gods/;D:/kbengine/assets_Battle of Gods/scripts/;D:/kbengine/assets_Battle of Gods/res/
  INFO root [2018-08-06 10:01:48,295] - Resmgr::initialize: KBE_BIN_PATH=D:/kbengine/kbe/bin/server/
  INFO root [2018-08-06 10:01:48,309] - NetworkInterface::initialize(INTERNAL): bound to all interfaces with default route interface on 10.139.66.192 ( 10.139.66.192:30099 )
  INFO root [2018-08-06 10:01:48,310] - NetworkInterface::initialize(INTERNAL): address 10.139.66.192:30099, SOMAXCONN=5.
  INFO root [2018-08-06 10:01:48,318] - ---- interfaces Version: 2.0.0. ScriptVersion: 0.1.0. Protocol: A3D4913C83C4082A29723B2DA267A5B0. Config: Debug X86. Built: 16:26:48 Apr 30 2018. AppID: 3000. UID: 10103. PID: 4292 ----
  INFO root [2018-08-06 10:01:48,318] - Server : Intel(R) Core(TM) i7-6700HQ CPU @ 2.60GHz with 2097151kB RAM
  INFO root [2018-08-06 10:01:48,319] - ThreadPool::createThreadPool: creating  threadpool...
  INFO root [2018-08-06 10:01:48,319] - ThreadPool::createThreadPool: successfully(2), newThreadCount=1, normalMaxThreadCount=2, maxThreadCount=8
 DEBUG root [2018-08-06 10:01:48,528] - Script::install_py_dlls(): PyInit_pyexpat
 DEBUG root [2018-08-06 10:01:48,529] - Script::install_py_dlls(): PyInit__socket
 DEBUG root [2018-08-06 10:01:48,530] - Script::install_py_dlls(): PyInit__ssl
 DEBUG root [2018-08-06 10:01:48,537] - Script::install_py_dlls(): PyInit__hashlib
 DEBUG root [2018-08-06 10:01:48,538] - Script::install_py_dlls(): PyInit_select
 DEBUG root [2018-08-06 10:01:48,538] - Script::install_py_dlls(): PyInit__ctypes
 DEBUG root [2018-08-06 10:01:48,539] - Script::install_py_dlls(): PyInit__elementtree
 DEBUG root [2018-08-06 10:01:48,631] - Script::install_py_dlls(): PyInit_unicodedata
  INFO root [2018-08-06 10:01:48,704] - Script::install(): is successfully, Python=(3.4.2 (default, Apr 30 2018, 16:26:41) [MSC v.1900 32 bit (Intel)])!
  INFO root [2018-08-06 10:01:48,704] - Script::install(): KBExtra is successfully!
S_INFO root [2018-08-06 10:01:48,727] - onInterfaceAppReady: bootstrapGroupIndex=0, bootstrapGlobalIndex=0
  INFO root [2018-08-06 10:01:48,744] - TelnetServer server is running on port 33000
  INFO root [2018-08-06 10:01:49,601] - ---- interfaces is running ----
 DEBUG root [2018-08-06 10:01:49,602] - Components::process(): Request for the process of identity...
  INFO root [2018-08-06 10:01:57,027] - Components::process(): Found all the components!
S_INFO root [2018-08-06 10:02:31,827] - onRequestAccountLogin: registerName=cxx
  WARN root [2018-08-06 10:03:15,620] - TCPPacketReceiver::processPendingEvents(127.0.0.1:9841): Throwing REASON_GENERAL_NETWORK - WSAECONNRESET
  INFO root [2018-08-06 10:03:17,864] - 
  INFO root [2018-08-06 10:03:17,874] - -----------------------------------------------------------------------------------------


  INFO root [2018-08-06 10:03:17,876] - Resmgr::initialize: KBE_ROOT=D:/kbengine/
  INFO root [2018-08-06 10:03:17,876] - Resmgr::initialize: KBE_RES_PATH=D:/kbengine/kbe/res/;D:/kbengine/assets_Battle of Gods/;D:/kbengine/assets_Battle of Gods/scripts/;D:/kbengine/assets_Battle of Gods/res/
  INFO root [2018-08-06 10:03:17,876] - Resmgr::initialize: KBE_BIN_PATH=D:/kbengine/kbe/bin/server/
  INFO root [2018-08-06 10:03:17,897] - NetworkInterface::initialize(INTERNAL): bound to all interfaces with default route interface on 10.139.66.192 ( 10.139.66.192:30099 )
  INFO root [2018-08-06 10:03:17,897] - NetworkInterface::initialize(INTERNAL): address 10.139.66.192:30099, SOMAXCONN=5.
  INFO root [2018-08-06 10:03:17,911] - ---- interfaces Version: 2.0.0. ScriptVersion: 0.1.0. Protocol: A3D4913C83C4082A29723B2DA267A5B0. Config: Debug X86. Built: 16:26:48 Apr 30 2018. AppID: 3000. UID: 10103. PID: 904 ----
  INFO root [2018-08-06 10:03:17,911] - Server : Intel(R) Core(TM) i7-6700HQ CPU @ 2.60GHz with 2097151kB RAM
  INFO root [2018-08-06 10:03:17,912] - ThreadPool::createThreadPool: creating  threadpool...
  INFO root [2018-08-06 10:03:17,912] - ThreadPool::createThreadPool: successfully(2), newThreadCount=1, normalMaxThreadCount=2, maxThreadCount=8
 DEBUG root [2018-08-06 10:03:18,078] - Script::install_py_dlls(): PyInit_pyexpat
 DEBUG root [2018-08-06 10:03:18,078] - Script::install_py_dlls(): PyInit__socket
 DEBUG root [2018-08-06 10:03:18,079] - Script::install_py_dlls(): PyInit__ssl
 DEBUG root [2018-08-06 10:03:18,083] - Script::install_py_dlls(): PyInit__hashlib
 DEBUG root [2018-08-06 10:03:18,084] - Script::install_py_dlls(): PyInit_select
 DEBUG root [2018-08-06 10:03:18,084] - Script::install_py_dlls(): PyInit__ctypes
 DEBUG root [2018-08-06 10:03:18,084] - Script::install_py_dlls(): PyInit__elementtree
 DEBUG root [2018-08-06 10:03:18,149] - Script::install_py_dlls(): PyInit_unicodedata
  INFO root [2018-08-06 10:03:18,223] - Script::install(): is successfully, Python=(3.4.2 (default, Apr 30 2018, 16:26:41) [MSC v.1900 32 bit (Intel)])!
  INFO root [2018-08-06 10:03:18,223] - Script::install(): KBExtra is successfully!
S_INFO root [2018-08-06 10:03:18,257] - onInterfaceAppReady: bootstrapGroupIndex=0, bootstrapGlobalIndex=0
  INFO root [2018-08-06 10:03:18,277] - TelnetServer server is running on port 33000
  INFO root [2018-08-06 10:03:18,945] - ---- interfaces is running ----
 DEBUG root [2018-08-06 10:03:18,946] - Components::process(): Request for the process of identity...
  INFO root [2018-08-06 10:03:26,281] - Components::process(): Found all the components!
S_INFO root [2018-08-06 10:04:35,557] - onRequestAccountLogin: registerName=cxx
  WARN root [2018-08-06 10:05:25,094] - TCPPacketReceiver::processPendingEvents(127.0.0.1:10189): Throwing REASON_GENERAL_NETWORK - WSAECONNRESET
  INFO root [2018-08-06 10:05:27,361] - 
  INFO root [2018-08-06 10:05:27,363] - -----------------------------------------------------------------------------------------


  INFO root [2018-08-06 10:05:27,365] - Resmgr::initialize: KBE_ROOT=D:/kbengine/
  INFO root [2018-08-06 10:05:27,365] - Resmgr::initialize: KBE_RES_PATH=D:/kbengine/kbe/res/;D:/kbengine/assets_Battle of Gods/;D:/kbengine/assets_Battle of Gods/scripts/;D:/kbengine/assets_Battle of Gods/res/
  INFO root [2018-08-06 10:05:27,365] - Resmgr::initialize: KBE_BIN_PATH=D:/kbengine/kbe/bin/server/
  INFO root [2018-08-06 10:05:27,380] - NetworkInterface::initialize(INTERNAL): bound to all interfaces with default route interface on 10.139.66.192 ( 10.139.66.192:30099 )
  INFO root [2018-08-06 10:05:27,381] - NetworkInterface::initialize(INTERNAL): address 10.139.66.192:30099, SOMAXCONN=5.
  INFO root [2018-08-06 10:05:27,415] - ---- interfaces Version: 2.0.0. ScriptVersion: 0.1.0. Protocol: A3D4913C83C4082A29723B2DA267A5B0. Config: Debug X86. Built: 16:26:48 Apr 30 2018. AppID: 3000. UID: 10103. PID: 3924 ----
  INFO root [2018-08-06 10:05:27,417] - Server : Intel(R) Core(TM) i7-6700HQ CPU @ 2.60GHz with 2097151kB RAM
  INFO root [2018-08-06 10:05:27,417] - ThreadPool::createThreadPool: creating  threadpool...
  INFO root [2018-08-06 10:05:27,418] - ThreadPool::createThreadPool: successfully(2), newThreadCount=1, normalMaxThreadCount=2, maxThreadCount=8
 DEBUG root [2018-08-06 10:05:27,585] - Script::install_py_dlls(): PyInit_pyexpat
 DEBUG root [2018-08-06 10:05:27,585] - Script::install_py_dlls(): PyInit__socket
 DEBUG root [2018-08-06 10:05:27,587] - Script::install_py_dlls(): PyInit__ssl
 DEBUG root [2018-08-06 10:05:27,591] - Script::install_py_dlls(): PyInit__hashlib
 DEBUG root [2018-08-06 10:05:27,592] - Script::install_py_dlls(): PyInit_select
 DEBUG root [2018-08-06 10:05:27,592] - Script::install_py_dlls(): PyInit__ctypes
 DEBUG root [2018-08-06 10:05:27,593] - Script::install_py_dlls(): PyInit__elementtree
 DEBUG root [2018-08-06 10:05:27,676] - Script::install_py_dlls(): PyInit_unicodedata
  INFO root [2018-08-06 10:05:27,755] - Script::install(): is successfully, Python=(3.4.2 (default, Apr 30 2018, 16:26:41) [MSC v.1900 32 bit (Intel)])!
  INFO root [2018-08-06 10:05:27,755] - Script::install(): KBExtra is successfully!
S_INFO root [2018-08-06 10:05:27,794] - onInterfaceAppReady: bootstrapGroupIndex=0, bootstrapGlobalIndex=0
  INFO root [2018-08-06 10:05:27,839] - TelnetServer server is running on port 33000
  INFO root [2018-08-06 10:05:28,715] - ---- interfaces is running ----
 DEBUG root [2018-08-06 10:05:28,716] - Components::process(): Request for the process of identity...
  INFO root [2018-08-06 10:05:36,095] - Components::process(): Found all the components!
S_INFO root [2018-08-06 10:07:59,694] - onRequestAccountLogin: registerName=cxx
  WARN root [2018-08-06 10:12:06,275] - TCPPacketReceiver::processPendingEvents(127.0.0.1:10664): Throwing REASON_GENERAL_NETWORK - WSAECONNRESET
  INFO root [2018-08-06 10:12:09,007] - 
  INFO root [2018-08-06 10:12:09,009] - -----------------------------------------------------------------------------------------


  INFO root [2018-08-06 10:12:09,011] - Resmgr::initialize: KBE_ROOT=D:/kbengine/
  INFO root [2018-08-06 10:12:09,011] - Resmgr::initialize: KBE_RES_PATH=D:/kbengine/kbe/res/;D:/kbengine/assets_Battle of Gods/;D:/kbengine/assets_Battle of Gods/scripts/;D:/kbengine/assets_Battle of Gods/res/
  INFO root [2018-08-06 10:12:09,011] - Resmgr::initialize: KBE_BIN_PATH=D:/kbengine/kbe/bin/server/
  INFO root [2018-08-06 10:12:09,055] - NetworkInterface::initialize(INTERNAL): bound to all interfaces with default route interface on 10.139.66.192 ( 10.139.66.192:30099 )
  INFO root [2018-08-06 10:12:09,055] - NetworkInterface::initialize(INTERNAL): address 10.139.66.192:30099, SOMAXCONN=5.
  INFO root [2018-08-06 10:12:09,065] - ---- interfaces Version: 2.0.0. ScriptVersion: 0.1.0. Protocol: A3D4913C83C4082A29723B2DA267A5B0. Config: Debug X86. Built: 16:26:48 Apr 30 2018. AppID: 3000. UID: 10103. PID: 11988 ----
  INFO root [2018-08-06 10:12:09,079] - Server : Intel(R) Core(TM) i7-6700HQ CPU @ 2.60GHz with 2097151kB RAM
  INFO root [2018-08-06 10:12:09,106] - ThreadPool::createThreadPool: creating  threadpool...
  INFO root [2018-08-06 10:12:09,106] - ThreadPool::createThreadPool: successfully(2), newThreadCount=1, normalMaxThreadCount=2, maxThreadCount=8
 DEBUG root [2018-08-06 10:12:09,297] - Script::install_py_dlls(): PyInit_pyexpat
 DEBUG root [2018-08-06 10:12:09,298] - Script::install_py_dlls(): PyInit__socket
 DEBUG root [2018-08-06 10:12:09,301] - Script::install_py_dlls(): PyInit__ssl
 DEBUG root [2018-08-06 10:12:09,307] - Script::install_py_dlls(): PyInit__hashlib
 DEBUG root [2018-08-06 10:12:09,307] - Script::install_py_dlls(): PyInit_select
 DEBUG root [2018-08-06 10:12:09,308] - Script::install_py_dlls(): PyInit__ctypes
 DEBUG root [2018-08-06 10:12:09,309] - Script::install_py_dlls(): PyInit__elementtree
 DEBUG root [2018-08-06 10:12:09,446] - Script::install_py_dlls(): PyInit_unicodedata
  INFO root [2018-08-06 10:12:09,611] - Script::install(): is successfully, Python=(3.4.2 (default, Apr 30 2018, 16:26:41) [MSC v.1900 32 bit (Intel)])!
  INFO root [2018-08-06 10:12:09,611] - Script::install(): KBExtra is successfully!
S_INFO root [2018-08-06 10:12:09,645] - onInterfaceAppReady: bootstrapGroupIndex=0, bootstrapGlobalIndex=0
  INFO root [2018-08-06 10:12:09,663] - TelnetServer server is running on port 33000
  INFO root [2018-08-06 10:12:10,447] - ---- interfaces is running ----
 DEBUG root [2018-08-06 10:12:10,448] - Components::process(): Request for the process of identity...
  INFO root [2018-08-06 10:12:17,846] - Components::process(): Found all the components!
S_INFO root [2018-08-06 10:13:50,845] - onRequestAccountLogin: registerName=cxx
S_INFO root [2018-08-06 10:16:14,845] - onRequestAccountLogin: registerName=cxx
S_INFO root [2018-08-06 10:17:17,744] - onRequestAccountLogin: registerName=cxx
  WARN root [2018-08-06 10:21:59,031] - TCPPacketReceiver::processPendingEvents(127.0.0.1:12114): Throwing REASON_GENERAL_NETWORK - WSAECONNRESET
  INFO root [2018-08-06 10:30:15,309] - 
  INFO root [2018-08-06 10:30:15,309] - -----------------------------------------------------------------------------------------


  INFO root [2018-08-06 10:30:15,394] - Resmgr::initialize: KBE_ROOT=D:/kbe/kbengine-2.0.0-preview3/
  INFO root [2018-08-06 10:30:15,394] - Resmgr::initialize: KBE_RES_PATH=D:/kbe/kbengine-2.0.0-preview3/kbe/res/;D:/kbe/kbengine-2.0.0-preview3/assets_Battle of Gods/;D:/kbe/kbengine-2.0.0-preview3/assets_Battle of Gods/scripts/;D:/kbe/kbengine-2.0.0-preview3/assets_Battle of Gods/res/
  INFO root [2018-08-06 10:30:15,394] - Resmgr::initialize: KBE_BIN_PATH=D:/kbe/kbengine-2.0.0-preview3/kbe/bin/server/
  INFO root [2018-08-06 10:30:15,400] - NetworkInterface::initialize(INTERNAL): bound to all interfaces with default route interface on 10.139.89.70 ( 10.139.89.70:30099 )
  INFO root [2018-08-06 10:30:15,400] - NetworkInterface::initialize(INTERNAL): address 10.139.89.70:30099, SOMAXCONN=5.
  INFO root [2018-08-06 10:30:15,404] - ---- interfaces Version: 2.0.0. ScriptVersion: 0.1.0. Protocol: B409105E27A5E1A16C0E7F75BA06219D. Config: Debug X86. Built: 23:18:31 May 26 2018. AppID: 3000. UID: 21326. PID: 10056 ----
  INFO root [2018-08-06 10:30:15,404] - Server : Intel(R) Core(TM) i5-4210H CPU @ 2.90GHz with 2097151kB RAM
  INFO root [2018-08-06 10:30:15,404] - ThreadPool::createThreadPool: creating  threadpool...
  INFO root [2018-08-06 10:30:15,404] - ThreadPool::createThreadPool: successfully(2), newThreadCount=1, normalMaxThreadCount=2, maxThreadCount=8
 DEBUG root [2018-08-06 10:30:15,718] - Script::install_py_dlls(): PyInit_pyexpat
 DEBUG root [2018-08-06 10:30:15,734] - Script::install_py_dlls(): PyInit__socket
 DEBUG root [2018-08-06 10:30:15,824] - Script::install_py_dlls(): PyInit__ssl
 DEBUG root [2018-08-06 10:30:15,887] - Script::install_py_dlls(): PyInit__hashlib
 DEBUG root [2018-08-06 10:30:15,888] - Script::install_py_dlls(): PyInit_select
 DEBUG root [2018-08-06 10:30:15,888] - Script::install_py_dlls(): PyInit__ctypes
 DEBUG root [2018-08-06 10:30:15,889] - Script::install_py_dlls(): PyInit__elementtree
 DEBUG root [2018-08-06 10:30:16,198] - Script::install_py_dlls(): PyInit_unicodedata
  INFO root [2018-08-06 10:30:16,543] - Script::install(): is successfully, Python=(3.4.2 (default, May 26 2018, 23:18:23) [MSC v.1913 32 bit (Intel)])!
  INFO root [2018-08-06 10:30:16,543] - Script::install(): KBExtra is successfully!
S_INFO root [2018-08-06 10:30:16,579] - onInterfaceAppReady: bootstrapGroupIndex=0, bootstrapGlobalIndex=0
  INFO root [2018-08-06 10:30:16,631] - TelnetServer server is running on port 33000
  INFO root [2018-08-06 10:30:17,315] - ---- interfaces is running ----
 DEBUG root [2018-08-06 10:30:17,316] - Components::process(): Request for the process of identity...
  INFO root [2018-08-06 10:30:24,595] - Components::process(): Found all the components!
  WARN root [2018-08-06 10:31:19,493] - TCPPacketReceiver::processPendingEvents(127.0.0.1:3445): Throwing REASON_GENERAL_NETWORK - WSAECONNRESET
