  INFO root [2018-07-15 12:13:22,818] - 
  INFO root [2018-07-15 12:13:22,818] - -----------------------------------------------------------------------------------------


  INFO root [2018-07-15 12:13:22,834] - Resmgr::initialize: KBE_ROOT=D:/kbengine/
  INFO root [2018-07-15 12:13:22,834] - Resmgr::initialize: KBE_RES_PATH=D:/kbengine/kbe/res/;D:/kbengine/assets_Battle of Gods/;D:/kbengine/assets_Battle of Gods/scripts/;D:/kbengine/assets_Battle of Gods/res/
  INFO root [2018-07-15 12:13:22,834] - Resmgr::initialize: KBE_BIN_PATH=D:/kbengine/kbe/bin/server/
  INFO root [2018-07-15 12:13:22,834] - NetworkInterface::initialize(INTERNAL): bound to all interfaces with default route interface on 10.139.66.192 ( 10.139.66.192:30099 )
  INFO root [2018-07-15 12:13:22,865] - NetworkInterface::initialize(INTERNAL): address 10.139.66.192:30099, SOMAXCONN=5.
  INFO root [2018-07-15 12:13:22,881] - ---- interfaces Version: 2.0.0. ScriptVersion: 0.1.0. Protocol: A3D4913C83C4082A29723B2DA267A5B0. Config: Debug X86. Built: 16:26:48 Apr 30 2018. AppID: 3000. UID: 10103. PID: 13552 ----
  INFO root [2018-07-15 12:13:22,881] - Server : Intel(R) Core(TM) i7-6700HQ CPU @ 2.60GHz with 2097151kB RAM
  INFO root [2018-07-15 12:13:22,881] - ThreadPool::createThreadPool: creating  threadpool...
  INFO root [2018-07-15 12:13:22,881] - ThreadPool::createThreadPool: successfully(2), newThreadCount=1, normalMaxThreadCount=2, maxThreadCount=8
 DEBUG root [2018-07-15 12:13:23,037] - Script::install_py_dlls(): PyInit_pyexpat
 DEBUG root [2018-07-15 12:13:23,037] - Script::install_py_dlls(): PyInit__socket
 DEBUG root [2018-07-15 12:13:23,037] - Script::install_py_dlls(): PyInit__ssl
 DEBUG root [2018-07-15 12:13:23,037] - Script::install_py_dlls(): PyInit__hashlib
 DEBUG root [2018-07-15 12:13:23,037] - Script::install_py_dlls(): PyInit_select
 DEBUG root [2018-07-15 12:13:23,037] - Script::install_py_dlls(): PyInit__ctypes
 DEBUG root [2018-07-15 12:13:23,037] - Script::install_py_dlls(): PyInit__elementtree
 DEBUG root [2018-07-15 12:13:23,100] - Script::install_py_dlls(): PyInit_unicodedata
  INFO root [2018-07-15 12:13:23,146] - Script::install(): is successfully, Python=(3.4.2 (default, Apr 30 2018, 16:26:41) [MSC v.1900 32 bit (Intel)])!
  INFO root [2018-07-15 12:13:23,146] - Script::install(): KBExtra is successfully!
S_INFO root [2018-07-15 12:13:23,396] - onInterfaceAppReady: bootstrapGroupIndex=0, bootstrapGlobalIndex=0
  INFO root [2018-07-15 12:13:23,521] - TelnetServer server is running on port 33000
  WARN root [2018-07-15 12:13:23,521] - interfaces.cpp:146: Profile scriptCall took 0.13 seconds
  INFO root [2018-07-15 12:13:23,912] - ---- interfaces is running ----
 DEBUG root [2018-07-15 12:13:23,928] - Components::process(): Request for the process of identity...
  INFO root [2018-07-15 12:13:31,337] - Components::process(): Found all the components!
S_INFO root [2018-07-15 12:14:13,603] - onRequestAccountLogin: registerName=cxx
S_INFO root [2018-07-15 12:14:58,003] - onRequestAccountLogin: registerName=1q2w3e
S_INFO root [2018-07-15 12:15:03,903] - onRequestAccountLogin: registerName=1q2w3e
S_INFO root [2018-07-15 12:16:25,003] - onRequestCreateAccount: registerName=qweasd
S_INFO root [2018-07-15 12:16:41,904] - onRequestCreateAccount: registerName=asdqwe
S_INFO root [2018-07-15 12:16:53,203] - onRequestCreateAccount: registerName=1959
  WARN root [2018-07-15 12:17:45,632] - TCPPacketReceiver::processPendingEvents(127.0.0.1:63458): Throwing REASON_GENERAL_NETWORK - WSAECONNRESET
