  INFO root [2018-08-03 17:11:44,696] - 
  INFO root [2018-08-03 17:11:44,697] - -----------------------------------------------------------------------------------------


  INFO root [2018-08-03 17:11:44,698] - Resmgr::initialize: KBE_ROOT=D:/kbengine/
  INFO root [2018-08-03 17:11:44,698] - Resmgr::initialize: KBE_RES_PATH=D:/kbengine/kbe/res/;D:/kbengine/assets_Battle of Gods/;D:/kbengine/assets_Battle of Gods/scripts/;D:/kbengine/assets_Battle of Gods/res/
  INFO root [2018-08-03 17:11:44,698] - Resmgr::initialize: KBE_BIN_PATH=D:/kbengine/kbe/bin/server/
  INFO root [2018-08-03 17:11:44,708] - NetworkInterface::initialize(INTERNAL): bound to all interfaces with default route interface on 10.139.66.192 ( 10.139.66.192:30099 )
  INFO root [2018-08-03 17:11:44,723] - NetworkInterface::initialize(INTERNAL): address 10.139.66.192:30099, SOMAXCONN=5.
  INFO root [2018-08-03 17:11:44,729] - ---- interfaces Version: 2.0.0. ScriptVersion: 0.1.0. Protocol: A3D4913C83C4082A29723B2DA267A5B0. Config: Debug X86. Built: 16:26:48 Apr 30 2018. AppID: 3000. UID: 10103. PID: 2956 ----
  INFO root [2018-08-03 17:11:44,729] - Server : Intel(R) Core(TM) i7-6700HQ CPU @ 2.60GHz with 2097151kB RAM
  INFO root [2018-08-03 17:11:44,729] - ThreadPool::createThreadPool: creating  threadpool...
  INFO root [2018-08-03 17:11:44,729] - ThreadPool::createThreadPool: successfully(2), newThreadCount=1, normalMaxThreadCount=2, maxThreadCount=8
 DEBUG root [2018-08-03 17:11:44,917] - Script::install_py_dlls(): PyInit_pyexpat
 DEBUG root [2018-08-03 17:11:44,917] - Script::install_py_dlls(): PyInit__socket
 DEBUG root [2018-08-03 17:11:44,918] - Script::install_py_dlls(): PyInit__ssl
 DEBUG root [2018-08-03 17:11:44,921] - Script::install_py_dlls(): PyInit__hashlib
 DEBUG root [2018-08-03 17:11:44,922] - Script::install_py_dlls(): PyInit_select
 DEBUG root [2018-08-03 17:11:44,922] - Script::install_py_dlls(): PyInit__ctypes
 DEBUG root [2018-08-03 17:11:44,923] - Script::install_py_dlls(): PyInit__elementtree
 DEBUG root [2018-08-03 17:11:45,744] - Script::install_py_dlls(): PyInit_unicodedata
  INFO root [2018-08-03 17:11:47,018] - Script::install(): is successfully, Python=(3.4.2 (default, Apr 30 2018, 16:26:41) [MSC v.1900 32 bit (Intel)])!
  INFO root [2018-08-03 17:11:47,018] - Script::install(): KBExtra is successfully!
S_INFO root [2018-08-03 17:11:47,665] - onInterfaceAppReady: bootstrapGroupIndex=0, bootstrapGlobalIndex=0
  INFO root [2018-08-03 17:11:47,857] - TelnetServer server is running on port 33000
  WARN root [2018-08-03 17:11:47,857] - interfaces.cpp:146: Profile scriptCall took 0.19 seconds
  INFO root [2018-08-03 17:11:48,368] - ---- interfaces is running ----
 DEBUG root [2018-08-03 17:11:48,368] - Components::process(): Request for the process of identity...
  WARN root [2018-08-03 17:11:51,875] - BundleBroadcast::BundleBroadcast: Cannot bind to port 20345, errorno=10048
  INFO root [2018-08-03 17:11:56,001] - Components::process(): Found all the components!
  INFO root [2018-08-03 17:12:43,771] - 
  INFO root [2018-08-03 17:12:43,771] - -----------------------------------------------------------------------------------------


  INFO root [2018-08-03 17:12:43,772] - Resmgr::initialize: KBE_ROOT=D:/kbengine/
  INFO root [2018-08-03 17:12:43,773] - Resmgr::initialize: KBE_RES_PATH=D:/kbengine/kbe/res/;D:/kbengine/assets_Battle of Gods/;D:/kbengine/assets_Battle of Gods/scripts/;D:/kbengine/assets_Battle of Gods/res/
  INFO root [2018-08-03 17:12:43,773] - Resmgr::initialize: KBE_BIN_PATH=D:/kbengine/kbe/bin/server/
  INFO root [2018-08-03 17:12:43,783] - NetworkInterface::initialize(INTERNAL): bound to all interfaces with default route interface on 10.139.66.192 ( 10.139.66.192:30099 )
  INFO root [2018-08-03 17:12:43,784] - NetworkInterface::initialize(INTERNAL): address 10.139.66.192:30099, SOMAXCONN=5.
  INFO root [2018-08-03 17:12:43,791] - ---- interfaces Version: 2.0.0. ScriptVersion: 0.1.0. Protocol: A3D4913C83C4082A29723B2DA267A5B0. Config: Debug X86. Built: 16:26:48 Apr 30 2018. AppID: 3000. UID: 10103. PID: 13792 ----
  INFO root [2018-08-03 17:12:43,791] - Server : Intel(R) Core(TM) i7-6700HQ CPU @ 2.60GHz with 2097151kB RAM
  INFO root [2018-08-03 17:12:43,792] - ThreadPool::createThreadPool: creating  threadpool...
  INFO root [2018-08-03 17:12:43,792] - ThreadPool::createThreadPool: successfully(2), newThreadCount=1, normalMaxThreadCount=2, maxThreadCount=8
 DEBUG root [2018-08-03 17:12:43,942] - Script::install_py_dlls(): PyInit_pyexpat
 DEBUG root [2018-08-03 17:12:43,943] - Script::install_py_dlls(): PyInit__socket
 DEBUG root [2018-08-03 17:12:43,943] - Script::install_py_dlls(): PyInit__ssl
 DEBUG root [2018-08-03 17:12:43,947] - Script::install_py_dlls(): PyInit__hashlib
 DEBUG root [2018-08-03 17:12:43,947] - Script::install_py_dlls(): PyInit_select
 DEBUG root [2018-08-03 17:12:43,948] - Script::install_py_dlls(): PyInit__ctypes
 DEBUG root [2018-08-03 17:12:43,948] - Script::install_py_dlls(): PyInit__elementtree
 DEBUG root [2018-08-03 17:12:43,997] - Script::install_py_dlls(): PyInit_unicodedata
  INFO root [2018-08-03 17:12:44,072] - Script::install(): is successfully, Python=(3.4.2 (default, Apr 30 2018, 16:26:41) [MSC v.1900 32 bit (Intel)])!
  INFO root [2018-08-03 17:12:44,073] - Script::install(): KBExtra is successfully!
S_INFO root [2018-08-03 17:12:44,095] - onInterfaceAppReady: bootstrapGroupIndex=0, bootstrapGlobalIndex=0
  INFO root [2018-08-03 17:12:44,110] - TelnetServer server is running on port 33000
  INFO root [2018-08-03 17:12:44,779] - ---- interfaces is running ----
 DEBUG root [2018-08-03 17:12:44,780] - Components::process(): Request for the process of identity...
  INFO root [2018-08-03 17:12:52,174] - Components::process(): Found all the components!
  WARN root [2018-08-03 17:13:58,106] - TCPPacketReceiver::processPendingEvents(127.0.0.1:3713): Throwing REASON_GENERAL_NETWORK - WSAECONNRESET
  INFO root [2018-08-03 17:14:00,208] - 
  INFO root [2018-08-03 17:14:00,213] - -----------------------------------------------------------------------------------------


  INFO root [2018-08-03 17:14:00,215] - Resmgr::initialize: KBE_ROOT=D:/kbengine/
  INFO root [2018-08-03 17:14:00,216] - Resmgr::initialize: KBE_RES_PATH=D:/kbengine/kbe/res/;D:/kbengine/assets_Battle of Gods/;D:/kbengine/assets_Battle of Gods/scripts/;D:/kbengine/assets_Battle of Gods/res/
  INFO root [2018-08-03 17:14:00,216] - Resmgr::initialize: KBE_BIN_PATH=D:/kbengine/kbe/bin/server/
  INFO root [2018-08-03 17:14:00,246] - NetworkInterface::initialize(INTERNAL): bound to all interfaces with default route interface on 10.139.66.192 ( 10.139.66.192:30099 )
  INFO root [2018-08-03 17:14:00,247] - NetworkInterface::initialize(INTERNAL): address 10.139.66.192:30099, SOMAXCONN=5.
  INFO root [2018-08-03 17:14:00,257] - ---- interfaces Version: 2.0.0. ScriptVersion: 0.1.0. Protocol: A3D4913C83C4082A29723B2DA267A5B0. Config: Debug X86. Built: 16:26:48 Apr 30 2018. AppID: 3000. UID: 10103. PID: 13936 ----
  INFO root [2018-08-03 17:14:00,278] - Server : Intel(R) Core(TM) i7-6700HQ CPU @ 2.60GHz with 2097151kB RAM
  INFO root [2018-08-03 17:14:00,281] - ThreadPool::createThreadPool: creating  threadpool...
  INFO root [2018-08-03 17:14:00,281] - ThreadPool::createThreadPool: successfully(2), newThreadCount=1, normalMaxThreadCount=2, maxThreadCount=8
 DEBUG root [2018-08-03 17:14:00,446] - Script::install_py_dlls(): PyInit_pyexpat
 DEBUG root [2018-08-03 17:14:00,447] - Script::install_py_dlls(): PyInit__socket
 DEBUG root [2018-08-03 17:14:00,447] - Script::install_py_dlls(): PyInit__ssl
 DEBUG root [2018-08-03 17:14:00,452] - Script::install_py_dlls(): PyInit__hashlib
 DEBUG root [2018-08-03 17:14:00,452] - Script::install_py_dlls(): PyInit_select
 DEBUG root [2018-08-03 17:14:00,452] - Script::install_py_dlls(): PyInit__ctypes
 DEBUG root [2018-08-03 17:14:00,453] - Script::install_py_dlls(): PyInit__elementtree
 DEBUG root [2018-08-03 17:14:00,532] - Script::install_py_dlls(): PyInit_unicodedata
  INFO root [2018-08-03 17:14:00,606] - Script::install(): is successfully, Python=(3.4.2 (default, Apr 30 2018, 16:26:41) [MSC v.1900 32 bit (Intel)])!
  INFO root [2018-08-03 17:14:00,606] - Script::install(): KBExtra is successfully!
S_INFO root [2018-08-03 17:14:00,628] - onInterfaceAppReady: bootstrapGroupIndex=0, bootstrapGlobalIndex=0
  INFO root [2018-08-03 17:14:00,641] - TelnetServer server is running on port 33000
  INFO root [2018-08-03 17:14:01,354] - ---- interfaces is running ----
 DEBUG root [2018-08-03 17:14:01,355] - Components::process(): Request for the process of identity...
  INFO root [2018-08-03 17:14:08,729] - Components::process(): Found all the components!
  WARN root [2018-08-03 17:16:05,399] - TCPPacketReceiver::processPendingEvents(127.0.0.1:4399): Throwing REASON_GENERAL_NETWORK - WSAECONNRESET
  INFO root [2018-08-03 17:16:07,499] - 
  INFO root [2018-08-03 17:16:07,500] - -----------------------------------------------------------------------------------------


  INFO root [2018-08-03 17:16:07,501] - Resmgr::initialize: KBE_ROOT=D:/kbengine/
  INFO root [2018-08-03 17:16:07,502] - Resmgr::initialize: KBE_RES_PATH=D:/kbengine/kbe/res/;D:/kbengine/assets_Battle of Gods/;D:/kbengine/assets_Battle of Gods/scripts/;D:/kbengine/assets_Battle of Gods/res/
  INFO root [2018-08-03 17:16:07,502] - Resmgr::initialize: KBE_BIN_PATH=D:/kbengine/kbe/bin/server/
  INFO root [2018-08-03 17:16:07,508] - NetworkInterface::initialize(INTERNAL): bound to all interfaces with default route interface on 10.139.66.192 ( 10.139.66.192:30099 )
  INFO root [2018-08-03 17:16:07,508] - NetworkInterface::initialize(INTERNAL): address 10.139.66.192:30099, SOMAXCONN=5.
  INFO root [2018-08-03 17:16:07,514] - ---- interfaces Version: 2.0.0. ScriptVersion: 0.1.0. Protocol: A3D4913C83C4082A29723B2DA267A5B0. Config: Debug X86. Built: 16:26:48 Apr 30 2018. AppID: 3000. UID: 10103. PID: 13560 ----
  INFO root [2018-08-03 17:16:07,514] - Server : Intel(R) Core(TM) i7-6700HQ CPU @ 2.60GHz with 2097151kB RAM
  INFO root [2018-08-03 17:16:07,514] - ThreadPool::createThreadPool: creating  threadpool...
  INFO root [2018-08-03 17:16:07,515] - ThreadPool::createThreadPool: successfully(2), newThreadCount=1, normalMaxThreadCount=2, maxThreadCount=8
 DEBUG root [2018-08-03 17:16:07,674] - Script::install_py_dlls(): PyInit_pyexpat
 DEBUG root [2018-08-03 17:16:07,675] - Script::install_py_dlls(): PyInit__socket
 DEBUG root [2018-08-03 17:16:07,676] - Script::install_py_dlls(): PyInit__ssl
 DEBUG root [2018-08-03 17:16:07,681] - Script::install_py_dlls(): PyInit__hashlib
 DEBUG root [2018-08-03 17:16:07,682] - Script::install_py_dlls(): PyInit_select
 DEBUG root [2018-08-03 17:16:07,682] - Script::install_py_dlls(): PyInit__ctypes
 DEBUG root [2018-08-03 17:16:07,683] - Script::install_py_dlls(): PyInit__elementtree
 DEBUG root [2018-08-03 17:16:07,748] - Script::install_py_dlls(): PyInit_unicodedata
  INFO root [2018-08-03 17:16:07,816] - Script::install(): is successfully, Python=(3.4.2 (default, Apr 30 2018, 16:26:41) [MSC v.1900 32 bit (Intel)])!
  INFO root [2018-08-03 17:16:07,816] - Script::install(): KBExtra is successfully!
S_INFO root [2018-08-03 17:16:07,837] - onInterfaceAppReady: bootstrapGroupIndex=0, bootstrapGlobalIndex=0
  INFO root [2018-08-03 17:16:07,851] - TelnetServer server is running on port 33000
  INFO root [2018-08-03 17:16:08,508] - ---- interfaces is running ----
 DEBUG root [2018-08-03 17:16:08,509] - Components::process(): Request for the process of identity...
  INFO root [2018-08-03 17:16:15,903] - Components::process(): Found all the components!
  WARN root [2018-08-03 17:16:50,432] - TCPPacketReceiver::processPendingEvents(127.0.0.1:5525): Throwing REASON_GENERAL_NETWORK - WSAECONNRESET
  INFO root [2018-08-03 17:23:22,862] - 
  INFO root [2018-08-03 17:23:22,863] - -----------------------------------------------------------------------------------------


  INFO root [2018-08-03 17:23:22,864] - Resmgr::initialize: KBE_ROOT=D:/kbengine/
  INFO root [2018-08-03 17:23:22,865] - Resmgr::initialize: KBE_RES_PATH=D:/kbengine/kbe/res/;D:/kbengine/assets_Battle of Gods/;D:/kbengine/assets_Battle of Gods/scripts/;D:/kbengine/assets_Battle of Gods/res/
  INFO root [2018-08-03 17:23:22,865] - Resmgr::initialize: KBE_BIN_PATH=D:/kbengine/kbe/bin/server/
  INFO root [2018-08-03 17:23:22,875] - NetworkInterface::initialize(INTERNAL): bound to all interfaces with default route interface on 10.139.66.192 ( 10.139.66.192:30099 )
  INFO root [2018-08-03 17:23:22,875] - NetworkInterface::initialize(INTERNAL): address 10.139.66.192:30099, SOMAXCONN=5.
  INFO root [2018-08-03 17:23:22,881] - ---- interfaces Version: 2.0.0. ScriptVersion: 0.1.0. Protocol: A3D4913C83C4082A29723B2DA267A5B0. Config: Debug X86. Built: 16:26:48 Apr 30 2018. AppID: 3000. UID: 10103. PID: 8976 ----
  INFO root [2018-08-03 17:23:22,882] - Server : Intel(R) Core(TM) i7-6700HQ CPU @ 2.60GHz with 2097151kB RAM
  INFO root [2018-08-03 17:23:22,882] - ThreadPool::createThreadPool: creating  threadpool...
  INFO root [2018-08-03 17:23:22,883] - ThreadPool::createThreadPool: successfully(2), newThreadCount=1, normalMaxThreadCount=2, maxThreadCount=8
 DEBUG root [2018-08-03 17:23:23,047] - Script::install_py_dlls(): PyInit_pyexpat
 DEBUG root [2018-08-03 17:23:23,048] - Script::install_py_dlls(): PyInit__socket
 DEBUG root [2018-08-03 17:23:23,049] - Script::install_py_dlls(): PyInit__ssl
 DEBUG root [2018-08-03 17:23:23,053] - Script::install_py_dlls(): PyInit__hashlib
 DEBUG root [2018-08-03 17:23:23,054] - Script::install_py_dlls(): PyInit_select
 DEBUG root [2018-08-03 17:23:23,054] - Script::install_py_dlls(): PyInit__ctypes
 DEBUG root [2018-08-03 17:23:23,055] - Script::install_py_dlls(): PyInit__elementtree
 DEBUG root [2018-08-03 17:23:23,120] - Script::install_py_dlls(): PyInit_unicodedata
  INFO root [2018-08-03 17:23:23,183] - Script::install(): is successfully, Python=(3.4.2 (default, Apr 30 2018, 16:26:41) [MSC v.1900 32 bit (Intel)])!
  INFO root [2018-08-03 17:23:23,183] - Script::install(): KBExtra is successfully!
S_INFO root [2018-08-03 17:23:23,201] - onInterfaceAppReady: bootstrapGroupIndex=0, bootstrapGlobalIndex=0
  INFO root [2018-08-03 17:23:23,216] - TelnetServer server is running on port 33000
  INFO root [2018-08-03 17:23:23,843] - ---- interfaces is running ----
 DEBUG root [2018-08-03 17:23:23,844] - Components::process(): Request for the process of identity...
  INFO root [2018-08-03 17:23:31,202] - Components::process(): Found all the components!
  WARN root [2018-08-03 17:23:54,732] - TCPPacketReceiver::processPendingEvents(127.0.0.1:8908): Throwing REASON_GENERAL_NETWORK - WSAECONNRESET
  INFO root [2018-08-03 17:24:14,015] - 
  INFO root [2018-08-03 17:24:14,016] - -----------------------------------------------------------------------------------------


  INFO root [2018-08-03 17:24:14,017] - Resmgr::initialize: KBE_ROOT=D:/kbengine/
  INFO root [2018-08-03 17:24:14,017] - Resmgr::initialize: KBE_RES_PATH=D:/kbengine/kbe/res/;D:/kbengine/assets_Battle of Gods/;D:/kbengine/assets_Battle of Gods/scripts/;D:/kbengine/assets_Battle of Gods/res/
  INFO root [2018-08-03 17:24:14,017] - Resmgr::initialize: KBE_BIN_PATH=D:/kbengine/kbe/bin/server/
  INFO root [2018-08-03 17:24:14,025] - NetworkInterface::initialize(INTERNAL): bound to all interfaces with default route interface on 10.139.66.192 ( 10.139.66.192:30099 )
  INFO root [2018-08-03 17:24:14,026] - NetworkInterface::initialize(INTERNAL): address 10.139.66.192:30099, SOMAXCONN=5.
  INFO root [2018-08-03 17:24:14,036] - ---- interfaces Version: 2.0.0. ScriptVersion: 0.1.0. Protocol: A3D4913C83C4082A29723B2DA267A5B0. Config: Debug X86. Built: 16:26:48 Apr 30 2018. AppID: 3000. UID: 10103. PID: 2940 ----
  INFO root [2018-08-03 17:24:14,037] - Server : Intel(R) Core(TM) i7-6700HQ CPU @ 2.60GHz with 2097151kB RAM
  INFO root [2018-08-03 17:24:14,037] - ThreadPool::createThreadPool: creating  threadpool...
  INFO root [2018-08-03 17:24:14,038] - ThreadPool::createThreadPool: successfully(2), newThreadCount=1, normalMaxThreadCount=2, maxThreadCount=8
 DEBUG root [2018-08-03 17:24:14,223] - Script::install_py_dlls(): PyInit_pyexpat
 DEBUG root [2018-08-03 17:24:14,224] - Script::install_py_dlls(): PyInit__socket
 DEBUG root [2018-08-03 17:24:14,224] - Script::install_py_dlls(): PyInit__ssl
 DEBUG root [2018-08-03 17:24:14,230] - Script::install_py_dlls(): PyInit__hashlib
 DEBUG root [2018-08-03 17:24:14,232] - Script::install_py_dlls(): PyInit_select
 DEBUG root [2018-08-03 17:24:14,233] - Script::install_py_dlls(): PyInit__ctypes
 DEBUG root [2018-08-03 17:24:14,236] - Script::install_py_dlls(): PyInit__elementtree
 DEBUG root [2018-08-03 17:24:14,370] - Script::install_py_dlls(): PyInit_unicodedata
  INFO root [2018-08-03 17:24:14,481] - Script::install(): is successfully, Python=(3.4.2 (default, Apr 30 2018, 16:26:41) [MSC v.1900 32 bit (Intel)])!
  INFO root [2018-08-03 17:24:14,482] - Script::install(): KBExtra is successfully!
S_INFO root [2018-08-03 17:24:14,502] - onInterfaceAppReady: bootstrapGroupIndex=0, bootstrapGlobalIndex=0
  INFO root [2018-08-03 17:24:14,515] - TelnetServer server is running on port 33000
  INFO root [2018-08-03 17:24:15,074] - ---- interfaces is running ----
 DEBUG root [2018-08-03 17:24:15,074] - Components::process(): Request for the process of identity...
  INFO root [2018-08-03 17:24:22,502] - Components::process(): Found all the components!
  WARN root [2018-08-03 17:25:29,605] - TCPPacketReceiver::processPendingEvents(127.0.0.1:9460): Throwing REASON_GENERAL_NETWORK - WSAECONNRESET
