  INFO root [2018-08-10 11:39:00,626] - 
  INFO root [2018-08-10 11:39:00,627] - -----------------------------------------------------------------------------------------


  INFO root [2018-08-10 11:39:00,628] - Resmgr::initialize: KBE_ROOT=D:/kbe/kbengine-2.0.0-preview3/
  INFO root [2018-08-10 11:39:00,629] - Resmgr::initialize: KBE_RES_PATH=D:/kbe/kbengine-2.0.0-preview3/kbe/res/;D:/kbe/kbengine-2.0.0-preview3/assets_Battle of Gods/;D:/kbe/kbengine-2.0.0-preview3/assets_Battle of Gods/scripts/;D:/kbe/kbengine-2.0.0-preview3/assets_Battle of Gods/res/
  INFO root [2018-08-10 11:39:00,629] - Resmgr::initialize: KBE_BIN_PATH=D:/kbe/kbengine-2.0.0-preview3/kbe/bin/server/
  INFO root [2018-08-10 11:39:00,770] - NetworkInterface::initialize(INTERNAL): bound to all interfaces with default route interface on 10.139.89.70 ( 10.139.89.70:30099 )
  INFO root [2018-08-10 11:39:00,771] - NetworkInterface::initialize(INTERNAL): address 10.139.89.70:30099, SOMAXCONN=5.
  INFO root [2018-08-10 11:39:00,782] - ---- interfaces Version: 2.0.0. ScriptVersion: 0.1.0. Protocol: B409105E27A5E1A16C0E7F75BA06219D. Config: Debug X86. Built: 23:18:31 May 26 2018. AppID: 3000. UID: 21326. PID: 14968 ----
  INFO root [2018-08-10 11:39:00,782] - Server : Intel(R) Core(TM) i5-4210H CPU @ 2.90GHz with 2097151kB RAM
  INFO root [2018-08-10 11:39:00,782] - ThreadPool::createThreadPool: creating  threadpool...
  INFO root [2018-08-10 11:39:00,783] - ThreadPool::createThreadPool: successfully(2), newThreadCount=1, normalMaxThreadCount=2, maxThreadCount=8
 DEBUG root [2018-08-10 11:39:00,937] - Script::install_py_dlls(): PyInit_pyexpat
 DEBUG root [2018-08-10 11:39:00,938] - Script::install_py_dlls(): PyInit__socket
 DEBUG root [2018-08-10 11:39:00,939] - Script::install_py_dlls(): PyInit__ssl
 DEBUG root [2018-08-10 11:39:00,948] - Script::install_py_dlls(): PyInit__hashlib
 DEBUG root [2018-08-10 11:39:00,949] - Script::install_py_dlls(): PyInit_select
 DEBUG root [2018-08-10 11:39:00,949] - Script::install_py_dlls(): PyInit__ctypes
 DEBUG root [2018-08-10 11:39:00,950] - Script::install_py_dlls(): PyInit__elementtree
 DEBUG root [2018-08-10 11:39:00,992] - Script::install_py_dlls(): PyInit_unicodedata
  INFO root [2018-08-10 11:39:01,063] - Script::install(): is successfully, Python=(3.4.2 (default, May 26 2018, 23:18:23) [MSC v.1913 32 bit (Intel)])!
  INFO root [2018-08-10 11:39:01,064] - Script::install(): KBExtra is successfully!
S_INFO root [2018-08-10 11:39:01,273] - onInterfaceAppReady: bootstrapGroupIndex=0, bootstrapGlobalIndex=0
  INFO root [2018-08-10 11:39:01,339] - TelnetServer server is running on port 33000
  INFO root [2018-08-10 11:39:01,667] - ---- interfaces is running ----
 DEBUG root [2018-08-10 11:39:01,667] - Components::process(): Request for the process of identity...
  WARN root [2018-08-10 11:39:08,564] - d:\kbe\kbengine-2.0.0-preview3\kbe\src\lib\network\event_dispatcher.cpp:153: Profile callSystemTimers took 0.10 seconds
  INFO root [2018-08-10 11:39:09,773] - Components::process(): Found all the components!
S_INFO root [2018-08-10 11:40:00,793] - onRequestAccountLogin: registerName=qq
S_INFO root [2018-08-10 13:52:07,656] - onRequestAccountLogin: registerName=qq
S_INFO root [2018-08-10 13:56:19,955] - onRequestAccountLogin: registerName=qq
  WARN root [2018-08-10 14:01:00,839] - TCPPacketReceiver::processPendingEvents(127.0.0.1:7909): Throwing REASON_GENERAL_NETWORK - WSAECONNRESET
  INFO root [2018-08-10 14:04:47,440] - 
  INFO root [2018-08-10 14:04:47,458] - -----------------------------------------------------------------------------------------


  INFO root [2018-08-10 14:04:47,460] - Resmgr::initialize: KBE_ROOT=D:/kbe/kbengine-2.0.0-preview3/
  INFO root [2018-08-10 14:04:47,460] - Resmgr::initialize: KBE_RES_PATH=D:/kbe/kbengine-2.0.0-preview3/kbe/res/;D:/kbe/kbengine-2.0.0-preview3/assets_Battle of Gods/;D:/kbe/kbengine-2.0.0-preview3/assets_Battle of Gods/scripts/;D:/kbe/kbengine-2.0.0-preview3/assets_Battle of Gods/res/
  INFO root [2018-08-10 14:04:47,460] - Resmgr::initialize: KBE_BIN_PATH=D:/kbe/kbengine-2.0.0-preview3/kbe/bin/server/
  INFO root [2018-08-10 14:04:47,494] - NetworkInterface::initialize(INTERNAL): bound to all interfaces with default route interface on 10.139.89.70 ( 10.139.89.70:30099 )
  INFO root [2018-08-10 14:04:47,494] - NetworkInterface::initialize(INTERNAL): address 10.139.89.70:30099, SOMAXCONN=5.
  INFO root [2018-08-10 14:04:47,504] - ---- interfaces Version: 2.0.0. ScriptVersion: 0.1.0. Protocol: B409105E27A5E1A16C0E7F75BA06219D. Config: Debug X86. Built: 23:18:31 May 26 2018. AppID: 3000. UID: 21326. PID: 17644 ----
  INFO root [2018-08-10 14:04:47,550] - Server : Intel(R) Core(TM) i5-4210H CPU @ 2.90GHz with 2097151kB RAM
  INFO root [2018-08-10 14:04:47,562] - ThreadPool::createThreadPool: creating  threadpool...
  INFO root [2018-08-10 14:04:47,562] - ThreadPool::createThreadPool: successfully(2), newThreadCount=1, normalMaxThreadCount=2, maxThreadCount=8
 DEBUG root [2018-08-10 14:04:47,724] - Script::install_py_dlls(): PyInit_pyexpat
 DEBUG root [2018-08-10 14:04:47,724] - Script::install_py_dlls(): PyInit__socket
 DEBUG root [2018-08-10 14:04:47,724] - Script::install_py_dlls(): PyInit__ssl
 DEBUG root [2018-08-10 14:04:47,731] - Script::install_py_dlls(): PyInit__hashlib
 DEBUG root [2018-08-10 14:04:47,731] - Script::install_py_dlls(): PyInit_select
 DEBUG root [2018-08-10 14:04:47,731] - Script::install_py_dlls(): PyInit__ctypes
 DEBUG root [2018-08-10 14:04:47,731] - Script::install_py_dlls(): PyInit__elementtree
 DEBUG root [2018-08-10 14:04:47,814] - Script::install_py_dlls(): PyInit_unicodedata
  INFO root [2018-08-10 14:04:47,882] - Script::install(): is successfully, Python=(3.4.2 (default, May 26 2018, 23:18:23) [MSC v.1913 32 bit (Intel)])!
  INFO root [2018-08-10 14:04:47,882] - Script::install(): KBExtra is successfully!
S_INFO root [2018-08-10 14:04:47,895] - onInterfaceAppReady: bootstrapGroupIndex=0, bootstrapGlobalIndex=0
  INFO root [2018-08-10 14:04:47,912] - TelnetServer server is running on port 33000
  INFO root [2018-08-10 14:04:48,631] - ---- interfaces is running ----
 DEBUG root [2018-08-10 14:04:48,640] - Components::process(): Request for the process of identity...
  INFO root [2018-08-10 14:04:56,099] - Components::process(): Found all the components!
S_INFO root [2018-08-10 14:05:40,299] - onRequestAccountLogin: registerName=qq
S_INFO root [2018-08-10 14:06:51,599] - onRequestAccountLogin: registerName=qq
S_INFO root [2018-08-10 14:16:30,600] - onRequestAccountLogin: registerName=qq
S_INFO root [2018-08-10 14:17:26,500] - onRequestAccountLogin: registerName=qq
S_INFO root [2018-08-10 14:20:06,501] - onRequestAccountLogin: registerName=qq
S_INFO root [2018-08-10 14:23:19,201] - onRequestAccountLogin: registerName=qq
S_INFO root [2018-08-10 14:24:06,200] - onRequestAccountLogin: registerName=qq
S_INFO root [2018-08-10 14:29:54,401] - onRequestAccountLogin: registerName=qq
S_INFO root [2018-08-10 14:33:54,901] - onRequestAccountLogin: registerName=qq
  WARN root [2018-08-10 14:47:31,497] - TCPPacketReceiver::processPendingEvents(127.0.0.1:9279): Throwing REASON_GENERAL_NETWORK - WSAECONNRESET
  INFO root [2018-08-10 14:47:33,904] - 
  INFO root [2018-08-10 14:47:33,916] - -----------------------------------------------------------------------------------------


  INFO root [2018-08-10 14:47:33,918] - Resmgr::initialize: KBE_ROOT=D:/kbe/kbengine-2.0.0-preview3/
  INFO root [2018-08-10 14:47:33,918] - Resmgr::initialize: KBE_RES_PATH=D:/kbe/kbengine-2.0.0-preview3/kbe/res/;D:/kbe/kbengine-2.0.0-preview3/assets_Battle of Gods/;D:/kbe/kbengine-2.0.0-preview3/assets_Battle of Gods/scripts/;D:/kbe/kbengine-2.0.0-preview3/assets_Battle of Gods/res/
  INFO root [2018-08-10 14:47:33,918] - Resmgr::initialize: KBE_BIN_PATH=D:/kbe/kbengine-2.0.0-preview3/kbe/bin/server/
  INFO root [2018-08-10 14:47:33,966] - NetworkInterface::initialize(INTERNAL): bound to all interfaces with default route interface on 10.139.89.70 ( 10.139.89.70:30099 )
  INFO root [2018-08-10 14:47:33,967] - NetworkInterface::initialize(INTERNAL): address 10.139.89.70:30099, SOMAXCONN=5.
  INFO root [2018-08-10 14:47:33,977] - ---- interfaces Version: 2.0.0. ScriptVersion: 0.1.0. Protocol: B409105E27A5E1A16C0E7F75BA06219D. Config: Debug X86. Built: 23:18:31 May 26 2018. AppID: 3000. UID: 21326. PID: 16940 ----
  INFO root [2018-08-10 14:47:33,980] - Server : Intel(R) Core(TM) i5-4210H CPU @ 2.90GHz with 2097151kB RAM
  INFO root [2018-08-10 14:47:33,980] - ThreadPool::createThreadPool: creating  threadpool...
  INFO root [2018-08-10 14:47:33,981] - ThreadPool::createThreadPool: successfully(2), newThreadCount=1, normalMaxThreadCount=2, maxThreadCount=8
 DEBUG root [2018-08-10 14:47:34,158] - Script::install_py_dlls(): PyInit_pyexpat
 DEBUG root [2018-08-10 14:47:34,159] - Script::install_py_dlls(): PyInit__socket
 DEBUG root [2018-08-10 14:47:34,159] - Script::install_py_dlls(): PyInit__ssl
 DEBUG root [2018-08-10 14:47:34,165] - Script::install_py_dlls(): PyInit__hashlib
 DEBUG root [2018-08-10 14:47:34,165] - Script::install_py_dlls(): PyInit_select
 DEBUG root [2018-08-10 14:47:34,166] - Script::install_py_dlls(): PyInit__ctypes
 DEBUG root [2018-08-10 14:47:34,167] - Script::install_py_dlls(): PyInit__elementtree
 DEBUG root [2018-08-10 14:47:34,247] - Script::install_py_dlls(): PyInit_unicodedata
  INFO root [2018-08-10 14:47:34,318] - Script::install(): is successfully, Python=(3.4.2 (default, May 26 2018, 23:18:23) [MSC v.1913 32 bit (Intel)])!
  INFO root [2018-08-10 14:47:34,318] - Script::install(): KBExtra is successfully!
S_INFO root [2018-08-10 14:47:34,342] - onInterfaceAppReady: bootstrapGroupIndex=0, bootstrapGlobalIndex=0
  INFO root [2018-08-10 14:47:34,360] - TelnetServer server is running on port 33000
  INFO root [2018-08-10 14:47:35,061] - ---- interfaces is running ----
 DEBUG root [2018-08-10 14:47:35,089] - Components::process(): Request for the process of identity...
  INFO root [2018-08-10 14:47:42,455] - Components::process(): Found all the components!
  INFO root [2018-08-10 14:48:26,343] - 
  INFO root [2018-08-10 14:48:26,348] - -----------------------------------------------------------------------------------------


  INFO root [2018-08-10 14:48:26,350] - Resmgr::initialize: KBE_ROOT=D:/kbe/kbengine-2.0.0-preview3/
  INFO root [2018-08-10 14:48:26,356] - Resmgr::initialize: KBE_RES_PATH=D:/kbe/kbengine-2.0.0-preview3/kbe/res/;D:/kbe/kbengine-2.0.0-preview3/assets_Battle of Gods/;D:/kbe/kbengine-2.0.0-preview3/assets_Battle of Gods/scripts/;D:/kbe/kbengine-2.0.0-preview3/assets_Battle of Gods/res/
  INFO root [2018-08-10 14:48:26,356] - Resmgr::initialize: KBE_BIN_PATH=D:/kbe/kbengine-2.0.0-preview3/kbe/bin/server/
  INFO root [2018-08-10 14:48:26,508] - NetworkInterface::initialize(INTERNAL): bound to all interfaces with default route interface on 10.139.89.70 ( 10.139.89.70:30099 )
  INFO root [2018-08-10 14:48:26,509] - NetworkInterface::initialize(INTERNAL): address 10.139.89.70:30099, SOMAXCONN=5.
  INFO root [2018-08-10 14:48:26,516] - ---- interfaces Version: 2.0.0. ScriptVersion: 0.1.0. Protocol: B409105E27A5E1A16C0E7F75BA06219D. Config: Debug X86. Built: 23:18:31 May 26 2018. AppID: 3000. UID: 21326. PID: 11964 ----
  INFO root [2018-08-10 14:48:26,529] - Server : Intel(R) Core(TM) i5-4210H CPU @ 2.90GHz with 2097151kB RAM
  INFO root [2018-08-10 14:48:26,530] - ThreadPool::createThreadPool: creating  threadpool...
  INFO root [2018-08-10 14:48:26,530] - ThreadPool::createThreadPool: successfully(2), newThreadCount=1, normalMaxThreadCount=2, maxThreadCount=8
 DEBUG root [2018-08-10 14:48:26,941] - Script::install_py_dlls(): PyInit_pyexpat
 DEBUG root [2018-08-10 14:48:26,942] - Script::install_py_dlls(): PyInit__socket
 DEBUG root [2018-08-10 14:48:26,943] - Script::install_py_dlls(): PyInit__ssl
 DEBUG root [2018-08-10 14:48:26,950] - Script::install_py_dlls(): PyInit__hashlib
 DEBUG root [2018-08-10 14:48:26,953] - Script::install_py_dlls(): PyInit_select
 DEBUG root [2018-08-10 14:48:26,953] - Script::install_py_dlls(): PyInit__ctypes
 DEBUG root [2018-08-10 14:48:26,957] - Script::install_py_dlls(): PyInit__elementtree
 DEBUG root [2018-08-10 14:48:27,050] - Script::install_py_dlls(): PyInit_unicodedata
  INFO root [2018-08-10 14:48:27,110] - Script::install(): is successfully, Python=(3.4.2 (default, May 26 2018, 23:18:23) [MSC v.1913 32 bit (Intel)])!
  INFO root [2018-08-10 14:48:27,111] - Script::install(): KBExtra is successfully!
S_INFO root [2018-08-10 14:48:27,134] - onInterfaceAppReady: bootstrapGroupIndex=0, bootstrapGlobalIndex=0
  INFO root [2018-08-10 14:48:27,148] - TelnetServer server is running on port 33000
  INFO root [2018-08-10 14:48:27,873] - ---- interfaces is running ----
 DEBUG root [2018-08-10 14:48:27,874] - Components::process(): Request for the process of identity...
  INFO root [2018-08-10 14:48:35,235] - Components::process(): Found all the components!
  INFO root [2018-08-10 14:49:23,886] - 
  INFO root [2018-08-10 14:49:23,974] - -----------------------------------------------------------------------------------------


  INFO root [2018-08-10 14:49:23,975] - Resmgr::initialize: KBE_ROOT=D:/kbe/kbengine-2.0.0-preview3/
  INFO root [2018-08-10 14:49:23,976] - Resmgr::initialize: KBE_RES_PATH=D:/kbe/kbengine-2.0.0-preview3/kbe/res/;D:/kbe/kbengine-2.0.0-preview3/assets_Battle of Gods/;D:/kbe/kbengine-2.0.0-preview3/assets_Battle of Gods/scripts/;D:/kbe/kbengine-2.0.0-preview3/assets_Battle of Gods/res/
  INFO root [2018-08-10 14:49:23,976] - Resmgr::initialize: KBE_BIN_PATH=D:/kbe/kbengine-2.0.0-preview3/kbe/bin/server/
  INFO root [2018-08-10 14:49:24,208] - NetworkInterface::initialize(INTERNAL): bound to all interfaces with default route interface on 10.139.89.70 ( 10.139.89.70:30099 )
  INFO root [2018-08-10 14:49:24,208] - NetworkInterface::initialize(INTERNAL): address 10.139.89.70:30099, SOMAXCONN=5.
  INFO root [2018-08-10 14:49:24,245] - ---- interfaces Version: 2.0.0. ScriptVersion: 0.1.0. Protocol: B409105E27A5E1A16C0E7F75BA06219D. Config: Debug X86. Built: 23:18:31 May 26 2018. AppID: 3000. UID: 21326. PID: 2140 ----
  INFO root [2018-08-10 14:49:24,265] - Server : Intel(R) Core(TM) i5-4210H CPU @ 2.90GHz with 2097151kB RAM
  INFO root [2018-08-10 14:49:24,271] - ThreadPool::createThreadPool: creating  threadpool...
  INFO root [2018-08-10 14:49:24,271] - ThreadPool::createThreadPool: successfully(2), newThreadCount=1, normalMaxThreadCount=2, maxThreadCount=8
 DEBUG root [2018-08-10 14:49:24,421] - Script::install_py_dlls(): PyInit_pyexpat
 DEBUG root [2018-08-10 14:49:24,422] - Script::install_py_dlls(): PyInit__socket
 DEBUG root [2018-08-10 14:49:24,423] - Script::install_py_dlls(): PyInit__ssl
 DEBUG root [2018-08-10 14:49:24,428] - Script::install_py_dlls(): PyInit__hashlib
 DEBUG root [2018-08-10 14:49:24,428] - Script::install_py_dlls(): PyInit_select
 DEBUG root [2018-08-10 14:49:24,428] - Script::install_py_dlls(): PyInit__ctypes
 DEBUG root [2018-08-10 14:49:24,437] - Script::install_py_dlls(): PyInit__elementtree
 DEBUG root [2018-08-10 14:49:24,497] - Script::install_py_dlls(): PyInit_unicodedata
  INFO root [2018-08-10 14:49:24,573] - Script::install(): is successfully, Python=(3.4.2 (default, May 26 2018, 23:18:23) [MSC v.1913 32 bit (Intel)])!
  INFO root [2018-08-10 14:49:24,574] - Script::install(): KBExtra is successfully!
S_INFO root [2018-08-10 14:49:24,591] - onInterfaceAppReady: bootstrapGroupIndex=0, bootstrapGlobalIndex=0
  INFO root [2018-08-10 14:49:24,613] - TelnetServer server is running on port 33000
  INFO root [2018-08-10 14:49:25,435] - ---- interfaces is running ----
 DEBUG root [2018-08-10 14:49:25,437] - Components::process(): Request for the process of identity...
  WARN root [2018-08-10 14:49:29,029] - BundleBroadcast::BundleBroadcast: Cannot bind to port 20523, errorno=10048
  INFO root [2018-08-10 14:49:33,192] - Components::process(): Found all the components!
  INFO root [2018-08-10 14:50:55,937] - 
  INFO root [2018-08-10 14:50:55,991] - -----------------------------------------------------------------------------------------


  INFO root [2018-08-10 14:50:55,993] - Resmgr::initialize: KBE_ROOT=D:/kbe/kbengine-2.0.0-preview3/
  INFO root [2018-08-10 14:50:55,993] - Resmgr::initialize: KBE_RES_PATH=D:/kbe/kbengine-2.0.0-preview3/kbe/res/;D:/kbe/kbengine-2.0.0-preview3/assets_Battle of Gods/;D:/kbe/kbengine-2.0.0-preview3/assets_Battle of Gods/scripts/;D:/kbe/kbengine-2.0.0-preview3/assets_Battle of Gods/res/
  INFO root [2018-08-10 14:50:55,993] - Resmgr::initialize: KBE_BIN_PATH=D:/kbe/kbengine-2.0.0-preview3/kbe/bin/server/
  INFO root [2018-08-10 14:50:56,145] - NetworkInterface::initialize(INTERNAL): bound to all interfaces with default route interface on 10.139.89.70 ( 10.139.89.70:30099 )
  INFO root [2018-08-10 14:50:56,145] - NetworkInterface::initialize(INTERNAL): address 10.139.89.70:30099, SOMAXCONN=5.
  INFO root [2018-08-10 14:50:56,155] - ---- interfaces Version: 2.0.0. ScriptVersion: 0.1.0. Protocol: B409105E27A5E1A16C0E7F75BA06219D. Config: Debug X86. Built: 23:18:31 May 26 2018. AppID: 3000. UID: 21326. PID: 16748 ----
  INFO root [2018-08-10 14:50:56,164] - Server : Intel(R) Core(TM) i5-4210H CPU @ 2.90GHz with 2097151kB RAM
  INFO root [2018-08-10 14:50:56,180] - ThreadPool::createThreadPool: creating  threadpool...
  INFO root [2018-08-10 14:50:56,180] - ThreadPool::createThreadPool: successfully(2), newThreadCount=1, normalMaxThreadCount=2, maxThreadCount=8
 DEBUG root [2018-08-10 14:50:56,531] - Script::install_py_dlls(): PyInit_pyexpat
 DEBUG root [2018-08-10 14:50:56,536] - Script::install_py_dlls(): PyInit__socket
 DEBUG root [2018-08-10 14:50:56,538] - Script::install_py_dlls(): PyInit__ssl
 DEBUG root [2018-08-10 14:50:56,543] - Script::install_py_dlls(): PyInit__hashlib
 DEBUG root [2018-08-10 14:50:56,543] - Script::install_py_dlls(): PyInit_select
 DEBUG root [2018-08-10 14:50:56,544] - Script::install_py_dlls(): PyInit__ctypes
 DEBUG root [2018-08-10 14:50:56,545] - Script::install_py_dlls(): PyInit__elementtree
 DEBUG root [2018-08-10 14:50:56,640] - Script::install_py_dlls(): PyInit_unicodedata
  INFO root [2018-08-10 14:50:56,712] - Script::install(): is successfully, Python=(3.4.2 (default, May 26 2018, 23:18:23) [MSC v.1913 32 bit (Intel)])!
  INFO root [2018-08-10 14:50:56,712] - Script::install(): KBExtra is successfully!
S_INFO root [2018-08-10 14:50:56,731] - onInterfaceAppReady: bootstrapGroupIndex=0, bootstrapGlobalIndex=0
  INFO root [2018-08-10 14:50:56,763] - TelnetServer server is running on port 33000
  INFO root [2018-08-10 14:50:57,504] - ---- interfaces is running ----
 DEBUG root [2018-08-10 14:50:57,520] - Components::process(): Request for the process of identity...
  INFO root [2018-08-10 14:51:04,831] - Components::process(): Found all the components!
  WARN root [2018-08-10 14:51:21,768] - TCPPacketReceiver::processPendingEvents(127.0.0.1:10375): Throwing REASON_GENERAL_NETWORK - WSAECONNRESET
  INFO root [2018-08-10 14:53:18,908] - 
  INFO root [2018-08-10 14:53:18,914] - -----------------------------------------------------------------------------------------


  INFO root [2018-08-10 14:53:18,916] - Resmgr::initialize: KBE_ROOT=D:/kbe/kbengine-2.0.0-preview3/
  INFO root [2018-08-10 14:53:18,917] - Resmgr::initialize: KBE_RES_PATH=D:/kbe/kbengine-2.0.0-preview3/kbe/res/;D:/kbe/kbengine-2.0.0-preview3/assets_Battle of Gods/;D:/kbe/kbengine-2.0.0-preview3/assets_Battle of Gods/scripts/;D:/kbe/kbengine-2.0.0-preview3/assets_Battle of Gods/res/
  INFO root [2018-08-10 14:53:18,917] - Resmgr::initialize: KBE_BIN_PATH=D:/kbe/kbengine-2.0.0-preview3/kbe/bin/server/
  INFO root [2018-08-10 14:53:18,942] - NetworkInterface::initialize(INTERNAL): bound to all interfaces with default route interface on 10.139.89.70 ( 10.139.89.70:30099 )
  INFO root [2018-08-10 14:53:18,942] - NetworkInterface::initialize(INTERNAL): address 10.139.89.70:30099, SOMAXCONN=5.
  INFO root [2018-08-10 14:53:18,952] - ---- interfaces Version: 2.0.0. ScriptVersion: 0.1.0. Protocol: B409105E27A5E1A16C0E7F75BA06219D. Config: Debug X86. Built: 23:18:31 May 26 2018. AppID: 3000. UID: 21326. PID: 18300 ----
  INFO root [2018-08-10 14:53:18,953] - Server : Intel(R) Core(TM) i5-4210H CPU @ 2.90GHz with 2097151kB RAM
  INFO root [2018-08-10 14:53:18,954] - ThreadPool::createThreadPool: creating  threadpool...
  INFO root [2018-08-10 14:53:18,954] - ThreadPool::createThreadPool: successfully(2), newThreadCount=1, normalMaxThreadCount=2, maxThreadCount=8
 DEBUG root [2018-08-10 14:53:19,369] - Script::install_py_dlls(): PyInit_pyexpat
 DEBUG root [2018-08-10 14:53:19,371] - Script::install_py_dlls(): PyInit__socket
 DEBUG root [2018-08-10 14:53:19,371] - Script::install_py_dlls(): PyInit__ssl
 DEBUG root [2018-08-10 14:53:19,377] - Script::install_py_dlls(): PyInit__hashlib
 DEBUG root [2018-08-10 14:53:19,378] - Script::install_py_dlls(): PyInit_select
 DEBUG root [2018-08-10 14:53:19,379] - Script::install_py_dlls(): PyInit__ctypes
 DEBUG root [2018-08-10 14:53:19,380] - Script::install_py_dlls(): PyInit__elementtree
 DEBUG root [2018-08-10 14:53:19,473] - Script::install_py_dlls(): PyInit_unicodedata
  INFO root [2018-08-10 14:53:19,543] - Script::install(): is successfully, Python=(3.4.2 (default, May 26 2018, 23:18:23) [MSC v.1913 32 bit (Intel)])!
  INFO root [2018-08-10 14:53:19,543] - Script::install(): KBExtra is successfully!
S_INFO root [2018-08-10 14:53:19,562] - onInterfaceAppReady: bootstrapGroupIndex=0, bootstrapGlobalIndex=0
  INFO root [2018-08-10 14:53:19,577] - TelnetServer server is running on port 33000
  INFO root [2018-08-10 14:53:20,228] - ---- interfaces is running ----
 DEBUG root [2018-08-10 14:53:20,228] - Components::process(): Request for the process of identity...
  INFO root [2018-08-10 14:53:27,629] - Components::process(): Found all the components!
  WARN root [2018-08-10 14:53:33,952] - TCPPacketReceiver::processPendingEvents(127.0.0.1:10444): Throwing REASON_GENERAL_NETWORK - WSAECONNRESET
  INFO root [2018-08-10 14:54:39,794] - 
  INFO root [2018-08-10 14:54:39,811] - -----------------------------------------------------------------------------------------


  INFO root [2018-08-10 14:54:39,823] - Resmgr::initialize: KBE_ROOT=D:/kbe/kbengine-2.0.0-preview3/
  INFO root [2018-08-10 14:54:39,824] - Resmgr::initialize: KBE_RES_PATH=D:/kbe/kbengine-2.0.0-preview3/kbe/res/;D:/kbe/kbengine-2.0.0-preview3/assets_Battle of Gods/;D:/kbe/kbengine-2.0.0-preview3/assets_Battle of Gods/scripts/;D:/kbe/kbengine-2.0.0-preview3/assets_Battle of Gods/res/
  INFO root [2018-08-10 14:54:39,824] - Resmgr::initialize: KBE_BIN_PATH=D:/kbe/kbengine-2.0.0-preview3/kbe/bin/server/
  INFO root [2018-08-10 14:54:39,886] - NetworkInterface::initialize(INTERNAL): bound to all interfaces with default route interface on 10.139.89.70 ( 10.139.89.70:30099 )
  INFO root [2018-08-10 14:54:39,886] - NetworkInterface::initialize(INTERNAL): address 10.139.89.70:30099, SOMAXCONN=5.
  INFO root [2018-08-10 14:54:39,895] - ---- interfaces Version: 2.0.0. ScriptVersion: 0.1.0. Protocol: B409105E27A5E1A16C0E7F75BA06219D. Config: Debug X86. Built: 23:18:31 May 26 2018. AppID: 3000. UID: 21326. PID: 7980 ----
  INFO root [2018-08-10 14:54:39,896] - Server : Intel(R) Core(TM) i5-4210H CPU @ 2.90GHz with 2097151kB RAM
  INFO root [2018-08-10 14:54:39,896] - ThreadPool::createThreadPool: creating  threadpool...
  INFO root [2018-08-10 14:54:39,896] - ThreadPool::createThreadPool: successfully(2), newThreadCount=1, normalMaxThreadCount=2, maxThreadCount=8
 DEBUG root [2018-08-10 14:54:40,109] - Script::install_py_dlls(): PyInit_pyexpat
 DEBUG root [2018-08-10 14:54:40,110] - Script::install_py_dlls(): PyInit__socket
 DEBUG root [2018-08-10 14:54:40,110] - Script::install_py_dlls(): PyInit__ssl
 DEBUG root [2018-08-10 14:54:40,117] - Script::install_py_dlls(): PyInit__hashlib
 DEBUG root [2018-08-10 14:54:40,118] - Script::install_py_dlls(): PyInit_select
 DEBUG root [2018-08-10 14:54:40,118] - Script::install_py_dlls(): PyInit__ctypes
 DEBUG root [2018-08-10 14:54:40,119] - Script::install_py_dlls(): PyInit__elementtree
 DEBUG root [2018-08-10 14:54:40,193] - Script::install_py_dlls(): PyInit_unicodedata
  INFO root [2018-08-10 14:54:40,299] - Script::install(): is successfully, Python=(3.4.2 (default, May 26 2018, 23:18:23) [MSC v.1913 32 bit (Intel)])!
  INFO root [2018-08-10 14:54:40,300] - Script::install(): KBExtra is successfully!
S_INFO root [2018-08-10 14:54:40,319] - onInterfaceAppReady: bootstrapGroupIndex=0, bootstrapGlobalIndex=0
  INFO root [2018-08-10 14:54:40,334] - TelnetServer server is running on port 33000
  INFO root [2018-08-10 14:54:41,077] - ---- interfaces is running ----
 DEBUG root [2018-08-10 14:54:41,078] - Components::process(): Request for the process of identity...
  INFO root [2018-08-10 14:54:48,520] - Components::process(): Found all the components!
S_INFO root [2018-08-10 14:55:25,520] - onRequestAccountLogin: registerName=qq
  WARN root [2018-08-10 15:01:08,175] - TCPPacketReceiver::processPendingEvents(127.0.0.1:10503): Throwing REASON_GENERAL_NETWORK - WSAECONNRESET
  INFO root [2018-08-10 15:01:11,094] - 
  INFO root [2018-08-10 15:01:11,132] - -----------------------------------------------------------------------------------------


  INFO root [2018-08-10 15:01:11,133] - Resmgr::initialize: KBE_ROOT=D:/kbe/kbengine-2.0.0-preview3/
  INFO root [2018-08-10 15:01:11,134] - Resmgr::initialize: KBE_RES_PATH=D:/kbe/kbengine-2.0.0-preview3/kbe/res/;D:/kbe/kbengine-2.0.0-preview3/assets_Battle of Gods/;D:/kbe/kbengine-2.0.0-preview3/assets_Battle of Gods/scripts/;D:/kbe/kbengine-2.0.0-preview3/assets_Battle of Gods/res/
  INFO root [2018-08-10 15:01:11,134] - Resmgr::initialize: KBE_BIN_PATH=D:/kbe/kbengine-2.0.0-preview3/kbe/bin/server/
  INFO root [2018-08-10 15:01:11,273] - NetworkInterface::initialize(INTERNAL): bound to all interfaces with default route interface on 10.139.89.70 ( 10.139.89.70:30099 )
  INFO root [2018-08-10 15:01:11,273] - NetworkInterface::initialize(INTERNAL): address 10.139.89.70:30099, SOMAXCONN=5.
  INFO root [2018-08-10 15:01:11,280] - ---- interfaces Version: 2.0.0. ScriptVersion: 0.1.0. Protocol: B409105E27A5E1A16C0E7F75BA06219D. Config: Debug X86. Built: 23:18:31 May 26 2018. AppID: 3000. UID: 21326. PID: 16376 ----
  INFO root [2018-08-10 15:01:11,333] - Server : Intel(R) Core(TM) i5-4210H CPU @ 2.90GHz with 2097151kB RAM
  INFO root [2018-08-10 15:01:11,372] - ThreadPool::createThreadPool: creating  threadpool...
  INFO root [2018-08-10 15:01:11,374] - ThreadPool::createThreadPool: successfully(2), newThreadCount=1, normalMaxThreadCount=2, maxThreadCount=8
 DEBUG root [2018-08-10 15:01:11,802] - Script::install_py_dlls(): PyInit_pyexpat
 DEBUG root [2018-08-10 15:01:11,803] - Script::install_py_dlls(): PyInit__socket
 DEBUG root [2018-08-10 15:01:11,803] - Script::install_py_dlls(): PyInit__ssl
 DEBUG root [2018-08-10 15:01:11,809] - Script::install_py_dlls(): PyInit__hashlib
 DEBUG root [2018-08-10 15:01:11,810] - Script::install_py_dlls(): PyInit_select
 DEBUG root [2018-08-10 15:01:11,810] - Script::install_py_dlls(): PyInit__ctypes
 DEBUG root [2018-08-10 15:01:11,811] - Script::install_py_dlls(): PyInit__elementtree
 DEBUG root [2018-08-10 15:01:11,904] - Script::install_py_dlls(): PyInit_unicodedata
  INFO root [2018-08-10 15:01:11,977] - Script::install(): is successfully, Python=(3.4.2 (default, May 26 2018, 23:18:23) [MSC v.1913 32 bit (Intel)])!
  INFO root [2018-08-10 15:01:11,977] - Script::install(): KBExtra is successfully!
S_INFO root [2018-08-10 15:01:12,004] - onInterfaceAppReady: bootstrapGroupIndex=0, bootstrapGlobalIndex=0
  INFO root [2018-08-10 15:01:12,020] - TelnetServer server is running on port 33000
  INFO root [2018-08-10 15:01:12,807] - ---- interfaces is running ----
 DEBUG root [2018-08-10 15:01:12,819] - Components::process(): Request for the process of identity...
  INFO root [2018-08-10 15:01:20,405] - Components::process(): Found all the components!
S_INFO root [2018-08-10 15:02:37,105] - onRequestAccountLogin: registerName=qq
  WARN root [2018-08-10 15:04:37,955] - TCPPacketReceiver::processPendingEvents(127.0.0.1:10657): Throwing REASON_GENERAL_NETWORK - WSAECONNRESET
  INFO root [2018-08-10 15:04:40,517] - 
  INFO root [2018-08-10 15:04:40,520] - -----------------------------------------------------------------------------------------


  INFO root [2018-08-10 15:04:40,522] - Resmgr::initialize: KBE_ROOT=D:/kbe/kbengine-2.0.0-preview3/
  INFO root [2018-08-10 15:04:40,522] - Resmgr::initialize: KBE_RES_PATH=D:/kbe/kbengine-2.0.0-preview3/kbe/res/;D:/kbe/kbengine-2.0.0-preview3/assets_Battle of Gods/;D:/kbe/kbengine-2.0.0-preview3/assets_Battle of Gods/scripts/;D:/kbe/kbengine-2.0.0-preview3/assets_Battle of Gods/res/
  INFO root [2018-08-10 15:04:40,522] - Resmgr::initialize: KBE_BIN_PATH=D:/kbe/kbengine-2.0.0-preview3/kbe/bin/server/
  INFO root [2018-08-10 15:04:40,592] - NetworkInterface::initialize(INTERNAL): bound to all interfaces with default route interface on 10.139.89.70 ( 10.139.89.70:30099 )
  INFO root [2018-08-10 15:04:40,592] - NetworkInterface::initialize(INTERNAL): address 10.139.89.70:30099, SOMAXCONN=5.
  INFO root [2018-08-10 15:04:40,603] - ---- interfaces Version: 2.0.0. ScriptVersion: 0.1.0. Protocol: B409105E27A5E1A16C0E7F75BA06219D. Config: Debug X86. Built: 23:18:31 May 26 2018. AppID: 3000. UID: 21326. PID: 14708 ----
  INFO root [2018-08-10 15:04:40,667] - Server : Intel(R) Core(TM) i5-4210H CPU @ 2.90GHz with 2097151kB RAM
  INFO root [2018-08-10 15:04:40,724] - ThreadPool::createThreadPool: creating  threadpool...
  INFO root [2018-08-10 15:04:40,724] - ThreadPool::createThreadPool: successfully(2), newThreadCount=1, normalMaxThreadCount=2, maxThreadCount=8
 DEBUG root [2018-08-10 15:04:41,166] - Script::install_py_dlls(): PyInit_pyexpat
 DEBUG root [2018-08-10 15:04:41,167] - Script::install_py_dlls(): PyInit__socket
 DEBUG root [2018-08-10 15:04:41,168] - Script::install_py_dlls(): PyInit__ssl
 DEBUG root [2018-08-10 15:04:41,173] - Script::install_py_dlls(): PyInit__hashlib
 DEBUG root [2018-08-10 15:04:41,176] - Script::install_py_dlls(): PyInit_select
 DEBUG root [2018-08-10 15:04:41,176] - Script::install_py_dlls(): PyInit__ctypes
 DEBUG root [2018-08-10 15:04:41,177] - Script::install_py_dlls(): PyInit__elementtree
 DEBUG root [2018-08-10 15:04:41,287] - Script::install_py_dlls(): PyInit_unicodedata
  INFO root [2018-08-10 15:04:41,357] - Script::install(): is successfully, Python=(3.4.2 (default, May 26 2018, 23:18:23) [MSC v.1913 32 bit (Intel)])!
  INFO root [2018-08-10 15:04:41,357] - Script::install(): KBExtra is successfully!
S_INFO root [2018-08-10 15:04:41,422] - onInterfaceAppReady: bootstrapGroupIndex=0, bootstrapGlobalIndex=0
  INFO root [2018-08-10 15:04:41,437] - TelnetServer server is running on port 33000
  INFO root [2018-08-10 15:04:42,178] - ---- interfaces is running ----
 DEBUG root [2018-08-10 15:04:42,179] - Components::process(): Request for the process of identity...
  INFO root [2018-08-10 15:04:49,556] - Components::process(): Found all the components!
  WARN root [2018-08-10 15:05:17,270] - TCPPacketReceiver::processPendingEvents(127.0.0.1:10787): Throwing REASON_GENERAL_NETWORK - WSAECONNRESET
  INFO root [2018-08-10 15:05:19,551] - 
  INFO root [2018-08-10 15:05:19,618] - -----------------------------------------------------------------------------------------


  INFO root [2018-08-10 15:05:19,619] - Resmgr::initialize: KBE_ROOT=D:/kbe/kbengine-2.0.0-preview3/
  INFO root [2018-08-10 15:05:19,620] - Resmgr::initialize: KBE_RES_PATH=D:/kbe/kbengine-2.0.0-preview3/kbe/res/;D:/kbe/kbengine-2.0.0-preview3/assets_Battle of Gods/;D:/kbe/kbengine-2.0.0-preview3/assets_Battle of Gods/scripts/;D:/kbe/kbengine-2.0.0-preview3/assets_Battle of Gods/res/
  INFO root [2018-08-10 15:05:19,620] - Resmgr::initialize: KBE_BIN_PATH=D:/kbe/kbengine-2.0.0-preview3/kbe/bin/server/
  INFO root [2018-08-10 15:05:19,915] - NetworkInterface::initialize(INTERNAL): bound to all interfaces with default route interface on 10.139.89.70 ( 10.139.89.70:30099 )
  INFO root [2018-08-10 15:05:19,915] - NetworkInterface::initialize(INTERNAL): address 10.139.89.70:30099, SOMAXCONN=5.
  INFO root [2018-08-10 15:05:19,923] - ---- interfaces Version: 2.0.0. ScriptVersion: 0.1.0. Protocol: B409105E27A5E1A16C0E7F75BA06219D. Config: Debug X86. Built: 23:18:31 May 26 2018. AppID: 3000. UID: 21326. PID: 15464 ----
  INFO root [2018-08-10 15:05:19,949] - Server : Intel(R) Core(TM) i5-4210H CPU @ 2.90GHz with 2097151kB RAM
  INFO root [2018-08-10 15:05:19,949] - ThreadPool::createThreadPool: creating  threadpool...
  INFO root [2018-08-10 15:05:19,950] - ThreadPool::createThreadPool: successfully(2), newThreadCount=1, normalMaxThreadCount=2, maxThreadCount=8
 DEBUG root [2018-08-10 15:05:20,191] - Script::install_py_dlls(): PyInit_pyexpat
 DEBUG root [2018-08-10 15:05:20,192] - Script::install_py_dlls(): PyInit__socket
 DEBUG root [2018-08-10 15:05:20,192] - Script::install_py_dlls(): PyInit__ssl
 DEBUG root [2018-08-10 15:05:20,206] - Script::install_py_dlls(): PyInit__hashlib
 DEBUG root [2018-08-10 15:05:20,207] - Script::install_py_dlls(): PyInit_select
 DEBUG root [2018-08-10 15:05:20,208] - Script::install_py_dlls(): PyInit__ctypes
 DEBUG root [2018-08-10 15:05:20,209] - Script::install_py_dlls(): PyInit__elementtree
 DEBUG root [2018-08-10 15:05:20,282] - Script::install_py_dlls(): PyInit_unicodedata
  INFO root [2018-08-10 15:05:20,338] - Script::install(): is successfully, Python=(3.4.2 (default, May 26 2018, 23:18:23) [MSC v.1913 32 bit (Intel)])!
  INFO root [2018-08-10 15:05:20,339] - Script::install(): KBExtra is successfully!
S_INFO root [2018-08-10 15:05:20,355] - onInterfaceAppReady: bootstrapGroupIndex=0, bootstrapGlobalIndex=0
  INFO root [2018-08-10 15:05:20,369] - TelnetServer server is running on port 33000
  INFO root [2018-08-10 15:05:21,008] - ---- interfaces is running ----
 DEBUG root [2018-08-10 15:05:21,016] - Components::process(): Request for the process of identity...
  INFO root [2018-08-10 15:05:28,356] - Components::process(): Found all the components!
S_INFO root [2018-08-10 15:06:04,056] - onRequestAccountLogin: registerName=qq
  WARN root [2018-08-10 15:06:42,385] - TCPPacketReceiver::processPendingEvents(127.0.0.1:10818): Throwing REASON_GENERAL_NETWORK - WSAECONNRESET
  INFO root [2018-08-10 15:07:40,301] - 
  INFO root [2018-08-10 15:07:40,351] - -----------------------------------------------------------------------------------------


  INFO root [2018-08-10 15:07:40,352] - Resmgr::initialize: KBE_ROOT=D:/kbe/kbengine-2.0.0-preview3/
  INFO root [2018-08-10 15:07:40,353] - Resmgr::initialize: KBE_RES_PATH=D:/kbe/kbengine-2.0.0-preview3/kbe/res/;D:/kbe/kbengine-2.0.0-preview3/assets_Battle of Gods/;D:/kbe/kbengine-2.0.0-preview3/assets_Battle of Gods/scripts/;D:/kbe/kbengine-2.0.0-preview3/assets_Battle of Gods/res/
  INFO root [2018-08-10 15:07:40,353] - Resmgr::initialize: KBE_BIN_PATH=D:/kbe/kbengine-2.0.0-preview3/kbe/bin/server/
  INFO root [2018-08-10 15:07:40,519] - NetworkInterface::initialize(INTERNAL): bound to all interfaces with default route interface on 10.139.89.70 ( 10.139.89.70:30099 )
  INFO root [2018-08-10 15:07:40,520] - NetworkInterface::initialize(INTERNAL): address 10.139.89.70:30099, SOMAXCONN=5.
  INFO root [2018-08-10 15:07:40,527] - ---- interfaces Version: 2.0.0. ScriptVersion: 0.1.0. Protocol: B409105E27A5E1A16C0E7F75BA06219D. Config: Debug X86. Built: 23:18:31 May 26 2018. AppID: 3000. UID: 21326. PID: 16412 ----
  INFO root [2018-08-10 15:07:40,562] - Server : Intel(R) Core(TM) i5-4210H CPU @ 2.90GHz with 2097151kB RAM
  INFO root [2018-08-10 15:07:40,651] - ThreadPool::createThreadPool: creating  threadpool...
  INFO root [2018-08-10 15:07:40,651] - ThreadPool::createThreadPool: successfully(2), newThreadCount=1, normalMaxThreadCount=2, maxThreadCount=8
 DEBUG root [2018-08-10 15:07:40,833] - Script::install_py_dlls(): PyInit_pyexpat
 DEBUG root [2018-08-10 15:07:40,834] - Script::install_py_dlls(): PyInit__socket
 DEBUG root [2018-08-10 15:07:40,834] - Script::install_py_dlls(): PyInit__ssl
 DEBUG root [2018-08-10 15:07:40,847] - Script::install_py_dlls(): PyInit__hashlib
 DEBUG root [2018-08-10 15:07:40,847] - Script::install_py_dlls(): PyInit_select
 DEBUG root [2018-08-10 15:07:40,847] - Script::install_py_dlls(): PyInit__ctypes
 DEBUG root [2018-08-10 15:07:40,848] - Script::install_py_dlls(): PyInit__elementtree
 DEBUG root [2018-08-10 15:07:40,934] - Script::install_py_dlls(): PyInit_unicodedata
  INFO root [2018-08-10 15:07:41,035] - Script::install(): is successfully, Python=(3.4.2 (default, May 26 2018, 23:18:23) [MSC v.1913 32 bit (Intel)])!
  INFO root [2018-08-10 15:07:41,035] - Script::install(): KBExtra is successfully!
S_INFO root [2018-08-10 15:07:41,054] - onInterfaceAppReady: bootstrapGroupIndex=0, bootstrapGlobalIndex=0
  INFO root [2018-08-10 15:07:41,103] - TelnetServer server is running on port 33000
  INFO root [2018-08-10 15:07:41,738] - ---- interfaces is running ----
 DEBUG root [2018-08-10 15:07:41,739] - Components::process(): Request for the process of identity...
  INFO root [2018-08-10 15:07:49,112] - Components::process(): Found all the components!
S_INFO root [2018-08-10 15:08:24,955] - onRequestAccountLogin: registerName=qq
S_INFO root [2018-08-10 15:19:57,053] - onRequestAccountLogin: registerName=qq
  WARN root [2018-08-10 15:24:04,944] - TCPPacketReceiver::processPendingEvents(127.0.0.1:10933): Throwing REASON_GENERAL_NETWORK - WSAECONNRESET
  INFO root [2018-08-10 15:24:07,521] - 
  INFO root [2018-08-10 15:24:07,522] - -----------------------------------------------------------------------------------------


  INFO root [2018-08-10 15:24:07,523] - Resmgr::initialize: KBE_ROOT=D:/kbe/kbengine-2.0.0-preview3/
  INFO root [2018-08-10 15:24:07,524] - Resmgr::initialize: KBE_RES_PATH=D:/kbe/kbengine-2.0.0-preview3/kbe/res/;D:/kbe/kbengine-2.0.0-preview3/assets_Battle of Gods/;D:/kbe/kbengine-2.0.0-preview3/assets_Battle of Gods/scripts/;D:/kbe/kbengine-2.0.0-preview3/assets_Battle of Gods/res/
  INFO root [2018-08-10 15:24:07,525] - Resmgr::initialize: KBE_BIN_PATH=D:/kbe/kbengine-2.0.0-preview3/kbe/bin/server/
  INFO root [2018-08-10 15:24:07,601] - NetworkInterface::initialize(INTERNAL): bound to all interfaces with default route interface on 10.139.89.70 ( 10.139.89.70:30099 )
  INFO root [2018-08-10 15:24:07,601] - NetworkInterface::initialize(INTERNAL): address 10.139.89.70:30099, SOMAXCONN=5.
  INFO root [2018-08-10 15:24:07,612] - ---- interfaces Version: 2.0.0. ScriptVersion: 0.1.0. Protocol: B409105E27A5E1A16C0E7F75BA06219D. Config: Debug X86. Built: 23:18:31 May 26 2018. AppID: 3000. UID: 21326. PID: 6456 ----
  INFO root [2018-08-10 15:24:07,624] - Server : Intel(R) Core(TM) i5-4210H CPU @ 2.90GHz with 2097151kB RAM
  INFO root [2018-08-10 15:24:07,626] - ThreadPool::createThreadPool: creating  threadpool...
  INFO root [2018-08-10 15:24:07,626] - ThreadPool::createThreadPool: successfully(2), newThreadCount=1, normalMaxThreadCount=2, maxThreadCount=8
 DEBUG root [2018-08-10 15:24:07,838] - Script::install_py_dlls(): PyInit_pyexpat
 DEBUG root [2018-08-10 15:24:07,838] - Script::install_py_dlls(): PyInit__socket
 DEBUG root [2018-08-10 15:24:07,843] - Script::install_py_dlls(): PyInit__ssl
 DEBUG root [2018-08-10 15:24:07,858] - Script::install_py_dlls(): PyInit__hashlib
 DEBUG root [2018-08-10 15:24:07,859] - Script::install_py_dlls(): PyInit_select
 DEBUG root [2018-08-10 15:24:07,859] - Script::install_py_dlls(): PyInit__ctypes
 DEBUG root [2018-08-10 15:24:07,860] - Script::install_py_dlls(): PyInit__elementtree
 DEBUG root [2018-08-10 15:24:07,940] - Script::install_py_dlls(): PyInit_unicodedata
  INFO root [2018-08-10 15:24:08,012] - Script::install(): is successfully, Python=(3.4.2 (default, May 26 2018, 23:18:23) [MSC v.1913 32 bit (Intel)])!
  INFO root [2018-08-10 15:24:08,012] - Script::install(): KBExtra is successfully!
S_INFO root [2018-08-10 15:24:08,029] - onInterfaceAppReady: bootstrapGroupIndex=0, bootstrapGlobalIndex=0
  INFO root [2018-08-10 15:24:08,042] - TelnetServer server is running on port 33000
  INFO root [2018-08-10 15:24:08,774] - ---- interfaces is running ----
 DEBUG root [2018-08-10 15:24:08,774] - Components::process(): Request for the process of identity...
  INFO root [2018-08-10 15:24:16,139] - Components::process(): Found all the components!
S_INFO root [2018-08-10 15:24:46,529] - onRequestAccountLogin: registerName=qq
  WARN root [2018-08-10 15:31:02,648] - TCPPacketReceiver::processPendingEvents(127.0.0.1:11456): Throwing REASON_GENERAL_NETWORK - WSAECONNRESET
  INFO root [2018-08-10 15:31:05,182] - 
  INFO root [2018-08-10 15:31:05,184] - -----------------------------------------------------------------------------------------


  INFO root [2018-08-10 15:31:05,185] - Resmgr::initialize: KBE_ROOT=D:/kbe/kbengine-2.0.0-preview3/
  INFO root [2018-08-10 15:31:05,197] - Resmgr::initialize: KBE_RES_PATH=D:/kbe/kbengine-2.0.0-preview3/kbe/res/;D:/kbe/kbengine-2.0.0-preview3/assets_Battle of Gods/;D:/kbe/kbengine-2.0.0-preview3/assets_Battle of Gods/scripts/;D:/kbe/kbengine-2.0.0-preview3/assets_Battle of Gods/res/
  INFO root [2018-08-10 15:31:05,198] - Resmgr::initialize: KBE_BIN_PATH=D:/kbe/kbengine-2.0.0-preview3/kbe/bin/server/
  INFO root [2018-08-10 15:31:05,491] - NetworkInterface::initialize(INTERNAL): bound to all interfaces with default route interface on 10.139.89.70 ( 10.139.89.70:30099 )
  INFO root [2018-08-10 15:31:05,492] - NetworkInterface::initialize(INTERNAL): address 10.139.89.70:30099, SOMAXCONN=5.
  INFO root [2018-08-10 15:31:05,511] - ---- interfaces Version: 2.0.0. ScriptVersion: 0.1.0. Protocol: B409105E27A5E1A16C0E7F75BA06219D. Config: Debug X86. Built: 23:18:31 May 26 2018. AppID: 3000. UID: 21326. PID: 9764 ----
  INFO root [2018-08-10 15:31:05,535] - Server : Intel(R) Core(TM) i5-4210H CPU @ 2.90GHz with 2097151kB RAM
  INFO root [2018-08-10 15:31:05,557] - ThreadPool::createThreadPool: creating  threadpool...
  INFO root [2018-08-10 15:31:05,557] - ThreadPool::createThreadPool: successfully(2), newThreadCount=1, normalMaxThreadCount=2, maxThreadCount=8
 DEBUG root [2018-08-10 15:31:05,854] - Script::install_py_dlls(): PyInit_pyexpat
 DEBUG root [2018-08-10 15:31:05,855] - Script::install_py_dlls(): PyInit__socket
 DEBUG root [2018-08-10 15:31:05,856] - Script::install_py_dlls(): PyInit__ssl
 DEBUG root [2018-08-10 15:31:05,885] - Script::install_py_dlls(): PyInit__hashlib
 DEBUG root [2018-08-10 15:31:05,886] - Script::install_py_dlls(): PyInit_select
 DEBUG root [2018-08-10 15:31:05,886] - Script::install_py_dlls(): PyInit__ctypes
 DEBUG root [2018-08-10 15:31:05,887] - Script::install_py_dlls(): PyInit__elementtree
 DEBUG root [2018-08-10 15:31:05,948] - Script::install_py_dlls(): PyInit_unicodedata
  INFO root [2018-08-10 15:31:06,009] - Script::install(): is successfully, Python=(3.4.2 (default, May 26 2018, 23:18:23) [MSC v.1913 32 bit (Intel)])!
  INFO root [2018-08-10 15:31:06,010] - Script::install(): KBExtra is successfully!
S_INFO root [2018-08-10 15:31:06,025] - onInterfaceAppReady: bootstrapGroupIndex=0, bootstrapGlobalIndex=0
  INFO root [2018-08-10 15:31:06,039] - TelnetServer server is running on port 33000
  INFO root [2018-08-10 15:31:06,683] - ---- interfaces is running ----
 DEBUG root [2018-08-10 15:31:06,703] - Components::process(): Request for the process of identity...
  INFO root [2018-08-10 15:31:14,026] - Components::process(): Found all the components!
S_INFO root [2018-08-10 15:31:48,626] - onRequestAccountLogin: registerName=qq
  WARN root [2018-08-10 15:49:03,681] - TCPPacketReceiver::processPendingEvents(127.0.0.1:11596): Throwing REASON_GENERAL_NETWORK - WSAECONNRESET
  INFO root [2018-08-10 15:49:06,452] - 
  INFO root [2018-08-10 15:49:06,460] - -----------------------------------------------------------------------------------------


  INFO root [2018-08-10 15:49:06,462] - Resmgr::initialize: KBE_ROOT=D:/kbe/kbengine-2.0.0-preview3/
  INFO root [2018-08-10 15:49:06,462] - Resmgr::initialize: KBE_RES_PATH=D:/kbe/kbengine-2.0.0-preview3/kbe/res/;D:/kbe/kbengine-2.0.0-preview3/assets_Battle of Gods/;D:/kbe/kbengine-2.0.0-preview3/assets_Battle of Gods/scripts/;D:/kbe/kbengine-2.0.0-preview3/assets_Battle of Gods/res/
  INFO root [2018-08-10 15:49:06,462] - Resmgr::initialize: KBE_BIN_PATH=D:/kbe/kbengine-2.0.0-preview3/kbe/bin/server/
  INFO root [2018-08-10 15:49:06,508] - NetworkInterface::initialize(INTERNAL): bound to all interfaces with default route interface on 10.139.89.70 ( 10.139.89.70:30099 )
  INFO root [2018-08-10 15:49:06,508] - NetworkInterface::initialize(INTERNAL): address 10.139.89.70:30099, SOMAXCONN=5.
  INFO root [2018-08-10 15:49:06,516] - ---- interfaces Version: 2.0.0. ScriptVersion: 0.1.0. Protocol: B409105E27A5E1A16C0E7F75BA06219D. Config: Debug X86. Built: 23:18:31 May 26 2018. AppID: 3000. UID: 21326. PID: 6732 ----
  INFO root [2018-08-10 15:49:06,517] - Server : Intel(R) Core(TM) i5-4210H CPU @ 2.90GHz with 2097151kB RAM
  INFO root [2018-08-10 15:49:06,519] - ThreadPool::createThreadPool: creating  threadpool...
  INFO root [2018-08-10 15:49:06,519] - ThreadPool::createThreadPool: successfully(2), newThreadCount=1, normalMaxThreadCount=2, maxThreadCount=8
 DEBUG root [2018-08-10 15:49:06,710] - Script::install_py_dlls(): PyInit_pyexpat
 DEBUG root [2018-08-10 15:49:06,711] - Script::install_py_dlls(): PyInit__socket
 DEBUG root [2018-08-10 15:49:06,712] - Script::install_py_dlls(): PyInit__ssl
 DEBUG root [2018-08-10 15:49:06,716] - Script::install_py_dlls(): PyInit__hashlib
 DEBUG root [2018-08-10 15:49:06,729] - Script::install_py_dlls(): PyInit_select
 DEBUG root [2018-08-10 15:49:06,730] - Script::install_py_dlls(): PyInit__ctypes
 DEBUG root [2018-08-10 15:49:06,731] - Script::install_py_dlls(): PyInit__elementtree
 DEBUG root [2018-08-10 15:49:06,802] - Script::install_py_dlls(): PyInit_unicodedata
  INFO root [2018-08-10 15:49:06,881] - Script::install(): is successfully, Python=(3.4.2 (default, May 26 2018, 23:18:23) [MSC v.1913 32 bit (Intel)])!
  INFO root [2018-08-10 15:49:06,881] - Script::install(): KBExtra is successfully!
S_INFO root [2018-08-10 15:49:06,906] - onInterfaceAppReady: bootstrapGroupIndex=0, bootstrapGlobalIndex=0
  INFO root [2018-08-10 15:49:06,919] - TelnetServer server is running on port 33000
  INFO root [2018-08-10 15:49:07,658] - ---- interfaces is running ----
 DEBUG root [2018-08-10 15:49:07,658] - Components::process(): Request for the process of identity...
  INFO root [2018-08-10 15:49:15,108] - Components::process(): Found all the components!
S_INFO root [2018-08-10 15:50:04,107] - onRequestAccountLogin: registerName=qq
  WARN root [2018-08-10 16:19:40,547] - TCPPacketReceiver::processPendingEvents(127.0.0.1:11814): Throwing REASON_GENERAL_NETWORK - WSAECONNRESET
  INFO root [2018-08-10 16:19:43,505] - 
  INFO root [2018-08-10 16:19:43,512] - -----------------------------------------------------------------------------------------


  INFO root [2018-08-10 16:19:43,513] - Resmgr::initialize: KBE_ROOT=D:/kbe/kbengine-2.0.0-preview3/
  INFO root [2018-08-10 16:19:43,514] - Resmgr::initialize: KBE_RES_PATH=D:/kbe/kbengine-2.0.0-preview3/kbe/res/;D:/kbe/kbengine-2.0.0-preview3/assets_Battle of Gods/;D:/kbe/kbengine-2.0.0-preview3/assets_Battle of Gods/scripts/;D:/kbe/kbengine-2.0.0-preview3/assets_Battle of Gods/res/
  INFO root [2018-08-10 16:19:43,514] - Resmgr::initialize: KBE_BIN_PATH=D:/kbe/kbengine-2.0.0-preview3/kbe/bin/server/
  INFO root [2018-08-10 16:19:43,581] - NetworkInterface::initialize(INTERNAL): bound to all interfaces with default route interface on 10.139.89.70 ( 10.139.89.70:30099 )
  INFO root [2018-08-10 16:19:43,581] - NetworkInterface::initialize(INTERNAL): address 10.139.89.70:30099, SOMAXCONN=5.
  INFO root [2018-08-10 16:19:43,589] - ---- interfaces Version: 2.0.0. ScriptVersion: 0.1.0. Protocol: B409105E27A5E1A16C0E7F75BA06219D. Config: Debug X86. Built: 23:18:31 May 26 2018. AppID: 3000. UID: 21326. PID: 8184 ----
  INFO root [2018-08-10 16:19:43,609] - Server : Intel(R) Core(TM) i5-4210H CPU @ 2.90GHz with 2097151kB RAM
  INFO root [2018-08-10 16:19:43,610] - ThreadPool::createThreadPool: creating  threadpool...
  INFO root [2018-08-10 16:19:43,610] - ThreadPool::createThreadPool: successfully(2), newThreadCount=1, normalMaxThreadCount=2, maxThreadCount=8
 DEBUG root [2018-08-10 16:19:43,876] - Script::install_py_dlls(): PyInit_pyexpat
 DEBUG root [2018-08-10 16:19:43,877] - Script::install_py_dlls(): PyInit__socket
 DEBUG root [2018-08-10 16:19:43,877] - Script::install_py_dlls(): PyInit__ssl
 DEBUG root [2018-08-10 16:19:43,883] - Script::install_py_dlls(): PyInit__hashlib
 DEBUG root [2018-08-10 16:19:43,883] - Script::install_py_dlls(): PyInit_select
 DEBUG root [2018-08-10 16:19:43,883] - Script::install_py_dlls(): PyInit__ctypes
 DEBUG root [2018-08-10 16:19:43,884] - Script::install_py_dlls(): PyInit__elementtree
 DEBUG root [2018-08-10 16:19:43,958] - Script::install_py_dlls(): PyInit_unicodedata
  INFO root [2018-08-10 16:19:44,027] - Script::install(): is successfully, Python=(3.4.2 (default, May 26 2018, 23:18:23) [MSC v.1913 32 bit (Intel)])!
  INFO root [2018-08-10 16:19:44,027] - Script::install(): KBExtra is successfully!
S_INFO root [2018-08-10 16:19:44,091] - onInterfaceAppReady: bootstrapGroupIndex=0, bootstrapGlobalIndex=0
  INFO root [2018-08-10 16:19:44,107] - TelnetServer server is running on port 33000
  INFO root [2018-08-10 16:19:44,768] - ---- interfaces is running ----
 DEBUG root [2018-08-10 16:19:44,769] - Components::process(): Request for the process of identity...
  INFO root [2018-08-10 16:19:52,092] - Components::process(): Found all the components!
S_INFO root [2018-08-10 16:20:30,892] - onRequestAccountLogin: registerName=qq
  WARN root [2018-08-10 16:43:19,135] - TCPPacketReceiver::processPendingEvents(127.0.0.1:12443): Throwing REASON_GENERAL_NETWORK - WSAECONNRESET
  INFO root [2018-08-10 16:43:21,483] - 
  INFO root [2018-08-10 16:43:21,539] - -----------------------------------------------------------------------------------------


  INFO root [2018-08-10 16:43:21,541] - Resmgr::initialize: KBE_ROOT=D:/kbe/kbengine-2.0.0-preview3/
  INFO root [2018-08-10 16:43:21,541] - Resmgr::initialize: KBE_RES_PATH=D:/kbe/kbengine-2.0.0-preview3/kbe/res/;D:/kbe/kbengine-2.0.0-preview3/assets_Battle of Gods/;D:/kbe/kbengine-2.0.0-preview3/assets_Battle of Gods/scripts/;D:/kbe/kbengine-2.0.0-preview3/assets_Battle of Gods/res/
  INFO root [2018-08-10 16:43:21,541] - Resmgr::initialize: KBE_BIN_PATH=D:/kbe/kbengine-2.0.0-preview3/kbe/bin/server/
  INFO root [2018-08-10 16:43:21,672] - NetworkInterface::initialize(INTERNAL): bound to all interfaces with default route interface on 10.139.89.70 ( 10.139.89.70:30099 )
  INFO root [2018-08-10 16:43:21,672] - NetworkInterface::initialize(INTERNAL): address 10.139.89.70:30099, SOMAXCONN=5.
  INFO root [2018-08-10 16:43:21,685] - ---- interfaces Version: 2.0.0. ScriptVersion: 0.1.0. Protocol: B409105E27A5E1A16C0E7F75BA06219D. Config: Debug X86. Built: 23:18:31 May 26 2018. AppID: 3000. UID: 21326. PID: 9984 ----
  INFO root [2018-08-10 16:43:21,704] - Server : Intel(R) Core(TM) i5-4210H CPU @ 2.90GHz with 2097151kB RAM
  INFO root [2018-08-10 16:43:21,717] - ThreadPool::createThreadPool: creating  threadpool...
  INFO root [2018-08-10 16:43:21,718] - ThreadPool::createThreadPool: successfully(2), newThreadCount=1, normalMaxThreadCount=2, maxThreadCount=8
 DEBUG root [2018-08-10 16:43:22,091] - Script::install_py_dlls(): PyInit_pyexpat
 DEBUG root [2018-08-10 16:43:22,092] - Script::install_py_dlls(): PyInit__socket
 DEBUG root [2018-08-10 16:43:22,092] - Script::install_py_dlls(): PyInit__ssl
 DEBUG root [2018-08-10 16:43:22,108] - Script::install_py_dlls(): PyInit__hashlib
 DEBUG root [2018-08-10 16:43:22,108] - Script::install_py_dlls(): PyInit_select
 DEBUG root [2018-08-10 16:43:22,108] - Script::install_py_dlls(): PyInit__ctypes
 DEBUG root [2018-08-10 16:43:22,109] - Script::install_py_dlls(): PyInit__elementtree
 DEBUG root [2018-08-10 16:43:22,185] - Script::install_py_dlls(): PyInit_unicodedata
  INFO root [2018-08-10 16:43:22,264] - Script::install(): is successfully, Python=(3.4.2 (default, May 26 2018, 23:18:23) [MSC v.1913 32 bit (Intel)])!
  INFO root [2018-08-10 16:43:22,264] - Script::install(): KBExtra is successfully!
S_INFO root [2018-08-10 16:43:22,282] - onInterfaceAppReady: bootstrapGroupIndex=0, bootstrapGlobalIndex=0
  INFO root [2018-08-10 16:43:22,296] - TelnetServer server is running on port 33000
  INFO root [2018-08-10 16:43:23,013] - ---- interfaces is running ----
 DEBUG root [2018-08-10 16:43:23,016] - Components::process(): Request for the process of identity...
  INFO root [2018-08-10 16:43:30,383] - Components::process(): Found all the components!
S_INFO root [2018-08-10 16:44:12,783] - onRequestAccountLogin: registerName=qq
S_INFO root [2018-08-10 16:47:24,782] - onRequestAccountLogin: registerName=qq
  WARN root [2018-08-10 16:50:03,754] - TCPPacketReceiver::processPendingEvents(127.0.0.1:12767): Throwing REASON_GENERAL_NETWORK - WSAECONNRESET
  INFO root [2018-08-10 16:50:06,192] - 
  INFO root [2018-08-10 16:50:06,215] - -----------------------------------------------------------------------------------------


  INFO root [2018-08-10 16:50:06,216] - Resmgr::initialize: KBE_ROOT=D:/kbe/kbengine-2.0.0-preview3/
  INFO root [2018-08-10 16:50:06,216] - Resmgr::initialize: KBE_RES_PATH=D:/kbe/kbengine-2.0.0-preview3/kbe/res/;D:/kbe/kbengine-2.0.0-preview3/assets_Battle of Gods/;D:/kbe/kbengine-2.0.0-preview3/assets_Battle of Gods/scripts/;D:/kbe/kbengine-2.0.0-preview3/assets_Battle of Gods/res/
  INFO root [2018-08-10 16:50:06,217] - Resmgr::initialize: KBE_BIN_PATH=D:/kbe/kbengine-2.0.0-preview3/kbe/bin/server/
  INFO root [2018-08-10 16:50:06,325] - NetworkInterface::initialize(INTERNAL): bound to all interfaces with default route interface on 10.139.89.70 ( 10.139.89.70:30099 )
  INFO root [2018-08-10 16:50:06,327] - NetworkInterface::initialize(INTERNAL): address 10.139.89.70:30099, SOMAXCONN=5.
  INFO root [2018-08-10 16:50:06,361] - ---- interfaces Version: 2.0.0. ScriptVersion: 0.1.0. Protocol: B409105E27A5E1A16C0E7F75BA06219D. Config: Debug X86. Built: 23:18:31 May 26 2018. AppID: 3000. UID: 21326. PID: 16008 ----
  INFO root [2018-08-10 16:50:06,421] - Server : Intel(R) Core(TM) i5-4210H CPU @ 2.90GHz with 2097151kB RAM
  INFO root [2018-08-10 16:50:06,438] - ThreadPool::createThreadPool: creating  threadpool...
  INFO root [2018-08-10 16:50:06,439] - ThreadPool::createThreadPool: successfully(2), newThreadCount=1, normalMaxThreadCount=2, maxThreadCount=8
 DEBUG root [2018-08-10 16:50:06,877] - Script::install_py_dlls(): PyInit_pyexpat
 DEBUG root [2018-08-10 16:50:06,878] - Script::install_py_dlls(): PyInit__socket
 DEBUG root [2018-08-10 16:50:06,878] - Script::install_py_dlls(): PyInit__ssl
 DEBUG root [2018-08-10 16:50:06,885] - Script::install_py_dlls(): PyInit__hashlib
 DEBUG root [2018-08-10 16:50:06,885] - Script::install_py_dlls(): PyInit_select
 DEBUG root [2018-08-10 16:50:06,885] - Script::install_py_dlls(): PyInit__ctypes
 DEBUG root [2018-08-10 16:50:06,886] - Script::install_py_dlls(): PyInit__elementtree
 DEBUG root [2018-08-10 16:50:06,973] - Script::install_py_dlls(): PyInit_unicodedata
  INFO root [2018-08-10 16:50:07,044] - Script::install(): is successfully, Python=(3.4.2 (default, May 26 2018, 23:18:23) [MSC v.1913 32 bit (Intel)])!
  INFO root [2018-08-10 16:50:07,044] - Script::install(): KBExtra is successfully!
S_INFO root [2018-08-10 16:50:07,077] - onInterfaceAppReady: bootstrapGroupIndex=0, bootstrapGlobalIndex=0
  INFO root [2018-08-10 16:50:07,091] - TelnetServer server is running on port 33000
  INFO root [2018-08-10 16:50:07,810] - ---- interfaces is running ----
 DEBUG root [2018-08-10 16:50:07,811] - Components::process(): Request for the process of identity...
  INFO root [2018-08-10 16:50:15,191] - Components::process(): Found all the components!
S_INFO root [2018-08-10 16:51:06,178] - onRequestAccountLogin: registerName=qq
  WARN root [2018-08-10 16:51:53,103] - TCPPacketReceiver::processPendingEvents(127.0.0.1:12978): Throwing REASON_GENERAL_NETWORK - WSAECONNRESET
  INFO root [2018-08-10 16:51:56,033] - 
  INFO root [2018-08-10 16:51:56,172] - -----------------------------------------------------------------------------------------


  INFO root [2018-08-10 16:51:56,173] - Resmgr::initialize: KBE_ROOT=D:/kbe/kbengine-2.0.0-preview3/
  INFO root [2018-08-10 16:51:56,174] - Resmgr::initialize: KBE_RES_PATH=D:/kbe/kbengine-2.0.0-preview3/kbe/res/;D:/kbe/kbengine-2.0.0-preview3/assets_Battle of Gods/;D:/kbe/kbengine-2.0.0-preview3/assets_Battle of Gods/scripts/;D:/kbe/kbengine-2.0.0-preview3/assets_Battle of Gods/res/
  INFO root [2018-08-10 16:51:56,174] - Resmgr::initialize: KBE_BIN_PATH=D:/kbe/kbengine-2.0.0-preview3/kbe/bin/server/
  INFO root [2018-08-10 16:51:56,213] - NetworkInterface::initialize(INTERNAL): bound to all interfaces with default route interface on 10.139.89.70 ( 10.139.89.70:30099 )
  INFO root [2018-08-10 16:51:56,214] - NetworkInterface::initialize(INTERNAL): address 10.139.89.70:30099, SOMAXCONN=5.
  INFO root [2018-08-10 16:51:56,282] - ---- interfaces Version: 2.0.0. ScriptVersion: 0.1.0. Protocol: B409105E27A5E1A16C0E7F75BA06219D. Config: Debug X86. Built: 23:18:31 May 26 2018. AppID: 3000. UID: 21326. PID: 9104 ----
  INFO root [2018-08-10 16:51:56,336] - Server : Intel(R) Core(TM) i5-4210H CPU @ 2.90GHz with 2097151kB RAM
  INFO root [2018-08-10 16:51:56,380] - ThreadPool::createThreadPool: creating  threadpool...
  INFO root [2018-08-10 16:51:56,381] - ThreadPool::createThreadPool: successfully(2), newThreadCount=1, normalMaxThreadCount=2, maxThreadCount=8
 DEBUG root [2018-08-10 16:51:56,854] - Script::install_py_dlls(): PyInit_pyexpat
 DEBUG root [2018-08-10 16:51:56,854] - Script::install_py_dlls(): PyInit__socket
 DEBUG root [2018-08-10 16:51:56,855] - Script::install_py_dlls(): PyInit__ssl
 DEBUG root [2018-08-10 16:51:56,860] - Script::install_py_dlls(): PyInit__hashlib
 DEBUG root [2018-08-10 16:51:56,861] - Script::install_py_dlls(): PyInit_select
 DEBUG root [2018-08-10 16:51:56,861] - Script::install_py_dlls(): PyInit__ctypes
 DEBUG root [2018-08-10 16:51:56,862] - Script::install_py_dlls(): PyInit__elementtree
 DEBUG root [2018-08-10 16:51:57,008] - Script::install_py_dlls(): PyInit_unicodedata
  INFO root [2018-08-10 16:51:57,124] - Script::install(): is successfully, Python=(3.4.2 (default, May 26 2018, 23:18:23) [MSC v.1913 32 bit (Intel)])!
  INFO root [2018-08-10 16:51:57,125] - Script::install(): KBExtra is successfully!
S_INFO root [2018-08-10 16:51:57,151] - onInterfaceAppReady: bootstrapGroupIndex=0, bootstrapGlobalIndex=0
  INFO root [2018-08-10 16:51:57,169] - TelnetServer server is running on port 33000
  INFO root [2018-08-10 16:51:57,956] - ---- interfaces is running ----
 DEBUG root [2018-08-10 16:51:57,956] - Components::process(): Request for the process of identity...
  INFO root [2018-08-10 16:52:05,503] - Components::process(): Found all the components!
S_INFO root [2018-08-10 16:52:46,252] - onRequestAccountLogin: registerName=qq
  WARN root [2018-08-10 16:54:25,468] - TCPPacketReceiver::processPendingEvents(127.0.0.1:13058): Throwing REASON_GENERAL_NETWORK - WSAECONNRESET
  INFO root [2018-08-10 16:54:27,963] - 
  INFO root [2018-08-10 16:54:27,974] - -----------------------------------------------------------------------------------------


  INFO root [2018-08-10 16:54:27,975] - Resmgr::initialize: KBE_ROOT=D:/kbe/kbengine-2.0.0-preview3/
  INFO root [2018-08-10 16:54:27,975] - Resmgr::initialize: KBE_RES_PATH=D:/kbe/kbengine-2.0.0-preview3/kbe/res/;D:/kbe/kbengine-2.0.0-preview3/assets_Battle of Gods/;D:/kbe/kbengine-2.0.0-preview3/assets_Battle of Gods/scripts/;D:/kbe/kbengine-2.0.0-preview3/assets_Battle of Gods/res/
  INFO root [2018-08-10 16:54:27,976] - Resmgr::initialize: KBE_BIN_PATH=D:/kbe/kbengine-2.0.0-preview3/kbe/bin/server/
  INFO root [2018-08-10 16:54:28,029] - NetworkInterface::initialize(INTERNAL): bound to all interfaces with default route interface on 10.139.89.70 ( 10.139.89.70:30099 )
  INFO root [2018-08-10 16:54:28,030] - NetworkInterface::initialize(INTERNAL): address 10.139.89.70:30099, SOMAXCONN=5.
  INFO root [2018-08-10 16:54:28,058] - ---- interfaces Version: 2.0.0. ScriptVersion: 0.1.0. Protocol: B409105E27A5E1A16C0E7F75BA06219D. Config: Debug X86. Built: 23:18:31 May 26 2018. AppID: 3000. UID: 21326. PID: 14956 ----
  INFO root [2018-08-10 16:54:28,136] - Server : Intel(R) Core(TM) i5-4210H CPU @ 2.90GHz with 2097151kB RAM
  INFO root [2018-08-10 16:54:28,199] - ThreadPool::createThreadPool: creating  threadpool...
  INFO root [2018-08-10 16:54:28,200] - ThreadPool::createThreadPool: successfully(2), newThreadCount=1, normalMaxThreadCount=2, maxThreadCount=8
 DEBUG root [2018-08-10 16:54:28,681] - Script::install_py_dlls(): PyInit_pyexpat
 DEBUG root [2018-08-10 16:54:28,682] - Script::install_py_dlls(): PyInit__socket
 DEBUG root [2018-08-10 16:54:28,683] - Script::install_py_dlls(): PyInit__ssl
 DEBUG root [2018-08-10 16:54:28,689] - Script::install_py_dlls(): PyInit__hashlib
 DEBUG root [2018-08-10 16:54:28,691] - Script::install_py_dlls(): PyInit_select
 DEBUG root [2018-08-10 16:54:28,691] - Script::install_py_dlls(): PyInit__ctypes
 DEBUG root [2018-08-10 16:54:28,692] - Script::install_py_dlls(): PyInit__elementtree
 DEBUG root [2018-08-10 16:54:28,798] - Script::install_py_dlls(): PyInit_unicodedata
  INFO root [2018-08-10 16:54:28,869] - Script::install(): is successfully, Python=(3.4.2 (default, May 26 2018, 23:18:23) [MSC v.1913 32 bit (Intel)])!
  INFO root [2018-08-10 16:54:28,870] - Script::install(): KBExtra is successfully!
S_INFO root [2018-08-10 16:54:28,894] - onInterfaceAppReady: bootstrapGroupIndex=0, bootstrapGlobalIndex=0
  INFO root [2018-08-10 16:54:28,909] - TelnetServer server is running on port 33000
  INFO root [2018-08-10 16:54:29,575] - ---- interfaces is running ----
 DEBUG root [2018-08-10 16:54:29,576] - Components::process(): Request for the process of identity...
  INFO root [2018-08-10 16:54:37,105] - Components::process(): Found all the components!
S_INFO root [2018-08-10 16:55:10,895] - onRequestAccountLogin: registerName=qq
  WARN root [2018-08-10 17:15:11,075] - TCPPacketReceiver::processPendingEvents(127.0.0.1:13138): Throwing REASON_GENERAL_NETWORK - WSAECONNRESET
