  INFO root [2018-07-07 15:45:20,726] - 
  INFO root [2018-07-07 15:45:20,727] - -----------------------------------------------------------------------------------------


  INFO root [2018-07-07 15:45:20,728] - Resmgr::initialize: KBE_ROOT=D:/kbengine/
  INFO root [2018-07-07 15:45:20,728] - Resmgr::initialize: KBE_RES_PATH=D:/kbengine/kbe/res/;D:/kbengine/assets_Battle of Gods/;D:/kbengine/assets_Battle of Gods/scripts/;D:/kbengine/assets_Battle of Gods/res/
  INFO root [2018-07-07 15:45:20,729] - Resmgr::initialize: KBE_BIN_PATH=D:/kbengine/kbe/bin/server/
  INFO root [2018-07-07 15:45:20,742] - NetworkInterface::initialize(INTERNAL): bound to all interfaces with default route interface on 10.1.9.4 ( 10.1.9.4:30099 )
  INFO root [2018-07-07 15:45:20,772] - NetworkInterface::initialize(INTERNAL): address 10.1.9.4:30099, SOMAXCONN=5.
  INFO root [2018-07-07 15:45:20,783] - ---- interfaces Version: 2.0.0. ScriptVersion: 0.1.0. Protocol: A3D4913C83C4082A29723B2DA267A5B0. Config: Debug X86. Built: 16:26:48 Apr 30 2018. AppID: 3000. UID: 10103. PID: 10232 ----
  INFO root [2018-07-07 15:45:20,787] - Server : Intel(R) Core(TM) i7-6700HQ CPU @ 2.60GHz with 2097151kB RAM
  INFO root [2018-07-07 15:45:20,789] - ThreadPool::createThreadPool: creating  threadpool...
  INFO root [2018-07-07 15:45:20,789] - ThreadPool::createThreadPool: successfully(2), newThreadCount=1, normalMaxThreadCount=2, maxThreadCount=8
 DEBUG root [2018-07-07 15:45:20,958] - Script::install_py_dlls(): PyInit_pyexpat
 DEBUG root [2018-07-07 15:45:20,959] - Script::install_py_dlls(): PyInit__socket
 DEBUG root [2018-07-07 15:45:20,959] - Script::install_py_dlls(): PyInit__ssl
 DEBUG root [2018-07-07 15:45:20,966] - Script::install_py_dlls(): PyInit__hashlib
 DEBUG root [2018-07-07 15:45:20,966] - Script::install_py_dlls(): PyInit_select
 DEBUG root [2018-07-07 15:45:20,967] - Script::install_py_dlls(): PyInit__ctypes
 DEBUG root [2018-07-07 15:45:20,968] - Script::install_py_dlls(): PyInit__elementtree
 DEBUG root [2018-07-07 15:45:22,438] - Script::install_py_dlls(): PyInit_unicodedata
  INFO root [2018-07-07 15:45:23,413] - Script::install(): is successfully, Python=(3.4.2 (default, Apr 30 2018, 16:26:41) [MSC v.1900 32 bit (Intel)])!
  INFO root [2018-07-07 15:45:23,414] - Script::install(): KBExtra is successfully!
S_INFO root [2018-07-07 15:45:23,958] - onInterfaceAppReady: bootstrapGroupIndex=0, bootstrapGlobalIndex=0
  INFO root [2018-07-07 15:45:24,192] - TelnetServer server is running on port 33000
  WARN root [2018-07-07 15:45:24,192] - interfaces.cpp:146: Profile scriptCall took 0.24 seconds
  INFO root [2018-07-07 15:45:24,806] - ---- interfaces is running ----
 DEBUG root [2018-07-07 15:45:24,807] - Components::process(): Request for the process of identity...
  INFO root [2018-07-07 15:45:32,330] - Components::process(): Found all the components!
S_INFO root [2018-07-07 15:45:53,558] - onRequestAccountLogin: registerName=cxx
S_INFO root [2018-07-07 15:46:56,058] - onRequestAccountLogin: registerName=cxx
S_INFO root [2018-07-07 16:03:19,955] - onRequestAccountLogin: registerName=cxx
S_INFO root [2018-07-07 16:03:52,755] - onRequestAccountLogin: registerName=ewq123
S_INFO root [2018-07-07 16:04:06,055] - onRequestAccountLogin: registerName=1q2w3e
S_INFO root [2018-07-07 16:05:32,355] - onRequestAccountLogin: registerName=1q2w3e
S_INFO root [2018-07-07 16:09:46,954] - onRequestAccountLogin: registerName=cxx
S_INFO root [2018-07-07 16:10:30,255] - onRequestAccountLogin: registerName=cxx
S_INFO root [2018-07-07 16:11:55,054] - onRequestAccountLogin: registerName=cxx
S_INFO root [2018-07-07 16:13:25,855] - onRequestCreateAccount: registerName=cxx2
S_INFO root [2018-07-07 16:13:30,259] - onRequestAccountLogin: registerName=cxx2
  WARN root [2018-07-07 16:33:12,736] - TCPPacketReceiver::processPendingEvents(127.0.0.1:33816): Throwing REASON_GENERAL_NETWORK - WSAECONNRESET
