  INFO root [2018-04-30 18:11:08,222] - 
  INFO root [2018-04-30 18:11:08,223] - -----------------------------------------------------------------------------------------


  INFO root [2018-04-30 18:11:08,227] - Resmgr::initialize: KBE_ROOT=D:/kbengine/
  INFO root [2018-04-30 18:11:08,228] - Resmgr::initialize: KBE_RES_PATH=D:/kbengine/kbe/res/;D:/kbengine/assets/;D:/kbengine/assets/scripts/;D:/kbengine/assets/res/
  INFO root [2018-04-30 18:11:08,228] - Resmgr::initialize: KBE_BIN_PATH=D:/kbengine/kbe/bin/server/
  INFO root [2018-04-30 18:11:08,239] - NetworkInterface::initialize(INTERNAL): bound to all interfaces with default route interface on 10.1.9.9 ( 10.1.9.9:30099 )
  INFO root [2018-04-30 18:11:08,240] - NetworkInterface::initialize(INTERNAL): address 10.1.9.9:30099, SOMAXCONN=5.
  INFO root [2018-04-30 18:11:08,275] - ---- interfaces Version: 2.0.0. ScriptVersion: 0.1.0. Protocol: A3D4913C83C4082A29723B2DA267A5B0. Config: Debug X86. Built: 16:26:48 Apr 30 2018. AppID: 3000. UID: 10103. PID: 13800 ----
  INFO root [2018-04-30 18:11:08,275] - Server : Intel(R) Core(TM) i7-6700HQ CPU @ 2.60GHz with 2097151kB RAM
  INFO root [2018-04-30 18:11:08,276] - ThreadPool::createThreadPool: creating  threadpool...
  INFO root [2018-04-30 18:11:08,276] - ThreadPool::createThreadPool: successfully(2), newThreadCount=1, normalMaxThreadCount=2, maxThreadCount=8
 DEBUG root [2018-04-30 18:11:08,455] - Script::install_py_dlls(): PyInit_pyexpat
 DEBUG root [2018-04-30 18:11:08,456] - Script::install_py_dlls(): PyInit__socket
 DEBUG root [2018-04-30 18:11:08,458] - Script::install_py_dlls(): PyInit__ssl
 DEBUG root [2018-04-30 18:11:08,465] - Script::install_py_dlls(): PyInit__hashlib
 DEBUG root [2018-04-30 18:11:08,465] - Script::install_py_dlls(): PyInit_select
 DEBUG root [2018-04-30 18:11:08,467] - Script::install_py_dlls(): PyInit__ctypes
 DEBUG root [2018-04-30 18:11:08,469] - Script::install_py_dlls(): PyInit__elementtree
 DEBUG root [2018-04-30 18:11:08,529] - Script::install_py_dlls(): PyInit_unicodedata
  INFO root [2018-04-30 18:11:08,574] - Script::install(): is successfully, Python=(3.4.2 (default, Apr 30 2018, 16:26:41) [MSC v.1900 32 bit (Intel)])!
  INFO root [2018-04-30 18:11:08,575] - Script::install(): KBExtra is successfully!
S_INFO root [2018-04-30 18:11:08,619] - onInterfaceAppReady: bootstrapGroupIndex=0, bootstrapGlobalIndex=0
  INFO root [2018-04-30 18:11:08,653] - TelnetServer server is running on port 33000
  INFO root [2018-04-30 18:11:09,121] - ---- interfaces is running ----
 DEBUG root [2018-04-30 18:11:09,122] - Components::process(): Request for the process of identity...
  INFO root [2018-04-30 18:11:16,329] - Components::process(): Found all the components!
  INFO root [2018-04-30 18:15:55,765] - 
  INFO root [2018-04-30 18:15:55,765] - -----------------------------------------------------------------------------------------


  INFO root [2018-04-30 18:15:55,767] - Resmgr::initialize: KBE_ROOT=D:/kbengine/
  INFO root [2018-04-30 18:15:55,767] - Resmgr::initialize: KBE_RES_PATH=D:/kbengine/kbe/res/;D:/kbengine/assets/;D:/kbengine/assets/scripts/;D:/kbengine/assets/res/
  INFO root [2018-04-30 18:15:55,767] - Resmgr::initialize: KBE_BIN_PATH=D:/kbengine/kbe/bin/server/
  INFO root [2018-04-30 18:15:55,773] - NetworkInterface::initialize(INTERNAL): bound to all interfaces with default route interface on 10.1.9.9 ( 10.1.9.9:30099 )
  INFO root [2018-04-30 18:15:55,773] - NetworkInterface::initialize(INTERNAL): address 10.1.9.9:30099, SOMAXCONN=5.
  INFO root [2018-04-30 18:15:55,779] - ---- interfaces Version: 2.0.0. ScriptVersion: 0.1.0. Protocol: A3D4913C83C4082A29723B2DA267A5B0. Config: Debug X86. Built: 16:26:48 Apr 30 2018. AppID: 3000. UID: 10103. PID: 13704 ----
  INFO root [2018-04-30 18:15:55,779] - Server : Intel(R) Core(TM) i7-6700HQ CPU @ 2.60GHz with 2097151kB RAM
  INFO root [2018-04-30 18:15:55,779] - ThreadPool::createThreadPool: creating  threadpool...
  INFO root [2018-04-30 18:15:55,779] - ThreadPool::createThreadPool: successfully(2), newThreadCount=1, normalMaxThreadCount=2, maxThreadCount=8
 DEBUG root [2018-04-30 18:15:55,918] - Script::install_py_dlls(): PyInit_pyexpat
 DEBUG root [2018-04-30 18:15:55,919] - Script::install_py_dlls(): PyInit__socket
 DEBUG root [2018-04-30 18:15:55,919] - Script::install_py_dlls(): PyInit__ssl
 DEBUG root [2018-04-30 18:15:55,922] - Script::install_py_dlls(): PyInit__hashlib
 DEBUG root [2018-04-30 18:15:55,923] - Script::install_py_dlls(): PyInit_select
 DEBUG root [2018-04-30 18:15:55,923] - Script::install_py_dlls(): PyInit__ctypes
 DEBUG root [2018-04-30 18:15:55,924] - Script::install_py_dlls(): PyInit__elementtree
 DEBUG root [2018-04-30 18:15:55,974] - Script::install_py_dlls(): PyInit_unicodedata
  INFO root [2018-04-30 18:15:56,030] - Script::install(): is successfully, Python=(3.4.2 (default, Apr 30 2018, 16:26:41) [MSC v.1900 32 bit (Intel)])!
  INFO root [2018-04-30 18:15:56,030] - Script::install(): KBExtra is successfully!
S_INFO root [2018-04-30 18:15:56,046] - onInterfaceAppReady: bootstrapGroupIndex=0, bootstrapGlobalIndex=0
  INFO root [2018-04-30 18:15:56,054] - TelnetServer server is running on port 33000
  INFO root [2018-04-30 18:15:56,736] - ---- interfaces is running ----
 DEBUG root [2018-04-30 18:15:56,744] - Components::process(): Request for the process of identity...
  INFO root [2018-04-30 18:16:04,068] - Components::process(): Found all the components!
  WARN root [2018-04-30 18:19:28,680] - TCPPacketReceiver::processPendingEvents(127.0.0.1:22083): Throwing REASON_GENERAL_NETWORK - WSAECONNRESET
  INFO root [2018-04-30 18:19:30,698] - 
  INFO root [2018-04-30 18:19:30,698] - -----------------------------------------------------------------------------------------


  INFO root [2018-04-30 18:19:30,699] - Resmgr::initialize: KBE_ROOT=D:/kbengine/
  INFO root [2018-04-30 18:19:30,700] - Resmgr::initialize: KBE_RES_PATH=D:/kbengine/kbe/res/;D:/kbengine/assets/;D:/kbengine/assets/scripts/;D:/kbengine/assets/res/
  INFO root [2018-04-30 18:19:30,700] - Resmgr::initialize: KBE_BIN_PATH=D:/kbengine/kbe/bin/server/
  INFO root [2018-04-30 18:19:30,707] - NetworkInterface::initialize(INTERNAL): bound to all interfaces with default route interface on 10.1.9.9 ( 10.1.9.9:30099 )
  INFO root [2018-04-30 18:19:30,708] - NetworkInterface::initialize(INTERNAL): address 10.1.9.9:30099, SOMAXCONN=5.
  INFO root [2018-04-30 18:19:30,717] - ---- interfaces Version: 2.0.0. ScriptVersion: 0.1.0. Protocol: A3D4913C83C4082A29723B2DA267A5B0. Config: Debug X86. Built: 16:26:48 Apr 30 2018. AppID: 3000. UID: 10103. PID: 13768 ----
  INFO root [2018-04-30 18:19:30,717] - Server : Intel(R) Core(TM) i7-6700HQ CPU @ 2.60GHz with 2097151kB RAM
  INFO root [2018-04-30 18:19:30,718] - ThreadPool::createThreadPool: creating  threadpool...
  INFO root [2018-04-30 18:19:30,719] - ThreadPool::createThreadPool: successfully(2), newThreadCount=1, normalMaxThreadCount=2, maxThreadCount=8
 DEBUG root [2018-04-30 18:19:30,881] - Script::install_py_dlls(): PyInit_pyexpat
 DEBUG root [2018-04-30 18:19:30,882] - Script::install_py_dlls(): PyInit__socket
 DEBUG root [2018-04-30 18:19:30,883] - Script::install_py_dlls(): PyInit__ssl
 DEBUG root [2018-04-30 18:19:30,889] - Script::install_py_dlls(): PyInit__hashlib
 DEBUG root [2018-04-30 18:19:30,890] - Script::install_py_dlls(): PyInit_select
 DEBUG root [2018-04-30 18:19:30,891] - Script::install_py_dlls(): PyInit__ctypes
 DEBUG root [2018-04-30 18:19:30,892] - Script::install_py_dlls(): PyInit__elementtree
 DEBUG root [2018-04-30 18:19:30,966] - Script::install_py_dlls(): PyInit_unicodedata
  INFO root [2018-04-30 18:19:31,030] - Script::install(): is successfully, Python=(3.4.2 (default, Apr 30 2018, 16:26:41) [MSC v.1900 32 bit (Intel)])!
  INFO root [2018-04-30 18:19:31,030] - Script::install(): KBExtra is successfully!
S_INFO root [2018-04-30 18:19:31,047] - onInterfaceAppReady: bootstrapGroupIndex=0, bootstrapGlobalIndex=0
  INFO root [2018-04-30 18:19:31,059] - TelnetServer server is running on port 33000
  INFO root [2018-04-30 18:19:31,579] - ---- interfaces is running ----
 DEBUG root [2018-04-30 18:19:31,579] - Components::process(): Request for the process of identity...
  INFO root [2018-04-30 18:19:38,847] - Components::process(): Found all the components!
  WARN root [2018-04-30 18:20:52,397] - TCPPacketReceiver::processPendingEvents(127.0.0.1:22233): Throwing REASON_GENERAL_NETWORK - WSAECONNRESET
