  INFO root [2018-07-31 16:16:16,817] - 
  INFO root [2018-07-31 16:16:16,818] - -----------------------------------------------------------------------------------------


  INFO root [2018-07-31 16:16:16,820] - Resmgr::initialize: KBE_ROOT=D:/kbengine/
  INFO root [2018-07-31 16:16:16,820] - Resmgr::initialize: KBE_RES_PATH=D:/kbengine/kbe/res/;D:/kbengine/assets_Battle of Gods/;D:/kbengine/assets_Battle of Gods/scripts/;D:/kbengine/assets_Battle of Gods/res/
  INFO root [2018-07-31 16:16:16,821] - Resmgr::initialize: KBE_BIN_PATH=D:/kbengine/kbe/bin/server/
  INFO root [2018-07-31 16:16:16,830] - NetworkInterface::initialize(INTERNAL): bound to all interfaces with default route interface on 10.139.66.192 ( 10.139.66.192:30099 )
  INFO root [2018-07-31 16:16:16,839] - NetworkInterface::initialize(INTERNAL): address 10.139.66.192:30099, SOMAXCONN=5.
  INFO root [2018-07-31 16:16:16,849] - ---- interfaces Version: 2.0.0. ScriptVersion: 0.1.0. Protocol: A3D4913C83C4082A29723B2DA267A5B0. Config: Debug X86. Built: 16:26:48 Apr 30 2018. AppID: 3000. UID: 10103. PID: 7192 ----
  INFO root [2018-07-31 16:16:16,849] - Server : Intel(R) Core(TM) i7-6700HQ CPU @ 2.60GHz with 2097151kB RAM
  INFO root [2018-07-31 16:16:16,850] - ThreadPool::createThreadPool: creating  threadpool...
  INFO root [2018-07-31 16:16:16,851] - ThreadPool::createThreadPool: successfully(2), newThreadCount=1, normalMaxThreadCount=2, maxThreadCount=8
 DEBUG root [2018-07-31 16:16:17,015] - Script::install_py_dlls(): PyInit_pyexpat
 DEBUG root [2018-07-31 16:16:17,016] - Script::install_py_dlls(): PyInit__socket
 DEBUG root [2018-07-31 16:16:17,017] - Script::install_py_dlls(): PyInit__ssl
 DEBUG root [2018-07-31 16:16:17,027] - Script::install_py_dlls(): PyInit__hashlib
 DEBUG root [2018-07-31 16:16:17,028] - Script::install_py_dlls(): PyInit_select
 DEBUG root [2018-07-31 16:16:17,028] - Script::install_py_dlls(): PyInit__ctypes
 DEBUG root [2018-07-31 16:16:17,029] - Script::install_py_dlls(): PyInit__elementtree
 DEBUG root [2018-07-31 16:16:17,094] - Script::install_py_dlls(): PyInit_unicodedata
  INFO root [2018-07-31 16:16:17,158] - Script::install(): is successfully, Python=(3.4.2 (default, Apr 30 2018, 16:26:41) [MSC v.1900 32 bit (Intel)])!
  INFO root [2018-07-31 16:16:17,158] - Script::install(): KBExtra is successfully!
S_INFO root [2018-07-31 16:16:18,132] - onInterfaceAppReady: bootstrapGroupIndex=0, bootstrapGlobalIndex=0
  INFO root [2018-07-31 16:16:18,335] - TelnetServer server is running on port 33000
  WARN root [2018-07-31 16:16:18,335] - interfaces.cpp:146: Profile scriptCall took 0.20 seconds
  INFO root [2018-07-31 16:16:18,865] - ---- interfaces is running ----
 DEBUG root [2018-07-31 16:16:18,865] - Components::process(): Request for the process of identity...
  INFO root [2018-07-31 16:16:26,233] - Components::process(): Found all the components!
S_INFO root [2018-07-31 16:17:07,232] - onRequestAccountLogin: registerName=cxx
  WARN root [2018-07-31 16:20:00,570] - TCPPacketReceiver::processPendingEvents(127.0.0.1:42690): Throwing REASON_GENERAL_NETWORK - WSAECONNRESET
  INFO root [2018-07-31 16:20:02,894] - 
  INFO root [2018-07-31 16:20:02,895] - -----------------------------------------------------------------------------------------


  INFO root [2018-07-31 16:20:02,896] - Resmgr::initialize: KBE_ROOT=D:/kbengine/
  INFO root [2018-07-31 16:20:02,896] - Resmgr::initialize: KBE_RES_PATH=D:/kbengine/kbe/res/;D:/kbengine/assets_Battle of Gods/;D:/kbengine/assets_Battle of Gods/scripts/;D:/kbengine/assets_Battle of Gods/res/
  INFO root [2018-07-31 16:20:02,897] - Resmgr::initialize: KBE_BIN_PATH=D:/kbengine/kbe/bin/server/
  INFO root [2018-07-31 16:20:02,905] - NetworkInterface::initialize(INTERNAL): bound to all interfaces with default route interface on 10.139.66.192 ( 10.139.66.192:30099 )
  INFO root [2018-07-31 16:20:02,906] - NetworkInterface::initialize(INTERNAL): address 10.139.66.192:30099, SOMAXCONN=5.
  INFO root [2018-07-31 16:20:02,913] - ---- interfaces Version: 2.0.0. ScriptVersion: 0.1.0. Protocol: A3D4913C83C4082A29723B2DA267A5B0. Config: Debug X86. Built: 16:26:48 Apr 30 2018. AppID: 3000. UID: 10103. PID: 15500 ----
  INFO root [2018-07-31 16:20:02,913] - Server : Intel(R) Core(TM) i7-6700HQ CPU @ 2.60GHz with 2097151kB RAM
  INFO root [2018-07-31 16:20:02,913] - ThreadPool::createThreadPool: creating  threadpool...
  INFO root [2018-07-31 16:20:02,914] - ThreadPool::createThreadPool: successfully(2), newThreadCount=1, normalMaxThreadCount=2, maxThreadCount=8
 DEBUG root [2018-07-31 16:20:03,065] - Script::install_py_dlls(): PyInit_pyexpat
 DEBUG root [2018-07-31 16:20:03,066] - Script::install_py_dlls(): PyInit__socket
 DEBUG root [2018-07-31 16:20:03,067] - Script::install_py_dlls(): PyInit__ssl
 DEBUG root [2018-07-31 16:20:03,071] - Script::install_py_dlls(): PyInit__hashlib
 DEBUG root [2018-07-31 16:20:03,072] - Script::install_py_dlls(): PyInit_select
 DEBUG root [2018-07-31 16:20:03,072] - Script::install_py_dlls(): PyInit__ctypes
 DEBUG root [2018-07-31 16:20:03,073] - Script::install_py_dlls(): PyInit__elementtree
 DEBUG root [2018-07-31 16:20:03,134] - Script::install_py_dlls(): PyInit_unicodedata
  INFO root [2018-07-31 16:20:03,191] - Script::install(): is successfully, Python=(3.4.2 (default, Apr 30 2018, 16:26:41) [MSC v.1900 32 bit (Intel)])!
  INFO root [2018-07-31 16:20:03,192] - Script::install(): KBExtra is successfully!
S_INFO root [2018-07-31 16:20:03,207] - onInterfaceAppReady: bootstrapGroupIndex=0, bootstrapGlobalIndex=0
  INFO root [2018-07-31 16:20:03,220] - TelnetServer server is running on port 33000
  INFO root [2018-07-31 16:20:03,824] - ---- interfaces is running ----
 DEBUG root [2018-07-31 16:20:03,824] - Components::process(): Request for the process of identity...
  INFO root [2018-07-31 16:20:11,198] - Components::process(): Found all the components!
S_INFO root [2018-07-31 16:21:07,008] - onRequestAccountLogin: registerName=cxx
  WARN root [2018-07-31 16:34:32,148] - TCPPacketReceiver::processPendingEvents(127.0.0.1:43427): Throwing REASON_GENERAL_NETWORK - WSAECONNRESET
  INFO root [2018-07-31 16:34:34,762] - 
  INFO root [2018-07-31 16:34:34,768] - -----------------------------------------------------------------------------------------


  INFO root [2018-07-31 16:34:34,770] - Resmgr::initialize: KBE_ROOT=D:/kbengine/
  INFO root [2018-07-31 16:34:34,770] - Resmgr::initialize: KBE_RES_PATH=D:/kbengine/kbe/res/;D:/kbengine/assets_Battle of Gods/;D:/kbengine/assets_Battle of Gods/scripts/;D:/kbengine/assets_Battle of Gods/res/
  INFO root [2018-07-31 16:34:34,770] - Resmgr::initialize: KBE_BIN_PATH=D:/kbengine/kbe/bin/server/
  INFO root [2018-07-31 16:34:34,787] - NetworkInterface::initialize(INTERNAL): bound to all interfaces with default route interface on 10.139.66.192 ( 10.139.66.192:30099 )
  INFO root [2018-07-31 16:34:34,787] - NetworkInterface::initialize(INTERNAL): address 10.139.66.192:30099, SOMAXCONN=5.
  INFO root [2018-07-31 16:34:34,797] - ---- interfaces Version: 2.0.0. ScriptVersion: 0.1.0. Protocol: A3D4913C83C4082A29723B2DA267A5B0. Config: Debug X86. Built: 16:26:48 Apr 30 2018. AppID: 3000. UID: 10103. PID: 5716 ----
  INFO root [2018-07-31 16:34:34,798] - Server : Intel(R) Core(TM) i7-6700HQ CPU @ 2.60GHz with 2097151kB RAM
  INFO root [2018-07-31 16:34:34,799] - ThreadPool::createThreadPool: creating  threadpool...
  INFO root [2018-07-31 16:34:34,800] - ThreadPool::createThreadPool: successfully(2), newThreadCount=1, normalMaxThreadCount=2, maxThreadCount=8
 DEBUG root [2018-07-31 16:34:35,040] - Script::install_py_dlls(): PyInit_pyexpat
 DEBUG root [2018-07-31 16:34:35,043] - Script::install_py_dlls(): PyInit__socket
 DEBUG root [2018-07-31 16:34:35,044] - Script::install_py_dlls(): PyInit__ssl
 DEBUG root [2018-07-31 16:34:35,049] - Script::install_py_dlls(): PyInit__hashlib
 DEBUG root [2018-07-31 16:34:35,049] - Script::install_py_dlls(): PyInit_select
 DEBUG root [2018-07-31 16:34:35,050] - Script::install_py_dlls(): PyInit__ctypes
 DEBUG root [2018-07-31 16:34:35,051] - Script::install_py_dlls(): PyInit__elementtree
 DEBUG root [2018-07-31 16:34:35,153] - Script::install_py_dlls(): PyInit_unicodedata
  INFO root [2018-07-31 16:34:35,243] - Script::install(): is successfully, Python=(3.4.2 (default, Apr 30 2018, 16:26:41) [MSC v.1900 32 bit (Intel)])!
  INFO root [2018-07-31 16:34:35,244] - Script::install(): KBExtra is successfully!
S_INFO root [2018-07-31 16:34:35,270] - onInterfaceAppReady: bootstrapGroupIndex=0, bootstrapGlobalIndex=0
  INFO root [2018-07-31 16:34:35,286] - TelnetServer server is running on port 33000
  INFO root [2018-07-31 16:34:36,392] - ---- interfaces is running ----
 DEBUG root [2018-07-31 16:34:36,393] - Components::process(): Request for the process of identity...
  INFO root [2018-07-31 16:40:59,457] - 
  INFO root [2018-07-31 16:40:59,458] - -----------------------------------------------------------------------------------------


  INFO root [2018-07-31 16:40:59,462] - Resmgr::initialize: KBE_ROOT=D:/kbengine/
  INFO root [2018-07-31 16:40:59,463] - Resmgr::initialize: KBE_RES_PATH=D:/kbengine/kbe/res/;D:/kbengine/assets_Battle of Gods/;D:/kbengine/assets_Battle of Gods/scripts/;D:/kbengine/assets_Battle of Gods/res/
  INFO root [2018-07-31 16:40:59,463] - Resmgr::initialize: KBE_BIN_PATH=D:/kbengine/kbe/bin/server/
  INFO root [2018-07-31 16:40:59,486] - NetworkInterface::initialize(INTERNAL): bound to all interfaces with default route interface on 10.139.66.192 ( 10.139.66.192:30099 )
  INFO root [2018-07-31 16:40:59,488] - NetworkInterface::initialize(INTERNAL): address 10.139.66.192:30099, SOMAXCONN=5.
  INFO root [2018-07-31 16:40:59,508] - ---- interfaces Version: 2.0.0. ScriptVersion: 0.1.0. Protocol: A3D4913C83C4082A29723B2DA267A5B0. Config: Debug X86. Built: 16:26:48 Apr 30 2018. AppID: 3000. UID: 10103. PID: 9756 ----
  INFO root [2018-07-31 16:40:59,523] - Server : Intel(R) Core(TM) i7-6700HQ CPU @ 2.60GHz with 2097151kB RAM
  INFO root [2018-07-31 16:40:59,528] - ThreadPool::createThreadPool: creating  threadpool...
  INFO root [2018-07-31 16:40:59,529] - ThreadPool::createThreadPool: successfully(2), newThreadCount=1, normalMaxThreadCount=2, maxThreadCount=8
 DEBUG root [2018-07-31 16:40:59,708] - Script::install_py_dlls(): PyInit_pyexpat
 DEBUG root [2018-07-31 16:40:59,709] - Script::install_py_dlls(): PyInit__socket
 DEBUG root [2018-07-31 16:40:59,710] - Script::install_py_dlls(): PyInit__ssl
 DEBUG root [2018-07-31 16:40:59,715] - Script::install_py_dlls(): PyInit__hashlib
 DEBUG root [2018-07-31 16:40:59,716] - Script::install_py_dlls(): PyInit_select
 DEBUG root [2018-07-31 16:40:59,717] - Script::install_py_dlls(): PyInit__ctypes
 DEBUG root [2018-07-31 16:40:59,720] - Script::install_py_dlls(): PyInit__elementtree
 DEBUG root [2018-07-31 16:40:59,801] - Script::install_py_dlls(): PyInit_unicodedata
  INFO root [2018-07-31 16:40:59,862] - Script::install(): is successfully, Python=(3.4.2 (default, Apr 30 2018, 16:26:41) [MSC v.1900 32 bit (Intel)])!
  INFO root [2018-07-31 16:40:59,862] - Script::install(): KBExtra is successfully!
S_INFO root [2018-07-31 16:40:59,880] - onInterfaceAppReady: bootstrapGroupIndex=0, bootstrapGlobalIndex=0
  INFO root [2018-07-31 16:40:59,892] - TelnetServer server is running on port 33000
  INFO root [2018-07-31 16:41:00,511] - ---- interfaces is running ----
 DEBUG root [2018-07-31 16:41:00,511] - Components::process(): Request for the process of identity...
  INFO root [2018-07-31 16:41:07,881] - Components::process(): Found all the components!
S_INFO root [2018-07-31 17:15:45,786] - onRequestAccountLogin: registerName=cxx
  WARN root [2018-07-31 17:18:46,319] - TCPPacketReceiver::processPendingEvents(127.0.0.1:47474): Throwing REASON_GENERAL_NETWORK - WSAECONNRESET
  INFO root [2018-07-31 17:18:49,859] - 
  INFO root [2018-07-31 17:18:49,859] - -----------------------------------------------------------------------------------------


  INFO root [2018-07-31 17:18:49,860] - Resmgr::initialize: KBE_ROOT=D:/kbengine/
  INFO root [2018-07-31 17:18:49,861] - Resmgr::initialize: KBE_RES_PATH=D:/kbengine/kbe/res/;D:/kbengine/assets_Battle of Gods/;D:/kbengine/assets_Battle of Gods/scripts/;D:/kbengine/assets_Battle of Gods/res/
  INFO root [2018-07-31 17:18:49,861] - Resmgr::initialize: KBE_BIN_PATH=D:/kbengine/kbe/bin/server/
  INFO root [2018-07-31 17:18:49,873] - NetworkInterface::initialize(INTERNAL): bound to all interfaces with default route interface on 10.139.66.192 ( 10.139.66.192:30099 )
  INFO root [2018-07-31 17:18:49,873] - NetworkInterface::initialize(INTERNAL): address 10.139.66.192:30099, SOMAXCONN=5.
  INFO root [2018-07-31 17:18:49,882] - ---- interfaces Version: 2.0.0. ScriptVersion: 0.1.0. Protocol: A3D4913C83C4082A29723B2DA267A5B0. Config: Debug X86. Built: 16:26:48 Apr 30 2018. AppID: 3000. UID: 10103. PID: 9948 ----
  INFO root [2018-07-31 17:18:49,882] - Server : Intel(R) Core(TM) i7-6700HQ CPU @ 2.60GHz with 2097151kB RAM
  INFO root [2018-07-31 17:18:49,883] - ThreadPool::createThreadPool: creating  threadpool...
  INFO root [2018-07-31 17:18:49,883] - ThreadPool::createThreadPool: successfully(2), newThreadCount=1, normalMaxThreadCount=2, maxThreadCount=8
 DEBUG root [2018-07-31 17:18:50,068] - Script::install_py_dlls(): PyInit_pyexpat
 DEBUG root [2018-07-31 17:18:50,069] - Script::install_py_dlls(): PyInit__socket
 DEBUG root [2018-07-31 17:18:50,070] - Script::install_py_dlls(): PyInit__ssl
 DEBUG root [2018-07-31 17:18:50,075] - Script::install_py_dlls(): PyInit__hashlib
 DEBUG root [2018-07-31 17:18:50,076] - Script::install_py_dlls(): PyInit_select
 DEBUG root [2018-07-31 17:18:50,076] - Script::install_py_dlls(): PyInit__ctypes
 DEBUG root [2018-07-31 17:18:50,077] - Script::install_py_dlls(): PyInit__elementtree
 DEBUG root [2018-07-31 17:18:50,239] - Script::install_py_dlls(): PyInit_unicodedata
  INFO root [2018-07-31 17:18:50,345] - Script::install(): is successfully, Python=(3.4.2 (default, Apr 30 2018, 16:26:41) [MSC v.1900 32 bit (Intel)])!
  INFO root [2018-07-31 17:18:50,345] - Script::install(): KBExtra is successfully!
S_INFO root [2018-07-31 17:18:50,430] - onInterfaceAppReady: bootstrapGroupIndex=0, bootstrapGlobalIndex=0
  INFO root [2018-07-31 17:18:50,458] - TelnetServer server is running on port 33000
  INFO root [2018-07-31 17:18:51,340] - ---- interfaces is running ----
 DEBUG root [2018-07-31 17:18:51,341] - Components::process(): Request for the process of identity...
  INFO root [2018-07-31 17:18:58,762] - Components::process(): Found all the components!
S_INFO root [2018-07-31 17:19:44,930] - onRequestAccountLogin: registerName=cxx
S_INFO root [2018-07-31 17:28:12,229] - onRequestAccountLogin: registerName=cxx
S_INFO root [2018-07-31 17:33:41,030] - onRequestAccountLogin: registerName=cxx
S_INFO root [2018-07-31 17:34:36,229] - onRequestAccountLogin: registerName=cxx
  WARN root [2018-07-31 17:35:59,412] - TCPPacketReceiver::processPendingEvents(127.0.0.1:35586): Throwing REASON_GENERAL_NETWORK - WSAECONNRESET
  INFO root [2018-07-31 17:36:01,687] - 
  INFO root [2018-07-31 17:36:01,689] - -----------------------------------------------------------------------------------------


  INFO root [2018-07-31 17:36:01,695] - Resmgr::initialize: KBE_ROOT=D:/kbengine/
  INFO root [2018-07-31 17:36:01,696] - Resmgr::initialize: KBE_RES_PATH=D:/kbengine/kbe/res/;D:/kbengine/assets_Battle of Gods/;D:/kbengine/assets_Battle of Gods/scripts/;D:/kbengine/assets_Battle of Gods/res/
  INFO root [2018-07-31 17:36:01,698] - Resmgr::initialize: KBE_BIN_PATH=D:/kbengine/kbe/bin/server/
  INFO root [2018-07-31 17:36:01,746] - NetworkInterface::initialize(INTERNAL): bound to all interfaces with default route interface on 10.139.66.192 ( 10.139.66.192:30099 )
  INFO root [2018-07-31 17:36:01,747] - NetworkInterface::initialize(INTERNAL): address 10.139.66.192:30099, SOMAXCONN=5.
  INFO root [2018-07-31 17:36:01,757] - ---- interfaces Version: 2.0.0. ScriptVersion: 0.1.0. Protocol: A3D4913C83C4082A29723B2DA267A5B0. Config: Debug X86. Built: 16:26:48 Apr 30 2018. AppID: 3000. UID: 10103. PID: 8856 ----
  INFO root [2018-07-31 17:36:01,764] - Server : Intel(R) Core(TM) i7-6700HQ CPU @ 2.60GHz with 2097151kB RAM
  INFO root [2018-07-31 17:36:01,768] - ThreadPool::createThreadPool: creating  threadpool...
  INFO root [2018-07-31 17:36:01,768] - ThreadPool::createThreadPool: successfully(2), newThreadCount=1, normalMaxThreadCount=2, maxThreadCount=8
 DEBUG root [2018-07-31 17:36:01,962] - Script::install_py_dlls(): PyInit_pyexpat
 DEBUG root [2018-07-31 17:36:01,963] - Script::install_py_dlls(): PyInit__socket
 DEBUG root [2018-07-31 17:36:01,964] - Script::install_py_dlls(): PyInit__ssl
 DEBUG root [2018-07-31 17:36:01,969] - Script::install_py_dlls(): PyInit__hashlib
 DEBUG root [2018-07-31 17:36:01,970] - Script::install_py_dlls(): PyInit_select
 DEBUG root [2018-07-31 17:36:01,970] - Script::install_py_dlls(): PyInit__ctypes
 DEBUG root [2018-07-31 17:36:01,971] - Script::install_py_dlls(): PyInit__elementtree
 DEBUG root [2018-07-31 17:36:02,052] - Script::install_py_dlls(): PyInit_unicodedata
  INFO root [2018-07-31 17:36:02,140] - Script::install(): is successfully, Python=(3.4.2 (default, Apr 30 2018, 16:26:41) [MSC v.1900 32 bit (Intel)])!
  INFO root [2018-07-31 17:36:02,141] - Script::install(): KBExtra is successfully!
S_INFO root [2018-07-31 17:36:02,167] - onInterfaceAppReady: bootstrapGroupIndex=0, bootstrapGlobalIndex=0
  INFO root [2018-07-31 17:36:02,187] - TelnetServer server is running on port 33000
  INFO root [2018-07-31 17:36:02,989] - ---- interfaces is running ----
 DEBUG root [2018-07-31 17:36:02,989] - Components::process(): Request for the process of identity...
  INFO root [2018-07-31 17:36:10,334] - Components::process(): Found all the components!
S_INFO root [2018-07-31 17:36:36,367] - onRequestAccountLogin: registerName=cxx
  WARN root [2018-07-31 17:40:50,559] - TCPPacketReceiver::processPendingEvents(127.0.0.1:2566): Throwing REASON_GENERAL_NETWORK - WSAECONNRESET
