  INFO root [2018-08-07 14:30:43,859] - 
  INFO root [2018-08-07 14:30:43,860] - -----------------------------------------------------------------------------------------


  INFO root [2018-08-07 14:30:43,861] - Resmgr::initialize: KBE_ROOT=D:/kbe/kbengine-2.0.0-preview3/
  INFO root [2018-08-07 14:30:43,862] - Resmgr::initialize: KBE_RES_PATH=D:/kbe/kbengine-2.0.0-preview3/kbe/res/;D:/kbe/kbengine-2.0.0-preview3/assets_Battle of Gods/;D:/kbe/kbengine-2.0.0-preview3/assets_Battle of Gods/scripts/;D:/kbe/kbengine-2.0.0-preview3/assets_Battle of Gods/res/
  INFO root [2018-08-07 14:30:43,862] - Resmgr::initialize: KBE_BIN_PATH=D:/kbe/kbengine-2.0.0-preview3/kbe/bin/server/
  INFO root [2018-08-07 14:30:43,868] - NetworkInterface::initialize(INTERNAL): bound to all interfaces with default route interface on 10.139.89.70 ( 10.139.89.70:30099 )
  INFO root [2018-08-07 14:30:43,868] - NetworkInterface::initialize(INTERNAL): address 10.139.89.70:30099, SOMAXCONN=5.
  INFO root [2018-08-07 14:30:43,878] - ---- interfaces Version: 2.0.0. ScriptVersion: 0.1.0. Protocol: B409105E27A5E1A16C0E7F75BA06219D. Config: Debug X86. Built: 23:18:31 May 26 2018. AppID: 3000. UID: 21326. PID: 18252 ----
  INFO root [2018-08-07 14:30:43,878] - Server : Intel(R) Core(TM) i5-4210H CPU @ 2.90GHz with 2097151kB RAM
  INFO root [2018-08-07 14:30:43,879] - ThreadPool::createThreadPool: creating  threadpool...
  INFO root [2018-08-07 14:30:43,879] - ThreadPool::createThreadPool: successfully(2), newThreadCount=1, normalMaxThreadCount=2, maxThreadCount=8
 DEBUG root [2018-08-07 14:30:44,021] - Script::install_py_dlls(): PyInit_pyexpat
 DEBUG root [2018-08-07 14:30:44,022] - Script::install_py_dlls(): PyInit__socket
 DEBUG root [2018-08-07 14:30:44,022] - Script::install_py_dlls(): PyInit__ssl
 DEBUG root [2018-08-07 14:30:44,035] - Script::install_py_dlls(): PyInit__hashlib
 DEBUG root [2018-08-07 14:30:44,035] - Script::install_py_dlls(): PyInit_select
 DEBUG root [2018-08-07 14:30:44,036] - Script::install_py_dlls(): PyInit__ctypes
 DEBUG root [2018-08-07 14:30:44,037] - Script::install_py_dlls(): PyInit__elementtree
 DEBUG root [2018-08-07 14:30:44,095] - Script::install_py_dlls(): PyInit_unicodedata
  INFO root [2018-08-07 14:30:44,151] - Script::install(): is successfully, Python=(3.4.2 (default, May 26 2018, 23:18:23) [MSC v.1913 32 bit (Intel)])!
  INFO root [2018-08-07 14:30:44,151] - Script::install(): KBExtra is successfully!
S_INFO root [2018-08-07 14:30:44,555] - onInterfaceAppReady: bootstrapGroupIndex=0, bootstrapGlobalIndex=0
  INFO root [2018-08-07 14:30:44,588] - TelnetServer server is running on port 33000
  INFO root [2018-08-07 14:30:45,109] - ---- interfaces is running ----
 DEBUG root [2018-08-07 14:30:45,109] - Components::process(): Request for the process of identity...
  INFO root [2018-08-07 14:30:52,363] - Components::process(): Found all the components!
  WARN root [2018-08-07 14:41:11,375] - TCPPacketReceiver::processPendingEvents(127.0.0.1:9273): Throwing REASON_GENERAL_NETWORK - WSAECONNRESET
  INFO root [2018-08-07 14:49:50,640] - 
  INFO root [2018-08-07 14:49:50,660] - -----------------------------------------------------------------------------------------


  INFO root [2018-08-07 14:49:50,662] - Resmgr::initialize: KBE_ROOT=D:/kbe/kbengine-2.0.0-preview3/
  INFO root [2018-08-07 14:49:50,662] - Resmgr::initialize: KBE_RES_PATH=D:/kbe/kbengine-2.0.0-preview3/kbe/res/;D:/kbe/kbengine-2.0.0-preview3/assets_Battle of Gods/;D:/kbe/kbengine-2.0.0-preview3/assets_Battle of Gods/scripts/;D:/kbe/kbengine-2.0.0-preview3/assets_Battle of Gods/res/
  INFO root [2018-08-07 14:49:50,663] - Resmgr::initialize: KBE_BIN_PATH=D:/kbe/kbengine-2.0.0-preview3/kbe/bin/server/
  INFO root [2018-08-07 14:49:50,786] - NetworkInterface::initialize(INTERNAL): bound to all interfaces with default route interface on 10.139.89.70 ( 10.139.89.70:30099 )
  INFO root [2018-08-07 14:49:50,786] - NetworkInterface::initialize(INTERNAL): address 10.139.89.70:30099, SOMAXCONN=5.
  INFO root [2018-08-07 14:49:50,819] - ---- interfaces Version: 2.0.0. ScriptVersion: 0.1.0. Protocol: B409105E27A5E1A16C0E7F75BA06219D. Config: Debug X86. Built: 23:18:31 May 26 2018. AppID: 3000. UID: 21326. PID: 8244 ----
  INFO root [2018-08-07 14:49:50,841] - Server : Intel(R) Core(TM) i5-4210H CPU @ 2.90GHz with 2097151kB RAM
  INFO root [2018-08-07 14:49:50,845] - ThreadPool::createThreadPool: creating  threadpool...
  INFO root [2018-08-07 14:49:50,846] - ThreadPool::createThreadPool: successfully(2), newThreadCount=1, normalMaxThreadCount=2, maxThreadCount=8
 DEBUG root [2018-08-07 14:49:50,980] - Script::install_py_dlls(): PyInit_pyexpat
 DEBUG root [2018-08-07 14:49:50,980] - Script::install_py_dlls(): PyInit__socket
 DEBUG root [2018-08-07 14:49:50,981] - Script::install_py_dlls(): PyInit__ssl
 DEBUG root [2018-08-07 14:49:50,984] - Script::install_py_dlls(): PyInit__hashlib
 DEBUG root [2018-08-07 14:49:50,984] - Script::install_py_dlls(): PyInit_select
 DEBUG root [2018-08-07 14:49:50,984] - Script::install_py_dlls(): PyInit__ctypes
 DEBUG root [2018-08-07 14:49:50,985] - Script::install_py_dlls(): PyInit__elementtree
 DEBUG root [2018-08-07 14:49:51,020] - Script::install_py_dlls(): PyInit_unicodedata
  INFO root [2018-08-07 14:49:51,074] - Script::install(): is successfully, Python=(3.4.2 (default, May 26 2018, 23:18:23) [MSC v.1913 32 bit (Intel)])!
  INFO root [2018-08-07 14:49:51,074] - Script::install(): KBExtra is successfully!
S_INFO root [2018-08-07 14:49:51,085] - onInterfaceAppReady: bootstrapGroupIndex=0, bootstrapGlobalIndex=0
  INFO root [2018-08-07 14:49:51,094] - TelnetServer server is running on port 33000
  INFO root [2018-08-07 14:49:51,758] - ---- interfaces is running ----
 DEBUG root [2018-08-07 14:49:51,759] - Components::process(): Request for the process of identity...
  INFO root [2018-08-07 14:49:59,069] - Components::process(): Found all the components!
  INFO root [2018-08-07 14:51:25,186] - 
  INFO root [2018-08-07 14:51:25,189] - -----------------------------------------------------------------------------------------


  INFO root [2018-08-07 14:51:25,190] - Resmgr::initialize: KBE_ROOT=D:/kbe/kbengine-2.0.0-preview3/
  INFO root [2018-08-07 14:51:25,191] - Resmgr::initialize: KBE_RES_PATH=D:/kbe/kbengine-2.0.0-preview3/kbe/res/;D:/kbe/kbengine-2.0.0-preview3/assets_Battle of Gods/;D:/kbe/kbengine-2.0.0-preview3/assets_Battle of Gods/scripts/;D:/kbe/kbengine-2.0.0-preview3/assets_Battle of Gods/res/
  INFO root [2018-08-07 14:51:25,191] - Resmgr::initialize: KBE_BIN_PATH=D:/kbe/kbengine-2.0.0-preview3/kbe/bin/server/
  INFO root [2018-08-07 14:51:25,293] - NetworkInterface::initialize(INTERNAL): bound to all interfaces with default route interface on 10.139.89.70 ( 10.139.89.70:30099 )
  INFO root [2018-08-07 14:51:25,293] - NetworkInterface::initialize(INTERNAL): address 10.139.89.70:30099, SOMAXCONN=5.
  INFO root [2018-08-07 14:51:25,302] - ---- interfaces Version: 2.0.0. ScriptVersion: 0.1.0. Protocol: B409105E27A5E1A16C0E7F75BA06219D. Config: Debug X86. Built: 23:18:31 May 26 2018. AppID: 3000. UID: 21326. PID: 18172 ----
  INFO root [2018-08-07 14:51:25,305] - Server : Intel(R) Core(TM) i5-4210H CPU @ 2.90GHz with 2097151kB RAM
  INFO root [2018-08-07 14:51:25,309] - ThreadPool::createThreadPool: creating  threadpool...
  INFO root [2018-08-07 14:51:25,309] - ThreadPool::createThreadPool: successfully(2), newThreadCount=1, normalMaxThreadCount=2, maxThreadCount=8
 DEBUG root [2018-08-07 14:51:25,449] - Script::install_py_dlls(): PyInit_pyexpat
 DEBUG root [2018-08-07 14:51:25,449] - Script::install_py_dlls(): PyInit__socket
 DEBUG root [2018-08-07 14:51:25,450] - Script::install_py_dlls(): PyInit__ssl
 DEBUG root [2018-08-07 14:51:25,455] - Script::install_py_dlls(): PyInit__hashlib
 DEBUG root [2018-08-07 14:51:25,456] - Script::install_py_dlls(): PyInit_select
 DEBUG root [2018-08-07 14:51:25,456] - Script::install_py_dlls(): PyInit__ctypes
 DEBUG root [2018-08-07 14:51:25,457] - Script::install_py_dlls(): PyInit__elementtree
 DEBUG root [2018-08-07 14:51:25,501] - Script::install_py_dlls(): PyInit_unicodedata
  INFO root [2018-08-07 14:51:25,534] - Script::install(): is successfully, Python=(3.4.2 (default, May 26 2018, 23:18:23) [MSC v.1913 32 bit (Intel)])!
  INFO root [2018-08-07 14:51:25,535] - Script::install(): KBExtra is successfully!
S_INFO root [2018-08-07 14:51:25,544] - onInterfaceAppReady: bootstrapGroupIndex=0, bootstrapGlobalIndex=0
  INFO root [2018-08-07 14:51:25,552] - TelnetServer server is running on port 33000
  INFO root [2018-08-07 14:51:25,887] - ---- interfaces is running ----
 DEBUG root [2018-08-07 14:51:25,887] - Components::process(): Request for the process of identity...
  INFO root [2018-08-07 14:51:33,145] - Components::process(): Found all the components!
  WARN root [2018-08-07 14:52:06,140] - TCPPacketReceiver::processPendingEvents(127.0.0.1:10046): Throwing REASON_GENERAL_NETWORK - WSAECONNRESET
  INFO root [2018-08-07 14:53:24,688] - 
  INFO root [2018-08-07 14:53:24,693] - -----------------------------------------------------------------------------------------


  INFO root [2018-08-07 14:53:24,697] - Resmgr::initialize: KBE_ROOT=D:/kbe/kbengine-2.0.0-preview3/
  INFO root [2018-08-07 14:53:24,698] - Resmgr::initialize: KBE_RES_PATH=D:/kbe/kbengine-2.0.0-preview3/kbe/res/;D:/kbe/kbengine-2.0.0-preview3/assets_Battle of Gods/;D:/kbe/kbengine-2.0.0-preview3/assets_Battle of Gods/scripts/;D:/kbe/kbengine-2.0.0-preview3/assets_Battle of Gods/res/
  INFO root [2018-08-07 14:53:24,698] - Resmgr::initialize: KBE_BIN_PATH=D:/kbe/kbengine-2.0.0-preview3/kbe/bin/server/
  INFO root [2018-08-07 14:53:24,865] - NetworkInterface::initialize(INTERNAL): bound to all interfaces with default route interface on 10.139.89.70 ( 10.139.89.70:30099 )
  INFO root [2018-08-07 14:53:24,865] - NetworkInterface::initialize(INTERNAL): address 10.139.89.70:30099, SOMAXCONN=5.
  INFO root [2018-08-07 14:53:24,873] - ---- interfaces Version: 2.0.0. ScriptVersion: 0.1.0. Protocol: B409105E27A5E1A16C0E7F75BA06219D. Config: Debug X86. Built: 23:18:31 May 26 2018. AppID: 3000. UID: 21326. PID: 13972 ----
  INFO root [2018-08-07 14:53:24,885] - Server : Intel(R) Core(TM) i5-4210H CPU @ 2.90GHz with 2097151kB RAM
  INFO root [2018-08-07 14:53:24,895] - ThreadPool::createThreadPool: creating  threadpool...
  INFO root [2018-08-07 14:53:24,896] - ThreadPool::createThreadPool: successfully(2), newThreadCount=1, normalMaxThreadCount=2, maxThreadCount=8
 DEBUG root [2018-08-07 14:53:25,132] - Script::install_py_dlls(): PyInit_pyexpat
 DEBUG root [2018-08-07 14:53:25,133] - Script::install_py_dlls(): PyInit__socket
 DEBUG root [2018-08-07 14:53:25,133] - Script::install_py_dlls(): PyInit__ssl
 DEBUG root [2018-08-07 14:53:25,147] - Script::install_py_dlls(): PyInit__hashlib
 DEBUG root [2018-08-07 14:53:25,148] - Script::install_py_dlls(): PyInit_select
 DEBUG root [2018-08-07 14:53:25,148] - Script::install_py_dlls(): PyInit__ctypes
 DEBUG root [2018-08-07 14:53:25,149] - Script::install_py_dlls(): PyInit__elementtree
 DEBUG root [2018-08-07 14:53:25,209] - Script::install_py_dlls(): PyInit_unicodedata
  INFO root [2018-08-07 14:53:25,272] - Script::install(): is successfully, Python=(3.4.2 (default, May 26 2018, 23:18:23) [MSC v.1913 32 bit (Intel)])!
  INFO root [2018-08-07 14:53:25,272] - Script::install(): KBExtra is successfully!
S_INFO root [2018-08-07 14:53:25,289] - onInterfaceAppReady: bootstrapGroupIndex=0, bootstrapGlobalIndex=0
  INFO root [2018-08-07 14:53:25,303] - TelnetServer server is running on port 33000
  INFO root [2018-08-07 14:53:25,679] - ---- interfaces is running ----
 DEBUG root [2018-08-07 14:53:25,680] - Components::process(): Request for the process of identity...
  WARN root [2018-08-07 14:53:29,151] - BundleBroadcast::BundleBroadcast: Cannot bind to port 20958, errorno=10048
  INFO root [2018-08-07 14:53:33,290] - Components::process(): Found all the components!
S_INFO root [2018-08-07 14:54:11,589] - onRequestAccountLogin: registerName=qq
S_INFO root [2018-08-07 14:54:19,290] - onRequestCreateAccount: registerName=qq
S_INFO root [2018-08-07 14:54:22,490] - onRequestAccountLogin: registerName=qq
  WARN root [2018-08-07 14:58:00,751] - TCPPacketReceiver::processPendingEvents(127.0.0.1:10128): Throwing REASON_GENERAL_NETWORK - WSAECONNRESET
  INFO root [2018-08-07 14:58:08,631] - 
  INFO root [2018-08-07 14:58:08,632] - -----------------------------------------------------------------------------------------


  INFO root [2018-08-07 14:58:08,633] - Resmgr::initialize: KBE_ROOT=D:/kbe/kbengine-2.0.0-preview3/
  INFO root [2018-08-07 14:58:08,633] - Resmgr::initialize: KBE_RES_PATH=D:/kbe/kbengine-2.0.0-preview3/kbe/res/;D:/kbe/kbengine-2.0.0-preview3/assets_Battle of Gods/;D:/kbe/kbengine-2.0.0-preview3/assets_Battle of Gods/scripts/;D:/kbe/kbengine-2.0.0-preview3/assets_Battle of Gods/res/
  INFO root [2018-08-07 14:58:08,633] - Resmgr::initialize: KBE_BIN_PATH=D:/kbe/kbengine-2.0.0-preview3/kbe/bin/server/
  INFO root [2018-08-07 14:58:08,640] - NetworkInterface::initialize(INTERNAL): bound to all interfaces with default route interface on 10.139.89.70 ( 10.139.89.70:30099 )
  INFO root [2018-08-07 14:58:08,641] - NetworkInterface::initialize(INTERNAL): address 10.139.89.70:30099, SOMAXCONN=5.
  INFO root [2018-08-07 14:58:08,648] - ---- interfaces Version: 2.0.0. ScriptVersion: 0.1.0. Protocol: B409105E27A5E1A16C0E7F75BA06219D. Config: Debug X86. Built: 23:18:31 May 26 2018. AppID: 3000. UID: 21326. PID: 584 ----
  INFO root [2018-08-07 14:58:08,649] - Server : Intel(R) Core(TM) i5-4210H CPU @ 2.90GHz with 2097151kB RAM
  INFO root [2018-08-07 14:58:08,649] - ThreadPool::createThreadPool: creating  threadpool...
  INFO root [2018-08-07 14:58:08,649] - ThreadPool::createThreadPool: successfully(2), newThreadCount=1, normalMaxThreadCount=2, maxThreadCount=8
 DEBUG root [2018-08-07 14:58:08,804] - Script::install_py_dlls(): PyInit_pyexpat
 DEBUG root [2018-08-07 14:58:08,805] - Script::install_py_dlls(): PyInit__socket
 DEBUG root [2018-08-07 14:58:08,806] - Script::install_py_dlls(): PyInit__ssl
 DEBUG root [2018-08-07 14:58:08,812] - Script::install_py_dlls(): PyInit__hashlib
 DEBUG root [2018-08-07 14:58:08,813] - Script::install_py_dlls(): PyInit_select
 DEBUG root [2018-08-07 14:58:08,813] - Script::install_py_dlls(): PyInit__ctypes
 DEBUG root [2018-08-07 14:58:08,814] - Script::install_py_dlls(): PyInit__elementtree
 DEBUG root [2018-08-07 14:58:08,875] - Script::install_py_dlls(): PyInit_unicodedata
  INFO root [2018-08-07 14:58:08,937] - Script::install(): is successfully, Python=(3.4.2 (default, May 26 2018, 23:18:23) [MSC v.1913 32 bit (Intel)])!
  INFO root [2018-08-07 14:58:08,938] - Script::install(): KBExtra is successfully!
S_INFO root [2018-08-07 14:58:08,954] - onInterfaceAppReady: bootstrapGroupIndex=0, bootstrapGlobalIndex=0
  INFO root [2018-08-07 14:58:08,968] - TelnetServer server is running on port 33000
  INFO root [2018-08-07 14:58:09,413] - ---- interfaces is running ----
 DEBUG root [2018-08-07 14:58:09,414] - Components::process(): Request for the process of identity...
  INFO root [2018-08-07 14:58:16,655] - Components::process(): Found all the components!
S_INFO root [2018-08-07 14:58:54,655] - onRequestAccountLogin: registerName=qq
  WARN root [2018-08-07 15:02:52,971] - TCPPacketReceiver::processPendingEvents(127.0.0.1:10233): Throwing REASON_GENERAL_NETWORK - WSAECONNRESET
  INFO root [2018-08-07 15:04:29,083] - 
  INFO root [2018-08-07 15:04:29,084] - -----------------------------------------------------------------------------------------


  INFO root [2018-08-07 15:04:29,085] - Resmgr::initialize: KBE_ROOT=D:/kbe/kbengine-2.0.0-preview3/
  INFO root [2018-08-07 15:04:29,086] - Resmgr::initialize: KBE_RES_PATH=D:/kbe/kbengine-2.0.0-preview3/kbe/res/;D:/kbe/kbengine-2.0.0-preview3/assets_Battle of Gods/;D:/kbe/kbengine-2.0.0-preview3/assets_Battle of Gods/scripts/;D:/kbe/kbengine-2.0.0-preview3/assets_Battle of Gods/res/
  INFO root [2018-08-07 15:04:29,086] - Resmgr::initialize: KBE_BIN_PATH=D:/kbe/kbengine-2.0.0-preview3/kbe/bin/server/
  INFO root [2018-08-07 15:04:29,096] - NetworkInterface::initialize(INTERNAL): bound to all interfaces with default route interface on 10.139.89.70 ( 10.139.89.70:30099 )
  INFO root [2018-08-07 15:04:29,097] - NetworkInterface::initialize(INTERNAL): address 10.139.89.70:30099, SOMAXCONN=5.
  INFO root [2018-08-07 15:04:29,104] - ---- interfaces Version: 2.0.0. ScriptVersion: 0.1.0. Protocol: B409105E27A5E1A16C0E7F75BA06219D. Config: Debug X86. Built: 23:18:31 May 26 2018. AppID: 3000. UID: 21326. PID: 7004 ----
  INFO root [2018-08-07 15:04:29,105] - Server : Intel(R) Core(TM) i5-4210H CPU @ 2.90GHz with 2097151kB RAM
  INFO root [2018-08-07 15:04:29,105] - ThreadPool::createThreadPool: creating  threadpool...
  INFO root [2018-08-07 15:04:29,105] - ThreadPool::createThreadPool: successfully(2), newThreadCount=1, normalMaxThreadCount=2, maxThreadCount=8
 DEBUG root [2018-08-07 15:04:29,288] - Script::install_py_dlls(): PyInit_pyexpat
 DEBUG root [2018-08-07 15:04:29,289] - Script::install_py_dlls(): PyInit__socket
 DEBUG root [2018-08-07 15:04:29,290] - Script::install_py_dlls(): PyInit__ssl
 DEBUG root [2018-08-07 15:04:29,297] - Script::install_py_dlls(): PyInit__hashlib
 DEBUG root [2018-08-07 15:04:29,298] - Script::install_py_dlls(): PyInit_select
 DEBUG root [2018-08-07 15:04:29,298] - Script::install_py_dlls(): PyInit__ctypes
 DEBUG root [2018-08-07 15:04:29,299] - Script::install_py_dlls(): PyInit__elementtree
 DEBUG root [2018-08-07 15:04:29,382] - Script::install_py_dlls(): PyInit_unicodedata
  INFO root [2018-08-07 15:04:29,474] - Script::install(): is successfully, Python=(3.4.2 (default, May 26 2018, 23:18:23) [MSC v.1913 32 bit (Intel)])!
  INFO root [2018-08-07 15:04:29,475] - Script::install(): KBExtra is successfully!
S_INFO root [2018-08-07 15:04:29,504] - onInterfaceAppReady: bootstrapGroupIndex=0, bootstrapGlobalIndex=0
  INFO root [2018-08-07 15:04:29,521] - TelnetServer server is running on port 33000
  INFO root [2018-08-07 15:04:30,008] - ---- interfaces is running ----
 DEBUG root [2018-08-07 15:04:30,009] - Components::process(): Request for the process of identity...
  INFO root [2018-08-07 15:04:37,205] - Components::process(): Found all the components!
S_INFO root [2018-08-07 15:05:23,305] - onRequestAccountLogin: registerName=qq
  WARN root [2018-08-07 15:14:02,033] - TCPPacketReceiver::processPendingEvents(127.0.0.1:10338): Throwing REASON_GENERAL_NETWORK - WSAECONNRESET
  INFO root [2018-08-07 15:14:06,832] - 
  INFO root [2018-08-07 15:14:06,836] - -----------------------------------------------------------------------------------------


  INFO root [2018-08-07 15:14:06,838] - Resmgr::initialize: KBE_ROOT=D:/kbe/kbengine-2.0.0-preview3/
  INFO root [2018-08-07 15:14:06,838] - Resmgr::initialize: KBE_RES_PATH=D:/kbe/kbengine-2.0.0-preview3/kbe/res/;D:/kbe/kbengine-2.0.0-preview3/assets_Battle of Gods/;D:/kbe/kbengine-2.0.0-preview3/assets_Battle of Gods/scripts/;D:/kbe/kbengine-2.0.0-preview3/assets_Battle of Gods/res/
  INFO root [2018-08-07 15:14:06,838] - Resmgr::initialize: KBE_BIN_PATH=D:/kbe/kbengine-2.0.0-preview3/kbe/bin/server/
  INFO root [2018-08-07 15:14:06,850] - NetworkInterface::initialize(INTERNAL): bound to all interfaces with default route interface on 10.139.89.70 ( 10.139.89.70:30099 )
  INFO root [2018-08-07 15:14:06,851] - NetworkInterface::initialize(INTERNAL): address 10.139.89.70:30099, SOMAXCONN=5.
  INFO root [2018-08-07 15:14:06,860] - ---- interfaces Version: 2.0.0. ScriptVersion: 0.1.0. Protocol: B409105E27A5E1A16C0E7F75BA06219D. Config: Debug X86. Built: 23:18:31 May 26 2018. AppID: 3000. UID: 21326. PID: 18844 ----
  INFO root [2018-08-07 15:14:06,860] - Server : Intel(R) Core(TM) i5-4210H CPU @ 2.90GHz with 2097151kB RAM
  INFO root [2018-08-07 15:14:06,861] - ThreadPool::createThreadPool: creating  threadpool...
  INFO root [2018-08-07 15:14:06,861] - ThreadPool::createThreadPool: successfully(2), newThreadCount=1, normalMaxThreadCount=2, maxThreadCount=8
 DEBUG root [2018-08-07 15:14:07,017] - Script::install_py_dlls(): PyInit_pyexpat
 DEBUG root [2018-08-07 15:14:07,017] - Script::install_py_dlls(): PyInit__socket
 DEBUG root [2018-08-07 15:14:07,018] - Script::install_py_dlls(): PyInit__ssl
 DEBUG root [2018-08-07 15:14:07,023] - Script::install_py_dlls(): PyInit__hashlib
 DEBUG root [2018-08-07 15:14:07,024] - Script::install_py_dlls(): PyInit_select
 DEBUG root [2018-08-07 15:14:07,024] - Script::install_py_dlls(): PyInit__ctypes
 DEBUG root [2018-08-07 15:14:07,025] - Script::install_py_dlls(): PyInit__elementtree
 DEBUG root [2018-08-07 15:14:07,092] - Script::install_py_dlls(): PyInit_unicodedata
  INFO root [2018-08-07 15:14:07,158] - Script::install(): is successfully, Python=(3.4.2 (default, May 26 2018, 23:18:23) [MSC v.1913 32 bit (Intel)])!
  INFO root [2018-08-07 15:14:07,159] - Script::install(): KBExtra is successfully!
S_INFO root [2018-08-07 15:14:07,178] - onInterfaceAppReady: bootstrapGroupIndex=0, bootstrapGlobalIndex=0
  INFO root [2018-08-07 15:14:07,193] - TelnetServer server is running on port 33000
  INFO root [2018-08-07 15:14:07,831] - ---- interfaces is running ----
 DEBUG root [2018-08-07 15:14:07,832] - Components::process(): Request for the process of identity...
  INFO root [2018-08-07 15:14:15,179] - Components::process(): Found all the components!
S_INFO root [2018-08-07 15:14:57,078] - onRequestAccountLogin: registerName=qq
  WARN root [2018-08-07 15:17:33,342] - TCPPacketReceiver::processPendingEvents(127.0.0.1:10605): Throwing REASON_GENERAL_NETWORK - WSAECONNRESET
  INFO root [2018-08-07 15:17:37,072] - 
  INFO root [2018-08-07 15:17:37,088] - -----------------------------------------------------------------------------------------


  INFO root [2018-08-07 15:17:37,089] - Resmgr::initialize: KBE_ROOT=D:/kbe/kbengine-2.0.0-preview3/
  INFO root [2018-08-07 15:17:37,090] - Resmgr::initialize: KBE_RES_PATH=D:/kbe/kbengine-2.0.0-preview3/kbe/res/;D:/kbe/kbengine-2.0.0-preview3/assets_Battle of Gods/;D:/kbe/kbengine-2.0.0-preview3/assets_Battle of Gods/scripts/;D:/kbe/kbengine-2.0.0-preview3/assets_Battle of Gods/res/
  INFO root [2018-08-07 15:17:37,090] - Resmgr::initialize: KBE_BIN_PATH=D:/kbe/kbengine-2.0.0-preview3/kbe/bin/server/
  INFO root [2018-08-07 15:17:37,114] - NetworkInterface::initialize(INTERNAL): bound to all interfaces with default route interface on 10.139.89.70 ( 10.139.89.70:30099 )
  INFO root [2018-08-07 15:17:37,115] - NetworkInterface::initialize(INTERNAL): address 10.139.89.70:30099, SOMAXCONN=5.
  INFO root [2018-08-07 15:17:37,140] - ---- interfaces Version: 2.0.0. ScriptVersion: 0.1.0. Protocol: B409105E27A5E1A16C0E7F75BA06219D. Config: Debug X86. Built: 23:18:31 May 26 2018. AppID: 3000. UID: 21326. PID: 16796 ----
  INFO root [2018-08-07 15:17:37,150] - Server : Intel(R) Core(TM) i5-4210H CPU @ 2.90GHz with 2097151kB RAM
  INFO root [2018-08-07 15:17:37,151] - ThreadPool::createThreadPool: creating  threadpool...
  INFO root [2018-08-07 15:17:37,152] - ThreadPool::createThreadPool: successfully(2), newThreadCount=1, normalMaxThreadCount=2, maxThreadCount=8
 DEBUG root [2018-08-07 15:17:37,293] - Script::install_py_dlls(): PyInit_pyexpat
 DEBUG root [2018-08-07 15:17:37,294] - Script::install_py_dlls(): PyInit__socket
 DEBUG root [2018-08-07 15:17:37,294] - Script::install_py_dlls(): PyInit__ssl
 DEBUG root [2018-08-07 15:17:37,299] - Script::install_py_dlls(): PyInit__hashlib
 DEBUG root [2018-08-07 15:17:37,299] - Script::install_py_dlls(): PyInit_select
 DEBUG root [2018-08-07 15:17:37,299] - Script::install_py_dlls(): PyInit__ctypes
 DEBUG root [2018-08-07 15:17:37,300] - Script::install_py_dlls(): PyInit__elementtree
 DEBUG root [2018-08-07 15:17:37,341] - Script::install_py_dlls(): PyInit_unicodedata
  INFO root [2018-08-07 15:17:37,385] - Script::install(): is successfully, Python=(3.4.2 (default, May 26 2018, 23:18:23) [MSC v.1913 32 bit (Intel)])!
  INFO root [2018-08-07 15:17:37,385] - Script::install(): KBExtra is successfully!
S_INFO root [2018-08-07 15:17:37,398] - onInterfaceAppReady: bootstrapGroupIndex=0, bootstrapGlobalIndex=0
  INFO root [2018-08-07 15:17:37,409] - TelnetServer server is running on port 33000
  INFO root [2018-08-07 15:17:37,888] - ---- interfaces is running ----
 DEBUG root [2018-08-07 15:17:37,889] - Components::process(): Request for the process of identity...
  INFO root [2018-08-07 15:17:45,208] - Components::process(): Found all the components!
S_INFO root [2018-08-07 15:18:21,899] - onRequestAccountLogin: registerName=qq
  WARN root [2018-08-07 15:22:05,490] - TCPPacketReceiver::processPendingEvents(127.0.0.1:10771): Throwing REASON_GENERAL_NETWORK - WSAECONNRESET
  INFO root [2018-08-07 15:22:08,667] - 
  INFO root [2018-08-07 15:22:08,687] - -----------------------------------------------------------------------------------------


  INFO root [2018-08-07 15:22:08,689] - Resmgr::initialize: KBE_ROOT=D:/kbe/kbengine-2.0.0-preview3/
  INFO root [2018-08-07 15:22:08,689] - Resmgr::initialize: KBE_RES_PATH=D:/kbe/kbengine-2.0.0-preview3/kbe/res/;D:/kbe/kbengine-2.0.0-preview3/assets_Battle of Gods/;D:/kbe/kbengine-2.0.0-preview3/assets_Battle of Gods/scripts/;D:/kbe/kbengine-2.0.0-preview3/assets_Battle of Gods/res/
  INFO root [2018-08-07 15:22:08,689] - Resmgr::initialize: KBE_BIN_PATH=D:/kbe/kbengine-2.0.0-preview3/kbe/bin/server/
  INFO root [2018-08-07 15:22:08,768] - NetworkInterface::initialize(INTERNAL): bound to all interfaces with default route interface on 10.139.89.70 ( 10.139.89.70:30099 )
  INFO root [2018-08-07 15:22:08,772] - NetworkInterface::initialize(INTERNAL): address 10.139.89.70:30099, SOMAXCONN=5.
  INFO root [2018-08-07 15:22:08,782] - ---- interfaces Version: 2.0.0. ScriptVersion: 0.1.0. Protocol: B409105E27A5E1A16C0E7F75BA06219D. Config: Debug X86. Built: 23:18:31 May 26 2018. AppID: 3000. UID: 21326. PID: 15076 ----
  INFO root [2018-08-07 15:22:08,799] - Server : Intel(R) Core(TM) i5-4210H CPU @ 2.90GHz with 2097151kB RAM
  INFO root [2018-08-07 15:22:08,799] - ThreadPool::createThreadPool: creating  threadpool...
  INFO root [2018-08-07 15:22:08,799] - ThreadPool::createThreadPool: successfully(2), newThreadCount=1, normalMaxThreadCount=2, maxThreadCount=8
 DEBUG root [2018-08-07 15:22:08,971] - Script::install_py_dlls(): PyInit_pyexpat
 DEBUG root [2018-08-07 15:22:08,972] - Script::install_py_dlls(): PyInit__socket
 DEBUG root [2018-08-07 15:22:08,972] - Script::install_py_dlls(): PyInit__ssl
 DEBUG root [2018-08-07 15:22:08,977] - Script::install_py_dlls(): PyInit__hashlib
 DEBUG root [2018-08-07 15:22:08,978] - Script::install_py_dlls(): PyInit_select
 DEBUG root [2018-08-07 15:22:08,978] - Script::install_py_dlls(): PyInit__ctypes
 DEBUG root [2018-08-07 15:22:08,979] - Script::install_py_dlls(): PyInit__elementtree
 DEBUG root [2018-08-07 15:22:09,051] - Script::install_py_dlls(): PyInit_unicodedata
  INFO root [2018-08-07 15:22:09,172] - Script::install(): is successfully, Python=(3.4.2 (default, May 26 2018, 23:18:23) [MSC v.1913 32 bit (Intel)])!
  INFO root [2018-08-07 15:22:09,173] - Script::install(): KBExtra is successfully!
S_INFO root [2018-08-07 15:22:09,193] - onInterfaceAppReady: bootstrapGroupIndex=0, bootstrapGlobalIndex=0
  INFO root [2018-08-07 15:22:09,209] - TelnetServer server is running on port 33000
  INFO root [2018-08-07 15:22:09,693] - ---- interfaces is running ----
 DEBUG root [2018-08-07 15:22:09,694] - Components::process(): Request for the process of identity...
  INFO root [2018-08-07 15:22:16,960] - Components::process(): Found all the components!
S_INFO root [2018-08-07 15:23:12,793] - onRequestAccountLogin: registerName=qq
S_INFO root [2018-08-07 15:23:26,393] - onRequestAccountLogin: registerName=qq
  WARN root [2018-08-07 15:24:38,472] - TCPPacketReceiver::processPendingEvents(127.0.0.1:10858): Throwing REASON_GENERAL_NETWORK - WSAECONNRESET
  INFO root [2018-08-07 15:24:41,230] - 
  INFO root [2018-08-07 15:24:41,280] - -----------------------------------------------------------------------------------------


  INFO root [2018-08-07 15:24:41,281] - Resmgr::initialize: KBE_ROOT=D:/kbe/kbengine-2.0.0-preview3/
  INFO root [2018-08-07 15:24:41,281] - Resmgr::initialize: KBE_RES_PATH=D:/kbe/kbengine-2.0.0-preview3/kbe/res/;D:/kbe/kbengine-2.0.0-preview3/assets_Battle of Gods/;D:/kbe/kbengine-2.0.0-preview3/assets_Battle of Gods/scripts/;D:/kbe/kbengine-2.0.0-preview3/assets_Battle of Gods/res/
  INFO root [2018-08-07 15:24:41,282] - Resmgr::initialize: KBE_BIN_PATH=D:/kbe/kbengine-2.0.0-preview3/kbe/bin/server/
  INFO root [2018-08-07 15:24:41,395] - NetworkInterface::initialize(INTERNAL): bound to all interfaces with default route interface on 10.139.89.70 ( 10.139.89.70:30099 )
  INFO root [2018-08-07 15:24:41,396] - NetworkInterface::initialize(INTERNAL): address 10.139.89.70:30099, SOMAXCONN=5.
  INFO root [2018-08-07 15:24:41,412] - ---- interfaces Version: 2.0.0. ScriptVersion: 0.1.0. Protocol: B409105E27A5E1A16C0E7F75BA06219D. Config: Debug X86. Built: 23:18:31 May 26 2018. AppID: 3000. UID: 21326. PID: 11728 ----
  INFO root [2018-08-07 15:24:41,413] - Server : Intel(R) Core(TM) i5-4210H CPU @ 2.90GHz with 2097151kB RAM
  INFO root [2018-08-07 15:24:41,414] - ThreadPool::createThreadPool: creating  threadpool...
  INFO root [2018-08-07 15:24:41,415] - ThreadPool::createThreadPool: successfully(2), newThreadCount=1, normalMaxThreadCount=2, maxThreadCount=8
 DEBUG root [2018-08-07 15:24:41,571] - Script::install_py_dlls(): PyInit_pyexpat
 DEBUG root [2018-08-07 15:24:41,572] - Script::install_py_dlls(): PyInit__socket
 DEBUG root [2018-08-07 15:24:41,572] - Script::install_py_dlls(): PyInit__ssl
 DEBUG root [2018-08-07 15:24:41,578] - Script::install_py_dlls(): PyInit__hashlib
 DEBUG root [2018-08-07 15:24:41,578] - Script::install_py_dlls(): PyInit_select
 DEBUG root [2018-08-07 15:24:41,578] - Script::install_py_dlls(): PyInit__ctypes
 DEBUG root [2018-08-07 15:24:41,579] - Script::install_py_dlls(): PyInit__elementtree
 DEBUG root [2018-08-07 15:24:41,663] - Script::install_py_dlls(): PyInit_unicodedata
  INFO root [2018-08-07 15:24:41,774] - Script::install(): is successfully, Python=(3.4.2 (default, May 26 2018, 23:18:23) [MSC v.1913 32 bit (Intel)])!
  INFO root [2018-08-07 15:24:41,774] - Script::install(): KBExtra is successfully!
S_INFO root [2018-08-07 15:24:41,848] - onInterfaceAppReady: bootstrapGroupIndex=0, bootstrapGlobalIndex=0
  INFO root [2018-08-07 15:24:41,867] - TelnetServer server is running on port 33000
  INFO root [2018-08-07 15:24:42,630] - ---- interfaces is running ----
 DEBUG root [2018-08-07 15:24:42,630] - Components::process(): Request for the process of identity...
  INFO root [2018-08-07 15:24:49,948] - Components::process(): Found all the components!
S_INFO root [2018-08-07 15:25:40,948] - onRequestAccountLogin: registerName=qq
  WARN root [2018-08-07 15:30:51,830] - TCPPacketReceiver::processPendingEvents(127.0.0.1:10987): Throwing REASON_GENERAL_NETWORK - WSAECONNRESET
  INFO root [2018-08-07 15:37:13,062] - 
  INFO root [2018-08-07 15:37:13,067] - -----------------------------------------------------------------------------------------


  INFO root [2018-08-07 15:37:13,068] - Resmgr::initialize: KBE_ROOT=D:/kbe/kbengine-2.0.0-preview3/
  INFO root [2018-08-07 15:37:13,068] - Resmgr::initialize: KBE_RES_PATH=D:/kbe/kbengine-2.0.0-preview3/kbe/res/;D:/kbe/kbengine-2.0.0-preview3/assets_Battle of Gods/;D:/kbe/kbengine-2.0.0-preview3/assets_Battle of Gods/scripts/;D:/kbe/kbengine-2.0.0-preview3/assets_Battle of Gods/res/
  INFO root [2018-08-07 15:37:13,068] - Resmgr::initialize: KBE_BIN_PATH=D:/kbe/kbengine-2.0.0-preview3/kbe/bin/server/
  INFO root [2018-08-07 15:37:13,170] - NetworkInterface::initialize(INTERNAL): bound to all interfaces with default route interface on 10.139.89.70 ( 10.139.89.70:30099 )
  INFO root [2018-08-07 15:37:13,170] - NetworkInterface::initialize(INTERNAL): address 10.139.89.70:30099, SOMAXCONN=5.
  INFO root [2018-08-07 15:37:13,178] - ---- interfaces Version: 2.0.0. ScriptVersion: 0.1.0. Protocol: B409105E27A5E1A16C0E7F75BA06219D. Config: Debug X86. Built: 23:18:31 May 26 2018. AppID: 3000. UID: 21326. PID: 13140 ----
  INFO root [2018-08-07 15:37:13,178] - Server : Intel(R) Core(TM) i5-4210H CPU @ 2.90GHz with 2097151kB RAM
  INFO root [2018-08-07 15:37:13,179] - ThreadPool::createThreadPool: creating  threadpool...
  INFO root [2018-08-07 15:37:13,179] - ThreadPool::createThreadPool: successfully(2), newThreadCount=1, normalMaxThreadCount=2, maxThreadCount=8
 DEBUG root [2018-08-07 15:37:13,343] - Script::install_py_dlls(): PyInit_pyexpat
 DEBUG root [2018-08-07 15:37:13,343] - Script::install_py_dlls(): PyInit__socket
 DEBUG root [2018-08-07 15:37:13,344] - Script::install_py_dlls(): PyInit__ssl
 DEBUG root [2018-08-07 15:37:13,349] - Script::install_py_dlls(): PyInit__hashlib
 DEBUG root [2018-08-07 15:37:13,349] - Script::install_py_dlls(): PyInit_select
 DEBUG root [2018-08-07 15:37:13,350] - Script::install_py_dlls(): PyInit__ctypes
 DEBUG root [2018-08-07 15:37:13,351] - Script::install_py_dlls(): PyInit__elementtree
 DEBUG root [2018-08-07 15:37:13,421] - Script::install_py_dlls(): PyInit_unicodedata
  INFO root [2018-08-07 15:37:13,492] - Script::install(): is successfully, Python=(3.4.2 (default, May 26 2018, 23:18:23) [MSC v.1913 32 bit (Intel)])!
  INFO root [2018-08-07 15:37:13,492] - Script::install(): KBExtra is successfully!
S_INFO root [2018-08-07 15:37:13,515] - onInterfaceAppReady: bootstrapGroupIndex=0, bootstrapGlobalIndex=0
  INFO root [2018-08-07 15:37:13,529] - TelnetServer server is running on port 33000
  INFO root [2018-08-07 15:37:14,386] - ---- interfaces is running ----
 DEBUG root [2018-08-07 15:37:14,389] - Components::process(): Request for the process of identity...
  INFO root [2018-08-07 15:37:21,816] - Components::process(): Found all the components!
S_INFO root [2018-08-07 15:38:00,916] - onRequestAccountLogin: registerName=qq
  WARN root [2018-08-07 16:03:00,447] - TCPPacketReceiver::processPendingEvents(127.0.0.1:11143): Throwing REASON_GENERAL_NETWORK - WSAECONNRESET
  INFO root [2018-08-07 16:07:33,336] - 
  INFO root [2018-08-07 16:07:33,336] - -----------------------------------------------------------------------------------------


  INFO root [2018-08-07 16:07:33,337] - Resmgr::initialize: KBE_ROOT=D:/kbe/kbengine-2.0.0-preview3/
  INFO root [2018-08-07 16:07:33,338] - Resmgr::initialize: KBE_RES_PATH=D:/kbe/kbengine-2.0.0-preview3/kbe/res/;D:/kbe/kbengine-2.0.0-preview3/assets_Battle of Gods/;D:/kbe/kbengine-2.0.0-preview3/assets_Battle of Gods/scripts/;D:/kbe/kbengine-2.0.0-preview3/assets_Battle of Gods/res/
  INFO root [2018-08-07 16:07:33,338] - Resmgr::initialize: KBE_BIN_PATH=D:/kbe/kbengine-2.0.0-preview3/kbe/bin/server/
  INFO root [2018-08-07 16:07:33,346] - NetworkInterface::initialize(INTERNAL): bound to all interfaces with default route interface on 10.139.89.70 ( 10.139.89.70:30099 )
  INFO root [2018-08-07 16:07:33,347] - NetworkInterface::initialize(INTERNAL): address 10.139.89.70:30099, SOMAXCONN=5.
  INFO root [2018-08-07 16:07:33,354] - ---- interfaces Version: 2.0.0. ScriptVersion: 0.1.0. Protocol: B409105E27A5E1A16C0E7F75BA06219D. Config: Debug X86. Built: 23:18:31 May 26 2018. AppID: 3000. UID: 21326. PID: 13648 ----
  INFO root [2018-08-07 16:07:33,354] - Server : Intel(R) Core(TM) i5-4210H CPU @ 2.90GHz with 2097151kB RAM
  INFO root [2018-08-07 16:07:33,355] - ThreadPool::createThreadPool: creating  threadpool...
  INFO root [2018-08-07 16:07:33,355] - ThreadPool::createThreadPool: successfully(2), newThreadCount=1, normalMaxThreadCount=2, maxThreadCount=8
 DEBUG root [2018-08-07 16:07:33,493] - Script::install_py_dlls(): PyInit_pyexpat
 DEBUG root [2018-08-07 16:07:33,493] - Script::install_py_dlls(): PyInit__socket
 DEBUG root [2018-08-07 16:07:33,494] - Script::install_py_dlls(): PyInit__ssl
 DEBUG root [2018-08-07 16:07:33,498] - Script::install_py_dlls(): PyInit__hashlib
 DEBUG root [2018-08-07 16:07:33,499] - Script::install_py_dlls(): PyInit_select
 DEBUG root [2018-08-07 16:07:33,499] - Script::install_py_dlls(): PyInit__ctypes
 DEBUG root [2018-08-07 16:07:33,500] - Script::install_py_dlls(): PyInit__elementtree
 DEBUG root [2018-08-07 16:07:33,546] - Script::install_py_dlls(): PyInit_unicodedata
  INFO root [2018-08-07 16:07:33,594] - Script::install(): is successfully, Python=(3.4.2 (default, May 26 2018, 23:18:23) [MSC v.1913 32 bit (Intel)])!
  INFO root [2018-08-07 16:07:33,595] - Script::install(): KBExtra is successfully!
S_INFO root [2018-08-07 16:07:33,607] - onInterfaceAppReady: bootstrapGroupIndex=0, bootstrapGlobalIndex=0
  INFO root [2018-08-07 16:07:33,618] - TelnetServer server is running on port 33000
  INFO root [2018-08-07 16:07:34,248] - ---- interfaces is running ----
 DEBUG root [2018-08-07 16:07:34,249] - Components::process(): Request for the process of identity...
  WARN root [2018-08-07 16:07:37,785] - BundleBroadcast::BundleBroadcast: Cannot bind to port 20303, errorno=10048
  INFO root [2018-08-07 16:07:41,840] - Components::process(): Found all the components!
S_INFO root [2018-08-07 16:12:07,308] - onRequestAccountLogin: registerName=qq
S_INFO root [2018-08-07 16:16:56,206] - onRequestAccountLogin: registerName=qq
S_INFO root [2018-08-07 16:35:12,904] - onRequestAccountLogin: registerName=qq
  WARN root [2018-08-07 16:36:41,675] - TCPPacketReceiver::processPendingEvents(127.0.0.1:11844): Throwing REASON_GENERAL_NETWORK - WSAECONNRESET
  INFO root [2018-08-07 16:36:44,681] - 
  INFO root [2018-08-07 16:36:44,683] - -----------------------------------------------------------------------------------------


  INFO root [2018-08-07 16:36:44,688] - Resmgr::initialize: KBE_ROOT=D:/kbe/kbengine-2.0.0-preview3/
  INFO root [2018-08-07 16:36:44,688] - Resmgr::initialize: KBE_RES_PATH=D:/kbe/kbengine-2.0.0-preview3/kbe/res/;D:/kbe/kbengine-2.0.0-preview3/assets_Battle of Gods/;D:/kbe/kbengine-2.0.0-preview3/assets_Battle of Gods/scripts/;D:/kbe/kbengine-2.0.0-preview3/assets_Battle of Gods/res/
  INFO root [2018-08-07 16:36:44,688] - Resmgr::initialize: KBE_BIN_PATH=D:/kbe/kbengine-2.0.0-preview3/kbe/bin/server/
  INFO root [2018-08-07 16:36:44,732] - NetworkInterface::initialize(INTERNAL): bound to all interfaces with default route interface on 10.139.89.70 ( 10.139.89.70:30099 )
  INFO root [2018-08-07 16:36:44,732] - NetworkInterface::initialize(INTERNAL): address 10.139.89.70:30099, SOMAXCONN=5.
  INFO root [2018-08-07 16:36:44,739] - ---- interfaces Version: 2.0.0. ScriptVersion: 0.1.0. Protocol: B409105E27A5E1A16C0E7F75BA06219D. Config: Debug X86. Built: 23:18:31 May 26 2018. AppID: 3000. UID: 21326. PID: 5068 ----
  INFO root [2018-08-07 16:36:44,741] - Server : Intel(R) Core(TM) i5-4210H CPU @ 2.90GHz with 2097151kB RAM
  INFO root [2018-08-07 16:36:44,742] - ThreadPool::createThreadPool: creating  threadpool...
  INFO root [2018-08-07 16:36:44,742] - ThreadPool::createThreadPool: successfully(2), newThreadCount=1, normalMaxThreadCount=2, maxThreadCount=8
 DEBUG root [2018-08-07 16:36:44,900] - Script::install_py_dlls(): PyInit_pyexpat
 DEBUG root [2018-08-07 16:36:44,900] - Script::install_py_dlls(): PyInit__socket
 DEBUG root [2018-08-07 16:36:44,901] - Script::install_py_dlls(): PyInit__ssl
 DEBUG root [2018-08-07 16:36:44,909] - Script::install_py_dlls(): PyInit__hashlib
 DEBUG root [2018-08-07 16:36:44,910] - Script::install_py_dlls(): PyInit_select
 DEBUG root [2018-08-07 16:36:44,910] - Script::install_py_dlls(): PyInit__ctypes
 DEBUG root [2018-08-07 16:36:44,913] - Script::install_py_dlls(): PyInit__elementtree
 DEBUG root [2018-08-07 16:36:45,007] - Script::install_py_dlls(): PyInit_unicodedata
  INFO root [2018-08-07 16:36:45,110] - Script::install(): is successfully, Python=(3.4.2 (default, May 26 2018, 23:18:23) [MSC v.1913 32 bit (Intel)])!
  INFO root [2018-08-07 16:36:45,110] - Script::install(): KBExtra is successfully!
S_INFO root [2018-08-07 16:36:45,142] - onInterfaceAppReady: bootstrapGroupIndex=0, bootstrapGlobalIndex=0
  INFO root [2018-08-07 16:36:45,157] - TelnetServer server is running on port 33000
  INFO root [2018-08-07 16:36:45,586] - ---- interfaces is running ----
 DEBUG root [2018-08-07 16:36:45,586] - Components::process(): Request for the process of identity...
  INFO root [2018-08-07 16:36:52,943] - Components::process(): Found all the components!
S_INFO root [2018-08-07 16:37:29,343] - onRequestAccountLogin: registerName=qq
S_INFO root [2018-08-07 16:45:37,742] - onRequestAccountLogin: registerName=qq
  WARN root [2018-08-07 16:51:11,272] - TCPPacketReceiver::processPendingEvents(127.0.0.1:12242): Throwing REASON_GENERAL_NETWORK - WSAECONNRESET
  INFO root [2018-08-07 16:51:14,619] - 
  INFO root [2018-08-07 16:51:14,625] - -----------------------------------------------------------------------------------------


  INFO root [2018-08-07 16:51:14,628] - Resmgr::initialize: KBE_ROOT=D:/kbe/kbengine-2.0.0-preview3/
  INFO root [2018-08-07 16:51:14,629] - Resmgr::initialize: KBE_RES_PATH=D:/kbe/kbengine-2.0.0-preview3/kbe/res/;D:/kbe/kbengine-2.0.0-preview3/assets_Battle of Gods/;D:/kbe/kbengine-2.0.0-preview3/assets_Battle of Gods/scripts/;D:/kbe/kbengine-2.0.0-preview3/assets_Battle of Gods/res/
  INFO root [2018-08-07 16:51:14,629] - Resmgr::initialize: KBE_BIN_PATH=D:/kbe/kbengine-2.0.0-preview3/kbe/bin/server/
  INFO root [2018-08-07 16:51:14,638] - NetworkInterface::initialize(INTERNAL): bound to all interfaces with default route interface on 10.139.89.70 ( 10.139.89.70:30099 )
  INFO root [2018-08-07 16:51:14,638] - NetworkInterface::initialize(INTERNAL): address 10.139.89.70:30099, SOMAXCONN=5.
  INFO root [2018-08-07 16:51:14,645] - ---- interfaces Version: 2.0.0. ScriptVersion: 0.1.0. Protocol: B409105E27A5E1A16C0E7F75BA06219D. Config: Debug X86. Built: 23:18:31 May 26 2018. AppID: 3000. UID: 21326. PID: 1428 ----
  INFO root [2018-08-07 16:51:14,646] - Server : Intel(R) Core(TM) i5-4210H CPU @ 2.90GHz with 2097151kB RAM
  INFO root [2018-08-07 16:51:14,647] - ThreadPool::createThreadPool: creating  threadpool...
  INFO root [2018-08-07 16:51:14,647] - ThreadPool::createThreadPool: successfully(2), newThreadCount=1, normalMaxThreadCount=2, maxThreadCount=8
 DEBUG root [2018-08-07 16:51:14,819] - Script::install_py_dlls(): PyInit_pyexpat
 DEBUG root [2018-08-07 16:51:14,820] - Script::install_py_dlls(): PyInit__socket
 DEBUG root [2018-08-07 16:51:14,820] - Script::install_py_dlls(): PyInit__ssl
 DEBUG root [2018-08-07 16:51:14,841] - Script::install_py_dlls(): PyInit__hashlib
 DEBUG root [2018-08-07 16:51:14,842] - Script::install_py_dlls(): PyInit_select
 DEBUG root [2018-08-07 16:51:14,842] - Script::install_py_dlls(): PyInit__ctypes
 DEBUG root [2018-08-07 16:51:14,843] - Script::install_py_dlls(): PyInit__elementtree
 DEBUG root [2018-08-07 16:51:14,912] - Script::install_py_dlls(): PyInit_unicodedata
  INFO root [2018-08-07 16:51:15,008] - Script::install(): is successfully, Python=(3.4.2 (default, May 26 2018, 23:18:23) [MSC v.1913 32 bit (Intel)])!
  INFO root [2018-08-07 16:51:15,008] - Script::install(): KBExtra is successfully!
S_INFO root [2018-08-07 16:51:15,025] - onInterfaceAppReady: bootstrapGroupIndex=0, bootstrapGlobalIndex=0
  INFO root [2018-08-07 16:51:15,040] - TelnetServer server is running on port 33000
  INFO root [2018-08-07 16:51:15,531] - ---- interfaces is running ----
 DEBUG root [2018-08-07 16:51:15,532] - Components::process(): Request for the process of identity...
  INFO root [2018-08-07 16:51:23,031] - Components::process(): Found all the components!
S_INFO root [2018-08-07 16:51:57,927] - onRequestAccountLogin: registerName=cxx
S_INFO root [2018-08-07 16:52:14,026] - onRequestAccountLogin: registerName=qq
S_INFO root [2018-08-07 16:54:11,326] - onRequestAccountLogin: registerName=qq
  WARN root [2018-08-07 16:55:17,173] - TCPPacketReceiver::processPendingEvents(127.0.0.1:12446): Throwing REASON_GENERAL_NETWORK - WSAECONNRESET
  INFO root [2018-08-07 16:55:19,906] - 
  INFO root [2018-08-07 16:55:19,907] - -----------------------------------------------------------------------------------------


  INFO root [2018-08-07 16:55:19,908] - Resmgr::initialize: KBE_ROOT=D:/kbe/kbengine-2.0.0-preview3/
  INFO root [2018-08-07 16:55:19,909] - Resmgr::initialize: KBE_RES_PATH=D:/kbe/kbengine-2.0.0-preview3/kbe/res/;D:/kbe/kbengine-2.0.0-preview3/assets_Battle of Gods/;D:/kbe/kbengine-2.0.0-preview3/assets_Battle of Gods/scripts/;D:/kbe/kbengine-2.0.0-preview3/assets_Battle of Gods/res/
  INFO root [2018-08-07 16:55:19,909] - Resmgr::initialize: KBE_BIN_PATH=D:/kbe/kbengine-2.0.0-preview3/kbe/bin/server/
  INFO root [2018-08-07 16:55:19,915] - NetworkInterface::initialize(INTERNAL): bound to all interfaces with default route interface on 10.139.89.70 ( 10.139.89.70:30099 )
  INFO root [2018-08-07 16:55:19,916] - NetworkInterface::initialize(INTERNAL): address 10.139.89.70:30099, SOMAXCONN=5.
  INFO root [2018-08-07 16:55:19,923] - ---- interfaces Version: 2.0.0. ScriptVersion: 0.1.0. Protocol: B409105E27A5E1A16C0E7F75BA06219D. Config: Debug X86. Built: 23:18:31 May 26 2018. AppID: 3000. UID: 21326. PID: 12324 ----
  INFO root [2018-08-07 16:55:19,923] - Server : Intel(R) Core(TM) i5-4210H CPU @ 2.90GHz with 2097151kB RAM
  INFO root [2018-08-07 16:55:19,924] - ThreadPool::createThreadPool: creating  threadpool...
  INFO root [2018-08-07 16:55:19,924] - ThreadPool::createThreadPool: successfully(2), newThreadCount=1, normalMaxThreadCount=2, maxThreadCount=8
 DEBUG root [2018-08-07 16:55:20,183] - Script::install_py_dlls(): PyInit_pyexpat
 DEBUG root [2018-08-07 16:55:20,184] - Script::install_py_dlls(): PyInit__socket
 DEBUG root [2018-08-07 16:55:20,185] - Script::install_py_dlls(): PyInit__ssl
 DEBUG root [2018-08-07 16:55:20,190] - Script::install_py_dlls(): PyInit__hashlib
 DEBUG root [2018-08-07 16:55:20,191] - Script::install_py_dlls(): PyInit_select
 DEBUG root [2018-08-07 16:55:20,191] - Script::install_py_dlls(): PyInit__ctypes
 DEBUG root [2018-08-07 16:55:20,192] - Script::install_py_dlls(): PyInit__elementtree
 DEBUG root [2018-08-07 16:55:20,275] - Script::install_py_dlls(): PyInit_unicodedata
  INFO root [2018-08-07 16:55:20,352] - Script::install(): is successfully, Python=(3.4.2 (default, May 26 2018, 23:18:23) [MSC v.1913 32 bit (Intel)])!
  INFO root [2018-08-07 16:55:20,353] - Script::install(): KBExtra is successfully!
S_INFO root [2018-08-07 16:55:20,368] - onInterfaceAppReady: bootstrapGroupIndex=0, bootstrapGlobalIndex=0
  INFO root [2018-08-07 16:55:20,382] - TelnetServer server is running on port 33000
  INFO root [2018-08-07 16:55:21,004] - ---- interfaces is running ----
 DEBUG root [2018-08-07 16:55:21,004] - Components::process(): Request for the process of identity...
  INFO root [2018-08-07 16:55:28,368] - Components::process(): Found all the components!
S_INFO root [2018-08-07 16:56:36,268] - onRequestAccountLogin: registerName=qq
  WARN root [2018-08-07 17:03:49,470] - TCPPacketReceiver::processPendingEvents(127.0.0.1:12563): Throwing REASON_GENERAL_NETWORK - WSAECONNRESET
  INFO root [2018-08-07 17:03:52,511] - 
  INFO root [2018-08-07 17:03:52,532] - -----------------------------------------------------------------------------------------


  INFO root [2018-08-07 17:03:52,539] - Resmgr::initialize: KBE_ROOT=D:/kbe/kbengine-2.0.0-preview3/
  INFO root [2018-08-07 17:03:52,542] - Resmgr::initialize: KBE_RES_PATH=D:/kbe/kbengine-2.0.0-preview3/kbe/res/;D:/kbe/kbengine-2.0.0-preview3/assets_Battle of Gods/;D:/kbe/kbengine-2.0.0-preview3/assets_Battle of Gods/scripts/;D:/kbe/kbengine-2.0.0-preview3/assets_Battle of Gods/res/
  INFO root [2018-08-07 17:03:52,542] - Resmgr::initialize: KBE_BIN_PATH=D:/kbe/kbengine-2.0.0-preview3/kbe/bin/server/
  INFO root [2018-08-07 17:03:52,700] - NetworkInterface::initialize(INTERNAL): bound to all interfaces with default route interface on 10.139.89.70 ( 10.139.89.70:30099 )
  INFO root [2018-08-07 17:03:52,700] - NetworkInterface::initialize(INTERNAL): address 10.139.89.70:30099, SOMAXCONN=5.
  INFO root [2018-08-07 17:03:52,713] - ---- interfaces Version: 2.0.0. ScriptVersion: 0.1.0. Protocol: B409105E27A5E1A16C0E7F75BA06219D. Config: Debug X86. Built: 23:18:31 May 26 2018. AppID: 3000. UID: 21326. PID: 13588 ----
  INFO root [2018-08-07 17:03:52,724] - Server : Intel(R) Core(TM) i5-4210H CPU @ 2.90GHz with 2097151kB RAM
  INFO root [2018-08-07 17:03:52,729] - ThreadPool::createThreadPool: creating  threadpool...
  INFO root [2018-08-07 17:03:52,730] - ThreadPool::createThreadPool: successfully(2), newThreadCount=1, normalMaxThreadCount=2, maxThreadCount=8
 DEBUG root [2018-08-07 17:03:52,884] - Script::install_py_dlls(): PyInit_pyexpat
 DEBUG root [2018-08-07 17:03:52,885] - Script::install_py_dlls(): PyInit__socket
 DEBUG root [2018-08-07 17:03:52,886] - Script::install_py_dlls(): PyInit__ssl
 DEBUG root [2018-08-07 17:03:52,891] - Script::install_py_dlls(): PyInit__hashlib
 DEBUG root [2018-08-07 17:03:52,892] - Script::install_py_dlls(): PyInit_select
 DEBUG root [2018-08-07 17:03:52,892] - Script::install_py_dlls(): PyInit__ctypes
 DEBUG root [2018-08-07 17:03:52,893] - Script::install_py_dlls(): PyInit__elementtree
 DEBUG root [2018-08-07 17:03:52,961] - Script::install_py_dlls(): PyInit_unicodedata
  INFO root [2018-08-07 17:03:53,055] - Script::install(): is successfully, Python=(3.4.2 (default, May 26 2018, 23:18:23) [MSC v.1913 32 bit (Intel)])!
  INFO root [2018-08-07 17:03:53,061] - Script::install(): KBExtra is successfully!
S_INFO root [2018-08-07 17:03:53,111] - onInterfaceAppReady: bootstrapGroupIndex=0, bootstrapGlobalIndex=0
  INFO root [2018-08-07 17:03:53,125] - TelnetServer server is running on port 33000
  INFO root [2018-08-07 17:03:53,545] - ---- interfaces is running ----
 DEBUG root [2018-08-07 17:03:53,545] - Components::process(): Request for the process of identity...
  INFO root [2018-08-07 17:04:00,811] - Components::process(): Found all the components!
  WARN root [2018-08-07 17:04:12,595] - TCPPacketReceiver::processPendingEvents(127.0.0.1:12706): Throwing REASON_GENERAL_NETWORK - WSAECONNRESET
  INFO root [2018-08-07 17:04:15,201] - 
  INFO root [2018-08-07 17:04:15,275] - -----------------------------------------------------------------------------------------


  INFO root [2018-08-07 17:04:15,277] - Resmgr::initialize: KBE_ROOT=D:/kbe/kbengine-2.0.0-preview3/
  INFO root [2018-08-07 17:04:15,277] - Resmgr::initialize: KBE_RES_PATH=D:/kbe/kbengine-2.0.0-preview3/kbe/res/;D:/kbe/kbengine-2.0.0-preview3/assets_Battle of Gods/;D:/kbe/kbengine-2.0.0-preview3/assets_Battle of Gods/scripts/;D:/kbe/kbengine-2.0.0-preview3/assets_Battle of Gods/res/
  INFO root [2018-08-07 17:04:15,277] - Resmgr::initialize: KBE_BIN_PATH=D:/kbe/kbengine-2.0.0-preview3/kbe/bin/server/
  INFO root [2018-08-07 17:04:15,397] - NetworkInterface::initialize(INTERNAL): bound to all interfaces with default route interface on 10.139.89.70 ( 10.139.89.70:30099 )
  INFO root [2018-08-07 17:04:15,398] - NetworkInterface::initialize(INTERNAL): address 10.139.89.70:30099, SOMAXCONN=5.
  INFO root [2018-08-07 17:04:15,408] - ---- interfaces Version: 2.0.0. ScriptVersion: 0.1.0. Protocol: B409105E27A5E1A16C0E7F75BA06219D. Config: Debug X86. Built: 23:18:31 May 26 2018. AppID: 3000. UID: 21326. PID: 7436 ----
  INFO root [2018-08-07 17:04:15,409] - Server : Intel(R) Core(TM) i5-4210H CPU @ 2.90GHz with 2097151kB RAM
  INFO root [2018-08-07 17:04:15,410] - ThreadPool::createThreadPool: creating  threadpool...
  INFO root [2018-08-07 17:04:15,410] - ThreadPool::createThreadPool: successfully(2), newThreadCount=1, normalMaxThreadCount=2, maxThreadCount=8
 DEBUG root [2018-08-07 17:04:15,565] - Script::install_py_dlls(): PyInit_pyexpat
 DEBUG root [2018-08-07 17:04:15,566] - Script::install_py_dlls(): PyInit__socket
 DEBUG root [2018-08-07 17:04:15,567] - Script::install_py_dlls(): PyInit__ssl
 DEBUG root [2018-08-07 17:04:15,572] - Script::install_py_dlls(): PyInit__hashlib
 DEBUG root [2018-08-07 17:04:15,573] - Script::install_py_dlls(): PyInit_select
 DEBUG root [2018-08-07 17:04:15,573] - Script::install_py_dlls(): PyInit__ctypes
 DEBUG root [2018-08-07 17:04:15,575] - Script::install_py_dlls(): PyInit__elementtree
 DEBUG root [2018-08-07 17:04:15,632] - Script::install_py_dlls(): PyInit_unicodedata
  INFO root [2018-08-07 17:04:15,694] - Script::install(): is successfully, Python=(3.4.2 (default, May 26 2018, 23:18:23) [MSC v.1913 32 bit (Intel)])!
  INFO root [2018-08-07 17:04:15,694] - Script::install(): KBExtra is successfully!
S_INFO root [2018-08-07 17:04:15,723] - onInterfaceAppReady: bootstrapGroupIndex=0, bootstrapGlobalIndex=0
  INFO root [2018-08-07 17:04:15,744] - TelnetServer server is running on port 33000
  INFO root [2018-08-07 17:04:16,259] - ---- interfaces is running ----
 DEBUG root [2018-08-07 17:04:16,260] - Components::process(): Request for the process of identity...
  INFO root [2018-08-07 17:04:23,587] - Components::process(): Found all the components!
S_INFO root [2018-08-07 17:05:12,623] - onRequestAccountLogin: registerName=qq
  WARN root [2018-08-07 17:06:26,391] - TCPPacketReceiver::processPendingEvents(127.0.0.1:12739): Throwing REASON_GENERAL_NETWORK - WSAECONNRESET
  INFO root [2018-08-07 17:06:29,532] - 
  INFO root [2018-08-07 17:06:29,547] - -----------------------------------------------------------------------------------------


  INFO root [2018-08-07 17:06:29,549] - Resmgr::initialize: KBE_ROOT=D:/kbe/kbengine-2.0.0-preview3/
  INFO root [2018-08-07 17:06:29,549] - Resmgr::initialize: KBE_RES_PATH=D:/kbe/kbengine-2.0.0-preview3/kbe/res/;D:/kbe/kbengine-2.0.0-preview3/assets_Battle of Gods/;D:/kbe/kbengine-2.0.0-preview3/assets_Battle of Gods/scripts/;D:/kbe/kbengine-2.0.0-preview3/assets_Battle of Gods/res/
  INFO root [2018-08-07 17:06:29,549] - Resmgr::initialize: KBE_BIN_PATH=D:/kbe/kbengine-2.0.0-preview3/kbe/bin/server/
  INFO root [2018-08-07 17:06:29,590] - NetworkInterface::initialize(INTERNAL): bound to all interfaces with default route interface on 10.139.89.70 ( 10.139.89.70:30099 )
  INFO root [2018-08-07 17:06:29,591] - NetworkInterface::initialize(INTERNAL): address 10.139.89.70:30099, SOMAXCONN=5.
  INFO root [2018-08-07 17:06:29,607] - ---- interfaces Version: 2.0.0. ScriptVersion: 0.1.0. Protocol: B409105E27A5E1A16C0E7F75BA06219D. Config: Debug X86. Built: 23:18:31 May 26 2018. AppID: 3000. UID: 21326. PID: 15200 ----
  INFO root [2018-08-07 17:06:29,611] - Server : Intel(R) Core(TM) i5-4210H CPU @ 2.90GHz with 2097151kB RAM
  INFO root [2018-08-07 17:06:29,618] - ThreadPool::createThreadPool: creating  threadpool...
  INFO root [2018-08-07 17:06:29,618] - ThreadPool::createThreadPool: successfully(2), newThreadCount=1, normalMaxThreadCount=2, maxThreadCount=8
 DEBUG root [2018-08-07 17:06:29,760] - Script::install_py_dlls(): PyInit_pyexpat
 DEBUG root [2018-08-07 17:06:29,761] - Script::install_py_dlls(): PyInit__socket
 DEBUG root [2018-08-07 17:06:29,761] - Script::install_py_dlls(): PyInit__ssl
 DEBUG root [2018-08-07 17:06:29,766] - Script::install_py_dlls(): PyInit__hashlib
 DEBUG root [2018-08-07 17:06:29,766] - Script::install_py_dlls(): PyInit_select
 DEBUG root [2018-08-07 17:06:29,767] - Script::install_py_dlls(): PyInit__ctypes
 DEBUG root [2018-08-07 17:06:29,767] - Script::install_py_dlls(): PyInit__elementtree
 DEBUG root [2018-08-07 17:06:29,829] - Script::install_py_dlls(): PyInit_unicodedata
  INFO root [2018-08-07 17:06:29,891] - Script::install(): is successfully, Python=(3.4.2 (default, May 26 2018, 23:18:23) [MSC v.1913 32 bit (Intel)])!
  INFO root [2018-08-07 17:06:29,891] - Script::install(): KBExtra is successfully!
S_INFO root [2018-08-07 17:06:29,909] - onInterfaceAppReady: bootstrapGroupIndex=0, bootstrapGlobalIndex=0
  INFO root [2018-08-07 17:06:29,926] - TelnetServer server is running on port 33000
  INFO root [2018-08-07 17:06:30,815] - ---- interfaces is running ----
 DEBUG root [2018-08-07 17:06:30,871] - Components::process(): Request for the process of identity...
  INFO root [2018-08-07 17:06:38,353] - Components::process(): Found all the components!
S_INFO root [2018-08-07 17:07:08,009] - onRequestAccountLogin: registerName=qq
  WARN root [2018-08-07 17:07:50,887] - TCPPacketReceiver::processPendingEvents(127.0.0.1:12815): Throwing REASON_GENERAL_NETWORK - WSAECONNRESET
  INFO root [2018-08-07 17:07:53,494] - 
  INFO root [2018-08-07 17:07:53,514] - -----------------------------------------------------------------------------------------


  INFO root [2018-08-07 17:07:53,516] - Resmgr::initialize: KBE_ROOT=D:/kbe/kbengine-2.0.0-preview3/
  INFO root [2018-08-07 17:07:53,516] - Resmgr::initialize: KBE_RES_PATH=D:/kbe/kbengine-2.0.0-preview3/kbe/res/;D:/kbe/kbengine-2.0.0-preview3/assets_Battle of Gods/;D:/kbe/kbengine-2.0.0-preview3/assets_Battle of Gods/scripts/;D:/kbe/kbengine-2.0.0-preview3/assets_Battle of Gods/res/
  INFO root [2018-08-07 17:07:53,517] - Resmgr::initialize: KBE_BIN_PATH=D:/kbe/kbengine-2.0.0-preview3/kbe/bin/server/
  INFO root [2018-08-07 17:07:53,547] - NetworkInterface::initialize(INTERNAL): bound to all interfaces with default route interface on 10.139.89.70 ( 10.139.89.70:30099 )
  INFO root [2018-08-07 17:07:53,547] - NetworkInterface::initialize(INTERNAL): address 10.139.89.70:30099, SOMAXCONN=5.
  INFO root [2018-08-07 17:07:53,555] - ---- interfaces Version: 2.0.0. ScriptVersion: 0.1.0. Protocol: B409105E27A5E1A16C0E7F75BA06219D. Config: Debug X86. Built: 23:18:31 May 26 2018. AppID: 3000. UID: 21326. PID: 16436 ----
  INFO root [2018-08-07 17:07:53,561] - Server : Intel(R) Core(TM) i5-4210H CPU @ 2.90GHz with 2097151kB RAM
  INFO root [2018-08-07 17:07:53,561] - ThreadPool::createThreadPool: creating  threadpool...
  INFO root [2018-08-07 17:07:53,562] - ThreadPool::createThreadPool: successfully(2), newThreadCount=1, normalMaxThreadCount=2, maxThreadCount=8
 DEBUG root [2018-08-07 17:07:53,709] - Script::install_py_dlls(): PyInit_pyexpat
 DEBUG root [2018-08-07 17:07:53,710] - Script::install_py_dlls(): PyInit__socket
 DEBUG root [2018-08-07 17:07:53,711] - Script::install_py_dlls(): PyInit__ssl
 DEBUG root [2018-08-07 17:07:53,716] - Script::install_py_dlls(): PyInit__hashlib
 DEBUG root [2018-08-07 17:07:53,716] - Script::install_py_dlls(): PyInit_select
 DEBUG root [2018-08-07 17:07:53,716] - Script::install_py_dlls(): PyInit__ctypes
 DEBUG root [2018-08-07 17:07:53,717] - Script::install_py_dlls(): PyInit__elementtree
 DEBUG root [2018-08-07 17:07:53,804] - Script::install_py_dlls(): PyInit_unicodedata
  INFO root [2018-08-07 17:07:53,880] - Script::install(): is successfully, Python=(3.4.2 (default, May 26 2018, 23:18:23) [MSC v.1913 32 bit (Intel)])!
  INFO root [2018-08-07 17:07:53,880] - Script::install(): KBExtra is successfully!
S_INFO root [2018-08-07 17:07:53,900] - onInterfaceAppReady: bootstrapGroupIndex=0, bootstrapGlobalIndex=0
  INFO root [2018-08-07 17:07:53,919] - TelnetServer server is running on port 33000
  INFO root [2018-08-07 17:07:54,454] - ---- interfaces is running ----
 DEBUG root [2018-08-07 17:07:54,454] - Components::process(): Request for the process of identity...
  INFO root [2018-08-07 17:08:01,737] - Components::process(): Found all the components!
S_INFO root [2018-08-07 17:08:32,902] - onRequestAccountLogin: registerName=qq
  WARN root [2018-08-07 17:19:14,661] - TCPPacketReceiver::processPendingEvents(127.0.0.1:12928): Throwing REASON_GENERAL_NETWORK - WSAECONNRESET
  INFO root [2018-08-07 17:19:17,368] - 
  INFO root [2018-08-07 17:19:17,369] - -----------------------------------------------------------------------------------------


  INFO root [2018-08-07 17:19:17,370] - Resmgr::initialize: KBE_ROOT=D:/kbe/kbengine-2.0.0-preview3/
  INFO root [2018-08-07 17:19:17,370] - Resmgr::initialize: KBE_RES_PATH=D:/kbe/kbengine-2.0.0-preview3/kbe/res/;D:/kbe/kbengine-2.0.0-preview3/assets_Battle of Gods/;D:/kbe/kbengine-2.0.0-preview3/assets_Battle of Gods/scripts/;D:/kbe/kbengine-2.0.0-preview3/assets_Battle of Gods/res/
  INFO root [2018-08-07 17:19:17,370] - Resmgr::initialize: KBE_BIN_PATH=D:/kbe/kbengine-2.0.0-preview3/kbe/bin/server/
  INFO root [2018-08-07 17:19:17,380] - NetworkInterface::initialize(INTERNAL): bound to all interfaces with default route interface on 10.139.89.70 ( 10.139.89.70:30099 )
  INFO root [2018-08-07 17:19:17,381] - NetworkInterface::initialize(INTERNAL): address 10.139.89.70:30099, SOMAXCONN=5.
  INFO root [2018-08-07 17:19:17,394] - ---- interfaces Version: 2.0.0. ScriptVersion: 0.1.0. Protocol: B409105E27A5E1A16C0E7F75BA06219D. Config: Debug X86. Built: 23:18:31 May 26 2018. AppID: 3000. UID: 21326. PID: 18148 ----
  INFO root [2018-08-07 17:19:17,395] - Server : Intel(R) Core(TM) i5-4210H CPU @ 2.90GHz with 2097151kB RAM
  INFO root [2018-08-07 17:19:17,395] - ThreadPool::createThreadPool: creating  threadpool...
  INFO root [2018-08-07 17:19:17,395] - ThreadPool::createThreadPool: successfully(2), newThreadCount=1, normalMaxThreadCount=2, maxThreadCount=8
 DEBUG root [2018-08-07 17:19:17,541] - Script::install_py_dlls(): PyInit_pyexpat
 DEBUG root [2018-08-07 17:19:17,542] - Script::install_py_dlls(): PyInit__socket
 DEBUG root [2018-08-07 17:19:17,542] - Script::install_py_dlls(): PyInit__ssl
 DEBUG root [2018-08-07 17:19:17,547] - Script::install_py_dlls(): PyInit__hashlib
 DEBUG root [2018-08-07 17:19:17,548] - Script::install_py_dlls(): PyInit_select
 DEBUG root [2018-08-07 17:19:17,548] - Script::install_py_dlls(): PyInit__ctypes
 DEBUG root [2018-08-07 17:19:17,549] - Script::install_py_dlls(): PyInit__elementtree
 DEBUG root [2018-08-07 17:19:17,656] - Script::install_py_dlls(): PyInit_unicodedata
  INFO root [2018-08-07 17:19:17,724] - Script::install(): is successfully, Python=(3.4.2 (default, May 26 2018, 23:18:23) [MSC v.1913 32 bit (Intel)])!
  INFO root [2018-08-07 17:19:17,724] - Script::install(): KBExtra is successfully!
S_INFO root [2018-08-07 17:19:17,739] - onInterfaceAppReady: bootstrapGroupIndex=0, bootstrapGlobalIndex=0
  INFO root [2018-08-07 17:19:17,752] - TelnetServer server is running on port 33000
  INFO root [2018-08-07 17:19:18,274] - ---- interfaces is running ----
 DEBUG root [2018-08-07 17:19:18,275] - Components::process(): Request for the process of identity...
  INFO root [2018-08-07 17:19:25,539] - Components::process(): Found all the components!
S_INFO root [2018-08-07 17:20:30,539] - onRequestAccountLogin: registerName=qq
  WARN root [2018-08-07 17:24:09,981] - TCPPacketReceiver::processPendingEvents(127.0.0.1:13072): Throwing REASON_GENERAL_NETWORK - WSAECONNRESET
  INFO root [2018-08-07 21:07:55,987] - 
  INFO root [2018-08-07 21:07:55,988] - -----------------------------------------------------------------------------------------


  INFO root [2018-08-07 21:07:55,989] - Resmgr::initialize: KBE_ROOT=D:/kbe/kbengine-2.0.0-preview3/
  INFO root [2018-08-07 21:07:55,989] - Resmgr::initialize: KBE_RES_PATH=D:/kbe/kbengine-2.0.0-preview3/kbe/res/;D:/kbe/kbengine-2.0.0-preview3/assets_Battle of Gods/;D:/kbe/kbengine-2.0.0-preview3/assets_Battle of Gods/scripts/;D:/kbe/kbengine-2.0.0-preview3/assets_Battle of Gods/res/
  INFO root [2018-08-07 21:07:55,989] - Resmgr::initialize: KBE_BIN_PATH=D:/kbe/kbengine-2.0.0-preview3/kbe/bin/server/
  INFO root [2018-08-07 21:07:55,999] - NetworkInterface::initialize(INTERNAL): bound to all interfaces with default route interface on 192.168.1.104 ( 192.168.1.104:30099 )
  INFO root [2018-08-07 21:07:56,000] - NetworkInterface::initialize(INTERNAL): address 192.168.1.104:30099, SOMAXCONN=5.
  INFO root [2018-08-07 21:07:56,007] - ---- interfaces Version: 2.0.0. ScriptVersion: 0.1.0. Protocol: B409105E27A5E1A16C0E7F75BA06219D. Config: Debug X86. Built: 23:18:31 May 26 2018. AppID: 3000. UID: 21326. PID: 8712 ----
  INFO root [2018-08-07 21:07:56,008] - Server : Intel(R) Core(TM) i5-4210H CPU @ 2.90GHz with 2097151kB RAM
  INFO root [2018-08-07 21:07:56,010] - ThreadPool::createThreadPool: creating  threadpool...
  INFO root [2018-08-07 21:07:56,010] - ThreadPool::createThreadPool: successfully(2), newThreadCount=1, normalMaxThreadCount=2, maxThreadCount=8
 DEBUG root [2018-08-07 21:07:56,176] - Script::install_py_dlls(): PyInit_pyexpat
 DEBUG root [2018-08-07 21:07:56,177] - Script::install_py_dlls(): PyInit__socket
 DEBUG root [2018-08-07 21:07:56,178] - Script::install_py_dlls(): PyInit__ssl
 DEBUG root [2018-08-07 21:07:56,182] - Script::install_py_dlls(): PyInit__hashlib
 DEBUG root [2018-08-07 21:07:56,183] - Script::install_py_dlls(): PyInit_select
 DEBUG root [2018-08-07 21:07:56,183] - Script::install_py_dlls(): PyInit__ctypes
 DEBUG root [2018-08-07 21:07:56,183] - Script::install_py_dlls(): PyInit__elementtree
 DEBUG root [2018-08-07 21:07:56,232] - Script::install_py_dlls(): PyInit_unicodedata
  INFO root [2018-08-07 21:07:56,338] - Script::install(): is successfully, Python=(3.4.2 (default, May 26 2018, 23:18:23) [MSC v.1913 32 bit (Intel)])!
  INFO root [2018-08-07 21:07:56,338] - Script::install(): KBExtra is successfully!
S_INFO root [2018-08-07 21:07:56,370] - onInterfaceAppReady: bootstrapGroupIndex=0, bootstrapGlobalIndex=0
  INFO root [2018-08-07 21:07:56,385] - TelnetServer server is running on port 33000
  INFO root [2018-08-07 21:07:56,763] - ---- interfaces is running ----
 DEBUG root [2018-08-07 21:07:56,763] - Components::process(): Request for the process of identity...
  INFO root [2018-08-07 21:08:04,090] - Components::process(): Found all the components!
S_INFO root [2018-08-07 21:09:45,970] - onRequestAccountLogin: registerName=qq
S_INFO root [2018-08-07 21:10:47,071] - onRequestAccountLogin: registerName=qq
S_INFO root [2018-08-07 21:11:32,070] - onRequestAccountLogin: registerName=qq
  WARN root [2018-08-07 21:16:46,835] - TCPPacketReceiver::processPendingEvents(127.0.0.1:2864): Throwing REASON_GENERAL_NETWORK - WSAECONNRESET
  INFO root [2018-08-07 21:16:49,018] - 
  INFO root [2018-08-07 21:16:49,070] - -----------------------------------------------------------------------------------------


  INFO root [2018-08-07 21:16:49,107] - Resmgr::initialize: KBE_ROOT=D:/kbe/kbengine-2.0.0-preview3/
  INFO root [2018-08-07 21:16:49,107] - Resmgr::initialize: KBE_RES_PATH=D:/kbe/kbengine-2.0.0-preview3/kbe/res/;D:/kbe/kbengine-2.0.0-preview3/assets_Battle of Gods/;D:/kbe/kbengine-2.0.0-preview3/assets_Battle of Gods/scripts/;D:/kbe/kbengine-2.0.0-preview3/assets_Battle of Gods/res/
  INFO root [2018-08-07 21:16:49,108] - Resmgr::initialize: KBE_BIN_PATH=D:/kbe/kbengine-2.0.0-preview3/kbe/bin/server/
  INFO root [2018-08-07 21:16:49,291] - NetworkInterface::initialize(INTERNAL): bound to all interfaces with default route interface on 192.168.1.104 ( 192.168.1.104:30099 )
  INFO root [2018-08-07 21:16:49,291] - NetworkInterface::initialize(INTERNAL): address 192.168.1.104:30099, SOMAXCONN=5.
  INFO root [2018-08-07 21:16:49,301] - ---- interfaces Version: 2.0.0. ScriptVersion: 0.1.0. Protocol: B409105E27A5E1A16C0E7F75BA06219D. Config: Debug X86. Built: 23:18:31 May 26 2018. AppID: 3000. UID: 21326. PID: 2316 ----
  INFO root [2018-08-07 21:16:49,319] - Server : Intel(R) Core(TM) i5-4210H CPU @ 2.90GHz with 2097151kB RAM
  INFO root [2018-08-07 21:16:49,331] - ThreadPool::createThreadPool: creating  threadpool...
  INFO root [2018-08-07 21:16:49,332] - ThreadPool::createThreadPool: successfully(2), newThreadCount=1, normalMaxThreadCount=2, maxThreadCount=8
 DEBUG root [2018-08-07 21:16:49,671] - Script::install_py_dlls(): PyInit_pyexpat
 DEBUG root [2018-08-07 21:16:49,672] - Script::install_py_dlls(): PyInit__socket
 DEBUG root [2018-08-07 21:16:49,673] - Script::install_py_dlls(): PyInit__ssl
 DEBUG root [2018-08-07 21:16:49,678] - Script::install_py_dlls(): PyInit__hashlib
 DEBUG root [2018-08-07 21:16:49,680] - Script::install_py_dlls(): PyInit_select
 DEBUG root [2018-08-07 21:16:49,680] - Script::install_py_dlls(): PyInit__ctypes
 DEBUG root [2018-08-07 21:16:49,682] - Script::install_py_dlls(): PyInit__elementtree
 DEBUG root [2018-08-07 21:16:49,757] - Script::install_py_dlls(): PyInit_unicodedata
  INFO root [2018-08-07 21:16:49,856] - Script::install(): is successfully, Python=(3.4.2 (default, May 26 2018, 23:18:23) [MSC v.1913 32 bit (Intel)])!
  INFO root [2018-08-07 21:16:49,856] - Script::install(): KBExtra is successfully!
S_INFO root [2018-08-07 21:16:49,873] - onInterfaceAppReady: bootstrapGroupIndex=0, bootstrapGlobalIndex=0
  INFO root [2018-08-07 21:16:49,891] - TelnetServer server is running on port 33000
  INFO root [2018-08-07 21:16:50,566] - ---- interfaces is running ----
 DEBUG root [2018-08-07 21:16:50,572] - Components::process(): Request for the process of identity...
  INFO root [2018-08-07 21:16:57,878] - Components::process(): Found all the components!
S_INFO root [2018-08-07 21:17:32,573] - onRequestAccountLogin: registerName=qq
S_INFO root [2018-08-07 21:18:13,274] - onRequestAccountLogin: registerName=qq
S_INFO root [2018-08-07 21:23:20,173] - onRequestAccountLogin: registerName=qq
S_INFO root [2018-08-07 21:24:22,373] - onRequestAccountLogin: registerName=qq
S_INFO root [2018-08-07 21:26:45,273] - onRequestAccountLogin: registerName=qq
  WARN root [2018-08-07 21:51:43,251] - TCPPacketReceiver::processPendingEvents(127.0.0.1:3193): Throwing REASON_GENERAL_NETWORK - WSAECONNRESET
