  INFO root [2018-07-30 16:53:05,961] - 
  INFO root [2018-07-30 16:53:05,962] - -----------------------------------------------------------------------------------------


  INFO root [2018-07-30 16:53:05,963] - Resmgr::initialize: KBE_ROOT=D:/kbengine/
  INFO root [2018-07-30 16:53:05,963] - Resmgr::initialize: KBE_RES_PATH=D:/kbengine/kbe/res/;D:/kbengine/assets_Battle of Gods/;D:/kbengine/assets_Battle of Gods/scripts/;D:/kbengine/assets_Battle of Gods/res/
  INFO root [2018-07-30 16:53:05,963] - Resmgr::initialize: KBE_BIN_PATH=D:/kbengine/kbe/bin/server/
  INFO root [2018-07-30 16:53:05,971] - NetworkInterface::initialize(INTERNAL): bound to all interfaces with default route interface on 10.139.66.192 ( 10.139.66.192:30099 )
  INFO root [2018-07-30 16:53:05,993] - NetworkInterface::initialize(INTERNAL): address 10.139.66.192:30099, SOMAXCONN=5.
  INFO root [2018-07-30 16:53:05,999] - ---- interfaces Version: 2.0.0. ScriptVersion: 0.1.0. Protocol: A3D4913C83C4082A29723B2DA267A5B0. Config: Debug X86. Built: 16:26:48 Apr 30 2018. AppID: 3000. UID: 10103. PID: 5508 ----
  INFO root [2018-07-30 16:53:06,000] - Server : Intel(R) Core(TM) i7-6700HQ CPU @ 2.60GHz with 2097151kB RAM
  INFO root [2018-07-30 16:53:06,000] - ThreadPool::createThreadPool: creating  threadpool...
  INFO root [2018-07-30 16:53:06,000] - ThreadPool::createThreadPool: successfully(2), newThreadCount=1, normalMaxThreadCount=2, maxThreadCount=8
 DEBUG root [2018-07-30 16:53:06,193] - Script::install_py_dlls(): PyInit_pyexpat
 DEBUG root [2018-07-30 16:53:06,194] - Script::install_py_dlls(): PyInit__socket
 DEBUG root [2018-07-30 16:53:06,194] - Script::install_py_dlls(): PyInit__ssl
 DEBUG root [2018-07-30 16:53:06,199] - Script::install_py_dlls(): PyInit__hashlib
 DEBUG root [2018-07-30 16:53:06,200] - Script::install_py_dlls(): PyInit_select
 DEBUG root [2018-07-30 16:53:06,200] - Script::install_py_dlls(): PyInit__ctypes
 DEBUG root [2018-07-30 16:53:06,201] - Script::install_py_dlls(): PyInit__elementtree
 DEBUG root [2018-07-30 16:53:06,278] - Script::install_py_dlls(): PyInit_unicodedata
  INFO root [2018-07-30 16:53:06,654] - Script::install(): is successfully, Python=(3.4.2 (default, Apr 30 2018, 16:26:41) [MSC v.1900 32 bit (Intel)])!
  INFO root [2018-07-30 16:53:06,654] - Script::install(): KBExtra is successfully!
S_INFO root [2018-07-30 16:53:07,787] - onInterfaceAppReady: bootstrapGroupIndex=0, bootstrapGlobalIndex=0
  INFO root [2018-07-30 16:53:08,133] - TelnetServer server is running on port 33000
  WARN root [2018-07-30 16:53:08,134] - interfaces.cpp:146: Profile scriptCall took 0.35 seconds
  INFO root [2018-07-30 16:53:08,633] - ---- interfaces is running ----
 DEBUG root [2018-07-30 16:53:08,634] - Components::process(): Request for the process of identity...
  INFO root [2018-07-30 16:53:15,988] - Components::process(): Found all the components!
  INFO root [2018-07-30 16:54:07,521] - 
  INFO root [2018-07-30 16:54:07,522] - -----------------------------------------------------------------------------------------


  INFO root [2018-07-30 16:54:07,523] - Resmgr::initialize: KBE_ROOT=D:/kbengine/
  INFO root [2018-07-30 16:54:07,524] - Resmgr::initialize: KBE_RES_PATH=D:/kbengine/kbe/res/;D:/kbengine/assets_Battle of Gods/;D:/kbengine/assets_Battle of Gods/scripts/;D:/kbengine/assets_Battle of Gods/res/
  INFO root [2018-07-30 16:54:07,524] - Resmgr::initialize: KBE_BIN_PATH=D:/kbengine/kbe/bin/server/
  INFO root [2018-07-30 16:54:07,534] - NetworkInterface::initialize(INTERNAL): bound to all interfaces with default route interface on 10.139.66.192 ( 10.139.66.192:30099 )
  INFO root [2018-07-30 16:54:07,534] - NetworkInterface::initialize(INTERNAL): address 10.139.66.192:30099, SOMAXCONN=5.
  INFO root [2018-07-30 16:54:07,541] - ---- interfaces Version: 2.0.0. ScriptVersion: 0.1.0. Protocol: A3D4913C83C4082A29723B2DA267A5B0. Config: Debug X86. Built: 16:26:48 Apr 30 2018. AppID: 3000. UID: 10103. PID: 16836 ----
  INFO root [2018-07-30 16:54:07,542] - Server : Intel(R) Core(TM) i7-6700HQ CPU @ 2.60GHz with 2097151kB RAM
  INFO root [2018-07-30 16:54:07,542] - ThreadPool::createThreadPool: creating  threadpool...
  INFO root [2018-07-30 16:54:07,542] - ThreadPool::createThreadPool: successfully(2), newThreadCount=1, normalMaxThreadCount=2, maxThreadCount=8
 DEBUG root [2018-07-30 16:54:07,691] - Script::install_py_dlls(): PyInit_pyexpat
 DEBUG root [2018-07-30 16:54:07,692] - Script::install_py_dlls(): PyInit__socket
 DEBUG root [2018-07-30 16:54:07,692] - Script::install_py_dlls(): PyInit__ssl
 DEBUG root [2018-07-30 16:54:07,696] - Script::install_py_dlls(): PyInit__hashlib
 DEBUG root [2018-07-30 16:54:07,697] - Script::install_py_dlls(): PyInit_select
 DEBUG root [2018-07-30 16:54:07,697] - Script::install_py_dlls(): PyInit__ctypes
 DEBUG root [2018-07-30 16:54:07,698] - Script::install_py_dlls(): PyInit__elementtree
 DEBUG root [2018-07-30 16:54:07,761] - Script::install_py_dlls(): PyInit_unicodedata
  INFO root [2018-07-30 16:54:07,831] - Script::install(): is successfully, Python=(3.4.2 (default, Apr 30 2018, 16:26:41) [MSC v.1900 32 bit (Intel)])!
  INFO root [2018-07-30 16:54:07,831] - Script::install(): KBExtra is successfully!
S_INFO root [2018-07-30 16:54:07,859] - onInterfaceAppReady: bootstrapGroupIndex=0, bootstrapGlobalIndex=0
  INFO root [2018-07-30 16:54:07,874] - TelnetServer server is running on port 33000
  INFO root [2018-07-30 16:54:08,504] - ---- interfaces is running ----
 DEBUG root [2018-07-30 16:54:08,505] - Components::process(): Request for the process of identity...
  INFO root [2018-07-30 16:54:15,924] - Components::process(): Found all the components!
  INFO root [2018-07-30 16:54:51,998] - 
  INFO root [2018-07-30 16:54:51,999] - -----------------------------------------------------------------------------------------


  INFO root [2018-07-30 16:54:51,999] - Resmgr::initialize: KBE_ROOT=D:/kbengine/
  INFO root [2018-07-30 16:54:51,999] - Resmgr::initialize: KBE_RES_PATH=D:/kbengine/kbe/res/;D:/kbengine/assets_Battle of Gods/;D:/kbengine/assets_Battle of Gods/scripts/;D:/kbengine/assets_Battle of Gods/res/
  INFO root [2018-07-30 16:54:51,999] - Resmgr::initialize: KBE_BIN_PATH=D:/kbengine/kbe/bin/server/
  INFO root [2018-07-30 16:54:52,007] - NetworkInterface::initialize(INTERNAL): bound to all interfaces with default route interface on 10.139.66.192 ( 10.139.66.192:30099 )
  INFO root [2018-07-30 16:54:52,007] - NetworkInterface::initialize(INTERNAL): address 10.139.66.192:30099, SOMAXCONN=5.
  INFO root [2018-07-30 16:54:52,014] - ---- interfaces Version: 2.0.0. ScriptVersion: 0.1.0. Protocol: A3D4913C83C4082A29723B2DA267A5B0. Config: Debug X86. Built: 16:26:48 Apr 30 2018. AppID: 3000. UID: 10103. PID: 10364 ----
  INFO root [2018-07-30 16:54:52,015] - Server : Intel(R) Core(TM) i7-6700HQ CPU @ 2.60GHz with 2097151kB RAM
  INFO root [2018-07-30 16:54:52,015] - ThreadPool::createThreadPool: creating  threadpool...
  INFO root [2018-07-30 16:54:52,016] - ThreadPool::createThreadPool: successfully(2), newThreadCount=1, normalMaxThreadCount=2, maxThreadCount=8
 DEBUG root [2018-07-30 16:54:52,173] - Script::install_py_dlls(): PyInit_pyexpat
 DEBUG root [2018-07-30 16:54:52,173] - Script::install_py_dlls(): PyInit__socket
 DEBUG root [2018-07-30 16:54:52,174] - Script::install_py_dlls(): PyInit__ssl
 DEBUG root [2018-07-30 16:54:52,179] - Script::install_py_dlls(): PyInit__hashlib
 DEBUG root [2018-07-30 16:54:52,179] - Script::install_py_dlls(): PyInit_select
 DEBUG root [2018-07-30 16:54:52,180] - Script::install_py_dlls(): PyInit__ctypes
 DEBUG root [2018-07-30 16:54:52,181] - Script::install_py_dlls(): PyInit__elementtree
 DEBUG root [2018-07-30 16:54:52,250] - Script::install_py_dlls(): PyInit_unicodedata
  INFO root [2018-07-30 16:54:52,316] - Script::install(): is successfully, Python=(3.4.2 (default, Apr 30 2018, 16:26:41) [MSC v.1900 32 bit (Intel)])!
  INFO root [2018-07-30 16:54:52,316] - Script::install(): KBExtra is successfully!
S_INFO root [2018-07-30 16:54:52,332] - onInterfaceAppReady: bootstrapGroupIndex=0, bootstrapGlobalIndex=0
  INFO root [2018-07-30 16:54:52,342] - TelnetServer server is running on port 33000
  INFO root [2018-07-30 16:54:52,971] - ---- interfaces is running ----
 DEBUG root [2018-07-30 16:54:52,972] - Components::process(): Request for the process of identity...
  INFO root [2018-07-30 16:55:00,303] - Components::process(): Found all the components!
  INFO root [2018-07-30 16:55:34,962] - 
  INFO root [2018-07-30 16:55:34,963] - -----------------------------------------------------------------------------------------


  INFO root [2018-07-30 16:55:34,965] - Resmgr::initialize: KBE_ROOT=D:/kbengine/
  INFO root [2018-07-30 16:55:34,965] - Resmgr::initialize: KBE_RES_PATH=D:/kbengine/kbe/res/;D:/kbengine/assets_Battle of Gods/;D:/kbengine/assets_Battle of Gods/scripts/;D:/kbengine/assets_Battle of Gods/res/
  INFO root [2018-07-30 16:55:34,965] - Resmgr::initialize: KBE_BIN_PATH=D:/kbengine/kbe/bin/server/
  INFO root [2018-07-30 16:55:34,975] - NetworkInterface::initialize(INTERNAL): bound to all interfaces with default route interface on 10.139.66.192 ( 10.139.66.192:30099 )
  INFO root [2018-07-30 16:55:34,976] - NetworkInterface::initialize(INTERNAL): address 10.139.66.192:30099, SOMAXCONN=5.
  INFO root [2018-07-30 16:55:34,985] - ---- interfaces Version: 2.0.0. ScriptVersion: 0.1.0. Protocol: A3D4913C83C4082A29723B2DA267A5B0. Config: Debug X86. Built: 16:26:48 Apr 30 2018. AppID: 3000. UID: 10103. PID: 11820 ----
  INFO root [2018-07-30 16:55:34,986] - Server : Intel(R) Core(TM) i7-6700HQ CPU @ 2.60GHz with 2097151kB RAM
  INFO root [2018-07-30 16:55:34,986] - ThreadPool::createThreadPool: creating  threadpool...
  INFO root [2018-07-30 16:55:34,987] - ThreadPool::createThreadPool: successfully(2), newThreadCount=1, normalMaxThreadCount=2, maxThreadCount=8
 DEBUG root [2018-07-30 16:55:35,248] - Script::install_py_dlls(): PyInit_pyexpat
 DEBUG root [2018-07-30 16:55:35,252] - Script::install_py_dlls(): PyInit__socket
 DEBUG root [2018-07-30 16:55:35,258] - Script::install_py_dlls(): PyInit__ssl
 DEBUG root [2018-07-30 16:55:35,268] - Script::install_py_dlls(): PyInit__hashlib
 DEBUG root [2018-07-30 16:55:35,268] - Script::install_py_dlls(): PyInit_select
 DEBUG root [2018-07-30 16:55:35,268] - Script::install_py_dlls(): PyInit__ctypes
 DEBUG root [2018-07-30 16:55:35,269] - Script::install_py_dlls(): PyInit__elementtree
 DEBUG root [2018-07-30 16:55:35,355] - Script::install_py_dlls(): PyInit_unicodedata
  INFO root [2018-07-30 16:55:35,426] - Script::install(): is successfully, Python=(3.4.2 (default, Apr 30 2018, 16:26:41) [MSC v.1900 32 bit (Intel)])!
  INFO root [2018-07-30 16:55:35,426] - Script::install(): KBExtra is successfully!
S_INFO root [2018-07-30 16:55:35,449] - onInterfaceAppReady: bootstrapGroupIndex=0, bootstrapGlobalIndex=0
  INFO root [2018-07-30 16:55:35,466] - TelnetServer server is running on port 33000
  INFO root [2018-07-30 16:55:36,025] - ---- interfaces is running ----
 DEBUG root [2018-07-30 16:55:36,025] - Components::process(): Request for the process of identity...
  INFO root [2018-07-30 16:55:43,367] - Components::process(): Found all the components!
  INFO root [2018-07-30 16:56:01,128] - 
  INFO root [2018-07-30 16:56:01,135] - -----------------------------------------------------------------------------------------


  INFO root [2018-07-30 16:56:01,137] - Resmgr::initialize: KBE_ROOT=D:/kbengine/
  INFO root [2018-07-30 16:56:01,138] - Resmgr::initialize: KBE_RES_PATH=D:/kbengine/kbe/res/;D:/kbengine/assets_Battle of Gods/;D:/kbengine/assets_Battle of Gods/scripts/;D:/kbengine/assets_Battle of Gods/res/
  INFO root [2018-07-30 16:56:01,138] - Resmgr::initialize: KBE_BIN_PATH=D:/kbengine/kbe/bin/server/
  INFO root [2018-07-30 16:56:01,147] - NetworkInterface::initialize(INTERNAL): bound to all interfaces with default route interface on 10.139.66.192 ( 10.139.66.192:30099 )
  INFO root [2018-07-30 16:56:01,148] - NetworkInterface::initialize(INTERNAL): address 10.139.66.192:30099, SOMAXCONN=5.
  INFO root [2018-07-30 16:56:01,157] - ---- interfaces Version: 2.0.0. ScriptVersion: 0.1.0. Protocol: A3D4913C83C4082A29723B2DA267A5B0. Config: Debug X86. Built: 16:26:48 Apr 30 2018. AppID: 3000. UID: 10103. PID: 8708 ----
  INFO root [2018-07-30 16:56:01,157] - Server : Intel(R) Core(TM) i7-6700HQ CPU @ 2.60GHz with 2097151kB RAM
  INFO root [2018-07-30 16:56:01,157] - ThreadPool::createThreadPool: creating  threadpool...
  INFO root [2018-07-30 16:56:01,158] - ThreadPool::createThreadPool: successfully(2), newThreadCount=1, normalMaxThreadCount=2, maxThreadCount=8
 DEBUG root [2018-07-30 16:56:01,309] - Script::install_py_dlls(): PyInit_pyexpat
 DEBUG root [2018-07-30 16:56:01,310] - Script::install_py_dlls(): PyInit__socket
 DEBUG root [2018-07-30 16:56:01,310] - Script::install_py_dlls(): PyInit__ssl
 DEBUG root [2018-07-30 16:56:01,315] - Script::install_py_dlls(): PyInit__hashlib
 DEBUG root [2018-07-30 16:56:01,315] - Script::install_py_dlls(): PyInit_select
 DEBUG root [2018-07-30 16:56:01,315] - Script::install_py_dlls(): PyInit__ctypes
 DEBUG root [2018-07-30 16:56:01,316] - Script::install_py_dlls(): PyInit__elementtree
 DEBUG root [2018-07-30 16:56:01,378] - Script::install_py_dlls(): PyInit_unicodedata
  INFO root [2018-07-30 16:56:01,441] - Script::install(): is successfully, Python=(3.4.2 (default, Apr 30 2018, 16:26:41) [MSC v.1900 32 bit (Intel)])!
  INFO root [2018-07-30 16:56:01,441] - Script::install(): KBExtra is successfully!
S_INFO root [2018-07-30 16:56:01,460] - onInterfaceAppReady: bootstrapGroupIndex=0, bootstrapGlobalIndex=0
  INFO root [2018-07-30 16:56:01,479] - TelnetServer server is running on port 33000
  INFO root [2018-07-30 16:56:02,116] - ---- interfaces is running ----
 DEBUG root [2018-07-30 16:56:02,117] - Components::process(): Request for the process of identity...
  INFO root [2018-07-30 16:56:09,561] - Components::process(): Found all the components!
