  INFO root [2018-08-02 09:53:30,461] - 
  INFO root [2018-08-02 09:53:30,461] - -----------------------------------------------------------------------------------------


  INFO root [2018-08-02 09:53:30,463] - Resmgr::initialize: KBE_ROOT=D:/kbengine/
  INFO root [2018-08-02 09:53:30,463] - Resmgr::initialize: KBE_RES_PATH=D:/kbengine/kbe/res/;D:/kbengine/assets_Battle of Gods/;D:/kbengine/assets_Battle of Gods/scripts/;D:/kbengine/assets_Battle of Gods/res/
  INFO root [2018-08-02 09:53:30,463] - Resmgr::initialize: KBE_BIN_PATH=D:/kbengine/kbe/bin/server/
  INFO root [2018-08-02 09:53:30,471] - NetworkInterface::initialize(INTERNAL): bound to all interfaces with default route interface on 192.168.1.103 ( 192.168.1.103:30099 )
  INFO root [2018-08-02 09:53:30,482] - NetworkInterface::initialize(INTERNAL): address 192.168.1.103:30099, SOMAXCONN=5.
  INFO root [2018-08-02 09:53:30,489] - ---- interfaces Version: 2.0.0. ScriptVersion: 0.1.0. Protocol: A3D4913C83C4082A29723B2DA267A5B0. Config: Debug X86. Built: 16:26:48 Apr 30 2018. AppID: 3000. UID: 10103. PID: 636 ----
  INFO root [2018-08-02 09:53:30,490] - Server : Intel(R) Core(TM) i7-6700HQ CPU @ 2.60GHz with 2097151kB RAM
  INFO root [2018-08-02 09:53:30,490] - ThreadPool::createThreadPool: creating  threadpool...
  INFO root [2018-08-02 09:53:30,491] - ThreadPool::createThreadPool: successfully(2), newThreadCount=1, normalMaxThreadCount=2, maxThreadCount=8
 DEBUG root [2018-08-02 09:53:30,635] - Script::install_py_dlls(): PyInit_pyexpat
 DEBUG root [2018-08-02 09:53:30,635] - Script::install_py_dlls(): PyInit__socket
 DEBUG root [2018-08-02 09:53:30,636] - Script::install_py_dlls(): PyInit__ssl
 DEBUG root [2018-08-02 09:53:30,639] - Script::install_py_dlls(): PyInit__hashlib
 DEBUG root [2018-08-02 09:53:30,640] - Script::install_py_dlls(): PyInit_select
 DEBUG root [2018-08-02 09:53:30,640] - Script::install_py_dlls(): PyInit__ctypes
 DEBUG root [2018-08-02 09:53:30,641] - Script::install_py_dlls(): PyInit__elementtree
 DEBUG root [2018-08-02 09:53:30,693] - Script::install_py_dlls(): PyInit_unicodedata
  INFO root [2018-08-02 09:53:30,751] - Script::install(): is successfully, Python=(3.4.2 (default, Apr 30 2018, 16:26:41) [MSC v.1900 32 bit (Intel)])!
  INFO root [2018-08-02 09:53:30,751] - Script::install(): KBExtra is successfully!
S_INFO root [2018-08-02 09:53:30,965] - onInterfaceAppReady: bootstrapGroupIndex=0, bootstrapGlobalIndex=0
  INFO root [2018-08-02 09:53:30,999] - TelnetServer server is running on port 33000
  INFO root [2018-08-02 09:53:31,501] - ---- interfaces is running ----
 DEBUG root [2018-08-02 09:53:31,502] - Components::process(): Request for the process of identity...
  INFO root [2018-08-02 09:53:38,765] - Components::process(): Found all the components!
S_INFO root [2018-08-02 09:54:15,165] - onRequestAccountLogin: registerName=cxx
S_INFO root [2018-08-02 09:56:31,065] - onRequestAccountLogin: registerName=cxx
  WARN root [2018-08-02 10:00:39,574] - TCPPacketReceiver::processPendingEvents(127.0.0.1:65236): Throwing REASON_GENERAL_NETWORK - WSAECONNRESET
  INFO root [2018-08-02 10:00:41,536] - 
  INFO root [2018-08-02 10:00:41,536] - -----------------------------------------------------------------------------------------


  INFO root [2018-08-02 10:00:41,545] - Resmgr::initialize: KBE_ROOT=D:/kbengine/
  INFO root [2018-08-02 10:00:41,545] - Resmgr::initialize: KBE_RES_PATH=D:/kbengine/kbe/res/;D:/kbengine/assets_Battle of Gods/;D:/kbengine/assets_Battle of Gods/scripts/;D:/kbengine/assets_Battle of Gods/res/
  INFO root [2018-08-02 10:00:41,545] - Resmgr::initialize: KBE_BIN_PATH=D:/kbengine/kbe/bin/server/
  INFO root [2018-08-02 10:00:41,554] - NetworkInterface::initialize(INTERNAL): bound to all interfaces with default route interface on 192.168.1.103 ( 192.168.1.103:30099 )
  INFO root [2018-08-02 10:00:41,554] - NetworkInterface::initialize(INTERNAL): address 192.168.1.103:30099, SOMAXCONN=5.
  INFO root [2018-08-02 10:00:41,565] - ---- interfaces Version: 2.0.0. ScriptVersion: 0.1.0. Protocol: A3D4913C83C4082A29723B2DA267A5B0. Config: Debug X86. Built: 16:26:48 Apr 30 2018. AppID: 3000. UID: 10103. PID: 14868 ----
  INFO root [2018-08-02 10:00:41,565] - Server : Intel(R) Core(TM) i7-6700HQ CPU @ 2.60GHz with 2097151kB RAM
  INFO root [2018-08-02 10:00:41,565] - ThreadPool::createThreadPool: creating  threadpool...
  INFO root [2018-08-02 10:00:41,565] - ThreadPool::createThreadPool: successfully(2), newThreadCount=1, normalMaxThreadCount=2, maxThreadCount=8
 DEBUG root [2018-08-02 10:00:41,715] - Script::install_py_dlls(): PyInit_pyexpat
 DEBUG root [2018-08-02 10:00:41,715] - Script::install_py_dlls(): PyInit__socket
 DEBUG root [2018-08-02 10:00:41,715] - Script::install_py_dlls(): PyInit__ssl
 DEBUG root [2018-08-02 10:00:41,725] - Script::install_py_dlls(): PyInit__hashlib
 DEBUG root [2018-08-02 10:00:41,725] - Script::install_py_dlls(): PyInit_select
 DEBUG root [2018-08-02 10:00:41,725] - Script::install_py_dlls(): PyInit__ctypes
 DEBUG root [2018-08-02 10:00:41,725] - Script::install_py_dlls(): PyInit__elementtree
 DEBUG root [2018-08-02 10:00:41,769] - Script::install_py_dlls(): PyInit_unicodedata
  INFO root [2018-08-02 10:00:41,825] - Script::install(): is successfully, Python=(3.4.2 (default, Apr 30 2018, 16:26:41) [MSC v.1900 32 bit (Intel)])!
  INFO root [2018-08-02 10:00:41,825] - Script::install(): KBExtra is successfully!
S_INFO root [2018-08-02 10:00:41,836] - onInterfaceAppReady: bootstrapGroupIndex=0, bootstrapGlobalIndex=0
  INFO root [2018-08-02 10:00:41,844] - TelnetServer server is running on port 33000
  INFO root [2018-08-02 10:00:42,365] - ---- interfaces is running ----
 DEBUG root [2018-08-02 10:00:42,365] - Components::process(): Request for the process of identity...
  INFO root [2018-08-02 10:00:49,865] - Components::process(): Found all the components!
S_INFO root [2018-08-02 10:01:12,643] - onRequestAccountLogin: registerName=cxx
  WARN root [2018-08-02 10:02:19,424] - TCPPacketReceiver::processPendingEvents(127.0.0.1:65396): Throwing REASON_GENERAL_NETWORK - WSAECONNRESET
  INFO root [2018-08-02 10:02:21,325] - 
  INFO root [2018-08-02 10:02:21,325] - -----------------------------------------------------------------------------------------


  INFO root [2018-08-02 10:02:21,329] - Resmgr::initialize: KBE_ROOT=D:/kbengine/
  INFO root [2018-08-02 10:02:21,329] - Resmgr::initialize: KBE_RES_PATH=D:/kbengine/kbe/res/;D:/kbengine/assets_Battle of Gods/;D:/kbengine/assets_Battle of Gods/scripts/;D:/kbengine/assets_Battle of Gods/res/
  INFO root [2018-08-02 10:02:21,329] - Resmgr::initialize: KBE_BIN_PATH=D:/kbengine/kbe/bin/server/
  INFO root [2018-08-02 10:02:21,334] - NetworkInterface::initialize(INTERNAL): bound to all interfaces with default route interface on 192.168.1.103 ( 192.168.1.103:30099 )
  INFO root [2018-08-02 10:02:21,334] - NetworkInterface::initialize(INTERNAL): address 192.168.1.103:30099, SOMAXCONN=5.
  INFO root [2018-08-02 10:02:21,334] - ---- interfaces Version: 2.0.0. ScriptVersion: 0.1.0. Protocol: A3D4913C83C4082A29723B2DA267A5B0. Config: Debug X86. Built: 16:26:48 Apr 30 2018. AppID: 3000. UID: 10103. PID: 16836 ----
  INFO root [2018-08-02 10:02:21,334] - Server : Intel(R) Core(TM) i7-6700HQ CPU @ 2.60GHz with 2097151kB RAM
  INFO root [2018-08-02 10:02:21,334] - ThreadPool::createThreadPool: creating  threadpool...
  INFO root [2018-08-02 10:02:21,344] - ThreadPool::createThreadPool: successfully(2), newThreadCount=1, normalMaxThreadCount=2, maxThreadCount=8
 DEBUG root [2018-08-02 10:02:21,498] - Script::install_py_dlls(): PyInit_pyexpat
 DEBUG root [2018-08-02 10:02:21,498] - Script::install_py_dlls(): PyInit__socket
 DEBUG root [2018-08-02 10:02:21,498] - Script::install_py_dlls(): PyInit__ssl
 DEBUG root [2018-08-02 10:02:21,498] - Script::install_py_dlls(): PyInit__hashlib
 DEBUG root [2018-08-02 10:02:21,498] - Script::install_py_dlls(): PyInit_select
 DEBUG root [2018-08-02 10:02:21,498] - Script::install_py_dlls(): PyInit__ctypes
 DEBUG root [2018-08-02 10:02:21,498] - Script::install_py_dlls(): PyInit__elementtree
 DEBUG root [2018-08-02 10:02:21,558] - Script::install_py_dlls(): PyInit_unicodedata
  INFO root [2018-08-02 10:02:21,607] - Script::install(): is successfully, Python=(3.4.2 (default, Apr 30 2018, 16:26:41) [MSC v.1900 32 bit (Intel)])!
  INFO root [2018-08-02 10:02:21,607] - Script::install(): KBExtra is successfully!
S_INFO root [2018-08-02 10:02:21,624] - onInterfaceAppReady: bootstrapGroupIndex=0, bootstrapGlobalIndex=0
  INFO root [2018-08-02 10:02:21,638] - TelnetServer server is running on port 33000
  INFO root [2018-08-02 10:02:22,174] - ---- interfaces is running ----
 DEBUG root [2018-08-02 10:02:22,175] - Components::process(): Request for the process of identity...
  INFO root [2018-08-02 10:02:29,645] - Components::process(): Found all the components!
S_INFO root [2018-08-02 10:02:46,228] - onRequestAccountLogin: registerName=cxx
  WARN root [2018-08-02 10:03:34,357] - TCPPacketReceiver::processPendingEvents(127.0.0.1:65475): Throwing REASON_GENERAL_NETWORK - WSAECONNRESET
  INFO root [2018-08-02 10:03:36,280] - 
  INFO root [2018-08-02 10:03:36,281] - -----------------------------------------------------------------------------------------


  INFO root [2018-08-02 10:03:36,282] - Resmgr::initialize: KBE_ROOT=D:/kbengine/
  INFO root [2018-08-02 10:03:36,282] - Resmgr::initialize: KBE_RES_PATH=D:/kbengine/kbe/res/;D:/kbengine/assets_Battle of Gods/;D:/kbengine/assets_Battle of Gods/scripts/;D:/kbengine/assets_Battle of Gods/res/
  INFO root [2018-08-02 10:03:36,283] - Resmgr::initialize: KBE_BIN_PATH=D:/kbengine/kbe/bin/server/
  INFO root [2018-08-02 10:03:36,292] - NetworkInterface::initialize(INTERNAL): bound to all interfaces with default route interface on 192.168.1.103 ( 192.168.1.103:30099 )
  INFO root [2018-08-02 10:03:36,292] - NetworkInterface::initialize(INTERNAL): address 192.168.1.103:30099, SOMAXCONN=5.
  INFO root [2018-08-02 10:03:36,299] - ---- interfaces Version: 2.0.0. ScriptVersion: 0.1.0. Protocol: A3D4913C83C4082A29723B2DA267A5B0. Config: Debug X86. Built: 16:26:48 Apr 30 2018. AppID: 3000. UID: 10103. PID: 10468 ----
  INFO root [2018-08-02 10:03:36,299] - Server : Intel(R) Core(TM) i7-6700HQ CPU @ 2.60GHz with 2097151kB RAM
  INFO root [2018-08-02 10:03:36,300] - ThreadPool::createThreadPool: creating  threadpool...
  INFO root [2018-08-02 10:03:36,300] - ThreadPool::createThreadPool: successfully(2), newThreadCount=1, normalMaxThreadCount=2, maxThreadCount=8
 DEBUG root [2018-08-02 10:03:36,453] - Script::install_py_dlls(): PyInit_pyexpat
 DEBUG root [2018-08-02 10:03:36,454] - Script::install_py_dlls(): PyInit__socket
 DEBUG root [2018-08-02 10:03:36,454] - Script::install_py_dlls(): PyInit__ssl
 DEBUG root [2018-08-02 10:03:36,459] - Script::install_py_dlls(): PyInit__hashlib
 DEBUG root [2018-08-02 10:03:36,460] - Script::install_py_dlls(): PyInit_select
 DEBUG root [2018-08-02 10:03:36,460] - Script::install_py_dlls(): PyInit__ctypes
 DEBUG root [2018-08-02 10:03:36,461] - Script::install_py_dlls(): PyInit__elementtree
 DEBUG root [2018-08-02 10:03:36,527] - Script::install_py_dlls(): PyInit_unicodedata
  INFO root [2018-08-02 10:03:36,577] - Script::install(): is successfully, Python=(3.4.2 (default, Apr 30 2018, 16:26:41) [MSC v.1900 32 bit (Intel)])!
  INFO root [2018-08-02 10:03:36,577] - Script::install(): KBExtra is successfully!
S_INFO root [2018-08-02 10:03:36,590] - onInterfaceAppReady: bootstrapGroupIndex=0, bootstrapGlobalIndex=0
  INFO root [2018-08-02 10:03:36,601] - TelnetServer server is running on port 33000
  INFO root [2018-08-02 10:03:37,157] - ---- interfaces is running ----
 DEBUG root [2018-08-02 10:03:37,157] - Components::process(): Request for the process of identity...
  INFO root [2018-08-02 10:03:44,491] - Components::process(): Found all the components!
S_INFO root [2018-08-02 10:04:41,390] - onRequestAccountLogin: registerName=cxx
S_INFO root [2018-08-02 10:04:44,790] - onRequestCreateAccount: registerName=cxx
S_INFO root [2018-08-02 10:04:46,991] - onRequestAccountLogin: registerName=cxx
S_INFO root [2018-08-02 10:05:27,391] - onRequestAccountLogin: registerName=cxx
  WARN root [2018-08-02 10:10:11,094] - TCPPacketReceiver::processPendingEvents(127.0.0.1:65533): Throwing REASON_GENERAL_NETWORK - WSAECONNRESET
  INFO root [2018-08-02 10:10:13,074] - 
  INFO root [2018-08-02 10:10:13,074] - -----------------------------------------------------------------------------------------


  INFO root [2018-08-02 10:10:13,074] - Resmgr::initialize: KBE_ROOT=D:/kbengine/
  INFO root [2018-08-02 10:10:13,076] - Resmgr::initialize: KBE_RES_PATH=D:/kbengine/kbe/res/;D:/kbengine/assets_Battle of Gods/;D:/kbengine/assets_Battle of Gods/scripts/;D:/kbengine/assets_Battle of Gods/res/
  INFO root [2018-08-02 10:10:13,076] - Resmgr::initialize: KBE_BIN_PATH=D:/kbengine/kbe/bin/server/
  INFO root [2018-08-02 10:10:13,076] - NetworkInterface::initialize(INTERNAL): bound to all interfaces with default route interface on 192.168.1.103 ( 192.168.1.103:30099 )
  INFO root [2018-08-02 10:10:13,076] - NetworkInterface::initialize(INTERNAL): address 192.168.1.103:30099, SOMAXCONN=5.
  INFO root [2018-08-02 10:10:13,084] - ---- interfaces Version: 2.0.0. ScriptVersion: 0.1.0. Protocol: A3D4913C83C4082A29723B2DA267A5B0. Config: Debug X86. Built: 16:26:48 Apr 30 2018. AppID: 3000. UID: 10103. PID: 7984 ----
  INFO root [2018-08-02 10:10:13,087] - Server : Intel(R) Core(TM) i7-6700HQ CPU @ 2.60GHz with 2097151kB RAM
  INFO root [2018-08-02 10:10:13,087] - ThreadPool::createThreadPool: creating  threadpool...
  INFO root [2018-08-02 10:10:13,087] - ThreadPool::createThreadPool: successfully(2), newThreadCount=1, normalMaxThreadCount=2, maxThreadCount=8
 DEBUG root [2018-08-02 10:10:13,237] - Script::install_py_dlls(): PyInit_pyexpat
 DEBUG root [2018-08-02 10:10:13,237] - Script::install_py_dlls(): PyInit__socket
 DEBUG root [2018-08-02 10:10:13,237] - Script::install_py_dlls(): PyInit__ssl
 DEBUG root [2018-08-02 10:10:13,244] - Script::install_py_dlls(): PyInit__hashlib
 DEBUG root [2018-08-02 10:10:13,248] - Script::install_py_dlls(): PyInit_select
 DEBUG root [2018-08-02 10:10:13,248] - Script::install_py_dlls(): PyInit__ctypes
 DEBUG root [2018-08-02 10:10:13,248] - Script::install_py_dlls(): PyInit__elementtree
 DEBUG root [2018-08-02 10:10:13,298] - Script::install_py_dlls(): PyInit_unicodedata
  INFO root [2018-08-02 10:10:13,362] - Script::install(): is successfully, Python=(3.4.2 (default, Apr 30 2018, 16:26:41) [MSC v.1900 32 bit (Intel)])!
  INFO root [2018-08-02 10:10:13,362] - Script::install(): KBExtra is successfully!
S_INFO root [2018-08-02 10:10:13,374] - onInterfaceAppReady: bootstrapGroupIndex=0, bootstrapGlobalIndex=0
  INFO root [2018-08-02 10:10:13,384] - TelnetServer server is running on port 33000
  INFO root [2018-08-02 10:10:13,904] - ---- interfaces is running ----
 DEBUG root [2018-08-02 10:10:13,904] - Components::process(): Request for the process of identity...
  INFO root [2018-08-02 10:10:21,394] - Components::process(): Found all the components!
S_INFO root [2018-08-02 10:10:45,380] - onRequestAccountLogin: registerName=cxx
S_INFO root [2018-08-02 10:13:47,681] - onRequestAccountLogin: registerName=cxx
S_INFO root [2018-08-02 10:25:50,480] - onRequestAccountLogin: registerName=cxx
S_INFO root [2018-08-02 10:29:29,079] - onRequestAccountLogin: registerName=cxx
S_INFO root [2018-08-02 10:30:44,079] - onRequestAccountLogin: registerName=cxx
S_INFO root [2018-08-02 10:30:56,879] - onRequestAccountLogin: registerName=cxx
S_INFO root [2018-08-02 10:32:35,879] - onRequestAccountLogin: registerName=cxx
  WARN root [2018-08-02 10:49:20,891] - TCPPacketReceiver::processPendingEvents(127.0.0.1:1269): Throwing REASON_GENERAL_NETWORK - WSAECONNRESET
  INFO root [2018-08-02 10:49:23,480] - 
  INFO root [2018-08-02 10:49:23,485] - -----------------------------------------------------------------------------------------


  INFO root [2018-08-02 10:49:23,485] - Resmgr::initialize: KBE_ROOT=D:/kbengine/
  INFO root [2018-08-02 10:49:23,485] - Resmgr::initialize: KBE_RES_PATH=D:/kbengine/kbe/res/;D:/kbengine/assets_Battle of Gods/;D:/kbengine/assets_Battle of Gods/scripts/;D:/kbengine/assets_Battle of Gods/res/
  INFO root [2018-08-02 10:49:23,485] - Resmgr::initialize: KBE_BIN_PATH=D:/kbengine/kbe/bin/server/
  INFO root [2018-08-02 10:49:23,494] - NetworkInterface::initialize(INTERNAL): bound to all interfaces with default route interface on 192.168.1.103 ( 192.168.1.103:30099 )
  INFO root [2018-08-02 10:49:23,494] - NetworkInterface::initialize(INTERNAL): address 192.168.1.103:30099, SOMAXCONN=5.
  INFO root [2018-08-02 10:49:23,505] - ---- interfaces Version: 2.0.0. ScriptVersion: 0.1.0. Protocol: A3D4913C83C4082A29723B2DA267A5B0. Config: Debug X86. Built: 16:26:48 Apr 30 2018. AppID: 3000. UID: 10103. PID: 10632 ----
  INFO root [2018-08-02 10:49:23,505] - Server : Intel(R) Core(TM) i7-6700HQ CPU @ 2.60GHz with 2097151kB RAM
  INFO root [2018-08-02 10:49:23,505] - ThreadPool::createThreadPool: creating  threadpool...
  INFO root [2018-08-02 10:49:23,512] - ThreadPool::createThreadPool: successfully(2), newThreadCount=1, normalMaxThreadCount=2, maxThreadCount=8
 DEBUG root [2018-08-02 10:49:23,671] - Script::install_py_dlls(): PyInit_pyexpat
 DEBUG root [2018-08-02 10:49:23,671] - Script::install_py_dlls(): PyInit__socket
 DEBUG root [2018-08-02 10:49:23,671] - Script::install_py_dlls(): PyInit__ssl
 DEBUG root [2018-08-02 10:49:23,671] - Script::install_py_dlls(): PyInit__hashlib
 DEBUG root [2018-08-02 10:49:23,671] - Script::install_py_dlls(): PyInit_select
 DEBUG root [2018-08-02 10:49:23,671] - Script::install_py_dlls(): PyInit__ctypes
 DEBUG root [2018-08-02 10:49:23,671] - Script::install_py_dlls(): PyInit__elementtree
 DEBUG root [2018-08-02 10:49:23,754] - Script::install_py_dlls(): PyInit_unicodedata
  INFO root [2018-08-02 10:49:23,851] - Script::install(): is successfully, Python=(3.4.2 (default, Apr 30 2018, 16:26:41) [MSC v.1900 32 bit (Intel)])!
  INFO root [2018-08-02 10:49:23,851] - Script::install(): KBExtra is successfully!
S_INFO root [2018-08-02 10:49:23,871] - onInterfaceAppReady: bootstrapGroupIndex=0, bootstrapGlobalIndex=0
  INFO root [2018-08-02 10:49:23,881] - TelnetServer server is running on port 33000
  INFO root [2018-08-02 10:49:24,435] - ---- interfaces is running ----
 DEBUG root [2018-08-02 10:49:24,441] - Components::process(): Request for the process of identity...
  INFO root [2018-08-02 10:49:31,881] - Components::process(): Found all the components!
  WARN root [2018-08-02 10:49:51,551] - TCPPacketReceiver::processPendingEvents(127.0.0.1:2261): Throwing REASON_GENERAL_NETWORK - WSAECONNRESET
  INFO root [2018-08-02 10:49:53,455] - 
  INFO root [2018-08-02 10:49:53,461] - -----------------------------------------------------------------------------------------


  INFO root [2018-08-02 10:49:53,461] - Resmgr::initialize: KBE_ROOT=D:/kbengine/
  INFO root [2018-08-02 10:49:53,461] - Resmgr::initialize: KBE_RES_PATH=D:/kbengine/kbe/res/;D:/kbengine/assets_Battle of Gods/;D:/kbengine/assets_Battle of Gods/scripts/;D:/kbengine/assets_Battle of Gods/res/
  INFO root [2018-08-02 10:49:53,461] - Resmgr::initialize: KBE_BIN_PATH=D:/kbengine/kbe/bin/server/
  INFO root [2018-08-02 10:49:53,461] - NetworkInterface::initialize(INTERNAL): bound to all interfaces with default route interface on 192.168.1.103 ( 192.168.1.103:30099 )
  INFO root [2018-08-02 10:49:53,461] - NetworkInterface::initialize(INTERNAL): address 192.168.1.103:30099, SOMAXCONN=5.
  INFO root [2018-08-02 10:49:53,471] - ---- interfaces Version: 2.0.0. ScriptVersion: 0.1.0. Protocol: A3D4913C83C4082A29723B2DA267A5B0. Config: Debug X86. Built: 16:26:48 Apr 30 2018. AppID: 3000. UID: 10103. PID: 3980 ----
  INFO root [2018-08-02 10:49:53,471] - Server : Intel(R) Core(TM) i7-6700HQ CPU @ 2.60GHz with 2097151kB RAM
  INFO root [2018-08-02 10:49:53,471] - ThreadPool::createThreadPool: creating  threadpool...
  INFO root [2018-08-02 10:49:53,471] - ThreadPool::createThreadPool: successfully(2), newThreadCount=1, normalMaxThreadCount=2, maxThreadCount=8
 DEBUG root [2018-08-02 10:49:53,630] - Script::install_py_dlls(): PyInit_pyexpat
 DEBUG root [2018-08-02 10:49:53,630] - Script::install_py_dlls(): PyInit__socket
 DEBUG root [2018-08-02 10:49:53,634] - Script::install_py_dlls(): PyInit__ssl
 DEBUG root [2018-08-02 10:49:53,634] - Script::install_py_dlls(): PyInit__hashlib
 DEBUG root [2018-08-02 10:49:53,634] - Script::install_py_dlls(): PyInit_select
 DEBUG root [2018-08-02 10:49:53,634] - Script::install_py_dlls(): PyInit__ctypes
 DEBUG root [2018-08-02 10:49:53,634] - Script::install_py_dlls(): PyInit__elementtree
 DEBUG root [2018-08-02 10:49:53,691] - Script::install_py_dlls(): PyInit_unicodedata
  INFO root [2018-08-02 10:49:53,735] - Script::install(): is successfully, Python=(3.4.2 (default, Apr 30 2018, 16:26:41) [MSC v.1900 32 bit (Intel)])!
  INFO root [2018-08-02 10:49:53,735] - Script::install(): KBExtra is successfully!
S_INFO root [2018-08-02 10:49:53,744] - onInterfaceAppReady: bootstrapGroupIndex=0, bootstrapGlobalIndex=0
  INFO root [2018-08-02 10:49:53,755] - TelnetServer server is running on port 33000
  INFO root [2018-08-02 10:49:54,353] - ---- interfaces is running ----
 DEBUG root [2018-08-02 10:49:54,353] - Components::process(): Request for the process of identity...
  INFO root [2018-08-02 10:50:01,767] - Components::process(): Found all the components!
S_INFO root [2018-08-02 10:50:38,051] - onRequestAccountLogin: registerName=cxx
S_INFO root [2018-08-02 10:52:34,950] - onRequestAccountLogin: registerName=cxx
  WARN root [2018-08-02 10:54:44,620] - TCPPacketReceiver::processPendingEvents(127.0.0.1:2296): Throwing REASON_GENERAL_NETWORK - WSAECONNRESET
  INFO root [2018-08-02 10:54:46,601] - 
  INFO root [2018-08-02 10:54:46,601] - -----------------------------------------------------------------------------------------


  INFO root [2018-08-02 10:54:46,601] - Resmgr::initialize: KBE_ROOT=D:/kbengine/
  INFO root [2018-08-02 10:54:46,601] - Resmgr::initialize: KBE_RES_PATH=D:/kbengine/kbe/res/;D:/kbengine/assets_Battle of Gods/;D:/kbengine/assets_Battle of Gods/scripts/;D:/kbengine/assets_Battle of Gods/res/
  INFO root [2018-08-02 10:54:46,601] - Resmgr::initialize: KBE_BIN_PATH=D:/kbengine/kbe/bin/server/
  INFO root [2018-08-02 10:54:46,611] - NetworkInterface::initialize(INTERNAL): bound to all interfaces with default route interface on 192.168.1.103 ( 192.168.1.103:30099 )
  INFO root [2018-08-02 10:54:46,611] - NetworkInterface::initialize(INTERNAL): address 192.168.1.103:30099, SOMAXCONN=5.
  INFO root [2018-08-02 10:54:46,621] - ---- interfaces Version: 2.0.0. ScriptVersion: 0.1.0. Protocol: A3D4913C83C4082A29723B2DA267A5B0. Config: Debug X86. Built: 16:26:48 Apr 30 2018. AppID: 3000. UID: 10103. PID: 14172 ----
  INFO root [2018-08-02 10:54:46,621] - Server : Intel(R) Core(TM) i7-6700HQ CPU @ 2.60GHz with 2097151kB RAM
  INFO root [2018-08-02 10:54:46,621] - ThreadPool::createThreadPool: creating  threadpool...
  INFO root [2018-08-02 10:54:46,621] - ThreadPool::createThreadPool: successfully(2), newThreadCount=1, normalMaxThreadCount=2, maxThreadCount=8
 DEBUG root [2018-08-02 10:54:46,794] - Script::install_py_dlls(): PyInit_pyexpat
 DEBUG root [2018-08-02 10:54:46,794] - Script::install_py_dlls(): PyInit__socket
 DEBUG root [2018-08-02 10:54:46,794] - Script::install_py_dlls(): PyInit__ssl
 DEBUG root [2018-08-02 10:54:46,801] - Script::install_py_dlls(): PyInit__hashlib
 DEBUG root [2018-08-02 10:54:46,801] - Script::install_py_dlls(): PyInit_select
 DEBUG root [2018-08-02 10:54:46,801] - Script::install_py_dlls(): PyInit__ctypes
 DEBUG root [2018-08-02 10:54:46,801] - Script::install_py_dlls(): PyInit__elementtree
 DEBUG root [2018-08-02 10:54:46,883] - Script::install_py_dlls(): PyInit_unicodedata
  INFO root [2018-08-02 10:54:46,954] - Script::install(): is successfully, Python=(3.4.2 (default, Apr 30 2018, 16:26:41) [MSC v.1900 32 bit (Intel)])!
  INFO root [2018-08-02 10:54:46,954] - Script::install(): KBExtra is successfully!
S_INFO root [2018-08-02 10:54:46,981] - onInterfaceAppReady: bootstrapGroupIndex=0, bootstrapGlobalIndex=0
  INFO root [2018-08-02 10:54:46,993] - TelnetServer server is running on port 33000
  INFO root [2018-08-02 10:54:47,593] - ---- interfaces is running ----
 DEBUG root [2018-08-02 10:54:47,593] - Components::process(): Request for the process of identity...
  INFO root [2018-08-02 10:54:55,021] - Components::process(): Found all the components!
S_INFO root [2018-08-02 10:55:16,985] - onRequestAccountLogin: registerName=cxx
  WARN root [2018-08-02 10:57:19,905] - TCPPacketReceiver::processPendingEvents(127.0.0.1:2455): Throwing REASON_GENERAL_NETWORK - WSAECONNRESET
  INFO root [2018-08-02 10:57:21,933] - 
  INFO root [2018-08-02 10:57:21,933] - -----------------------------------------------------------------------------------------


  INFO root [2018-08-02 10:57:21,934] - Resmgr::initialize: KBE_ROOT=D:/kbengine/
  INFO root [2018-08-02 10:57:21,934] - Resmgr::initialize: KBE_RES_PATH=D:/kbengine/kbe/res/;D:/kbengine/assets_Battle of Gods/;D:/kbengine/assets_Battle of Gods/scripts/;D:/kbengine/assets_Battle of Gods/res/
  INFO root [2018-08-02 10:57:21,935] - Resmgr::initialize: KBE_BIN_PATH=D:/kbengine/kbe/bin/server/
  INFO root [2018-08-02 10:57:21,941] - NetworkInterface::initialize(INTERNAL): bound to all interfaces with default route interface on 192.168.1.103 ( 192.168.1.103:30099 )
  INFO root [2018-08-02 10:57:21,941] - NetworkInterface::initialize(INTERNAL): address 192.168.1.103:30099, SOMAXCONN=5.
  INFO root [2018-08-02 10:57:21,947] - ---- interfaces Version: 2.0.0. ScriptVersion: 0.1.0. Protocol: A3D4913C83C4082A29723B2DA267A5B0. Config: Debug X86. Built: 16:26:48 Apr 30 2018. AppID: 3000. UID: 10103. PID: 13228 ----
  INFO root [2018-08-02 10:57:21,948] - Server : Intel(R) Core(TM) i7-6700HQ CPU @ 2.60GHz with 2097151kB RAM
  INFO root [2018-08-02 10:57:21,948] - ThreadPool::createThreadPool: creating  threadpool...
  INFO root [2018-08-02 10:57:21,948] - ThreadPool::createThreadPool: successfully(2), newThreadCount=1, normalMaxThreadCount=2, maxThreadCount=8
 DEBUG root [2018-08-02 10:57:22,092] - Script::install_py_dlls(): PyInit_pyexpat
 DEBUG root [2018-08-02 10:57:22,093] - Script::install_py_dlls(): PyInit__socket
 DEBUG root [2018-08-02 10:57:22,094] - Script::install_py_dlls(): PyInit__ssl
 DEBUG root [2018-08-02 10:57:22,098] - Script::install_py_dlls(): PyInit__hashlib
 DEBUG root [2018-08-02 10:57:22,099] - Script::install_py_dlls(): PyInit_select
 DEBUG root [2018-08-02 10:57:22,099] - Script::install_py_dlls(): PyInit__ctypes
 DEBUG root [2018-08-02 10:57:22,100] - Script::install_py_dlls(): PyInit__elementtree
 DEBUG root [2018-08-02 10:57:22,157] - Script::install_py_dlls(): PyInit_unicodedata
  INFO root [2018-08-02 10:57:22,215] - Script::install(): is successfully, Python=(3.4.2 (default, Apr 30 2018, 16:26:41) [MSC v.1900 32 bit (Intel)])!
  INFO root [2018-08-02 10:57:22,215] - Script::install(): KBExtra is successfully!
S_INFO root [2018-08-02 10:57:22,234] - onInterfaceAppReady: bootstrapGroupIndex=0, bootstrapGlobalIndex=0
  INFO root [2018-08-02 10:57:22,266] - TelnetServer server is running on port 33000
  INFO root [2018-08-02 10:57:22,817] - ---- interfaces is running ----
 DEBUG root [2018-08-02 10:57:22,817] - Components::process(): Request for the process of identity...
  INFO root [2018-08-02 10:57:30,136] - Components::process(): Found all the components!
S_INFO root [2018-08-02 10:58:17,836] - onRequestAccountLogin: registerName=cxx
  WARN root [2018-08-02 11:01:40,983] - TCPPacketReceiver::processPendingEvents(127.0.0.1:2552): Throwing REASON_GENERAL_NETWORK - WSAECONNRESET
  INFO root [2018-08-02 11:01:42,932] - 
  INFO root [2018-08-02 11:01:42,933] - -----------------------------------------------------------------------------------------


  INFO root [2018-08-02 11:01:42,935] - Resmgr::initialize: KBE_ROOT=D:/kbengine/
  INFO root [2018-08-02 11:01:42,935] - Resmgr::initialize: KBE_RES_PATH=D:/kbengine/kbe/res/;D:/kbengine/assets_Battle of Gods/;D:/kbengine/assets_Battle of Gods/scripts/;D:/kbengine/assets_Battle of Gods/res/
  INFO root [2018-08-02 11:01:42,936] - Resmgr::initialize: KBE_BIN_PATH=D:/kbengine/kbe/bin/server/
  INFO root [2018-08-02 11:01:42,945] - NetworkInterface::initialize(INTERNAL): bound to all interfaces with default route interface on 192.168.1.103 ( 192.168.1.103:30099 )
  INFO root [2018-08-02 11:01:42,946] - NetworkInterface::initialize(INTERNAL): address 192.168.1.103:30099, SOMAXCONN=5.
  INFO root [2018-08-02 11:01:42,955] - ---- interfaces Version: 2.0.0. ScriptVersion: 0.1.0. Protocol: A3D4913C83C4082A29723B2DA267A5B0. Config: Debug X86. Built: 16:26:48 Apr 30 2018. AppID: 3000. UID: 10103. PID: 13596 ----
  INFO root [2018-08-02 11:01:42,955] - Server : Intel(R) Core(TM) i7-6700HQ CPU @ 2.60GHz with 2097151kB RAM
  INFO root [2018-08-02 11:01:42,956] - ThreadPool::createThreadPool: creating  threadpool...
  INFO root [2018-08-02 11:01:42,956] - ThreadPool::createThreadPool: successfully(2), newThreadCount=1, normalMaxThreadCount=2, maxThreadCount=8
 DEBUG root [2018-08-02 11:01:43,158] - Script::install_py_dlls(): PyInit_pyexpat
 DEBUG root [2018-08-02 11:01:43,159] - Script::install_py_dlls(): PyInit__socket
 DEBUG root [2018-08-02 11:01:43,159] - Script::install_py_dlls(): PyInit__ssl
 DEBUG root [2018-08-02 11:01:43,163] - Script::install_py_dlls(): PyInit__hashlib
 DEBUG root [2018-08-02 11:01:43,164] - Script::install_py_dlls(): PyInit_select
 DEBUG root [2018-08-02 11:01:43,164] - Script::install_py_dlls(): PyInit__ctypes
 DEBUG root [2018-08-02 11:01:43,164] - Script::install_py_dlls(): PyInit__elementtree
 DEBUG root [2018-08-02 11:01:43,229] - Script::install_py_dlls(): PyInit_unicodedata
  INFO root [2018-08-02 11:01:43,296] - Script::install(): is successfully, Python=(3.4.2 (default, Apr 30 2018, 16:26:41) [MSC v.1900 32 bit (Intel)])!
  INFO root [2018-08-02 11:01:43,296] - Script::install(): KBExtra is successfully!
S_INFO root [2018-08-02 11:01:43,312] - onInterfaceAppReady: bootstrapGroupIndex=0, bootstrapGlobalIndex=0
  INFO root [2018-08-02 11:01:43,325] - TelnetServer server is running on port 33000
  INFO root [2018-08-02 11:01:43,920] - ---- interfaces is running ----
 DEBUG root [2018-08-02 11:01:43,920] - Components::process(): Request for the process of identity...
  INFO root [2018-08-02 11:01:51,237] - Components::process(): Found all the components!
S_INFO root [2018-08-02 11:02:16,813] - onRequestAccountLogin: registerName=cxx
  WARN root [2018-08-02 11:07:12,808] - TCPPacketReceiver::processPendingEvents(127.0.0.1:2664): Throwing REASON_GENERAL_NETWORK - WSAECONNRESET
  INFO root [2018-08-02 11:07:14,764] - 
  INFO root [2018-08-02 11:07:14,765] - -----------------------------------------------------------------------------------------


  INFO root [2018-08-02 11:07:14,766] - Resmgr::initialize: KBE_ROOT=D:/kbengine/
  INFO root [2018-08-02 11:07:14,767] - Resmgr::initialize: KBE_RES_PATH=D:/kbengine/kbe/res/;D:/kbengine/assets_Battle of Gods/;D:/kbengine/assets_Battle of Gods/scripts/;D:/kbengine/assets_Battle of Gods/res/
  INFO root [2018-08-02 11:07:14,767] - Resmgr::initialize: KBE_BIN_PATH=D:/kbengine/kbe/bin/server/
  INFO root [2018-08-02 11:07:14,776] - NetworkInterface::initialize(INTERNAL): bound to all interfaces with default route interface on 192.168.1.103 ( 192.168.1.103:30099 )
  INFO root [2018-08-02 11:07:14,776] - NetworkInterface::initialize(INTERNAL): address 192.168.1.103:30099, SOMAXCONN=5.
  INFO root [2018-08-02 11:07:14,782] - ---- interfaces Version: 2.0.0. ScriptVersion: 0.1.0. Protocol: A3D4913C83C4082A29723B2DA267A5B0. Config: Debug X86. Built: 16:26:48 Apr 30 2018. AppID: 3000. UID: 10103. PID: 5700 ----
  INFO root [2018-08-02 11:07:14,783] - Server : Intel(R) Core(TM) i7-6700HQ CPU @ 2.60GHz with 2097151kB RAM
  INFO root [2018-08-02 11:07:14,783] - ThreadPool::createThreadPool: creating  threadpool...
  INFO root [2018-08-02 11:07:14,783] - ThreadPool::createThreadPool: successfully(2), newThreadCount=1, normalMaxThreadCount=2, maxThreadCount=8
 DEBUG root [2018-08-02 11:07:14,935] - Script::install_py_dlls(): PyInit_pyexpat
 DEBUG root [2018-08-02 11:07:14,936] - Script::install_py_dlls(): PyInit__socket
 DEBUG root [2018-08-02 11:07:14,936] - Script::install_py_dlls(): PyInit__ssl
 DEBUG root [2018-08-02 11:07:14,941] - Script::install_py_dlls(): PyInit__hashlib
 DEBUG root [2018-08-02 11:07:14,942] - Script::install_py_dlls(): PyInit_select
 DEBUG root [2018-08-02 11:07:14,942] - Script::install_py_dlls(): PyInit__ctypes
 DEBUG root [2018-08-02 11:07:14,943] - Script::install_py_dlls(): PyInit__elementtree
 DEBUG root [2018-08-02 11:07:14,996] - Script::install_py_dlls(): PyInit_unicodedata
  INFO root [2018-08-02 11:07:15,047] - Script::install(): is successfully, Python=(3.4.2 (default, Apr 30 2018, 16:26:41) [MSC v.1900 32 bit (Intel)])!
  INFO root [2018-08-02 11:07:15,048] - Script::install(): KBExtra is successfully!
S_INFO root [2018-08-02 11:07:15,066] - onInterfaceAppReady: bootstrapGroupIndex=0, bootstrapGlobalIndex=0
  INFO root [2018-08-02 11:07:15,079] - TelnetServer server is running on port 33000
  INFO root [2018-08-02 11:07:15,573] - ---- interfaces is running ----
 DEBUG root [2018-08-02 11:07:15,574] - Components::process(): Request for the process of identity...
  INFO root [2018-08-02 11:07:22,867] - Components::process(): Found all the components!
  WARN root [2018-08-02 11:12:53,246] - TCPPacketReceiver::processPendingEvents(127.0.0.1:2769): Throwing REASON_GENERAL_NETWORK - WSAECONNRESET
  INFO root [2018-08-02 11:12:55,284] - 
  INFO root [2018-08-02 11:12:55,284] - -----------------------------------------------------------------------------------------


  INFO root [2018-08-02 11:12:55,285] - Resmgr::initialize: KBE_ROOT=D:/kbengine/
  INFO root [2018-08-02 11:12:55,286] - Resmgr::initialize: KBE_RES_PATH=D:/kbengine/kbe/res/;D:/kbengine/assets_Battle of Gods/;D:/kbengine/assets_Battle of Gods/scripts/;D:/kbengine/assets_Battle of Gods/res/
  INFO root [2018-08-02 11:12:55,286] - Resmgr::initialize: KBE_BIN_PATH=D:/kbengine/kbe/bin/server/
  INFO root [2018-08-02 11:12:55,294] - NetworkInterface::initialize(INTERNAL): bound to all interfaces with default route interface on 192.168.1.103 ( 192.168.1.103:30099 )
  INFO root [2018-08-02 11:12:55,294] - NetworkInterface::initialize(INTERNAL): address 192.168.1.103:30099, SOMAXCONN=5.
  INFO root [2018-08-02 11:12:55,303] - ---- interfaces Version: 2.0.0. ScriptVersion: 0.1.0. Protocol: A3D4913C83C4082A29723B2DA267A5B0. Config: Debug X86. Built: 16:26:48 Apr 30 2018. AppID: 3000. UID: 10103. PID: 2360 ----
  INFO root [2018-08-02 11:12:55,304] - Server : Intel(R) Core(TM) i7-6700HQ CPU @ 2.60GHz with 2097151kB RAM
  INFO root [2018-08-02 11:12:55,305] - ThreadPool::createThreadPool: creating  threadpool...
  INFO root [2018-08-02 11:12:55,305] - ThreadPool::createThreadPool: successfully(2), newThreadCount=1, normalMaxThreadCount=2, maxThreadCount=8
 DEBUG root [2018-08-02 11:12:55,451] - Script::install_py_dlls(): PyInit_pyexpat
 DEBUG root [2018-08-02 11:12:55,452] - Script::install_py_dlls(): PyInit__socket
 DEBUG root [2018-08-02 11:12:55,453] - Script::install_py_dlls(): PyInit__ssl
 DEBUG root [2018-08-02 11:12:55,457] - Script::install_py_dlls(): PyInit__hashlib
 DEBUG root [2018-08-02 11:12:55,457] - Script::install_py_dlls(): PyInit_select
 DEBUG root [2018-08-02 11:12:55,458] - Script::install_py_dlls(): PyInit__ctypes
 DEBUG root [2018-08-02 11:12:55,458] - Script::install_py_dlls(): PyInit__elementtree
 DEBUG root [2018-08-02 11:12:55,516] - Script::install_py_dlls(): PyInit_unicodedata
  INFO root [2018-08-02 11:12:55,579] - Script::install(): is successfully, Python=(3.4.2 (default, Apr 30 2018, 16:26:41) [MSC v.1900 32 bit (Intel)])!
  INFO root [2018-08-02 11:12:55,579] - Script::install(): KBExtra is successfully!
S_INFO root [2018-08-02 11:12:55,593] - onInterfaceAppReady: bootstrapGroupIndex=0, bootstrapGlobalIndex=0
  INFO root [2018-08-02 11:12:55,606] - TelnetServer server is running on port 33000
  INFO root [2018-08-02 11:12:56,137] - ---- interfaces is running ----
 DEBUG root [2018-08-02 11:12:56,138] - Components::process(): Request for the process of identity...
  INFO root [2018-08-02 11:13:03,394] - Components::process(): Found all the components!
S_INFO root [2018-08-02 11:13:25,394] - onRequestAccountLogin: registerName=cxx
  WARN root [2018-08-02 11:16:02,339] - TCPPacketReceiver::processPendingEvents(127.0.0.1:2817): Throwing REASON_GENERAL_NETWORK - WSAECONNRESET
  INFO root [2018-08-02 11:16:04,353] - 
  INFO root [2018-08-02 11:16:04,353] - -----------------------------------------------------------------------------------------


  INFO root [2018-08-02 11:16:04,353] - Resmgr::initialize: KBE_ROOT=D:/kbengine/
  INFO root [2018-08-02 11:16:04,353] - Resmgr::initialize: KBE_RES_PATH=D:/kbengine/kbe/res/;D:/kbengine/assets_Battle of Gods/;D:/kbengine/assets_Battle of Gods/scripts/;D:/kbengine/assets_Battle of Gods/res/
  INFO root [2018-08-02 11:16:04,353] - Resmgr::initialize: KBE_BIN_PATH=D:/kbengine/kbe/bin/server/
  INFO root [2018-08-02 11:16:04,363] - NetworkInterface::initialize(INTERNAL): bound to all interfaces with default route interface on 192.168.1.103 ( 192.168.1.103:30099 )
  INFO root [2018-08-02 11:16:04,363] - NetworkInterface::initialize(INTERNAL): address 192.168.1.103:30099, SOMAXCONN=5.
  INFO root [2018-08-02 11:16:04,369] - ---- interfaces Version: 2.0.0. ScriptVersion: 0.1.0. Protocol: A3D4913C83C4082A29723B2DA267A5B0. Config: Debug X86. Built: 16:26:48 Apr 30 2018. AppID: 3000. UID: 10103. PID: 15384 ----
  INFO root [2018-08-02 11:16:04,369] - Server : Intel(R) Core(TM) i7-6700HQ CPU @ 2.60GHz with 2097151kB RAM
  INFO root [2018-08-02 11:16:04,369] - ThreadPool::createThreadPool: creating  threadpool...
  INFO root [2018-08-02 11:16:04,369] - ThreadPool::createThreadPool: successfully(2), newThreadCount=1, normalMaxThreadCount=2, maxThreadCount=8
 DEBUG root [2018-08-02 11:16:04,533] - Script::install_py_dlls(): PyInit_pyexpat
 DEBUG root [2018-08-02 11:16:04,533] - Script::install_py_dlls(): PyInit__socket
 DEBUG root [2018-08-02 11:16:04,533] - Script::install_py_dlls(): PyInit__ssl
 DEBUG root [2018-08-02 11:16:04,539] - Script::install_py_dlls(): PyInit__hashlib
 DEBUG root [2018-08-02 11:16:04,539] - Script::install_py_dlls(): PyInit_select
 DEBUG root [2018-08-02 11:16:04,539] - Script::install_py_dlls(): PyInit__ctypes
 DEBUG root [2018-08-02 11:16:04,539] - Script::install_py_dlls(): PyInit__elementtree
 DEBUG root [2018-08-02 11:16:04,603] - Script::install_py_dlls(): PyInit_unicodedata
  INFO root [2018-08-02 11:16:04,649] - Script::install(): is successfully, Python=(3.4.2 (default, Apr 30 2018, 16:26:41) [MSC v.1900 32 bit (Intel)])!
  INFO root [2018-08-02 11:16:04,649] - Script::install(): KBExtra is successfully!
S_INFO root [2018-08-02 11:16:04,669] - onInterfaceAppReady: bootstrapGroupIndex=0, bootstrapGlobalIndex=0
  INFO root [2018-08-02 11:16:04,683] - TelnetServer server is running on port 33000
  INFO root [2018-08-02 11:16:05,153] - ---- interfaces is running ----
 DEBUG root [2018-08-02 11:16:05,153] - Components::process(): Request for the process of identity...
  INFO root [2018-08-02 11:16:12,589] - Components::process(): Found all the components!
S_INFO root [2018-08-02 11:16:31,273] - onRequestAccountLogin: registerName=cxx
  WARN root [2018-08-02 11:16:59,009] - TCPPacketReceiver::processPendingEvents(127.0.0.1:2922): Throwing REASON_GENERAL_NETWORK - WSAECONNRESET
  INFO root [2018-08-02 11:17:00,939] - 
  INFO root [2018-08-02 11:17:00,939] - -----------------------------------------------------------------------------------------


  INFO root [2018-08-02 11:17:00,943] - Resmgr::initialize: KBE_ROOT=D:/kbengine/
  INFO root [2018-08-02 11:17:00,943] - Resmgr::initialize: KBE_RES_PATH=D:/kbengine/kbe/res/;D:/kbengine/assets_Battle of Gods/;D:/kbengine/assets_Battle of Gods/scripts/;D:/kbengine/assets_Battle of Gods/res/
  INFO root [2018-08-02 11:17:00,943] - Resmgr::initialize: KBE_BIN_PATH=D:/kbengine/kbe/bin/server/
  INFO root [2018-08-02 11:17:00,943] - NetworkInterface::initialize(INTERNAL): bound to all interfaces with default route interface on 192.168.1.103 ( 192.168.1.103:30099 )
  INFO root [2018-08-02 11:17:00,949] - NetworkInterface::initialize(INTERNAL): address 192.168.1.103:30099, SOMAXCONN=5.
  INFO root [2018-08-02 11:17:00,952] - ---- interfaces Version: 2.0.0. ScriptVersion: 0.1.0. Protocol: A3D4913C83C4082A29723B2DA267A5B0. Config: Debug X86. Built: 16:26:48 Apr 30 2018. AppID: 3000. UID: 10103. PID: 14388 ----
  INFO root [2018-08-02 11:17:00,959] - Server : Intel(R) Core(TM) i7-6700HQ CPU @ 2.60GHz with 2097151kB RAM
  INFO root [2018-08-02 11:17:00,959] - ThreadPool::createThreadPool: creating  threadpool...
  INFO root [2018-08-02 11:17:00,959] - ThreadPool::createThreadPool: successfully(2), newThreadCount=1, normalMaxThreadCount=2, maxThreadCount=8
 DEBUG root [2018-08-02 11:17:01,113] - Script::install_py_dlls(): PyInit_pyexpat
 DEBUG root [2018-08-02 11:17:01,113] - Script::install_py_dlls(): PyInit__socket
 DEBUG root [2018-08-02 11:17:01,113] - Script::install_py_dlls(): PyInit__ssl
 DEBUG root [2018-08-02 11:17:01,123] - Script::install_py_dlls(): PyInit__hashlib
 DEBUG root [2018-08-02 11:17:01,123] - Script::install_py_dlls(): PyInit_select
 DEBUG root [2018-08-02 11:17:01,123] - Script::install_py_dlls(): PyInit__ctypes
 DEBUG root [2018-08-02 11:17:01,123] - Script::install_py_dlls(): PyInit__elementtree
 DEBUG root [2018-08-02 11:17:01,181] - Script::install_py_dlls(): PyInit_unicodedata
  INFO root [2018-08-02 11:17:01,219] - Script::install(): is successfully, Python=(3.4.2 (default, Apr 30 2018, 16:26:41) [MSC v.1900 32 bit (Intel)])!
  INFO root [2018-08-02 11:17:01,219] - Script::install(): KBExtra is successfully!
S_INFO root [2018-08-02 11:17:01,239] - onInterfaceAppReady: bootstrapGroupIndex=0, bootstrapGlobalIndex=0
  INFO root [2018-08-02 11:17:01,253] - TelnetServer server is running on port 33000
  INFO root [2018-08-02 11:17:01,841] - ---- interfaces is running ----
 DEBUG root [2018-08-02 11:17:01,841] - Components::process(): Request for the process of identity...
  INFO root [2018-08-02 11:17:09,459] - Components::process(): Found all the components!
S_INFO root [2018-08-02 11:17:18,540] - onRequestCreateAccount: registerName=cxx
S_INFO root [2018-08-02 11:17:23,741] - onRequestAccountLogin: registerName=cxx
S_INFO root [2018-08-02 11:19:18,841] - onRequestAccountLogin: registerName=cxx
S_INFO root [2018-08-02 11:20:54,442] - onRequestAccountLogin: registerName=cxx
  WARN root [2018-08-02 11:25:50,950] - TCPPacketReceiver::processPendingEvents(127.0.0.1:2992): Throwing REASON_GENERAL_NETWORK - WSAECONNRESET
