  INFO root [2018-05-10 21:46:39,612] - 
  INFO root [2018-05-10 21:46:39,614] - -----------------------------------------------------------------------------------------


  INFO root [2018-05-10 21:46:39,620] - Resmgr::initialize: KBE_ROOT=D:/kbengine/
  INFO root [2018-05-10 21:46:39,620] - Resmgr::initialize: KBE_RES_PATH=D:/kbengine/kbe/res/;D:/kbengine/assets_Battle of Gods/;D:/kbengine/assets_Battle of Gods/scripts/;D:/kbengine/assets_Battle of Gods/res/
  INFO root [2018-05-10 21:46:39,621] - Resmgr::initialize: KBE_BIN_PATH=D:/kbengine/kbe/bin/server/
  INFO root [2018-05-10 21:46:39,628] - NetworkInterface::initialize(INTERNAL): bound to all interfaces with default route interface on 10.1.9.9 ( 10.1.9.9:30099 )
  INFO root [2018-05-10 21:46:39,638] - NetworkInterface::initialize(INTERNAL): address 10.1.9.9:30099, SOMAXCONN=5.
  INFO root [2018-05-10 21:46:39,646] - ---- interfaces Version: 2.0.0. ScriptVersion: 0.1.0. Protocol: A3D4913C83C4082A29723B2DA267A5B0. Config: Debug X86. Built: 16:26:48 Apr 30 2018. AppID: 3000. UID: 10103. PID: 8176 ----
  INFO root [2018-05-10 21:46:39,647] - Server : Intel(R) Core(TM) i7-6700HQ CPU @ 2.60GHz with 2097151kB RAM
  INFO root [2018-05-10 21:46:39,649] - ThreadPool::createThreadPool: creating  threadpool...
  INFO root [2018-05-10 21:46:39,650] - ThreadPool::createThreadPool: successfully(2), newThreadCount=1, normalMaxThreadCount=2, maxThreadCount=8
 DEBUG root [2018-05-10 21:46:39,874] - Script::install_py_dlls(): PyInit_pyexpat
 DEBUG root [2018-05-10 21:46:39,875] - Script::install_py_dlls(): PyInit__socket
 DEBUG root [2018-05-10 21:46:39,876] - Script::install_py_dlls(): PyInit__ssl
 DEBUG root [2018-05-10 21:46:39,886] - Script::install_py_dlls(): PyInit__hashlib
 DEBUG root [2018-05-10 21:46:39,889] - Script::install_py_dlls(): PyInit_select
 DEBUG root [2018-05-10 21:46:39,889] - Script::install_py_dlls(): PyInit__ctypes
 DEBUG root [2018-05-10 21:46:39,890] - Script::install_py_dlls(): PyInit__elementtree
 DEBUG root [2018-05-10 21:46:40,048] - Script::install_py_dlls(): PyInit_unicodedata
  INFO root [2018-05-10 21:46:40,252] - Script::install(): is successfully, Python=(3.4.2 (default, Apr 30 2018, 16:26:41) [MSC v.1900 32 bit (Intel)])!
  INFO root [2018-05-10 21:46:40,255] - Script::install(): KBExtra is successfully!
S_INFO root [2018-05-10 21:46:40,442] - onInterfaceAppReady: bootstrapGroupIndex=0, bootstrapGlobalIndex=0
  INFO root [2018-05-10 21:46:40,549] - TelnetServer server is running on port 33000
  WARN root [2018-05-10 21:46:40,550] - interfaces.cpp:146: Profile scriptCall took 0.11 seconds
  INFO root [2018-05-10 21:46:41,687] - ---- interfaces is running ----
 DEBUG root [2018-05-10 21:46:41,687] - Components::process(): Request for the process of identity...
  INFO root [2018-05-10 21:46:49,122] - Components::process(): Found all the components!
  WARN root [2018-05-10 21:48:34,530] - TCPPacketReceiver::processPendingEvents(127.0.0.1:30361): Throwing REASON_GENERAL_NETWORK - WSAECONNRESET
  INFO root [2018-05-10 21:48:37,545] - 
  INFO root [2018-05-10 21:48:37,547] - -----------------------------------------------------------------------------------------


  INFO root [2018-05-10 21:48:37,549] - Resmgr::initialize: KBE_ROOT=D:/kbengine/
  INFO root [2018-05-10 21:48:37,549] - Resmgr::initialize: KBE_RES_PATH=D:/kbengine/kbe/res/;D:/kbengine/assets_Battle of Gods/;D:/kbengine/assets_Battle of Gods/scripts/;D:/kbengine/assets_Battle of Gods/res/
  INFO root [2018-05-10 21:48:37,549] - Resmgr::initialize: KBE_BIN_PATH=D:/kbengine/kbe/bin/server/
  INFO root [2018-05-10 21:48:37,557] - NetworkInterface::initialize(INTERNAL): bound to all interfaces with default route interface on 10.1.9.9 ( 10.1.9.9:30099 )
  INFO root [2018-05-10 21:48:37,559] - NetworkInterface::initialize(INTERNAL): address 10.1.9.9:30099, SOMAXCONN=5.
  INFO root [2018-05-10 21:48:37,571] - ---- interfaces Version: 2.0.0. ScriptVersion: 0.1.0. Protocol: A3D4913C83C4082A29723B2DA267A5B0. Config: Debug X86. Built: 16:26:48 Apr 30 2018. AppID: 3000. UID: 10103. PID: 1112 ----
  INFO root [2018-05-10 21:48:37,571] - Server : Intel(R) Core(TM) i7-6700HQ CPU @ 2.60GHz with 2097151kB RAM
  INFO root [2018-05-10 21:48:37,572] - ThreadPool::createThreadPool: creating  threadpool...
  INFO root [2018-05-10 21:48:37,572] - ThreadPool::createThreadPool: successfully(2), newThreadCount=1, normalMaxThreadCount=2, maxThreadCount=8
 DEBUG root [2018-05-10 21:48:37,781] - Script::install_py_dlls(): PyInit_pyexpat
 DEBUG root [2018-05-10 21:48:37,785] - Script::install_py_dlls(): PyInit__socket
 DEBUG root [2018-05-10 21:48:37,786] - Script::install_py_dlls(): PyInit__ssl
 DEBUG root [2018-05-10 21:48:37,795] - Script::install_py_dlls(): PyInit__hashlib
 DEBUG root [2018-05-10 21:48:37,796] - Script::install_py_dlls(): PyInit_select
 DEBUG root [2018-05-10 21:48:37,797] - Script::install_py_dlls(): PyInit__ctypes
 DEBUG root [2018-05-10 21:48:37,799] - Script::install_py_dlls(): PyInit__elementtree
 DEBUG root [2018-05-10 21:48:37,886] - Script::install_py_dlls(): PyInit_unicodedata
  INFO root [2018-05-10 21:48:37,963] - Script::install(): is successfully, Python=(3.4.2 (default, Apr 30 2018, 16:26:41) [MSC v.1900 32 bit (Intel)])!
  INFO root [2018-05-10 21:48:37,963] - Script::install(): KBExtra is successfully!
S_INFO root [2018-05-10 21:48:37,986] - onInterfaceAppReady: bootstrapGroupIndex=0, bootstrapGlobalIndex=0
  INFO root [2018-05-10 21:48:38,001] - TelnetServer server is running on port 33000
  INFO root [2018-05-10 21:48:38,820] - ---- interfaces is running ----
 DEBUG root [2018-05-10 21:48:38,820] - Components::process(): Request for the process of identity...
  INFO root [2018-05-10 21:48:46,150] - Components::process(): Found all the components!
  WARN root [2018-05-10 21:56:22,542] - TCPPacketReceiver::processPendingEvents(127.0.0.1:30428): Throwing REASON_GENERAL_NETWORK - WSAECONNRESET
  INFO root [2018-05-10 21:56:25,057] - 
  INFO root [2018-05-10 21:56:25,058] - -----------------------------------------------------------------------------------------


  INFO root [2018-05-10 21:56:25,059] - Resmgr::initialize: KBE_ROOT=D:/kbengine/
  INFO root [2018-05-10 21:56:25,060] - Resmgr::initialize: KBE_RES_PATH=D:/kbengine/kbe/res/;D:/kbengine/assets_Battle of Gods/;D:/kbengine/assets_Battle of Gods/scripts/;D:/kbengine/assets_Battle of Gods/res/
  INFO root [2018-05-10 21:56:25,060] - Resmgr::initialize: KBE_BIN_PATH=D:/kbengine/kbe/bin/server/
  INFO root [2018-05-10 21:56:25,071] - NetworkInterface::initialize(INTERNAL): bound to all interfaces with default route interface on 10.1.9.9 ( 10.1.9.9:30099 )
  INFO root [2018-05-10 21:56:25,071] - NetworkInterface::initialize(INTERNAL): address 10.1.9.9:30099, SOMAXCONN=5.
  INFO root [2018-05-10 21:56:25,083] - ---- interfaces Version: 2.0.0. ScriptVersion: 0.1.0. Protocol: A3D4913C83C4082A29723B2DA267A5B0. Config: Debug X86. Built: 16:26:48 Apr 30 2018. AppID: 3000. UID: 10103. PID: 8564 ----
  INFO root [2018-05-10 21:56:25,085] - Server : Intel(R) Core(TM) i7-6700HQ CPU @ 2.60GHz with 2097151kB RAM
  INFO root [2018-05-10 21:56:25,086] - ThreadPool::createThreadPool: creating  threadpool...
  INFO root [2018-05-10 21:56:25,086] - ThreadPool::createThreadPool: successfully(2), newThreadCount=1, normalMaxThreadCount=2, maxThreadCount=8
 DEBUG root [2018-05-10 21:56:25,243] - Script::install_py_dlls(): PyInit_pyexpat
 DEBUG root [2018-05-10 21:56:25,244] - Script::install_py_dlls(): PyInit__socket
 DEBUG root [2018-05-10 21:56:25,245] - Script::install_py_dlls(): PyInit__ssl
 DEBUG root [2018-05-10 21:56:25,251] - Script::install_py_dlls(): PyInit__hashlib
 DEBUG root [2018-05-10 21:56:25,251] - Script::install_py_dlls(): PyInit_select
 DEBUG root [2018-05-10 21:56:25,251] - Script::install_py_dlls(): PyInit__ctypes
 DEBUG root [2018-05-10 21:56:25,252] - Script::install_py_dlls(): PyInit__elementtree
 DEBUG root [2018-05-10 21:56:25,321] - Script::install_py_dlls(): PyInit_unicodedata
  INFO root [2018-05-10 21:56:25,394] - Script::install(): is successfully, Python=(3.4.2 (default, Apr 30 2018, 16:26:41) [MSC v.1900 32 bit (Intel)])!
  INFO root [2018-05-10 21:56:25,394] - Script::install(): KBExtra is successfully!
S_INFO root [2018-05-10 21:56:25,413] - onInterfaceAppReady: bootstrapGroupIndex=0, bootstrapGlobalIndex=0
  INFO root [2018-05-10 21:56:25,426] - TelnetServer server is running on port 33000
  INFO root [2018-05-10 21:56:26,127] - ---- interfaces is running ----
 DEBUG root [2018-05-10 21:56:26,128] - Components::process(): Request for the process of identity...
  INFO root [2018-05-10 21:56:33,513] - Components::process(): Found all the components!
  WARN root [2018-05-10 21:58:17,544] - TCPPacketReceiver::processPendingEvents(127.0.0.1:30573): Throwing REASON_GENERAL_NETWORK - WSAECONNRESET
  INFO root [2018-05-10 21:58:19,965] - 
  INFO root [2018-05-10 21:58:19,965] - -----------------------------------------------------------------------------------------


  INFO root [2018-05-10 21:58:19,967] - Resmgr::initialize: KBE_ROOT=D:/kbengine/
  INFO root [2018-05-10 21:58:19,967] - Resmgr::initialize: KBE_RES_PATH=D:/kbengine/kbe/res/;D:/kbengine/assets_Battle of Gods/;D:/kbengine/assets_Battle of Gods/scripts/;D:/kbengine/assets_Battle of Gods/res/
  INFO root [2018-05-10 21:58:19,967] - Resmgr::initialize: KBE_BIN_PATH=D:/kbengine/kbe/bin/server/
  INFO root [2018-05-10 21:58:19,973] - NetworkInterface::initialize(INTERNAL): bound to all interfaces with default route interface on 10.1.9.9 ( 10.1.9.9:30099 )
  INFO root [2018-05-10 21:58:19,974] - NetworkInterface::initialize(INTERNAL): address 10.1.9.9:30099, SOMAXCONN=5.
  INFO root [2018-05-10 21:58:19,981] - ---- interfaces Version: 2.0.0. ScriptVersion: 0.1.0. Protocol: A3D4913C83C4082A29723B2DA267A5B0. Config: Debug X86. Built: 16:26:48 Apr 30 2018. AppID: 3000. UID: 10103. PID: 13072 ----
  INFO root [2018-05-10 21:58:19,982] - Server : Intel(R) Core(TM) i7-6700HQ CPU @ 2.60GHz with 2097151kB RAM
  INFO root [2018-05-10 21:58:19,982] - ThreadPool::createThreadPool: creating  threadpool...
  INFO root [2018-05-10 21:58:19,982] - ThreadPool::createThreadPool: successfully(2), newThreadCount=1, normalMaxThreadCount=2, maxThreadCount=8
 DEBUG root [2018-05-10 21:58:20,152] - Script::install_py_dlls(): PyInit_pyexpat
 DEBUG root [2018-05-10 21:58:20,153] - Script::install_py_dlls(): PyInit__socket
 DEBUG root [2018-05-10 21:58:20,154] - Script::install_py_dlls(): PyInit__ssl
 DEBUG root [2018-05-10 21:58:20,160] - Script::install_py_dlls(): PyInit__hashlib
 DEBUG root [2018-05-10 21:58:20,161] - Script::install_py_dlls(): PyInit_select
 DEBUG root [2018-05-10 21:58:20,163] - Script::install_py_dlls(): PyInit__ctypes
 DEBUG root [2018-05-10 21:58:20,165] - Script::install_py_dlls(): PyInit__elementtree
 DEBUG root [2018-05-10 21:58:20,232] - Script::install_py_dlls(): PyInit_unicodedata
  INFO root [2018-05-10 21:58:20,294] - Script::install(): is successfully, Python=(3.4.2 (default, Apr 30 2018, 16:26:41) [MSC v.1900 32 bit (Intel)])!
  INFO root [2018-05-10 21:58:20,296] - Script::install(): KBExtra is successfully!
S_INFO root [2018-05-10 21:58:20,317] - onInterfaceAppReady: bootstrapGroupIndex=0, bootstrapGlobalIndex=0
  INFO root [2018-05-10 21:58:20,332] - TelnetServer server is running on port 33000
  INFO root [2018-05-10 21:58:20,989] - ---- interfaces is running ----
 DEBUG root [2018-05-10 21:58:20,990] - Components::process(): Request for the process of identity...
  INFO root [2018-05-10 21:58:28,368] - Components::process(): Found all the components!
  WARN root [2018-05-10 21:58:50,413] - TCPPacketReceiver::processPendingEvents(127.0.0.1:30626): Throwing REASON_GENERAL_NETWORK - WSAECONNRESET
  INFO root [2018-05-10 21:58:52,980] - 
  INFO root [2018-05-10 21:58:52,987] - -----------------------------------------------------------------------------------------


  INFO root [2018-05-10 21:58:52,990] - Resmgr::initialize: KBE_ROOT=D:/kbengine/
  INFO root [2018-05-10 21:58:52,991] - Resmgr::initialize: KBE_RES_PATH=D:/kbengine/kbe/res/;D:/kbengine/assets_Battle of Gods/;D:/kbengine/assets_Battle of Gods/scripts/;D:/kbengine/assets_Battle of Gods/res/
  INFO root [2018-05-10 21:58:52,991] - Resmgr::initialize: KBE_BIN_PATH=D:/kbengine/kbe/bin/server/
  INFO root [2018-05-10 21:58:53,028] - NetworkInterface::initialize(INTERNAL): bound to all interfaces with default route interface on 10.1.9.9 ( 10.1.9.9:30099 )
  INFO root [2018-05-10 21:58:53,030] - NetworkInterface::initialize(INTERNAL): address 10.1.9.9:30099, SOMAXCONN=5.
  INFO root [2018-05-10 21:58:53,072] - ---- interfaces Version: 2.0.0. ScriptVersion: 0.1.0. Protocol: A3D4913C83C4082A29723B2DA267A5B0. Config: Debug X86. Built: 16:26:48 Apr 30 2018. AppID: 3000. UID: 10103. PID: 8184 ----
  INFO root [2018-05-10 21:58:53,073] - Server : Intel(R) Core(TM) i7-6700HQ CPU @ 2.60GHz with 2097151kB RAM
  INFO root [2018-05-10 21:58:53,074] - ThreadPool::createThreadPool: creating  threadpool...
  INFO root [2018-05-10 21:58:53,074] - ThreadPool::createThreadPool: successfully(2), newThreadCount=1, normalMaxThreadCount=2, maxThreadCount=8
 DEBUG root [2018-05-10 21:58:53,260] - Script::install_py_dlls(): PyInit_pyexpat
 DEBUG root [2018-05-10 21:58:53,261] - Script::install_py_dlls(): PyInit__socket
 DEBUG root [2018-05-10 21:58:53,262] - Script::install_py_dlls(): PyInit__ssl
 DEBUG root [2018-05-10 21:58:53,270] - Script::install_py_dlls(): PyInit__hashlib
 DEBUG root [2018-05-10 21:58:53,270] - Script::install_py_dlls(): PyInit_select
 DEBUG root [2018-05-10 21:58:53,270] - Script::install_py_dlls(): PyInit__ctypes
 DEBUG root [2018-05-10 21:58:53,271] - Script::install_py_dlls(): PyInit__elementtree
 DEBUG root [2018-05-10 21:58:53,340] - Script::install_py_dlls(): PyInit_unicodedata
  INFO root [2018-05-10 21:58:53,414] - Script::install(): is successfully, Python=(3.4.2 (default, Apr 30 2018, 16:26:41) [MSC v.1900 32 bit (Intel)])!
  INFO root [2018-05-10 21:58:53,415] - Script::install(): KBExtra is successfully!
S_INFO root [2018-05-10 21:58:53,445] - onInterfaceAppReady: bootstrapGroupIndex=0, bootstrapGlobalIndex=0
  INFO root [2018-05-10 21:58:53,470] - TelnetServer server is running on port 33000
  INFO root [2018-05-10 21:58:54,238] - ---- interfaces is running ----
 DEBUG root [2018-05-10 21:58:54,239] - Components::process(): Request for the process of identity...
  INFO root [2018-05-10 21:59:01,612] - Components::process(): Found all the components!
  WARN root [2018-05-10 22:00:24,212] - TCPPacketReceiver::processPendingEvents(127.0.0.1:30659): Throwing REASON_GENERAL_NETWORK - WSAECONNRESET
  INFO root [2018-05-10 22:04:02,868] - 
  INFO root [2018-05-10 22:04:02,882] - -----------------------------------------------------------------------------------------


  INFO root [2018-05-10 22:04:02,884] - Resmgr::initialize: KBE_ROOT=D:/kbengine/
  INFO root [2018-05-10 22:04:02,884] - Resmgr::initialize: KBE_RES_PATH=D:/kbengine/kbe/res/;D:/kbengine/assets_Battle of Gods/;D:/kbengine/assets_Battle of Gods/scripts/;D:/kbengine/assets_Battle of Gods/res/
  INFO root [2018-05-10 22:04:02,884] - Resmgr::initialize: KBE_BIN_PATH=D:/kbengine/kbe/bin/server/
  INFO root [2018-05-10 22:04:02,932] - NetworkInterface::initialize(INTERNAL): bound to all interfaces with default route interface on 10.1.9.9 ( 10.1.9.9:30099 )
  INFO root [2018-05-10 22:04:02,933] - NetworkInterface::initialize(INTERNAL): address 10.1.9.9:30099, SOMAXCONN=5.
  INFO root [2018-05-10 22:04:02,946] - ---- interfaces Version: 2.0.0. ScriptVersion: 0.1.0. Protocol: A3D4913C83C4082A29723B2DA267A5B0. Config: Debug X86. Built: 16:26:48 Apr 30 2018. AppID: 3000. UID: 10103. PID: 2460 ----
  INFO root [2018-05-10 22:04:02,949] - Server : Intel(R) Core(TM) i7-6700HQ CPU @ 2.60GHz with 2097151kB RAM
  INFO root [2018-05-10 22:04:02,959] - ThreadPool::createThreadPool: creating  threadpool...
  INFO root [2018-05-10 22:04:02,960] - ThreadPool::createThreadPool: successfully(2), newThreadCount=1, normalMaxThreadCount=2, maxThreadCount=8
 DEBUG root [2018-05-10 22:04:03,160] - Script::install_py_dlls(): PyInit_pyexpat
 DEBUG root [2018-05-10 22:04:03,161] - Script::install_py_dlls(): PyInit__socket
 DEBUG root [2018-05-10 22:04:03,162] - Script::install_py_dlls(): PyInit__ssl
 DEBUG root [2018-05-10 22:04:03,167] - Script::install_py_dlls(): PyInit__hashlib
 DEBUG root [2018-05-10 22:04:03,168] - Script::install_py_dlls(): PyInit_select
 DEBUG root [2018-05-10 22:04:03,169] - Script::install_py_dlls(): PyInit__ctypes
 DEBUG root [2018-05-10 22:04:03,170] - Script::install_py_dlls(): PyInit__elementtree
 DEBUG root [2018-05-10 22:04:03,280] - Script::install_py_dlls(): PyInit_unicodedata
  INFO root [2018-05-10 22:04:03,374] - Script::install(): is successfully, Python=(3.4.2 (default, Apr 30 2018, 16:26:41) [MSC v.1900 32 bit (Intel)])!
  INFO root [2018-05-10 22:04:03,375] - Script::install(): KBExtra is successfully!
S_INFO root [2018-05-10 22:04:03,397] - onInterfaceAppReady: bootstrapGroupIndex=0, bootstrapGlobalIndex=0
  INFO root [2018-05-10 22:04:03,419] - TelnetServer server is running on port 33000
  INFO root [2018-05-10 22:04:04,150] - ---- interfaces is running ----
 DEBUG root [2018-05-10 22:04:04,150] - Components::process(): Request for the process of identity...
  INFO root [2018-05-10 22:04:11,506] - Components::process(): Found all the components!
S_INFO root [2018-05-10 22:05:48,597] - onRequestAccountLogin: registerName=cxx
  WARN root [2018-05-10 22:07:13,898] - TCPPacketReceiver::processPendingEvents(127.0.0.1:30798): Throwing REASON_GENERAL_NETWORK - WSAECONNRESET
  INFO root [2018-05-10 22:07:15,947] - 
  INFO root [2018-05-10 22:07:15,949] - -----------------------------------------------------------------------------------------


  INFO root [2018-05-10 22:07:15,952] - Resmgr::initialize: KBE_ROOT=D:/kbengine/
  INFO root [2018-05-10 22:07:15,953] - Resmgr::initialize: KBE_RES_PATH=D:/kbengine/kbe/res/;D:/kbengine/assets_Battle of Gods/;D:/kbengine/assets_Battle of Gods/scripts/;D:/kbengine/assets_Battle of Gods/res/
  INFO root [2018-05-10 22:07:15,953] - Resmgr::initialize: KBE_BIN_PATH=D:/kbengine/kbe/bin/server/
  INFO root [2018-05-10 22:07:15,962] - NetworkInterface::initialize(INTERNAL): bound to all interfaces with default route interface on 10.1.9.9 ( 10.1.9.9:30099 )
  INFO root [2018-05-10 22:07:15,962] - NetworkInterface::initialize(INTERNAL): address 10.1.9.9:30099, SOMAXCONN=5.
  INFO root [2018-05-10 22:07:15,971] - ---- interfaces Version: 2.0.0. ScriptVersion: 0.1.0. Protocol: A3D4913C83C4082A29723B2DA267A5B0. Config: Debug X86. Built: 16:26:48 Apr 30 2018. AppID: 3000. UID: 10103. PID: 11736 ----
  INFO root [2018-05-10 22:07:15,971] - Server : Intel(R) Core(TM) i7-6700HQ CPU @ 2.60GHz with 2097151kB RAM
  INFO root [2018-05-10 22:07:15,972] - ThreadPool::createThreadPool: creating  threadpool...
  INFO root [2018-05-10 22:07:15,972] - ThreadPool::createThreadPool: successfully(2), newThreadCount=1, normalMaxThreadCount=2, maxThreadCount=8
 DEBUG root [2018-05-10 22:07:16,228] - Script::install_py_dlls(): PyInit_pyexpat
 DEBUG root [2018-05-10 22:07:16,230] - Script::install_py_dlls(): PyInit__socket
 DEBUG root [2018-05-10 22:07:16,231] - Script::install_py_dlls(): PyInit__ssl
 DEBUG root [2018-05-10 22:07:16,242] - Script::install_py_dlls(): PyInit__hashlib
 DEBUG root [2018-05-10 22:07:16,242] - Script::install_py_dlls(): PyInit_select
 DEBUG root [2018-05-10 22:07:16,243] - Script::install_py_dlls(): PyInit__ctypes
 DEBUG root [2018-05-10 22:07:16,244] - Script::install_py_dlls(): PyInit__elementtree
 DEBUG root [2018-05-10 22:07:16,354] - Script::install_py_dlls(): PyInit_unicodedata
  INFO root [2018-05-10 22:07:16,442] - Script::install(): is successfully, Python=(3.4.2 (default, Apr 30 2018, 16:26:41) [MSC v.1900 32 bit (Intel)])!
  INFO root [2018-05-10 22:07:16,442] - Script::install(): KBExtra is successfully!
S_INFO root [2018-05-10 22:07:16,464] - onInterfaceAppReady: bootstrapGroupIndex=0, bootstrapGlobalIndex=0
  INFO root [2018-05-10 22:07:16,480] - TelnetServer server is running on port 33000
  INFO root [2018-05-10 22:07:17,030] - ---- interfaces is running ----
 DEBUG root [2018-05-10 22:07:17,030] - Components::process(): Request for the process of identity...
  INFO root [2018-05-10 22:07:24,461] - Components::process(): Found all the components!
S_INFO root [2018-05-10 22:07:54,765] - onRequestAccountLogin: registerName=cxx
