  INFO root [2018-05-13 09:05:17,309] - 
  INFO root [2018-05-13 09:05:17,309] - -----------------------------------------------------------------------------------------


  INFO root [2018-05-13 09:05:17,311] - Resmgr::initialize: KBE_ROOT=D:/kbengine/
  INFO root [2018-05-13 09:05:17,311] - Resmgr::initialize: KBE_RES_PATH=D:/kbengine/kbe/res/;D:/kbengine/assets_Battle of Gods/;D:/kbengine/assets_Battle of Gods/scripts/;D:/kbengine/assets_Battle of Gods/res/
  INFO root [2018-05-13 09:05:17,311] - Resmgr::initialize: KBE_BIN_PATH=D:/kbengine/kbe/bin/server/
  INFO root [2018-05-13 09:05:17,318] - NetworkInterface::initialize(INTERNAL): bound to all interfaces with default route interface on 10.139.100.106 ( 10.139.100.106:30099 )
  INFO root [2018-05-13 09:05:17,353] - NetworkInterface::initialize(INTERNAL): address 10.139.100.106:30099, SOMAXCONN=5.
  INFO root [2018-05-13 09:05:17,359] - ---- interfaces Version: 2.0.0. ScriptVersion: 0.1.0. Protocol: A3D4913C83C4082A29723B2DA267A5B0. Config: Debug X86. Built: 16:26:48 Apr 30 2018. AppID: 3000. UID: 10103. PID: 7024 ----
  INFO root [2018-05-13 09:05:17,359] - Server : Intel(R) Core(TM) i7-6700HQ CPU @ 2.60GHz with 2097151kB RAM
  INFO root [2018-05-13 09:05:17,360] - ThreadPool::createThreadPool: creating  threadpool...
  INFO root [2018-05-13 09:05:17,360] - ThreadPool::createThreadPool: successfully(2), newThreadCount=1, normalMaxThreadCount=2, maxThreadCount=8
 DEBUG root [2018-05-13 09:05:17,520] - Script::install_py_dlls(): PyInit_pyexpat
 DEBUG root [2018-05-13 09:05:17,521] - Script::install_py_dlls(): PyInit__socket
 DEBUG root [2018-05-13 09:05:17,521] - Script::install_py_dlls(): PyInit__ssl
 DEBUG root [2018-05-13 09:05:17,526] - Script::install_py_dlls(): PyInit__hashlib
 DEBUG root [2018-05-13 09:05:17,527] - Script::install_py_dlls(): PyInit_select
 DEBUG root [2018-05-13 09:05:17,527] - Script::install_py_dlls(): PyInit__ctypes
 DEBUG root [2018-05-13 09:05:17,529] - Script::install_py_dlls(): PyInit__elementtree
 DEBUG root [2018-05-13 09:05:17,734] - Script::install_py_dlls(): PyInit_unicodedata
  INFO root [2018-05-13 09:05:18,936] - Script::install(): is successfully, Python=(3.4.2 (default, Apr 30 2018, 16:26:41) [MSC v.1900 32 bit (Intel)])!
  INFO root [2018-05-13 09:05:18,937] - Script::install(): KBExtra is successfully!
S_INFO root [2018-05-13 09:05:19,538] - onInterfaceAppReady: bootstrapGroupIndex=0, bootstrapGlobalIndex=0
  INFO root [2018-05-13 09:05:20,077] - TelnetServer server is running on port 33000
  WARN root [2018-05-13 09:05:20,078] - interfaces.cpp:146: Profile scriptCall took 0.54 seconds
  INFO root [2018-05-13 09:05:20,759] - ---- interfaces is running ----
 DEBUG root [2018-05-13 09:05:20,779] - Components::process(): Request for the process of identity...
  INFO root [2018-05-13 09:05:28,225] - Components::process(): Found all the components!
  INFO root [2018-05-13 09:05:45,241] - 
  INFO root [2018-05-13 09:05:45,242] - -----------------------------------------------------------------------------------------


  INFO root [2018-05-13 09:05:45,243] - Resmgr::initialize: KBE_ROOT=D:/kbengine/
  INFO root [2018-05-13 09:05:45,243] - Resmgr::initialize: KBE_RES_PATH=D:/kbengine/kbe/res/;D:/kbengine/assets_Battle of Gods/;D:/kbengine/assets_Battle of Gods/scripts/;D:/kbengine/assets_Battle of Gods/res/
  INFO root [2018-05-13 09:05:45,243] - Resmgr::initialize: KBE_BIN_PATH=D:/kbengine/kbe/bin/server/
  INFO root [2018-05-13 09:05:45,251] - NetworkInterface::initialize(INTERNAL): bound to all interfaces with default route interface on 10.139.100.106 ( 10.139.100.106:30099 )
  INFO root [2018-05-13 09:05:45,251] - NetworkInterface::initialize(INTERNAL): address 10.139.100.106:30099, SOMAXCONN=5.
  INFO root [2018-05-13 09:05:45,260] - ---- interfaces Version: 2.0.0. ScriptVersion: 0.1.0. Protocol: A3D4913C83C4082A29723B2DA267A5B0. Config: Debug X86. Built: 16:26:48 Apr 30 2018. AppID: 3000. UID: 10103. PID: 5816 ----
  INFO root [2018-05-13 09:05:45,262] - Server : Intel(R) Core(TM) i7-6700HQ CPU @ 2.60GHz with 2097151kB RAM
  INFO root [2018-05-13 09:05:45,262] - ThreadPool::createThreadPool: creating  threadpool...
  INFO root [2018-05-13 09:05:45,263] - ThreadPool::createThreadPool: successfully(2), newThreadCount=1, normalMaxThreadCount=2, maxThreadCount=8
 DEBUG root [2018-05-13 09:05:45,446] - Script::install_py_dlls(): PyInit_pyexpat
 DEBUG root [2018-05-13 09:05:45,447] - Script::install_py_dlls(): PyInit__socket
 DEBUG root [2018-05-13 09:05:45,448] - Script::install_py_dlls(): PyInit__ssl
 DEBUG root [2018-05-13 09:05:45,455] - Script::install_py_dlls(): PyInit__hashlib
 DEBUG root [2018-05-13 09:05:45,456] - Script::install_py_dlls(): PyInit_select
 DEBUG root [2018-05-13 09:05:45,456] - Script::install_py_dlls(): PyInit__ctypes
 DEBUG root [2018-05-13 09:05:45,457] - Script::install_py_dlls(): PyInit__elementtree
 DEBUG root [2018-05-13 09:05:45,552] - Script::install_py_dlls(): PyInit_unicodedata
  INFO root [2018-05-13 09:05:45,649] - Script::install(): is successfully, Python=(3.4.2 (default, Apr 30 2018, 16:26:41) [MSC v.1900 32 bit (Intel)])!
  INFO root [2018-05-13 09:05:45,649] - Script::install(): KBExtra is successfully!
S_INFO root [2018-05-13 09:05:45,676] - onInterfaceAppReady: bootstrapGroupIndex=0, bootstrapGlobalIndex=0
  INFO root [2018-05-13 09:05:45,693] - TelnetServer server is running on port 33000
  INFO root [2018-05-13 09:05:52,143] - 
  INFO root [2018-05-13 09:05:52,143] - -----------------------------------------------------------------------------------------


  INFO root [2018-05-13 09:05:52,144] - Resmgr::initialize: KBE_ROOT=D:/kbengine/
  INFO root [2018-05-13 09:05:52,144] - Resmgr::initialize: KBE_RES_PATH=D:/kbengine/kbe/res/;D:/kbengine/assets_Battle of Gods/;D:/kbengine/assets_Battle of Gods/scripts/;D:/kbengine/assets_Battle of Gods/res/
  INFO root [2018-05-13 09:05:52,145] - Resmgr::initialize: KBE_BIN_PATH=D:/kbengine/kbe/bin/server/
  INFO root [2018-05-13 09:05:52,152] - NetworkInterface::initialize(INTERNAL): bound to all interfaces with default route interface on 10.139.100.106 ( 10.139.100.106:30099 )
  INFO root [2018-05-13 09:05:52,152] - NetworkInterface::initialize(INTERNAL): address 10.139.100.106:30099, SOMAXCONN=5.
  INFO root [2018-05-13 09:05:52,158] - ---- interfaces Version: 2.0.0. ScriptVersion: 0.1.0. Protocol: A3D4913C83C4082A29723B2DA267A5B0. Config: Debug X86. Built: 16:26:48 Apr 30 2018. AppID: 3000. UID: 10103. PID: 7848 ----
  INFO root [2018-05-13 09:05:52,159] - Server : Intel(R) Core(TM) i7-6700HQ CPU @ 2.60GHz with 2097151kB RAM
  INFO root [2018-05-13 09:05:52,160] - ThreadPool::createThreadPool: creating  threadpool...
  INFO root [2018-05-13 09:05:52,160] - ThreadPool::createThreadPool: successfully(2), newThreadCount=1, normalMaxThreadCount=2, maxThreadCount=8
 DEBUG root [2018-05-13 09:05:52,339] - Script::install_py_dlls(): PyInit_pyexpat
 DEBUG root [2018-05-13 09:05:52,341] - Script::install_py_dlls(): PyInit__socket
 DEBUG root [2018-05-13 09:05:52,343] - Script::install_py_dlls(): PyInit__ssl
 DEBUG root [2018-05-13 09:05:52,353] - Script::install_py_dlls(): PyInit__hashlib
 DEBUG root [2018-05-13 09:05:52,354] - Script::install_py_dlls(): PyInit_select
 DEBUG root [2018-05-13 09:05:52,354] - Script::install_py_dlls(): PyInit__ctypes
 DEBUG root [2018-05-13 09:05:52,356] - Script::install_py_dlls(): PyInit__elementtree
 DEBUG root [2018-05-13 09:05:52,446] - Script::install_py_dlls(): PyInit_unicodedata
  INFO root [2018-05-13 09:05:52,512] - Script::install(): is successfully, Python=(3.4.2 (default, Apr 30 2018, 16:26:41) [MSC v.1900 32 bit (Intel)])!
  INFO root [2018-05-13 09:05:52,512] - Script::install(): KBExtra is successfully!
S_INFO root [2018-05-13 09:05:52,535] - onInterfaceAppReady: bootstrapGroupIndex=0, bootstrapGlobalIndex=0
  INFO root [2018-05-13 09:05:52,550] - TelnetServer server is running on port 33000
  INFO root [2018-05-13 09:05:53,260] - ---- interfaces is running ----
 DEBUG root [2018-05-13 09:05:53,260] - Components::process(): Request for the process of identity...
  INFO root [2018-05-13 09:06:00,746] - Components::process(): Found all the components!
  INFO root [2018-05-13 09:06:08,366] - 
  INFO root [2018-05-13 09:06:08,366] - -----------------------------------------------------------------------------------------


  INFO root [2018-05-13 09:06:08,368] - Resmgr::initialize: KBE_ROOT=D:/kbengine/
  INFO root [2018-05-13 09:06:08,368] - Resmgr::initialize: KBE_RES_PATH=D:/kbengine/kbe/res/;D:/kbengine/assets_Battle of Gods/;D:/kbengine/assets_Battle of Gods/scripts/;D:/kbengine/assets_Battle of Gods/res/
  INFO root [2018-05-13 09:06:08,368] - Resmgr::initialize: KBE_BIN_PATH=D:/kbengine/kbe/bin/server/
  INFO root [2018-05-13 09:06:08,375] - NetworkInterface::initialize(INTERNAL): bound to all interfaces with default route interface on 10.139.100.106 ( 10.139.100.106:30099 )
  INFO root [2018-05-13 09:06:08,375] - NetworkInterface::initialize(INTERNAL): address 10.139.100.106:30099, SOMAXCONN=5.
  INFO root [2018-05-13 09:06:08,382] - ---- interfaces Version: 2.0.0. ScriptVersion: 0.1.0. Protocol: A3D4913C83C4082A29723B2DA267A5B0. Config: Debug X86. Built: 16:26:48 Apr 30 2018. AppID: 3000. UID: 10103. PID: 11232 ----
  INFO root [2018-05-13 09:06:08,382] - Server : Intel(R) Core(TM) i7-6700HQ CPU @ 2.60GHz with 2097151kB RAM
  INFO root [2018-05-13 09:06:08,382] - ThreadPool::createThreadPool: creating  threadpool...
  INFO root [2018-05-13 09:06:08,383] - ThreadPool::createThreadPool: successfully(2), newThreadCount=1, normalMaxThreadCount=2, maxThreadCount=8
 DEBUG root [2018-05-13 09:06:08,553] - Script::install_py_dlls(): PyInit_pyexpat
 DEBUG root [2018-05-13 09:06:08,554] - Script::install_py_dlls(): PyInit__socket
 DEBUG root [2018-05-13 09:06:08,555] - Script::install_py_dlls(): PyInit__ssl
 DEBUG root [2018-05-13 09:06:08,561] - Script::install_py_dlls(): PyInit__hashlib
 DEBUG root [2018-05-13 09:06:08,561] - Script::install_py_dlls(): PyInit_select
 DEBUG root [2018-05-13 09:06:08,562] - Script::install_py_dlls(): PyInit__ctypes
 DEBUG root [2018-05-13 09:06:08,563] - Script::install_py_dlls(): PyInit__elementtree
 DEBUG root [2018-05-13 09:06:08,641] - Script::install_py_dlls(): PyInit_unicodedata
  INFO root [2018-05-13 09:06:08,709] - Script::install(): is successfully, Python=(3.4.2 (default, Apr 30 2018, 16:26:41) [MSC v.1900 32 bit (Intel)])!
  INFO root [2018-05-13 09:06:08,710] - Script::install(): KBExtra is successfully!
S_INFO root [2018-05-13 09:06:08,729] - onInterfaceAppReady: bootstrapGroupIndex=0, bootstrapGlobalIndex=0
  INFO root [2018-05-13 09:06:08,743] - TelnetServer server is running on port 33000
  INFO root [2018-05-13 09:06:09,457] - ---- interfaces is running ----
 DEBUG root [2018-05-13 09:06:09,457] - Components::process(): Request for the process of identity...
  INFO root [2018-05-13 09:06:16,941] - Components::process(): Found all the components!
  INFO root [2018-05-13 09:11:55,373] - 
  INFO root [2018-05-13 09:11:55,380] - -----------------------------------------------------------------------------------------


  INFO root [2018-05-13 09:11:55,382] - Resmgr::initialize: KBE_ROOT=D:/kbengine/
  INFO root [2018-05-13 09:11:55,383] - Resmgr::initialize: KBE_RES_PATH=D:/kbengine/kbe/res/;D:/kbengine/assets_Battle of Gods/;D:/kbengine/assets_Battle of Gods/scripts/;D:/kbengine/assets_Battle of Gods/res/
  INFO root [2018-05-13 09:11:55,383] - Resmgr::initialize: KBE_BIN_PATH=D:/kbengine/kbe/bin/server/
  INFO root [2018-05-13 09:11:55,392] - NetworkInterface::initialize(INTERNAL): bound to all interfaces with default route interface on 10.139.100.106 ( 10.139.100.106:30099 )
  INFO root [2018-05-13 09:11:55,392] - NetworkInterface::initialize(INTERNAL): address 10.139.100.106:30099, SOMAXCONN=5.
  INFO root [2018-05-13 09:11:55,402] - ---- interfaces Version: 2.0.0. ScriptVersion: 0.1.0. Protocol: A3D4913C83C4082A29723B2DA267A5B0. Config: Debug X86. Built: 16:26:48 Apr 30 2018. AppID: 3000. UID: 10103. PID: 12840 ----
  INFO root [2018-05-13 09:11:55,403] - Server : Intel(R) Core(TM) i7-6700HQ CPU @ 2.60GHz with 2097151kB RAM
  INFO root [2018-05-13 09:11:55,403] - ThreadPool::createThreadPool: creating  threadpool...
  INFO root [2018-05-13 09:11:55,403] - ThreadPool::createThreadPool: successfully(2), newThreadCount=1, normalMaxThreadCount=2, maxThreadCount=8
 DEBUG root [2018-05-13 09:11:55,598] - Script::install_py_dlls(): PyInit_pyexpat
 DEBUG root [2018-05-13 09:11:55,598] - Script::install_py_dlls(): PyInit__socket
 DEBUG root [2018-05-13 09:11:55,599] - Script::install_py_dlls(): PyInit__ssl
 DEBUG root [2018-05-13 09:11:55,607] - Script::install_py_dlls(): PyInit__hashlib
 DEBUG root [2018-05-13 09:11:55,608] - Script::install_py_dlls(): PyInit_select
 DEBUG root [2018-05-13 09:11:55,608] - Script::install_py_dlls(): PyInit__ctypes
 DEBUG root [2018-05-13 09:11:55,609] - Script::install_py_dlls(): PyInit__elementtree
 DEBUG root [2018-05-13 09:11:55,697] - Script::install_py_dlls(): PyInit_unicodedata
  INFO root [2018-05-13 09:11:55,772] - Script::install(): is successfully, Python=(3.4.2 (default, Apr 30 2018, 16:26:41) [MSC v.1900 32 bit (Intel)])!
  INFO root [2018-05-13 09:11:55,772] - Script::install(): KBExtra is successfully!
S_INFO root [2018-05-13 09:11:55,792] - onInterfaceAppReady: bootstrapGroupIndex=0, bootstrapGlobalIndex=0
  INFO root [2018-05-13 09:11:55,807] - TelnetServer server is running on port 33000
  INFO root [2018-05-13 09:11:56,382] - ---- interfaces is running ----
 DEBUG root [2018-05-13 09:11:56,382] - Components::process(): Request for the process of identity...
  INFO root [2018-05-13 09:12:03,893] - Components::process(): Found all the components!
  INFO root [2018-05-13 09:12:28,789] - 
  INFO root [2018-05-13 09:12:28,789] - -----------------------------------------------------------------------------------------


  INFO root [2018-05-13 09:12:28,790] - Resmgr::initialize: KBE_ROOT=D:/kbengine/
  INFO root [2018-05-13 09:12:28,790] - Resmgr::initialize: KBE_RES_PATH=D:/kbengine/kbe/res/;D:/kbengine/assets_Battle of Gods/;D:/kbengine/assets_Battle of Gods/scripts/;D:/kbengine/assets_Battle of Gods/res/
  INFO root [2018-05-13 09:12:28,791] - Resmgr::initialize: KBE_BIN_PATH=D:/kbengine/kbe/bin/server/
  INFO root [2018-05-13 09:12:28,797] - NetworkInterface::initialize(INTERNAL): bound to all interfaces with default route interface on 10.139.100.106 ( 10.139.100.106:30099 )
  INFO root [2018-05-13 09:12:28,797] - NetworkInterface::initialize(INTERNAL): address 10.139.100.106:30099, SOMAXCONN=5.
  INFO root [2018-05-13 09:12:28,803] - ---- interfaces Version: 2.0.0. ScriptVersion: 0.1.0. Protocol: A3D4913C83C4082A29723B2DA267A5B0. Config: Debug X86. Built: 16:26:48 Apr 30 2018. AppID: 3000. UID: 10103. PID: 4392 ----
  INFO root [2018-05-13 09:12:28,804] - Server : Intel(R) Core(TM) i7-6700HQ CPU @ 2.60GHz with 2097151kB RAM
  INFO root [2018-05-13 09:12:28,804] - ThreadPool::createThreadPool: creating  threadpool...
  INFO root [2018-05-13 09:12:28,804] - ThreadPool::createThreadPool: successfully(2), newThreadCount=1, normalMaxThreadCount=2, maxThreadCount=8
 DEBUG root [2018-05-13 09:12:28,983] - Script::install_py_dlls(): PyInit_pyexpat
 DEBUG root [2018-05-13 09:12:28,984] - Script::install_py_dlls(): PyInit__socket
 DEBUG root [2018-05-13 09:12:28,985] - Script::install_py_dlls(): PyInit__ssl
 DEBUG root [2018-05-13 09:12:28,990] - Script::install_py_dlls(): PyInit__hashlib
 DEBUG root [2018-05-13 09:12:28,991] - Script::install_py_dlls(): PyInit_select
 DEBUG root [2018-05-13 09:12:28,991] - Script::install_py_dlls(): PyInit__ctypes
 DEBUG root [2018-05-13 09:12:28,992] - Script::install_py_dlls(): PyInit__elementtree
 DEBUG root [2018-05-13 09:12:29,075] - Script::install_py_dlls(): PyInit_unicodedata
  INFO root [2018-05-13 09:12:29,134] - Script::install(): is successfully, Python=(3.4.2 (default, Apr 30 2018, 16:26:41) [MSC v.1900 32 bit (Intel)])!
  INFO root [2018-05-13 09:12:29,134] - Script::install(): KBExtra is successfully!
S_INFO root [2018-05-13 09:12:29,155] - onInterfaceAppReady: bootstrapGroupIndex=0, bootstrapGlobalIndex=0
  INFO root [2018-05-13 09:12:29,170] - TelnetServer server is running on port 33000
  INFO root [2018-05-13 09:12:29,863] - ---- interfaces is running ----
 DEBUG root [2018-05-13 09:12:29,863] - Components::process(): Request for the process of identity...
  INFO root [2018-05-13 09:12:37,365] - Components::process(): Found all the components!
  INFO root [2018-05-13 09:13:05,290] - 
  INFO root [2018-05-13 09:13:05,291] - -----------------------------------------------------------------------------------------


  INFO root [2018-05-13 09:13:05,293] - Resmgr::initialize: KBE_ROOT=D:/kbengine/
  INFO root [2018-05-13 09:13:05,293] - Resmgr::initialize: KBE_RES_PATH=D:/kbengine/kbe/res/;D:/kbengine/assets_Battle of Gods/;D:/kbengine/assets_Battle of Gods/scripts/;D:/kbengine/assets_Battle of Gods/res/
  INFO root [2018-05-13 09:13:05,293] - Resmgr::initialize: KBE_BIN_PATH=D:/kbengine/kbe/bin/server/
  INFO root [2018-05-13 09:13:05,300] - NetworkInterface::initialize(INTERNAL): bound to all interfaces with default route interface on 10.139.100.106 ( 10.139.100.106:30099 )
  INFO root [2018-05-13 09:13:05,300] - NetworkInterface::initialize(INTERNAL): address 10.139.100.106:30099, SOMAXCONN=5.
  INFO root [2018-05-13 09:13:05,309] - ---- interfaces Version: 2.0.0. ScriptVersion: 0.1.0. Protocol: A3D4913C83C4082A29723B2DA267A5B0. Config: Debug X86. Built: 16:26:48 Apr 30 2018. AppID: 3000. UID: 10103. PID: 11784 ----
  INFO root [2018-05-13 09:13:05,310] - Server : Intel(R) Core(TM) i7-6700HQ CPU @ 2.60GHz with 2097151kB RAM
  INFO root [2018-05-13 09:13:05,310] - ThreadPool::createThreadPool: creating  threadpool...
  INFO root [2018-05-13 09:13:05,310] - ThreadPool::createThreadPool: successfully(2), newThreadCount=1, normalMaxThreadCount=2, maxThreadCount=8
 DEBUG root [2018-05-13 09:13:05,466] - Script::install_py_dlls(): PyInit_pyexpat
 DEBUG root [2018-05-13 09:13:05,466] - Script::install_py_dlls(): PyInit__socket
 DEBUG root [2018-05-13 09:13:05,467] - Script::install_py_dlls(): PyInit__ssl
 DEBUG root [2018-05-13 09:13:05,471] - Script::install_py_dlls(): PyInit__hashlib
 DEBUG root [2018-05-13 09:13:05,472] - Script::install_py_dlls(): PyInit_select
 DEBUG root [2018-05-13 09:13:05,472] - Script::install_py_dlls(): PyInit__ctypes
 DEBUG root [2018-05-13 09:13:05,473] - Script::install_py_dlls(): PyInit__elementtree
 DEBUG root [2018-05-13 09:13:05,531] - Script::install_py_dlls(): PyInit_unicodedata
  INFO root [2018-05-13 09:13:05,584] - Script::install(): is successfully, Python=(3.4.2 (default, Apr 30 2018, 16:26:41) [MSC v.1900 32 bit (Intel)])!
  INFO root [2018-05-13 09:13:05,585] - Script::install(): KBExtra is successfully!
S_INFO root [2018-05-13 09:13:05,600] - onInterfaceAppReady: bootstrapGroupIndex=0, bootstrapGlobalIndex=0
  INFO root [2018-05-13 09:13:05,610] - TelnetServer server is running on port 33000
  INFO root [2018-05-13 09:13:06,215] - ---- interfaces is running ----
 DEBUG root [2018-05-13 09:13:06,216] - Components::process(): Request for the process of identity...
  INFO root [2018-05-13 09:13:13,612] - Components::process(): Found all the components!
  WARN root [2018-05-13 09:30:46,896] - TCPPacketReceiver::processPendingEvents(127.0.0.1:9113): Throwing REASON_GENERAL_NETWORK - WSAECONNRESET
  INFO root [2018-05-13 09:30:50,164] - 
  INFO root [2018-05-13 09:30:50,165] - -----------------------------------------------------------------------------------------


  INFO root [2018-05-13 09:30:50,166] - Resmgr::initialize: KBE_ROOT=D:/kbengine/
  INFO root [2018-05-13 09:30:50,167] - Resmgr::initialize: KBE_RES_PATH=D:/kbengine/kbe/res/;D:/kbengine/assets_Battle of Gods/;D:/kbengine/assets_Battle of Gods/scripts/;D:/kbengine/assets_Battle of Gods/res/
  INFO root [2018-05-13 09:30:50,167] - Resmgr::initialize: KBE_BIN_PATH=D:/kbengine/kbe/bin/server/
  INFO root [2018-05-13 09:30:50,177] - NetworkInterface::initialize(INTERNAL): bound to all interfaces with default route interface on 10.139.100.106 ( 10.139.100.106:30099 )
  INFO root [2018-05-13 09:30:50,177] - NetworkInterface::initialize(INTERNAL): address 10.139.100.106:30099, SOMAXCONN=5.
  INFO root [2018-05-13 09:30:50,186] - ---- interfaces Version: 2.0.0. ScriptVersion: 0.1.0. Protocol: A3D4913C83C4082A29723B2DA267A5B0. Config: Debug X86. Built: 16:26:48 Apr 30 2018. AppID: 3000. UID: 10103. PID: 10420 ----
  INFO root [2018-05-13 09:30:50,187] - Server : Intel(R) Core(TM) i7-6700HQ CPU @ 2.60GHz with 2097151kB RAM
  INFO root [2018-05-13 09:30:50,187] - ThreadPool::createThreadPool: creating  threadpool...
  INFO root [2018-05-13 09:30:50,188] - ThreadPool::createThreadPool: successfully(2), newThreadCount=1, normalMaxThreadCount=2, maxThreadCount=8
 DEBUG root [2018-05-13 09:30:50,440] - Script::install_py_dlls(): PyInit_pyexpat
 DEBUG root [2018-05-13 09:30:50,441] - Script::install_py_dlls(): PyInit__socket
 DEBUG root [2018-05-13 09:30:50,443] - Script::install_py_dlls(): PyInit__ssl
 DEBUG root [2018-05-13 09:30:50,451] - Script::install_py_dlls(): PyInit__hashlib
 DEBUG root [2018-05-13 09:30:50,451] - Script::install_py_dlls(): PyInit_select
 DEBUG root [2018-05-13 09:30:50,451] - Script::install_py_dlls(): PyInit__ctypes
 DEBUG root [2018-05-13 09:30:50,452] - Script::install_py_dlls(): PyInit__elementtree
 DEBUG root [2018-05-13 09:30:50,531] - Script::install_py_dlls(): PyInit_unicodedata
  INFO root [2018-05-13 09:30:50,587] - Script::install(): is successfully, Python=(3.4.2 (default, Apr 30 2018, 16:26:41) [MSC v.1900 32 bit (Intel)])!
  INFO root [2018-05-13 09:30:50,587] - Script::install(): KBExtra is successfully!
S_INFO root [2018-05-13 09:30:50,600] - onInterfaceAppReady: bootstrapGroupIndex=0, bootstrapGlobalIndex=0
  INFO root [2018-05-13 09:30:50,609] - TelnetServer server is running on port 33000
  INFO root [2018-05-13 09:30:51,266] - ---- interfaces is running ----
 DEBUG root [2018-05-13 09:30:51,267] - Components::process(): Request for the process of identity...
  INFO root [2018-05-13 09:30:58,773] - Components::process(): Found all the components!
  WARN root [2018-05-13 09:32:03,326] - TCPPacketReceiver::processPendingEvents(127.0.0.1:9500): Throwing REASON_GENERAL_NETWORK - WSAECONNRESET
  INFO root [2018-05-13 09:32:05,520] - 
  INFO root [2018-05-13 09:32:05,521] - -----------------------------------------------------------------------------------------


  INFO root [2018-05-13 09:32:05,522] - Resmgr::initialize: KBE_ROOT=D:/kbengine/
  INFO root [2018-05-13 09:32:05,523] - Resmgr::initialize: KBE_RES_PATH=D:/kbengine/kbe/res/;D:/kbengine/assets_Battle of Gods/;D:/kbengine/assets_Battle of Gods/scripts/;D:/kbengine/assets_Battle of Gods/res/
  INFO root [2018-05-13 09:32:05,523] - Resmgr::initialize: KBE_BIN_PATH=D:/kbengine/kbe/bin/server/
  INFO root [2018-05-13 09:32:05,530] - NetworkInterface::initialize(INTERNAL): bound to all interfaces with default route interface on 10.139.100.106 ( 10.139.100.106:30099 )
  INFO root [2018-05-13 09:32:05,531] - NetworkInterface::initialize(INTERNAL): address 10.139.100.106:30099, SOMAXCONN=5.
  INFO root [2018-05-13 09:32:05,540] - ---- interfaces Version: 2.0.0. ScriptVersion: 0.1.0. Protocol: A3D4913C83C4082A29723B2DA267A5B0. Config: Debug X86. Built: 16:26:48 Apr 30 2018. AppID: 3000. UID: 10103. PID: 14636 ----
  INFO root [2018-05-13 09:32:05,541] - Server : Intel(R) Core(TM) i7-6700HQ CPU @ 2.60GHz with 2097151kB RAM
  INFO root [2018-05-13 09:32:05,541] - ThreadPool::createThreadPool: creating  threadpool...
  INFO root [2018-05-13 09:32:05,541] - ThreadPool::createThreadPool: successfully(2), newThreadCount=1, normalMaxThreadCount=2, maxThreadCount=8
 DEBUG root [2018-05-13 09:32:05,712] - Script::install_py_dlls(): PyInit_pyexpat
 DEBUG root [2018-05-13 09:32:05,713] - Script::install_py_dlls(): PyInit__socket
 DEBUG root [2018-05-13 09:32:05,713] - Script::install_py_dlls(): PyInit__ssl
 DEBUG root [2018-05-13 09:32:05,717] - Script::install_py_dlls(): PyInit__hashlib
 DEBUG root [2018-05-13 09:32:05,718] - Script::install_py_dlls(): PyInit_select
 DEBUG root [2018-05-13 09:32:05,718] - Script::install_py_dlls(): PyInit__ctypes
 DEBUG root [2018-05-13 09:32:05,718] - Script::install_py_dlls(): PyInit__elementtree
 DEBUG root [2018-05-13 09:32:05,773] - Script::install_py_dlls(): PyInit_unicodedata
  INFO root [2018-05-13 09:32:05,865] - Script::install(): is successfully, Python=(3.4.2 (default, Apr 30 2018, 16:26:41) [MSC v.1900 32 bit (Intel)])!
  INFO root [2018-05-13 09:32:05,865] - Script::install(): KBExtra is successfully!
S_INFO root [2018-05-13 09:32:05,882] - onInterfaceAppReady: bootstrapGroupIndex=0, bootstrapGlobalIndex=0
  INFO root [2018-05-13 09:32:05,897] - TelnetServer server is running on port 33000
  INFO root [2018-05-13 09:32:06,508] - ---- interfaces is running ----
 DEBUG root [2018-05-13 09:32:06,509] - Components::process(): Request for the process of identity...
  INFO root [2018-05-13 09:32:14,088] - Components::process(): Found all the components!
  WARN root [2018-05-13 09:34:37,159] - TCPPacketReceiver::processPendingEvents(127.0.0.1:9565): Throwing REASON_GENERAL_NETWORK - WSAECONNRESET
  INFO root [2018-05-13 09:34:39,357] - 
  INFO root [2018-05-13 09:34:39,358] - -----------------------------------------------------------------------------------------


  INFO root [2018-05-13 09:34:39,359] - Resmgr::initialize: KBE_ROOT=D:/kbengine/
  INFO root [2018-05-13 09:34:39,359] - Resmgr::initialize: KBE_RES_PATH=D:/kbengine/kbe/res/;D:/kbengine/assets_Battle of Gods/;D:/kbengine/assets_Battle of Gods/scripts/;D:/kbengine/assets_Battle of Gods/res/
  INFO root [2018-05-13 09:34:39,359] - Resmgr::initialize: KBE_BIN_PATH=D:/kbengine/kbe/bin/server/
  INFO root [2018-05-13 09:34:39,365] - NetworkInterface::initialize(INTERNAL): bound to all interfaces with default route interface on 10.139.100.106 ( 10.139.100.106:30099 )
  INFO root [2018-05-13 09:34:39,366] - NetworkInterface::initialize(INTERNAL): address 10.139.100.106:30099, SOMAXCONN=5.
  INFO root [2018-05-13 09:34:39,373] - ---- interfaces Version: 2.0.0. ScriptVersion: 0.1.0. Protocol: A3D4913C83C4082A29723B2DA267A5B0. Config: Debug X86. Built: 16:26:48 Apr 30 2018. AppID: 3000. UID: 10103. PID: 9076 ----
  INFO root [2018-05-13 09:34:39,373] - Server : Intel(R) Core(TM) i7-6700HQ CPU @ 2.60GHz with 2097151kB RAM
  INFO root [2018-05-13 09:34:39,373] - ThreadPool::createThreadPool: creating  threadpool...
  INFO root [2018-05-13 09:34:39,374] - ThreadPool::createThreadPool: successfully(2), newThreadCount=1, normalMaxThreadCount=2, maxThreadCount=8
 DEBUG root [2018-05-13 09:34:39,555] - Script::install_py_dlls(): PyInit_pyexpat
 DEBUG root [2018-05-13 09:34:39,556] - Script::install_py_dlls(): PyInit__socket
 DEBUG root [2018-05-13 09:34:39,557] - Script::install_py_dlls(): PyInit__ssl
 DEBUG root [2018-05-13 09:34:39,563] - Script::install_py_dlls(): PyInit__hashlib
 DEBUG root [2018-05-13 09:34:39,564] - Script::install_py_dlls(): PyInit_select
 DEBUG root [2018-05-13 09:34:39,564] - Script::install_py_dlls(): PyInit__ctypes
 DEBUG root [2018-05-13 09:34:39,566] - Script::install_py_dlls(): PyInit__elementtree
 DEBUG root [2018-05-13 09:34:39,650] - Script::install_py_dlls(): PyInit_unicodedata
  INFO root [2018-05-13 09:34:39,708] - Script::install(): is successfully, Python=(3.4.2 (default, Apr 30 2018, 16:26:41) [MSC v.1900 32 bit (Intel)])!
  INFO root [2018-05-13 09:34:39,708] - Script::install(): KBExtra is successfully!
S_INFO root [2018-05-13 09:34:39,723] - onInterfaceAppReady: bootstrapGroupIndex=0, bootstrapGlobalIndex=0
  INFO root [2018-05-13 09:34:39,734] - TelnetServer server is running on port 33000
  INFO root [2018-05-13 09:34:40,416] - ---- interfaces is running ----
 DEBUG root [2018-05-13 09:34:40,419] - Components::process(): Request for the process of identity...
  INFO root [2018-05-13 09:34:48,032] - Components::process(): Found all the components!
  WARN root [2018-05-13 09:35:18,633] - TCPPacketReceiver::processPendingEvents(127.0.0.1:9714): Throwing REASON_GENERAL_NETWORK - WSAECONNRESET
  INFO root [2018-05-13 09:35:20,809] - 
  INFO root [2018-05-13 09:35:20,810] - -----------------------------------------------------------------------------------------


  INFO root [2018-05-13 09:35:20,812] - Resmgr::initialize: KBE_ROOT=D:/kbengine/
  INFO root [2018-05-13 09:35:20,812] - Resmgr::initialize: KBE_RES_PATH=D:/kbengine/kbe/res/;D:/kbengine/assets_Battle of Gods/;D:/kbengine/assets_Battle of Gods/scripts/;D:/kbengine/assets_Battle of Gods/res/
  INFO root [2018-05-13 09:35:20,813] - Resmgr::initialize: KBE_BIN_PATH=D:/kbengine/kbe/bin/server/
  INFO root [2018-05-13 09:35:20,819] - NetworkInterface::initialize(INTERNAL): bound to all interfaces with default route interface on 10.139.100.106 ( 10.139.100.106:30099 )
  INFO root [2018-05-13 09:35:20,820] - NetworkInterface::initialize(INTERNAL): address 10.139.100.106:30099, SOMAXCONN=5.
  INFO root [2018-05-13 09:35:20,829] - ---- interfaces Version: 2.0.0. ScriptVersion: 0.1.0. Protocol: A3D4913C83C4082A29723B2DA267A5B0. Config: Debug X86. Built: 16:26:48 Apr 30 2018. AppID: 3000. UID: 10103. PID: 14568 ----
  INFO root [2018-05-13 09:35:20,830] - Server : Intel(R) Core(TM) i7-6700HQ CPU @ 2.60GHz with 2097151kB RAM
  INFO root [2018-05-13 09:35:20,830] - ThreadPool::createThreadPool: creating  threadpool...
  INFO root [2018-05-13 09:35:20,831] - ThreadPool::createThreadPool: successfully(2), newThreadCount=1, normalMaxThreadCount=2, maxThreadCount=8
 DEBUG root [2018-05-13 09:35:20,995] - Script::install_py_dlls(): PyInit_pyexpat
 DEBUG root [2018-05-13 09:35:20,996] - Script::install_py_dlls(): PyInit__socket
 DEBUG root [2018-05-13 09:35:20,997] - Script::install_py_dlls(): PyInit__ssl
 DEBUG root [2018-05-13 09:35:21,002] - Script::install_py_dlls(): PyInit__hashlib
 DEBUG root [2018-05-13 09:35:21,003] - Script::install_py_dlls(): PyInit_select
 DEBUG root [2018-05-13 09:35:21,003] - Script::install_py_dlls(): PyInit__ctypes
 DEBUG root [2018-05-13 09:35:21,004] - Script::install_py_dlls(): PyInit__elementtree
 DEBUG root [2018-05-13 09:35:21,060] - Script::install_py_dlls(): PyInit_unicodedata
  INFO root [2018-05-13 09:35:21,120] - Script::install(): is successfully, Python=(3.4.2 (default, Apr 30 2018, 16:26:41) [MSC v.1900 32 bit (Intel)])!
  INFO root [2018-05-13 09:35:21,120] - Script::install(): KBExtra is successfully!
S_INFO root [2018-05-13 09:35:21,137] - onInterfaceAppReady: bootstrapGroupIndex=0, bootstrapGlobalIndex=0
  INFO root [2018-05-13 09:35:21,152] - TelnetServer server is running on port 33000
  INFO root [2018-05-13 09:35:21,779] - ---- interfaces is running ----
 DEBUG root [2018-05-13 09:35:21,779] - Components::process(): Request for the process of identity...
  INFO root [2018-05-13 09:35:29,241] - Components::process(): Found all the components!
S_INFO root [2018-05-13 09:35:55,337] - onRequestAccountLogin: registerName=cxx
  WARN root [2018-05-13 09:38:16,038] - TCPPacketReceiver::processPendingEvents(127.0.0.1:9754): Throwing REASON_GENERAL_NETWORK - WSAECONNRESET
  INFO root [2018-05-13 09:38:18,121] - 
  INFO root [2018-05-13 09:38:18,121] - -----------------------------------------------------------------------------------------


  INFO root [2018-05-13 09:38:18,123] - Resmgr::initialize: KBE_ROOT=D:/kbengine/
  INFO root [2018-05-13 09:38:18,123] - Resmgr::initialize: KBE_RES_PATH=D:/kbengine/kbe/res/;D:/kbengine/assets_Battle of Gods/;D:/kbengine/assets_Battle of Gods/scripts/;D:/kbengine/assets_Battle of Gods/res/
  INFO root [2018-05-13 09:38:18,123] - Resmgr::initialize: KBE_BIN_PATH=D:/kbengine/kbe/bin/server/
  INFO root [2018-05-13 09:38:18,131] - NetworkInterface::initialize(INTERNAL): bound to all interfaces with default route interface on 10.139.100.106 ( 10.139.100.106:30099 )
  INFO root [2018-05-13 09:38:18,131] - NetworkInterface::initialize(INTERNAL): address 10.139.100.106:30099, SOMAXCONN=5.
  INFO root [2018-05-13 09:38:18,138] - ---- interfaces Version: 2.0.0. ScriptVersion: 0.1.0. Protocol: A3D4913C83C4082A29723B2DA267A5B0. Config: Debug X86. Built: 16:26:48 Apr 30 2018. AppID: 3000. UID: 10103. PID: 2072 ----
  INFO root [2018-05-13 09:38:18,139] - Server : Intel(R) Core(TM) i7-6700HQ CPU @ 2.60GHz with 2097151kB RAM
  INFO root [2018-05-13 09:38:18,139] - ThreadPool::createThreadPool: creating  threadpool...
  INFO root [2018-05-13 09:38:18,139] - ThreadPool::createThreadPool: successfully(2), newThreadCount=1, normalMaxThreadCount=2, maxThreadCount=8
 DEBUG root [2018-05-13 09:38:18,308] - Script::install_py_dlls(): PyInit_pyexpat
 DEBUG root [2018-05-13 09:38:18,309] - Script::install_py_dlls(): PyInit__socket
 DEBUG root [2018-05-13 09:38:18,310] - Script::install_py_dlls(): PyInit__ssl
 DEBUG root [2018-05-13 09:38:18,314] - Script::install_py_dlls(): PyInit__hashlib
 DEBUG root [2018-05-13 09:38:18,314] - Script::install_py_dlls(): PyInit_select
 DEBUG root [2018-05-13 09:38:18,314] - Script::install_py_dlls(): PyInit__ctypes
 DEBUG root [2018-05-13 09:38:18,315] - Script::install_py_dlls(): PyInit__elementtree
 DEBUG root [2018-05-13 09:38:18,367] - Script::install_py_dlls(): PyInit_unicodedata
  INFO root [2018-05-13 09:38:18,422] - Script::install(): is successfully, Python=(3.4.2 (default, Apr 30 2018, 16:26:41) [MSC v.1900 32 bit (Intel)])!
  INFO root [2018-05-13 09:38:18,422] - Script::install(): KBExtra is successfully!
S_INFO root [2018-05-13 09:38:18,440] - onInterfaceAppReady: bootstrapGroupIndex=0, bootstrapGlobalIndex=0
  INFO root [2018-05-13 09:38:18,451] - TelnetServer server is running on port 33000
  INFO root [2018-05-13 09:38:19,000] - ---- interfaces is running ----
 DEBUG root [2018-05-13 09:38:19,000] - Components::process(): Request for the process of identity...
  INFO root [2018-05-13 09:38:26,453] - Components::process(): Found all the components!
S_INFO root [2018-05-13 09:39:07,740] - onRequestAccountLogin: registerName=cxx
  WARN root [2018-05-13 09:56:41,205] - TCPPacketReceiver::processPendingEvents(127.0.0.1:9833): Throwing REASON_GENERAL_NETWORK - WSAECONNRESET
  INFO root [2018-05-13 09:56:43,197] - 
  INFO root [2018-05-13 09:56:43,198] - -----------------------------------------------------------------------------------------


  INFO root [2018-05-13 09:56:43,199] - Resmgr::initialize: KBE_ROOT=D:/kbengine/
  INFO root [2018-05-13 09:56:43,199] - Resmgr::initialize: KBE_RES_PATH=D:/kbengine/kbe/res/;D:/kbengine/assets_Battle of Gods/;D:/kbengine/assets_Battle of Gods/scripts/;D:/kbengine/assets_Battle of Gods/res/
  INFO root [2018-05-13 09:56:43,199] - Resmgr::initialize: KBE_BIN_PATH=D:/kbengine/kbe/bin/server/
  INFO root [2018-05-13 09:56:43,205] - NetworkInterface::initialize(INTERNAL): bound to all interfaces with default route interface on 10.139.100.106 ( 10.139.100.106:30099 )
  INFO root [2018-05-13 09:56:43,206] - NetworkInterface::initialize(INTERNAL): address 10.139.100.106:30099, SOMAXCONN=5.
  INFO root [2018-05-13 09:56:43,212] - ---- interfaces Version: 2.0.0. ScriptVersion: 0.1.0. Protocol: A3D4913C83C4082A29723B2DA267A5B0. Config: Debug X86. Built: 16:26:48 Apr 30 2018. AppID: 3000. UID: 10103. PID: 9852 ----
  INFO root [2018-05-13 09:56:43,213] - Server : Intel(R) Core(TM) i7-6700HQ CPU @ 2.60GHz with 2097151kB RAM
  INFO root [2018-05-13 09:56:43,213] - ThreadPool::createThreadPool: creating  threadpool...
  INFO root [2018-05-13 09:56:43,214] - ThreadPool::createThreadPool: successfully(2), newThreadCount=1, normalMaxThreadCount=2, maxThreadCount=8
 DEBUG root [2018-05-13 09:56:43,379] - Script::install_py_dlls(): PyInit_pyexpat
 DEBUG root [2018-05-13 09:56:43,380] - Script::install_py_dlls(): PyInit__socket
 DEBUG root [2018-05-13 09:56:43,381] - Script::install_py_dlls(): PyInit__ssl
 DEBUG root [2018-05-13 09:56:43,387] - Script::install_py_dlls(): PyInit__hashlib
 DEBUG root [2018-05-13 09:56:43,387] - Script::install_py_dlls(): PyInit_select
 DEBUG root [2018-05-13 09:56:43,388] - Script::install_py_dlls(): PyInit__ctypes
 DEBUG root [2018-05-13 09:56:43,389] - Script::install_py_dlls(): PyInit__elementtree
 DEBUG root [2018-05-13 09:56:43,450] - Script::install_py_dlls(): PyInit_unicodedata
  INFO root [2018-05-13 09:56:43,518] - Script::install(): is successfully, Python=(3.4.2 (default, Apr 30 2018, 16:26:41) [MSC v.1900 32 bit (Intel)])!
  INFO root [2018-05-13 09:56:43,518] - Script::install(): KBExtra is successfully!
S_INFO root [2018-05-13 09:56:43,535] - onInterfaceAppReady: bootstrapGroupIndex=0, bootstrapGlobalIndex=0
  INFO root [2018-05-13 09:56:43,548] - TelnetServer server is running on port 33000
  INFO root [2018-05-13 09:56:44,149] - ---- interfaces is running ----
 DEBUG root [2018-05-13 09:56:44,150] - Components::process(): Request for the process of identity...
  INFO root [2018-05-13 09:56:51,612] - Components::process(): Found all the components!
S_INFO root [2018-05-13 09:58:50,334] - onRequestAccountLogin: registerName=cxx
  WARN root [2018-05-13 10:08:47,657] - TCPPacketReceiver::processPendingEvents(127.0.0.1:10185): Throwing REASON_GENERAL_NETWORK - WSAECONNRESET
  INFO root [2018-05-13 10:08:50,426] - 
  INFO root [2018-05-13 10:08:50,428] - -----------------------------------------------------------------------------------------


  INFO root [2018-05-13 10:08:50,431] - Resmgr::initialize: KBE_ROOT=D:/kbengine/
  INFO root [2018-05-13 10:08:50,431] - Resmgr::initialize: KBE_RES_PATH=D:/kbengine/kbe/res/;D:/kbengine/assets_Battle of Gods/;D:/kbengine/assets_Battle of Gods/scripts/;D:/kbengine/assets_Battle of Gods/res/
  INFO root [2018-05-13 10:08:50,431] - Resmgr::initialize: KBE_BIN_PATH=D:/kbengine/kbe/bin/server/
  INFO root [2018-05-13 10:08:50,441] - NetworkInterface::initialize(INTERNAL): bound to all interfaces with default route interface on 10.139.100.106 ( 10.139.100.106:30099 )
  INFO root [2018-05-13 10:08:50,441] - NetworkInterface::initialize(INTERNAL): address 10.139.100.106:30099, SOMAXCONN=5.
  INFO root [2018-05-13 10:08:50,453] - ---- interfaces Version: 2.0.0. ScriptVersion: 0.1.0. Protocol: A3D4913C83C4082A29723B2DA267A5B0. Config: Debug X86. Built: 16:26:48 Apr 30 2018. AppID: 3000. UID: 10103. PID: 6104 ----
  INFO root [2018-05-13 10:08:50,454] - Server : Intel(R) Core(TM) i7-6700HQ CPU @ 2.60GHz with 2097151kB RAM
  INFO root [2018-05-13 10:08:50,454] - ThreadPool::createThreadPool: creating  threadpool...
  INFO root [2018-05-13 10:08:50,455] - ThreadPool::createThreadPool: successfully(2), newThreadCount=1, normalMaxThreadCount=2, maxThreadCount=8
 DEBUG root [2018-05-13 10:08:50,632] - Script::install_py_dlls(): PyInit_pyexpat
 DEBUG root [2018-05-13 10:08:50,633] - Script::install_py_dlls(): PyInit__socket
 DEBUG root [2018-05-13 10:08:50,633] - Script::install_py_dlls(): PyInit__ssl
 DEBUG root [2018-05-13 10:08:50,639] - Script::install_py_dlls(): PyInit__hashlib
 DEBUG root [2018-05-13 10:08:50,640] - Script::install_py_dlls(): PyInit_select
 DEBUG root [2018-05-13 10:08:50,640] - Script::install_py_dlls(): PyInit__ctypes
 DEBUG root [2018-05-13 10:08:50,641] - Script::install_py_dlls(): PyInit__elementtree
 DEBUG root [2018-05-13 10:08:50,744] - Script::install_py_dlls(): PyInit_unicodedata
  INFO root [2018-05-13 10:08:50,846] - Script::install(): is successfully, Python=(3.4.2 (default, Apr 30 2018, 16:26:41) [MSC v.1900 32 bit (Intel)])!
  INFO root [2018-05-13 10:08:50,846] - Script::install(): KBExtra is successfully!
S_INFO root [2018-05-13 10:08:50,865] - onInterfaceAppReady: bootstrapGroupIndex=0, bootstrapGlobalIndex=0
  INFO root [2018-05-13 10:08:50,886] - TelnetServer server is running on port 33000
  INFO root [2018-05-13 10:08:51,602] - ---- interfaces is running ----
 DEBUG root [2018-05-13 10:08:51,603] - Components::process(): Request for the process of identity...
  INFO root [2018-05-13 10:08:59,075] - Components::process(): Found all the components!
S_INFO root [2018-05-13 10:11:32,865] - onRequestAccountLogin: registerName=cxx
S_INFO root [2018-05-13 10:42:06,257] - onRequestAccountLogin: registerName=cxx
  WARN root [2018-05-13 13:04:50,595] - TCPPacketReceiver::processPendingEvents(127.0.0.1:10413): Throwing REASON_GENERAL_NETWORK - WSAECONNRESET
