  INFO root [2018-08-01 15:54:42,146] - 
  INFO root [2018-08-01 15:54:42,147] - -----------------------------------------------------------------------------------------


  INFO root [2018-08-01 15:54:42,148] - Resmgr::initialize: KBE_ROOT=D:/kbengine/
  INFO root [2018-08-01 15:54:42,148] - Resmgr::initialize: KBE_RES_PATH=D:/kbengine/kbe/res/;D:/kbengine/assets_Battle of Gods/;D:/kbengine/assets_Battle of Gods/scripts/;D:/kbengine/assets_Battle of Gods/res/
  INFO root [2018-08-01 15:54:42,148] - Resmgr::initialize: KBE_BIN_PATH=D:/kbengine/kbe/bin/server/
  INFO root [2018-08-01 15:54:42,156] - NetworkInterface::initialize(INTERNAL): bound to all interfaces with default route interface on 10.139.66.192 ( 10.139.66.192:30099 )
  INFO root [2018-08-01 15:54:42,159] - NetworkInterface::initialize(INTERNAL): address 10.139.66.192:30099, SOMAXCONN=5.
  INFO root [2018-08-01 15:54:42,165] - ---- interfaces Version: 2.0.0. ScriptVersion: 0.1.0. Protocol: A3D4913C83C4082A29723B2DA267A5B0. Config: Debug X86. Built: 16:26:48 Apr 30 2018. AppID: 3000. UID: 10103. PID: 14704 ----
  INFO root [2018-08-01 15:54:42,166] - Server : Intel(R) Core(TM) i7-6700HQ CPU @ 2.60GHz with 2097151kB RAM
  INFO root [2018-08-01 15:54:42,166] - ThreadPool::createThreadPool: creating  threadpool...
  INFO root [2018-08-01 15:54:42,166] - ThreadPool::createThreadPool: successfully(2), newThreadCount=1, normalMaxThreadCount=2, maxThreadCount=8
 DEBUG root [2018-08-01 15:54:42,308] - Script::install_py_dlls(): PyInit_pyexpat
 DEBUG root [2018-08-01 15:54:42,309] - Script::install_py_dlls(): PyInit__socket
 DEBUG root [2018-08-01 15:54:42,309] - Script::install_py_dlls(): PyInit__ssl
 DEBUG root [2018-08-01 15:54:42,314] - Script::install_py_dlls(): PyInit__hashlib
 DEBUG root [2018-08-01 15:54:42,315] - Script::install_py_dlls(): PyInit_select
 DEBUG root [2018-08-01 15:54:42,315] - Script::install_py_dlls(): PyInit__ctypes
 DEBUG root [2018-08-01 15:54:42,315] - Script::install_py_dlls(): PyInit__elementtree
 DEBUG root [2018-08-01 15:54:42,371] - Script::install_py_dlls(): PyInit_unicodedata
  INFO root [2018-08-01 15:54:42,416] - Script::install(): is successfully, Python=(3.4.2 (default, Apr 30 2018, 16:26:41) [MSC v.1900 32 bit (Intel)])!
  INFO root [2018-08-01 15:54:42,416] - Script::install(): KBExtra is successfully!
S_INFO root [2018-08-01 15:54:42,431] - onInterfaceAppReady: bootstrapGroupIndex=0, bootstrapGlobalIndex=0
  INFO root [2018-08-01 15:54:42,440] - TelnetServer server is running on port 33000
  INFO root [2018-08-01 15:54:42,888] - ---- interfaces is running ----
 DEBUG root [2018-08-01 15:54:42,889] - Components::process(): Request for the process of identity...
  INFO root [2018-08-01 15:54:50,249] - Components::process(): Found all the components!
S_INFO root [2018-08-01 15:58:28,531] - onRequestAccountLogin: registerName=cxx
S_INFO root [2018-08-01 15:59:16,831] - onRequestAccountLogin: registerName=cxx
  WARN root [2018-08-01 16:04:00,685] - TCPPacketReceiver::processPendingEvents(127.0.0.1:6169): Throwing REASON_GENERAL_NETWORK - WSAECONNRESET
  INFO root [2018-08-01 16:04:03,793] - 
  INFO root [2018-08-01 16:04:03,793] - -----------------------------------------------------------------------------------------


  INFO root [2018-08-01 16:04:03,794] - Resmgr::initialize: KBE_ROOT=D:/kbengine/
  INFO root [2018-08-01 16:04:03,795] - Resmgr::initialize: KBE_RES_PATH=D:/kbengine/kbe/res/;D:/kbengine/assets_Battle of Gods/;D:/kbengine/assets_Battle of Gods/scripts/;D:/kbengine/assets_Battle of Gods/res/
  INFO root [2018-08-01 16:04:03,795] - Resmgr::initialize: KBE_BIN_PATH=D:/kbengine/kbe/bin/server/
  INFO root [2018-08-01 16:04:03,803] - NetworkInterface::initialize(INTERNAL): bound to all interfaces with default route interface on 10.139.66.192 ( 10.139.66.192:30099 )
  INFO root [2018-08-01 16:04:03,804] - NetworkInterface::initialize(INTERNAL): address 10.139.66.192:30099, SOMAXCONN=5.
  INFO root [2018-08-01 16:04:03,812] - ---- interfaces Version: 2.0.0. ScriptVersion: 0.1.0. Protocol: A3D4913C83C4082A29723B2DA267A5B0. Config: Debug X86. Built: 16:26:48 Apr 30 2018. AppID: 3000. UID: 10103. PID: 8712 ----
  INFO root [2018-08-01 16:04:03,812] - Server : Intel(R) Core(TM) i7-6700HQ CPU @ 2.60GHz with 2097151kB RAM
  INFO root [2018-08-01 16:04:03,813] - ThreadPool::createThreadPool: creating  threadpool...
  INFO root [2018-08-01 16:04:03,813] - ThreadPool::createThreadPool: successfully(2), newThreadCount=1, normalMaxThreadCount=2, maxThreadCount=8
 DEBUG root [2018-08-01 16:04:03,968] - Script::install_py_dlls(): PyInit_pyexpat
 DEBUG root [2018-08-01 16:04:03,968] - Script::install_py_dlls(): PyInit__socket
 DEBUG root [2018-08-01 16:04:03,969] - Script::install_py_dlls(): PyInit__ssl
 DEBUG root [2018-08-01 16:04:03,973] - Script::install_py_dlls(): PyInit__hashlib
 DEBUG root [2018-08-01 16:04:03,974] - Script::install_py_dlls(): PyInit_select
 DEBUG root [2018-08-01 16:04:03,974] - Script::install_py_dlls(): PyInit__ctypes
 DEBUG root [2018-08-01 16:04:03,974] - Script::install_py_dlls(): PyInit__elementtree
 DEBUG root [2018-08-01 16:04:04,022] - Script::install_py_dlls(): PyInit_unicodedata
  INFO root [2018-08-01 16:04:04,073] - Script::install(): is successfully, Python=(3.4.2 (default, Apr 30 2018, 16:26:41) [MSC v.1900 32 bit (Intel)])!
  INFO root [2018-08-01 16:04:04,073] - Script::install(): KBExtra is successfully!
S_INFO root [2018-08-01 16:04:04,090] - onInterfaceAppReady: bootstrapGroupIndex=0, bootstrapGlobalIndex=0
  INFO root [2018-08-01 16:04:04,106] - TelnetServer server is running on port 33000
  INFO root [2018-08-01 16:04:04,685] - ---- interfaces is running ----
 DEBUG root [2018-08-01 16:04:04,685] - Components::process(): Request for the process of identity...
  INFO root [2018-08-01 16:04:12,096] - Components::process(): Found all the components!
S_INFO root [2018-08-01 16:04:42,691] - onRequestAccountLogin: registerName=cxx
S_INFO root [2018-08-01 16:04:48,092] - onRequestCreateAccount: registerName=cxx
S_INFO root [2018-08-01 16:04:49,791] - onRequestAccountLogin: registerName=cxx
  WARN root [2018-08-01 16:08:31,721] - TCPPacketReceiver::processPendingEvents(127.0.0.1:6775): Throwing REASON_GENERAL_NETWORK - WSAECONNRESET
  INFO root [2018-08-01 16:08:33,807] - 
  INFO root [2018-08-01 16:08:33,807] - -----------------------------------------------------------------------------------------


  INFO root [2018-08-01 16:08:33,808] - Resmgr::initialize: KBE_ROOT=D:/kbengine/
  INFO root [2018-08-01 16:08:33,809] - Resmgr::initialize: KBE_RES_PATH=D:/kbengine/kbe/res/;D:/kbengine/assets_Battle of Gods/;D:/kbengine/assets_Battle of Gods/scripts/;D:/kbengine/assets_Battle of Gods/res/
  INFO root [2018-08-01 16:08:33,809] - Resmgr::initialize: KBE_BIN_PATH=D:/kbengine/kbe/bin/server/
  INFO root [2018-08-01 16:08:33,818] - NetworkInterface::initialize(INTERNAL): bound to all interfaces with default route interface on 10.139.66.192 ( 10.139.66.192:30099 )
  INFO root [2018-08-01 16:08:33,819] - NetworkInterface::initialize(INTERNAL): address 10.139.66.192:30099, SOMAXCONN=5.
  INFO root [2018-08-01 16:08:33,826] - ---- interfaces Version: 2.0.0. ScriptVersion: 0.1.0. Protocol: A3D4913C83C4082A29723B2DA267A5B0. Config: Debug X86. Built: 16:26:48 Apr 30 2018. AppID: 3000. UID: 10103. PID: 4052 ----
  INFO root [2018-08-01 16:08:33,826] - Server : Intel(R) Core(TM) i7-6700HQ CPU @ 2.60GHz with 2097151kB RAM
  INFO root [2018-08-01 16:08:33,827] - ThreadPool::createThreadPool: creating  threadpool...
  INFO root [2018-08-01 16:08:33,827] - ThreadPool::createThreadPool: successfully(2), newThreadCount=1, normalMaxThreadCount=2, maxThreadCount=8
 DEBUG root [2018-08-01 16:08:33,993] - Script::install_py_dlls(): PyInit_pyexpat
 DEBUG root [2018-08-01 16:08:33,993] - Script::install_py_dlls(): PyInit__socket
 DEBUG root [2018-08-01 16:08:33,994] - Script::install_py_dlls(): PyInit__ssl
 DEBUG root [2018-08-01 16:08:33,999] - Script::install_py_dlls(): PyInit__hashlib
 DEBUG root [2018-08-01 16:08:34,000] - Script::install_py_dlls(): PyInit_select
 DEBUG root [2018-08-01 16:08:34,000] - Script::install_py_dlls(): PyInit__ctypes
 DEBUG root [2018-08-01 16:08:34,001] - Script::install_py_dlls(): PyInit__elementtree
 DEBUG root [2018-08-01 16:08:34,071] - Script::install_py_dlls(): PyInit_unicodedata
  INFO root [2018-08-01 16:08:34,122] - Script::install(): is successfully, Python=(3.4.2 (default, Apr 30 2018, 16:26:41) [MSC v.1900 32 bit (Intel)])!
  INFO root [2018-08-01 16:08:34,122] - Script::install(): KBExtra is successfully!
S_INFO root [2018-08-01 16:08:34,139] - onInterfaceAppReady: bootstrapGroupIndex=0, bootstrapGlobalIndex=0
  INFO root [2018-08-01 16:08:34,151] - TelnetServer server is running on port 33000
  INFO root [2018-08-01 16:08:34,640] - ---- interfaces is running ----
 DEBUG root [2018-08-01 16:08:34,641] - Components::process(): Request for the process of identity...
  INFO root [2018-08-01 16:08:41,940] - Components::process(): Found all the components!
S_INFO root [2018-08-01 16:10:45,539] - onRequestAccountLogin: registerName=cxx
  WARN root [2018-08-01 16:12:44,490] - TCPPacketReceiver::processPendingEvents(127.0.0.1:6894): Throwing REASON_GENERAL_NETWORK - WSAECONNRESET
  INFO root [2018-08-01 16:12:46,646] - 
  INFO root [2018-08-01 16:12:46,647] - -----------------------------------------------------------------------------------------


  INFO root [2018-08-01 16:12:46,648] - Resmgr::initialize: KBE_ROOT=D:/kbengine/
  INFO root [2018-08-01 16:12:46,649] - Resmgr::initialize: KBE_RES_PATH=D:/kbengine/kbe/res/;D:/kbengine/assets_Battle of Gods/;D:/kbengine/assets_Battle of Gods/scripts/;D:/kbengine/assets_Battle of Gods/res/
  INFO root [2018-08-01 16:12:46,649] - Resmgr::initialize: KBE_BIN_PATH=D:/kbengine/kbe/bin/server/
  INFO root [2018-08-01 16:12:46,656] - NetworkInterface::initialize(INTERNAL): bound to all interfaces with default route interface on 10.139.66.192 ( 10.139.66.192:30099 )
  INFO root [2018-08-01 16:12:46,656] - NetworkInterface::initialize(INTERNAL): address 10.139.66.192:30099, SOMAXCONN=5.
  INFO root [2018-08-01 16:12:46,663] - ---- interfaces Version: 2.0.0. ScriptVersion: 0.1.0. Protocol: A3D4913C83C4082A29723B2DA267A5B0. Config: Debug X86. Built: 16:26:48 Apr 30 2018. AppID: 3000. UID: 10103. PID: 9412 ----
  INFO root [2018-08-01 16:12:46,664] - Server : Intel(R) Core(TM) i7-6700HQ CPU @ 2.60GHz with 2097151kB RAM
  INFO root [2018-08-01 16:12:46,664] - ThreadPool::createThreadPool: creating  threadpool...
  INFO root [2018-08-01 16:12:46,665] - ThreadPool::createThreadPool: successfully(2), newThreadCount=1, normalMaxThreadCount=2, maxThreadCount=8
 DEBUG root [2018-08-01 16:12:46,814] - Script::install_py_dlls(): PyInit_pyexpat
 DEBUG root [2018-08-01 16:12:46,814] - Script::install_py_dlls(): PyInit__socket
 DEBUG root [2018-08-01 16:12:46,815] - Script::install_py_dlls(): PyInit__ssl
 DEBUG root [2018-08-01 16:12:46,820] - Script::install_py_dlls(): PyInit__hashlib
 DEBUG root [2018-08-01 16:12:46,821] - Script::install_py_dlls(): PyInit_select
 DEBUG root [2018-08-01 16:12:46,821] - Script::install_py_dlls(): PyInit__ctypes
 DEBUG root [2018-08-01 16:12:46,822] - Script::install_py_dlls(): PyInit__elementtree
 DEBUG root [2018-08-01 16:12:46,881] - Script::install_py_dlls(): PyInit_unicodedata
  INFO root [2018-08-01 16:12:46,934] - Script::install(): is successfully, Python=(3.4.2 (default, Apr 30 2018, 16:26:41) [MSC v.1900 32 bit (Intel)])!
  INFO root [2018-08-01 16:12:46,934] - Script::install(): KBExtra is successfully!
S_INFO root [2018-08-01 16:12:46,948] - onInterfaceAppReady: bootstrapGroupIndex=0, bootstrapGlobalIndex=0
  INFO root [2018-08-01 16:12:46,960] - TelnetServer server is running on port 33000
  INFO root [2018-08-01 16:12:47,462] - ---- interfaces is running ----
 DEBUG root [2018-08-01 16:12:47,462] - Components::process(): Request for the process of identity...
  INFO root [2018-08-01 16:12:54,751] - Components::process(): Found all the components!
S_INFO root [2018-08-01 16:13:16,447] - onRequestAccountLogin: registerName=cxx
  WARN root [2018-08-01 16:15:12,235] - TCPPacketReceiver::processPendingEvents(127.0.0.1:7216): Throwing REASON_GENERAL_NETWORK - WSAECONNRESET
  INFO root [2018-08-01 16:15:14,330] - 
  INFO root [2018-08-01 16:15:14,330] - -----------------------------------------------------------------------------------------


  INFO root [2018-08-01 16:15:14,331] - Resmgr::initialize: KBE_ROOT=D:/kbengine/
  INFO root [2018-08-01 16:15:14,332] - Resmgr::initialize: KBE_RES_PATH=D:/kbengine/kbe/res/;D:/kbengine/assets_Battle of Gods/;D:/kbengine/assets_Battle of Gods/scripts/;D:/kbengine/assets_Battle of Gods/res/
  INFO root [2018-08-01 16:15:14,332] - Resmgr::initialize: KBE_BIN_PATH=D:/kbengine/kbe/bin/server/
  INFO root [2018-08-01 16:15:14,344] - NetworkInterface::initialize(INTERNAL): bound to all interfaces with default route interface on 10.139.66.192 ( 10.139.66.192:30099 )
  INFO root [2018-08-01 16:15:14,344] - NetworkInterface::initialize(INTERNAL): address 10.139.66.192:30099, SOMAXCONN=5.
  INFO root [2018-08-01 16:15:14,351] - ---- interfaces Version: 2.0.0. ScriptVersion: 0.1.0. Protocol: A3D4913C83C4082A29723B2DA267A5B0. Config: Debug X86. Built: 16:26:48 Apr 30 2018. AppID: 3000. UID: 10103. PID: 11628 ----
  INFO root [2018-08-01 16:15:14,351] - Server : Intel(R) Core(TM) i7-6700HQ CPU @ 2.60GHz with 2097151kB RAM
  INFO root [2018-08-01 16:15:14,353] - ThreadPool::createThreadPool: creating  threadpool...
  INFO root [2018-08-01 16:15:14,354] - ThreadPool::createThreadPool: successfully(2), newThreadCount=1, normalMaxThreadCount=2, maxThreadCount=8
 DEBUG root [2018-08-01 16:15:14,553] - Script::install_py_dlls(): PyInit_pyexpat
 DEBUG root [2018-08-01 16:15:14,554] - Script::install_py_dlls(): PyInit__socket
 DEBUG root [2018-08-01 16:15:14,554] - Script::install_py_dlls(): PyInit__ssl
 DEBUG root [2018-08-01 16:15:14,560] - Script::install_py_dlls(): PyInit__hashlib
 DEBUG root [2018-08-01 16:15:14,561] - Script::install_py_dlls(): PyInit_select
 DEBUG root [2018-08-01 16:15:14,561] - Script::install_py_dlls(): PyInit__ctypes
 DEBUG root [2018-08-01 16:15:14,562] - Script::install_py_dlls(): PyInit__elementtree
 DEBUG root [2018-08-01 16:15:14,631] - Script::install_py_dlls(): PyInit_unicodedata
  INFO root [2018-08-01 16:15:14,705] - Script::install(): is successfully, Python=(3.4.2 (default, Apr 30 2018, 16:26:41) [MSC v.1900 32 bit (Intel)])!
  INFO root [2018-08-01 16:15:14,705] - Script::install(): KBExtra is successfully!
S_INFO root [2018-08-01 16:15:14,723] - onInterfaceAppReady: bootstrapGroupIndex=0, bootstrapGlobalIndex=0
  INFO root [2018-08-01 16:15:14,734] - TelnetServer server is running on port 33000
  INFO root [2018-08-01 16:15:15,224] - ---- interfaces is running ----
 DEBUG root [2018-08-01 16:15:15,224] - Components::process(): Request for the process of identity...
  INFO root [2018-08-01 16:15:22,533] - Components::process(): Found all the components!
S_INFO root [2018-08-01 16:15:41,323] - onRequestCreateAccount: registerName=cxx
S_INFO root [2018-08-01 16:15:42,623] - onRequestAccountLogin: registerName=cxx
  WARN root [2018-08-01 16:17:32,826] - TCPPacketReceiver::processPendingEvents(127.0.0.1:7320): Throwing REASON_GENERAL_NETWORK - WSAECONNRESET
  INFO root [2018-08-01 16:17:34,884] - 
  INFO root [2018-08-01 16:17:34,885] - -----------------------------------------------------------------------------------------


  INFO root [2018-08-01 16:17:34,886] - Resmgr::initialize: KBE_ROOT=D:/kbengine/
  INFO root [2018-08-01 16:17:34,886] - Resmgr::initialize: KBE_RES_PATH=D:/kbengine/kbe/res/;D:/kbengine/assets_Battle of Gods/;D:/kbengine/assets_Battle of Gods/scripts/;D:/kbengine/assets_Battle of Gods/res/
  INFO root [2018-08-01 16:17:34,886] - Resmgr::initialize: KBE_BIN_PATH=D:/kbengine/kbe/bin/server/
  INFO root [2018-08-01 16:17:34,893] - NetworkInterface::initialize(INTERNAL): bound to all interfaces with default route interface on 10.139.66.192 ( 10.139.66.192:30099 )
  INFO root [2018-08-01 16:17:34,894] - NetworkInterface::initialize(INTERNAL): address 10.139.66.192:30099, SOMAXCONN=5.
  INFO root [2018-08-01 16:17:34,899] - ---- interfaces Version: 2.0.0. ScriptVersion: 0.1.0. Protocol: A3D4913C83C4082A29723B2DA267A5B0. Config: Debug X86. Built: 16:26:48 Apr 30 2018. AppID: 3000. UID: 10103. PID: 4724 ----
  INFO root [2018-08-01 16:17:34,900] - Server : Intel(R) Core(TM) i7-6700HQ CPU @ 2.60GHz with 2097151kB RAM
  INFO root [2018-08-01 16:17:34,900] - ThreadPool::createThreadPool: creating  threadpool...
  INFO root [2018-08-01 16:17:34,900] - ThreadPool::createThreadPool: successfully(2), newThreadCount=1, normalMaxThreadCount=2, maxThreadCount=8
 DEBUG root [2018-08-01 16:17:35,047] - Script::install_py_dlls(): PyInit_pyexpat
 DEBUG root [2018-08-01 16:17:35,048] - Script::install_py_dlls(): PyInit__socket
 DEBUG root [2018-08-01 16:17:35,049] - Script::install_py_dlls(): PyInit__ssl
 DEBUG root [2018-08-01 16:17:35,054] - Script::install_py_dlls(): PyInit__hashlib
 DEBUG root [2018-08-01 16:17:35,055] - Script::install_py_dlls(): PyInit_select
 DEBUG root [2018-08-01 16:17:35,055] - Script::install_py_dlls(): PyInit__ctypes
 DEBUG root [2018-08-01 16:17:35,056] - Script::install_py_dlls(): PyInit__elementtree
 DEBUG root [2018-08-01 16:17:35,113] - Script::install_py_dlls(): PyInit_unicodedata
  INFO root [2018-08-01 16:17:35,171] - Script::install(): is successfully, Python=(3.4.2 (default, Apr 30 2018, 16:26:41) [MSC v.1900 32 bit (Intel)])!
  INFO root [2018-08-01 16:17:35,171] - Script::install(): KBExtra is successfully!
S_INFO root [2018-08-01 16:17:35,184] - onInterfaceAppReady: bootstrapGroupIndex=0, bootstrapGlobalIndex=0
  INFO root [2018-08-01 16:17:35,200] - TelnetServer server is running on port 33000
  INFO root [2018-08-01 16:17:35,747] - ---- interfaces is running ----
 DEBUG root [2018-08-01 16:17:35,748] - Components::process(): Request for the process of identity...
  INFO root [2018-08-01 16:17:43,087] - Components::process(): Found all the components!
S_INFO root [2018-08-01 16:18:03,085] - onRequestAccountLogin: registerName=cxx
S_INFO root [2018-08-01 16:18:07,384] - onRequestCreateAccount: registerName=cxx
S_INFO root [2018-08-01 16:18:09,385] - onRequestAccountLogin: registerName=cxx
  WARN root [2018-08-01 16:23:47,471] - TCPPacketReceiver::processPendingEvents(127.0.0.1:7492): Throwing REASON_GENERAL_NETWORK - WSAECONNRESET
  INFO root [2018-08-01 16:23:49,480] - 
  INFO root [2018-08-01 16:23:49,481] - -----------------------------------------------------------------------------------------


  INFO root [2018-08-01 16:23:49,482] - Resmgr::initialize: KBE_ROOT=D:/kbengine/
  INFO root [2018-08-01 16:23:49,482] - Resmgr::initialize: KBE_RES_PATH=D:/kbengine/kbe/res/;D:/kbengine/assets_Battle of Gods/;D:/kbengine/assets_Battle of Gods/scripts/;D:/kbengine/assets_Battle of Gods/res/
  INFO root [2018-08-01 16:23:49,482] - Resmgr::initialize: KBE_BIN_PATH=D:/kbengine/kbe/bin/server/
  INFO root [2018-08-01 16:23:49,488] - NetworkInterface::initialize(INTERNAL): bound to all interfaces with default route interface on 10.139.66.192 ( 10.139.66.192:30099 )
  INFO root [2018-08-01 16:23:49,489] - NetworkInterface::initialize(INTERNAL): address 10.139.66.192:30099, SOMAXCONN=5.
  INFO root [2018-08-01 16:23:49,494] - ---- interfaces Version: 2.0.0. ScriptVersion: 0.1.0. Protocol: A3D4913C83C4082A29723B2DA267A5B0. Config: Debug X86. Built: 16:26:48 Apr 30 2018. AppID: 3000. UID: 10103. PID: 5936 ----
  INFO root [2018-08-01 16:23:49,494] - Server : Intel(R) Core(TM) i7-6700HQ CPU @ 2.60GHz with 2097151kB RAM
  INFO root [2018-08-01 16:23:49,495] - ThreadPool::createThreadPool: creating  threadpool...
  INFO root [2018-08-01 16:23:49,495] - ThreadPool::createThreadPool: successfully(2), newThreadCount=1, normalMaxThreadCount=2, maxThreadCount=8
 DEBUG root [2018-08-01 16:23:49,643] - Script::install_py_dlls(): PyInit_pyexpat
 DEBUG root [2018-08-01 16:23:49,644] - Script::install_py_dlls(): PyInit__socket
 DEBUG root [2018-08-01 16:23:49,644] - Script::install_py_dlls(): PyInit__ssl
 DEBUG root [2018-08-01 16:23:49,649] - Script::install_py_dlls(): PyInit__hashlib
 DEBUG root [2018-08-01 16:23:49,649] - Script::install_py_dlls(): PyInit_select
 DEBUG root [2018-08-01 16:23:49,650] - Script::install_py_dlls(): PyInit__ctypes
 DEBUG root [2018-08-01 16:23:49,651] - Script::install_py_dlls(): PyInit__elementtree
 DEBUG root [2018-08-01 16:23:49,703] - Script::install_py_dlls(): PyInit_unicodedata
  INFO root [2018-08-01 16:23:49,749] - Script::install(): is successfully, Python=(3.4.2 (default, Apr 30 2018, 16:26:41) [MSC v.1900 32 bit (Intel)])!
  INFO root [2018-08-01 16:23:49,749] - Script::install(): KBExtra is successfully!
S_INFO root [2018-08-01 16:23:49,761] - onInterfaceAppReady: bootstrapGroupIndex=0, bootstrapGlobalIndex=0
  INFO root [2018-08-01 16:23:49,773] - TelnetServer server is running on port 33000
  INFO root [2018-08-01 16:23:50,421] - ---- interfaces is running ----
 DEBUG root [2018-08-01 16:23:50,421] - Components::process(): Request for the process of identity...
  INFO root [2018-08-01 16:23:57,784] - Components::process(): Found all the components!
S_INFO root [2018-08-01 16:24:24,862] - onRequestAccountLogin: registerName=cxx
S_INFO root [2018-08-01 16:24:28,862] - onRequestCreateAccount: registerName=cxx
S_INFO root [2018-08-01 16:24:32,763] - onRequestAccountLogin: registerName=cxx
  WARN root [2018-08-01 16:27:31,066] - TCPPacketReceiver::processPendingEvents(127.0.0.1:7618): Throwing REASON_GENERAL_NETWORK - WSAECONNRESET
  INFO root [2018-08-01 16:27:33,380] - 
  INFO root [2018-08-01 16:27:33,391] - -----------------------------------------------------------------------------------------


  INFO root [2018-08-01 16:27:33,393] - Resmgr::initialize: KBE_ROOT=D:/kbengine/
  INFO root [2018-08-01 16:27:33,393] - Resmgr::initialize: KBE_RES_PATH=D:/kbengine/kbe/res/;D:/kbengine/assets_Battle of Gods/;D:/kbengine/assets_Battle of Gods/scripts/;D:/kbengine/assets_Battle of Gods/res/
  INFO root [2018-08-01 16:27:33,393] - Resmgr::initialize: KBE_BIN_PATH=D:/kbengine/kbe/bin/server/
  INFO root [2018-08-01 16:27:33,403] - NetworkInterface::initialize(INTERNAL): bound to all interfaces with default route interface on 10.139.66.192 ( 10.139.66.192:30099 )
  INFO root [2018-08-01 16:27:33,405] - NetworkInterface::initialize(INTERNAL): address 10.139.66.192:30099, SOMAXCONN=5.
  INFO root [2018-08-01 16:27:33,421] - ---- interfaces Version: 2.0.0. ScriptVersion: 0.1.0. Protocol: A3D4913C83C4082A29723B2DA267A5B0. Config: Debug X86. Built: 16:26:48 Apr 30 2018. AppID: 3000. UID: 10103. PID: 14004 ----
  INFO root [2018-08-01 16:27:33,422] - Server : Intel(R) Core(TM) i7-6700HQ CPU @ 2.60GHz with 2097151kB RAM
  INFO root [2018-08-01 16:27:33,423] - ThreadPool::createThreadPool: creating  threadpool...
  INFO root [2018-08-01 16:27:33,423] - ThreadPool::createThreadPool: successfully(2), newThreadCount=1, normalMaxThreadCount=2, maxThreadCount=8
 DEBUG root [2018-08-01 16:27:33,575] - Script::install_py_dlls(): PyInit_pyexpat
 DEBUG root [2018-08-01 16:27:33,576] - Script::install_py_dlls(): PyInit__socket
 DEBUG root [2018-08-01 16:27:33,577] - Script::install_py_dlls(): PyInit__ssl
 DEBUG root [2018-08-01 16:27:33,583] - Script::install_py_dlls(): PyInit__hashlib
 DEBUG root [2018-08-01 16:27:33,585] - Script::install_py_dlls(): PyInit_select
 DEBUG root [2018-08-01 16:27:33,586] - Script::install_py_dlls(): PyInit__ctypes
 DEBUG root [2018-08-01 16:27:33,588] - Script::install_py_dlls(): PyInit__elementtree
 DEBUG root [2018-08-01 16:27:33,685] - Script::install_py_dlls(): PyInit_unicodedata
  INFO root [2018-08-01 16:27:33,747] - Script::install(): is successfully, Python=(3.4.2 (default, Apr 30 2018, 16:26:41) [MSC v.1900 32 bit (Intel)])!
  INFO root [2018-08-01 16:27:33,747] - Script::install(): KBExtra is successfully!
S_INFO root [2018-08-01 16:27:33,763] - onInterfaceAppReady: bootstrapGroupIndex=0, bootstrapGlobalIndex=0
  INFO root [2018-08-01 16:27:33,772] - TelnetServer server is running on port 33000
  INFO root [2018-08-01 16:27:34,273] - ---- interfaces is running ----
 DEBUG root [2018-08-01 16:27:34,274] - Components::process(): Request for the process of identity...
  INFO root [2018-08-01 16:27:41,594] - Components::process(): Found all the components!
S_INFO root [2018-08-01 16:28:06,763] - onRequestCreateAccount: registerName=cxx
S_INFO root [2018-08-01 16:28:07,964] - onRequestAccountLogin: registerName=cxx
  WARN root [2018-08-01 16:29:37,848] - TCPPacketReceiver::processPendingEvents(127.0.0.1:7752): Throwing REASON_GENERAL_NETWORK - WSAECONNRESET
  INFO root [2018-08-01 16:29:39,876] - 
  INFO root [2018-08-01 16:29:39,877] - -----------------------------------------------------------------------------------------


  INFO root [2018-08-01 16:29:39,878] - Resmgr::initialize: KBE_ROOT=D:/kbengine/
  INFO root [2018-08-01 16:29:39,878] - Resmgr::initialize: KBE_RES_PATH=D:/kbengine/kbe/res/;D:/kbengine/assets_Battle of Gods/;D:/kbengine/assets_Battle of Gods/scripts/;D:/kbengine/assets_Battle of Gods/res/
  INFO root [2018-08-01 16:29:39,878] - Resmgr::initialize: KBE_BIN_PATH=D:/kbengine/kbe/bin/server/
  INFO root [2018-08-01 16:29:39,884] - NetworkInterface::initialize(INTERNAL): bound to all interfaces with default route interface on 10.139.66.192 ( 10.139.66.192:30099 )
  INFO root [2018-08-01 16:29:39,885] - NetworkInterface::initialize(INTERNAL): address 10.139.66.192:30099, SOMAXCONN=5.
  INFO root [2018-08-01 16:29:39,891] - ---- interfaces Version: 2.0.0. ScriptVersion: 0.1.0. Protocol: A3D4913C83C4082A29723B2DA267A5B0. Config: Debug X86. Built: 16:26:48 Apr 30 2018. AppID: 3000. UID: 10103. PID: 13512 ----
  INFO root [2018-08-01 16:29:39,892] - Server : Intel(R) Core(TM) i7-6700HQ CPU @ 2.60GHz with 2097151kB RAM
  INFO root [2018-08-01 16:29:39,892] - ThreadPool::createThreadPool: creating  threadpool...
  INFO root [2018-08-01 16:29:39,892] - ThreadPool::createThreadPool: successfully(2), newThreadCount=1, normalMaxThreadCount=2, maxThreadCount=8
 DEBUG root [2018-08-01 16:29:40,049] - Script::install_py_dlls(): PyInit_pyexpat
 DEBUG root [2018-08-01 16:29:40,050] - Script::install_py_dlls(): PyInit__socket
 DEBUG root [2018-08-01 16:29:40,050] - Script::install_py_dlls(): PyInit__ssl
 DEBUG root [2018-08-01 16:29:40,054] - Script::install_py_dlls(): PyInit__hashlib
 DEBUG root [2018-08-01 16:29:40,055] - Script::install_py_dlls(): PyInit_select
 DEBUG root [2018-08-01 16:29:40,055] - Script::install_py_dlls(): PyInit__ctypes
 DEBUG root [2018-08-01 16:29:40,056] - Script::install_py_dlls(): PyInit__elementtree
 DEBUG root [2018-08-01 16:29:40,121] - Script::install_py_dlls(): PyInit_unicodedata
  INFO root [2018-08-01 16:29:40,184] - Script::install(): is successfully, Python=(3.4.2 (default, Apr 30 2018, 16:26:41) [MSC v.1900 32 bit (Intel)])!
  INFO root [2018-08-01 16:29:40,185] - Script::install(): KBExtra is successfully!
S_INFO root [2018-08-01 16:29:40,203] - onInterfaceAppReady: bootstrapGroupIndex=0, bootstrapGlobalIndex=0
  INFO root [2018-08-01 16:29:40,218] - TelnetServer server is running on port 33000
  INFO root [2018-08-01 16:29:40,853] - ---- interfaces is running ----
 DEBUG root [2018-08-01 16:29:40,853] - Components::process(): Request for the process of identity...
  INFO root [2018-08-01 16:29:48,304] - Components::process(): Found all the components!
S_INFO root [2018-08-01 16:30:03,504] - onRequestCreateAccount: registerName=cxx
S_INFO root [2018-08-01 16:30:04,803] - onRequestAccountLogin: registerName=cxx
S_INFO root [2018-08-01 16:30:54,703] - onRequestAccountLogin: registerName=cxx
S_INFO root [2018-08-01 16:32:13,803] - onRequestAccountLogin: registerName=cxx
S_INFO root [2018-08-01 16:32:44,303] - onRequestAccountLogin: registerName=cxx
S_INFO root [2018-08-01 16:33:32,804] - onRequestAccountLogin: registerName=cxx
S_INFO root [2018-08-01 16:34:36,203] - onRequestAccountLogin: registerName=cxx
S_INFO root [2018-08-01 16:35:14,603] - onRequestAccountLogin: registerName=cxx
  WARN root [2018-08-01 16:36:39,231] - TCPPacketReceiver::processPendingEvents(127.0.0.1:7835): Throwing REASON_GENERAL_NETWORK - WSAECONNRESET
  INFO root [2018-08-01 16:36:41,895] - 
  INFO root [2018-08-01 16:36:41,896] - -----------------------------------------------------------------------------------------


  INFO root [2018-08-01 16:36:41,897] - Resmgr::initialize: KBE_ROOT=D:/kbengine/
  INFO root [2018-08-01 16:36:41,897] - Resmgr::initialize: KBE_RES_PATH=D:/kbengine/kbe/res/;D:/kbengine/assets_Battle of Gods/;D:/kbengine/assets_Battle of Gods/scripts/;D:/kbengine/assets_Battle of Gods/res/
  INFO root [2018-08-01 16:36:41,897] - Resmgr::initialize: KBE_BIN_PATH=D:/kbengine/kbe/bin/server/
  INFO root [2018-08-01 16:36:41,909] - NetworkInterface::initialize(INTERNAL): bound to all interfaces with default route interface on 10.139.66.192 ( 10.139.66.192:30099 )
  INFO root [2018-08-01 16:36:41,910] - NetworkInterface::initialize(INTERNAL): address 10.139.66.192:30099, SOMAXCONN=5.
  INFO root [2018-08-01 16:36:41,919] - ---- interfaces Version: 2.0.0. ScriptVersion: 0.1.0. Protocol: A3D4913C83C4082A29723B2DA267A5B0. Config: Debug X86. Built: 16:26:48 Apr 30 2018. AppID: 3000. UID: 10103. PID: 9412 ----
  INFO root [2018-08-01 16:36:41,919] - Server : Intel(R) Core(TM) i7-6700HQ CPU @ 2.60GHz with 2097151kB RAM
  INFO root [2018-08-01 16:36:41,920] - ThreadPool::createThreadPool: creating  threadpool...
  INFO root [2018-08-01 16:36:41,920] - ThreadPool::createThreadPool: successfully(2), newThreadCount=1, normalMaxThreadCount=2, maxThreadCount=8
 DEBUG root [2018-08-01 16:36:42,077] - Script::install_py_dlls(): PyInit_pyexpat
 DEBUG root [2018-08-01 16:36:42,078] - Script::install_py_dlls(): PyInit__socket
 DEBUG root [2018-08-01 16:36:42,079] - Script::install_py_dlls(): PyInit__ssl
 DEBUG root [2018-08-01 16:36:42,084] - Script::install_py_dlls(): PyInit__hashlib
 DEBUG root [2018-08-01 16:36:42,085] - Script::install_py_dlls(): PyInit_select
 DEBUG root [2018-08-01 16:36:42,085] - Script::install_py_dlls(): PyInit__ctypes
 DEBUG root [2018-08-01 16:36:42,086] - Script::install_py_dlls(): PyInit__elementtree
 DEBUG root [2018-08-01 16:36:42,209] - Script::install_py_dlls(): PyInit_unicodedata
  INFO root [2018-08-01 16:36:42,296] - Script::install(): is successfully, Python=(3.4.2 (default, Apr 30 2018, 16:26:41) [MSC v.1900 32 bit (Intel)])!
  INFO root [2018-08-01 16:36:42,296] - Script::install(): KBExtra is successfully!
S_INFO root [2018-08-01 16:36:42,318] - onInterfaceAppReady: bootstrapGroupIndex=0, bootstrapGlobalIndex=0
  INFO root [2018-08-01 16:36:42,329] - TelnetServer server is running on port 33000
  INFO root [2018-08-01 16:36:42,788] - ---- interfaces is running ----
 DEBUG root [2018-08-01 16:36:42,788] - Components::process(): Request for the process of identity...
  INFO root [2018-08-01 16:36:50,119] - Components::process(): Found all the components!
S_INFO root [2018-08-01 16:37:14,019] - onRequestAccountLogin: registerName=cxx
  WARN root [2018-08-01 16:41:58,796] - TCPPacketReceiver::processPendingEvents(127.0.0.1:8051): Throwing REASON_GENERAL_NETWORK - WSAECONNRESET
  INFO root [2018-08-01 16:42:00,780] - 
  INFO root [2018-08-01 16:42:00,780] - -----------------------------------------------------------------------------------------


  INFO root [2018-08-01 16:42:00,781] - Resmgr::initialize: KBE_ROOT=D:/kbengine/
  INFO root [2018-08-01 16:42:00,782] - Resmgr::initialize: KBE_RES_PATH=D:/kbengine/kbe/res/;D:/kbengine/assets_Battle of Gods/;D:/kbengine/assets_Battle of Gods/scripts/;D:/kbengine/assets_Battle of Gods/res/
  INFO root [2018-08-01 16:42:00,782] - Resmgr::initialize: KBE_BIN_PATH=D:/kbengine/kbe/bin/server/
  INFO root [2018-08-01 16:42:00,788] - NetworkInterface::initialize(INTERNAL): bound to all interfaces with default route interface on 10.139.66.192 ( 10.139.66.192:30099 )
  INFO root [2018-08-01 16:42:00,790] - NetworkInterface::initialize(INTERNAL): address 10.139.66.192:30099, SOMAXCONN=5.
  INFO root [2018-08-01 16:42:00,796] - ---- interfaces Version: 2.0.0. ScriptVersion: 0.1.0. Protocol: A3D4913C83C4082A29723B2DA267A5B0. Config: Debug X86. Built: 16:26:48 Apr 30 2018. AppID: 3000. UID: 10103. PID: 1524 ----
  INFO root [2018-08-01 16:42:00,796] - Server : Intel(R) Core(TM) i7-6700HQ CPU @ 2.60GHz with 2097151kB RAM
  INFO root [2018-08-01 16:42:00,797] - ThreadPool::createThreadPool: creating  threadpool...
  INFO root [2018-08-01 16:42:00,797] - ThreadPool::createThreadPool: successfully(2), newThreadCount=1, normalMaxThreadCount=2, maxThreadCount=8
 DEBUG root [2018-08-01 16:42:00,945] - Script::install_py_dlls(): PyInit_pyexpat
 DEBUG root [2018-08-01 16:42:00,946] - Script::install_py_dlls(): PyInit__socket
 DEBUG root [2018-08-01 16:42:00,946] - Script::install_py_dlls(): PyInit__ssl
 DEBUG root [2018-08-01 16:42:00,950] - Script::install_py_dlls(): PyInit__hashlib
 DEBUG root [2018-08-01 16:42:00,951] - Script::install_py_dlls(): PyInit_select
 DEBUG root [2018-08-01 16:42:00,951] - Script::install_py_dlls(): PyInit__ctypes
 DEBUG root [2018-08-01 16:42:00,951] - Script::install_py_dlls(): PyInit__elementtree
 DEBUG root [2018-08-01 16:42:01,009] - Script::install_py_dlls(): PyInit_unicodedata
  INFO root [2018-08-01 16:42:01,068] - Script::install(): is successfully, Python=(3.4.2 (default, Apr 30 2018, 16:26:41) [MSC v.1900 32 bit (Intel)])!
  INFO root [2018-08-01 16:42:01,068] - Script::install(): KBExtra is successfully!
S_INFO root [2018-08-01 16:42:01,082] - onInterfaceAppReady: bootstrapGroupIndex=0, bootstrapGlobalIndex=0
  INFO root [2018-08-01 16:42:01,090] - TelnetServer server is running on port 33000
  INFO root [2018-08-01 16:42:01,785] - ---- interfaces is running ----
 DEBUG root [2018-08-01 16:42:01,786] - Components::process(): Request for the process of identity...
  INFO root [2018-08-01 16:42:09,283] - Components::process(): Found all the components!
S_INFO root [2018-08-01 16:42:28,683] - onRequestAccountLogin: registerName=cxx
  WARN root [2018-08-01 16:43:59,351] - TCPPacketReceiver::processPendingEvents(127.0.0.1:8199): Throwing REASON_GENERAL_NETWORK - WSAECONNRESET
  INFO root [2018-08-01 16:44:01,476] - 
  INFO root [2018-08-01 16:44:01,477] - -----------------------------------------------------------------------------------------


  INFO root [2018-08-01 16:44:01,478] - Resmgr::initialize: KBE_ROOT=D:/kbengine/
  INFO root [2018-08-01 16:44:01,479] - Resmgr::initialize: KBE_RES_PATH=D:/kbengine/kbe/res/;D:/kbengine/assets_Battle of Gods/;D:/kbengine/assets_Battle of Gods/scripts/;D:/kbengine/assets_Battle of Gods/res/
  INFO root [2018-08-01 16:44:01,479] - Resmgr::initialize: KBE_BIN_PATH=D:/kbengine/kbe/bin/server/
  INFO root [2018-08-01 16:44:01,490] - NetworkInterface::initialize(INTERNAL): bound to all interfaces with default route interface on 10.139.66.192 ( 10.139.66.192:30099 )
  INFO root [2018-08-01 16:44:01,491] - NetworkInterface::initialize(INTERNAL): address 10.139.66.192:30099, SOMAXCONN=5.
  INFO root [2018-08-01 16:44:01,499] - ---- interfaces Version: 2.0.0. ScriptVersion: 0.1.0. Protocol: A3D4913C83C4082A29723B2DA267A5B0. Config: Debug X86. Built: 16:26:48 Apr 30 2018. AppID: 3000. UID: 10103. PID: 12220 ----
  INFO root [2018-08-01 16:44:01,499] - Server : Intel(R) Core(TM) i7-6700HQ CPU @ 2.60GHz with 2097151kB RAM
  INFO root [2018-08-01 16:44:01,500] - ThreadPool::createThreadPool: creating  threadpool...
  INFO root [2018-08-01 16:44:01,500] - ThreadPool::createThreadPool: successfully(2), newThreadCount=1, normalMaxThreadCount=2, maxThreadCount=8
 DEBUG root [2018-08-01 16:44:01,638] - Script::install_py_dlls(): PyInit_pyexpat
 DEBUG root [2018-08-01 16:44:01,639] - Script::install_py_dlls(): PyInit__socket
 DEBUG root [2018-08-01 16:44:01,639] - Script::install_py_dlls(): PyInit__ssl
 DEBUG root [2018-08-01 16:44:01,643] - Script::install_py_dlls(): PyInit__hashlib
 DEBUG root [2018-08-01 16:44:01,643] - Script::install_py_dlls(): PyInit_select
 DEBUG root [2018-08-01 16:44:01,643] - Script::install_py_dlls(): PyInit__ctypes
 DEBUG root [2018-08-01 16:44:01,644] - Script::install_py_dlls(): PyInit__elementtree
 DEBUG root [2018-08-01 16:44:01,701] - Script::install_py_dlls(): PyInit_unicodedata
  INFO root [2018-08-01 16:44:01,756] - Script::install(): is successfully, Python=(3.4.2 (default, Apr 30 2018, 16:26:41) [MSC v.1900 32 bit (Intel)])!
  INFO root [2018-08-01 16:44:01,757] - Script::install(): KBExtra is successfully!
S_INFO root [2018-08-01 16:44:01,770] - onInterfaceAppReady: bootstrapGroupIndex=0, bootstrapGlobalIndex=0
  INFO root [2018-08-01 16:44:01,779] - TelnetServer server is running on port 33000
  INFO root [2018-08-01 16:44:02,316] - ---- interfaces is running ----
 DEBUG root [2018-08-01 16:44:02,317] - Components::process(): Request for the process of identity...
  INFO root [2018-08-01 16:44:09,681] - Components::process(): Found all the components!
S_INFO root [2018-08-01 16:45:08,370] - onRequestAccountLogin: registerName=cxx
  WARN root [2018-08-01 16:45:41,191] - TCPPacketReceiver::processPendingEvents(127.0.0.1:8293): Throwing REASON_GENERAL_NETWORK - WSAECONNRESET
  INFO root [2018-08-01 16:45:43,254] - 
  INFO root [2018-08-01 16:45:43,255] - -----------------------------------------------------------------------------------------


  INFO root [2018-08-01 16:45:43,255] - Resmgr::initialize: KBE_ROOT=D:/kbengine/
  INFO root [2018-08-01 16:45:43,256] - Resmgr::initialize: KBE_RES_PATH=D:/kbengine/kbe/res/;D:/kbengine/assets_Battle of Gods/;D:/kbengine/assets_Battle of Gods/scripts/;D:/kbengine/assets_Battle of Gods/res/
  INFO root [2018-08-01 16:45:43,256] - Resmgr::initialize: KBE_BIN_PATH=D:/kbengine/kbe/bin/server/
  INFO root [2018-08-01 16:45:43,262] - NetworkInterface::initialize(INTERNAL): bound to all interfaces with default route interface on 10.139.66.192 ( 10.139.66.192:30099 )
  INFO root [2018-08-01 16:45:43,262] - NetworkInterface::initialize(INTERNAL): address 10.139.66.192:30099, SOMAXCONN=5.
  INFO root [2018-08-01 16:45:43,266] - ---- interfaces Version: 2.0.0. ScriptVersion: 0.1.0. Protocol: A3D4913C83C4082A29723B2DA267A5B0. Config: Debug X86. Built: 16:26:48 Apr 30 2018. AppID: 3000. UID: 10103. PID: 5228 ----
  INFO root [2018-08-01 16:45:43,267] - Server : Intel(R) Core(TM) i7-6700HQ CPU @ 2.60GHz with 2097151kB RAM
  INFO root [2018-08-01 16:45:43,267] - ThreadPool::createThreadPool: creating  threadpool...
  INFO root [2018-08-01 16:45:43,267] - ThreadPool::createThreadPool: successfully(2), newThreadCount=1, normalMaxThreadCount=2, maxThreadCount=8
 DEBUG root [2018-08-01 16:45:43,413] - Script::install_py_dlls(): PyInit_pyexpat
 DEBUG root [2018-08-01 16:45:43,413] - Script::install_py_dlls(): PyInit__socket
 DEBUG root [2018-08-01 16:45:43,414] - Script::install_py_dlls(): PyInit__ssl
 DEBUG root [2018-08-01 16:45:43,419] - Script::install_py_dlls(): PyInit__hashlib
 DEBUG root [2018-08-01 16:45:43,419] - Script::install_py_dlls(): PyInit_select
 DEBUG root [2018-08-01 16:45:43,420] - Script::install_py_dlls(): PyInit__ctypes
 DEBUG root [2018-08-01 16:45:43,421] - Script::install_py_dlls(): PyInit__elementtree
 DEBUG root [2018-08-01 16:45:43,478] - Script::install_py_dlls(): PyInit_unicodedata
  INFO root [2018-08-01 16:45:43,532] - Script::install(): is successfully, Python=(3.4.2 (default, Apr 30 2018, 16:26:41) [MSC v.1900 32 bit (Intel)])!
  INFO root [2018-08-01 16:45:43,532] - Script::install(): KBExtra is successfully!
S_INFO root [2018-08-01 16:45:43,547] - onInterfaceAppReady: bootstrapGroupIndex=0, bootstrapGlobalIndex=0
  INFO root [2018-08-01 16:45:43,563] - TelnetServer server is running on port 33000
  INFO root [2018-08-01 16:45:44,087] - ---- interfaces is running ----
 DEBUG root [2018-08-01 16:45:44,088] - Components::process(): Request for the process of identity...
  INFO root [2018-08-01 16:45:51,457] - Components::process(): Found all the components!
S_INFO root [2018-08-01 16:46:11,647] - onRequestAccountLogin: registerName=cxx
  WARN root [2018-08-01 16:46:36,009] - TCPPacketReceiver::processPendingEvents(127.0.0.1:8377): Throwing REASON_GENERAL_NETWORK - WSAECONNRESET
  INFO root [2018-08-01 16:46:38,014] - 
  INFO root [2018-08-01 16:46:38,014] - -----------------------------------------------------------------------------------------


  INFO root [2018-08-01 16:46:38,015] - Resmgr::initialize: KBE_ROOT=D:/kbengine/
  INFO root [2018-08-01 16:46:38,015] - Resmgr::initialize: KBE_RES_PATH=D:/kbengine/kbe/res/;D:/kbengine/assets_Battle of Gods/;D:/kbengine/assets_Battle of Gods/scripts/;D:/kbengine/assets_Battle of Gods/res/
  INFO root [2018-08-01 16:46:38,016] - Resmgr::initialize: KBE_BIN_PATH=D:/kbengine/kbe/bin/server/
  INFO root [2018-08-01 16:46:38,021] - NetworkInterface::initialize(INTERNAL): bound to all interfaces with default route interface on 10.139.66.192 ( 10.139.66.192:30099 )
  INFO root [2018-08-01 16:46:38,022] - NetworkInterface::initialize(INTERNAL): address 10.139.66.192:30099, SOMAXCONN=5.
  INFO root [2018-08-01 16:46:38,027] - ---- interfaces Version: 2.0.0. ScriptVersion: 0.1.0. Protocol: A3D4913C83C4082A29723B2DA267A5B0. Config: Debug X86. Built: 16:26:48 Apr 30 2018. AppID: 3000. UID: 10103. PID: 15864 ----
  INFO root [2018-08-01 16:46:38,027] - Server : Intel(R) Core(TM) i7-6700HQ CPU @ 2.60GHz with 2097151kB RAM
  INFO root [2018-08-01 16:46:38,027] - ThreadPool::createThreadPool: creating  threadpool...
  INFO root [2018-08-01 16:46:38,028] - ThreadPool::createThreadPool: successfully(2), newThreadCount=1, normalMaxThreadCount=2, maxThreadCount=8
 DEBUG root [2018-08-01 16:46:38,180] - Script::install_py_dlls(): PyInit_pyexpat
 DEBUG root [2018-08-01 16:46:38,181] - Script::install_py_dlls(): PyInit__socket
 DEBUG root [2018-08-01 16:46:38,182] - Script::install_py_dlls(): PyInit__ssl
 DEBUG root [2018-08-01 16:46:38,187] - Script::install_py_dlls(): PyInit__hashlib
 DEBUG root [2018-08-01 16:46:38,187] - Script::install_py_dlls(): PyInit_select
 DEBUG root [2018-08-01 16:46:38,187] - Script::install_py_dlls(): PyInit__ctypes
 DEBUG root [2018-08-01 16:46:38,188] - Script::install_py_dlls(): PyInit__elementtree
 DEBUG root [2018-08-01 16:46:38,252] - Script::install_py_dlls(): PyInit_unicodedata
  INFO root [2018-08-01 16:46:38,319] - Script::install(): is successfully, Python=(3.4.2 (default, Apr 30 2018, 16:26:41) [MSC v.1900 32 bit (Intel)])!
  INFO root [2018-08-01 16:46:38,319] - Script::install(): KBExtra is successfully!
S_INFO root [2018-08-01 16:46:38,340] - onInterfaceAppReady: bootstrapGroupIndex=0, bootstrapGlobalIndex=0
  INFO root [2018-08-01 16:46:38,359] - TelnetServer server is running on port 33000
  INFO root [2018-08-01 16:46:38,965] - ---- interfaces is running ----
 DEBUG root [2018-08-01 16:46:38,965] - Components::process(): Request for the process of identity...
  INFO root [2018-08-01 16:46:46,317] - Components::process(): Found all the components!
S_INFO root [2018-08-01 16:47:03,041] - onRequestAccountLogin: registerName=cxx
  WARN root [2018-08-01 16:48:15,858] - TCPPacketReceiver::processPendingEvents(127.0.0.1:8442): Throwing REASON_GENERAL_NETWORK - WSAECONNRESET
  INFO root [2018-08-01 16:48:17,904] - 
  INFO root [2018-08-01 16:48:17,905] - -----------------------------------------------------------------------------------------


  INFO root [2018-08-01 16:48:17,906] - Resmgr::initialize: KBE_ROOT=D:/kbengine/
  INFO root [2018-08-01 16:48:17,907] - Resmgr::initialize: KBE_RES_PATH=D:/kbengine/kbe/res/;D:/kbengine/assets_Battle of Gods/;D:/kbengine/assets_Battle of Gods/scripts/;D:/kbengine/assets_Battle of Gods/res/
  INFO root [2018-08-01 16:48:17,907] - Resmgr::initialize: KBE_BIN_PATH=D:/kbengine/kbe/bin/server/
  INFO root [2018-08-01 16:48:17,914] - NetworkInterface::initialize(INTERNAL): bound to all interfaces with default route interface on 10.139.66.192 ( 10.139.66.192:30099 )
  INFO root [2018-08-01 16:48:17,914] - NetworkInterface::initialize(INTERNAL): address 10.139.66.192:30099, SOMAXCONN=5.
  INFO root [2018-08-01 16:48:17,921] - ---- interfaces Version: 2.0.0. ScriptVersion: 0.1.0. Protocol: A3D4913C83C4082A29723B2DA267A5B0. Config: Debug X86. Built: 16:26:48 Apr 30 2018. AppID: 3000. UID: 10103. PID: 8492 ----
  INFO root [2018-08-01 16:48:17,922] - Server : Intel(R) Core(TM) i7-6700HQ CPU @ 2.60GHz with 2097151kB RAM
  INFO root [2018-08-01 16:48:17,922] - ThreadPool::createThreadPool: creating  threadpool...
  INFO root [2018-08-01 16:48:17,922] - ThreadPool::createThreadPool: successfully(2), newThreadCount=1, normalMaxThreadCount=2, maxThreadCount=8
 DEBUG root [2018-08-01 16:48:18,089] - Script::install_py_dlls(): PyInit_pyexpat
 DEBUG root [2018-08-01 16:48:18,090] - Script::install_py_dlls(): PyInit__socket
 DEBUG root [2018-08-01 16:48:18,091] - Script::install_py_dlls(): PyInit__ssl
 DEBUG root [2018-08-01 16:48:18,096] - Script::install_py_dlls(): PyInit__hashlib
 DEBUG root [2018-08-01 16:48:18,097] - Script::install_py_dlls(): PyInit_select
 DEBUG root [2018-08-01 16:48:18,097] - Script::install_py_dlls(): PyInit__ctypes
 DEBUG root [2018-08-01 16:48:18,098] - Script::install_py_dlls(): PyInit__elementtree
 DEBUG root [2018-08-01 16:48:18,166] - Script::install_py_dlls(): PyInit_unicodedata
  INFO root [2018-08-01 16:48:18,229] - Script::install(): is successfully, Python=(3.4.2 (default, Apr 30 2018, 16:26:41) [MSC v.1900 32 bit (Intel)])!
  INFO root [2018-08-01 16:48:18,229] - Script::install(): KBExtra is successfully!
S_INFO root [2018-08-01 16:48:18,246] - onInterfaceAppReady: bootstrapGroupIndex=0, bootstrapGlobalIndex=0
  INFO root [2018-08-01 16:48:18,258] - TelnetServer server is running on port 33000
  INFO root [2018-08-01 16:48:18,808] - ---- interfaces is running ----
 DEBUG root [2018-08-01 16:48:18,808] - Components::process(): Request for the process of identity...
  INFO root [2018-08-01 16:48:26,147] - Components::process(): Found all the components!
S_INFO root [2018-08-01 16:48:42,347] - onRequestAccountLogin: registerName=cxx
S_INFO root [2018-08-01 16:49:47,746] - onRequestAccountLogin: registerName=cxx
S_INFO root [2018-08-01 16:50:33,946] - onRequestAccountLogin: registerName=cxx
  WARN root [2018-08-01 16:51:10,495] - TCPPacketReceiver::processPendingEvents(127.0.0.1:8512): Throwing REASON_GENERAL_NETWORK - WSAECONNRESET
  INFO root [2018-08-01 16:51:12,547] - 
  INFO root [2018-08-01 16:51:12,548] - -----------------------------------------------------------------------------------------


  INFO root [2018-08-01 16:51:12,549] - Resmgr::initialize: KBE_ROOT=D:/kbengine/
  INFO root [2018-08-01 16:51:12,549] - Resmgr::initialize: KBE_RES_PATH=D:/kbengine/kbe/res/;D:/kbengine/assets_Battle of Gods/;D:/kbengine/assets_Battle of Gods/scripts/;D:/kbengine/assets_Battle of Gods/res/
  INFO root [2018-08-01 16:51:12,549] - Resmgr::initialize: KBE_BIN_PATH=D:/kbengine/kbe/bin/server/
  INFO root [2018-08-01 16:51:12,555] - NetworkInterface::initialize(INTERNAL): bound to all interfaces with default route interface on 10.139.66.192 ( 10.139.66.192:30099 )
  INFO root [2018-08-01 16:51:12,556] - NetworkInterface::initialize(INTERNAL): address 10.139.66.192:30099, SOMAXCONN=5.
  INFO root [2018-08-01 16:51:12,561] - ---- interfaces Version: 2.0.0. ScriptVersion: 0.1.0. Protocol: A3D4913C83C4082A29723B2DA267A5B0. Config: Debug X86. Built: 16:26:48 Apr 30 2018. AppID: 3000. UID: 10103. PID: 4536 ----
  INFO root [2018-08-01 16:51:12,561] - Server : Intel(R) Core(TM) i7-6700HQ CPU @ 2.60GHz with 2097151kB RAM
  INFO root [2018-08-01 16:51:12,562] - ThreadPool::createThreadPool: creating  threadpool...
  INFO root [2018-08-01 16:51:12,562] - ThreadPool::createThreadPool: successfully(2), newThreadCount=1, normalMaxThreadCount=2, maxThreadCount=8
 DEBUG root [2018-08-01 16:51:12,701] - Script::install_py_dlls(): PyInit_pyexpat
 DEBUG root [2018-08-01 16:51:12,702] - Script::install_py_dlls(): PyInit__socket
 DEBUG root [2018-08-01 16:51:12,702] - Script::install_py_dlls(): PyInit__ssl
 DEBUG root [2018-08-01 16:51:12,706] - Script::install_py_dlls(): PyInit__hashlib
 DEBUG root [2018-08-01 16:51:12,706] - Script::install_py_dlls(): PyInit_select
 DEBUG root [2018-08-01 16:51:12,706] - Script::install_py_dlls(): PyInit__ctypes
 DEBUG root [2018-08-01 16:51:12,707] - Script::install_py_dlls(): PyInit__elementtree
 DEBUG root [2018-08-01 16:51:12,759] - Script::install_py_dlls(): PyInit_unicodedata
  INFO root [2018-08-01 16:51:12,808] - Script::install(): is successfully, Python=(3.4.2 (default, Apr 30 2018, 16:26:41) [MSC v.1900 32 bit (Intel)])!
  INFO root [2018-08-01 16:51:12,809] - Script::install(): KBExtra is successfully!
S_INFO root [2018-08-01 16:51:12,821] - onInterfaceAppReady: bootstrapGroupIndex=0, bootstrapGlobalIndex=0
  INFO root [2018-08-01 16:51:12,831] - TelnetServer server is running on port 33000
  INFO root [2018-08-01 16:51:13,380] - ---- interfaces is running ----
 DEBUG root [2018-08-01 16:51:13,381] - Components::process(): Request for the process of identity...
  INFO root [2018-08-01 16:51:20,722] - Components::process(): Found all the components!
S_INFO root [2018-08-01 16:51:48,222] - onRequestAccountLogin: registerName=cxx
  WARN root [2018-08-01 16:53:09,505] - TCPPacketReceiver::processPendingEvents(127.0.0.1:8611): Throwing REASON_GENERAL_NETWORK - WSAECONNRESET
  INFO root [2018-08-01 16:53:11,521] - 
  INFO root [2018-08-01 16:53:11,521] - -----------------------------------------------------------------------------------------


  INFO root [2018-08-01 16:53:11,522] - Resmgr::initialize: KBE_ROOT=D:/kbengine/
  INFO root [2018-08-01 16:53:11,522] - Resmgr::initialize: KBE_RES_PATH=D:/kbengine/kbe/res/;D:/kbengine/assets_Battle of Gods/;D:/kbengine/assets_Battle of Gods/scripts/;D:/kbengine/assets_Battle of Gods/res/
  INFO root [2018-08-01 16:53:11,523] - Resmgr::initialize: KBE_BIN_PATH=D:/kbengine/kbe/bin/server/
  INFO root [2018-08-01 16:53:11,529] - NetworkInterface::initialize(INTERNAL): bound to all interfaces with default route interface on 10.139.66.192 ( 10.139.66.192:30099 )
  INFO root [2018-08-01 16:53:11,529] - NetworkInterface::initialize(INTERNAL): address 10.139.66.192:30099, SOMAXCONN=5.
  INFO root [2018-08-01 16:53:11,534] - ---- interfaces Version: 2.0.0. ScriptVersion: 0.1.0. Protocol: A3D4913C83C4082A29723B2DA267A5B0. Config: Debug X86. Built: 16:26:48 Apr 30 2018. AppID: 3000. UID: 10103. PID: 6052 ----
  INFO root [2018-08-01 16:53:11,535] - Server : Intel(R) Core(TM) i7-6700HQ CPU @ 2.60GHz with 2097151kB RAM
  INFO root [2018-08-01 16:53:11,535] - ThreadPool::createThreadPool: creating  threadpool...
  INFO root [2018-08-01 16:53:11,535] - ThreadPool::createThreadPool: successfully(2), newThreadCount=1, normalMaxThreadCount=2, maxThreadCount=8
 DEBUG root [2018-08-01 16:53:11,685] - Script::install_py_dlls(): PyInit_pyexpat
 DEBUG root [2018-08-01 16:53:11,686] - Script::install_py_dlls(): PyInit__socket
 DEBUG root [2018-08-01 16:53:11,686] - Script::install_py_dlls(): PyInit__ssl
 DEBUG root [2018-08-01 16:53:11,690] - Script::install_py_dlls(): PyInit__hashlib
 DEBUG root [2018-08-01 16:53:11,690] - Script::install_py_dlls(): PyInit_select
 DEBUG root [2018-08-01 16:53:11,691] - Script::install_py_dlls(): PyInit__ctypes
 DEBUG root [2018-08-01 16:53:11,691] - Script::install_py_dlls(): PyInit__elementtree
 DEBUG root [2018-08-01 16:53:11,754] - Script::install_py_dlls(): PyInit_unicodedata
  INFO root [2018-08-01 16:53:11,806] - Script::install(): is successfully, Python=(3.4.2 (default, Apr 30 2018, 16:26:41) [MSC v.1900 32 bit (Intel)])!
  INFO root [2018-08-01 16:53:11,807] - Script::install(): KBExtra is successfully!
S_INFO root [2018-08-01 16:53:11,824] - onInterfaceAppReady: bootstrapGroupIndex=0, bootstrapGlobalIndex=0
  INFO root [2018-08-01 16:53:11,840] - TelnetServer server is running on port 33000
  INFO root [2018-08-01 16:53:12,405] - ---- interfaces is running ----
 DEBUG root [2018-08-01 16:53:12,405] - Components::process(): Request for the process of identity...
  INFO root [2018-08-01 16:53:19,825] - Components::process(): Found all the components!
S_INFO root [2018-08-01 16:53:39,924] - onRequestAccountLogin: registerName=cxx
  WARN root [2018-08-01 16:55:17,031] - TCPPacketReceiver::processPendingEvents(127.0.0.1:8707): Throwing REASON_GENERAL_NETWORK - WSAECONNRESET
  INFO root [2018-08-01 16:55:19,101] - 
  INFO root [2018-08-01 16:55:19,101] - -----------------------------------------------------------------------------------------


  INFO root [2018-08-01 16:55:19,102] - Resmgr::initialize: KBE_ROOT=D:/kbengine/
  INFO root [2018-08-01 16:55:19,103] - Resmgr::initialize: KBE_RES_PATH=D:/kbengine/kbe/res/;D:/kbengine/assets_Battle of Gods/;D:/kbengine/assets_Battle of Gods/scripts/;D:/kbengine/assets_Battle of Gods/res/
  INFO root [2018-08-01 16:55:19,103] - Resmgr::initialize: KBE_BIN_PATH=D:/kbengine/kbe/bin/server/
  INFO root [2018-08-01 16:55:19,112] - NetworkInterface::initialize(INTERNAL): bound to all interfaces with default route interface on 10.139.66.192 ( 10.139.66.192:30099 )
  INFO root [2018-08-01 16:55:19,121] - NetworkInterface::initialize(INTERNAL): address 10.139.66.192:30099, SOMAXCONN=5.
  INFO root [2018-08-01 16:55:19,129] - ---- interfaces Version: 2.0.0. ScriptVersion: 0.1.0. Protocol: A3D4913C83C4082A29723B2DA267A5B0. Config: Debug X86. Built: 16:26:48 Apr 30 2018. AppID: 3000. UID: 10103. PID: 17068 ----
  INFO root [2018-08-01 16:55:19,129] - Server : Intel(R) Core(TM) i7-6700HQ CPU @ 2.60GHz with 2097151kB RAM
  INFO root [2018-08-01 16:55:19,129] - ThreadPool::createThreadPool: creating  threadpool...
  INFO root [2018-08-01 16:55:19,130] - ThreadPool::createThreadPool: successfully(2), newThreadCount=1, normalMaxThreadCount=2, maxThreadCount=8
 DEBUG root [2018-08-01 16:55:19,279] - Script::install_py_dlls(): PyInit_pyexpat
 DEBUG root [2018-08-01 16:55:19,280] - Script::install_py_dlls(): PyInit__socket
 DEBUG root [2018-08-01 16:55:19,280] - Script::install_py_dlls(): PyInit__ssl
 DEBUG root [2018-08-01 16:55:19,284] - Script::install_py_dlls(): PyInit__hashlib
 DEBUG root [2018-08-01 16:55:19,284] - Script::install_py_dlls(): PyInit_select
 DEBUG root [2018-08-01 16:55:19,284] - Script::install_py_dlls(): PyInit__ctypes
 DEBUG root [2018-08-01 16:55:19,285] - Script::install_py_dlls(): PyInit__elementtree
 DEBUG root [2018-08-01 16:55:19,342] - Script::install_py_dlls(): PyInit_unicodedata
  INFO root [2018-08-01 16:55:19,394] - Script::install(): is successfully, Python=(3.4.2 (default, Apr 30 2018, 16:26:41) [MSC v.1900 32 bit (Intel)])!
  INFO root [2018-08-01 16:55:19,395] - Script::install(): KBExtra is successfully!
S_INFO root [2018-08-01 16:55:19,408] - onInterfaceAppReady: bootstrapGroupIndex=0, bootstrapGlobalIndex=0
  INFO root [2018-08-01 16:55:19,427] - TelnetServer server is running on port 33000
  INFO root [2018-08-01 16:55:19,919] - ---- interfaces is running ----
 DEBUG root [2018-08-01 16:55:19,919] - Components::process(): Request for the process of identity...
  INFO root [2018-08-01 16:55:27,209] - Components::process(): Found all the components!
S_INFO root [2018-08-01 16:55:42,809] - onRequestAccountLogin: registerName=cxx
  WARN root [2018-08-01 17:00:45,804] - TCPPacketReceiver::processPendingEvents(127.0.0.1:8798): Throwing REASON_GENERAL_NETWORK - WSAECONNRESET
  INFO root [2018-08-01 17:00:48,139] - 
  INFO root [2018-08-01 17:00:48,140] - -----------------------------------------------------------------------------------------


  INFO root [2018-08-01 17:00:48,141] - Resmgr::initialize: KBE_ROOT=D:/kbengine/
  INFO root [2018-08-01 17:00:48,141] - Resmgr::initialize: KBE_RES_PATH=D:/kbengine/kbe/res/;D:/kbengine/assets_Battle of Gods/;D:/kbengine/assets_Battle of Gods/scripts/;D:/kbengine/assets_Battle of Gods/res/
  INFO root [2018-08-01 17:00:48,142] - Resmgr::initialize: KBE_BIN_PATH=D:/kbengine/kbe/bin/server/
  INFO root [2018-08-01 17:00:48,150] - NetworkInterface::initialize(INTERNAL): bound to all interfaces with default route interface on 10.139.66.192 ( 10.139.66.192:30099 )
  INFO root [2018-08-01 17:00:48,151] - NetworkInterface::initialize(INTERNAL): address 10.139.66.192:30099, SOMAXCONN=5.
  INFO root [2018-08-01 17:00:48,159] - ---- interfaces Version: 2.0.0. ScriptVersion: 0.1.0. Protocol: A3D4913C83C4082A29723B2DA267A5B0. Config: Debug X86. Built: 16:26:48 Apr 30 2018. AppID: 3000. UID: 10103. PID: 12456 ----
  INFO root [2018-08-01 17:00:48,159] - Server : Intel(R) Core(TM) i7-6700HQ CPU @ 2.60GHz with 2097151kB RAM
  INFO root [2018-08-01 17:00:48,159] - ThreadPool::createThreadPool: creating  threadpool...
  INFO root [2018-08-01 17:00:48,160] - ThreadPool::createThreadPool: successfully(2), newThreadCount=1, normalMaxThreadCount=2, maxThreadCount=8
 DEBUG root [2018-08-01 17:00:48,351] - Script::install_py_dlls(): PyInit_pyexpat
 DEBUG root [2018-08-01 17:00:48,351] - Script::install_py_dlls(): PyInit__socket
 DEBUG root [2018-08-01 17:00:48,352] - Script::install_py_dlls(): PyInit__ssl
 DEBUG root [2018-08-01 17:00:48,359] - Script::install_py_dlls(): PyInit__hashlib
 DEBUG root [2018-08-01 17:00:48,360] - Script::install_py_dlls(): PyInit_select
 DEBUG root [2018-08-01 17:00:48,361] - Script::install_py_dlls(): PyInit__ctypes
 DEBUG root [2018-08-01 17:00:48,362] - Script::install_py_dlls(): PyInit__elementtree
 DEBUG root [2018-08-01 17:00:48,431] - Script::install_py_dlls(): PyInit_unicodedata
  INFO root [2018-08-01 17:00:48,498] - Script::install(): is successfully, Python=(3.4.2 (default, Apr 30 2018, 16:26:41) [MSC v.1900 32 bit (Intel)])!
  INFO root [2018-08-01 17:00:48,498] - Script::install(): KBExtra is successfully!
S_INFO root [2018-08-01 17:00:48,523] - onInterfaceAppReady: bootstrapGroupIndex=0, bootstrapGlobalIndex=0
  INFO root [2018-08-01 17:00:48,542] - TelnetServer server is running on port 33000
  INFO root [2018-08-01 17:00:49,069] - ---- interfaces is running ----
 DEBUG root [2018-08-01 17:00:49,070] - Components::process(): Request for the process of identity...
  INFO root [2018-08-01 17:00:56,343] - Components::process(): Found all the components!
S_INFO root [2018-08-01 17:01:20,024] - onRequestAccountLogin: registerName=cxx
S_INFO root [2018-08-01 17:07:35,123] - onRequestAccountLogin: registerName=cxx
  WARN root [2018-08-01 17:11:09,023] - TCPPacketReceiver::processPendingEvents(127.0.0.1:9001): Throwing REASON_GENERAL_NETWORK - WSAECONNRESET
  INFO root [2018-08-01 17:11:11,559] - 
  INFO root [2018-08-01 17:11:11,560] - -----------------------------------------------------------------------------------------


  INFO root [2018-08-01 17:11:11,561] - Resmgr::initialize: KBE_ROOT=D:/kbengine/
  INFO root [2018-08-01 17:11:11,561] - Resmgr::initialize: KBE_RES_PATH=D:/kbengine/kbe/res/;D:/kbengine/assets_Battle of Gods/;D:/kbengine/assets_Battle of Gods/scripts/;D:/kbengine/assets_Battle of Gods/res/
  INFO root [2018-08-01 17:11:11,562] - Resmgr::initialize: KBE_BIN_PATH=D:/kbengine/kbe/bin/server/
  INFO root [2018-08-01 17:11:11,570] - NetworkInterface::initialize(INTERNAL): bound to all interfaces with default route interface on 10.139.66.192 ( 10.139.66.192:30099 )
  INFO root [2018-08-01 17:11:11,570] - NetworkInterface::initialize(INTERNAL): address 10.139.66.192:30099, SOMAXCONN=5.
  INFO root [2018-08-01 17:11:11,579] - ---- interfaces Version: 2.0.0. ScriptVersion: 0.1.0. Protocol: A3D4913C83C4082A29723B2DA267A5B0. Config: Debug X86. Built: 16:26:48 Apr 30 2018. AppID: 3000. UID: 10103. PID: 11240 ----
  INFO root [2018-08-01 17:11:11,580] - Server : Intel(R) Core(TM) i7-6700HQ CPU @ 2.60GHz with 2097151kB RAM
  INFO root [2018-08-01 17:11:11,581] - ThreadPool::createThreadPool: creating  threadpool...
  INFO root [2018-08-01 17:11:11,581] - ThreadPool::createThreadPool: successfully(2), newThreadCount=1, normalMaxThreadCount=2, maxThreadCount=8
 DEBUG root [2018-08-01 17:11:11,758] - Script::install_py_dlls(): PyInit_pyexpat
 DEBUG root [2018-08-01 17:11:11,759] - Script::install_py_dlls(): PyInit__socket
 DEBUG root [2018-08-01 17:11:11,764] - Script::install_py_dlls(): PyInit__ssl
 DEBUG root [2018-08-01 17:11:11,774] - Script::install_py_dlls(): PyInit__hashlib
 DEBUG root [2018-08-01 17:11:11,781] - Script::install_py_dlls(): PyInit_select
 DEBUG root [2018-08-01 17:11:11,781] - Script::install_py_dlls(): PyInit__ctypes
 DEBUG root [2018-08-01 17:11:11,782] - Script::install_py_dlls(): PyInit__elementtree
 DEBUG root [2018-08-01 17:11:11,854] - Script::install_py_dlls(): PyInit_unicodedata
  INFO root [2018-08-01 17:11:11,911] - Script::install(): is successfully, Python=(3.4.2 (default, Apr 30 2018, 16:26:41) [MSC v.1900 32 bit (Intel)])!
  INFO root [2018-08-01 17:11:11,912] - Script::install(): KBExtra is successfully!
S_INFO root [2018-08-01 17:11:11,927] - onInterfaceAppReady: bootstrapGroupIndex=0, bootstrapGlobalIndex=0
  INFO root [2018-08-01 17:11:11,936] - TelnetServer server is running on port 33000
  INFO root [2018-08-01 17:11:12,445] - ---- interfaces is running ----
 DEBUG root [2018-08-01 17:11:12,447] - Components::process(): Request for the process of identity...
  INFO root [2018-08-01 17:11:19,827] - Components::process(): Found all the components!
S_INFO root [2018-08-01 17:11:42,727] - onRequestAccountLogin: registerName=cxx
  WARN root [2018-08-01 17:12:34,119] - TCPPacketReceiver::processPendingEvents(127.0.0.1:9322): Throwing REASON_GENERAL_NETWORK - WSAECONNRESET
  INFO root [2018-08-01 17:12:36,160] - 
  INFO root [2018-08-01 17:12:36,161] - -----------------------------------------------------------------------------------------


  INFO root [2018-08-01 17:12:36,162] - Resmgr::initialize: KBE_ROOT=D:/kbengine/
  INFO root [2018-08-01 17:12:36,162] - Resmgr::initialize: KBE_RES_PATH=D:/kbengine/kbe/res/;D:/kbengine/assets_Battle of Gods/;D:/kbengine/assets_Battle of Gods/scripts/;D:/kbengine/assets_Battle of Gods/res/
  INFO root [2018-08-01 17:12:36,162] - Resmgr::initialize: KBE_BIN_PATH=D:/kbengine/kbe/bin/server/
  INFO root [2018-08-01 17:12:36,168] - NetworkInterface::initialize(INTERNAL): bound to all interfaces with default route interface on 10.139.66.192 ( 10.139.66.192:30099 )
  INFO root [2018-08-01 17:12:36,169] - NetworkInterface::initialize(INTERNAL): address 10.139.66.192:30099, SOMAXCONN=5.
  INFO root [2018-08-01 17:12:36,176] - ---- interfaces Version: 2.0.0. ScriptVersion: 0.1.0. Protocol: A3D4913C83C4082A29723B2DA267A5B0. Config: Debug X86. Built: 16:26:48 Apr 30 2018. AppID: 3000. UID: 10103. PID: 8988 ----
  INFO root [2018-08-01 17:12:36,176] - Server : Intel(R) Core(TM) i7-6700HQ CPU @ 2.60GHz with 2097151kB RAM
  INFO root [2018-08-01 17:12:36,176] - ThreadPool::createThreadPool: creating  threadpool...
  INFO root [2018-08-01 17:12:36,177] - ThreadPool::createThreadPool: successfully(2), newThreadCount=1, normalMaxThreadCount=2, maxThreadCount=8
 DEBUG root [2018-08-01 17:12:36,323] - Script::install_py_dlls(): PyInit_pyexpat
 DEBUG root [2018-08-01 17:12:36,323] - Script::install_py_dlls(): PyInit__socket
 DEBUG root [2018-08-01 17:12:36,324] - Script::install_py_dlls(): PyInit__ssl
 DEBUG root [2018-08-01 17:12:36,329] - Script::install_py_dlls(): PyInit__hashlib
 DEBUG root [2018-08-01 17:12:36,329] - Script::install_py_dlls(): PyInit_select
 DEBUG root [2018-08-01 17:12:36,329] - Script::install_py_dlls(): PyInit__ctypes
 DEBUG root [2018-08-01 17:12:36,330] - Script::install_py_dlls(): PyInit__elementtree
 DEBUG root [2018-08-01 17:12:36,386] - Script::install_py_dlls(): PyInit_unicodedata
  INFO root [2018-08-01 17:12:36,445] - Script::install(): is successfully, Python=(3.4.2 (default, Apr 30 2018, 16:26:41) [MSC v.1900 32 bit (Intel)])!
  INFO root [2018-08-01 17:12:36,445] - Script::install(): KBExtra is successfully!
S_INFO root [2018-08-01 17:12:36,462] - onInterfaceAppReady: bootstrapGroupIndex=0, bootstrapGlobalIndex=0
  INFO root [2018-08-01 17:12:36,476] - TelnetServer server is running on port 33000
  INFO root [2018-08-01 17:12:37,017] - ---- interfaces is running ----
 DEBUG root [2018-08-01 17:12:37,018] - Components::process(): Request for the process of identity...
  INFO root [2018-08-01 17:12:44,463] - Components::process(): Found all the components!
S_INFO root [2018-08-01 17:13:01,863] - onRequestAccountLogin: registerName=cxx
  WARN root [2018-08-01 17:13:51,272] - TCPPacketReceiver::processPendingEvents(127.0.0.1:9410): Throwing REASON_GENERAL_NETWORK - WSAECONNRESET
  INFO root [2018-08-01 17:13:53,354] - 
  INFO root [2018-08-01 17:13:53,355] - -----------------------------------------------------------------------------------------


  INFO root [2018-08-01 17:13:53,356] - Resmgr::initialize: KBE_ROOT=D:/kbengine/
  INFO root [2018-08-01 17:13:53,356] - Resmgr::initialize: KBE_RES_PATH=D:/kbengine/kbe/res/;D:/kbengine/assets_Battle of Gods/;D:/kbengine/assets_Battle of Gods/scripts/;D:/kbengine/assets_Battle of Gods/res/
  INFO root [2018-08-01 17:13:53,357] - Resmgr::initialize: KBE_BIN_PATH=D:/kbengine/kbe/bin/server/
  INFO root [2018-08-01 17:13:53,367] - NetworkInterface::initialize(INTERNAL): bound to all interfaces with default route interface on 10.139.66.192 ( 10.139.66.192:30099 )
  INFO root [2018-08-01 17:13:53,367] - NetworkInterface::initialize(INTERNAL): address 10.139.66.192:30099, SOMAXCONN=5.
  INFO root [2018-08-01 17:13:53,375] - ---- interfaces Version: 2.0.0. ScriptVersion: 0.1.0. Protocol: A3D4913C83C4082A29723B2DA267A5B0. Config: Debug X86. Built: 16:26:48 Apr 30 2018. AppID: 3000. UID: 10103. PID: 15580 ----
  INFO root [2018-08-01 17:13:53,376] - Server : Intel(R) Core(TM) i7-6700HQ CPU @ 2.60GHz with 2097151kB RAM
  INFO root [2018-08-01 17:13:53,376] - ThreadPool::createThreadPool: creating  threadpool...
  INFO root [2018-08-01 17:13:53,376] - ThreadPool::createThreadPool: successfully(2), newThreadCount=1, normalMaxThreadCount=2, maxThreadCount=8
 DEBUG root [2018-08-01 17:13:53,533] - Script::install_py_dlls(): PyInit_pyexpat
 DEBUG root [2018-08-01 17:13:53,534] - Script::install_py_dlls(): PyInit__socket
 DEBUG root [2018-08-01 17:13:53,535] - Script::install_py_dlls(): PyInit__ssl
 DEBUG root [2018-08-01 17:13:53,539] - Script::install_py_dlls(): PyInit__hashlib
 DEBUG root [2018-08-01 17:13:53,540] - Script::install_py_dlls(): PyInit_select
 DEBUG root [2018-08-01 17:13:53,540] - Script::install_py_dlls(): PyInit__ctypes
 DEBUG root [2018-08-01 17:13:53,541] - Script::install_py_dlls(): PyInit__elementtree
 DEBUG root [2018-08-01 17:13:53,599] - Script::install_py_dlls(): PyInit_unicodedata
  INFO root [2018-08-01 17:13:53,655] - Script::install(): is successfully, Python=(3.4.2 (default, Apr 30 2018, 16:26:41) [MSC v.1900 32 bit (Intel)])!
  INFO root [2018-08-01 17:13:53,655] - Script::install(): KBExtra is successfully!
S_INFO root [2018-08-01 17:13:53,668] - onInterfaceAppReady: bootstrapGroupIndex=0, bootstrapGlobalIndex=0
  INFO root [2018-08-01 17:13:53,681] - TelnetServer server is running on port 33000
  INFO root [2018-08-01 17:13:54,210] - ---- interfaces is running ----
 DEBUG root [2018-08-01 17:13:54,211] - Components::process(): Request for the process of identity...
  WARN root [2018-08-01 17:13:57,780] - BundleBroadcast::BundleBroadcast: Cannot bind to port 20167, errorno=10048
  INFO root [2018-08-01 17:14:01,868] - Components::process(): Found all the components!
S_INFO root [2018-08-01 17:14:18,669] - onRequestAccountLogin: registerName=cxx
S_INFO root [2018-08-01 17:16:47,769] - onRequestAccountLogin: registerName=cxx
S_INFO root [2018-08-01 17:17:58,869] - onRequestAccountLogin: registerName=cxx
S_INFO root [2018-08-01 17:26:48,396] - onRequestAccountLogin: registerName=cxx
  WARN root [2018-08-01 17:27:40,641] - TCPPacketReceiver::processPendingEvents(127.0.0.1:9479): Throwing REASON_GENERAL_NETWORK - WSAECONNRESET
  INFO root [2018-08-01 17:27:42,793] - 
  INFO root [2018-08-01 17:27:42,793] - -----------------------------------------------------------------------------------------


  INFO root [2018-08-01 17:27:42,794] - Resmgr::initialize: KBE_ROOT=D:/kbengine/
  INFO root [2018-08-01 17:27:42,794] - Resmgr::initialize: KBE_RES_PATH=D:/kbengine/kbe/res/;D:/kbengine/assets_Battle of Gods/;D:/kbengine/assets_Battle of Gods/scripts/;D:/kbengine/assets_Battle of Gods/res/
  INFO root [2018-08-01 17:27:42,794] - Resmgr::initialize: KBE_BIN_PATH=D:/kbengine/kbe/bin/server/
  INFO root [2018-08-01 17:27:42,800] - NetworkInterface::initialize(INTERNAL): bound to all interfaces with default route interface on 10.139.66.192 ( 10.139.66.192:30099 )
  INFO root [2018-08-01 17:27:42,801] - NetworkInterface::initialize(INTERNAL): address 10.139.66.192:30099, SOMAXCONN=5.
  INFO root [2018-08-01 17:27:42,806] - ---- interfaces Version: 2.0.0. ScriptVersion: 0.1.0. Protocol: A3D4913C83C4082A29723B2DA267A5B0. Config: Debug X86. Built: 16:26:48 Apr 30 2018. AppID: 3000. UID: 10103. PID: 11204 ----
  INFO root [2018-08-01 17:27:42,806] - Server : Intel(R) Core(TM) i7-6700HQ CPU @ 2.60GHz with 2097151kB RAM
  INFO root [2018-08-01 17:27:42,806] - ThreadPool::createThreadPool: creating  threadpool...
  INFO root [2018-08-01 17:27:42,807] - ThreadPool::createThreadPool: successfully(2), newThreadCount=1, normalMaxThreadCount=2, maxThreadCount=8
 DEBUG root [2018-08-01 17:27:42,952] - Script::install_py_dlls(): PyInit_pyexpat
 DEBUG root [2018-08-01 17:27:42,952] - Script::install_py_dlls(): PyInit__socket
 DEBUG root [2018-08-01 17:27:42,953] - Script::install_py_dlls(): PyInit__ssl
 DEBUG root [2018-08-01 17:27:42,957] - Script::install_py_dlls(): PyInit__hashlib
 DEBUG root [2018-08-01 17:27:42,957] - Script::install_py_dlls(): PyInit_select
 DEBUG root [2018-08-01 17:27:42,957] - Script::install_py_dlls(): PyInit__ctypes
 DEBUG root [2018-08-01 17:27:42,958] - Script::install_py_dlls(): PyInit__elementtree
 DEBUG root [2018-08-01 17:27:43,010] - Script::install_py_dlls(): PyInit_unicodedata
  INFO root [2018-08-01 17:27:43,071] - Script::install(): is successfully, Python=(3.4.2 (default, Apr 30 2018, 16:26:41) [MSC v.1900 32 bit (Intel)])!
  INFO root [2018-08-01 17:27:43,071] - Script::install(): KBExtra is successfully!
S_INFO root [2018-08-01 17:27:43,088] - onInterfaceAppReady: bootstrapGroupIndex=0, bootstrapGlobalIndex=0
  INFO root [2018-08-01 17:27:43,099] - TelnetServer server is running on port 33000
  INFO root [2018-08-01 17:27:43,681] - ---- interfaces is running ----
 DEBUG root [2018-08-01 17:27:43,682] - Components::process(): Request for the process of identity...
  INFO root [2018-08-01 17:27:50,995] - Components::process(): Found all the components!
S_INFO root [2018-08-01 17:28:11,788] - onRequestAccountLogin: registerName=cxx
  WARN root [2018-08-01 17:29:29,538] - TCPPacketReceiver::processPendingEvents(127.0.0.1:9847): Throwing REASON_GENERAL_NETWORK - WSAECONNRESET
  INFO root [2018-08-01 17:29:31,672] - 
  INFO root [2018-08-01 17:29:31,673] - -----------------------------------------------------------------------------------------


  INFO root [2018-08-01 17:29:31,674] - Resmgr::initialize: KBE_ROOT=D:/kbengine/
  INFO root [2018-08-01 17:29:31,674] - Resmgr::initialize: KBE_RES_PATH=D:/kbengine/kbe/res/;D:/kbengine/assets_Battle of Gods/;D:/kbengine/assets_Battle of Gods/scripts/;D:/kbengine/assets_Battle of Gods/res/
  INFO root [2018-08-01 17:29:31,675] - Resmgr::initialize: KBE_BIN_PATH=D:/kbengine/kbe/bin/server/
  INFO root [2018-08-01 17:29:31,681] - NetworkInterface::initialize(INTERNAL): bound to all interfaces with default route interface on 10.139.66.192 ( 10.139.66.192:30099 )
  INFO root [2018-08-01 17:29:31,681] - NetworkInterface::initialize(INTERNAL): address 10.139.66.192:30099, SOMAXCONN=5.
  INFO root [2018-08-01 17:29:31,687] - ---- interfaces Version: 2.0.0. ScriptVersion: 0.1.0. Protocol: A3D4913C83C4082A29723B2DA267A5B0. Config: Debug X86. Built: 16:26:48 Apr 30 2018. AppID: 3000. UID: 10103. PID: 6252 ----
  INFO root [2018-08-01 17:29:31,687] - Server : Intel(R) Core(TM) i7-6700HQ CPU @ 2.60GHz with 2097151kB RAM
  INFO root [2018-08-01 17:29:31,687] - ThreadPool::createThreadPool: creating  threadpool...
  INFO root [2018-08-01 17:29:31,688] - ThreadPool::createThreadPool: successfully(2), newThreadCount=1, normalMaxThreadCount=2, maxThreadCount=8
 DEBUG root [2018-08-01 17:29:31,834] - Script::install_py_dlls(): PyInit_pyexpat
 DEBUG root [2018-08-01 17:29:31,835] - Script::install_py_dlls(): PyInit__socket
 DEBUG root [2018-08-01 17:29:31,836] - Script::install_py_dlls(): PyInit__ssl
 DEBUG root [2018-08-01 17:29:31,841] - Script::install_py_dlls(): PyInit__hashlib
 DEBUG root [2018-08-01 17:29:31,842] - Script::install_py_dlls(): PyInit_select
 DEBUG root [2018-08-01 17:29:31,842] - Script::install_py_dlls(): PyInit__ctypes
 DEBUG root [2018-08-01 17:29:31,843] - Script::install_py_dlls(): PyInit__elementtree
 DEBUG root [2018-08-01 17:29:31,898] - Script::install_py_dlls(): PyInit_unicodedata
  INFO root [2018-08-01 17:29:31,947] - Script::install(): is successfully, Python=(3.4.2 (default, Apr 30 2018, 16:26:41) [MSC v.1900 32 bit (Intel)])!
  INFO root [2018-08-01 17:29:31,947] - Script::install(): KBExtra is successfully!
S_INFO root [2018-08-01 17:29:31,960] - onInterfaceAppReady: bootstrapGroupIndex=0, bootstrapGlobalIndex=0
  INFO root [2018-08-01 17:29:31,970] - TelnetServer server is running on port 33000
  INFO root [2018-08-01 17:29:32,507] - ---- interfaces is running ----
 DEBUG root [2018-08-01 17:29:32,507] - Components::process(): Request for the process of identity...
  INFO root [2018-08-01 17:29:39,876] - Components::process(): Found all the components!
S_INFO root [2018-08-01 17:30:03,461] - onRequestAccountLogin: registerName=cxx
S_INFO root [2018-08-01 17:30:09,361] - onRequestCreateAccount: registerName=cxx
S_INFO root [2018-08-01 17:30:10,661] - onRequestAccountLogin: registerName=cxx
S_INFO root [2018-08-01 17:30:42,261] - onRequestAccountLogin: registerName=cxx
  WARN root [2018-08-01 17:32:35,127] - TCPPacketReceiver::processPendingEvents(127.0.0.1:9944): Throwing REASON_GENERAL_NETWORK - WSAECONNRESET
  INFO root [2018-08-01 17:32:37,486] - 
  INFO root [2018-08-01 17:32:37,487] - -----------------------------------------------------------------------------------------


  INFO root [2018-08-01 17:32:37,487] - Resmgr::initialize: KBE_ROOT=D:/kbengine/
  INFO root [2018-08-01 17:32:37,488] - Resmgr::initialize: KBE_RES_PATH=D:/kbengine/kbe/res/;D:/kbengine/assets_Battle of Gods/;D:/kbengine/assets_Battle of Gods/scripts/;D:/kbengine/assets_Battle of Gods/res/
  INFO root [2018-08-01 17:32:37,488] - Resmgr::initialize: KBE_BIN_PATH=D:/kbengine/kbe/bin/server/
  INFO root [2018-08-01 17:32:37,497] - NetworkInterface::initialize(INTERNAL): bound to all interfaces with default route interface on 10.139.66.192 ( 10.139.66.192:30099 )
  INFO root [2018-08-01 17:32:37,498] - NetworkInterface::initialize(INTERNAL): address 10.139.66.192:30099, SOMAXCONN=5.
  INFO root [2018-08-01 17:32:37,507] - ---- interfaces Version: 2.0.0. ScriptVersion: 0.1.0. Protocol: A3D4913C83C4082A29723B2DA267A5B0. Config: Debug X86. Built: 16:26:48 Apr 30 2018. AppID: 3000. UID: 10103. PID: 9964 ----
  INFO root [2018-08-01 17:32:37,508] - Server : Intel(R) Core(TM) i7-6700HQ CPU @ 2.60GHz with 2097151kB RAM
  INFO root [2018-08-01 17:32:37,508] - ThreadPool::createThreadPool: creating  threadpool...
  INFO root [2018-08-01 17:32:37,508] - ThreadPool::createThreadPool: successfully(2), newThreadCount=1, normalMaxThreadCount=2, maxThreadCount=8
 DEBUG root [2018-08-01 17:32:37,701] - Script::install_py_dlls(): PyInit_pyexpat
 DEBUG root [2018-08-01 17:32:37,702] - Script::install_py_dlls(): PyInit__socket
 DEBUG root [2018-08-01 17:32:37,703] - Script::install_py_dlls(): PyInit__ssl
 DEBUG root [2018-08-01 17:32:37,708] - Script::install_py_dlls(): PyInit__hashlib
 DEBUG root [2018-08-01 17:32:37,709] - Script::install_py_dlls(): PyInit_select
 DEBUG root [2018-08-01 17:32:37,709] - Script::install_py_dlls(): PyInit__ctypes
 DEBUG root [2018-08-01 17:32:37,710] - Script::install_py_dlls(): PyInit__elementtree
 DEBUG root [2018-08-01 17:32:37,825] - Script::install_py_dlls(): PyInit_unicodedata
  INFO root [2018-08-01 17:32:37,894] - Script::install(): is successfully, Python=(3.4.2 (default, Apr 30 2018, 16:26:41) [MSC v.1900 32 bit (Intel)])!
  INFO root [2018-08-01 17:32:37,894] - Script::install(): KBExtra is successfully!
S_INFO root [2018-08-01 17:32:37,912] - onInterfaceAppReady: bootstrapGroupIndex=0, bootstrapGlobalIndex=0
  INFO root [2018-08-01 17:32:37,926] - TelnetServer server is running on port 33000
  INFO root [2018-08-01 17:32:38,506] - ---- interfaces is running ----
 DEBUG root [2018-08-01 17:32:38,507] - Components::process(): Request for the process of identity...
  INFO root [2018-08-01 17:32:45,813] - Components::process(): Found all the components!
S_INFO root [2018-08-01 17:33:03,913] - onRequestAccountLogin: registerName=cxx
  WARN root [2018-08-01 17:36:54,930] - TCPPacketReceiver::processPendingEvents(127.0.0.1:10066): Throwing REASON_GENERAL_NETWORK - WSAECONNRESET
  INFO root [2018-08-01 17:36:57,110] - 
  INFO root [2018-08-01 17:36:57,110] - -----------------------------------------------------------------------------------------


  INFO root [2018-08-01 17:36:57,111] - Resmgr::initialize: KBE_ROOT=D:/kbengine/
  INFO root [2018-08-01 17:36:57,112] - Resmgr::initialize: KBE_RES_PATH=D:/kbengine/kbe/res/;D:/kbengine/assets_Battle of Gods/;D:/kbengine/assets_Battle of Gods/scripts/;D:/kbengine/assets_Battle of Gods/res/
  INFO root [2018-08-01 17:36:57,112] - Resmgr::initialize: KBE_BIN_PATH=D:/kbengine/kbe/bin/server/
  INFO root [2018-08-01 17:36:57,117] - NetworkInterface::initialize(INTERNAL): bound to all interfaces with default route interface on 10.139.66.192 ( 10.139.66.192:30099 )
  INFO root [2018-08-01 17:36:57,118] - NetworkInterface::initialize(INTERNAL): address 10.139.66.192:30099, SOMAXCONN=5.
  INFO root [2018-08-01 17:36:57,123] - ---- interfaces Version: 2.0.0. ScriptVersion: 0.1.0. Protocol: A3D4913C83C4082A29723B2DA267A5B0. Config: Debug X86. Built: 16:26:48 Apr 30 2018. AppID: 3000. UID: 10103. PID: 15516 ----
  INFO root [2018-08-01 17:36:57,124] - Server : Intel(R) Core(TM) i7-6700HQ CPU @ 2.60GHz with 2097151kB RAM
  INFO root [2018-08-01 17:36:57,124] - ThreadPool::createThreadPool: creating  threadpool...
  INFO root [2018-08-01 17:36:57,124] - ThreadPool::createThreadPool: successfully(2), newThreadCount=1, normalMaxThreadCount=2, maxThreadCount=8
 DEBUG root [2018-08-01 17:36:57,267] - Script::install_py_dlls(): PyInit_pyexpat
 DEBUG root [2018-08-01 17:36:57,268] - Script::install_py_dlls(): PyInit__socket
 DEBUG root [2018-08-01 17:36:57,268] - Script::install_py_dlls(): PyInit__ssl
 DEBUG root [2018-08-01 17:36:57,273] - Script::install_py_dlls(): PyInit__hashlib
 DEBUG root [2018-08-01 17:36:57,273] - Script::install_py_dlls(): PyInit_select
 DEBUG root [2018-08-01 17:36:57,273] - Script::install_py_dlls(): PyInit__ctypes
 DEBUG root [2018-08-01 17:36:57,274] - Script::install_py_dlls(): PyInit__elementtree
 DEBUG root [2018-08-01 17:36:57,330] - Script::install_py_dlls(): PyInit_unicodedata
  INFO root [2018-08-01 17:36:57,388] - Script::install(): is successfully, Python=(3.4.2 (default, Apr 30 2018, 16:26:41) [MSC v.1900 32 bit (Intel)])!
  INFO root [2018-08-01 17:36:57,389] - Script::install(): KBExtra is successfully!
S_INFO root [2018-08-01 17:36:57,410] - onInterfaceAppReady: bootstrapGroupIndex=0, bootstrapGlobalIndex=0
  INFO root [2018-08-01 17:36:57,423] - TelnetServer server is running on port 33000
  INFO root [2018-08-01 17:36:57,985] - ---- interfaces is running ----
 DEBUG root [2018-08-01 17:36:57,985] - Components::process(): Request for the process of identity...
  INFO root [2018-08-01 17:37:05,312] - Components::process(): Found all the components!
S_INFO root [2018-08-01 17:37:46,411] - onRequestAccountLogin: registerName=cxx
S_INFO root [2018-08-01 17:40:54,510] - onRequestAccountLogin: registerName=cxx
S_INFO root [2018-08-01 17:42:04,311] - onRequestAccountLogin: registerName=cxx
  WARN root [2018-08-01 17:44:32,156] - TCPPacketReceiver::processPendingEvents(127.0.0.1:10224): Throwing REASON_GENERAL_NETWORK - WSAECONNRESET
