    INFO    baseapp-1 10103 7001  [2018-08-03 17:11:51 700] - -----------------------------------------------------------------------------------------


    INFO    baseapp-1 10103 7001  [2018-08-03 17:11:51 702] - Resmgr::initialize: KBE_ROOT=D:/kbengine/
    INFO    baseapp-1 10103 7001  [2018-08-03 17:11:51 702] - Resmgr::initialize: KBE_RES_PATH=D:/kbengine/kbe/res/;D:/kbengine/assets_Battle of Gods/;D:/kbengine/assets_Battle of Gods/scripts/;D:/kbengine/assets_Battle of Gods/res/
    INFO    baseapp-1 10103 7001  [2018-08-03 17:11:51 702] - Resmgr::initialize: KBE_BIN_PATH=D:/kbengine/kbe/bin/server/
    INFO    baseapp-1 10103 7001  [2018-08-03 17:11:51 728] - NetworkInterface::initialize(EXTERNAL): bound to all interfaces with default route interface on 10.139.66.192 ( 10.139.66.192:20015 )
    INFO    baseapp-1 10103 7001  [2018-08-03 17:11:51 729] - NetworkInterface::initialize(EXTERNAL): address 10.139.66.192:20015, SOMAXCONN=128.
    INFO    baseapp-1 10103 7001  [2018-08-03 17:11:51 733] - NetworkInterface::initialize(INTERNAL): bound to all interfaces with default route interface on 10.139.66.192 ( 10.139.66.192:3250 )
    INFO    baseapp-1 10103 7001  [2018-08-03 17:11:51 733] - NetworkInterface::initialize(INTERNAL): address 10.139.66.192:3250, SOMAXCONN=128.
    INFO    baseapp-1 10103 7001  [2018-08-03 17:11:51 734] - server-configs:
    INFO    baseapp-1 10103 7001  [2018-08-03 17:11:51 734] - 	gameUpdateHertz : 10
    INFO    baseapp-1 10103 7001  [2018-08-03 17:11:51 734] - 	entryScriptFile : kbemain
    INFO    baseapp-1 10103 7001  [2018-08-03 17:11:51 734] - 	internalAddr : 10.139.66.192:3250
    INFO    baseapp-1 10103 7001  [2018-08-03 17:11:51 734] - 	externalAddr : 10.139.66.192:20015
    INFO    baseapp-1 10103 7001  [2018-08-03 17:11:51 734] - 	componentID : 7001
    INFO    baseapp-1 10103 7001  [2018-08-03 17:11:51 990] - Components::findLogger: found logger, addr:10.139.66.192:3142
    INFO    baseapp-1 10103 7001  [2018-08-03 17:11:51 991] - Components::addComponent: reset orderLog, uid=10103!
    INFO    baseapp-1 10103 7001  [2018-08-03 17:11:51 991] - Components::addComponent[logger], uid=10103, componentID=2000, globalorderid=1, grouporderid=1, totalcount=1
    INFO    baseapp-1 10103 7001  [2018-08-03 17:11:51 999] - ---- baseapp Version: 2.0.0. ScriptVersion: 0.1.0. Protocol: F9DFFB319FBADF35943ADF4D42C4718C. Config: Debug X86. Built: 16:27:53 Apr 30 2018. AppID: 7001. UID: 10103. PID: 10796 ----
    INFO    baseapp-1 10103 7001  [2018-08-03 17:11:51 999] - Server : Intel(R) Core(TM) i7-6700HQ CPU @ 2.60GHz with 2097151kB RAM
    INFO    baseapp-1 10103 7001  [2018-08-03 17:11:51 999] - ThreadPool::createThreadPool: creating  threadpool...
    INFO    baseapp-1 10103 7001  [2018-08-03 17:11:52 000] - ThreadPool::createThreadPool: successfully(2), newThreadCount=1, normalMaxThreadCount=2, maxThreadCount=8
   DEBUG    baseapp-1 10103 7001  [2018-08-03 17:11:52 148] - Script::install_py_dlls(): PyInit_pyexpat
   DEBUG    baseapp-1 10103 7001  [2018-08-03 17:11:52 148] - Script::install_py_dlls(): PyInit__socket
   DEBUG    baseapp-1 10103 7001  [2018-08-03 17:11:52 149] - Script::install_py_dlls(): PyInit__ssl
   DEBUG    baseapp-1 10103 7001  [2018-08-03 17:11:52 155] - Script::install_py_dlls(): PyInit__hashlib
   DEBUG    baseapp-1 10103 7001  [2018-08-03 17:11:52 156] - Script::install_py_dlls(): PyInit_select
   DEBUG    baseapp-1 10103 7001  [2018-08-03 17:11:52 156] - Script::install_py_dlls(): PyInit__ctypes
   DEBUG    baseapp-1 10103 7001  [2018-08-03 17:11:52 157] - Script::install_py_dlls(): PyInit__elementtree
   DEBUG    baseapp-1 10103 7001  [2018-08-03 17:11:52 217] - Script::install_py_dlls(): PyInit_unicodedata
    INFO    baseapp-1 10103 7001  [2018-08-03 17:11:52 274] - Script::install(): is successfully, Python=(3.4.2 (default, Apr 30 2018, 16:27:27) [MSC v.1900 32 bit (Intel)])!
    INFO    baseapp-1 10103 7001  [2018-08-03 17:11:52 274] - Script::install(): KBExtra is successfully!
   DEBUG    baseapp-1 10103 7001  [2018-08-03 17:11:53 347] - loaded entity-script:Account(1).
   DEBUG    baseapp-1 10103 7001  [2018-08-03 17:11:53 398] - loaded entity-script:Avatar(2).
   DEBUG    baseapp-1 10103 7001  [2018-08-03 17:11:53 406] - loaded entity-script:Spaces(3).
   DEBUG    baseapp-1 10103 7001  [2018-08-03 17:11:53 413] - loaded entity-script:Space(4).
   DEBUG    baseapp-1 10103 7001  [2018-08-03 17:11:53 734] - loaded entity-script:Equipment(5).
   DEBUG    baseapp-1 10103 7001  [2018-08-03 17:11:53 786] - loaded entity-script:Chat(6).
    INFO    baseapp-1 10103 7001  [2018-08-03 17:11:53 787] - Baseapp::initializeEnd: started resmgr tick(60s)!
    INFO    baseapp-1 10103 7001  [2018-08-03 17:11:53 787] - TelnetServer server is running on port 40000
    INFO    baseapp-1 10103 7001  [2018-08-03 17:11:54 368] - ---- baseapp is running ----
   DEBUG    baseapp-1 10103 7001  [2018-08-03 17:11:54 369] - Components::process(): Request for the process of identity...
 WARNING    baseapp-1 10103 7001  [2018-08-03 17:12:00 712] - EntityApp::checkTickPeriod: tick took 6343% (6.34 seconds)!
    INFO    baseapp-1 10103 7001  [2018-08-03 17:12:01 787] - Components::findComponents: find dbmgr(1)...
 WARNING    baseapp-1 10103 7001  [2018-08-03 17:12:02 865] - EntityApp::checkTickPeriod: tick took 1096% (1.10 seconds)!
    INFO    baseapp-1 10103 7001  [2018-08-03 17:12:03 868] - Components::findComponents: find dbmgr(2)...
 WARNING    baseapp-1 10103 7001  [2018-08-03 17:12:04 887] - EntityApp::checkTickPeriod: tick took 1118% (1.12 seconds)!
    INFO    baseapp-1 10103 7001  [2018-08-03 17:12:05 903] - Components::findComponents: find dbmgr(3)...
 WARNING    baseapp-1 10103 7001  [2018-08-03 17:12:06 929] - EntityApp::checkTickPeriod: tick took 1061% (1.06 seconds)!
    INFO    baseapp-1 10103 7001  [2018-08-03 17:12:07 968] - Components::findComponents: find dbmgr(4)...
 WARNING    baseapp-1 10103 7001  [2018-08-03 17:12:09 055] - EntityApp::checkTickPeriod: tick took 1186% (1.19 seconds)!
    INFO    baseapp-1 10103 7001  [2018-08-03 17:12:10 068] - Components::findComponents: find dbmgr(5)...
 WARNING    baseapp-1 10103 7001  [2018-08-03 17:12:11 079] - EntityApp::checkTickPeriod: tick took 1109% (1.11 seconds)!
    INFO    baseapp-1 10103 7001  [2018-08-03 17:12:12 103] - Components::findComponents: find dbmgr(6)...
 WARNING    baseapp-1 10103 7001  [2018-08-03 17:12:13 207] - EntityApp::checkTickPeriod: tick took 1138% (1.14 seconds)!
    INFO    baseapp-1 10103 7001  [2018-08-03 17:12:14 269] - Components::findComponents: find dbmgr(7)...
 WARNING    baseapp-1 10103 7001  [2018-08-03 17:12:15 331] - EntityApp::checkTickPeriod: tick took 1162% (1.16 seconds)!
    INFO    baseapp-1 10103 7001  [2018-08-03 17:12:16 369] - Components::findComponents: find dbmgr(8)...
 WARNING    baseapp-1 10103 7001  [2018-08-03 17:12:17 458] - EntityApp::checkTickPeriod: tick took 1190% (1.19 seconds)!
    INFO    baseapp-1 10103 7001  [2018-08-03 17:12:18 469] - Components::findComponents: find dbmgr(9)...
 WARNING    baseapp-1 10103 7001  [2018-08-03 17:12:19 482] - EntityApp::checkTickPeriod: tick took 1114% (1.11 seconds)!
    INFO    baseapp-1 10103 7001  [2018-08-03 17:12:20 504] - Components::findComponents: find dbmgr(10)...
 WARNING    baseapp-1 10103 7001  [2018-08-03 17:12:21 608] - EntityApp::checkTickPeriod: tick took 1139% (1.14 seconds)!
    INFO    baseapp-1 10103 7001  [2018-08-03 17:12:22 668] - Components::findComponents: find dbmgr(11)...
 WARNING    baseapp-1 10103 7001  [2018-08-03 17:12:23 735] - EntityApp::checkTickPeriod: tick took 1166% (1.17 seconds)!
    INFO    baseapp-1 10103 7001  [2018-08-03 17:12:24 768] - Components::findComponents: find dbmgr(12)...
 WARNING    baseapp-1 10103 7001  [2018-08-03 17:12:25 860] - EntityApp::checkTickPeriod: tick took 1191% (1.19 seconds)!
    INFO    baseapp-1 10103 7001  [2018-08-03 17:12:26 869] - Components::findComponents: find dbmgr(13)...
 WARNING    baseapp-1 10103 7001  [2018-08-03 17:12:27 886] - EntityApp::checkTickPeriod: tick took 1117% (1.12 seconds)!
    INFO    baseapp-1 10103 7001  [2018-08-03 17:12:28 903] - Components::findComponents: find dbmgr(14)...
 WARNING    baseapp-1 10103 7001  [2018-08-03 17:12:29 906] - EntityApp::checkTickPeriod: tick took 1037% (1.04 seconds)!
    INFO    baseapp-1 10103 7001  [2018-08-03 17:12:30 968] - Components::findComponents: find dbmgr(15)...
 WARNING    baseapp-1 10103 7001  [2018-08-03 17:12:32 031] - EntityApp::checkTickPeriod: tick took 1162% (1.16 seconds)!
    INFO    baseapp-1 10103 7001  [2018-08-03 17:12:33 068] - Components::findComponents: find dbmgr(16)...
 WARNING    baseapp-1 10103 7001  [2018-08-03 17:12:34 158] - EntityApp::checkTickPeriod: tick took 1189% (1.19 seconds)!
    INFO    baseapp-1 10103 7001  [2018-08-03 17:12:45 373] - -----------------------------------------------------------------------------------------


    INFO    baseapp-1 10103 7001  [2018-08-03 17:12:45 374] - Resmgr::initialize: KBE_ROOT=D:/kbengine/
    INFO    baseapp-1 10103 7001  [2018-08-03 17:12:45 375] - Resmgr::initialize: KBE_RES_PATH=D:/kbengine/kbe/res/;D:/kbengine/assets_Battle of Gods/;D:/kbengine/assets_Battle of Gods/scripts/;D:/kbengine/assets_Battle of Gods/res/
    INFO    baseapp-1 10103 7001  [2018-08-03 17:12:45 375] - Resmgr::initialize: KBE_BIN_PATH=D:/kbengine/kbe/bin/server/
    INFO    baseapp-1 10103 7001  [2018-08-03 17:12:45 384] - NetworkInterface::initialize(EXTERNAL): bound to all interfaces with default route interface on 10.139.66.192 ( 10.139.66.192:20015 )
    INFO    baseapp-1 10103 7001  [2018-08-03 17:12:45 384] - NetworkInterface::initialize(EXTERNAL): address 10.139.66.192:20015, SOMAXCONN=128.
    INFO    baseapp-1 10103 7001  [2018-08-03 17:12:45 390] - NetworkInterface::initialize(INTERNAL): bound to all interfaces with default route interface on 10.139.66.192 ( 10.139.66.192:3735 )
    INFO    baseapp-1 10103 7001  [2018-08-03 17:12:45 391] - NetworkInterface::initialize(INTERNAL): address 10.139.66.192:3735, SOMAXCONN=128.
    INFO    baseapp-1 10103 7001  [2018-08-03 17:12:45 391] - server-configs:
    INFO    baseapp-1 10103 7001  [2018-08-03 17:12:45 391] - 	gameUpdateHertz : 10
    INFO    baseapp-1 10103 7001  [2018-08-03 17:12:45 392] - 	entryScriptFile : kbemain
    INFO    baseapp-1 10103 7001  [2018-08-03 17:12:45 392] - 	internalAddr : 10.139.66.192:3735
    INFO    baseapp-1 10103 7001  [2018-08-03 17:12:45 392] - 	externalAddr : 10.139.66.192:20015
    INFO    baseapp-1 10103 7001  [2018-08-03 17:12:45 392] - 	componentID : 7001
    INFO    baseapp-1 10103 7001  [2018-08-03 17:12:45 600] - Components::findLogger: found logger, addr:10.139.66.192:3696
    INFO    baseapp-1 10103 7001  [2018-08-03 17:12:45 600] - Components::addComponent: reset orderLog, uid=10103!
    INFO    baseapp-1 10103 7001  [2018-08-03 17:12:45 600] - Components::addComponent[logger], uid=10103, componentID=2000, globalorderid=1, grouporderid=1, totalcount=1
    INFO    baseapp-1 10103 7001  [2018-08-03 17:12:45 609] - ---- baseapp Version: 2.0.0. ScriptVersion: 0.1.0. Protocol: F9DFFB319FBADF35943ADF4D42C4718C. Config: Debug X86. Built: 16:27:53 Apr 30 2018. AppID: 7001. UID: 10103. PID: 13580 ----
    INFO    baseapp-1 10103 7001  [2018-08-03 17:12:45 609] - Server : Intel(R) Core(TM) i7-6700HQ CPU @ 2.60GHz with 2097151kB RAM
    INFO    baseapp-1 10103 7001  [2018-08-03 17:12:45 610] - ThreadPool::createThreadPool: creating  threadpool...
    INFO    baseapp-1 10103 7001  [2018-08-03 17:12:45 611] - ThreadPool::createThreadPool: successfully(2), newThreadCount=1, normalMaxThreadCount=2, maxThreadCount=8
   DEBUG    baseapp-1 10103 7001  [2018-08-03 17:12:45 758] - Script::install_py_dlls(): PyInit_pyexpat
   DEBUG    baseapp-1 10103 7001  [2018-08-03 17:12:45 758] - Script::install_py_dlls(): PyInit__socket
   DEBUG    baseapp-1 10103 7001  [2018-08-03 17:12:45 759] - Script::install_py_dlls(): PyInit__ssl
   DEBUG    baseapp-1 10103 7001  [2018-08-03 17:12:45 763] - Script::install_py_dlls(): PyInit__hashlib
   DEBUG    baseapp-1 10103 7001  [2018-08-03 17:12:45 763] - Script::install_py_dlls(): PyInit_select
   DEBUG    baseapp-1 10103 7001  [2018-08-03 17:12:45 763] - Script::install_py_dlls(): PyInit__ctypes
   DEBUG    baseapp-1 10103 7001  [2018-08-03 17:12:45 764] - Script::install_py_dlls(): PyInit__elementtree
   DEBUG    baseapp-1 10103 7001  [2018-08-03 17:12:45 819] - Script::install_py_dlls(): PyInit_unicodedata
    INFO    baseapp-1 10103 7001  [2018-08-03 17:12:45 881] - Script::install(): is successfully, Python=(3.4.2 (default, Apr 30 2018, 16:27:27) [MSC v.1900 32 bit (Intel)])!
    INFO    baseapp-1 10103 7001  [2018-08-03 17:12:45 881] - Script::install(): KBExtra is successfully!
   DEBUG    baseapp-1 10103 7001  [2018-08-03 17:12:45 927] - loaded entity-script:Account(1).
   DEBUG    baseapp-1 10103 7001  [2018-08-03 17:12:45 930] - loaded entity-script:Avatar(2).
   DEBUG    baseapp-1 10103 7001  [2018-08-03 17:12:45 932] - loaded entity-script:Spaces(3).
   DEBUG    baseapp-1 10103 7001  [2018-08-03 17:12:45 934] - loaded entity-script:Space(4).
   DEBUG    baseapp-1 10103 7001  [2018-08-03 17:12:45 950] - loaded entity-script:Equipment(5).
   DEBUG    baseapp-1 10103 7001  [2018-08-03 17:12:45 953] - loaded entity-script:Chat(6).
    INFO    baseapp-1 10103 7001  [2018-08-03 17:12:45 953] - Baseapp::initializeEnd: started resmgr tick(60s)!
    INFO    baseapp-1 10103 7001  [2018-08-03 17:12:45 953] - TelnetServer server is running on port 40000
    INFO    baseapp-1 10103 7001  [2018-08-03 17:12:46 548] - ---- baseapp is running ----
   DEBUG    baseapp-1 10103 7001  [2018-08-03 17:12:46 548] - Components::process(): Request for the process of identity...
 WARNING    baseapp-1 10103 7001  [2018-08-03 17:12:52 800] - EntityApp::checkTickPeriod: tick took 6252% (6.25 seconds)!
   DEBUG    baseapp-1 10103 7001  [2018-08-03 17:12:53 048] - Baseapp::lookApp: 10.139.66.192:3806/0/0/0
    INFO    baseapp-1 10103 7001  [2018-08-03 17:12:53 876] - Components::findComponents: find dbmgr(1)...
    INFO    baseapp-1 10103 7001  [2018-08-03 17:12:53 911] - Components::findComponents: found dbmgr, addr:10.139.66.192:3706
    INFO    baseapp-1 10103 7001  [2018-08-03 17:12:53 912] - Components::addComponent: reset orderLog, uid=10103!
    INFO    baseapp-1 10103 7001  [2018-08-03 17:12:53 912] - Components::addComponent[dbmgr], uid=10103, componentID=4000, globalorderid=1, grouporderid=1, totalcount=1
    INFO    baseapp-1 10103 7001  [2018-08-03 17:12:53 912] - Components::findComponents: found dbmgr, addr:10.139.66.192:3706
 WARNING    baseapp-1 10103 7001  [2018-08-03 17:12:54 913] - EntityApp::checkTickPeriod: tick took 1064% (1.06 seconds)!
    INFO    baseapp-1 10103 7001  [2018-08-03 17:12:55 948] - Components::findComponents: find baseappmgr(1)...
    INFO    baseapp-1 10103 7001  [2018-08-03 17:12:55 967] - Components::findComponents: found baseappmgr, addr:10.139.66.192:3708
    INFO    baseapp-1 10103 7001  [2018-08-03 17:12:55 967] - Components::addComponent[baseappmgr], uid=10103, componentID=5000, globalorderid=2, grouporderid=1, totalcount=1
    INFO    baseapp-1 10103 7001  [2018-08-03 17:12:55 968] - Components::findComponents: found baseappmgr, addr:10.139.66.192:3708
 WARNING    baseapp-1 10103 7001  [2018-08-03 17:12:56 967] - EntityApp::checkTickPeriod: tick took 1119% (1.12 seconds)!
    INFO    baseapp-1 10103 7001  [2018-08-03 17:12:57 976] - Components::findComponents: find cellappmgr(1)...
    INFO    baseapp-1 10103 7001  [2018-08-03 17:12:57 985] - Components::findComponents: found cellappmgr, addr:10.139.66.192:3714
    INFO    baseapp-1 10103 7001  [2018-08-03 17:12:57 985] - Components::addComponent[cellappmgr], uid=10103, componentID=6000, globalorderid=3, grouporderid=1, totalcount=1
    INFO    baseapp-1 10103 7001  [2018-08-03 17:12:57 986] - Components::findComponents: found cellappmgr, addr:10.139.66.192:3714
 WARNING    baseapp-1 10103 7001  [2018-08-03 17:12:58 986] - EntityApp::checkTickPeriod: tick took 1038% (1.04 seconds)!
    INFO    baseapp-1 10103 7001  [2018-08-03 17:13:00 076] - Components::findComponents: register self to dbmgr...
   DEBUG    baseapp-1 10103 7001  [2018-08-03 17:13:00 077] - SyncEntityStreamTemplateHandler::~SyncEntityStreamTemplateHandler()
    INFO    baseapp-1 10103 7001  [2018-08-03 17:13:00 147] - Components::findComponents: register self to baseappmgr...
    INFO    baseapp-1 10103 7001  [2018-08-03 17:13:00 176] - Components::findComponents: register self to cellappmgr...
    INFO    baseapp-1 10103 7001  [2018-08-03 17:13:00 248] - Components::process(): Found all the components!
    INFO    baseapp-1 10103 7001  [2018-08-03 17:13:01 748] - ServerApp::onRegisterNewApp: uid:10103, username:, componentType:cellapp, componentID:8001, globalorderID=4, grouporderID=1, intaddr:10.139.66.192, intport:3739, extaddr:nonsupport, extport:0,  from 10.139.66.192:3706/0/0/0.
    INFO    baseapp-1 10103 7001  [2018-08-03 17:13:01 748] - Components::addComponent[cellapp], uid=10103, componentID=8001, globalorderid=4, grouporderid=1, totalcount=1
    INFO    baseapp-1 10103 7001  [2018-08-03 17:13:05 449] - EntityApp::onDbmgrInitCompleted: entityID alloc(1-2001), startGlobalOrder=3, startGroupOrder=1, digest=7273B7889FE6F3F5681A6DEE25574F9D.
    INFO    baseapp01 10103 7001  [2018-08-03 17:13:05 449] - IDClient::onAddRange: number of ids increased from 1 to 2001.
  S_INFO    baseapp01 10103 7001  [2018-08-03 17:13:06 658] - onInit::isReload:0
 WARNING    baseapp01 10103 7001  [2018-08-03 17:13:06 659] - D:\kbengine-2.0.0\kbe\src\lib\server/entity_app.h:749: Profile processRecvMessages took 1.21 seconds
 WARNING    baseapp01 10103 7001  [2018-08-03 17:13:06 659] - baseapp.cpp:505: Profile gameTick took 1.21 seconds
 WARNING    baseapp01 10103 7001  [2018-08-03 17:13:06 659] - event_dispatcher.cpp:153: Profile callSystemTimers took 1.21 seconds
 WARNING    baseapp01 10103 7001  [2018-08-03 17:13:06 659] - EntityApp::checkTickPeriod: tick took 1210% (1.21 seconds)!
   DEBUG    baseapp01 10103 7001  [2018-08-03 17:13:07 376] - EntityAutoLoader::~EntityAutoLoader()
  S_INFO    baseapp01 10103 7001  [2018-08-03 17:13:07 449] - onBaseAppReady: isBootstrap=True, appID=7001, bootstrapGroupIndex=1, bootstrapGlobalIndex=3
    INFO    baseapp01 10103 7001  [2018-08-03 17:13:07 451] - EntityApp::createEntity: new Chat 2
   S_ERR    baseapp01 10103 7001  [2018-08-03 17:13:07 452] - Traceback (most recent call last):
  File "D:/kbengine/assets_Battle of Gods/scripts/base\Spaces.py", line 9, in __init__
    self.initAlloc()
   S_ERR    baseapp01 10103 7001  [2018-08-03 17:13:07 453] -   File "D:/kbengine/assets_Battle of Gods/scripts/base\Spaces.py", line 17, in initAlloc
    self.addTimer(3, 1, SCDefine.TIMER_TYPE_CREATE_SPACES)
   S_ERR    baseapp01 10103 7001  [2018-08-03 17:13:07 454] - NameError: name 'SCDefine' is not defined
    INFO    baseapp01 10103 7001  [2018-08-03 17:13:07 454] - EntityApp::createEntity: new Spaces 3
   DEBUG    baseapp01 10103 7001  [2018-08-03 17:13:07 470] - InitProgressHandler::~InitProgressHandler()
    INFO    baseapp-1 10103 7001  [2018-08-03 17:16:07 966] - -----------------------------------------------------------------------------------------


    INFO    baseapp-1 10103 7001  [2018-08-03 17:16:07 968] - Resmgr::initialize: KBE_ROOT=D:/kbengine/
    INFO    baseapp-1 10103 7001  [2018-08-03 17:16:07 968] - Resmgr::initialize: KBE_RES_PATH=D:/kbengine/kbe/res/;D:/kbengine/assets_Battle of Gods/;D:/kbengine/assets_Battle of Gods/scripts/;D:/kbengine/assets_Battle of Gods/res/
    INFO    baseapp-1 10103 7001  [2018-08-03 17:16:07 968] - Resmgr::initialize: KBE_BIN_PATH=D:/kbengine/kbe/bin/server/
    INFO    baseapp-1 10103 7001  [2018-08-03 17:16:07 977] - NetworkInterface::initialize(EXTERNAL): bound to all interfaces with default route interface on 10.139.66.192 ( 10.139.66.192:20015 )
    INFO    baseapp-1 10103 7001  [2018-08-03 17:16:07 977] - NetworkInterface::initialize(EXTERNAL): address 10.139.66.192:20015, SOMAXCONN=128.
    INFO    baseapp-1 10103 7001  [2018-08-03 17:16:07 982] - NetworkInterface::initialize(INTERNAL): bound to all interfaces with default route interface on 10.139.66.192 ( 10.139.66.192:5497 )
    INFO    baseapp-1 10103 7001  [2018-08-03 17:16:07 983] - NetworkInterface::initialize(INTERNAL): address 10.139.66.192:5497, SOMAXCONN=128.
    INFO    baseapp-1 10103 7001  [2018-08-03 17:16:07 983] - server-configs:
    INFO    baseapp-1 10103 7001  [2018-08-03 17:16:07 983] - 	gameUpdateHertz : 10
    INFO    baseapp-1 10103 7001  [2018-08-03 17:16:07 983] - 	entryScriptFile : kbemain
    INFO    baseapp-1 10103 7001  [2018-08-03 17:16:07 984] - 	internalAddr : 10.139.66.192:5497
    INFO    baseapp-1 10103 7001  [2018-08-03 17:16:07 984] - 	externalAddr : 10.139.66.192:20015
    INFO    baseapp-1 10103 7001  [2018-08-03 17:16:07 984] - 	componentID : 7001
    INFO    baseapp-1 10103 7001  [2018-08-03 17:16:08 480] - Components::findLogger: found logger, addr:10.139.66.192:5485
    INFO    baseapp-1 10103 7001  [2018-08-03 17:16:08 480] - Components::addComponent: reset orderLog, uid=10103!
    INFO    baseapp-1 10103 7001  [2018-08-03 17:16:08 480] - Components::addComponent[logger], uid=10103, componentID=2000, globalorderid=1, grouporderid=1, totalcount=1
    INFO    baseapp-1 10103 7001  [2018-08-03 17:16:08 489] - ---- baseapp Version: 2.0.0. ScriptVersion: 0.1.0. Protocol: F9DFFB319FBADF35943ADF4D42C4718C. Config: Debug X86. Built: 16:27:53 Apr 30 2018. AppID: 7001. UID: 10103. PID: 7648 ----
    INFO    baseapp-1 10103 7001  [2018-08-03 17:16:08 489] - Server : Intel(R) Core(TM) i7-6700HQ CPU @ 2.60GHz with 2097151kB RAM
    INFO    baseapp-1 10103 7001  [2018-08-03 17:16:08 490] - ThreadPool::createThreadPool: creating  threadpool...
    INFO    baseapp-1 10103 7001  [2018-08-03 17:16:08 491] - ThreadPool::createThreadPool: successfully(2), newThreadCount=1, normalMaxThreadCount=2, maxThreadCount=8
   DEBUG    baseapp-1 10103 7001  [2018-08-03 17:16:08 650] - Script::install_py_dlls(): PyInit_pyexpat
   DEBUG    baseapp-1 10103 7001  [2018-08-03 17:16:08 651] - Script::install_py_dlls(): PyInit__socket
   DEBUG    baseapp-1 10103 7001  [2018-08-03 17:16:08 652] - Script::install_py_dlls(): PyInit__ssl
   DEBUG    baseapp-1 10103 7001  [2018-08-03 17:16:08 660] - Script::install_py_dlls(): PyInit__hashlib
   DEBUG    baseapp-1 10103 7001  [2018-08-03 17:16:08 661] - Script::install_py_dlls(): PyInit_select
   DEBUG    baseapp-1 10103 7001  [2018-08-03 17:16:08 661] - Script::install_py_dlls(): PyInit__ctypes
   DEBUG    baseapp-1 10103 7001  [2018-08-03 17:16:08 662] - Script::install_py_dlls(): PyInit__elementtree
   DEBUG    baseapp-1 10103 7001  [2018-08-03 17:16:08 752] - Script::install_py_dlls(): PyInit_unicodedata
    INFO    baseapp-1 10103 7001  [2018-08-03 17:16:08 822] - Script::install(): is successfully, Python=(3.4.2 (default, Apr 30 2018, 16:27:27) [MSC v.1900 32 bit (Intel)])!
    INFO    baseapp-1 10103 7001  [2018-08-03 17:16:08 822] - Script::install(): KBExtra is successfully!
   DEBUG    baseapp-1 10103 7001  [2018-08-03 17:16:08 883] - loaded entity-script:Account(1).
   DEBUG    baseapp-1 10103 7001  [2018-08-03 17:16:08 886] - loaded entity-script:Avatar(2).
   DEBUG    baseapp-1 10103 7001  [2018-08-03 17:16:08 901] - loaded entity-script:Spaces(3).
   DEBUG    baseapp-1 10103 7001  [2018-08-03 17:16:08 903] - loaded entity-script:Space(4).
   DEBUG    baseapp-1 10103 7001  [2018-08-03 17:16:08 921] - loaded entity-script:Equipment(5).
   DEBUG    baseapp-1 10103 7001  [2018-08-03 17:16:08 924] - loaded entity-script:Chat(6).
    INFO    baseapp-1 10103 7001  [2018-08-03 17:16:08 924] - Baseapp::initializeEnd: started resmgr tick(60s)!
    INFO    baseapp-1 10103 7001  [2018-08-03 17:16:08 925] - TelnetServer server is running on port 40000
    INFO    baseapp-1 10103 7001  [2018-08-03 17:16:09 671] - ---- baseapp is running ----
   DEBUG    baseapp-1 10103 7001  [2018-08-03 17:16:09 672] - Components::process(): Request for the process of identity...
 WARNING    baseapp-1 10103 7001  [2018-08-03 17:16:15 940] - EntityApp::checkTickPeriod: tick took 6269% (6.27 seconds)!
    INFO    baseapp-1 10103 7001  [2018-08-03 17:16:16 969] - Components::findComponents: find dbmgr(1)...
    INFO    baseapp-1 10103 7001  [2018-08-03 17:16:17 057] - Components::findComponents: found dbmgr, addr:10.139.66.192:5494
    INFO    baseapp-1 10103 7001  [2018-08-03 17:16:17 057] - Components::addComponent: reset orderLog, uid=10103!
    INFO    baseapp-1 10103 7001  [2018-08-03 17:16:17 057] - Components::addComponent[dbmgr], uid=10103, componentID=4000, globalorderid=1, grouporderid=1, totalcount=1
    INFO    baseapp-1 10103 7001  [2018-08-03 17:16:17 058] - Components::findComponents: found dbmgr, addr:10.139.66.192:5494
 WARNING    baseapp-1 10103 7001  [2018-08-03 17:16:18 059] - EntityApp::checkTickPeriod: tick took 1187% (1.19 seconds)!
    INFO    baseapp-1 10103 7001  [2018-08-03 17:16:19 068] - Components::findComponents: find baseappmgr(1)...
    INFO    baseapp-1 10103 7001  [2018-08-03 17:16:19 092] - Components::findComponents: found baseappmgr, addr:10.139.66.192:5495
    INFO    baseapp-1 10103 7001  [2018-08-03 17:16:19 092] - Components::addComponent[baseappmgr], uid=10103, componentID=5000, globalorderid=2, grouporderid=1, totalcount=1
    INFO    baseapp-1 10103 7001  [2018-08-03 17:16:19 092] - Components::findComponents: found baseappmgr, addr:10.139.66.192:5495
 WARNING    baseapp-1 10103 7001  [2018-08-03 17:16:20 093] - EntityApp::checkTickPeriod: tick took 1121% (1.12 seconds)!
    INFO    baseapp-1 10103 7001  [2018-08-03 17:16:21 169] - Components::findComponents: find cellappmgr(1)...
    INFO    baseapp-1 10103 7001  [2018-08-03 17:16:21 217] - Components::findComponents: found cellappmgr, addr:10.139.66.192:5496
    INFO    baseapp-1 10103 7001  [2018-08-03 17:16:21 217] - Components::addComponent[cellappmgr], uid=10103, componentID=6000, globalorderid=3, grouporderid=1, totalcount=1
    INFO    baseapp-1 10103 7001  [2018-08-03 17:16:21 217] - Components::findComponents: found cellappmgr, addr:10.139.66.192:5496
 WARNING    baseapp-1 10103 7001  [2018-08-03 17:16:22 218] - EntityApp::checkTickPeriod: tick took 1146% (1.15 seconds)!
    INFO    baseapp-1 10103 7001  [2018-08-03 17:16:23 271] - Components::findComponents: register self to dbmgr...
   DEBUG    baseapp-1 10103 7001  [2018-08-03 17:16:23 273] - SyncEntityStreamTemplateHandler::~SyncEntityStreamTemplateHandler()
    INFO    baseapp-1 10103 7001  [2018-08-03 17:16:23 368] - Components::findComponents: register self to baseappmgr...
    INFO    baseapp-1 10103 7001  [2018-08-03 17:16:23 371] - Components::findComponents: register self to cellappmgr...
    INFO    baseapp-1 10103 7001  [2018-08-03 17:16:23 469] - Components::process(): Found all the components!
    INFO    baseapp-1 10103 7001  [2018-08-03 17:16:25 072] - ServerApp::onRegisterNewApp: uid:10103, username:, componentType:cellapp, componentID:8001, globalorderID=5, grouporderID=1, intaddr:10.139.66.192, intport:5499, extaddr:nonsupport, extport:0,  from 10.139.66.192:5494/0/0/0.
    INFO    baseapp-1 10103 7001  [2018-08-03 17:16:25 072] - Components::addComponent[cellapp], uid=10103, componentID=8001, globalorderid=5, grouporderid=1, totalcount=1
    INFO    baseapp-1 10103 7001  [2018-08-03 17:16:28 072] - EntityApp::onDbmgrInitCompleted: entityID alloc(1-2001), startGlobalOrder=4, startGroupOrder=1, digest=7273B7889FE6F3F5681A6DEE25574F9D.
    INFO    baseapp01 10103 7001  [2018-08-03 17:16:28 072] - IDClient::onAddRange: number of ids increased from 1 to 2001.
  S_INFO    baseapp01 10103 7001  [2018-08-03 17:16:29 282] - onInit::isReload:0
 WARNING    baseapp01 10103 7001  [2018-08-03 17:16:29 282] - D:\kbengine-2.0.0\kbe\src\lib\server/entity_app.h:749: Profile processRecvMessages took 1.21 seconds
 WARNING    baseapp01 10103 7001  [2018-08-03 17:16:29 283] - baseapp.cpp:505: Profile gameTick took 1.21 seconds
 WARNING    baseapp01 10103 7001  [2018-08-03 17:16:29 283] - event_dispatcher.cpp:153: Profile callSystemTimers took 1.21 seconds
 WARNING    baseapp01 10103 7001  [2018-08-03 17:16:29 283] - EntityApp::checkTickPeriod: tick took 1212% (1.21 seconds)!
   DEBUG    baseapp01 10103 7001  [2018-08-03 17:16:30 469] - EntityAutoLoader::~EntityAutoLoader()
  S_INFO    baseapp01 10103 7001  [2018-08-03 17:16:30 472] - onBaseAppReady: isBootstrap=True, appID=7001, bootstrapGroupIndex=1, bootstrapGlobalIndex=4
    INFO    baseapp01 10103 7001  [2018-08-03 17:16:30 473] - EntityApp::createEntity: new Chat 2
   S_ERR    baseapp01 10103 7001  [2018-08-03 17:16:30 474] - Traceback (most recent call last):
  File "D:/kbengine/assets_Battle of Gods/scripts/base\Spaces.py", line 10, in __init__
    self.initAlloc()
   S_ERR    baseapp01 10103 7001  [2018-08-03 17:16:30 476] -   File "D:/kbengine/assets_Battle of Gods/scripts/base\Spaces.py", line 20, in initAlloc
    self._tmpDatas = list(d_spaces.datas.keys())
   S_ERR    baseapp01 10103 7001  [2018-08-03 17:16:30 476] - NameError: name 'd_spaces' is not defined
    INFO    baseapp01 10103 7001  [2018-08-03 17:16:30 477] - EntityApp::createEntity: new Spaces 3
   DEBUG    baseapp01 10103 7001  [2018-08-03 17:16:30 501] - InitProgressHandler::~InitProgressHandler()
   S_ERR    baseapp01 10103 7001  [2018-08-03 17:16:33 372] - Traceback (most recent call last):
  File "D:/kbengine/assets_Battle of Gods/scripts/base\Spaces.py", line 51, in onTimer
    self.createSpaceOnTimer(tid)
   S_ERR    baseapp01 10103 7001  [2018-08-03 17:16:33 377] -   File "D:/kbengine/assets_Battle of Gods/scripts/base\Spaces.py", line 32, in createSpaceOnTimer
    if len(self._tmpDatas) > 0:
   S_ERR    baseapp01 10103 7001  [2018-08-03 17:16:33 379] - AttributeError: 'Spaces' object has no attribute '_tmpDatas'
   S_ERR    baseapp01 10103 7001  [2018-08-03 17:16:34 372] - Traceback (most recent call last):
  File "D:/kbengine/assets_Battle of Gods/scripts/base\Spaces.py", line 51, in onTimer
    self.createSpaceOnTimer(tid)
   S_ERR    baseapp01 10103 7001  [2018-08-03 17:16:34 377] -   File "D:/kbengine/assets_Battle of Gods/scripts/base\Spaces.py", line 32, in createSpaceOnTimer
    if len(self._tmpDatas) > 0:
   S_ERR    baseapp01 10103 7001  [2018-08-03 17:16:34 377] - AttributeError: 'Spaces' object has no attribute '_tmpDatas'
   S_ERR    baseapp01 10103 7001  [2018-08-03 17:16:35 374] - Traceback (most recent call last):
  File "D:/kbengine/assets_Battle of Gods/scripts/base\Spaces.py", line 51, in onTimer
    self.createSpaceOnTimer(tid)
   S_ERR    baseapp01 10103 7001  [2018-08-03 17:16:35 383] -   File "D:/kbengine/assets_Battle of Gods/scripts/base\Spaces.py", line 32, in createSpaceOnTimer
    if len(self._tmpDatas) > 0:
   S_ERR    baseapp01 10103 7001  [2018-08-03 17:16:35 383] - AttributeError: 'Spaces' object has no attribute '_tmpDatas'
   S_ERR    baseapp01 10103 7001  [2018-08-03 17:16:36 372] - Traceback (most recent call last):
  File "D:/kbengine/assets_Battle of Gods/scripts/base\Spaces.py", line 51, in onTimer
    self.createSpaceOnTimer(tid)
   S_ERR    baseapp01 10103 7001  [2018-08-03 17:16:36 374] -   File "D:/kbengine/assets_Battle of Gods/scripts/base\Spaces.py", line 32, in createSpaceOnTimer
    if len(self._tmpDatas) > 0:
   S_ERR    baseapp01 10103 7001  [2018-08-03 17:16:36 378] - AttributeError: 'Spaces' object has no attribute '_tmpDatas'
   S_ERR    baseapp01 10103 7001  [2018-08-03 17:16:37 372] - Traceback (most recent call last):
  File "D:/kbengine/assets_Battle of Gods/scripts/base\Spaces.py", line 51, in onTimer
    self.createSpaceOnTimer(tid)
   S_ERR    baseapp01 10103 7001  [2018-08-03 17:16:37 374] -   File "D:/kbengine/assets_Battle of Gods/scripts/base\Spaces.py", line 32, in createSpaceOnTimer
    if len(self._tmpDatas) > 0:
   S_ERR    baseapp01 10103 7001  [2018-08-03 17:16:37 378] - AttributeError: 'Spaces' object has no attribute '_tmpDatas'
   S_ERR    baseapp01 10103 7001  [2018-08-03 17:16:38 371] - Traceback (most recent call last):
  File "D:/kbengine/assets_Battle of Gods/scripts/base\Spaces.py", line 51, in onTimer
    self.createSpaceOnTimer(tid)
   S_ERR    baseapp01 10103 7001  [2018-08-03 17:16:38 374] -   File "D:/kbengine/assets_Battle of Gods/scripts/base\Spaces.py", line 32, in createSpaceOnTimer
    if len(self._tmpDatas) > 0:
   S_ERR    baseapp01 10103 7001  [2018-08-03 17:16:38 377] - AttributeError: 'Spaces' object has no attribute '_tmpDatas'
   S_ERR    baseapp01 10103 7001  [2018-08-03 17:16:39 372] - Traceback (most recent call last):
  File "D:/kbengine/assets_Battle of Gods/scripts/base\Spaces.py", line 51, in onTimer
    self.createSpaceOnTimer(tid)
   S_ERR    baseapp01 10103 7001  [2018-08-03 17:16:39 375] -   File "D:/kbengine/assets_Battle of Gods/scripts/base\Spaces.py", line 32, in createSpaceOnTimer
    if len(self._tmpDatas) > 0:
   S_ERR    baseapp01 10103 7001  [2018-08-03 17:16:39 379] - AttributeError: 'Spaces' object has no attribute '_tmpDatas'
   S_ERR    baseapp01 10103 7001  [2018-08-03 17:16:40 372] - Traceback (most recent call last):
  File "D:/kbengine/assets_Battle of Gods/scripts/base\Spaces.py", line 51, in onTimer
    self.createSpaceOnTimer(tid)
   S_ERR    baseapp01 10103 7001  [2018-08-03 17:16:40 375] -   File "D:/kbengine/assets_Battle of Gods/scripts/base\Spaces.py", line 32, in createSpaceOnTimer
    if len(self._tmpDatas) > 0:
   S_ERR    baseapp01 10103 7001  [2018-08-03 17:16:40 379] - AttributeError: 'Spaces' object has no attribute '_tmpDatas'
   S_ERR    baseapp01 10103 7001  [2018-08-03 17:16:41 372] - Traceback (most recent call last):
  File "D:/kbengine/assets_Battle of Gods/scripts/base\Spaces.py", line 51, in onTimer
    self.createSpaceOnTimer(tid)
   S_ERR    baseapp01 10103 7001  [2018-08-03 17:16:41 376] -   File "D:/kbengine/assets_Battle of Gods/scripts/base\Spaces.py", line 32, in createSpaceOnTimer
    if len(self._tmpDatas) > 0:
   S_ERR    baseapp01 10103 7001  [2018-08-03 17:16:41 379] - AttributeError: 'Spaces' object has no attribute '_tmpDatas'
   S_ERR    baseapp01 10103 7001  [2018-08-03 17:16:42 372] - Traceback (most recent call last):
  File "D:/kbengine/assets_Battle of Gods/scripts/base\Spaces.py", line 51, in onTimer
    self.createSpaceOnTimer(tid)
   S_ERR    baseapp01 10103 7001  [2018-08-03 17:16:42 374] -   File "D:/kbengine/assets_Battle of Gods/scripts/base\Spaces.py", line 32, in createSpaceOnTimer
    if len(self._tmpDatas) > 0:
   S_ERR    baseapp01 10103 7001  [2018-08-03 17:16:42 378] - AttributeError: 'Spaces' object has no attribute '_tmpDatas'
   S_ERR    baseapp01 10103 7001  [2018-08-03 17:16:43 372] - Traceback (most recent call last):
  File "D:/kbengine/assets_Battle of Gods/scripts/base\Spaces.py", line 51, in onTimer
    self.createSpaceOnTimer(tid)
   S_ERR    baseapp01 10103 7001  [2018-08-03 17:16:43 375] -   File "D:/kbengine/assets_Battle of Gods/scripts/base\Spaces.py", line 32, in createSpaceOnTimer
    if len(self._tmpDatas) > 0:
   S_ERR    baseapp01 10103 7001  [2018-08-03 17:16:43 375] - AttributeError: 'Spaces' object has no attribute '_tmpDatas'
   S_ERR    baseapp01 10103 7001  [2018-08-03 17:16:44 374] - Traceback (most recent call last):
  File "D:/kbengine/assets_Battle of Gods/scripts/base\Spaces.py", line 51, in onTimer
    self.createSpaceOnTimer(tid)
   S_ERR    baseapp01 10103 7001  [2018-08-03 17:16:44 379] -   File "D:/kbengine/assets_Battle of Gods/scripts/base\Spaces.py", line 32, in createSpaceOnTimer
    if len(self._tmpDatas) > 0:
   S_ERR    baseapp01 10103 7001  [2018-08-03 17:16:44 382] - AttributeError: 'Spaces' object has no attribute '_tmpDatas'
   S_ERR    baseapp01 10103 7001  [2018-08-03 17:16:45 372] - Traceback (most recent call last):
  File "D:/kbengine/assets_Battle of Gods/scripts/base\Spaces.py", line 51, in onTimer
    self.createSpaceOnTimer(tid)
   S_ERR    baseapp01 10103 7001  [2018-08-03 17:16:45 375] -   File "D:/kbengine/assets_Battle of Gods/scripts/base\Spaces.py", line 32, in createSpaceOnTimer
    if len(self._tmpDatas) > 0:
   S_ERR    baseapp01 10103 7001  [2018-08-03 17:16:45 379] - AttributeError: 'Spaces' object has no attribute '_tmpDatas'
   S_ERR    baseapp01 10103 7001  [2018-08-03 17:16:46 372] - Traceback (most recent call last):
  File "D:/kbengine/assets_Battle of Gods/scripts/base\Spaces.py", line 51, in onTimer
    self.createSpaceOnTimer(tid)
   S_ERR    baseapp01 10103 7001  [2018-08-03 17:16:46 374] -   File "D:/kbengine/assets_Battle of Gods/scripts/base\Spaces.py", line 32, in createSpaceOnTimer
    if len(self._tmpDatas) > 0:
   S_ERR    baseapp01 10103 7001  [2018-08-03 17:16:46 375] - AttributeError: 'Spaces' object has no attribute '_tmpDatas'
   S_ERR    baseapp01 10103 7001  [2018-08-03 17:16:47 372] - Traceback (most recent call last):
  File "D:/kbengine/assets_Battle of Gods/scripts/base\Spaces.py", line 51, in onTimer
    self.createSpaceOnTimer(tid)
   S_ERR    baseapp01 10103 7001  [2018-08-03 17:16:47 374] -   File "D:/kbengine/assets_Battle of Gods/scripts/base\Spaces.py", line 32, in createSpaceOnTimer
    if len(self._tmpDatas) > 0:
   S_ERR    baseapp01 10103 7001  [2018-08-03 17:16:47 375] - AttributeError: 'Spaces' object has no attribute '_tmpDatas'
   S_ERR    baseapp01 10103 7001  [2018-08-03 17:16:48 372] - Traceback (most recent call last):
  File "D:/kbengine/assets_Battle of Gods/scripts/base\Spaces.py", line 51, in onTimer
    self.createSpaceOnTimer(tid)
   S_ERR    baseapp01 10103 7001  [2018-08-03 17:16:48 376] -   File "D:/kbengine/assets_Battle of Gods/scripts/base\Spaces.py", line 32, in createSpaceOnTimer
    if len(self._tmpDatas) > 0:
   S_ERR    baseapp01 10103 7001  [2018-08-03 17:16:48 380] - AttributeError: 'Spaces' object has no attribute '_tmpDatas'
   S_ERR    baseapp01 10103 7001  [2018-08-03 17:16:49 372] - Traceback (most recent call last):
  File "D:/kbengine/assets_Battle of Gods/scripts/base\Spaces.py", line 51, in onTimer
    self.createSpaceOnTimer(tid)
   S_ERR    baseapp01 10103 7001  [2018-08-03 17:16:49 375] -   File "D:/kbengine/assets_Battle of Gods/scripts/base\Spaces.py", line 32, in createSpaceOnTimer
    if len(self._tmpDatas) > 0:
   S_ERR    baseapp01 10103 7001  [2018-08-03 17:16:49 379] - AttributeError: 'Spaces' object has no attribute '_tmpDatas'
    INFO    baseapp-1 10103 7001  [2018-08-03 17:23:23 318] - -----------------------------------------------------------------------------------------


    INFO    baseapp-1 10103 7001  [2018-08-03 17:23:23 319] - Resmgr::initialize: KBE_ROOT=D:/kbengine/
    INFO    baseapp-1 10103 7001  [2018-08-03 17:23:23 320] - Resmgr::initialize: KBE_RES_PATH=D:/kbengine/kbe/res/;D:/kbengine/assets_Battle of Gods/;D:/kbengine/assets_Battle of Gods/scripts/;D:/kbengine/assets_Battle of Gods/res/
    INFO    baseapp-1 10103 7001  [2018-08-03 17:23:23 320] - Resmgr::initialize: KBE_BIN_PATH=D:/kbengine/kbe/bin/server/
    INFO    baseapp-1 10103 7001  [2018-08-03 17:23:23 329] - NetworkInterface::initialize(EXTERNAL): bound to all interfaces with default route interface on 10.139.66.192 ( 10.139.66.192:20015 )
    INFO    baseapp-1 10103 7001  [2018-08-03 17:23:23 330] - NetworkInterface::initialize(EXTERNAL): address 10.139.66.192:20015, SOMAXCONN=128.
    INFO    baseapp-1 10103 7001  [2018-08-03 17:23:23 334] - NetworkInterface::initialize(INTERNAL): bound to all interfaces with default route interface on 10.139.66.192 ( 10.139.66.192:8886 )
    INFO    baseapp-1 10103 7001  [2018-08-03 17:23:23 335] - NetworkInterface::initialize(INTERNAL): address 10.139.66.192:8886, SOMAXCONN=128.
    INFO    baseapp-1 10103 7001  [2018-08-03 17:23:23 335] - server-configs:
    INFO    baseapp-1 10103 7001  [2018-08-03 17:23:23 335] - 	gameUpdateHertz : 10
    INFO    baseapp-1 10103 7001  [2018-08-03 17:23:23 335] - 	entryScriptFile : kbemain
    INFO    baseapp-1 10103 7001  [2018-08-03 17:23:23 335] - 	internalAddr : 10.139.66.192:8886
    INFO    baseapp-1 10103 7001  [2018-08-03 17:23:23 336] - 	externalAddr : 10.139.66.192:20015
    INFO    baseapp-1 10103 7001  [2018-08-03 17:23:23 336] - 	componentID : 7001
    INFO    baseapp-1 10103 7001  [2018-08-03 17:23:23 822] - Components::findLogger: found logger, addr:10.139.66.192:8873
    INFO    baseapp-1 10103 7001  [2018-08-03 17:23:23 823] - Components::addComponent: reset orderLog, uid=10103!
    INFO    baseapp-1 10103 7001  [2018-08-03 17:23:23 823] - Components::addComponent[logger], uid=10103, componentID=2000, globalorderid=1, grouporderid=1, totalcount=1
    INFO    baseapp-1 10103 7001  [2018-08-03 17:23:23 835] - ---- baseapp Version: 2.0.0. ScriptVersion: 0.1.0. Protocol: F9DFFB319FBADF35943ADF4D42C4718C. Config: Debug X86. Built: 16:27:53 Apr 30 2018. AppID: 7001. UID: 10103. PID: 8812 ----
    INFO    baseapp-1 10103 7001  [2018-08-03 17:23:23 836] - Server : Intel(R) Core(TM) i7-6700HQ CPU @ 2.60GHz with 2097151kB RAM
    INFO    baseapp-1 10103 7001  [2018-08-03 17:23:23 836] - ThreadPool::createThreadPool: creating  threadpool...
    INFO    baseapp-1 10103 7001  [2018-08-03 17:23:23 837] - ThreadPool::createThreadPool: successfully(2), newThreadCount=1, normalMaxThreadCount=2, maxThreadCount=8
   DEBUG    baseapp-1 10103 7001  [2018-08-03 17:23:23 997] - Script::install_py_dlls(): PyInit_pyexpat
   DEBUG    baseapp-1 10103 7001  [2018-08-03 17:23:23 998] - Script::install_py_dlls(): PyInit__socket
   DEBUG    baseapp-1 10103 7001  [2018-08-03 17:23:23 999] - Script::install_py_dlls(): PyInit__ssl
   DEBUG    baseapp-1 10103 7001  [2018-08-03 17:23:24 005] - Script::install_py_dlls(): PyInit__hashlib
   DEBUG    baseapp-1 10103 7001  [2018-08-03 17:23:24 005] - Script::install_py_dlls(): PyInit_select
   DEBUG    baseapp-1 10103 7001  [2018-08-03 17:23:24 005] - Script::install_py_dlls(): PyInit__ctypes
   DEBUG    baseapp-1 10103 7001  [2018-08-03 17:23:24 007] - Script::install_py_dlls(): PyInit__elementtree
   DEBUG    baseapp-1 10103 7001  [2018-08-03 17:23:24 070] - Script::install_py_dlls(): PyInit_unicodedata
    INFO    baseapp-1 10103 7001  [2018-08-03 17:23:24 131] - Script::install(): is successfully, Python=(3.4.2 (default, Apr 30 2018, 16:27:27) [MSC v.1900 32 bit (Intel)])!
    INFO    baseapp-1 10103 7001  [2018-08-03 17:23:24 131] - Script::install(): KBExtra is successfully!
   DEBUG    baseapp-1 10103 7001  [2018-08-03 17:23:24 196] - loaded entity-script:Account(1).
   DEBUG    baseapp-1 10103 7001  [2018-08-03 17:23:24 199] - loaded entity-script:Avatar(2).
   DEBUG    baseapp-1 10103 7001  [2018-08-03 17:23:24 213] - loaded entity-script:Spaces(3).
   DEBUG    baseapp-1 10103 7001  [2018-08-03 17:23:24 215] - loaded entity-script:Space(4).
   DEBUG    baseapp-1 10103 7001  [2018-08-03 17:23:24 229] - loaded entity-script:Equipment(5).
   DEBUG    baseapp-1 10103 7001  [2018-08-03 17:23:24 232] - loaded entity-script:Chat(6).
    INFO    baseapp-1 10103 7001  [2018-08-03 17:23:24 232] - Baseapp::initializeEnd: started resmgr tick(60s)!
    INFO    baseapp-1 10103 7001  [2018-08-03 17:23:24 233] - TelnetServer server is running on port 40000
    INFO    baseapp-1 10103 7001  [2018-08-03 17:23:24 901] - ---- baseapp is running ----
   DEBUG    baseapp-1 10103 7001  [2018-08-03 17:23:24 901] - Components::process(): Request for the process of identity...
 WARNING    baseapp-1 10103 7001  [2018-08-03 17:23:31 201] - EntityApp::checkTickPeriod: tick took 6300% (6.30 seconds)!
    INFO    baseapp-1 10103 7001  [2018-08-03 17:23:32 221] - Components::findComponents: find dbmgr(1)...
    INFO    baseapp-1 10103 7001  [2018-08-03 17:23:32 271] - Components::findComponents: found dbmgr, addr:10.139.66.192:8876
    INFO    baseapp-1 10103 7001  [2018-08-03 17:23:32 272] - Components::addComponent: reset orderLog, uid=10103!
    INFO    baseapp-1 10103 7001  [2018-08-03 17:23:32 272] - Components::addComponent[dbmgr], uid=10103, componentID=4000, globalorderid=1, grouporderid=1, totalcount=1
    INFO    baseapp-1 10103 7001  [2018-08-03 17:23:32 272] - Components::findComponents: found dbmgr, addr:10.139.66.192:8876
 WARNING    baseapp-1 10103 7001  [2018-08-03 17:23:33 272] - EntityApp::checkTickPeriod: tick took 1071% (1.07 seconds)!
    INFO    baseapp-1 10103 7001  [2018-08-03 17:23:34 301] - Components::findComponents: find baseappmgr(1)...
    INFO    baseapp-1 10103 7001  [2018-08-03 17:23:34 344] - Components::findComponents: found baseappmgr, addr:10.139.66.192:8877
    INFO    baseapp-1 10103 7001  [2018-08-03 17:23:34 344] - Components::addComponent[baseappmgr], uid=10103, componentID=5000, globalorderid=2, grouporderid=1, totalcount=1
    INFO    baseapp-1 10103 7001  [2018-08-03 17:23:34 344] - Components::findComponents: found baseappmgr, addr:10.139.66.192:8877
 WARNING    baseapp-1 10103 7001  [2018-08-03 17:23:35 345] - EntityApp::checkTickPeriod: tick took 1144% (1.14 seconds)!
    INFO    baseapp-1 10103 7001  [2018-08-03 17:23:36 401] - Components::findComponents: find cellappmgr(1)...
    INFO    baseapp-1 10103 7001  [2018-08-03 17:23:36 467] - Components::findComponents: found cellappmgr, addr:10.139.66.192:8881
    INFO    baseapp-1 10103 7001  [2018-08-03 17:23:36 467] - Components::addComponent[cellappmgr], uid=10103, componentID=6000, globalorderid=3, grouporderid=1, totalcount=1
    INFO    baseapp-1 10103 7001  [2018-08-03 17:23:36 467] - Components::findComponents: found cellappmgr, addr:10.139.66.192:8881
 WARNING    baseapp-1 10103 7001  [2018-08-03 17:23:37 467] - EntityApp::checkTickPeriod: tick took 1166% (1.17 seconds)!
    INFO    baseapp-1 10103 7001  [2018-08-03 17:23:38 521] - Components::findComponents: register self to dbmgr...
   DEBUG    baseapp-1 10103 7001  [2018-08-03 17:23:38 521] - SyncEntityStreamTemplateHandler::~SyncEntityStreamTemplateHandler()
    INFO    baseapp-1 10103 7001  [2018-08-03 17:23:38 601] - Components::findComponents: register self to baseappmgr...
    INFO    baseapp-1 10103 7001  [2018-08-03 17:23:38 620] - Components::findComponents: register self to cellappmgr...
    INFO    baseapp-1 10103 7001  [2018-08-03 17:23:38 701] - Components::process(): Found all the components!
    INFO    baseapp-1 10103 7001  [2018-08-03 17:23:40 001] - ServerApp::onRegisterNewApp: uid:10103, username:, componentType:cellapp, componentID:8001, globalorderID=5, grouporderID=1, intaddr:10.139.66.192, intport:8887, extaddr:nonsupport, extport:0,  from 10.139.66.192:8876/0/0/0.
    INFO    baseapp-1 10103 7001  [2018-08-03 17:23:40 001] - Components::addComponent[cellapp], uid=10103, componentID=8001, globalorderid=5, grouporderid=1, totalcount=1
    INFO    baseapp-1 10103 7001  [2018-08-03 17:23:43 001] - EntityApp::onDbmgrInitCompleted: entityID alloc(1-2001), startGlobalOrder=4, startGroupOrder=1, digest=7273B7889FE6F3F5681A6DEE25574F9D.
    INFO    baseapp01 10103 7001  [2018-08-03 17:23:43 001] - IDClient::onAddRange: number of ids increased from 1 to 2001.
 WARNING    baseapp01 10103 7001  [2018-08-03 17:23:43 334] - BundleBroadcast::BundleBroadcast: Cannot bind to port 20123, errorno=10048
  S_INFO    baseapp01 10103 7001  [2018-08-03 17:23:44 556] - onInit::isReload:0
 WARNING    baseapp01 10103 7001  [2018-08-03 17:23:44 556] - D:\kbengine-2.0.0\kbe\src\lib\server/entity_app.h:749: Profile processRecvMessages took 1.56 seconds
 WARNING    baseapp01 10103 7001  [2018-08-03 17:23:44 557] - baseapp.cpp:505: Profile gameTick took 1.56 seconds
 WARNING    baseapp01 10103 7001  [2018-08-03 17:23:44 557] - event_dispatcher.cpp:153: Profile callSystemTimers took 1.56 seconds
 WARNING    baseapp01 10103 7001  [2018-08-03 17:23:44 557] - EntityApp::checkTickPeriod: tick took 1556% (1.56 seconds)!
   DEBUG    baseapp01 10103 7001  [2018-08-03 17:23:45 232] - EntityAutoLoader::~EntityAutoLoader()
  S_INFO    baseapp01 10103 7001  [2018-08-03 17:23:45 301] - onBaseAppReady: isBootstrap=True, appID=7001, bootstrapGroupIndex=1, bootstrapGlobalIndex=4
    INFO    baseapp01 10103 7001  [2018-08-03 17:23:45 303] - EntityApp::createEntity: new Chat 2
   S_ERR    baseapp01 10103 7001  [2018-08-03 17:23:45 304] - Traceback (most recent call last):
  File "D:/kbengine/assets_Battle of Gods/scripts/base\Spaces.py", line 11, in __init__
    self.initAlloc()
   S_ERR    baseapp01 10103 7001  [2018-08-03 17:23:45 305] -   File "D:/kbengine/assets_Battle of Gods/scripts/base\Spaces.py", line 27, in initAlloc
    self._spaceAllocs[utype] = SpaceAlloc(utype)
   S_ERR    baseapp01 10103 7001  [2018-08-03 17:23:45 305] - NameError: name 'SpaceAlloc' is not defined
    INFO    baseapp01 10103 7001  [2018-08-03 17:23:45 306] - EntityApp::createEntity: new Spaces 3
   DEBUG    baseapp01 10103 7001  [2018-08-03 17:23:45 321] - InitProgressHandler::~InitProgressHandler()
   S_ERR    baseapp01 10103 7001  [2018-08-03 17:23:48 202] - Traceback (most recent call last):
  File "D:/kbengine/assets_Battle of Gods/scripts/base\Spaces.py", line 52, in onTimer
    self.createSpaceOnTimer(tid)
   S_ERR    baseapp01 10103 7001  [2018-08-03 17:23:48 206] -   File "D:/kbengine/assets_Battle of Gods/scripts/base\Spaces.py", line 35, in createSpaceOnTimer
    self._spaceAllocs[spaceUType].init()
   S_ERR    baseapp01 10103 7001  [2018-08-03 17:23:48 207] - KeyError: 1
   S_ERR    baseapp01 10103 7001  [2018-08-03 17:23:49 201] - Traceback (most recent call last):
  File "D:/kbengine/assets_Battle of Gods/scripts/base\Spaces.py", line 52, in onTimer
    self.createSpaceOnTimer(tid)
   S_ERR    baseapp01 10103 7001  [2018-08-03 17:23:49 204] -   File "D:/kbengine/assets_Battle of Gods/scripts/base\Spaces.py", line 35, in createSpaceOnTimer
    self._spaceAllocs[spaceUType].init()
   S_ERR    baseapp01 10103 7001  [2018-08-03 17:23:49 207] - KeyError: 2
   S_ERR    baseapp01 10103 7001  [2018-08-03 17:23:50 202] - Traceback (most recent call last):
  File "D:/kbengine/assets_Battle of Gods/scripts/base\Spaces.py", line 52, in onTimer
    self.createSpaceOnTimer(tid)
   S_ERR    baseapp01 10103 7001  [2018-08-03 17:23:50 204] -   File "D:/kbengine/assets_Battle of Gods/scripts/base\Spaces.py", line 35, in createSpaceOnTimer
    self._spaceAllocs[spaceUType].init()
   S_ERR    baseapp01 10103 7001  [2018-08-03 17:23:50 207] - KeyError: 3
   S_ERR    baseapp01 10103 7001  [2018-08-03 17:23:51 201] - Traceback (most recent call last):
  File "D:/kbengine/assets_Battle of Gods/scripts/base\Spaces.py", line 52, in onTimer
    self.createSpaceOnTimer(tid)
   S_ERR    baseapp01 10103 7001  [2018-08-03 17:23:51 203] -   File "D:/kbengine/assets_Battle of Gods/scripts/base\Spaces.py", line 35, in createSpaceOnTimer
    self._spaceAllocs[spaceUType].init()
   S_ERR    baseapp01 10103 7001  [2018-08-03 17:23:51 204] - KeyError: 4
   S_ERR    baseapp01 10103 7001  [2018-08-03 17:23:52 202] - Traceback (most recent call last):
  File "D:/kbengine/assets_Battle of Gods/scripts/base\Spaces.py", line 52, in onTimer
    self.createSpaceOnTimer(tid)
   S_ERR    baseapp01 10103 7001  [2018-08-03 17:23:52 204] -   File "D:/kbengine/assets_Battle of Gods/scripts/base\Spaces.py", line 35, in createSpaceOnTimer
    self._spaceAllocs[spaceUType].init()
   S_ERR    baseapp01 10103 7001  [2018-08-03 17:23:52 205] - KeyError: 5
   S_ERR    baseapp01 10103 7001  [2018-08-03 17:23:53 202] - Traceback (most recent call last):
  File "D:/kbengine/assets_Battle of Gods/scripts/base\Spaces.py", line 52, in onTimer
    self.createSpaceOnTimer(tid)
   S_ERR    baseapp01 10103 7001  [2018-08-03 17:23:53 204] -   File "D:/kbengine/assets_Battle of Gods/scripts/base\Spaces.py", line 35, in createSpaceOnTimer
    self._spaceAllocs[spaceUType].init()
   S_ERR    baseapp01 10103 7001  [2018-08-03 17:23:53 205] - KeyError: 6
   S_ERR    baseapp01 10103 7001  [2018-08-03 17:23:54 202] - Traceback (most recent call last):
  File "D:/kbengine/assets_Battle of Gods/scripts/base\Spaces.py", line 52, in onTimer
    self.createSpaceOnTimer(tid)
   S_ERR    baseapp01 10103 7001  [2018-08-03 17:23:54 208] -   File "D:/kbengine/assets_Battle of Gods/scripts/base\Spaces.py", line 35, in createSpaceOnTimer
    self._spaceAllocs[spaceUType].init()
   S_ERR    baseapp01 10103 7001  [2018-08-03 17:23:54 212] - KeyError: 7
    INFO    baseapp-1 10103 7001  [2018-08-03 17:24:14 831] - -----------------------------------------------------------------------------------------


    INFO    baseapp-1 10103 7001  [2018-08-03 17:24:14 832] - Resmgr::initialize: KBE_ROOT=D:/kbengine/
    INFO    baseapp-1 10103 7001  [2018-08-03 17:24:14 832] - Resmgr::initialize: KBE_RES_PATH=D:/kbengine/kbe/res/;D:/kbengine/assets_Battle of Gods/;D:/kbengine/assets_Battle of Gods/scripts/;D:/kbengine/assets_Battle of Gods/res/
    INFO    baseapp-1 10103 7001  [2018-08-03 17:24:14 832] - Resmgr::initialize: KBE_BIN_PATH=D:/kbengine/kbe/bin/server/
    INFO    baseapp-1 10103 7001  [2018-08-03 17:24:14 840] - NetworkInterface::initialize(EXTERNAL): bound to all interfaces with default route interface on 10.139.66.192 ( 10.139.66.192:20015 )
    INFO    baseapp-1 10103 7001  [2018-08-03 17:24:14 841] - NetworkInterface::initialize(EXTERNAL): address 10.139.66.192:20015, SOMAXCONN=128.
    INFO    baseapp-1 10103 7001  [2018-08-03 17:24:14 846] - NetworkInterface::initialize(INTERNAL): bound to all interfaces with default route interface on 10.139.66.192 ( 10.139.66.192:9434 )
    INFO    baseapp-1 10103 7001  [2018-08-03 17:24:14 846] - NetworkInterface::initialize(INTERNAL): address 10.139.66.192:9434, SOMAXCONN=128.
    INFO    baseapp-1 10103 7001  [2018-08-03 17:24:14 847] - server-configs:
    INFO    baseapp-1 10103 7001  [2018-08-03 17:24:14 847] - 	gameUpdateHertz : 10
    INFO    baseapp-1 10103 7001  [2018-08-03 17:24:14 847] - 	entryScriptFile : kbemain
    INFO    baseapp-1 10103 7001  [2018-08-03 17:24:14 847] - 	internalAddr : 10.139.66.192:9434
    INFO    baseapp-1 10103 7001  [2018-08-03 17:24:14 847] - 	externalAddr : 10.139.66.192:20015
    INFO    baseapp-1 10103 7001  [2018-08-03 17:24:14 847] - 	componentID : 7001
    INFO    baseapp-1 10103 7001  [2018-08-03 17:24:15 089] - Components::findLogger: found logger, addr:10.139.66.192:9420
    INFO    baseapp-1 10103 7001  [2018-08-03 17:24:15 089] - Components::addComponent: reset orderLog, uid=10103!
    INFO    baseapp-1 10103 7001  [2018-08-03 17:24:15 090] - Components::addComponent[logger], uid=10103, componentID=2000, globalorderid=1, grouporderid=1, totalcount=1
    INFO    baseapp-1 10103 7001  [2018-08-03 17:24:15 118] - ---- baseapp Version: 2.0.0. ScriptVersion: 0.1.0. Protocol: F9DFFB319FBADF35943ADF4D42C4718C. Config: Debug X86. Built: 16:27:53 Apr 30 2018. AppID: 7001. UID: 10103. PID: 7396 ----
    INFO    baseapp-1 10103 7001  [2018-08-03 17:24:15 133] - Server : Intel(R) Core(TM) i7-6700HQ CPU @ 2.60GHz with 2097151kB RAM
    INFO    baseapp-1 10103 7001  [2018-08-03 17:24:15 133] - ThreadPool::createThreadPool: creating  threadpool...
    INFO    baseapp-1 10103 7001  [2018-08-03 17:24:15 134] - ThreadPool::createThreadPool: successfully(2), newThreadCount=1, normalMaxThreadCount=2, maxThreadCount=8
   DEBUG    baseapp-1 10103 7001  [2018-08-03 17:24:15 305] - Script::install_py_dlls(): PyInit_pyexpat
   DEBUG    baseapp-1 10103 7001  [2018-08-03 17:24:15 306] - Script::install_py_dlls(): PyInit__socket
   DEBUG    baseapp-1 10103 7001  [2018-08-03 17:24:15 306] - Script::install_py_dlls(): PyInit__ssl
   DEBUG    baseapp-1 10103 7001  [2018-08-03 17:24:15 314] - Script::install_py_dlls(): PyInit__hashlib
   DEBUG    baseapp-1 10103 7001  [2018-08-03 17:24:15 315] - Script::install_py_dlls(): PyInit_select
   DEBUG    baseapp-1 10103 7001  [2018-08-03 17:24:15 315] - Script::install_py_dlls(): PyInit__ctypes
   DEBUG    baseapp-1 10103 7001  [2018-08-03 17:24:15 316] - Script::install_py_dlls(): PyInit__elementtree
   DEBUG    baseapp-1 10103 7001  [2018-08-03 17:24:15 383] - Script::install_py_dlls(): PyInit_unicodedata
    INFO    baseapp-1 10103 7001  [2018-08-03 17:24:15 448] - Script::install(): is successfully, Python=(3.4.2 (default, Apr 30 2018, 16:27:27) [MSC v.1900 32 bit (Intel)])!
    INFO    baseapp-1 10103 7001  [2018-08-03 17:24:15 449] - Script::install(): KBExtra is successfully!
   DEBUG    baseapp-1 10103 7001  [2018-08-03 17:24:15 508] - loaded entity-script:Account(1).
   DEBUG    baseapp-1 10103 7001  [2018-08-03 17:24:15 512] - loaded entity-script:Avatar(2).
   DEBUG    baseapp-1 10103 7001  [2018-08-03 17:24:15 575] - loaded entity-script:Spaces(3).
   DEBUG    baseapp-1 10103 7001  [2018-08-03 17:24:15 577] - loaded entity-script:Space(4).
   DEBUG    baseapp-1 10103 7001  [2018-08-03 17:24:15 588] - loaded entity-script:Equipment(5).
   DEBUG    baseapp-1 10103 7001  [2018-08-03 17:24:15 590] - loaded entity-script:Chat(6).
    INFO    baseapp-1 10103 7001  [2018-08-03 17:24:15 590] - Baseapp::initializeEnd: started resmgr tick(60s)!
    INFO    baseapp-1 10103 7001  [2018-08-03 17:24:15 591] - TelnetServer server is running on port 40000
    INFO    baseapp-1 10103 7001  [2018-08-03 17:24:16 331] - ---- baseapp is running ----
   DEBUG    baseapp-1 10103 7001  [2018-08-03 17:24:16 332] - Components::process(): Request for the process of identity...
 WARNING    baseapp-1 10103 7001  [2018-08-03 17:24:22 682] - EntityApp::checkTickPeriod: tick took 6351% (6.35 seconds)!
   DEBUG    baseapp-1 10103 7001  [2018-08-03 17:24:23 231] - Baseapp::lookApp: 10.139.66.192:9552/0/0/0
    INFO    baseapp-1 10103 7001  [2018-08-03 17:24:23 731] - Components::findComponents: find dbmgr(1)...
    INFO    baseapp-1 10103 7001  [2018-08-03 17:24:23 781] - Components::findComponents: found dbmgr, addr:10.139.66.192:9421
    INFO    baseapp-1 10103 7001  [2018-08-03 17:24:23 781] - Components::addComponent: reset orderLog, uid=10103!
    INFO    baseapp-1 10103 7001  [2018-08-03 17:24:23 781] - Components::addComponent[dbmgr], uid=10103, componentID=4000, globalorderid=1, grouporderid=1, totalcount=1
    INFO    baseapp-1 10103 7001  [2018-08-03 17:24:23 782] - Components::findComponents: found dbmgr, addr:10.139.66.192:9421
 WARNING    baseapp-1 10103 7001  [2018-08-03 17:24:24 782] - EntityApp::checkTickPeriod: tick took 1151% (1.15 seconds)!
    INFO    baseapp-1 10103 7001  [2018-08-03 17:24:25 831] - Components::findComponents: find baseappmgr(1)...
    INFO    baseapp-1 10103 7001  [2018-08-03 17:24:25 836] - Components::findComponents: found baseappmgr, addr:10.139.66.192:9422
    INFO    baseapp-1 10103 7001  [2018-08-03 17:24:25 836] - Components::addComponent[baseappmgr], uid=10103, componentID=5000, globalorderid=2, grouporderid=1, totalcount=1
    INFO    baseapp-1 10103 7001  [2018-08-03 17:24:25 837] - Components::findComponents: found baseappmgr, addr:10.139.66.192:9422
 WARNING    baseapp-1 10103 7001  [2018-08-03 17:24:26 837] - EntityApp::checkTickPeriod: tick took 1106% (1.11 seconds)!
   DEBUG    baseapp-1 10103 7001  [2018-08-03 17:24:27 231] - Baseapp::lookApp: 10.139.66.192:9598/0/0/0
    INFO    baseapp-1 10103 7001  [2018-08-03 17:24:27 931] - Components::findComponents: find cellappmgr(1)...
    INFO    baseapp-1 10103 7001  [2018-08-03 17:24:27 972] - Components::findComponents: found cellappmgr, addr:10.139.66.192:9433
    INFO    baseapp-1 10103 7001  [2018-08-03 17:24:27 972] - Components::addComponent[cellappmgr], uid=10103, componentID=6000, globalorderid=3, grouporderid=1, totalcount=1
    INFO    baseapp-1 10103 7001  [2018-08-03 17:24:27 973] - Components::findComponents: found cellappmgr, addr:10.139.66.192:9433
 WARNING    baseapp-1 10103 7001  [2018-08-03 17:24:28 974] - EntityApp::checkTickPeriod: tick took 1143% (1.14 seconds)!
    INFO    baseapp-1 10103 7001  [2018-08-03 17:24:30 033] - Components::findComponents: register self to dbmgr...
   DEBUG    baseapp-1 10103 7001  [2018-08-03 17:24:30 034] - SyncEntityStreamTemplateHandler::~SyncEntityStreamTemplateHandler()
    INFO    baseapp-1 10103 7001  [2018-08-03 17:24:30 050] - Components::findComponents: register self to baseappmgr...
    INFO    baseapp-1 10103 7001  [2018-08-03 17:24:30 051] - Components::findComponents: register self to cellappmgr...
    INFO    baseapp-1 10103 7001  [2018-08-03 17:24:30 130] - Components::process(): Found all the components!
    INFO    baseapp-1 10103 7001  [2018-08-03 17:24:30 131] - ServerApp::onRegisterNewApp: uid:10103, username:, componentType:cellapp, componentID:8001, globalorderID=-1, grouporderID=-1, intaddr:10.139.66.192, intport:9443, extaddr:nonsupport, extport:0,  from 10.139.66.192:9645/0/0/0.
    INFO    baseapp-1 10103 7001  [2018-08-03 17:24:30 131] - Components::addComponent[cellapp], uid=10103, componentID=8001, globalorderid=4, grouporderid=1, totalcount=1
    INFO    baseapp-1 10103 7001  [2018-08-03 17:24:30 131] - ServerApp::onRegisterNewApp: uid:10103, username:, componentType:cellapp, componentID:8001, globalorderID=-1, grouporderID=-1, intaddr:10.139.66.192, intport:9443, extaddr:nonsupport, extport:0,  from 10.139.66.192:9645/0/0/0.
    INFO    baseapp-1 10103 7001  [2018-08-03 17:24:33 131] - EntityApp::onDbmgrInitCompleted: entityID alloc(2001-4001), startGlobalOrder=5, startGroupOrder=1, digest=7273B7889FE6F3F5681A6DEE25574F9D.
    INFO    baseapp01 10103 7001  [2018-08-03 17:24:33 131] - IDClient::onAddRange: number of ids increased from 2001 to 4001.
  S_INFO    baseapp01 10103 7001  [2018-08-03 17:24:34 341] - onInit::isReload:0
 WARNING    baseapp01 10103 7001  [2018-08-03 17:24:34 341] - D:\kbengine-2.0.0\kbe\src\lib\server/entity_app.h:749: Profile processRecvMessages took 1.21 seconds
 WARNING    baseapp01 10103 7001  [2018-08-03 17:24:34 341] - baseapp.cpp:505: Profile gameTick took 1.21 seconds
 WARNING    baseapp01 10103 7001  [2018-08-03 17:24:34 342] - event_dispatcher.cpp:153: Profile callSystemTimers took 1.21 seconds
 WARNING    baseapp01 10103 7001  [2018-08-03 17:24:34 342] - EntityApp::checkTickPeriod: tick took 1211% (1.21 seconds)!
   DEBUG    baseapp01 10103 7001  [2018-08-03 17:24:35 131] - EntityAutoLoader::~EntityAutoLoader()
  S_INFO    baseapp01 10103 7001  [2018-08-03 17:24:35 133] - onBaseAppReady: isBootstrap=True, appID=7001, bootstrapGroupIndex=1, bootstrapGlobalIndex=5
    INFO    baseapp01 10103 7001  [2018-08-03 17:24:35 134] - EntityApp::createEntity: new Chat 2002
    INFO    baseapp01 10103 7001  [2018-08-03 17:24:35 135] - EntityApp::createEntity: new Spaces 2003
   DEBUG    baseapp01 10103 7001  [2018-08-03 17:24:35 159] - InitProgressHandler::~InitProgressHandler()
 WARNING    baseapp01 10103 7001  [2018-08-03 17:24:38 231] - Space::createCellData: do not create cellData, cannot find the cellapp script(Space)!
    INFO    baseapp01 10103 7001  [2018-08-03 17:24:38 232] - EntityApp::createEntity: new Space 2004
   S_DBG    baseapp01 10103 7001  [2018-08-03 17:24:38 232] - Spaces::onSpaceCreatedCB: space 1. entityID=2004
 WARNING    baseapp01 10103 7001  [2018-08-03 17:24:39 232] - Space::createCellData: do not create cellData, cannot find the cellapp script(Space)!
    INFO    baseapp01 10103 7001  [2018-08-03 17:24:39 232] - EntityApp::createEntity: new Space 2005
   S_DBG    baseapp01 10103 7001  [2018-08-03 17:24:39 232] - Spaces::onSpaceCreatedCB: space 2. entityID=2005
 WARNING    baseapp01 10103 7001  [2018-08-03 17:24:40 231] - Space::createCellData: do not create cellData, cannot find the cellapp script(Space)!
    INFO    baseapp01 10103 7001  [2018-08-03 17:24:40 231] - EntityApp::createEntity: new Space 2006
   S_DBG    baseapp01 10103 7001  [2018-08-03 17:24:40 231] - Spaces::onSpaceCreatedCB: space 3. entityID=2006
 WARNING    baseapp01 10103 7001  [2018-08-03 17:24:41 231] - Space::createCellData: do not create cellData, cannot find the cellapp script(Space)!
    INFO    baseapp01 10103 7001  [2018-08-03 17:24:41 235] - EntityApp::createEntity: new Space 2007
   S_DBG    baseapp01 10103 7001  [2018-08-03 17:24:41 235] - Spaces::onSpaceCreatedCB: space 4. entityID=2007
 WARNING    baseapp01 10103 7001  [2018-08-03 17:24:43 231] - Space::createCellData: do not create cellData, cannot find the cellapp script(Space)!
    INFO    baseapp01 10103 7001  [2018-08-03 17:24:43 232] - EntityApp::createEntity: new Space 2008
   S_DBG    baseapp01 10103 7001  [2018-08-03 17:24:43 232] - Spaces::onSpaceCreatedCB: space 6. entityID=2008
 WARNING    baseapp01 10103 7001  [2018-08-03 17:24:44 231] - Space::createCellData: do not create cellData, cannot find the cellapp script(Space)!
    INFO    baseapp01 10103 7001  [2018-08-03 17:24:44 232] - EntityApp::createEntity: new Space 2009
   S_DBG    baseapp01 10103 7001  [2018-08-03 17:24:44 232] - Spaces::onSpaceCreatedCB: space 7. entityID=2009
