    INFO      dbmgr-1 10103 4000  [2018-05-17 22:49:41 172] - -----------------------------------------------------------------------------------------


    INFO      dbmgr-1 10103 4000  [2018-05-17 22:49:41 174] - Resmgr::initialize: KBE_ROOT=D:/kbengine/
    INFO      dbmgr-1 10103 4000  [2018-05-17 22:49:41 174] - Resmgr::initialize: KBE_RES_PATH=D:/kbengine/kbe/res/;D:/kbengine/assets_Battle of Gods/;D:/kbengine/assets_Battle of Gods/scripts/;D:/kbengine/assets_Battle of Gods/res/
    INFO      dbmgr-1 10103 4000  [2018-05-17 22:49:41 174] - Resmgr::initialize: KBE_BIN_PATH=D:/kbengine/kbe/bin/server/
    INFO      dbmgr-1 10103 4000  [2018-05-17 22:49:41 258] - NetworkInterface::initialize(INTERNAL): bound to all interfaces with default route interface on 10.1.9.9 ( 10.1.9.9:26779 )
    INFO      dbmgr-1 10103 4000  [2018-05-17 22:49:41 258] - NetworkInterface::initialize(INTERNAL): address 10.1.9.9:26779, SOMAXCONN=5.
    INFO      dbmgr-1 10103 4000  [2018-05-17 22:49:41 259] - server-configs:
    INFO      dbmgr-1 10103 4000  [2018-05-17 22:49:41 259] - 	internalAddr : 10.1.9.9:26779
    INFO      dbmgr-1 10103 4000  [2018-05-17 22:49:41 259] - 	componentID : 4000
    INFO      dbmgr-1 10103 4000  [2018-05-17 22:49:41 397] - Components::findLogger: found logger, addr:10.1.9.9:26776
    INFO      dbmgr-1 10103 4000  [2018-05-17 22:49:41 397] - Components::addComponent: reset orderLog, uid=10103!
    INFO      dbmgr-1 10103 4000  [2018-05-17 22:49:41 397] - Components::addComponent[logger], uid=10103, componentID=2000, globalorderid=1, grouporderid=1, totalcount=1
    INFO      dbmgr-1 10103 4000  [2018-05-17 22:49:41 406] - ---- dbmgr Version: 2.0.0. ScriptVersion: 0.1.0. Protocol: F28F1C37BCC70CD27B77841D4A30E3D7. Config: Debug X86. Built: 16:26:54 Apr 30 2018. AppID: 4000. UID: 10103. PID: 2536 ----
    INFO      dbmgr-1 10103 4000  [2018-05-17 22:49:41 407] - Server : Intel(R) Core(TM) i7-6700HQ CPU @ 2.60GHz with 2097151kB RAM
    INFO      dbmgr-1 10103 4000  [2018-05-17 22:49:41 407] - ThreadPool::createThreadPool: creating  threadpool...
    INFO      dbmgr-1 10103 4000  [2018-05-17 22:49:41 407] - ThreadPool::createThreadPool: successfully(2), newThreadCount=1, normalMaxThreadCount=2, maxThreadCount=8
   DEBUG      dbmgr-1 10103 4000  [2018-05-17 22:49:41 561] - Script::install_py_dlls(): PyInit_pyexpat
   DEBUG      dbmgr-1 10103 4000  [2018-05-17 22:49:41 561] - Script::install_py_dlls(): PyInit__socket
   DEBUG      dbmgr-1 10103 4000  [2018-05-17 22:49:41 562] - Script::install_py_dlls(): PyInit__ssl
   DEBUG      dbmgr-1 10103 4000  [2018-05-17 22:49:41 565] - Script::install_py_dlls(): PyInit__hashlib
   DEBUG      dbmgr-1 10103 4000  [2018-05-17 22:49:41 566] - Script::install_py_dlls(): PyInit_select
   DEBUG      dbmgr-1 10103 4000  [2018-05-17 22:49:41 566] - Script::install_py_dlls(): PyInit__ctypes
   DEBUG      dbmgr-1 10103 4000  [2018-05-17 22:49:41 567] - Script::install_py_dlls(): PyInit__elementtree
   DEBUG      dbmgr-1 10103 4000  [2018-05-17 22:49:41 610] - Script::install_py_dlls(): PyInit_unicodedata
    INFO      dbmgr-1 10103 4000  [2018-05-17 22:49:41 655] - Script::install(): is successfully, Python=(3.4.2 (default, Apr 30 2018, 16:26:41) [MSC v.1900 32 bit (Intel)])!
    INFO      dbmgr-1 10103 4000  [2018-05-17 22:49:41 656] - Script::install(): KBExtra is successfully!
    INFO      dbmgr-1 10103 4000  [2018-05-17 22:49:41 840] - Dbmgr::initializeEnd: digest(47E02E83D13FC3CB5071E9AA793D2682)
  S_INFO      dbmgr-1 10103 4000  [2018-05-17 22:49:41 840] - onDBMgrReady: bootstrapGroupIndex=0, bootstrapGlobalIndex=0
    INFO      dbmgr-1 10103 4000  [2018-05-17 22:49:41 841] - TelnetServer server is running on port 32000
    INFO      dbmgr-1 10103 4000  [2018-05-17 22:49:41 841] - Dbmgr::initInterfacesHandler: interfaces addr(127.0.0.1:30099), accountType:(interfaces), chargeType:(interfaces).
 WARNING      dbmgr-1 10103 4000  [2018-05-17 22:49:42 075] - DBUtil::initialize: db(default) password is not encrypted!
please use password(rsa):
4A9C02D85BB2E75C5C75A671B39F12EA101BE063CDD6335D284D6C2683C639DE917D1BC65D03857CFF579DBD5C5C1E76E20D3D19579245804BAA427D28CC1DFCE87893A4B83DCDD2DE4756A131164DABDE2D2C1FCE7D1F701AF2F84F7114F7F93E42BB2DB107FA5DC11B6777526C804C69F1F4AE3DEAC1E85F94F8AB5B6460A6
   DEBUG      dbmgr-1 10103 4000  [2018-05-17 22:49:42 377] - DBInterfaceMysql::attach: connect: localhost:3306 starting...
   DEBUG      dbmgr-1 10103 4000  [2018-05-17 22:49:42 700] - DBInterfaceMysql::attach: successfully! addr: localhost:3306
    INFO      dbmgr-1 10103 4000  [2018-05-17 22:49:42 700] - DBUtil::createInterface[0xcff1cc]: interface=default, dbtype=mysql, ip=localhost, port=3306, currdatabase=Battle_of_Gods, username=root, connected=yes.

    INFO      dbmgr-1 10103 4000  [2018-05-17 22:49:42 700] - ThreadPool::createThreadPool: creating  threadpool...
    INFO      dbmgr-1 10103 4000  [2018-05-17 22:49:42 701] - ThreadPool::createThreadPool: successfully(5), newThreadCount=5, normalMaxThreadCount=5, maxThreadCount=5
    INFO      dbmgr-1 10103 4000  [2018-05-17 22:49:42 821] - DBInterfaceMysql::query: successfully!
    INFO      dbmgr-1 10103 4000  [2018-05-17 22:49:42 825] - DBInterfaceMysql::query: successfully!
 WARNING      dbmgr-1 10103 4000  [2018-05-17 22:49:42 887] - dbmgr.cpp:275: Profile scriptCall took 1.05 seconds
    INFO      dbmgr-1 10103 4000  [2018-05-17 22:49:43 347] - ---- dbmgr is running ----
   DEBUG      dbmgr-1 10103 4000  [2018-05-17 22:49:43 347] - Components::process(): Request for the process of identity...
   DEBUG      dbmgr-1 10103 4000  [2018-05-17 22:49:42 701] - DBInterfaceMysql::attach: connect: localhost:3306 starting...
   DEBUG      dbmgr-1 10103 4000  [2018-05-17 22:49:42 701] - DBInterfaceMysql::attach: connect: localhost:3306 starting...
   DEBUG      dbmgr-1 10103 4000  [2018-05-17 22:49:42 701] - DBInterfaceMysql::attach: connect: localhost:3306 starting...
   DEBUG      dbmgr-1 10103 4000  [2018-05-17 22:49:42 702] - DBInterfaceMysql::attach: connect: localhost:3306 starting...
   DEBUG      dbmgr-1 10103 4000  [2018-05-17 22:49:42 702] - DBInterfaceMysql::attach: connect: localhost:3306 starting...
   DEBUG      dbmgr-1 10103 4000  [2018-05-17 22:49:42 706] - DBInterfaceMysql::attach: successfully! addr: localhost:3306
   DEBUG      dbmgr-1 10103 4000  [2018-05-17 22:49:42 706] - DBThread::onStart(): 0x43754f8!
   DEBUG      dbmgr-1 10103 4000  [2018-05-17 22:49:42 707] - DBInterfaceMysql::attach: successfully! addr: localhost:3306
   DEBUG      dbmgr-1 10103 4000  [2018-05-17 22:49:42 707] - DBThread::onStart(): 0x4375360!
   DEBUG      dbmgr-1 10103 4000  [2018-05-17 22:49:42 708] - DBInterfaceMysql::attach: successfully! addr: localhost:3306
   DEBUG      dbmgr-1 10103 4000  [2018-05-17 22:49:42 708] - DBThread::onStart(): 0x43753e8!
   DEBUG      dbmgr-1 10103 4000  [2018-05-17 22:49:42 708] - DBInterfaceMysql::attach: successfully! addr: localhost:3306
   DEBUG      dbmgr-1 10103 4000  [2018-05-17 22:49:42 708] - DBThread::onStart(): 0x4375608!
   DEBUG      dbmgr-1 10103 4000  [2018-05-17 22:49:42 709] - DBInterfaceMysql::attach: successfully! addr: localhost:3306
   DEBUG      dbmgr-1 10103 4000  [2018-05-17 22:49:42 709] - DBThread::onStart(): 0x4375250!
    INFO      dbmgr-1 10103 4000  [2018-05-17 22:49:42 855] - DBInterfaceMysql::query: successfully!
    INFO      dbmgr-1 10103 4000  [2018-05-17 22:49:42 855] - DBInterfaceMysql::query: successfully!
    INFO      dbmgr-1 10103 4000  [2018-05-17 22:49:42 855] - DBInterfaceMysql::query: successfully!
    INFO      dbmgr-1 10103 4000  [2018-05-17 22:49:42 855] - DBInterfaceMysql::query: successfully!
    INFO      dbmgr-1 10103 4000  [2018-05-17 22:49:42 860] - DBInterfaceMysql::query: successfully!
    INFO      dbmgr-1 10103 4000  [2018-05-17 22:49:42 860] - DBInterfaceMysql::query: successfully!
    INFO      dbmgr-1 10103 4000  [2018-05-17 22:49:42 861] - DBInterfaceMysql::query: successfully!
    INFO      dbmgr-1 10103 4000  [2018-05-17 22:49:42 869] - DBInterfaceMysql::query: successfully!
    INFO      dbmgr-1 10103 4000  [2018-05-17 22:49:50 676] - Components::process(): Found all the components!
    INFO      dbmgr-1 10103 4000  [2018-05-17 22:49:54 539] - ServerApp::onRegisterNewApp: uid:10103, username:, componentType:baseappmgr, componentID:5000, globalorderID=-1, grouporderID=-1, intaddr:10.1.9.9, intport:26783, extaddr:nonsupport, extport:0,  from 10.1.9.9:26813/0/0/0.
    INFO      dbmgr-1 10103 4000  [2018-05-17 22:49:54 540] - Components::addComponent: reset orderLog, uid=10103!
    INFO      dbmgr-1 10103 4000  [2018-05-17 22:49:54 540] - Components::addComponent[baseappmgr], uid=10103, componentID=5000, globalorderid=1, grouporderid=1, totalcount=1
    INFO      dbmgr-1 10103 4000  [2018-05-17 22:49:55 384] - ServerApp::onRegisterNewApp: uid:10103, username:, componentType:cellappmgr, componentID:6000, globalorderID=-1, grouporderID=-1, intaddr:10.1.9.9, intport:26791, extaddr:nonsupport, extport:0,  from 10.1.9.9:26815/0/0/0.
    INFO      dbmgr-1 10103 4000  [2018-05-17 22:49:55 384] - Components::addComponent[cellappmgr], uid=10103, componentID=6000, globalorderid=2, grouporderid=1, totalcount=1
    INFO      dbmgr-1 10103 4000  [2018-05-17 22:50:00 664] - ServerApp::onRegisterNewApp: uid:10103, username:, componentType:baseapp, componentID:7001, globalorderID=-1, grouporderID=-1, intaddr:10.1.9.9, intport:26795, extaddr:10.1.9.9, extport:20015,  from 10.1.9.9:26819/0/0/0.
    INFO      dbmgr-1 10103 4000  [2018-05-17 22:50:00 664] - Components::addComponent[baseapp], uid=10103, componentID=7001, globalorderid=3, grouporderid=1, totalcount=1
    INFO      dbmgr-1 10103 4000  [2018-05-17 22:50:02 161] - ServerApp::onRegisterNewApp: uid:10103, username:, componentType:cellapp, componentID:8001, globalorderID=-1, grouporderID=-1, intaddr:10.1.9.9, intport:26800, extaddr:nonsupport, extport:0,  from 10.1.9.9:26822/0/0/0.
    INFO      dbmgr-1 10103 4000  [2018-05-17 22:50:02 161] - Components::addComponent[cellapp], uid=10103, componentID=8001, globalorderid=4, grouporderid=1, totalcount=1
    INFO      dbmgr-1 10103 4000  [2018-05-17 22:50:02 363] - ServerApp::onRegisterNewApp: uid:10103, username:, componentType:loginapp, componentID:9000, globalorderID=-1, grouporderID=-1, intaddr:10.1.9.9, intport:26810, extaddr:10.1.9.9, extport:20013,  from 10.1.9.9:26826/0/0/0.
    INFO      dbmgr-1 10103 4000  [2018-05-17 22:50:02 363] - Components::addComponent[loginapp], uid=10103, componentID=9000, globalorderid=5, grouporderid=1, totalcount=1
    INFO      dbmgr-1 10103 4000  [2018-05-17 22:50:05 376] - IDServer::allocRange: 1-2001.
    INFO      dbmgr-1 10103 4000  [2018-05-17 22:50:05 376] - IDServer::allocRange: 2001-4001.
   DEBUG      dbmgr-1 10103 4000  [2018-05-17 22:50:05 377] - SyncAppDatasHandler::~SyncAppDatasHandler()
   DEBUG      dbmgr-1 10103 4000  [2018-05-17 22:50:07 362] - Dbmgr::DBTaskQueryEntity: Equipment, dbid=1, entityID=1, wasActive=0, queryMode=0, componentID=7001, success=1.
    INFO      dbmgr-1 10103 4000  [2018-05-17 22:50:07 459] - GlobalDataServer::broadcastDataChanged: writer(baseapp, addr=10.1.9.9:26819/0/0/0), keySize=15, valSize=49, isDelete=0
   DEBUG      dbmgr-1 10103 4000  [2018-05-17 22:50:23 956] - Dbmgr::onAccountLogin:loginName=cxx, accountName=cxx, success=0, componentID=0, entityID=0, dbid=1, flags=0, deadline=0.
   DEBUG      dbmgr-1 10103 4000  [2018-05-17 22:50:24 476] - Dbmgr::queryAccount: cxx, success=1, flags=0, deadline=0.
   DEBUG      dbmgr-1 10103 4000  [2018-05-17 22:50:48 993] - Dbmgr::writeEntity: Account(1).
   DEBUG      dbmgr-1 10103 4000  [2018-05-17 22:50:48 994] - Dbmgr::onEntityOffline: 1, entityType=1.
    INFO      dbmgr-1 10103 4000  [2018-05-17 22:50:48 974] - Buffered_DBTasks::onFiniTask: Playing buffered task for entityID=0, dbid=1, dbid_tasks_size=1, entityid_tasks_size=0.
   DEBUG      dbmgr-1 10103 4000  [2018-05-17 22:54:58 549] - Dbmgr::onAccountLogin:loginName=cxx, accountName=cxx, success=0, componentID=0, entityID=0, dbid=1, flags=0, deadline=0.
   DEBUG      dbmgr-1 10103 4000  [2018-05-17 22:54:59 069] - Dbmgr::queryAccount: cxx, success=1, flags=0, deadline=0.
   DEBUG      dbmgr-1 10103 4000  [2018-05-17 22:56:58 777] - Dbmgr::writeEntity: Account(1).
   DEBUG      dbmgr-1 10103 4000  [2018-05-17 22:56:58 777] - Dbmgr::onEntityOffline: 1, entityType=1.
    INFO      dbmgr-1 10103 4000  [2018-05-17 22:56:58 758] - Buffered_DBTasks::onFiniTask: Playing buffered task for entityID=0, dbid=1, dbid_tasks_size=1, entityid_tasks_size=0.
   DEBUG      dbmgr-1 10103 4000  [2018-05-17 22:57:17 455] - Dbmgr::onAccountLogin:loginName=cxx, accountName=cxx, success=0, componentID=0, entityID=0, dbid=1, flags=0, deadline=0.
   DEBUG      dbmgr-1 10103 4000  [2018-05-17 22:57:17 975] - Dbmgr::queryAccount: cxx, success=1, flags=0, deadline=0.
   DEBUG      dbmgr-1 10103 4000  [2018-05-17 22:58:15 789] - Dbmgr::writeEntity: Account(1).
   DEBUG      dbmgr-1 10103 4000  [2018-05-17 22:58:15 789] - Dbmgr::onEntityOffline: 1, entityType=1.
    INFO      dbmgr-1 10103 4000  [2018-05-17 22:58:15 770] - Buffered_DBTasks::onFiniTask: Playing buffered task for entityID=0, dbid=1, dbid_tasks_size=1, entityid_tasks_size=0.
   DEBUG      dbmgr-1 10103 4000  [2018-05-17 22:59:46 994] - Dbmgr::writeEntity: Equipment(1).
   DEBUG      dbmgr-1 10103 4000  [2018-05-17 23:01:34 349] - Dbmgr::onAccountLogin:loginName=cxx, accountName=cxx, success=0, componentID=0, entityID=0, dbid=1, flags=0, deadline=0.
   DEBUG      dbmgr-1 10103 4000  [2018-05-17 23:01:34 769] - Dbmgr::queryAccount: cxx, success=1, flags=0, deadline=0.
    INFO      dbmgr-1 10103 4000  [2018-05-17 23:04:04 495] - Buffered_DBTasks::onFiniTask: Playing buffered task for entityID=0, dbid=1, dbid_tasks_size=1, entityid_tasks_size=0.
   DEBUG      dbmgr-1 10103 4000  [2018-05-17 23:04:04 515] - Dbmgr::writeEntity: Account(1).
   DEBUG      dbmgr-1 10103 4000  [2018-05-17 23:04:04 515] - Dbmgr::onEntityOffline: 1, entityType=1.
   DEBUG      dbmgr-1 10103 4000  [2018-05-17 23:04:19 253] - Dbmgr::onAccountLogin:loginName=cxx, accountName=cxx, success=0, componentID=0, entityID=0, dbid=1, flags=0, deadline=0.
   DEBUG      dbmgr-1 10103 4000  [2018-05-17 23:04:19 773] - Dbmgr::queryAccount: cxx, success=1, flags=0, deadline=0.
   DEBUG      dbmgr-1 10103 4000  [2018-05-17 23:06:49 478] - Dbmgr::writeEntity: Account(1).
   DEBUG      dbmgr-1 10103 4000  [2018-05-17 23:06:49 498] - Dbmgr::onEntityOffline: 1, entityType=1.
   DEBUG      dbmgr-1 10103 4000  [2018-05-17 23:16:21 442] - Dbmgr::onAccountLogin:loginName=cxx, accountName=cxx, success=0, componentID=0, entityID=0, dbid=1, flags=0, deadline=0.
   DEBUG      dbmgr-1 10103 4000  [2018-05-17 23:16:22 061] - Dbmgr::queryAccount: cxx, success=1, flags=0, deadline=0.
   DEBUG      dbmgr-1 10103 4000  [2018-05-17 23:18:49 187] - Dbmgr::writeEntity: Account(1).
   DEBUG      dbmgr-1 10103 4000  [2018-05-17 23:18:49 187] - Dbmgr::onEntityOffline: 1, entityType=1.
    INFO      dbmgr-1 10103 4000  [2018-05-17 23:18:49 168] - Buffered_DBTasks::onFiniTask: Playing buffered task for entityID=0, dbid=1, dbid_tasks_size=1, entityid_tasks_size=0.
   DEBUG      dbmgr-1 10103 4000  [2018-05-17 23:23:41 738] - Dbmgr::onAccountLogin:loginName=cxx, accountName=cxx, success=0, componentID=0, entityID=0, dbid=1, flags=0, deadline=0.
   DEBUG      dbmgr-1 10103 4000  [2018-05-17 23:23:42 158] - Dbmgr::queryAccount: cxx, success=1, flags=0, deadline=0.
   DEBUG      dbmgr-1 10103 4000  [2018-05-17 23:23:55 677] - Dbmgr::writeEntity: Account(1).
   DEBUG      dbmgr-1 10103 4000  [2018-05-17 23:23:55 677] - Dbmgr::onEntityOffline: 1, entityType=1.
    INFO      dbmgr-1 10103 4000  [2018-05-17 23:23:55 657] - Buffered_DBTasks::onFiniTask: Playing buffered task for entityID=0, dbid=1, dbid_tasks_size=1, entityid_tasks_size=0.
   DEBUG      dbmgr-1 10103 4000  [2018-05-17 23:26:05 444] - Dbmgr::onAccountLogin:loginName=cxx, accountName=cxx, success=0, componentID=0, entityID=0, dbid=1, flags=0, deadline=0.
   DEBUG      dbmgr-1 10103 4000  [2018-05-17 23:26:05 864] - Dbmgr::queryAccount: cxx, success=1, flags=0, deadline=0.
    INFO      dbmgr-1 10103 4000  [2018-05-17 23:26:33 982] - Buffered_DBTasks::onFiniTask: Playing buffered task for entityID=0, dbid=1, dbid_tasks_size=1, entityid_tasks_size=0.
   DEBUG      dbmgr-1 10103 4000  [2018-05-17 23:26:34 001] - Dbmgr::writeEntity: Account(1).
   DEBUG      dbmgr-1 10103 4000  [2018-05-17 23:26:34 001] - Dbmgr::onEntityOffline: 1, entityType=1.
   DEBUG      dbmgr-1 10103 4000  [2018-05-17 23:41:16 533] - Dbmgr::onAccountLogin:loginName=cxx, accountName=cxx, success=0, componentID=0, entityID=0, dbid=1, flags=0, deadline=0.
   DEBUG      dbmgr-1 10103 4000  [2018-05-17 23:41:17 053] - Dbmgr::queryAccount: cxx, success=1, flags=0, deadline=0.
   DEBUG      dbmgr-1 10103 4000  [2018-05-17 23:41:36 211] - Dbmgr::writeEntity: Account(1).
   DEBUG      dbmgr-1 10103 4000  [2018-05-17 23:41:36 212] - Dbmgr::onEntityOffline: 1, entityType=1.
    INFO      dbmgr-1 10103 4000  [2018-05-17 23:41:36 192] - Buffered_DBTasks::onFiniTask: Playing buffered task for entityID=0, dbid=1, dbid_tasks_size=1, entityid_tasks_size=0.
   DEBUG      dbmgr-1 10103 4000  [2018-05-17 23:43:02 343] - Dbmgr::onAccountLogin:loginName=cxx, accountName=cxx, success=0, componentID=0, entityID=0, dbid=1, flags=0, deadline=0.
   DEBUG      dbmgr-1 10103 4000  [2018-05-17 23:43:02 763] - Dbmgr::queryAccount: cxx, success=1, flags=0, deadline=0.
   DEBUG      dbmgr-1 10103 4000  [2018-05-17 23:43:24 440] - Dbmgr::writeEntity: Account(1).
   DEBUG      dbmgr-1 10103 4000  [2018-05-17 23:43:24 441] - Dbmgr::onEntityOffline: 1, entityType=1.
    INFO      dbmgr-1 10103 4000  [2018-05-17 23:43:24 421] - Buffered_DBTasks::onFiniTask: Playing buffered task for entityID=0, dbid=1, dbid_tasks_size=1, entityid_tasks_size=0.
   DEBUG      dbmgr-1 10103 4000  [2018-05-17 23:47:07 339] - Dbmgr::onAccountLogin:loginName=cxx, accountName=cxx, success=0, componentID=0, entityID=0, dbid=1, flags=0, deadline=0.
   DEBUG      dbmgr-1 10103 4000  [2018-05-17 23:47:07 758] - Dbmgr::queryAccount: cxx, success=1, flags=0, deadline=0.
   DEBUG      dbmgr-1 10103 4000  [2018-05-17 23:47:59 633] - Dbmgr::writeEntity: Account(1).
   DEBUG      dbmgr-1 10103 4000  [2018-05-17 23:47:59 633] - Dbmgr::onEntityOffline: 1, entityType=1.
    INFO      dbmgr-1 10103 4000  [2018-05-17 23:47:59 614] - Buffered_DBTasks::onFiniTask: Playing buffered task for entityID=0, dbid=1, dbid_tasks_size=1, entityid_tasks_size=0.
   DEBUG      dbmgr-1 10103 4000  [2018-05-17 23:49:16 546] - Dbmgr::onAccountLogin:loginName=cxx, accountName=cxx, success=0, componentID=0, entityID=0, dbid=1, flags=0, deadline=0.
   DEBUG      dbmgr-1 10103 4000  [2018-05-17 23:49:16 966] - Dbmgr::queryAccount: cxx, success=1, flags=0, deadline=0.
   DEBUG      dbmgr-1 10103 4000  [2018-05-17 23:49:42 603] - Dbmgr::DBTaskServerLog()
    INFO      dbmgr-1 10103 4000  [2018-05-17 23:49:50 963] - Buffered_DBTasks::onFiniTask: Playing buffered task for entityID=0, dbid=1, dbid_tasks_size=1, entityid_tasks_size=0.
   DEBUG      dbmgr-1 10103 4000  [2018-05-17 23:49:50 982] - Dbmgr::writeEntity: Account(1).
   DEBUG      dbmgr-1 10103 4000  [2018-05-17 23:49:50 982] - Dbmgr::onEntityOffline: 1, entityType=1.
   DEBUG      dbmgr-1 10103 4000  [2018-05-17 23:53:37 340] - Dbmgr::onAccountLogin:loginName=cxx, accountName=cxx, success=0, componentID=0, entityID=0, dbid=1, flags=0, deadline=0.
   DEBUG      dbmgr-1 10103 4000  [2018-05-17 23:53:37 759] - Dbmgr::queryAccount: cxx, success=1, flags=0, deadline=0.
    INFO      dbmgr-1 10103 4000  [2018-05-17 23:55:00 732] - Buffered_DBTasks::onFiniTask: Playing buffered task for entityID=0, dbid=1, dbid_tasks_size=1, entityid_tasks_size=0.
   DEBUG      dbmgr-1 10103 4000  [2018-05-17 23:55:00 752] - Dbmgr::writeEntity: Account(1).
   DEBUG      dbmgr-1 10103 4000  [2018-05-17 23:55:00 752] - Dbmgr::onEntityOffline: 1, entityType=1.
