    INFO baseappmgr-1 10103 5000  [2018-05-13 09:05:23 753] - -----------------------------------------------------------------------------------------


    INFO baseappmgr-1 10103 5000  [2018-05-13 09:05:23 756] - Resmgr::initialize: KBE_ROOT=D:/kbengine/
    INFO baseappmgr-1 10103 5000  [2018-05-13 09:05:23 757] - Resmgr::initialize: KBE_RES_PATH=D:/kbengine/kbe/res/;D:/kbengine/assets_Battle of Gods/;D:/kbengine/assets_Battle of Gods/scripts/;D:/kbengine/assets_Battle of Gods/res/
    INFO baseappmgr-1 10103 5000  [2018-05-13 09:05:23 757] - Resmgr::initialize: KBE_BIN_PATH=D:/kbengine/kbe/bin/server/
    INFO baseappmgr-1 10103 5000  [2018-05-13 09:05:23 810] - NetworkInterface::initialize(INTERNAL): bound to all interfaces with default route interface on 10.139.100.106 ( 10.139.100.106:8715 )
    INFO baseappmgr-1 10103 5000  [2018-05-13 09:05:23 811] - NetworkInterface::initialize(INTERNAL): address 10.139.100.106:8715, SOMAXCONN=5.
    INFO baseappmgr-1 10103 5000  [2018-05-13 09:05:23 811] - server-configs:
    INFO baseappmgr-1 10103 5000  [2018-05-13 09:05:23 811] - 	internalAddr : 10.139.100.106:8715
    INFO baseappmgr-1 10103 5000  [2018-05-13 09:05:23 812] - 	componentID : 5000
    INFO baseappmgr-1 10103 5000  [2018-05-13 09:05:23 897] - Components::findLogger: found logger, addr:10.139.100.106:8687
    INFO baseappmgr-1 10103 5000  [2018-05-13 09:05:23 897] - Components::addComponent: reset orderLog, uid=10103!
    INFO baseappmgr-1 10103 5000  [2018-05-13 09:05:23 897] - Components::addComponent[logger], uid=10103, componentID=2000, globalorderid=1, grouporderid=1, totalcount=1
    INFO baseappmgr-1 10103 5000  [2018-05-13 09:05:23 904] - ---- baseappmgr Version: 2.0.0. ScriptVersion: 0.1.0. Protocol: EE09E8FDB2CCFCF3A31D35776E8954CE. Config: Debug X86. Built: 16:27:27 Apr 30 2018. AppID: 5000. UID: 10103. PID: 8712 ----
    INFO baseappmgr-1 10103 5000  [2018-05-13 09:05:23 904] - Server : Intel(R) Core(TM) i7-6700HQ CPU @ 2.60GHz with 2097151kB RAM
    INFO baseappmgr-1 10103 5000  [2018-05-13 09:05:23 904] - ThreadPool::createThreadPool: creating  threadpool...
    INFO baseappmgr-1 10103 5000  [2018-05-13 09:05:23 904] - ThreadPool::createThreadPool: successfully(2), newThreadCount=1, normalMaxThreadCount=2, maxThreadCount=8
    INFO baseappmgr-1 10103 5000  [2018-05-13 09:05:24 401] - ---- baseappmgr is running ----
   DEBUG baseappmgr-1 10103 5000  [2018-05-13 09:05:24 401] - Components::process(): Request for the process of identity...
    INFO baseappmgr-1 10103 5000  [2018-05-13 09:05:31 789] - Components::findComponents: find dbmgr(1)...
    INFO baseappmgr-1 10103 5000  [2018-05-13 09:05:33 861] - Components::findComponents: find dbmgr(2)...
    INFO baseappmgr-1 10103 5000  [2018-05-13 09:05:35 925] - Components::findComponents: find dbmgr(3)...
    INFO baseappmgr-1 10103 5000  [2018-05-13 09:05:37 984] - Components::findComponents: find dbmgr(4)...
    INFO baseappmgr-1 10103 5000  [2018-05-13 09:05:53 144] - -----------------------------------------------------------------------------------------


    INFO baseappmgr-1 10103 5000  [2018-05-13 09:05:53 145] - Resmgr::initialize: KBE_ROOT=D:/kbengine/
    INFO baseappmgr-1 10103 5000  [2018-05-13 09:05:53 146] - Resmgr::initialize: KBE_RES_PATH=D:/kbengine/kbe/res/;D:/kbengine/assets_Battle of Gods/;D:/kbengine/assets_Battle of Gods/scripts/;D:/kbengine/assets_Battle of Gods/res/
    INFO baseappmgr-1 10103 5000  [2018-05-13 09:05:53 146] - Resmgr::initialize: KBE_BIN_PATH=D:/kbengine/kbe/bin/server/
    INFO baseappmgr-1 10103 5000  [2018-05-13 09:05:53 156] - NetworkInterface::initialize(INTERNAL): bound to all interfaces with default route interface on 10.139.100.106 ( 10.139.100.106:8769 )
    INFO baseappmgr-1 10103 5000  [2018-05-13 09:05:53 157] - NetworkInterface::initialize(INTERNAL): address 10.139.100.106:8769, SOMAXCONN=5.
    INFO baseappmgr-1 10103 5000  [2018-05-13 09:05:53 157] - server-configs:
    INFO baseappmgr-1 10103 5000  [2018-05-13 09:05:53 157] - 	internalAddr : 10.139.100.106:8769
    INFO baseappmgr-1 10103 5000  [2018-05-13 09:05:53 157] - 	componentID : 5000
    INFO baseappmgr-1 10103 5000  [2018-05-13 09:05:53 217] - Components::findLogger: found logger, addr:10.139.100.106:8763
    INFO baseappmgr-1 10103 5000  [2018-05-13 09:05:53 217] - Components::addComponent: reset orderLog, uid=10103!
    INFO baseappmgr-1 10103 5000  [2018-05-13 09:05:53 218] - Components::addComponent[logger], uid=10103, componentID=2000, globalorderid=1, grouporderid=1, totalcount=1
    INFO baseappmgr-1 10103 5000  [2018-05-13 09:05:53 228] - ---- baseappmgr Version: 2.0.0. ScriptVersion: 0.1.0. Protocol: EE09E8FDB2CCFCF3A31D35776E8954CE. Config: Debug X86. Built: 16:27:27 Apr 30 2018. AppID: 5000. UID: 10103. PID: 2856 ----
    INFO baseappmgr-1 10103 5000  [2018-05-13 09:05:53 228] - Server : Intel(R) Core(TM) i7-6700HQ CPU @ 2.60GHz with 2097151kB RAM
    INFO baseappmgr-1 10103 5000  [2018-05-13 09:05:53 229] - ThreadPool::createThreadPool: creating  threadpool...
    INFO baseappmgr-1 10103 5000  [2018-05-13 09:05:53 229] - ThreadPool::createThreadPool: successfully(2), newThreadCount=1, normalMaxThreadCount=2, maxThreadCount=8
    INFO baseappmgr-1 10103 5000  [2018-05-13 09:05:53 942] - ---- baseappmgr is running ----
   DEBUG baseappmgr-1 10103 5000  [2018-05-13 09:05:53 943] - Components::process(): Request for the process of identity...
    INFO baseappmgr-1 10103 5000  [2018-05-13 09:06:08 582] - -----------------------------------------------------------------------------------------


    INFO baseappmgr-1 10103 5000  [2018-05-13 09:06:08 583] - Resmgr::initialize: KBE_ROOT=D:/kbengine/
    INFO baseappmgr-1 10103 5000  [2018-05-13 09:06:08 583] - Resmgr::initialize: KBE_RES_PATH=D:/kbengine/kbe/res/;D:/kbengine/assets_Battle of Gods/;D:/kbengine/assets_Battle of Gods/scripts/;D:/kbengine/assets_Battle of Gods/res/
    INFO baseappmgr-1 10103 5000  [2018-05-13 09:06:08 583] - Resmgr::initialize: KBE_BIN_PATH=D:/kbengine/kbe/bin/server/
    INFO baseappmgr-1 10103 5000  [2018-05-13 09:06:08 592] - NetworkInterface::initialize(INTERNAL): bound to all interfaces with default route interface on 10.139.100.106 ( 10.139.100.106:8791 )
    INFO baseappmgr-1 10103 5000  [2018-05-13 09:06:08 592] - NetworkInterface::initialize(INTERNAL): address 10.139.100.106:8791, SOMAXCONN=5.
    INFO baseappmgr-1 10103 5000  [2018-05-13 09:06:08 592] - server-configs:
    INFO baseappmgr-1 10103 5000  [2018-05-13 09:06:08 593] - 	internalAddr : 10.139.100.106:8791
    INFO baseappmgr-1 10103 5000  [2018-05-13 09:06:08 593] - 	componentID : 5000
    INFO baseappmgr-1 10103 5000  [2018-05-13 09:06:10 109] - ---- baseappmgr Version: 2.0.0. ScriptVersion: 0.1.0. Protocol: EE09E8FDB2CCFCF3A31D35776E8954CE. Config: Debug X86. Built: 16:27:27 Apr 30 2018. AppID: 5000. UID: 10103. PID: 10260 ----
    INFO baseappmgr-1 10103 5000  [2018-05-13 09:06:10 109] - Server : Intel(R) Core(TM) i7-6700HQ CPU @ 2.60GHz with 2097151kB RAM
    INFO baseappmgr-1 10103 5000  [2018-05-13 09:06:10 110] - ThreadPool::createThreadPool: creating  threadpool...
    INFO baseappmgr-1 10103 5000  [2018-05-13 09:06:10 110] - ThreadPool::createThreadPool: successfully(2), newThreadCount=1, normalMaxThreadCount=2, maxThreadCount=8
    INFO baseappmgr-1 10103 5000  [2018-05-13 09:06:10 628] - ---- baseappmgr is running ----
   DEBUG baseappmgr-1 10103 5000  [2018-05-13 09:06:10 628] - Components::process(): Request for the process of identity...
    INFO baseappmgr-1 10103 5000  [2018-05-13 09:06:18 091] - Components::findComponents: find logger(1)...
    INFO baseappmgr-1 10103 5000  [2018-05-13 09:06:18 127] - Components::findComponents: found logger, addr:10.139.100.106:8789
    INFO baseappmgr-1 10103 5000  [2018-05-13 09:06:18 128] - Components::addComponent: reset orderLog, uid=10103!
    INFO baseappmgr-1 10103 5000  [2018-05-13 09:06:18 129] - Components::addComponent[logger], uid=10103, componentID=2000, globalorderid=1, grouporderid=1, totalcount=1
    INFO baseappmgr-1 10103 5000  [2018-05-13 09:06:18 132] - Components::findComponents: find dbmgr(2)...
    INFO baseappmgr-1 10103 5000  [2018-05-13 09:06:20 251] - Components::findComponents: find dbmgr(3)...
    INFO baseappmgr-1 10103 5000  [2018-05-13 09:06:22 332] - Components::findComponents: find dbmgr(4)...
    INFO baseappmgr-1 10103 5000  [2018-05-13 09:06:24 402] - Components::findComponents: find dbmgr(5)...
    INFO baseappmgr-1 10103 5000  [2018-05-13 09:06:26 460] - Components::findComponents: find dbmgr(6)...
    INFO baseappmgr-1 10103 5000  [2018-05-13 09:06:28 507] - Components::findComponents: find dbmgr(7)...
    INFO baseappmgr-1 10103 5000  [2018-05-13 09:06:30 591] - Components::findComponents: find dbmgr(8)...
    INFO baseappmgr-1 10103 5000  [2018-05-13 09:06:32 650] - Components::findComponents: find dbmgr(9)...
    INFO baseappmgr-1 10103 5000  [2018-05-13 09:06:34 699] - Components::findComponents: find dbmgr(10)...
    INFO baseappmgr-1 10103 5000  [2018-05-13 09:06:36 764] - Components::findComponents: find dbmgr(11)...
    INFO baseappmgr-1 10103 5000  [2018-05-13 09:06:38 820] - Components::findComponents: find dbmgr(12)...
    INFO baseappmgr-1 10103 5000  [2018-05-13 09:06:40 886] - Components::findComponents: find dbmgr(13)...
    INFO baseappmgr-1 10103 5000  [2018-05-13 09:06:42 950] - Components::findComponents: find dbmgr(14)...
    INFO baseappmgr-1 10103 5000  [2018-05-13 09:06:45 020] - Components::findComponents: find dbmgr(15)...
    INFO baseappmgr-1 10103 5000  [2018-05-13 09:06:47 083] - Components::findComponents: find dbmgr(16)...
 WARNING baseappmgr-1 10103 5000  [2018-05-13 09:06:49 139] - Components::findComponents: find dbmgr(17)...
delay time is too long, please check the dbmgr logs!
 WARNING baseappmgr-1 10103 5000  [2018-05-13 09:06:51 206] - Components::findComponents: find dbmgr(18)...
delay time is too long, please check the dbmgr logs!
 WARNING baseappmgr-1 10103 5000  [2018-05-13 09:06:53 251] - Components::findComponents: find dbmgr(19)...
delay time is too long, please check the dbmgr logs!
 WARNING baseappmgr-1 10103 5000  [2018-05-13 09:06:55 330] - Components::findComponents: find dbmgr(20)...
delay time is too long, please check the dbmgr logs!
 WARNING baseappmgr-1 10103 5000  [2018-05-13 09:06:57 388] - Components::findComponents: find dbmgr(21)...
delay time is too long, please check the dbmgr logs!
 WARNING baseappmgr-1 10103 5000  [2018-05-13 09:06:59 453] - Components::findComponents: find dbmgr(22)...
delay time is too long, please check the dbmgr logs!
 WARNING baseappmgr-1 10103 5000  [2018-05-13 09:07:01 524] - Components::findComponents: find dbmgr(23)...
delay time is too long, please check the dbmgr logs!
 WARNING baseappmgr-1 10103 5000  [2018-05-13 09:07:03 592] - Components::findComponents: find dbmgr(24)...
delay time is too long, please check the dbmgr logs!
 WARNING baseappmgr-1 10103 5000  [2018-05-13 09:07:05 622] - Components::findComponents: find dbmgr(25)...
delay time is too long, please check the dbmgr logs!
 WARNING baseappmgr-1 10103 5000  [2018-05-13 09:07:07 696] - Components::findComponents: find dbmgr(26)...
delay time is too long, please check the dbmgr logs!
 WARNING baseappmgr-1 10103 5000  [2018-05-13 09:07:09 768] - Components::findComponents: find dbmgr(27)...
delay time is too long, please check the dbmgr logs!
 WARNING baseappmgr-1 10103 5000  [2018-05-13 09:07:11 831] - Components::findComponents: find dbmgr(28)...
delay time is too long, please check the dbmgr logs!
 WARNING baseappmgr-1 10103 5000  [2018-05-13 09:07:13 888] - Components::findComponents: find dbmgr(29)...
delay time is too long, please check the dbmgr logs!
 WARNING baseappmgr-1 10103 5000  [2018-05-13 09:07:15 930] - Components::findComponents: find dbmgr(30)...
delay time is too long, please check the dbmgr logs!
 WARNING baseappmgr-1 10103 5000  [2018-05-13 09:07:17 991] - Components::findComponents: find dbmgr(31)...
delay time is too long, please check the dbmgr logs!
 WARNING baseappmgr-1 10103 5000  [2018-05-13 09:07:20 066] - Components::findComponents: find dbmgr(32)...
delay time is too long, please check the dbmgr logs!
 WARNING baseappmgr-1 10103 5000  [2018-05-13 09:07:22 107] - Components::findComponents: find dbmgr(33)...
delay time is too long, please check the dbmgr logs!
 WARNING baseappmgr-1 10103 5000  [2018-05-13 09:07:24 164] - Components::findComponents: find dbmgr(34)...
delay time is too long, please check the dbmgr logs!
 WARNING baseappmgr-1 10103 5000  [2018-05-13 09:07:26 225] - Components::findComponents: find dbmgr(35)...
delay time is too long, please check the dbmgr logs!
 WARNING baseappmgr-1 10103 5000  [2018-05-13 09:07:28 299] - Components::findComponents: find dbmgr(36)...
delay time is too long, please check the dbmgr logs!
 WARNING baseappmgr-1 10103 5000  [2018-05-13 09:07:30 346] - Components::findComponents: find dbmgr(37)...
delay time is too long, please check the dbmgr logs!
 WARNING baseappmgr-1 10103 5000  [2018-05-13 09:07:32 420] - Components::findComponents: find dbmgr(38)...
delay time is too long, please check the dbmgr logs!
 WARNING baseappmgr-1 10103 5000  [2018-05-13 09:07:34 494] - Components::findComponents: find dbmgr(39)...
delay time is too long, please check the dbmgr logs!
 WARNING baseappmgr-1 10103 5000  [2018-05-13 09:07:36 524] - Components::findComponents: find dbmgr(40)...
delay time is too long, please check the dbmgr logs!
 WARNING baseappmgr-1 10103 5000  [2018-05-13 09:07:38 581] - Components::findComponents: find dbmgr(41)...
delay time is too long, please check the dbmgr logs!
 WARNING baseappmgr-1 10103 5000  [2018-05-13 09:07:40 652] - Components::findComponents: find dbmgr(42)...
delay time is too long, please check the dbmgr logs!
 WARNING baseappmgr-1 10103 5000  [2018-05-13 09:07:42 714] - Components::findComponents: find dbmgr(43)...
delay time is too long, please check the dbmgr logs!
 WARNING baseappmgr-1 10103 5000  [2018-05-13 09:07:44 780] - Components::findComponents: find dbmgr(44)...
delay time is too long, please check the dbmgr logs!
 WARNING baseappmgr-1 10103 5000  [2018-05-13 09:07:46 844] - Components::findComponents: find dbmgr(45)...
delay time is too long, please check the dbmgr logs!
 WARNING baseappmgr-1 10103 5000  [2018-05-13 09:07:48 894] - Components::findComponents: find dbmgr(46)...
delay time is too long, please check the dbmgr logs!
 WARNING baseappmgr-1 10103 5000  [2018-05-13 09:07:50 961] - Components::findComponents: find dbmgr(47)...
delay time is too long, please check the dbmgr logs!
 WARNING baseappmgr-1 10103 5000  [2018-05-13 09:07:53 020] - Components::findComponents: find dbmgr(48)...
delay time is too long, please check the dbmgr logs!
 WARNING baseappmgr-1 10103 5000  [2018-05-13 09:07:55 064] - Components::findComponents: find dbmgr(49)...
delay time is too long, please check the dbmgr logs!
 WARNING baseappmgr-1 10103 5000  [2018-05-13 09:07:57 151] - Components::findComponents: find dbmgr(50)...
delay time is too long, please check the dbmgr logs!
 WARNING baseappmgr-1 10103 5000  [2018-05-13 09:07:59 206] - Components::findComponents: find dbmgr(51)...
delay time is too long, please check the dbmgr logs!
 WARNING baseappmgr-1 10103 5000  [2018-05-13 09:08:01 290] - Components::findComponents: find dbmgr(52)...
delay time is too long, please check the dbmgr logs!
 WARNING baseappmgr-1 10103 5000  [2018-05-13 09:08:03 343] - Components::findComponents: find dbmgr(53)...
delay time is too long, please check the dbmgr logs!
 WARNING baseappmgr-1 10103 5000  [2018-05-13 09:08:05 406] - Components::findComponents: find dbmgr(54)...
delay time is too long, please check the dbmgr logs!
 WARNING baseappmgr-1 10103 5000  [2018-05-13 09:08:07 470] - Components::findComponents: find dbmgr(55)...
delay time is too long, please check the dbmgr logs!
 WARNING baseappmgr-1 10103 5000  [2018-05-13 09:08:09 528] - Components::findComponents: find dbmgr(56)...
delay time is too long, please check the dbmgr logs!
 WARNING baseappmgr-1 10103 5000  [2018-05-13 09:08:11 584] - Components::findComponents: find dbmgr(57)...
delay time is too long, please check the dbmgr logs!
 WARNING baseappmgr-1 10103 5000  [2018-05-13 09:08:13 662] - Components::findComponents: find dbmgr(58)...
delay time is too long, please check the dbmgr logs!
 WARNING baseappmgr-1 10103 5000  [2018-05-13 09:08:15 733] - Components::findComponents: find dbmgr(59)...
delay time is too long, please check the dbmgr logs!
 WARNING baseappmgr-1 10103 5000  [2018-05-13 09:08:17 788] - Components::findComponents: find dbmgr(60)...
delay time is too long, please check the dbmgr logs!
 WARNING baseappmgr-1 10103 5000  [2018-05-13 09:08:19 833] - Components::findComponents: find dbmgr(61)...
delay time is too long, please check the dbmgr logs!
 WARNING baseappmgr-1 10103 5000  [2018-05-13 09:08:21 904] - Components::findComponents: find dbmgr(62)...
delay time is too long, please check the dbmgr logs!
 WARNING baseappmgr-1 10103 5000  [2018-05-13 09:08:23 974] - Components::findComponents: find dbmgr(63)...
delay time is too long, please check the dbmgr logs!
 WARNING baseappmgr-1 10103 5000  [2018-05-13 09:08:26 014] - Components::findComponents: find dbmgr(64)...
delay time is too long, please check the dbmgr logs!
 WARNING baseappmgr-1 10103 5000  [2018-05-13 09:08:28 070] - Components::findComponents: find dbmgr(65)...
delay time is too long, please check the dbmgr logs!
 WARNING baseappmgr-1 10103 5000  [2018-05-13 09:08:30 127] - Components::findComponents: find dbmgr(66)...
delay time is too long, please check the dbmgr logs!
 WARNING baseappmgr-1 10103 5000  [2018-05-13 09:08:32 190] - Components::findComponents: find dbmgr(67)...
delay time is too long, please check the dbmgr logs!
 WARNING baseappmgr-1 10103 5000  [2018-05-13 09:08:34 274] - Components::findComponents: find dbmgr(68)...
delay time is too long, please check the dbmgr logs!
 WARNING baseappmgr-1 10103 5000  [2018-05-13 09:08:36 312] - Components::findComponents: find dbmgr(69)...
delay time is too long, please check the dbmgr logs!
 WARNING baseappmgr-1 10103 5000  [2018-05-13 09:08:38 373] - Components::findComponents: find dbmgr(70)...
delay time is too long, please check the dbmgr logs!
 WARNING baseappmgr-1 10103 5000  [2018-05-13 09:08:40 421] - Components::findComponents: find dbmgr(71)...
delay time is too long, please check the dbmgr logs!
 WARNING baseappmgr-1 10103 5000  [2018-05-13 09:08:42 480] - Components::findComponents: find dbmgr(72)...
delay time is too long, please check the dbmgr logs!
 WARNING baseappmgr-1 10103 5000  [2018-05-13 09:08:44 593] - Components::findComponents: find dbmgr(73)...
delay time is too long, please check the dbmgr logs!
 WARNING baseappmgr-1 10103 5000  [2018-05-13 09:08:46 620] - Components::findComponents: find dbmgr(74)...
delay time is too long, please check the dbmgr logs!
 WARNING baseappmgr-1 10103 5000  [2018-05-13 09:08:48 652] - Components::findComponents: find dbmgr(75)...
delay time is too long, please check the dbmgr logs!
 WARNING baseappmgr-1 10103 5000  [2018-05-13 09:08:50 724] - Components::findComponents: find dbmgr(76)...
delay time is too long, please check the dbmgr logs!
 WARNING baseappmgr-1 10103 5000  [2018-05-13 09:08:52 853] - Components::findComponents: find dbmgr(77)...
delay time is too long, please check the dbmgr logs!
 WARNING baseappmgr-1 10103 5000  [2018-05-13 09:08:54 981] - Components::findComponents: find dbmgr(78)...
delay time is too long, please check the dbmgr logs!
 WARNING baseappmgr-1 10103 5000  [2018-05-13 09:08:57 024] - Components::findComponents: find dbmgr(79)...
delay time is too long, please check the dbmgr logs!
 WARNING baseappmgr-1 10103 5000  [2018-05-13 09:08:59 147] - Components::findComponents: find dbmgr(80)...
delay time is too long, please check the dbmgr logs!
 WARNING baseappmgr-1 10103 5000  [2018-05-13 09:09:01 261] - Components::findComponents: find dbmgr(81)...
delay time is too long, please check the dbmgr logs!
 WARNING baseappmgr-1 10103 5000  [2018-05-13 09:09:03 344] - Components::findComponents: find dbmgr(82)...
delay time is too long, please check the dbmgr logs!
 WARNING baseappmgr-1 10103 5000  [2018-05-13 09:09:05 390] - Components::findComponents: find dbmgr(83)...
delay time is too long, please check the dbmgr logs!
 WARNING baseappmgr-1 10103 5000  [2018-05-13 09:09:07 519] - Components::findComponents: find dbmgr(84)...
delay time is too long, please check the dbmgr logs!
 WARNING baseappmgr-1 10103 5000  [2018-05-13 09:09:09 546] - Components::findComponents: find dbmgr(85)...
delay time is too long, please check the dbmgr logs!
 WARNING baseappmgr-1 10103 5000  [2018-05-13 09:09:11 602] - Components::findComponents: find dbmgr(86)...
delay time is too long, please check the dbmgr logs!
 WARNING baseappmgr-1 10103 5000  [2018-05-13 09:09:13 729] - Components::findComponents: find dbmgr(87)...
delay time is too long, please check the dbmgr logs!
 WARNING baseappmgr-1 10103 5000  [2018-05-13 09:09:15 842] - Components::findComponents: find dbmgr(88)...
delay time is too long, please check the dbmgr logs!
 WARNING baseappmgr-1 10103 5000  [2018-05-13 09:09:17 919] - Components::findComponents: find dbmgr(89)...
delay time is too long, please check the dbmgr logs!
 WARNING baseappmgr-1 10103 5000  [2018-05-13 09:09:20 020] - Components::findComponents: find dbmgr(90)...
delay time is too long, please check the dbmgr logs!
 WARNING baseappmgr-1 10103 5000  [2018-05-13 09:09:22 159] - Components::findComponents: find dbmgr(91)...
delay time is too long, please check the dbmgr logs!
 WARNING baseappmgr-1 10103 5000  [2018-05-13 09:09:24 180] - Components::findComponents: find dbmgr(92)...
delay time is too long, please check the dbmgr logs!
 WARNING baseappmgr-1 10103 5000  [2018-05-13 09:09:26 282] - Components::findComponents: find dbmgr(93)...
delay time is too long, please check the dbmgr logs!
 WARNING baseappmgr-1 10103 5000  [2018-05-13 09:09:28 419] - Components::findComponents: find dbmgr(94)...
delay time is too long, please check the dbmgr logs!
 WARNING baseappmgr-1 10103 5000  [2018-05-13 09:09:30 542] - Components::findComponents: find dbmgr(95)...
delay time is too long, please check the dbmgr logs!
 WARNING baseappmgr-1 10103 5000  [2018-05-13 09:09:32 595] - Components::findComponents: find dbmgr(96)...
delay time is too long, please check the dbmgr logs!
 WARNING baseappmgr-1 10103 5000  [2018-05-13 09:09:34 725] - Components::findComponents: find dbmgr(97)...
delay time is too long, please check the dbmgr logs!
 WARNING baseappmgr-1 10103 5000  [2018-05-13 09:09:36 859] - Components::findComponents: find dbmgr(98)...
delay time is too long, please check the dbmgr logs!
 WARNING baseappmgr-1 10103 5000  [2018-05-13 09:09:38 984] - Components::findComponents: find dbmgr(99)...
delay time is too long, please check the dbmgr logs!
 WARNING baseappmgr-1 10103 5000  [2018-05-13 09:09:41 019] - Components::findComponents: find dbmgr(100)...
delay time is too long, please check the dbmgr logs!
 WARNING baseappmgr-1 10103 5000  [2018-05-13 09:09:43 132] - Components::findComponents: find dbmgr(101)...
delay time is too long, please check the dbmgr logs!
 WARNING baseappmgr-1 10103 5000  [2018-05-13 09:09:45 191] - Components::findComponents: find dbmgr(102)...
delay time is too long, please check the dbmgr logs!
 WARNING baseappmgr-1 10103 5000  [2018-05-13 09:09:47 267] - Components::findComponents: find dbmgr(103)...
delay time is too long, please check the dbmgr logs!
 WARNING baseappmgr-1 10103 5000  [2018-05-13 09:09:49 314] - Components::findComponents: find dbmgr(104)...
delay time is too long, please check the dbmgr logs!
 WARNING baseappmgr-1 10103 5000  [2018-05-13 09:09:51 393] - Components::findComponents: find dbmgr(105)...
delay time is too long, please check the dbmgr logs!
 WARNING baseappmgr-1 10103 5000  [2018-05-13 09:09:53 441] - Components::findComponents: find dbmgr(106)...
delay time is too long, please check the dbmgr logs!
 WARNING baseappmgr-1 10103 5000  [2018-05-13 09:09:55 513] - Components::findComponents: find dbmgr(107)...
delay time is too long, please check the dbmgr logs!
 WARNING baseappmgr-1 10103 5000  [2018-05-13 09:09:57 574] - Components::findComponents: find dbmgr(108)...
delay time is too long, please check the dbmgr logs!
 WARNING baseappmgr-1 10103 5000  [2018-05-13 09:09:59 647] - Components::findComponents: find dbmgr(109)...
delay time is too long, please check the dbmgr logs!
 WARNING baseappmgr-1 10103 5000  [2018-05-13 09:10:01 696] - Components::findComponents: find dbmgr(110)...
delay time is too long, please check the dbmgr logs!
 WARNING baseappmgr-1 10103 5000  [2018-05-13 09:10:03 772] - Components::findComponents: find dbmgr(111)...
delay time is too long, please check the dbmgr logs!
 WARNING baseappmgr-1 10103 5000  [2018-05-13 09:10:05 839] - Components::findComponents: find dbmgr(112)...
delay time is too long, please check the dbmgr logs!
 WARNING baseappmgr-1 10103 5000  [2018-05-13 09:10:07 888] - Components::findComponents: find dbmgr(113)...
delay time is too long, please check the dbmgr logs!
 WARNING baseappmgr-1 10103 5000  [2018-05-13 09:10:09 973] - Components::findComponents: find dbmgr(114)...
delay time is too long, please check the dbmgr logs!
 WARNING baseappmgr-1 10103 5000  [2018-05-13 09:10:12 009] - Components::findComponents: find dbmgr(115)...
delay time is too long, please check the dbmgr logs!
 WARNING baseappmgr-1 10103 5000  [2018-05-13 09:10:14 074] - Components::findComponents: find dbmgr(116)...
delay time is too long, please check the dbmgr logs!
 WARNING baseappmgr-1 10103 5000  [2018-05-13 09:10:16 149] - Components::findComponents: find dbmgr(117)...
delay time is too long, please check the dbmgr logs!
 WARNING baseappmgr-1 10103 5000  [2018-05-13 09:10:18 205] - Components::findComponents: find dbmgr(118)...
delay time is too long, please check the dbmgr logs!
 WARNING baseappmgr-1 10103 5000  [2018-05-13 09:10:20 269] - Components::findComponents: find dbmgr(119)...
delay time is too long, please check the dbmgr logs!
 WARNING baseappmgr-1 10103 5000  [2018-05-13 09:10:22 334] - Components::findComponents: find dbmgr(120)...
delay time is too long, please check the dbmgr logs!
 WARNING baseappmgr-1 10103 5000  [2018-05-13 09:10:24 406] - Components::findComponents: find dbmgr(121)...
delay time is too long, please check the dbmgr logs!
 WARNING baseappmgr-1 10103 5000  [2018-05-13 09:10:26 451] - Components::findComponents: find dbmgr(122)...
delay time is too long, please check the dbmgr logs!
 WARNING baseappmgr-1 10103 5000  [2018-05-13 09:10:28 530] - Components::findComponents: find dbmgr(123)...
delay time is too long, please check the dbmgr logs!
 WARNING baseappmgr-1 10103 5000  [2018-05-13 09:10:30 591] - Components::findComponents: find dbmgr(124)...
delay time is too long, please check the dbmgr logs!
 WARNING baseappmgr-1 10103 5000  [2018-05-13 09:10:32 650] - Components::findComponents: find dbmgr(125)...
delay time is too long, please check the dbmgr logs!
 WARNING baseappmgr-1 10103 5000  [2018-05-13 09:10:34 697] - Components::findComponents: find dbmgr(126)...
delay time is too long, please check the dbmgr logs!
 WARNING baseappmgr-1 10103 5000  [2018-05-13 09:10:36 766] - Components::findComponents: find dbmgr(127)...
delay time is too long, please check the dbmgr logs!
 WARNING baseappmgr-1 10103 5000  [2018-05-13 09:10:38 831] - Components::findComponents: find dbmgr(128)...
delay time is too long, please check the dbmgr logs!
 WARNING baseappmgr-1 10103 5000  [2018-05-13 09:10:40 904] - Components::findComponents: find dbmgr(129)...
delay time is too long, please check the dbmgr logs!
 WARNING baseappmgr-1 10103 5000  [2018-05-13 09:10:42 959] - Components::findComponents: find dbmgr(130)...
delay time is too long, please check the dbmgr logs!
 WARNING baseappmgr-1 10103 5000  [2018-05-13 09:10:45 020] - Components::findComponents: find dbmgr(131)...
delay time is too long, please check the dbmgr logs!
 WARNING baseappmgr-1 10103 5000  [2018-05-13 09:10:47 068] - Components::findComponents: find dbmgr(132)...
delay time is too long, please check the dbmgr logs!
 WARNING baseappmgr-1 10103 5000  [2018-05-13 09:10:49 141] - Components::findComponents: find dbmgr(133)...
delay time is too long, please check the dbmgr logs!
 WARNING baseappmgr-1 10103 5000  [2018-05-13 09:10:51 198] - Components::findComponents: find dbmgr(134)...
delay time is too long, please check the dbmgr logs!
 WARNING baseappmgr-1 10103 5000  [2018-05-13 09:10:53 249] - Components::findComponents: find dbmgr(135)...
delay time is too long, please check the dbmgr logs!
 WARNING baseappmgr-1 10103 5000  [2018-05-13 09:10:55 330] - Components::findComponents: find dbmgr(136)...
delay time is too long, please check the dbmgr logs!
 WARNING baseappmgr-1 10103 5000  [2018-05-13 09:10:57 388] - Components::findComponents: find dbmgr(137)...
delay time is too long, please check the dbmgr logs!
 WARNING baseappmgr-1 10103 5000  [2018-05-13 09:10:59 450] - Components::findComponents: find dbmgr(138)...
delay time is too long, please check the dbmgr logs!
 WARNING baseappmgr-1 10103 5000  [2018-05-13 09:11:01 505] - Components::findComponents: find dbmgr(139)...
delay time is too long, please check the dbmgr logs!
 WARNING baseappmgr-1 10103 5000  [2018-05-13 09:11:03 549] - Components::findComponents: find dbmgr(140)...
delay time is too long, please check the dbmgr logs!
 WARNING baseappmgr-1 10103 5000  [2018-05-13 09:11:05 611] - Components::findComponents: find dbmgr(141)...
delay time is too long, please check the dbmgr logs!
 WARNING baseappmgr-1 10103 5000  [2018-05-13 09:11:07 670] - Components::findComponents: find dbmgr(142)...
delay time is too long, please check the dbmgr logs!
 WARNING baseappmgr-1 10103 5000  [2018-05-13 09:11:09 742] - Components::findComponents: find dbmgr(143)...
delay time is too long, please check the dbmgr logs!
 WARNING baseappmgr-1 10103 5000  [2018-05-13 09:11:11 801] - Components::findComponents: find dbmgr(144)...
delay time is too long, please check the dbmgr logs!
 WARNING baseappmgr-1 10103 5000  [2018-05-13 09:11:13 844] - Components::findComponents: find dbmgr(145)...
delay time is too long, please check the dbmgr logs!
 WARNING baseappmgr-1 10103 5000  [2018-05-13 09:11:15 904] - Components::findComponents: find dbmgr(146)...
delay time is too long, please check the dbmgr logs!
 WARNING baseappmgr-1 10103 5000  [2018-05-13 09:11:17 982] - Components::findComponents: find dbmgr(147)...
delay time is too long, please check the dbmgr logs!
 WARNING baseappmgr-1 10103 5000  [2018-05-13 09:11:20 026] - Components::findComponents: find dbmgr(148)...
delay time is too long, please check the dbmgr logs!
 WARNING baseappmgr-1 10103 5000  [2018-05-13 09:11:22 098] - Components::findComponents: find dbmgr(149)...
delay time is too long, please check the dbmgr logs!
 WARNING baseappmgr-1 10103 5000  [2018-05-13 09:11:24 170] - Components::findComponents: find dbmgr(150)...
delay time is too long, please check the dbmgr logs!
 WARNING baseappmgr-1 10103 5000  [2018-05-13 09:11:26 200] - Components::findComponents: find dbmgr(151)...
delay time is too long, please check the dbmgr logs!
 WARNING baseappmgr-1 10103 5000  [2018-05-13 09:11:28 270] - Components::findComponents: find dbmgr(152)...
delay time is too long, please check the dbmgr logs!
 WARNING baseappmgr-1 10103 5000  [2018-05-13 09:11:30 332] - Components::findComponents: find dbmgr(153)...
delay time is too long, please check the dbmgr logs!
 WARNING baseappmgr-1 10103 5000  [2018-05-13 09:11:32 373] - Components::findComponents: find dbmgr(154)...
delay time is too long, please check the dbmgr logs!
 WARNING baseappmgr-1 10103 5000  [2018-05-13 09:11:34 442] - Components::findComponents: find dbmgr(155)...
delay time is too long, please check the dbmgr logs!
 WARNING baseappmgr-1 10103 5000  [2018-05-13 09:11:36 491] - Components::findComponents: find dbmgr(156)...
delay time is too long, please check the dbmgr logs!
 WARNING baseappmgr-1 10103 5000  [2018-05-13 09:11:38 562] - Components::findComponents: find dbmgr(157)...
delay time is too long, please check the dbmgr logs!
 WARNING baseappmgr-1 10103 5000  [2018-05-13 09:11:40 622] - Components::findComponents: find dbmgr(158)...
delay time is too long, please check the dbmgr logs!
 WARNING baseappmgr-1 10103 5000  [2018-05-13 09:11:42 712] - Components::findComponents: find dbmgr(159)...
delay time is too long, please check the dbmgr logs!
 WARNING baseappmgr-1 10103 5000  [2018-05-13 09:11:44 792] - Components::findComponents: find dbmgr(160)...
delay time is too long, please check the dbmgr logs!
 WARNING baseappmgr-1 10103 5000  [2018-05-13 09:11:46 840] - Components::findComponents: find dbmgr(161)...
delay time is too long, please check the dbmgr logs!
 WARNING baseappmgr-1 10103 5000  [2018-05-13 09:11:48 911] - Components::findComponents: find dbmgr(162)...
delay time is too long, please check the dbmgr logs!
 WARNING baseappmgr-1 10103 5000  [2018-05-13 09:11:50 967] - Components::findComponents: find dbmgr(163)...
delay time is too long, please check the dbmgr logs!
    INFO baseappmgr-1 10103 5000  [2018-05-13 09:11:55 597] - -----------------------------------------------------------------------------------------


    INFO baseappmgr-1 10103 5000  [2018-05-13 09:11:55 598] - Resmgr::initialize: KBE_ROOT=D:/kbengine/
    INFO baseappmgr-1 10103 5000  [2018-05-13 09:11:55 599] - Resmgr::initialize: KBE_RES_PATH=D:/kbengine/kbe/res/;D:/kbengine/assets_Battle of Gods/;D:/kbengine/assets_Battle of Gods/scripts/;D:/kbengine/assets_Battle of Gods/res/
    INFO baseappmgr-1 10103 5000  [2018-05-13 09:11:55 599] - Resmgr::initialize: KBE_BIN_PATH=D:/kbengine/kbe/bin/server/
    INFO baseappmgr-1 10103 5000  [2018-05-13 09:11:55 613] - NetworkInterface::initialize(INTERNAL): bound to all interfaces with default route interface on 10.139.100.106 ( 10.139.100.106:9063 )
    INFO baseappmgr-1 10103 5000  [2018-05-13 09:11:55 614] - NetworkInterface::initialize(INTERNAL): address 10.139.100.106:9063, SOMAXCONN=5.
    INFO baseappmgr-1 10103 5000  [2018-05-13 09:11:55 614] - server-configs:
    INFO baseappmgr-1 10103 5000  [2018-05-13 09:11:55 614] - 	internalAddr : 10.139.100.106:9063
    INFO baseappmgr-1 10103 5000  [2018-05-13 09:11:55 614] - 	componentID : 5000
    INFO baseappmgr-1 10103 5000  [2018-05-13 09:11:57 136] - ---- baseappmgr Version: 2.0.0. ScriptVersion: 0.1.0. Protocol: EE09E8FDB2CCFCF3A31D35776E8954CE. Config: Debug X86. Built: 16:27:27 Apr 30 2018. AppID: 5000. UID: 10103. PID: 1780 ----
    INFO baseappmgr-1 10103 5000  [2018-05-13 09:11:57 136] - Server : Intel(R) Core(TM) i7-6700HQ CPU @ 2.60GHz with 2097151kB RAM
    INFO baseappmgr-1 10103 5000  [2018-05-13 09:11:57 137] - ThreadPool::createThreadPool: creating  threadpool...
    INFO baseappmgr-1 10103 5000  [2018-05-13 09:11:57 137] - ThreadPool::createThreadPool: successfully(2), newThreadCount=1, normalMaxThreadCount=2, maxThreadCount=8
    INFO baseappmgr-1 10103 5000  [2018-05-13 09:11:57 720] - ---- baseappmgr is running ----
   DEBUG baseappmgr-1 10103 5000  [2018-05-13 09:11:57 720] - Components::process(): Request for the process of identity...
    INFO baseappmgr-1 10103 5000  [2018-05-13 09:12:05 056] - Components::findComponents: find logger(1)...
    INFO baseappmgr-1 10103 5000  [2018-05-13 09:12:05 126] - Components::findComponents: found logger, addr:10.139.100.106:9061
    INFO baseappmgr-1 10103 5000  [2018-05-13 09:12:05 126] - Components::addComponent: reset orderLog, uid=10103!
    INFO baseappmgr-1 10103 5000  [2018-05-13 09:12:05 127] - Components::addComponent[logger], uid=10103, componentID=2000, globalorderid=1, grouporderid=1, totalcount=1
    INFO baseappmgr-1 10103 5000  [2018-05-13 09:12:05 129] - Components::findComponents: find dbmgr(2)...
    INFO baseappmgr-1 10103 5000  [2018-05-13 09:12:07 285] - Components::findComponents: find dbmgr(3)...
    INFO baseappmgr-1 10103 5000  [2018-05-13 09:12:09 344] - Components::findComponents: find dbmgr(4)...
    INFO baseappmgr-1 10103 5000  [2018-05-13 09:12:29 042] - -----------------------------------------------------------------------------------------


    INFO baseappmgr-1 10103 5000  [2018-05-13 09:12:29 045] - Resmgr::initialize: KBE_ROOT=D:/kbengine/
    INFO baseappmgr-1 10103 5000  [2018-05-13 09:12:29 045] - Resmgr::initialize: KBE_RES_PATH=D:/kbengine/kbe/res/;D:/kbengine/assets_Battle of Gods/;D:/kbengine/assets_Battle of Gods/scripts/;D:/kbengine/assets_Battle of Gods/res/
    INFO baseappmgr-1 10103 5000  [2018-05-13 09:12:29 045] - Resmgr::initialize: KBE_BIN_PATH=D:/kbengine/kbe/bin/server/
    INFO baseappmgr-1 10103 5000  [2018-05-13 09:12:29 055] - NetworkInterface::initialize(INTERNAL): bound to all interfaces with default route interface on 10.139.100.106 ( 10.139.100.106:9084 )
    INFO baseappmgr-1 10103 5000  [2018-05-13 09:12:29 055] - NetworkInterface::initialize(INTERNAL): address 10.139.100.106:9084, SOMAXCONN=5.
    INFO baseappmgr-1 10103 5000  [2018-05-13 09:12:29 056] - server-configs:
    INFO baseappmgr-1 10103 5000  [2018-05-13 09:12:29 056] - 	internalAddr : 10.139.100.106:9084
    INFO baseappmgr-1 10103 5000  [2018-05-13 09:12:29 056] - 	componentID : 5000
    INFO baseappmgr-1 10103 5000  [2018-05-13 09:12:30 576] - ---- baseappmgr Version: 2.0.0. ScriptVersion: 0.1.0. Protocol: EE09E8FDB2CCFCF3A31D35776E8954CE. Config: Debug X86. Built: 16:27:27 Apr 30 2018. AppID: 5000. UID: 10103. PID: 7064 ----
    INFO baseappmgr-1 10103 5000  [2018-05-13 09:12:30 576] - Server : Intel(R) Core(TM) i7-6700HQ CPU @ 2.60GHz with 2097151kB RAM
    INFO baseappmgr-1 10103 5000  [2018-05-13 09:12:30 577] - ThreadPool::createThreadPool: creating  threadpool...
    INFO baseappmgr-1 10103 5000  [2018-05-13 09:12:30 577] - ThreadPool::createThreadPool: successfully(2), newThreadCount=1, normalMaxThreadCount=2, maxThreadCount=8
    INFO baseappmgr-1 10103 5000  [2018-05-13 09:12:31 201] - ---- baseappmgr is running ----
   DEBUG baseappmgr-1 10103 5000  [2018-05-13 09:12:31 201] - Components::process(): Request for the process of identity...
    INFO baseappmgr-1 10103 5000  [2018-05-13 09:12:38 571] - Components::findComponents: find logger(1)...
    INFO baseappmgr-1 10103 5000  [2018-05-13 09:12:38 687] - Components::findComponents: found logger, addr:10.139.100.106:9082
    INFO baseappmgr-1 10103 5000  [2018-05-13 09:12:38 688] - Components::addComponent: reset orderLog, uid=10103!
    INFO baseappmgr-1 10103 5000  [2018-05-13 09:12:38 689] - Components::addComponent[logger], uid=10103, componentID=2000, globalorderid=1, grouporderid=1, totalcount=1
    INFO baseappmgr-1 10103 5000  [2018-05-13 09:12:38 691] - Components::findComponents: find dbmgr(2)...
    INFO baseappmgr-1 10103 5000  [2018-05-13 09:12:40 831] - Components::findComponents: find dbmgr(3)...
    INFO baseappmgr-1 10103 5000  [2018-05-13 09:12:42 904] - Components::findComponents: find dbmgr(4)...
    INFO baseappmgr-1 10103 5000  [2018-05-13 09:12:44 952] - Components::findComponents: find dbmgr(5)...
    INFO baseappmgr-1 10103 5000  [2018-05-13 09:12:47 021] - Components::findComponents: find dbmgr(6)...
    INFO baseappmgr-1 10103 5000  [2018-05-13 09:12:49 079] - Components::findComponents: find dbmgr(7)...
    INFO baseappmgr-1 10103 5000  [2018-05-13 09:12:51 127] - Components::findComponents: find dbmgr(8)...
    INFO baseappmgr-1 10103 5000  [2018-05-13 09:12:53 213] - Components::findComponents: find dbmgr(9)...
    INFO baseappmgr-1 10103 5000  [2018-05-13 09:12:55 263] - Components::findComponents: find dbmgr(10)...
    INFO baseappmgr-1 10103 5000  [2018-05-13 09:12:57 304] - Components::findComponents: find dbmgr(11)...
    INFO baseappmgr-1 10103 5000  [2018-05-13 09:12:59 391] - Components::findComponents: find dbmgr(12)...
    INFO baseappmgr-1 10103 5000  [2018-05-13 09:13:01 423] - Components::findComponents: find dbmgr(13)...
    INFO baseappmgr-1 10103 5000  [2018-05-13 09:13:05 498] - -----------------------------------------------------------------------------------------


    INFO baseappmgr-1 10103 5000  [2018-05-13 09:13:05 499] - Resmgr::initialize: KBE_ROOT=D:/kbengine/
    INFO baseappmgr-1 10103 5000  [2018-05-13 09:13:05 499] - Resmgr::initialize: KBE_RES_PATH=D:/kbengine/kbe/res/;D:/kbengine/assets_Battle of Gods/;D:/kbengine/assets_Battle of Gods/scripts/;D:/kbengine/assets_Battle of Gods/res/
    INFO baseappmgr-1 10103 5000  [2018-05-13 09:13:05 500] - Resmgr::initialize: KBE_BIN_PATH=D:/kbengine/kbe/bin/server/
    INFO baseappmgr-1 10103 5000  [2018-05-13 09:13:05 508] - NetworkInterface::initialize(INTERNAL): bound to all interfaces with default route interface on 10.139.100.106 ( 10.139.100.106:9108 )
    INFO baseappmgr-1 10103 5000  [2018-05-13 09:13:05 509] - NetworkInterface::initialize(INTERNAL): address 10.139.100.106:9108, SOMAXCONN=5.
    INFO baseappmgr-1 10103 5000  [2018-05-13 09:13:05 509] - server-configs:
    INFO baseappmgr-1 10103 5000  [2018-05-13 09:13:05 509] - 	internalAddr : 10.139.100.106:9108
    INFO baseappmgr-1 10103 5000  [2018-05-13 09:13:05 509] - 	componentID : 5000
    INFO baseappmgr-1 10103 5000  [2018-05-13 09:13:07 028] - ---- baseappmgr Version: 2.0.0. ScriptVersion: 0.1.0. Protocol: EE09E8FDB2CCFCF3A31D35776E8954CE. Config: Debug X86. Built: 16:27:27 Apr 30 2018. AppID: 5000. UID: 10103. PID: 2720 ----
    INFO baseappmgr-1 10103 5000  [2018-05-13 09:13:07 028] - Server : Intel(R) Core(TM) i7-6700HQ CPU @ 2.60GHz with 2097151kB RAM
    INFO baseappmgr-1 10103 5000  [2018-05-13 09:13:07 029] - ThreadPool::createThreadPool: creating  threadpool...
    INFO baseappmgr-1 10103 5000  [2018-05-13 09:13:07 029] - ThreadPool::createThreadPool: successfully(2), newThreadCount=1, normalMaxThreadCount=2, maxThreadCount=8
    INFO baseappmgr-1 10103 5000  [2018-05-13 09:13:07 810] - ---- baseappmgr is running ----
   DEBUG baseappmgr-1 10103 5000  [2018-05-13 09:13:07 810] - Components::process(): Request for the process of identity...
    INFO baseappmgr-1 10103 5000  [2018-05-13 09:13:15 219] - Components::findComponents: find logger(1)...
    INFO baseappmgr-1 10103 5000  [2018-05-13 09:13:15 258] - Components::findComponents: found logger, addr:10.139.100.106:9106
    INFO baseappmgr-1 10103 5000  [2018-05-13 09:13:15 258] - Components::addComponent: reset orderLog, uid=10103!
    INFO baseappmgr-1 10103 5000  [2018-05-13 09:13:15 259] - Components::addComponent[logger], uid=10103, componentID=2000, globalorderid=1, grouporderid=1, totalcount=1
    INFO baseappmgr-1 10103 5000  [2018-05-13 09:13:15 262] - Components::findComponents: find dbmgr(2)...
    INFO baseappmgr-1 10103 5000  [2018-05-13 09:13:15 383] - Components::findComponents: found dbmgr, addr:10.139.100.106:9107
    INFO baseappmgr-1 10103 5000  [2018-05-13 09:13:15 384] - Components::addComponent: reset orderLog, uid=10103!
    INFO baseappmgr-1 10103 5000  [2018-05-13 09:13:15 384] - Components::addComponent[dbmgr], uid=10103, componentID=4000, globalorderid=1, grouporderid=1, totalcount=1
    INFO baseappmgr-1 10103 5000  [2018-05-13 09:13:15 385] - Components::findComponents: found dbmgr, addr:10.139.100.106:9107
    INFO baseappmgr-1 10103 5000  [2018-05-13 09:13:17 400] - Components::findComponents: find cellappmgr(1)...
    INFO baseappmgr-1 10103 5000  [2018-05-13 09:13:17 517] - Components::findComponents: found cellappmgr, addr:10.139.100.106:9109
    INFO baseappmgr-1 10103 5000  [2018-05-13 09:13:17 517] - Components::addComponent[cellappmgr], uid=10103, componentID=6000, globalorderid=2, grouporderid=1, totalcount=1
    INFO baseappmgr-1 10103 5000  [2018-05-13 09:13:17 518] - Components::findComponents: found cellappmgr, addr:10.139.100.106:9109
    INFO baseappmgr-1 10103 5000  [2018-05-13 09:13:19 583] - Components::findComponents: register self to dbmgr...
    INFO baseappmgr-1 10103 5000  [2018-05-13 09:13:19 599] - Components::findComponents: register self to cellappmgr...
    INFO baseappmgr-1 10103 5000  [2018-05-13 09:13:19 614] - Components::process(): Found all the components!
    INFO baseappmgr-1 10103 5000  [2018-05-13 09:13:19 739] - ServerApp::onRegisterNewApp: uid:10103, username:, componentType:cellappmgr, componentID:6000, globalorderID=-1, grouporderID=-1, intaddr:10.139.100.106, intport:9109, extaddr:nonsupport, extport:0,  from 10.139.100.106:9133/0/0/0.
    INFO baseappmgr-1 10103 5000  [2018-05-13 09:13:20 079] - ServerApp::onRegisterNewApp: uid:10103, username:, componentType:loginapp, componentID:9000, globalorderID=-1, grouporderID=-1, intaddr:10.139.100.106, intport:9112, extaddr:10.139.100.106, extport:20013,  from 10.139.100.106:9135/0/0/0.
    INFO baseappmgr-1 10103 5000  [2018-05-13 09:13:20 079] - Components::addComponent[loginapp], uid=10103, componentID=9000, globalorderid=3, grouporderid=1, totalcount=1
    INFO baseappmgr-1 10103 5000  [2018-05-13 09:13:22 556] - ServerApp::onRegisterNewApp: uid:10103, username:, componentType:cellapp, componentID:8001, globalorderID=-1, grouporderID=-1, intaddr:10.139.100.106, intport:9111, extaddr:nonsupport, extport:0,  from 10.139.100.106:9141/0/0/0.
    INFO baseappmgr-1 10103 5000  [2018-05-13 09:13:22 557] - Components::addComponent[cellapp], uid=10103, componentID=8001, globalorderid=4, grouporderid=1, totalcount=1
    INFO baseappmgr-1 10103 5000  [2018-05-13 09:13:22 833] - ServerApp::onRegisterNewApp: uid:10103, username:, componentType:baseapp, componentID:7001, globalorderID=-1, grouporderID=-1, intaddr:10.139.100.106, intport:9110, extaddr:10.139.100.106, extport:20015,  from 10.139.100.106:9143/0/0/0.
    INFO baseappmgr-1 10103 5000  [2018-05-13 09:13:22 834] - Components::addComponent[baseapp], uid=10103, componentID=7001, globalorderid=5, grouporderid=1, totalcount=1
    INFO baseappmgr-1 10103 5000  [2018-05-13 09:13:27 696] - Baseappmgr::onBaseappInitProgress: cid=7001, progress=1.
    INFO baseappmgr-1 10103 5000  [2018-05-13 09:13:27 696] - Baseappmgr::onBaseappInitProgress: all completed!
    INFO baseappmgr-1 10103 5000  [2018-05-13 09:14:19 600] - ServerApp::onChannelTimeOut: Channel 10.139.100.106:9109/0/0/0 timed out.
    INFO baseappmgr-1 10103 5000  [2018-05-13 09:30:50 719] - -----------------------------------------------------------------------------------------


    INFO baseappmgr-1 10103 5000  [2018-05-13 09:30:50 721] - Resmgr::initialize: KBE_ROOT=D:/kbengine/
    INFO baseappmgr-1 10103 5000  [2018-05-13 09:30:50 721] - Resmgr::initialize: KBE_RES_PATH=D:/kbengine/kbe/res/;D:/kbengine/assets_Battle of Gods/;D:/kbengine/assets_Battle of Gods/scripts/;D:/kbengine/assets_Battle of Gods/res/
    INFO baseappmgr-1 10103 5000  [2018-05-13 09:30:50 721] - Resmgr::initialize: KBE_BIN_PATH=D:/kbengine/kbe/bin/server/
    INFO baseappmgr-1 10103 5000  [2018-05-13 09:30:50 728] - NetworkInterface::initialize(INTERNAL): bound to all interfaces with default route interface on 10.139.100.106 ( 10.139.100.106:9498 )
    INFO baseappmgr-1 10103 5000  [2018-05-13 09:30:50 728] - NetworkInterface::initialize(INTERNAL): address 10.139.100.106:9498, SOMAXCONN=5.
    INFO baseappmgr-1 10103 5000  [2018-05-13 09:30:50 728] - server-configs:
    INFO baseappmgr-1 10103 5000  [2018-05-13 09:30:50 728] - 	internalAddr : 10.139.100.106:9498
    INFO baseappmgr-1 10103 5000  [2018-05-13 09:30:50 729] - 	componentID : 5000
    INFO baseappmgr-1 10103 5000  [2018-05-13 09:30:50 832] - Components::findLogger: found logger, addr:10.139.100.106:9495
    INFO baseappmgr-1 10103 5000  [2018-05-13 09:30:50 833] - Components::addComponent: reset orderLog, uid=10103!
    INFO baseappmgr-1 10103 5000  [2018-05-13 09:30:50 833] - Components::addComponent[logger], uid=10103, componentID=2000, globalorderid=1, grouporderid=1, totalcount=1
    INFO baseappmgr-1 10103 5000  [2018-05-13 09:30:50 843] - ---- baseappmgr Version: 2.0.0. ScriptVersion: 0.1.0. Protocol: EE09E8FDB2CCFCF3A31D35776E8954CE. Config: Debug X86. Built: 16:27:27 Apr 30 2018. AppID: 5000. UID: 10103. PID: 6708 ----
    INFO baseappmgr-1 10103 5000  [2018-05-13 09:30:50 843] - Server : Intel(R) Core(TM) i7-6700HQ CPU @ 2.60GHz with 2097151kB RAM
    INFO baseappmgr-1 10103 5000  [2018-05-13 09:30:50 844] - ThreadPool::createThreadPool: creating  threadpool...
    INFO baseappmgr-1 10103 5000  [2018-05-13 09:30:50 844] - ThreadPool::createThreadPool: successfully(2), newThreadCount=1, normalMaxThreadCount=2, maxThreadCount=8
    INFO baseappmgr-1 10103 5000  [2018-05-13 09:30:51 628] - ---- baseappmgr is running ----
   DEBUG baseappmgr-1 10103 5000  [2018-05-13 09:30:51 629] - Components::process(): Request for the process of identity...
    INFO baseappmgr-1 10103 5000  [2018-05-13 09:30:59 084] - Components::findComponents: find dbmgr(1)...
    INFO baseappmgr-1 10103 5000  [2018-05-13 09:30:59 138] - Components::findComponents: found dbmgr, addr:10.139.100.106:9496
    INFO baseappmgr-1 10103 5000  [2018-05-13 09:30:59 138] - Components::addComponent: reset orderLog, uid=10103!
    INFO baseappmgr-1 10103 5000  [2018-05-13 09:30:59 138] - Components::addComponent[dbmgr], uid=10103, componentID=4000, globalorderid=1, grouporderid=1, totalcount=1
    INFO baseappmgr-1 10103 5000  [2018-05-13 09:30:59 139] - Components::findComponents: found dbmgr, addr:10.139.100.106:9496
    INFO baseappmgr-1 10103 5000  [2018-05-13 09:31:01 157] - Components::findComponents: find cellappmgr(1)...
    INFO baseappmgr-1 10103 5000  [2018-05-13 09:31:01 210] - Components::findComponents: found cellappmgr, addr:10.139.100.106:9501
    INFO baseappmgr-1 10103 5000  [2018-05-13 09:31:01 210] - Components::addComponent[cellappmgr], uid=10103, componentID=6000, globalorderid=2, grouporderid=1, totalcount=1
    INFO baseappmgr-1 10103 5000  [2018-05-13 09:31:01 213] - Components::findComponents: found cellappmgr, addr:10.139.100.106:9501
    INFO baseappmgr-1 10103 5000  [2018-05-13 09:31:03 240] - Components::findComponents: register self to dbmgr...
    INFO baseappmgr-1 10103 5000  [2018-05-13 09:31:03 256] - Components::findComponents: register self to cellappmgr...
    INFO baseappmgr-1 10103 5000  [2018-05-13 09:31:03 287] - Components::process(): Found all the components!
    INFO baseappmgr-1 10103 5000  [2018-05-13 09:31:03 738] - ServerApp::onRegisterNewApp: uid:10103, username:, componentType:cellappmgr, componentID:6000, globalorderID=-1, grouporderID=-1, intaddr:10.139.100.106, intport:9501, extaddr:nonsupport, extport:0,  from 10.139.100.106:9523/0/0/0.
    INFO baseappmgr-1 10103 5000  [2018-05-13 09:31:07 028] - ServerApp::onRegisterNewApp: uid:10103, username:, componentType:baseapp, componentID:7001, globalorderID=-1, grouporderID=-1, intaddr:10.139.100.106, intport:9509, extaddr:10.139.100.106, extport:20015,  from 10.139.100.106:9530/0/0/0.
    INFO baseappmgr-1 10103 5000  [2018-05-13 09:31:07 028] - Components::addComponent[baseapp], uid=10103, componentID=7001, globalorderid=3, grouporderid=1, totalcount=1
    INFO baseappmgr-1 10103 5000  [2018-05-13 09:31:07 121] - ServerApp::onRegisterNewApp: uid:10103, username:, componentType:cellapp, componentID:8001, globalorderID=-1, grouporderID=-1, intaddr:10.139.100.106, intport:9511, extaddr:nonsupport, extport:0,  from 10.139.100.106:9535/0/0/0.
    INFO baseappmgr-1 10103 5000  [2018-05-13 09:31:07 122] - Components::addComponent[cellapp], uid=10103, componentID=8001, globalorderid=4, grouporderid=1, totalcount=1
    INFO baseappmgr-1 10103 5000  [2018-05-13 09:31:09 349] - ServerApp::onRegisterNewApp: uid:10103, username:, componentType:loginapp, componentID:9000, globalorderID=-1, grouporderID=-1, intaddr:10.139.100.106, intport:9512, extaddr:10.139.100.106, extport:20013,  from 10.139.100.106:9541/0/0/0.
    INFO baseappmgr-1 10103 5000  [2018-05-13 09:31:09 350] - Components::addComponent[loginapp], uid=10103, componentID=9000, globalorderid=5, grouporderid=1, totalcount=1
    INFO baseappmgr-1 10103 5000  [2018-05-13 09:31:14 169] - Baseappmgr::onBaseappInitProgress: cid=7001, progress=1.
    INFO baseappmgr-1 10103 5000  [2018-05-13 09:31:14 169] - Baseappmgr::onBaseappInitProgress: all completed!
    INFO baseappmgr-1 10103 5000  [2018-05-13 09:32:05 710] - -----------------------------------------------------------------------------------------


    INFO baseappmgr-1 10103 5000  [2018-05-13 09:32:05 711] - Resmgr::initialize: KBE_ROOT=D:/kbengine/
    INFO baseappmgr-1 10103 5000  [2018-05-13 09:32:05 712] - Resmgr::initialize: KBE_RES_PATH=D:/kbengine/kbe/res/;D:/kbengine/assets_Battle of Gods/;D:/kbengine/assets_Battle of Gods/scripts/;D:/kbengine/assets_Battle of Gods/res/
    INFO baseappmgr-1 10103 5000  [2018-05-13 09:32:05 712] - Resmgr::initialize: KBE_BIN_PATH=D:/kbengine/kbe/bin/server/
    INFO baseappmgr-1 10103 5000  [2018-05-13 09:32:05 719] - NetworkInterface::initialize(INTERNAL): bound to all interfaces with default route interface on 10.139.100.106 ( 10.139.100.106:9557 )
    INFO baseappmgr-1 10103 5000  [2018-05-13 09:32:05 720] - NetworkInterface::initialize(INTERNAL): address 10.139.100.106:9557, SOMAXCONN=5.
    INFO baseappmgr-1 10103 5000  [2018-05-13 09:32:05 720] - server-configs:
    INFO baseappmgr-1 10103 5000  [2018-05-13 09:32:05 720] - 	internalAddr : 10.139.100.106:9557
    INFO baseappmgr-1 10103 5000  [2018-05-13 09:32:05 721] - 	componentID : 5000
    INFO baseappmgr-1 10103 5000  [2018-05-13 09:32:07 234] - ---- baseappmgr Version: 2.0.0. ScriptVersion: 0.1.0. Protocol: EE09E8FDB2CCFCF3A31D35776E8954CE. Config: Debug X86. Built: 16:27:27 Apr 30 2018. AppID: 5000. UID: 10103. PID: 12324 ----
    INFO baseappmgr-1 10103 5000  [2018-05-13 09:32:07 235] - Server : Intel(R) Core(TM) i7-6700HQ CPU @ 2.60GHz with 2097151kB RAM
    INFO baseappmgr-1 10103 5000  [2018-05-13 09:32:07 235] - ThreadPool::createThreadPool: creating  threadpool...
    INFO baseappmgr-1 10103 5000  [2018-05-13 09:32:07 235] - ThreadPool::createThreadPool: successfully(2), newThreadCount=1, normalMaxThreadCount=2, maxThreadCount=8
    INFO baseappmgr-1 10103 5000  [2018-05-13 09:32:07 921] - ---- baseappmgr is running ----
   DEBUG baseappmgr-1 10103 5000  [2018-05-13 09:32:07 921] - Components::process(): Request for the process of identity...
    INFO baseappmgr-1 10103 5000  [2018-05-13 09:32:15 427] - Components::findComponents: find logger(1)...
    INFO baseappmgr-1 10103 5000  [2018-05-13 09:32:15 494] - Components::findComponents: found logger, addr:10.139.100.106:9555
    INFO baseappmgr-1 10103 5000  [2018-05-13 09:32:15 495] - Components::addComponent: reset orderLog, uid=10103!
    INFO baseappmgr-1 10103 5000  [2018-05-13 09:32:15 495] - Components::addComponent[logger], uid=10103, componentID=2000, globalorderid=1, grouporderid=1, totalcount=1
    INFO baseappmgr-1 10103 5000  [2018-05-13 09:32:15 497] - Components::findComponents: find dbmgr(2)...
    INFO baseappmgr-1 10103 5000  [2018-05-13 09:32:15 602] - Components::findComponents: found dbmgr, addr:10.139.100.106:9556
    INFO baseappmgr-1 10103 5000  [2018-05-13 09:32:15 602] - Components::addComponent: reset orderLog, uid=10103!
    INFO baseappmgr-1 10103 5000  [2018-05-13 09:32:15 603] - Components::addComponent[dbmgr], uid=10103, componentID=4000, globalorderid=1, grouporderid=1, totalcount=1
    INFO baseappmgr-1 10103 5000  [2018-05-13 09:32:15 603] - Components::findComponents: found dbmgr, addr:10.139.100.106:9556
    INFO baseappmgr-1 10103 5000  [2018-05-13 09:32:17 614] - Components::findComponents: find cellappmgr(1)...
    INFO baseappmgr-1 10103 5000  [2018-05-13 09:32:17 698] - Components::findComponents: found cellappmgr, addr:10.139.100.106:9558
    INFO baseappmgr-1 10103 5000  [2018-05-13 09:32:17 698] - Components::addComponent[cellappmgr], uid=10103, componentID=6000, globalorderid=2, grouporderid=1, totalcount=1
    INFO baseappmgr-1 10103 5000  [2018-05-13 09:32:17 698] - Components::findComponents: found cellappmgr, addr:10.139.100.106:9558
    INFO baseappmgr-1 10103 5000  [2018-05-13 09:32:18 989] - ServerApp::onRegisterNewApp: uid:10103, username:, componentType:loginapp, componentID:9000, globalorderID=-1, grouporderID=-1, intaddr:10.139.100.106, intport:9561, extaddr:10.139.100.106, extport:20013,  from 10.139.100.106:9616/0/0/0.
    INFO baseappmgr-1 10103 5000  [2018-05-13 09:32:18 989] - Components::addComponent[loginapp], uid=10103, componentID=9000, globalorderid=3, grouporderid=1, totalcount=1
    INFO baseappmgr-1 10103 5000  [2018-05-13 09:32:19 729] - Components::findComponents: register self to dbmgr...
    INFO baseappmgr-1 10103 5000  [2018-05-13 09:32:19 749] - Components::findComponents: register self to cellappmgr...
    INFO baseappmgr-1 10103 5000  [2018-05-13 09:32:19 769] - Components::process(): Found all the components!
    INFO baseappmgr-1 10103 5000  [2018-05-13 09:32:19 869] - ServerApp::onRegisterNewApp: uid:10103, username:, componentType:cellappmgr, componentID:6000, globalorderID=-1, grouporderID=-1, intaddr:10.139.100.106, intport:9558, extaddr:nonsupport, extport:0,  from 10.139.100.106:9634/0/0/0.
    INFO baseappmgr-1 10103 5000  [2018-05-13 09:32:21 280] - ServerApp::onRegisterNewApp: uid:10103, username:, componentType:cellapp, componentID:8001, globalorderID=-1, grouporderID=-1, intaddr:10.139.100.106, intport:9560, extaddr:nonsupport, extport:0,  from 10.139.100.106:9652/0/0/0.
    INFO baseappmgr-1 10103 5000  [2018-05-13 09:32:21 280] - Components::addComponent[cellapp], uid=10103, componentID=8001, globalorderid=4, grouporderid=1, totalcount=1
    INFO baseappmgr-1 10103 5000  [2018-05-13 09:32:21 482] - ServerApp::onRegisterNewApp: uid:10103, username:, componentType:baseapp, componentID:7001, globalorderID=-1, grouporderID=-1, intaddr:10.139.100.106, intport:9559, extaddr:10.139.100.106, extport:20015,  from 10.139.100.106:9654/0/0/0.
    INFO baseappmgr-1 10103 5000  [2018-05-13 09:32:21 482] - Components::addComponent[baseapp], uid=10103, componentID=7001, globalorderid=5, grouporderid=1, totalcount=1
    INFO baseappmgr-1 10103 5000  [2018-05-13 09:32:26 250] - Baseappmgr::onBaseappInitProgress: cid=7001, progress=1.
    INFO baseappmgr-1 10103 5000  [2018-05-13 09:32:26 250] - Baseappmgr::onBaseappInitProgress: all completed!
    INFO baseappmgr-1 10103 5000  [2018-05-13 09:33:19 753] - ServerApp::onChannelTimeOut: Channel 10.139.100.106:9558/0/0/0 timed out.
    INFO baseappmgr-1 10103 5000  [2018-05-13 09:34:39 622] - -----------------------------------------------------------------------------------------


    INFO baseappmgr-1 10103 5000  [2018-05-13 09:34:39 623] - Resmgr::initialize: KBE_ROOT=D:/kbengine/
    INFO baseappmgr-1 10103 5000  [2018-05-13 09:34:39 623] - Resmgr::initialize: KBE_RES_PATH=D:/kbengine/kbe/res/;D:/kbengine/assets_Battle of Gods/;D:/kbengine/assets_Battle of Gods/scripts/;D:/kbengine/assets_Battle of Gods/res/
    INFO baseappmgr-1 10103 5000  [2018-05-13 09:34:39 623] - Resmgr::initialize: KBE_BIN_PATH=D:/kbengine/kbe/bin/server/
    INFO baseappmgr-1 10103 5000  [2018-05-13 09:34:39 631] - NetworkInterface::initialize(INTERNAL): bound to all interfaces with default route interface on 10.139.100.106 ( 10.139.100.106:9706 )
    INFO baseappmgr-1 10103 5000  [2018-05-13 09:34:39 631] - NetworkInterface::initialize(INTERNAL): address 10.139.100.106:9706, SOMAXCONN=5.
    INFO baseappmgr-1 10103 5000  [2018-05-13 09:34:39 631] - server-configs:
    INFO baseappmgr-1 10103 5000  [2018-05-13 09:34:39 632] - 	internalAddr : 10.139.100.106:9706
    INFO baseappmgr-1 10103 5000  [2018-05-13 09:34:39 632] - 	componentID : 5000
    INFO baseappmgr-1 10103 5000  [2018-05-13 09:34:41 150] - ---- baseappmgr Version: 2.0.0. ScriptVersion: 0.1.0. Protocol: EE09E8FDB2CCFCF3A31D35776E8954CE. Config: Debug X86. Built: 16:27:27 Apr 30 2018. AppID: 5000. UID: 10103. PID: 9396 ----
    INFO baseappmgr-1 10103 5000  [2018-05-13 09:34:41 150] - Server : Intel(R) Core(TM) i7-6700HQ CPU @ 2.60GHz with 2097151kB RAM
    INFO baseappmgr-1 10103 5000  [2018-05-13 09:34:41 150] - ThreadPool::createThreadPool: creating  threadpool...
    INFO baseappmgr-1 10103 5000  [2018-05-13 09:34:41 151] - ThreadPool::createThreadPool: successfully(2), newThreadCount=1, normalMaxThreadCount=2, maxThreadCount=8
    INFO baseappmgr-1 10103 5000  [2018-05-13 09:34:41 876] - ---- baseappmgr is running ----
   DEBUG baseappmgr-1 10103 5000  [2018-05-13 09:34:41 876] - Components::process(): Request for the process of identity...
    INFO baseappmgr-1 10103 5000  [2018-05-13 09:34:49 337] - Components::findComponents: find logger(1)...
    INFO baseappmgr-1 10103 5000  [2018-05-13 09:34:49 434] - Components::findComponents: found logger, addr:10.139.100.106:9704
    INFO baseappmgr-1 10103 5000  [2018-05-13 09:34:49 435] - Components::addComponent: reset orderLog, uid=10103!
    INFO baseappmgr-1 10103 5000  [2018-05-13 09:34:49 435] - Components::addComponent[logger], uid=10103, componentID=2000, globalorderid=1, grouporderid=1, totalcount=1
    INFO baseappmgr-1 10103 5000  [2018-05-13 09:34:49 437] - Components::findComponents: find dbmgr(2)...
    INFO baseappmgr-1 10103 5000  [2018-05-13 09:34:49 546] - Components::findComponents: found dbmgr, addr:10.139.100.106:9705
    INFO baseappmgr-1 10103 5000  [2018-05-13 09:34:49 547] - Components::addComponent: reset orderLog, uid=10103!
    INFO baseappmgr-1 10103 5000  [2018-05-13 09:34:49 547] - Components::addComponent[dbmgr], uid=10103, componentID=4000, globalorderid=1, grouporderid=1, totalcount=1
    INFO baseappmgr-1 10103 5000  [2018-05-13 09:34:49 548] - Components::findComponents: found dbmgr, addr:10.139.100.106:9705
    INFO baseappmgr-1 10103 5000  [2018-05-13 09:34:51 558] - Components::findComponents: find cellappmgr(1)...
    INFO baseappmgr-1 10103 5000  [2018-05-13 09:34:51 655] - Components::findComponents: found cellappmgr, addr:10.139.100.106:9707
    INFO baseappmgr-1 10103 5000  [2018-05-13 09:34:51 655] - Components::addComponent[cellappmgr], uid=10103, componentID=6000, globalorderid=2, grouporderid=1, totalcount=1
    INFO baseappmgr-1 10103 5000  [2018-05-13 09:34:51 657] - Components::findComponents: found cellappmgr, addr:10.139.100.106:9707
    INFO baseappmgr-1 10103 5000  [2018-05-13 09:34:53 712] - Components::findComponents: register self to dbmgr...
    INFO baseappmgr-1 10103 5000  [2018-05-13 09:34:53 727] - Components::findComponents: register self to cellappmgr...
    INFO baseappmgr-1 10103 5000  [2018-05-13 09:34:53 730] - Components::process(): Found all the components!
    INFO baseappmgr-1 10103 5000  [2018-05-13 09:34:53 759] - ServerApp::onRegisterNewApp: uid:10103, username:, componentType:cellappmgr, componentID:6000, globalorderID=-1, grouporderID=-1, intaddr:10.139.100.106, intport:9707, extaddr:nonsupport, extport:0,  from 10.139.100.106:9730/0/0/0.
    INFO baseappmgr-1 10103 5000  [2018-05-13 09:34:54 500] - ServerApp::onRegisterNewApp: uid:10103, username:, componentType:loginapp, componentID:9000, globalorderID=-1, grouporderID=-1, intaddr:10.139.100.106, intport:9710, extaddr:10.139.100.106, extport:20013,  from 10.139.100.106:9732/0/0/0.
    INFO baseappmgr-1 10103 5000  [2018-05-13 09:34:54 501] - Components::addComponent[loginapp], uid=10103, componentID=9000, globalorderid=3, grouporderid=1, totalcount=1
    INFO baseappmgr-1 10103 5000  [2018-05-13 09:34:55 428] - ServerApp::onRegisterNewApp: uid:10103, username:, componentType:cellapp, componentID:8001, globalorderID=-1, grouporderID=-1, intaddr:10.139.100.106, intport:9709, extaddr:nonsupport, extport:0,  from 10.139.100.106:9735/0/0/0.
    INFO baseappmgr-1 10103 5000  [2018-05-13 09:34:55 428] - Components::addComponent[cellapp], uid=10103, componentID=8001, globalorderid=4, grouporderid=1, totalcount=1
    INFO baseappmgr-1 10103 5000  [2018-05-13 09:35:20 993] - -----------------------------------------------------------------------------------------


    INFO baseappmgr-1 10103 5000  [2018-05-13 09:35:20 994] - Resmgr::initialize: KBE_ROOT=D:/kbengine/
    INFO baseappmgr-1 10103 5000  [2018-05-13 09:35:20 994] - Resmgr::initialize: KBE_RES_PATH=D:/kbengine/kbe/res/;D:/kbengine/assets_Battle of Gods/;D:/kbengine/assets_Battle of Gods/scripts/;D:/kbengine/assets_Battle of Gods/res/
    INFO baseappmgr-1 10103 5000  [2018-05-13 09:35:20 994] - Resmgr::initialize: KBE_BIN_PATH=D:/kbengine/kbe/bin/server/
    INFO baseappmgr-1 10103 5000  [2018-05-13 09:35:21 001] - NetworkInterface::initialize(INTERNAL): bound to all interfaces with default route interface on 10.139.100.106 ( 10.139.100.106:9746 )
    INFO baseappmgr-1 10103 5000  [2018-05-13 09:35:21 002] - NetworkInterface::initialize(INTERNAL): address 10.139.100.106:9746, SOMAXCONN=5.
    INFO baseappmgr-1 10103 5000  [2018-05-13 09:35:21 002] - server-configs:
    INFO baseappmgr-1 10103 5000  [2018-05-13 09:35:21 002] - 	internalAddr : 10.139.100.106:9746
    INFO baseappmgr-1 10103 5000  [2018-05-13 09:35:21 002] - 	componentID : 5000
    INFO baseappmgr-1 10103 5000  [2018-05-13 09:35:22 520] - ---- baseappmgr Version: 2.0.0. ScriptVersion: 0.1.0. Protocol: EE09E8FDB2CCFCF3A31D35776E8954CE. Config: Debug X86. Built: 16:27:27 Apr 30 2018. AppID: 5000. UID: 10103. PID: 13296 ----
    INFO baseappmgr-1 10103 5000  [2018-05-13 09:35:22 520] - Server : Intel(R) Core(TM) i7-6700HQ CPU @ 2.60GHz with 2097151kB RAM
    INFO baseappmgr-1 10103 5000  [2018-05-13 09:35:22 520] - ThreadPool::createThreadPool: creating  threadpool...
    INFO baseappmgr-1 10103 5000  [2018-05-13 09:35:22 521] - ThreadPool::createThreadPool: successfully(2), newThreadCount=1, normalMaxThreadCount=2, maxThreadCount=8
    INFO baseappmgr-1 10103 5000  [2018-05-13 09:35:23 382] - ---- baseappmgr is running ----
   DEBUG baseappmgr-1 10103 5000  [2018-05-13 09:35:23 382] - Components::process(): Request for the process of identity...
    INFO baseappmgr-1 10103 5000  [2018-05-13 09:35:30 787] - Components::findComponents: find logger(1)...
    INFO baseappmgr-1 10103 5000  [2018-05-13 09:35:30 853] - Components::findComponents: found logger, addr:10.139.100.106:9744
    INFO baseappmgr-1 10103 5000  [2018-05-13 09:35:30 853] - Components::addComponent: reset orderLog, uid=10103!
    INFO baseappmgr-1 10103 5000  [2018-05-13 09:35:30 854] - Components::addComponent[logger], uid=10103, componentID=2000, globalorderid=1, grouporderid=1, totalcount=1
    INFO baseappmgr-1 10103 5000  [2018-05-13 09:35:30 855] - Components::findComponents: find dbmgr(2)...
    INFO baseappmgr-1 10103 5000  [2018-05-13 09:35:30 969] - Components::findComponents: found dbmgr, addr:10.139.100.106:9745
    INFO baseappmgr-1 10103 5000  [2018-05-13 09:35:30 970] - Components::addComponent: reset orderLog, uid=10103!
    INFO baseappmgr-1 10103 5000  [2018-05-13 09:35:30 970] - Components::addComponent[dbmgr], uid=10103, componentID=4000, globalorderid=1, grouporderid=1, totalcount=1
    INFO baseappmgr-1 10103 5000  [2018-05-13 09:35:30 971] - Components::findComponents: found dbmgr, addr:10.139.100.106:9745
    INFO baseappmgr-1 10103 5000  [2018-05-13 09:35:32 988] - Components::findComponents: find cellappmgr(1)...
 WARNING baseappmgr-1 10103 5000  [2018-05-13 09:35:33 468] - BundleBroadcast::BundleBroadcast: Cannot bind to port 20896, errorno=10048
    INFO baseappmgr-1 10103 5000  [2018-05-13 09:35:34 354] - ServerApp::onRegisterNewApp: uid:10103, username:, componentType:loginapp, componentID:9000, globalorderID=-1, grouporderID=-1, intaddr:10.139.100.106, intport:9749, extaddr:10.139.100.106, extport:20013,  from 10.139.100.106:9776/0/0/0.
    INFO baseappmgr-1 10103 5000  [2018-05-13 09:35:34 354] - Components::addComponent[loginapp], uid=10103, componentID=9000, globalorderid=2, grouporderid=1, totalcount=1
    INFO baseappmgr-1 10103 5000  [2018-05-13 09:35:34 476] - Components::findComponents: find cellappmgr(2)...
    INFO baseappmgr-1 10103 5000  [2018-05-13 09:35:34 587] - Components::findComponents: found cellappmgr, addr:10.139.100.106:9747
    INFO baseappmgr-1 10103 5000  [2018-05-13 09:35:34 588] - Components::addComponent[cellappmgr], uid=10103, componentID=6000, globalorderid=3, grouporderid=1, totalcount=1
    INFO baseappmgr-1 10103 5000  [2018-05-13 09:35:34 590] - Components::findComponents: found cellappmgr, addr:10.139.100.106:9747
    INFO baseappmgr-1 10103 5000  [2018-05-13 09:35:35 628] - ServerApp::onRegisterNewApp: uid:10103, username:, componentType:cellappmgr, componentID:6000, globalorderID=-1, grouporderID=-1, intaddr:10.139.100.106, intport:9747, extaddr:nonsupport, extport:0,  from 10.139.100.106:9778/0/0/0.
    INFO baseappmgr-1 10103 5000  [2018-05-13 09:35:36 499] - ServerApp::onRegisterNewApp: uid:10103, username:, componentType:baseapp, componentID:7001, globalorderID=-1, grouporderID=-1, intaddr:10.139.100.106, intport:9748, extaddr:10.139.100.106, extport:20015,  from 10.139.100.106:9780/0/0/0.
    INFO baseappmgr-1 10103 5000  [2018-05-13 09:35:36 499] - Components::addComponent[baseapp], uid=10103, componentID=7001, globalorderid=4, grouporderid=1, totalcount=1
    INFO baseappmgr-1 10103 5000  [2018-05-13 09:35:36 639] - Components::findComponents: register self to dbmgr...
    INFO baseappmgr-1 10103 5000  [2018-05-13 09:35:36 654] - Components::findComponents: register self to cellappmgr...
    INFO baseappmgr-1 10103 5000  [2018-05-13 09:35:36 685] - Components::process(): Found all the components!
    INFO baseappmgr-1 10103 5000  [2018-05-13 09:35:38 098] - ServerApp::onRegisterNewApp: uid:10103, username:, componentType:cellapp, componentID:8001, globalorderID=-1, grouporderID=-1, intaddr:10.139.100.106, intport:9750, extaddr:nonsupport, extport:0,  from 10.139.100.106:9786/0/0/0.
    INFO baseappmgr-1 10103 5000  [2018-05-13 09:35:38 098] - Components::addComponent[cellapp], uid=10103, componentID=8001, globalorderid=5, grouporderid=1, totalcount=1
    INFO baseappmgr-1 10103 5000  [2018-05-13 09:35:42 982] - Baseappmgr::onBaseappInitProgress: cid=7001, progress=1.
    INFO baseappmgr-1 10103 5000  [2018-05-13 09:35:42 982] - Baseappmgr::onBaseappInitProgress: all completed!
   DEBUG baseappmgr-1 10103 5000  [2018-05-13 09:35:55 414] - Baseappmgr::registerPendingAccountToBaseapp:cxx. allocBaseapp=7001, numEntities=1.
    INFO baseappmgr-1 10103 5000  [2018-05-13 09:38:18 345] - -----------------------------------------------------------------------------------------


    INFO baseappmgr-1 10103 5000  [2018-05-13 09:38:18 346] - Resmgr::initialize: KBE_ROOT=D:/kbengine/
    INFO baseappmgr-1 10103 5000  [2018-05-13 09:38:18 346] - Resmgr::initialize: KBE_RES_PATH=D:/kbengine/kbe/res/;D:/kbengine/assets_Battle of Gods/;D:/kbengine/assets_Battle of Gods/scripts/;D:/kbengine/assets_Battle of Gods/res/
    INFO baseappmgr-1 10103 5000  [2018-05-13 09:38:18 346] - Resmgr::initialize: KBE_BIN_PATH=D:/kbengine/kbe/bin/server/
    INFO baseappmgr-1 10103 5000  [2018-05-13 09:38:18 354] - NetworkInterface::initialize(INTERNAL): bound to all interfaces with default route interface on 10.139.100.106 ( 10.139.100.106:9825 )
    INFO baseappmgr-1 10103 5000  [2018-05-13 09:38:18 354] - NetworkInterface::initialize(INTERNAL): address 10.139.100.106:9825, SOMAXCONN=5.
    INFO baseappmgr-1 10103 5000  [2018-05-13 09:38:18 354] - server-configs:
    INFO baseappmgr-1 10103 5000  [2018-05-13 09:38:18 355] - 	internalAddr : 10.139.100.106:9825
    INFO baseappmgr-1 10103 5000  [2018-05-13 09:38:18 355] - 	componentID : 5000
    INFO baseappmgr-1 10103 5000  [2018-05-13 09:38:19 878] - ---- baseappmgr Version: 2.0.0. ScriptVersion: 0.1.0. Protocol: EE09E8FDB2CCFCF3A31D35776E8954CE. Config: Debug X86. Built: 16:27:27 Apr 30 2018. AppID: 5000. UID: 10103. PID: 10392 ----
    INFO baseappmgr-1 10103 5000  [2018-05-13 09:38:19 878] - Server : Intel(R) Core(TM) i7-6700HQ CPU @ 2.60GHz with 2097151kB RAM
    INFO baseappmgr-1 10103 5000  [2018-05-13 09:38:19 879] - ThreadPool::createThreadPool: creating  threadpool...
    INFO baseappmgr-1 10103 5000  [2018-05-13 09:38:19 879] - ThreadPool::createThreadPool: successfully(2), newThreadCount=1, normalMaxThreadCount=2, maxThreadCount=8
    INFO baseappmgr-1 10103 5000  [2018-05-13 09:38:20 398] - ---- baseappmgr is running ----
   DEBUG baseappmgr-1 10103 5000  [2018-05-13 09:38:20 399] - Components::process(): Request for the process of identity...
    INFO baseappmgr-1 10103 5000  [2018-05-13 09:38:27 774] - Components::findComponents: find logger(1)...
    INFO baseappmgr-1 10103 5000  [2018-05-13 09:38:27 808] - Components::findComponents: found logger, addr:10.139.100.106:9823
    INFO baseappmgr-1 10103 5000  [2018-05-13 09:38:27 808] - Components::addComponent: reset orderLog, uid=10103!
    INFO baseappmgr-1 10103 5000  [2018-05-13 09:38:27 809] - Components::addComponent[logger], uid=10103, componentID=2000, globalorderid=1, grouporderid=1, totalcount=1
    INFO baseappmgr-1 10103 5000  [2018-05-13 09:38:27 810] - Components::findComponents: find dbmgr(2)...
    INFO baseappmgr-1 10103 5000  [2018-05-13 09:38:27 917] - Components::findComponents: found dbmgr, addr:10.139.100.106:9824
    INFO baseappmgr-1 10103 5000  [2018-05-13 09:38:27 917] - Components::addComponent: reset orderLog, uid=10103!
    INFO baseappmgr-1 10103 5000  [2018-05-13 09:38:27 917] - Components::addComponent[dbmgr], uid=10103, componentID=4000, globalorderid=1, grouporderid=1, totalcount=1
    INFO baseappmgr-1 10103 5000  [2018-05-13 09:38:27 918] - Components::findComponents: found dbmgr, addr:10.139.100.106:9824
    INFO baseappmgr-1 10103 5000  [2018-05-13 09:38:29 927] - Components::findComponents: find cellappmgr(1)...
    INFO baseappmgr-1 10103 5000  [2018-05-13 09:38:29 946] - Components::findComponents: found cellappmgr, addr:10.139.100.106:9826
    INFO baseappmgr-1 10103 5000  [2018-05-13 09:38:29 946] - Components::addComponent[cellappmgr], uid=10103, componentID=6000, globalorderid=2, grouporderid=1, totalcount=1
    INFO baseappmgr-1 10103 5000  [2018-05-13 09:38:29 946] - Components::findComponents: found cellappmgr, addr:10.139.100.106:9826
    INFO baseappmgr-1 10103 5000  [2018-05-13 09:38:31 562] - ServerApp::onRegisterNewApp: uid:10103, username:, componentType:loginapp, componentID:9000, globalorderID=-1, grouporderID=-1, intaddr:10.139.100.106, intport:9829, extaddr:10.139.100.106, extport:20013,  from 10.139.100.106:9854/0/0/0.
    INFO baseappmgr-1 10103 5000  [2018-05-13 09:38:31 562] - Components::addComponent[loginapp], uid=10103, componentID=9000, globalorderid=3, grouporderid=1, totalcount=1
    INFO baseappmgr-1 10103 5000  [2018-05-13 09:38:32 009] - Components::findComponents: register self to dbmgr...
    INFO baseappmgr-1 10103 5000  [2018-05-13 09:38:32 025] - Components::findComponents: register self to cellappmgr...
    INFO baseappmgr-1 10103 5000  [2018-05-13 09:38:32 056] - Components::process(): Found all the components!
    INFO baseappmgr-1 10103 5000  [2018-05-13 09:38:32 242] - ServerApp::onRegisterNewApp: uid:10103, username:, componentType:cellappmgr, componentID:6000, globalorderID=-1, grouporderID=-1, intaddr:10.139.100.106, intport:9826, extaddr:nonsupport, extport:0,  from 10.139.100.106:9858/0/0/0.
    INFO baseappmgr-1 10103 5000  [2018-05-13 09:38:33 807] - ServerApp::onRegisterNewApp: uid:10103, username:, componentType:cellapp, componentID:8001, globalorderID=-1, grouporderID=-1, intaddr:10.139.100.106, intport:9828, extaddr:nonsupport, extport:0,  from 10.139.100.106:9863/0/0/0.
    INFO baseappmgr-1 10103 5000  [2018-05-13 09:38:33 807] - Components::addComponent[cellapp], uid=10103, componentID=8001, globalorderid=4, grouporderid=1, totalcount=1
    INFO baseappmgr-1 10103 5000  [2018-05-13 09:38:33 854] - ServerApp::onRegisterNewApp: uid:10103, username:, componentType:baseapp, componentID:7001, globalorderID=-1, grouporderID=-1, intaddr:10.139.100.106, intport:9827, extaddr:10.139.100.106, extport:20015,  from 10.139.100.106:9865/0/0/0.
    INFO baseappmgr-1 10103 5000  [2018-05-13 09:38:33 854] - Components::addComponent[baseapp], uid=10103, componentID=7001, globalorderid=5, grouporderid=1, totalcount=1
    INFO baseappmgr-1 10103 5000  [2018-05-13 09:38:38 830] - Baseappmgr::onBaseappInitProgress: cid=7001, progress=1.
    INFO baseappmgr-1 10103 5000  [2018-05-13 09:38:38 830] - Baseappmgr::onBaseappInitProgress: all completed!
   DEBUG baseappmgr-1 10103 5000  [2018-05-13 09:39:07 820] - Baseappmgr::registerPendingAccountToBaseapp:cxx. allocBaseapp=7001, numEntities=1.
    INFO baseappmgr-1 10103 5000  [2018-05-13 09:39:32 030] - ServerApp::onChannelTimeOut: Channel 10.139.100.106:9826/0/0/0 timed out.
    INFO baseappmgr-1 10103 5000  [2018-05-13 09:56:43 450] - -----------------------------------------------------------------------------------------


    INFO baseappmgr-1 10103 5000  [2018-05-13 09:56:43 451] - Resmgr::initialize: KBE_ROOT=D:/kbengine/
    INFO baseappmgr-1 10103 5000  [2018-05-13 09:56:43 451] - Resmgr::initialize: KBE_RES_PATH=D:/kbengine/kbe/res/;D:/kbengine/assets_Battle of Gods/;D:/kbengine/assets_Battle of Gods/scripts/;D:/kbengine/assets_Battle of Gods/res/
    INFO baseappmgr-1 10103 5000  [2018-05-13 09:56:43 451] - Resmgr::initialize: KBE_BIN_PATH=D:/kbengine/kbe/bin/server/
    INFO baseappmgr-1 10103 5000  [2018-05-13 09:56:43 458] - NetworkInterface::initialize(INTERNAL): bound to all interfaces with default route interface on 10.139.100.106 ( 10.139.100.106:10177 )
    INFO baseappmgr-1 10103 5000  [2018-05-13 09:56:43 458] - NetworkInterface::initialize(INTERNAL): address 10.139.100.106:10177, SOMAXCONN=5.
    INFO baseappmgr-1 10103 5000  [2018-05-13 09:56:43 459] - server-configs:
    INFO baseappmgr-1 10103 5000  [2018-05-13 09:56:43 459] - 	internalAddr : 10.139.100.106:10177
    INFO baseappmgr-1 10103 5000  [2018-05-13 09:56:43 459] - 	componentID : 5000
    INFO baseappmgr-1 10103 5000  [2018-05-13 09:56:44 980] - ---- baseappmgr Version: 2.0.0. ScriptVersion: 0.1.0. Protocol: EE09E8FDB2CCFCF3A31D35776E8954CE. Config: Debug X86. Built: 16:27:27 Apr 30 2018. AppID: 5000. UID: 10103. PID: 10644 ----
    INFO baseappmgr-1 10103 5000  [2018-05-13 09:56:44 981] - Server : Intel(R) Core(TM) i7-6700HQ CPU @ 2.60GHz with 2097151kB RAM
    INFO baseappmgr-1 10103 5000  [2018-05-13 09:56:44 981] - ThreadPool::createThreadPool: creating  threadpool...
    INFO baseappmgr-1 10103 5000  [2018-05-13 09:56:44 982] - ThreadPool::createThreadPool: successfully(2), newThreadCount=1, normalMaxThreadCount=2, maxThreadCount=8
    INFO baseappmgr-1 10103 5000  [2018-05-13 09:56:45 644] - ---- baseappmgr is running ----
   DEBUG baseappmgr-1 10103 5000  [2018-05-13 09:56:45 644] - Components::process(): Request for the process of identity...
    INFO baseappmgr-1 10103 5000  [2018-05-13 09:56:53 050] - Components::findComponents: find logger(1)...
    INFO baseappmgr-1 10103 5000  [2018-05-13 09:56:53 089] - Components::findComponents: found logger, addr:10.139.100.106:10175
    INFO baseappmgr-1 10103 5000  [2018-05-13 09:56:53 090] - Components::addComponent: reset orderLog, uid=10103!
    INFO baseappmgr-1 10103 5000  [2018-05-13 09:56:53 090] - Components::addComponent[logger], uid=10103, componentID=2000, globalorderid=1, grouporderid=1, totalcount=1
    INFO baseappmgr-1 10103 5000  [2018-05-13 09:56:53 094] - Components::findComponents: find dbmgr(2)...
    INFO baseappmgr-1 10103 5000  [2018-05-13 09:56:53 215] - Components::findComponents: found dbmgr, addr:10.139.100.106:10176
    INFO baseappmgr-1 10103 5000  [2018-05-13 09:56:53 216] - Components::addComponent: reset orderLog, uid=10103!
    INFO baseappmgr-1 10103 5000  [2018-05-13 09:56:53 217] - Components::addComponent[dbmgr], uid=10103, componentID=4000, globalorderid=1, grouporderid=1, totalcount=1
    INFO baseappmgr-1 10103 5000  [2018-05-13 09:56:53 217] - Components::findComponents: found dbmgr, addr:10.139.100.106:10176
    INFO baseappmgr-1 10103 5000  [2018-05-13 09:56:55 248] - Components::findComponents: find cellappmgr(1)...
    INFO baseappmgr-1 10103 5000  [2018-05-13 09:56:55 333] - Components::findComponents: found cellappmgr, addr:10.139.100.106:10178
    INFO baseappmgr-1 10103 5000  [2018-05-13 09:56:55 333] - Components::addComponent[cellappmgr], uid=10103, componentID=6000, globalorderid=2, grouporderid=1, totalcount=1
    INFO baseappmgr-1 10103 5000  [2018-05-13 09:56:55 334] - Components::findComponents: found cellappmgr, addr:10.139.100.106:10178
    INFO baseappmgr-1 10103 5000  [2018-05-13 09:56:56 936] - ServerApp::onRegisterNewApp: uid:10103, username:, componentType:loginapp, componentID:9000, globalorderID=-1, grouporderID=-1, intaddr:10.139.100.106, intport:10181, extaddr:10.139.100.106, extport:20013,  from 10.139.100.106:10197/0/0/0.
    INFO baseappmgr-1 10103 5000  [2018-05-13 09:56:56 936] - Components::addComponent[loginapp], uid=10103, componentID=9000, globalorderid=3, grouporderid=1, totalcount=1
    INFO baseappmgr-1 10103 5000  [2018-05-13 09:56:57 386] - Components::findComponents: register self to dbmgr...
    INFO baseappmgr-1 10103 5000  [2018-05-13 09:56:57 401] - Components::findComponents: register self to cellappmgr...
    INFO baseappmgr-1 10103 5000  [2018-05-13 09:56:57 417] - Components::process(): Found all the components!
    INFO baseappmgr-1 10103 5000  [2018-05-13 09:56:57 557] - ServerApp::onRegisterNewApp: uid:10103, username:, componentType:cellappmgr, componentID:6000, globalorderID=-1, grouporderID=-1, intaddr:10.139.100.106, intport:10178, extaddr:nonsupport, extport:0,  from 10.139.100.106:10201/0/0/0.
    INFO baseappmgr-1 10103 5000  [2018-05-13 09:56:59 165] - ServerApp::onRegisterNewApp: uid:10103, username:, componentType:baseapp, componentID:7001, globalorderID=-1, grouporderID=-1, intaddr:10.139.100.106, intport:10179, extaddr:10.139.100.106, extport:20015,  from 10.139.100.106:10203/0/0/0.
    INFO baseappmgr-1 10103 5000  [2018-05-13 09:56:59 166] - Components::addComponent[baseapp], uid=10103, componentID=7001, globalorderid=4, grouporderid=1, totalcount=1
    INFO baseappmgr-1 10103 5000  [2018-05-13 09:56:59 258] - ServerApp::onRegisterNewApp: uid:10103, username:, componentType:cellapp, componentID:8001, globalorderID=-1, grouporderID=-1, intaddr:10.139.100.106, intport:10180, extaddr:nonsupport, extport:0,  from 10.139.100.106:10208/0/0/0.
    INFO baseappmgr-1 10103 5000  [2018-05-13 09:56:59 258] - Components::addComponent[cellapp], uid=10103, componentID=8001, globalorderid=5, grouporderid=1, totalcount=1
    INFO baseappmgr-1 10103 5000  [2018-05-13 09:57:04 496] - Baseappmgr::onBaseappInitProgress: cid=7001, progress=1.
    INFO baseappmgr-1 10103 5000  [2018-05-13 09:57:04 496] - Baseappmgr::onBaseappInitProgress: all completed!
    INFO baseappmgr-1 10103 5000  [2018-05-13 09:57:57 418] - ServerApp::onChannelTimeOut: Channel 10.139.100.106:10178/0/0/0 timed out.
   DEBUG baseappmgr-1 10103 5000  [2018-05-13 09:58:50 393] - Baseappmgr::registerPendingAccountToBaseapp:cxx. allocBaseapp=7001, numEntities=1.
    INFO baseappmgr-1 10103 5000  [2018-05-13 10:08:50 973] - -----------------------------------------------------------------------------------------


    INFO baseappmgr-1 10103 5000  [2018-05-13 10:08:50 975] - Resmgr::initialize: KBE_ROOT=D:/kbengine/
    INFO baseappmgr-1 10103 5000  [2018-05-13 10:08:50 975] - Resmgr::initialize: KBE_RES_PATH=D:/kbengine/kbe/res/;D:/kbengine/assets_Battle of Gods/;D:/kbengine/assets_Battle of Gods/scripts/;D:/kbengine/assets_Battle of Gods/res/
    INFO baseappmgr-1 10103 5000  [2018-05-13 10:08:50 976] - Resmgr::initialize: KBE_BIN_PATH=D:/kbengine/kbe/bin/server/
    INFO baseappmgr-1 10103 5000  [2018-05-13 10:08:50 985] - NetworkInterface::initialize(INTERNAL): bound to all interfaces with default route interface on 10.139.100.106 ( 10.139.100.106:10408 )
    INFO baseappmgr-1 10103 5000  [2018-05-13 10:08:50 986] - NetworkInterface::initialize(INTERNAL): address 10.139.100.106:10408, SOMAXCONN=5.
    INFO baseappmgr-1 10103 5000  [2018-05-13 10:08:50 987] - server-configs:
    INFO baseappmgr-1 10103 5000  [2018-05-13 10:08:50 987] - 	internalAddr : 10.139.100.106:10408
    INFO baseappmgr-1 10103 5000  [2018-05-13 10:08:50 987] - 	componentID : 5000
    INFO baseappmgr-1 10103 5000  [2018-05-13 10:08:51 275] - Components::findLogger: found logger, addr:10.139.100.106:10403
    INFO baseappmgr-1 10103 5000  [2018-05-13 10:08:51 276] - Components::addComponent: reset orderLog, uid=10103!
    INFO baseappmgr-1 10103 5000  [2018-05-13 10:08:51 276] - Components::addComponent[logger], uid=10103, componentID=2000, globalorderid=1, grouporderid=1, totalcount=1
    INFO baseappmgr-1 10103 5000  [2018-05-13 10:08:51 287] - ---- baseappmgr Version: 2.0.0. ScriptVersion: 0.1.0. Protocol: EE09E8FDB2CCFCF3A31D35776E8954CE. Config: Debug X86. Built: 16:27:27 Apr 30 2018. AppID: 5000. UID: 10103. PID: 13856 ----
    INFO baseappmgr-1 10103 5000  [2018-05-13 10:08:51 287] - Server : Intel(R) Core(TM) i7-6700HQ CPU @ 2.60GHz with 2097151kB RAM
    INFO baseappmgr-1 10103 5000  [2018-05-13 10:08:51 288] - ThreadPool::createThreadPool: creating  threadpool...
    INFO baseappmgr-1 10103 5000  [2018-05-13 10:08:51 288] - ThreadPool::createThreadPool: successfully(2), newThreadCount=1, normalMaxThreadCount=2, maxThreadCount=8
    INFO baseappmgr-1 10103 5000  [2018-05-13 10:08:51 923] - ---- baseappmgr is running ----
   DEBUG baseappmgr-1 10103 5000  [2018-05-13 10:08:51 924] - Components::process(): Request for the process of identity...
    INFO baseappmgr-1 10103 5000  [2018-05-13 10:08:59 370] - Components::findComponents: find dbmgr(1)...
    INFO baseappmgr-1 10103 5000  [2018-05-13 10:08:59 393] - Components::findComponents: found dbmgr, addr:10.139.100.106:10406
    INFO baseappmgr-1 10103 5000  [2018-05-13 10:08:59 393] - Components::addComponent: reset orderLog, uid=10103!
    INFO baseappmgr-1 10103 5000  [2018-05-13 10:08:59 394] - Components::addComponent[dbmgr], uid=10103, componentID=4000, globalorderid=1, grouporderid=1, totalcount=1
    INFO baseappmgr-1 10103 5000  [2018-05-13 10:08:59 395] - Components::findComponents: found dbmgr, addr:10.139.100.106:10406
    INFO baseappmgr-1 10103 5000  [2018-05-13 10:09:01 410] - Components::findComponents: find cellappmgr(1)...
    INFO baseappmgr-1 10103 5000  [2018-05-13 10:09:01 464] - Components::findComponents: found cellappmgr, addr:10.139.100.106:10410
    INFO baseappmgr-1 10103 5000  [2018-05-13 10:09:01 465] - Components::addComponent[cellappmgr], uid=10103, componentID=6000, globalorderid=2, grouporderid=1, totalcount=1
    INFO baseappmgr-1 10103 5000  [2018-05-13 10:09:01 466] - Components::findComponents: found cellappmgr, addr:10.139.100.106:10410
    INFO baseappmgr-1 10103 5000  [2018-05-13 10:09:03 502] - Components::findComponents: register self to dbmgr...
    INFO baseappmgr-1 10103 5000  [2018-05-13 10:09:03 518] - Components::findComponents: register self to cellappmgr...
    INFO baseappmgr-1 10103 5000  [2018-05-13 10:09:03 548] - Components::process(): Found all the components!
    INFO baseappmgr-1 10103 5000  [2018-05-13 10:09:03 657] - ServerApp::onRegisterNewApp: uid:10103, username:, componentType:cellappmgr, componentID:6000, globalorderID=-1, grouporderID=-1, intaddr:10.139.100.106, intport:10410, extaddr:nonsupport, extport:0,  from 10.139.100.106:10435/0/0/0.
    INFO baseappmgr-1 10103 5000  [2018-05-13 10:09:06 748] - ServerApp::onRegisterNewApp: uid:10103, username:, componentType:baseapp, componentID:7001, globalorderID=-1, grouporderID=-1, intaddr:10.139.100.106, intport:10414, extaddr:10.139.100.106, extport:20015,  from 10.139.100.106:10437/0/0/0.
    INFO baseappmgr-1 10103 5000  [2018-05-13 10:09:06 748] - Components::addComponent[baseapp], uid=10103, componentID=7001, globalorderid=3, grouporderid=1, totalcount=1
    INFO baseappmgr-1 10103 5000  [2018-05-13 10:09:06 941] - ServerApp::onRegisterNewApp: uid:10103, username:, componentType:cellapp, componentID:8001, globalorderID=-1, grouporderID=-1, intaddr:10.139.100.106, intport:10416, extaddr:nonsupport, extport:0,  from 10.139.100.106:10442/0/0/0.
    INFO baseappmgr-1 10103 5000  [2018-05-13 10:09:06 941] - Components::addComponent[cellapp], uid=10103, componentID=8001, globalorderid=4, grouporderid=1, totalcount=1
    INFO baseappmgr-1 10103 5000  [2018-05-13 10:09:10 145] - ServerApp::onRegisterNewApp: uid:10103, username:, componentType:loginapp, componentID:9000, globalorderID=-1, grouporderID=-1, intaddr:10.139.100.106, intport:10423, extaddr:10.139.100.106, extport:20013,  from 10.139.100.106:10444/0/0/0.
    INFO baseappmgr-1 10103 5000  [2018-05-13 10:09:10 145] - Components::addComponent[loginapp], uid=10103, componentID=9000, globalorderid=5, grouporderid=1, totalcount=1
    INFO baseappmgr-1 10103 5000  [2018-05-13 10:09:11 940] - Baseappmgr::onBaseappInitProgress: cid=7001, progress=1.
    INFO baseappmgr-1 10103 5000  [2018-05-13 10:09:11 940] - Baseappmgr::onBaseappInitProgress: all completed!
    INFO baseappmgr-1 10103 5000  [2018-05-13 10:10:03 533] - ServerApp::onChannelTimeOut: Channel 10.139.100.106:10410/0/0/0 timed out.
   DEBUG baseappmgr-1 10103 5000  [2018-05-13 10:11:32 935] - Baseappmgr::registerPendingAccountToBaseapp:cxx. allocBaseapp=7001, numEntities=1.
   DEBUG baseappmgr-1 10103 5000  [2018-05-13 10:42:06 334] - Baseappmgr::registerPendingAccountToBaseapp:cxx. allocBaseapp=7001, numEntities=1.
