    INFO cellappmgr-1 10103 6000  [2018-07-30 16:53:13 014] - -----------------------------------------------------------------------------------------


    INFO cellappmgr-1 10103 6000  [2018-07-30 16:53:13 015] - Resmgr::initialize: KBE_ROOT=D:/kbengine/
    INFO cellappmgr-1 10103 6000  [2018-07-30 16:53:13 016] - Resmgr::initialize: KBE_RES_PATH=D:/kbengine/kbe/res/;D:/kbengine/assets_Battle of Gods/;D:/kbengine/assets_Battle of Gods/scripts/;D:/kbengine/assets_Battle of Gods/res/
    INFO cellappmgr-1 10103 6000  [2018-07-30 16:53:13 016] - Resmgr::initialize: KBE_BIN_PATH=D:/kbengine/kbe/bin/server/
    INFO cellappmgr-1 10103 6000  [2018-07-30 16:53:13 034] - NetworkInterface::initialize(INTERNAL): bound to all interfaces with default route interface on 10.139.66.192 ( 10.139.66.192:31450 )
    INFO cellappmgr-1 10103 6000  [2018-07-30 16:53:13 035] - NetworkInterface::initialize(INTERNAL): address 10.139.66.192:31450, SOMAXCONN=5.
    INFO cellappmgr-1 10103 6000  [2018-07-30 16:53:13 035] - server-configs:
    INFO cellappmgr-1 10103 6000  [2018-07-30 16:53:13 035] - 	internalAddr : 10.139.66.192:31450
    INFO cellappmgr-1 10103 6000  [2018-07-30 16:53:13 035] - 	componentID : 6000
    INFO cellappmgr-1 10103 6000  [2018-07-30 16:53:13 231] - Components::findLogger: found logger, addr:10.139.66.192:31409
    INFO cellappmgr-1 10103 6000  [2018-07-30 16:53:13 232] - Components::addComponent: reset orderLog, uid=10103!
    INFO cellappmgr-1 10103 6000  [2018-07-30 16:53:13 232] - Components::addComponent[logger], uid=10103, componentID=2000, globalorderid=1, grouporderid=1, totalcount=1
    INFO cellappmgr-1 10103 6000  [2018-07-30 16:53:13 250] - ---- cellappmgr Version: 2.0.0. ScriptVersion: 0.1.0. Protocol: 52E8E19C86891AC3218081DFAA2FD187. Config: Debug X86. Built: 16:26:50 Apr 30 2018. AppID: 6000. UID: 10103. PID: 9660 ----
    INFO cellappmgr-1 10103 6000  [2018-07-30 16:53:13 250] - Server : Intel(R) Core(TM) i7-6700HQ CPU @ 2.60GHz with 2097151kB RAM
    INFO cellappmgr-1 10103 6000  [2018-07-30 16:53:13 251] - ThreadPool::createThreadPool: creating  threadpool...
    INFO cellappmgr-1 10103 6000  [2018-07-30 16:53:13 251] - ThreadPool::createThreadPool: successfully(2), newThreadCount=1, normalMaxThreadCount=2, maxThreadCount=8
    INFO cellappmgr-1 10103 6000  [2018-07-30 16:53:13 777] - ---- cellappmgr is running ----
   DEBUG cellappmgr-1 10103 6000  [2018-07-30 16:53:13 778] - Components::process(): Request for the process of identity...
    INFO cellappmgr-1 10103 6000  [2018-07-30 16:53:21 172] - Components::findComponents: find dbmgr(1)...
    INFO cellappmgr-1 10103 6000  [2018-07-30 16:53:23 192] - Components::findComponents: find dbmgr(2)...
    INFO cellappmgr-1 10103 6000  [2018-07-30 16:53:25 212] - Components::findComponents: find dbmgr(3)...
    INFO cellappmgr-1 10103 6000  [2018-07-30 16:53:27 232] - Components::findComponents: find dbmgr(4)...
    INFO cellappmgr-1 10103 6000  [2018-07-30 16:53:29 252] - Components::findComponents: find dbmgr(5)...
    INFO cellappmgr-1 10103 6000  [2018-07-30 16:53:31 271] - Components::findComponents: find dbmgr(6)...
    INFO cellappmgr-1 10103 6000  [2018-07-30 16:53:33 292] - Components::findComponents: find dbmgr(7)...
    INFO cellappmgr-1 10103 6000  [2018-07-30 16:53:35 312] - Components::findComponents: find dbmgr(8)...
    INFO cellappmgr-1 10103 6000  [2018-07-30 16:53:37 432] - Components::findComponents: find dbmgr(9)...
    INFO cellappmgr-1 10103 6000  [2018-07-30 16:53:39 452] - Components::findComponents: find dbmgr(10)...
    INFO cellappmgr-1 10103 6000  [2018-07-30 16:53:41 472] - Components::findComponents: find dbmgr(11)...
    INFO cellappmgr-1 10103 6000  [2018-07-30 16:53:43 492] - Components::findComponents: find dbmgr(12)...
    INFO cellappmgr-1 10103 6000  [2018-07-30 16:53:45 512] - Components::findComponents: find dbmgr(13)...
    INFO cellappmgr-1 10103 6000  [2018-07-30 16:53:47 517] - Components::findComponents: find dbmgr(14)...
    INFO cellappmgr-1 10103 6000  [2018-07-30 16:53:49 552] - Components::findComponents: find dbmgr(15)...
    INFO cellappmgr-1 10103 6000  [2018-07-30 16:53:51 672] - Components::findComponents: find dbmgr(16)...
 WARNING cellappmgr-1 10103 6000  [2018-07-30 16:53:53 792] - Components::findComponents: find dbmgr(17)...
delay time is too long, please check the dbmgr logs!
 WARNING cellappmgr-1 10103 6000  [2018-07-30 16:53:55 812] - Components::findComponents: find dbmgr(18)...
delay time is too long, please check the dbmgr logs!
 WARNING cellappmgr-1 10103 6000  [2018-07-30 16:53:57 917] - Components::findComponents: find dbmgr(19)...
delay time is too long, please check the dbmgr logs!
 WARNING cellappmgr-1 10103 6000  [2018-07-30 16:53:59 952] - Components::findComponents: find dbmgr(20)...
delay time is too long, please check the dbmgr logs!
    INFO cellappmgr-1 10103 6000  [2018-07-30 16:54:08 628] - -----------------------------------------------------------------------------------------


    INFO cellappmgr-1 10103 6000  [2018-07-30 16:54:08 630] - Resmgr::initialize: KBE_ROOT=D:/kbengine/
    INFO cellappmgr-1 10103 6000  [2018-07-30 16:54:08 630] - Resmgr::initialize: KBE_RES_PATH=D:/kbengine/kbe/res/;D:/kbengine/assets_Battle of Gods/;D:/kbengine/assets_Battle of Gods/scripts/;D:/kbengine/assets_Battle of Gods/res/
    INFO cellappmgr-1 10103 6000  [2018-07-30 16:54:08 630] - Resmgr::initialize: KBE_BIN_PATH=D:/kbengine/kbe/bin/server/
    INFO cellappmgr-1 10103 6000  [2018-07-30 16:54:08 653] - NetworkInterface::initialize(INTERNAL): bound to all interfaces with default route interface on 10.139.66.192 ( 10.139.66.192:31657 )
    INFO cellappmgr-1 10103 6000  [2018-07-30 16:54:08 654] - NetworkInterface::initialize(INTERNAL): address 10.139.66.192:31657, SOMAXCONN=5.
    INFO cellappmgr-1 10103 6000  [2018-07-30 16:54:08 654] - server-configs:
    INFO cellappmgr-1 10103 6000  [2018-07-30 16:54:08 654] - 	internalAddr : 10.139.66.192:31657
    INFO cellappmgr-1 10103 6000  [2018-07-30 16:54:08 654] - 	componentID : 6000
    INFO cellappmgr-1 10103 6000  [2018-07-30 16:54:08 678] - Components::findLogger: found logger, addr:10.139.66.192:31649
    INFO cellappmgr-1 10103 6000  [2018-07-30 16:54:08 678] - Components::addComponent: reset orderLog, uid=10103!
    INFO cellappmgr-1 10103 6000  [2018-07-30 16:54:08 678] - Components::addComponent[logger], uid=10103, componentID=2000, globalorderid=1, grouporderid=1, totalcount=1
    INFO cellappmgr-1 10103 6000  [2018-07-30 16:54:08 699] - ---- cellappmgr Version: 2.0.0. ScriptVersion: 0.1.0. Protocol: 52E8E19C86891AC3218081DFAA2FD187. Config: Debug X86. Built: 16:26:50 Apr 30 2018. AppID: 6000. UID: 10103. PID: 2856 ----
    INFO cellappmgr-1 10103 6000  [2018-07-30 16:54:08 701] - Server : Intel(R) Core(TM) i7-6700HQ CPU @ 2.60GHz with 2097151kB RAM
    INFO cellappmgr-1 10103 6000  [2018-07-30 16:54:08 701] - ThreadPool::createThreadPool: creating  threadpool...
    INFO cellappmgr-1 10103 6000  [2018-07-30 16:54:08 702] - ThreadPool::createThreadPool: successfully(2), newThreadCount=1, normalMaxThreadCount=2, maxThreadCount=8
    INFO cellappmgr-1 10103 6000  [2018-07-30 16:54:09 293] - ---- cellappmgr is running ----
   DEBUG cellappmgr-1 10103 6000  [2018-07-30 16:54:09 293] - Components::process(): Request for the process of identity...
    INFO cellappmgr-1 10103 6000  [2018-07-30 16:54:16 563] - Components::findComponents: find dbmgr(1)...
    INFO cellappmgr-1 10103 6000  [2018-07-30 16:54:18 583] - Components::findComponents: find dbmgr(2)...
    INFO cellappmgr-1 10103 6000  [2018-07-30 16:54:20 603] - Components::findComponents: find dbmgr(3)...
    INFO cellappmgr-1 10103 6000  [2018-07-30 16:54:22 623] - Components::findComponents: find dbmgr(4)...
    INFO cellappmgr-1 10103 6000  [2018-07-30 16:54:24 643] - Components::findComponents: find dbmgr(5)...
    INFO cellappmgr-1 10103 6000  [2018-07-30 16:54:26 663] - Components::findComponents: find dbmgr(6)...
    INFO cellappmgr-1 10103 6000  [2018-07-30 16:54:28 683] - Components::findComponents: find dbmgr(7)...
    INFO cellappmgr-1 10103 6000  [2018-07-30 16:54:30 703] - Components::findComponents: find dbmgr(8)...
    INFO cellappmgr-1 10103 6000  [2018-07-30 16:54:32 723] - Components::findComponents: find dbmgr(9)...
    INFO cellappmgr-1 10103 6000  [2018-07-30 16:54:34 743] - Components::findComponents: find dbmgr(10)...
    INFO cellappmgr-1 10103 6000  [2018-07-30 16:54:36 764] - Components::findComponents: find dbmgr(11)...
    INFO cellappmgr-1 10103 6000  [2018-07-30 16:54:38 783] - Components::findComponents: find dbmgr(12)...
    INFO cellappmgr-1 10103 6000  [2018-07-30 16:54:40 803] - Components::findComponents: find dbmgr(13)...
    INFO cellappmgr-1 10103 6000  [2018-07-30 16:54:42 824] - Components::findComponents: find dbmgr(14)...
    INFO cellappmgr-1 10103 6000  [2018-07-30 16:54:44 843] - Components::findComponents: find dbmgr(15)...
    INFO cellappmgr-1 10103 6000  [2018-07-30 16:54:46 864] - Components::findComponents: find dbmgr(16)...
    INFO cellappmgr-1 10103 6000  [2018-07-30 16:54:52 296] - -----------------------------------------------------------------------------------------


    INFO cellappmgr-1 10103 6000  [2018-07-30 16:54:52 296] - Resmgr::initialize: KBE_ROOT=D:/kbengine/
    INFO cellappmgr-1 10103 6000  [2018-07-30 16:54:52 297] - Resmgr::initialize: KBE_RES_PATH=D:/kbengine/kbe/res/;D:/kbengine/assets_Battle of Gods/;D:/kbengine/assets_Battle of Gods/scripts/;D:/kbengine/assets_Battle of Gods/res/
    INFO cellappmgr-1 10103 6000  [2018-07-30 16:54:52 297] - Resmgr::initialize: KBE_BIN_PATH=D:/kbengine/kbe/bin/server/
    INFO cellappmgr-1 10103 6000  [2018-07-30 16:54:52 313] - NetworkInterface::initialize(INTERNAL): bound to all interfaces with default route interface on 10.139.66.192 ( 10.139.66.192:31808 )
    INFO cellappmgr-1 10103 6000  [2018-07-30 16:54:52 313] - NetworkInterface::initialize(INTERNAL): address 10.139.66.192:31808, SOMAXCONN=5.
    INFO cellappmgr-1 10103 6000  [2018-07-30 16:54:52 313] - server-configs:
    INFO cellappmgr-1 10103 6000  [2018-07-30 16:54:52 313] - 	internalAddr : 10.139.66.192:31808
    INFO cellappmgr-1 10103 6000  [2018-07-30 16:54:52 313] - 	componentID : 6000
    INFO cellappmgr-1 10103 6000  [2018-07-30 16:54:53 823] - ---- cellappmgr Version: 2.0.0. ScriptVersion: 0.1.0. Protocol: 52E8E19C86891AC3218081DFAA2FD187. Config: Debug X86. Built: 16:26:50 Apr 30 2018. AppID: 6000. UID: 10103. PID: 14772 ----
    INFO cellappmgr-1 10103 6000  [2018-07-30 16:54:53 823] - Server : Intel(R) Core(TM) i7-6700HQ CPU @ 2.60GHz with 2097151kB RAM
    INFO cellappmgr-1 10103 6000  [2018-07-30 16:54:53 824] - ThreadPool::createThreadPool: creating  threadpool...
    INFO cellappmgr-1 10103 6000  [2018-07-30 16:54:53 824] - ThreadPool::createThreadPool: successfully(2), newThreadCount=1, normalMaxThreadCount=2, maxThreadCount=8
    INFO cellappmgr-1 10103 6000  [2018-07-30 16:54:54 288] - ---- cellappmgr is running ----
   DEBUG cellappmgr-1 10103 6000  [2018-07-30 16:54:54 289] - Components::process(): Request for the process of identity...
    INFO cellappmgr-1 10103 6000  [2018-07-30 16:55:01 545] - Components::findComponents: find logger(1)...
    INFO cellappmgr-1 10103 6000  [2018-07-30 16:55:01 617] - Components::findComponents: found logger, addr:10.139.66.192:31804
    INFO cellappmgr-1 10103 6000  [2018-07-30 16:55:01 617] - Components::addComponent: reset orderLog, uid=10103!
    INFO cellappmgr-1 10103 6000  [2018-07-30 16:55:01 617] - Components::addComponent[logger], uid=10103, componentID=2000, globalorderid=1, grouporderid=1, totalcount=1
    INFO cellappmgr-1 10103 6000  [2018-07-30 16:55:01 628] - Components::findComponents: find dbmgr(2)...
    INFO cellappmgr-1 10103 6000  [2018-07-30 16:55:03 724] - Components::findComponents: find dbmgr(3)...
    INFO cellappmgr-1 10103 6000  [2018-07-30 16:55:05 745] - Components::findComponents: find dbmgr(4)...
    INFO cellappmgr-1 10103 6000  [2018-07-30 16:55:07 765] - Components::findComponents: find dbmgr(5)...
    INFO cellappmgr-1 10103 6000  [2018-07-30 16:55:09 784] - Components::findComponents: find dbmgr(6)...
    INFO cellappmgr-1 10103 6000  [2018-07-30 16:55:11 845] - Components::findComponents: find dbmgr(7)...
    INFO cellappmgr-1 10103 6000  [2018-07-30 16:55:13 864] - Components::findComponents: find dbmgr(8)...
    INFO cellappmgr-1 10103 6000  [2018-07-30 16:55:15 884] - Components::findComponents: find dbmgr(9)...
    INFO cellappmgr-1 10103 6000  [2018-07-30 16:55:17 897] - Components::findComponents: find dbmgr(10)...
    INFO cellappmgr-1 10103 6000  [2018-07-30 16:55:19 925] - Components::findComponents: find dbmgr(11)...
    INFO cellappmgr-1 10103 6000  [2018-07-30 16:55:21 944] - Components::findComponents: find dbmgr(12)...
    INFO cellappmgr-1 10103 6000  [2018-07-30 16:55:23 965] - Components::findComponents: find dbmgr(13)...
    INFO cellappmgr-1 10103 6000  [2018-07-30 16:55:26 085] - Components::findComponents: find dbmgr(14)...
    INFO cellappmgr-1 10103 6000  [2018-07-30 16:55:28 198] - Components::findComponents: find dbmgr(15)...
    INFO cellappmgr-1 10103 6000  [2018-07-30 16:55:30 225] - Components::findComponents: find dbmgr(16)...
    INFO cellappmgr-1 10103 6000  [2018-07-30 16:55:35 348] - -----------------------------------------------------------------------------------------


    INFO cellappmgr-1 10103 6000  [2018-07-30 16:55:35 349] - Resmgr::initialize: KBE_ROOT=D:/kbengine/
    INFO cellappmgr-1 10103 6000  [2018-07-30 16:55:35 349] - Resmgr::initialize: KBE_RES_PATH=D:/kbengine/kbe/res/;D:/kbengine/assets_Battle of Gods/;D:/kbengine/assets_Battle of Gods/scripts/;D:/kbengine/assets_Battle of Gods/res/
    INFO cellappmgr-1 10103 6000  [2018-07-30 16:55:35 349] - Resmgr::initialize: KBE_BIN_PATH=D:/kbengine/kbe/bin/server/
    INFO cellappmgr-1 10103 6000  [2018-07-30 16:55:35 369] - NetworkInterface::initialize(INTERNAL): bound to all interfaces with default route interface on 10.139.66.192 ( 10.139.66.192:31961 )
    INFO cellappmgr-1 10103 6000  [2018-07-30 16:55:35 370] - NetworkInterface::initialize(INTERNAL): address 10.139.66.192:31961, SOMAXCONN=5.
    INFO cellappmgr-1 10103 6000  [2018-07-30 16:55:35 370] - server-configs:
    INFO cellappmgr-1 10103 6000  [2018-07-30 16:55:35 371] - 	internalAddr : 10.139.66.192:31961
    INFO cellappmgr-1 10103 6000  [2018-07-30 16:55:35 371] - 	componentID : 6000
    INFO cellappmgr-1 10103 6000  [2018-07-30 16:55:36 878] - ---- cellappmgr Version: 2.0.0. ScriptVersion: 0.1.0. Protocol: 52E8E19C86891AC3218081DFAA2FD187. Config: Debug X86. Built: 16:26:50 Apr 30 2018. AppID: 6000. UID: 10103. PID: 12304 ----
    INFO cellappmgr-1 10103 6000  [2018-07-30 16:55:36 878] - Server : Intel(R) Core(TM) i7-6700HQ CPU @ 2.60GHz with 2097151kB RAM
    INFO cellappmgr-1 10103 6000  [2018-07-30 16:55:36 878] - ThreadPool::createThreadPool: creating  threadpool...
    INFO cellappmgr-1 10103 6000  [2018-07-30 16:55:36 879] - ThreadPool::createThreadPool: successfully(2), newThreadCount=1, normalMaxThreadCount=2, maxThreadCount=8
    INFO cellappmgr-1 10103 6000  [2018-07-30 16:55:37 434] - ---- cellappmgr is running ----
   DEBUG cellappmgr-1 10103 6000  [2018-07-30 16:55:37 434] - Components::process(): Request for the process of identity...
    INFO cellappmgr-1 10103 6000  [2018-07-30 16:55:44 740] - Components::findComponents: find logger(1)...
    INFO cellappmgr-1 10103 6000  [2018-07-30 16:55:44 832] - Components::findComponents: found logger, addr:10.139.66.192:31956
    INFO cellappmgr-1 10103 6000  [2018-07-30 16:55:44 832] - Components::addComponent: reset orderLog, uid=10103!
    INFO cellappmgr-1 10103 6000  [2018-07-30 16:55:44 832] - Components::addComponent[logger], uid=10103, componentID=2000, globalorderid=1, grouporderid=1, totalcount=1
    INFO cellappmgr-1 10103 6000  [2018-07-30 16:55:44 843] - Components::findComponents: find dbmgr(2)...
    INFO cellappmgr-1 10103 6000  [2018-07-30 16:55:46 940] - Components::findComponents: find dbmgr(3)...
    INFO cellappmgr-1 10103 6000  [2018-07-30 16:55:48 960] - Components::findComponents: find dbmgr(4)...
    INFO cellappmgr-1 10103 6000  [2018-07-30 16:55:51 000] - Components::findComponents: find dbmgr(5)...
 WARNING cellappmgr-1 10103 6000  [2018-07-30 16:55:51 333] - BundleBroadcast::BundleBroadcast: Cannot bind to port 20903, errorno=10048
    INFO cellappmgr-1 10103 6000  [2018-07-30 16:55:52 340] - Components::findComponents: find dbmgr(6)...
    INFO cellappmgr-1 10103 6000  [2018-07-30 16:55:54 419] - Components::findComponents: find dbmgr(7)...
    INFO cellappmgr-1 10103 6000  [2018-07-30 16:55:56 440] - Components::findComponents: find dbmgr(8)...
    INFO cellappmgr-1 10103 6000  [2018-07-30 16:56:01 413] - -----------------------------------------------------------------------------------------


    INFO cellappmgr-1 10103 6000  [2018-07-30 16:56:01 414] - Resmgr::initialize: KBE_ROOT=D:/kbengine/
    INFO cellappmgr-1 10103 6000  [2018-07-30 16:56:01 414] - Resmgr::initialize: KBE_RES_PATH=D:/kbengine/kbe/res/;D:/kbengine/assets_Battle of Gods/;D:/kbengine/assets_Battle of Gods/scripts/;D:/kbengine/assets_Battle of Gods/res/
    INFO cellappmgr-1 10103 6000  [2018-07-30 16:56:01 414] - Resmgr::initialize: KBE_BIN_PATH=D:/kbengine/kbe/bin/server/
    INFO cellappmgr-1 10103 6000  [2018-07-30 16:56:01 431] - NetworkInterface::initialize(INTERNAL): bound to all interfaces with default route interface on 10.139.66.192 ( 10.139.66.192:32064 )
    INFO cellappmgr-1 10103 6000  [2018-07-30 16:56:01 431] - NetworkInterface::initialize(INTERNAL): address 10.139.66.192:32064, SOMAXCONN=5.
    INFO cellappmgr-1 10103 6000  [2018-07-30 16:56:01 431] - server-configs:
    INFO cellappmgr-1 10103 6000  [2018-07-30 16:56:01 432] - 	internalAddr : 10.139.66.192:32064
    INFO cellappmgr-1 10103 6000  [2018-07-30 16:56:01 432] - 	componentID : 6000
 WARNING cellappmgr-1 10103 6000  [2018-07-30 16:56:01 765] - BundleBroadcast::BundleBroadcast: Cannot bind to port 20166, errorno=10048
    INFO cellappmgr-1 10103 6000  [2018-07-30 16:56:01 775] - ---- cellappmgr Version: 2.0.0. ScriptVersion: 0.1.0. Protocol: 52E8E19C86891AC3218081DFAA2FD187. Config: Debug X86. Built: 16:26:50 Apr 30 2018. AppID: 6000. UID: 10103. PID: 9664 ----
    INFO cellappmgr-1 10103 6000  [2018-07-30 16:56:01 775] - Server : Intel(R) Core(TM) i7-6700HQ CPU @ 2.60GHz with 2097151kB RAM
    INFO cellappmgr-1 10103 6000  [2018-07-30 16:56:01 776] - ThreadPool::createThreadPool: creating  threadpool...
    INFO cellappmgr-1 10103 6000  [2018-07-30 16:56:01 776] - ThreadPool::createThreadPool: successfully(2), newThreadCount=1, normalMaxThreadCount=2, maxThreadCount=8
    INFO cellappmgr-1 10103 6000  [2018-07-30 16:56:02 406] - ---- cellappmgr is running ----
   DEBUG cellappmgr-1 10103 6000  [2018-07-30 16:56:02 406] - Components::process(): Request for the process of identity...
    INFO cellappmgr-1 10103 6000  [2018-07-30 16:56:09 716] - Components::findComponents: find logger(1)...
    INFO cellappmgr-1 10103 6000  [2018-07-30 16:56:09 800] - Components::findComponents: found logger, addr:10.139.66.192:32060
    INFO cellappmgr-1 10103 6000  [2018-07-30 16:56:09 800] - Components::addComponent: reset orderLog, uid=10103!
    INFO cellappmgr-1 10103 6000  [2018-07-30 16:56:09 801] - Components::addComponent[logger], uid=10103, componentID=2000, globalorderid=1, grouporderid=1, totalcount=1
    INFO cellappmgr-1 10103 6000  [2018-07-30 16:56:09 813] - Components::findComponents: find dbmgr(2)...
    INFO cellappmgr-1 10103 6000  [2018-07-30 16:56:11 915] - Components::findComponents: find dbmgr(3)...
    INFO cellappmgr-1 10103 6000  [2018-07-30 16:56:13 937] - Components::findComponents: find dbmgr(4)...
    INFO cellappmgr-1 10103 6000  [2018-07-30 16:56:15 958] - Components::findComponents: find dbmgr(5)...
    INFO cellappmgr-1 10103 6000  [2018-07-30 16:56:17 978] - Components::findComponents: find dbmgr(6)...
    INFO cellappmgr-1 10103 6000  [2018-07-30 16:56:20 018] - Components::findComponents: find dbmgr(7)...
    INFO cellappmgr-1 10103 6000  [2018-07-30 16:56:22 057] - Components::findComponents: find dbmgr(8)...
    INFO cellappmgr-1 10103 6000  [2018-07-30 16:56:24 077] - Components::findComponents: find dbmgr(9)...
    INFO cellappmgr-1 10103 6000  [2018-07-30 16:56:26 097] - Components::findComponents: find dbmgr(10)...
    INFO cellappmgr-1 10103 6000  [2018-07-30 16:56:28 115] - Components::findComponents: find dbmgr(11)...
    INFO cellappmgr-1 10103 6000  [2018-07-30 16:56:30 137] - Components::findComponents: find dbmgr(12)...
    INFO cellappmgr-1 10103 6000  [2018-07-30 16:56:32 177] - Components::findComponents: find dbmgr(13)...
    INFO cellappmgr-1 10103 6000  [2018-07-30 16:56:34 197] - Components::findComponents: find dbmgr(14)...
    INFO cellappmgr-1 10103 6000  [2018-07-30 16:56:36 215] - Components::findComponents: find dbmgr(15)...
    INFO cellappmgr-1 10103 6000  [2018-07-30 16:56:38 237] - Components::findComponents: find dbmgr(16)...
 WARNING cellappmgr-1 10103 6000  [2018-07-30 16:56:40 257] - Components::findComponents: find dbmgr(17)...
delay time is too long, please check the dbmgr logs!
 WARNING cellappmgr-1 10103 6000  [2018-07-30 16:56:42 277] - Components::findComponents: find dbmgr(18)...
delay time is too long, please check the dbmgr logs!
 WARNING cellappmgr-1 10103 6000  [2018-07-30 16:56:44 315] - Components::findComponents: find dbmgr(19)...
delay time is too long, please check the dbmgr logs!
 WARNING cellappmgr-1 10103 6000  [2018-07-30 16:56:46 337] - Components::findComponents: find dbmgr(20)...
delay time is too long, please check the dbmgr logs!
 WARNING cellappmgr-1 10103 6000  [2018-07-30 16:56:48 358] - Components::findComponents: find dbmgr(21)...
delay time is too long, please check the dbmgr logs!
 WARNING cellappmgr-1 10103 6000  [2018-07-30 16:56:50 377] - Components::findComponents: find dbmgr(22)...
delay time is too long, please check the dbmgr logs!
 WARNING cellappmgr-1 10103 6000  [2018-07-30 16:56:52 397] - Components::findComponents: find dbmgr(23)...
delay time is too long, please check the dbmgr logs!
 WARNING cellappmgr-1 10103 6000  [2018-07-30 16:56:54 438] - Components::findComponents: find dbmgr(24)...
delay time is too long, please check the dbmgr logs!
 WARNING cellappmgr-1 10103 6000  [2018-07-30 16:56:56 558] - Components::findComponents: find dbmgr(25)...
delay time is too long, please check the dbmgr logs!
 WARNING cellappmgr-1 10103 6000  [2018-07-30 16:56:58 578] - Components::findComponents: find dbmgr(26)...
delay time is too long, please check the dbmgr logs!
 WARNING cellappmgr-1 10103 6000  [2018-07-30 16:57:00 598] - Components::findComponents: find dbmgr(27)...
delay time is too long, please check the dbmgr logs!
 WARNING cellappmgr-1 10103 6000  [2018-07-30 16:57:02 617] - Components::findComponents: find dbmgr(28)...
delay time is too long, please check the dbmgr logs!
 WARNING cellappmgr-1 10103 6000  [2018-07-30 16:57:04 657] - Components::findComponents: find dbmgr(29)...
delay time is too long, please check the dbmgr logs!
 WARNING cellappmgr-1 10103 6000  [2018-07-30 16:57:06 678] - Components::findComponents: find dbmgr(30)...
delay time is too long, please check the dbmgr logs!
 WARNING cellappmgr-1 10103 6000  [2018-07-30 16:57:08 715] - Components::findComponents: find dbmgr(31)...
delay time is too long, please check the dbmgr logs!
 WARNING cellappmgr-1 10103 6000  [2018-07-30 16:57:10 738] - Components::findComponents: find dbmgr(32)...
delay time is too long, please check the dbmgr logs!
 WARNING cellappmgr-1 10103 6000  [2018-07-30 16:57:12 757] - Components::findComponents: find dbmgr(33)...
delay time is too long, please check the dbmgr logs!
 WARNING cellappmgr-1 10103 6000  [2018-07-30 16:57:14 797] - Components::findComponents: find dbmgr(34)...
delay time is too long, please check the dbmgr logs!
 WARNING cellappmgr-1 10103 6000  [2018-07-30 16:57:16 815] - Components::findComponents: find dbmgr(35)...
delay time is too long, please check the dbmgr logs!
 WARNING cellappmgr-1 10103 6000  [2018-07-30 16:57:18 858] - Components::findComponents: find dbmgr(36)...
delay time is too long, please check the dbmgr logs!
 WARNING cellappmgr-1 10103 6000  [2018-07-30 16:57:20 978] - Components::findComponents: find dbmgr(37)...
delay time is too long, please check the dbmgr logs!
 WARNING cellappmgr-1 10103 6000  [2018-07-30 16:57:22 997] - Components::findComponents: find dbmgr(38)...
delay time is too long, please check the dbmgr logs!
 WARNING cellappmgr-1 10103 6000  [2018-07-30 16:57:25 038] - Components::findComponents: find dbmgr(39)...
delay time is too long, please check the dbmgr logs!
 WARNING cellappmgr-1 10103 6000  [2018-07-30 16:57:27 058] - Components::findComponents: find dbmgr(40)...
delay time is too long, please check the dbmgr logs!
 WARNING cellappmgr-1 10103 6000  [2018-07-30 16:57:29 077] - Components::findComponents: find dbmgr(41)...
delay time is too long, please check the dbmgr logs!
 WARNING cellappmgr-1 10103 6000  [2018-07-30 16:57:31 115] - Components::findComponents: find dbmgr(42)...
delay time is too long, please check the dbmgr logs!
 WARNING cellappmgr-1 10103 6000  [2018-07-30 16:57:33 138] - Components::findComponents: find dbmgr(43)...
delay time is too long, please check the dbmgr logs!
 WARNING cellappmgr-1 10103 6000  [2018-07-30 16:57:35 178] - Components::findComponents: find dbmgr(44)...
delay time is too long, please check the dbmgr logs!
 WARNING cellappmgr-1 10103 6000  [2018-07-30 16:57:37 197] - Components::findComponents: find dbmgr(45)...
delay time is too long, please check the dbmgr logs!
 WARNING cellappmgr-1 10103 6000  [2018-07-30 16:57:39 215] - Components::findComponents: find dbmgr(46)...
delay time is too long, please check the dbmgr logs!
 WARNING cellappmgr-1 10103 6000  [2018-07-30 16:57:41 258] - Components::findComponents: find dbmgr(47)...
delay time is too long, please check the dbmgr logs!
 WARNING cellappmgr-1 10103 6000  [2018-07-30 16:57:43 278] - Components::findComponents: find dbmgr(48)...
delay time is too long, please check the dbmgr logs!
 WARNING cellappmgr-1 10103 6000  [2018-07-30 16:57:45 297] - Components::findComponents: find dbmgr(49)...
delay time is too long, please check the dbmgr logs!
 WARNING cellappmgr-1 10103 6000  [2018-07-30 16:57:47 337] - Components::findComponents: find dbmgr(50)...
delay time is too long, please check the dbmgr logs!
 WARNING cellappmgr-1 10103 6000  [2018-07-30 16:57:49 357] - Components::findComponents: find dbmgr(51)...
delay time is too long, please check the dbmgr logs!
 WARNING cellappmgr-1 10103 6000  [2018-07-30 16:57:51 398] - Components::findComponents: find dbmgr(52)...
delay time is too long, please check the dbmgr logs!
 WARNING cellappmgr-1 10103 6000  [2018-07-30 16:57:53 418] - Components::findComponents: find dbmgr(53)...
delay time is too long, please check the dbmgr logs!
 WARNING cellappmgr-1 10103 6000  [2018-07-30 16:57:55 457] - Components::findComponents: find dbmgr(54)...
delay time is too long, please check the dbmgr logs!
 WARNING cellappmgr-1 10103 6000  [2018-07-30 16:57:57 478] - Components::findComponents: find dbmgr(55)...
delay time is too long, please check the dbmgr logs!
 WARNING cellappmgr-1 10103 6000  [2018-07-30 16:57:59 498] - Components::findComponents: find dbmgr(56)...
delay time is too long, please check the dbmgr logs!
 WARNING cellappmgr-1 10103 6000  [2018-07-30 16:58:01 538] - Components::findComponents: find dbmgr(57)...
delay time is too long, please check the dbmgr logs!
 WARNING cellappmgr-1 10103 6000  [2018-07-30 16:58:03 558] - Components::findComponents: find dbmgr(58)...
delay time is too long, please check the dbmgr logs!
 WARNING cellappmgr-1 10103 6000  [2018-07-30 16:58:05 597] - Components::findComponents: find dbmgr(59)...
delay time is too long, please check the dbmgr logs!
 WARNING cellappmgr-1 10103 6000  [2018-07-30 16:58:07 615] - Components::findComponents: find dbmgr(60)...
delay time is too long, please check the dbmgr logs!
 WARNING cellappmgr-1 10103 6000  [2018-07-30 16:58:09 638] - Components::findComponents: find dbmgr(61)...
delay time is too long, please check the dbmgr logs!
 WARNING cellappmgr-1 10103 6000  [2018-07-30 16:58:11 677] - Components::findComponents: find dbmgr(62)...
delay time is too long, please check the dbmgr logs!
 WARNING cellappmgr-1 10103 6000  [2018-07-30 16:58:13 698] - Components::findComponents: find dbmgr(63)...
delay time is too long, please check the dbmgr logs!
 WARNING cellappmgr-1 10103 6000  [2018-07-30 16:58:15 737] - Components::findComponents: find dbmgr(64)...
delay time is too long, please check the dbmgr logs!
 WARNING cellappmgr-1 10103 6000  [2018-07-30 16:58:17 758] - Components::findComponents: find dbmgr(65)...
delay time is too long, please check the dbmgr logs!
 WARNING cellappmgr-1 10103 6000  [2018-07-30 16:58:19 777] - Components::findComponents: find dbmgr(66)...
delay time is too long, please check the dbmgr logs!
 WARNING cellappmgr-1 10103 6000  [2018-07-30 16:58:21 797] - Components::findComponents: find dbmgr(67)...
delay time is too long, please check the dbmgr logs!
 WARNING cellappmgr-1 10103 6000  [2018-07-30 16:58:23 837] - Components::findComponents: find dbmgr(68)...
delay time is too long, please check the dbmgr logs!
 WARNING cellappmgr-1 10103 6000  [2018-07-30 16:58:25 857] - Components::findComponents: find dbmgr(69)...
delay time is too long, please check the dbmgr logs!
 WARNING cellappmgr-1 10103 6000  [2018-07-30 16:58:27 897] - Components::findComponents: find dbmgr(70)...
delay time is too long, please check the dbmgr logs!
 WARNING cellappmgr-1 10103 6000  [2018-07-30 16:58:29 914] - Components::findComponents: find dbmgr(71)...
delay time is too long, please check the dbmgr logs!
 WARNING cellappmgr-1 10103 6000  [2018-07-30 16:58:31 938] - Components::findComponents: find dbmgr(72)...
delay time is too long, please check the dbmgr logs!
 WARNING cellappmgr-1 10103 6000  [2018-07-30 16:58:33 977] - Components::findComponents: find dbmgr(73)...
delay time is too long, please check the dbmgr logs!
 WARNING cellappmgr-1 10103 6000  [2018-07-30 16:58:35 997] - Components::findComponents: find dbmgr(74)...
delay time is too long, please check the dbmgr logs!
 WARNING cellappmgr-1 10103 6000  [2018-07-30 16:58:38 037] - Components::findComponents: find dbmgr(75)...
delay time is too long, please check the dbmgr logs!
 WARNING cellappmgr-1 10103 6000  [2018-07-30 16:58:40 057] - Components::findComponents: find dbmgr(76)...
delay time is too long, please check the dbmgr logs!
 WARNING cellappmgr-1 10103 6000  [2018-07-30 16:58:42 097] - Components::findComponents: find dbmgr(77)...
delay time is too long, please check the dbmgr logs!
 WARNING cellappmgr-1 10103 6000  [2018-07-30 16:58:44 115] - Components::findComponents: find dbmgr(78)...
delay time is too long, please check the dbmgr logs!
 WARNING cellappmgr-1 10103 6000  [2018-07-30 16:58:46 158] - Components::findComponents: find dbmgr(79)...
delay time is too long, please check the dbmgr logs!
 WARNING cellappmgr-1 10103 6000  [2018-07-30 16:58:48 177] - Components::findComponents: find dbmgr(80)...
delay time is too long, please check the dbmgr logs!
 WARNING cellappmgr-1 10103 6000  [2018-07-30 16:58:50 197] - Components::findComponents: find dbmgr(81)...
delay time is too long, please check the dbmgr logs!
 WARNING cellappmgr-1 10103 6000  [2018-07-30 16:58:52 238] - Components::findComponents: find dbmgr(82)...
delay time is too long, please check the dbmgr logs!
 WARNING cellappmgr-1 10103 6000  [2018-07-30 16:58:54 258] - Components::findComponents: find dbmgr(83)...
delay time is too long, please check the dbmgr logs!
 WARNING cellappmgr-1 10103 6000  [2018-07-30 16:58:56 297] - Components::findComponents: find dbmgr(84)...
delay time is too long, please check the dbmgr logs!
 WARNING cellappmgr-1 10103 6000  [2018-07-30 16:58:58 315] - Components::findComponents: find dbmgr(85)...
delay time is too long, please check the dbmgr logs!
 WARNING cellappmgr-1 10103 6000  [2018-07-30 16:59:00 357] - Components::findComponents: find dbmgr(86)...
delay time is too long, please check the dbmgr logs!
 WARNING cellappmgr-1 10103 6000  [2018-07-30 16:59:02 377] - Components::findComponents: find dbmgr(87)...
delay time is too long, please check the dbmgr logs!
 WARNING cellappmgr-1 10103 6000  [2018-07-30 16:59:04 415] - Components::findComponents: find dbmgr(88)...
delay time is too long, please check the dbmgr logs!
 WARNING cellappmgr-1 10103 6000  [2018-07-30 16:59:06 457] - Components::findComponents: find dbmgr(89)...
delay time is too long, please check the dbmgr logs!
 WARNING cellappmgr-1 10103 6000  [2018-07-30 16:59:08 477] - Components::findComponents: find dbmgr(90)...
delay time is too long, please check the dbmgr logs!
 WARNING cellappmgr-1 10103 6000  [2018-07-30 16:59:10 497] - Components::findComponents: find dbmgr(91)...
delay time is too long, please check the dbmgr logs!
 WARNING cellappmgr-1 10103 6000  [2018-07-30 16:59:12 538] - Components::findComponents: find dbmgr(92)...
delay time is too long, please check the dbmgr logs!
 WARNING cellappmgr-1 10103 6000  [2018-07-30 16:59:14 557] - Components::findComponents: find dbmgr(93)...
delay time is too long, please check the dbmgr logs!
 WARNING cellappmgr-1 10103 6000  [2018-07-30 16:59:16 597] - Components::findComponents: find dbmgr(94)...
delay time is too long, please check the dbmgr logs!
 WARNING cellappmgr-1 10103 6000  [2018-07-30 16:59:18 615] - Components::findComponents: find dbmgr(95)...
delay time is too long, please check the dbmgr logs!
 WARNING cellappmgr-1 10103 6000  [2018-07-30 16:59:20 637] - Components::findComponents: find dbmgr(96)...
delay time is too long, please check the dbmgr logs!
 WARNING cellappmgr-1 10103 6000  [2018-07-30 16:59:22 677] - Components::findComponents: find dbmgr(97)...
delay time is too long, please check the dbmgr logs!
 WARNING cellappmgr-1 10103 6000  [2018-07-30 16:59:24 697] - Components::findComponents: find dbmgr(98)...
delay time is too long, please check the dbmgr logs!
 WARNING cellappmgr-1 10103 6000  [2018-07-30 16:59:25 045] - BundleBroadcast::BundleBroadcast: Cannot bind to port 20587, errorno=10048
 WARNING cellappmgr-1 10103 6000  [2018-07-30 16:59:26 057] - Components::findComponents: find dbmgr(99)...
delay time is too long, please check the dbmgr logs!
 WARNING cellappmgr-1 10103 6000  [2018-07-30 16:59:28 158] - Components::findComponents: find dbmgr(100)...
delay time is too long, please check the dbmgr logs!
 WARNING cellappmgr-1 10103 6000  [2018-07-30 16:59:30 177] - Components::findComponents: find dbmgr(101)...
delay time is too long, please check the dbmgr logs!
 WARNING cellappmgr-1 10103 6000  [2018-07-30 16:59:32 215] - Components::findComponents: find dbmgr(102)...
delay time is too long, please check the dbmgr logs!
 WARNING cellappmgr-1 10103 6000  [2018-07-30 16:59:34 237] - Components::findComponents: find dbmgr(103)...
delay time is too long, please check the dbmgr logs!
 WARNING cellappmgr-1 10103 6000  [2018-07-30 16:59:36 277] - Components::findComponents: find dbmgr(104)...
delay time is too long, please check the dbmgr logs!
 WARNING cellappmgr-1 10103 6000  [2018-07-30 16:59:38 298] - Components::findComponents: find dbmgr(105)...
delay time is too long, please check the dbmgr logs!
 WARNING cellappmgr-1 10103 6000  [2018-07-30 16:59:40 338] - Components::findComponents: find dbmgr(106)...
delay time is too long, please check the dbmgr logs!
 WARNING cellappmgr-1 10103 6000  [2018-07-30 16:59:42 358] - Components::findComponents: find dbmgr(107)...
delay time is too long, please check the dbmgr logs!
 WARNING cellappmgr-1 10103 6000  [2018-07-30 16:59:44 397] - Components::findComponents: find dbmgr(108)...
delay time is too long, please check the dbmgr logs!
 WARNING cellappmgr-1 10103 6000  [2018-07-30 16:59:46 415] - Components::findComponents: find dbmgr(109)...
delay time is too long, please check the dbmgr logs!
 WARNING cellappmgr-1 10103 6000  [2018-07-30 16:59:48 437] - Components::findComponents: find dbmgr(110)...
delay time is too long, please check the dbmgr logs!
 WARNING cellappmgr-1 10103 6000  [2018-07-30 16:59:50 477] - Components::findComponents: find dbmgr(111)...
delay time is too long, please check the dbmgr logs!
 WARNING cellappmgr-1 10103 6000  [2018-07-30 16:59:52 497] - Components::findComponents: find dbmgr(112)...
delay time is too long, please check the dbmgr logs!
 WARNING cellappmgr-1 10103 6000  [2018-07-30 16:59:54 537] - Components::findComponents: find dbmgr(113)...
delay time is too long, please check the dbmgr logs!
 WARNING cellappmgr-1 10103 6000  [2018-07-30 16:59:56 657] - Components::findComponents: find dbmgr(114)...
delay time is too long, please check the dbmgr logs!
 WARNING cellappmgr-1 10103 6000  [2018-07-30 16:59:58 677] - Components::findComponents: find dbmgr(115)...
delay time is too long, please check the dbmgr logs!
 WARNING cellappmgr-1 10103 6000  [2018-07-30 17:00:00 714] - Components::findComponents: find dbmgr(116)...
delay time is too long, please check the dbmgr logs!
 WARNING cellappmgr-1 10103 6000  [2018-07-30 17:00:02 738] - Components::findComponents: find dbmgr(117)...
delay time is too long, please check the dbmgr logs!
 WARNING cellappmgr-1 10103 6000  [2018-07-30 17:00:04 777] - Components::findComponents: find dbmgr(118)...
delay time is too long, please check the dbmgr logs!
 WARNING cellappmgr-1 10103 6000  [2018-07-30 17:00:06 797] - Components::findComponents: find dbmgr(119)...
delay time is too long, please check the dbmgr logs!
 WARNING cellappmgr-1 10103 6000  [2018-07-30 17:00:08 837] - Components::findComponents: find dbmgr(120)...
delay time is too long, please check the dbmgr logs!
 WARNING cellappmgr-1 10103 6000  [2018-07-30 17:00:10 857] - Components::findComponents: find dbmgr(121)...
delay time is too long, please check the dbmgr logs!
 WARNING cellappmgr-1 10103 6000  [2018-07-30 17:00:12 877] - Components::findComponents: find dbmgr(122)...
delay time is too long, please check the dbmgr logs!
 WARNING cellappmgr-1 10103 6000  [2018-07-30 17:00:14 915] - Components::findComponents: find dbmgr(123)...
delay time is too long, please check the dbmgr logs!
 WARNING cellappmgr-1 10103 6000  [2018-07-30 17:00:16 937] - Components::findComponents: find dbmgr(124)...
delay time is too long, please check the dbmgr logs!
 WARNING cellappmgr-1 10103 6000  [2018-07-30 17:00:18 957] - Components::findComponents: find dbmgr(125)...
delay time is too long, please check the dbmgr logs!
 WARNING cellappmgr-1 10103 6000  [2018-07-30 17:00:20 997] - Components::findComponents: find dbmgr(126)...
delay time is too long, please check the dbmgr logs!
 WARNING cellappmgr-1 10103 6000  [2018-07-30 17:00:23 015] - Components::findComponents: find dbmgr(127)...
delay time is too long, please check the dbmgr logs!
 WARNING cellappmgr-1 10103 6000  [2018-07-30 17:00:25 037] - Components::findComponents: find dbmgr(128)...
delay time is too long, please check the dbmgr logs!
 WARNING cellappmgr-1 10103 6000  [2018-07-30 17:00:27 077] - Components::findComponents: find dbmgr(129)...
delay time is too long, please check the dbmgr logs!
 WARNING cellappmgr-1 10103 6000  [2018-07-30 17:00:29 097] - Components::findComponents: find dbmgr(130)...
delay time is too long, please check the dbmgr logs!
 WARNING cellappmgr-1 10103 6000  [2018-07-30 17:00:29 440] - BundleBroadcast::BundleBroadcast: Cannot bind to port 20534, errorno=10048
 WARNING cellappmgr-1 10103 6000  [2018-07-30 17:00:30 457] - Components::findComponents: find dbmgr(131)...
delay time is too long, please check the dbmgr logs!
 WARNING cellappmgr-1 10103 6000  [2018-07-30 17:00:32 537] - Components::findComponents: find dbmgr(132)...
delay time is too long, please check the dbmgr logs!
 WARNING cellappmgr-1 10103 6000  [2018-07-30 17:00:34 577] - Components::findComponents: find dbmgr(133)...
delay time is too long, please check the dbmgr logs!
 WARNING cellappmgr-1 10103 6000  [2018-07-30 17:00:36 598] - Components::findComponents: find dbmgr(134)...
delay time is too long, please check the dbmgr logs!
 WARNING cellappmgr-1 10103 6000  [2018-07-30 17:00:38 638] - Components::findComponents: find dbmgr(135)...
delay time is too long, please check the dbmgr logs!
 WARNING cellappmgr-1 10103 6000  [2018-07-30 17:00:40 657] - Components::findComponents: find dbmgr(136)...
delay time is too long, please check the dbmgr logs!
 WARNING cellappmgr-1 10103 6000  [2018-07-30 17:00:42 678] - Components::findComponents: find dbmgr(137)...
delay time is too long, please check the dbmgr logs!
 WARNING cellappmgr-1 10103 6000  [2018-07-30 17:00:44 714] - Components::findComponents: find dbmgr(138)...
delay time is too long, please check the dbmgr logs!
 WARNING cellappmgr-1 10103 6000  [2018-07-30 17:00:46 738] - Components::findComponents: find dbmgr(139)...
delay time is too long, please check the dbmgr logs!
 WARNING cellappmgr-1 10103 6000  [2018-07-30 17:00:48 757] - Components::findComponents: find dbmgr(140)...
delay time is too long, please check the dbmgr logs!
 WARNING cellappmgr-1 10103 6000  [2018-07-30 17:00:50 797] - Components::findComponents: find dbmgr(141)...
delay time is too long, please check the dbmgr logs!
 WARNING cellappmgr-1 10103 6000  [2018-07-30 17:00:52 814] - Components::findComponents: find dbmgr(142)...
delay time is too long, please check the dbmgr logs!
 WARNING cellappmgr-1 10103 6000  [2018-07-30 17:00:54 857] - Components::findComponents: find dbmgr(143)...
delay time is too long, please check the dbmgr logs!
 WARNING cellappmgr-1 10103 6000  [2018-07-30 17:00:56 877] - Components::findComponents: find dbmgr(144)...
delay time is too long, please check the dbmgr logs!
 WARNING cellappmgr-1 10103 6000  [2018-07-30 17:00:58 914] - Components::findComponents: find dbmgr(145)...
delay time is too long, please check the dbmgr logs!
 WARNING cellappmgr-1 10103 6000  [2018-07-30 17:01:00 937] - Components::findComponents: find dbmgr(146)...
delay time is too long, please check the dbmgr logs!
 WARNING cellappmgr-1 10103 6000  [2018-07-30 17:01:02 977] - Components::findComponents: find dbmgr(147)...
delay time is too long, please check the dbmgr logs!
 WARNING cellappmgr-1 10103 6000  [2018-07-30 17:01:05 097] - Components::findComponents: find dbmgr(148)...
delay time is too long, please check the dbmgr logs!
 WARNING cellappmgr-1 10103 6000  [2018-07-30 17:01:05 432] - BundleBroadcast::BundleBroadcast: Cannot bind to port 20791, errorno=10048
 WARNING cellappmgr-1 10103 6000  [2018-07-30 17:01:06 437] - Components::findComponents: find dbmgr(149)...
delay time is too long, please check the dbmgr logs!
 WARNING cellappmgr-1 10103 6000  [2018-07-30 17:01:08 537] - Components::findComponents: find dbmgr(150)...
delay time is too long, please check the dbmgr logs!
 WARNING cellappmgr-1 10103 6000  [2018-07-30 17:01:08 876] - BundleBroadcast::BundleBroadcast: Cannot bind to port 20250, errorno=10048
 WARNING cellappmgr-1 10103 6000  [2018-07-30 17:01:09 877] - Components::findComponents: find dbmgr(151)...
delay time is too long, please check the dbmgr logs!
 WARNING cellappmgr-1 10103 6000  [2018-07-30 17:01:11 977] - Components::findComponents: find dbmgr(152)...
delay time is too long, please check the dbmgr logs!
 WARNING cellappmgr-1 10103 6000  [2018-07-30 17:01:14 014] - Components::findComponents: find dbmgr(153)...
delay time is too long, please check the dbmgr logs!
 WARNING cellappmgr-1 10103 6000  [2018-07-30 17:01:16 037] - Components::findComponents: find dbmgr(154)...
delay time is too long, please check the dbmgr logs!
 WARNING cellappmgr-1 10103 6000  [2018-07-30 17:01:18 077] - Components::findComponents: find dbmgr(155)...
delay time is too long, please check the dbmgr logs!
 WARNING cellappmgr-1 10103 6000  [2018-07-30 17:01:20 097] - Components::findComponents: find dbmgr(156)...
delay time is too long, please check the dbmgr logs!
 WARNING cellappmgr-1 10103 6000  [2018-07-30 17:01:22 118] - Components::findComponents: find dbmgr(157)...
delay time is too long, please check the dbmgr logs!
 WARNING cellappmgr-1 10103 6000  [2018-07-30 17:01:24 157] - Components::findComponents: find dbmgr(158)...
delay time is too long, please check the dbmgr logs!
 WARNING cellappmgr-1 10103 6000  [2018-07-30 17:01:26 177] - Components::findComponents: find dbmgr(159)...
delay time is too long, please check the dbmgr logs!
 WARNING cellappmgr-1 10103 6000  [2018-07-30 17:01:26 512] - BundleBroadcast::BundleBroadcast: Cannot bind to port 20086, errorno=10048
 WARNING cellappmgr-1 10103 6000  [2018-07-30 17:01:27 515] - Components::findComponents: find dbmgr(160)...
delay time is too long, please check the dbmgr logs!
 WARNING cellappmgr-1 10103 6000  [2018-07-30 17:01:29 615] - Components::findComponents: find dbmgr(161)...
delay time is too long, please check the dbmgr logs!
 WARNING cellappmgr-1 10103 6000  [2018-07-30 17:01:31 657] - Components::findComponents: find dbmgr(162)...
delay time is too long, please check the dbmgr logs!
 WARNING cellappmgr-1 10103 6000  [2018-07-30 17:01:33 677] - Components::findComponents: find dbmgr(163)...
delay time is too long, please check the dbmgr logs!
 WARNING cellappmgr-1 10103 6000  [2018-07-30 17:01:35 697] - Components::findComponents: find dbmgr(164)...
delay time is too long, please check the dbmgr logs!
 WARNING cellappmgr-1 10103 6000  [2018-07-30 17:01:37 737] - Components::findComponents: find dbmgr(165)...
delay time is too long, please check the dbmgr logs!
 WARNING cellappmgr-1 10103 6000  [2018-07-30 17:01:39 757] - Components::findComponents: find dbmgr(166)...
delay time is too long, please check the dbmgr logs!
 WARNING cellappmgr-1 10103 6000  [2018-07-30 17:01:41 777] - Components::findComponents: find dbmgr(167)...
delay time is too long, please check the dbmgr logs!
 WARNING cellappmgr-1 10103 6000  [2018-07-30 17:01:43 815] - Components::findComponents: find dbmgr(168)...
delay time is too long, please check the dbmgr logs!
 WARNING cellappmgr-1 10103 6000  [2018-07-30 17:01:45 837] - Components::findComponents: find dbmgr(169)...
delay time is too long, please check the dbmgr logs!
 WARNING cellappmgr-1 10103 6000  [2018-07-30 17:01:47 877] - Components::findComponents: find dbmgr(170)...
delay time is too long, please check the dbmgr logs!
 WARNING cellappmgr-1 10103 6000  [2018-07-30 17:01:49 897] - Components::findComponents: find dbmgr(171)...
delay time is too long, please check the dbmgr logs!
 WARNING cellappmgr-1 10103 6000  [2018-07-30 17:01:51 914] - Components::findComponents: find dbmgr(172)...
delay time is too long, please check the dbmgr logs!
 WARNING cellappmgr-1 10103 6000  [2018-07-30 17:01:53 957] - Components::findComponents: find dbmgr(173)...
delay time is too long, please check the dbmgr logs!
 WARNING cellappmgr-1 10103 6000  [2018-07-30 17:01:55 977] - Components::findComponents: find dbmgr(174)...
delay time is too long, please check the dbmgr logs!
 WARNING cellappmgr-1 10103 6000  [2018-07-30 17:01:57 997] - Components::findComponents: find dbmgr(175)...
delay time is too long, please check the dbmgr logs!
 WARNING cellappmgr-1 10103 6000  [2018-07-30 17:02:00 037] - Components::findComponents: find dbmgr(176)...
delay time is too long, please check the dbmgr logs!
 WARNING cellappmgr-1 10103 6000  [2018-07-30 17:02:02 057] - Components::findComponents: find dbmgr(177)...
delay time is too long, please check the dbmgr logs!
 WARNING cellappmgr-1 10103 6000  [2018-07-30 17:02:04 097] - Components::findComponents: find dbmgr(178)...
delay time is too long, please check the dbmgr logs!
 WARNING cellappmgr-1 10103 6000  [2018-07-30 17:02:06 115] - Components::findComponents: find dbmgr(179)...
delay time is too long, please check the dbmgr logs!
 WARNING cellappmgr-1 10103 6000  [2018-07-30 17:02:08 137] - Components::findComponents: find dbmgr(180)...
delay time is too long, please check the dbmgr logs!
 WARNING cellappmgr-1 10103 6000  [2018-07-30 17:02:10 177] - Components::findComponents: find dbmgr(181)...
delay time is too long, please check the dbmgr logs!
 WARNING cellappmgr-1 10103 6000  [2018-07-30 17:02:12 197] - Components::findComponents: find dbmgr(182)...
delay time is too long, please check the dbmgr logs!
 WARNING cellappmgr-1 10103 6000  [2018-07-30 17:02:14 215] - Components::findComponents: find dbmgr(183)...
delay time is too long, please check the dbmgr logs!
 WARNING cellappmgr-1 10103 6000  [2018-07-30 17:02:16 257] - Components::findComponents: find dbmgr(184)...
delay time is too long, please check the dbmgr logs!
 WARNING cellappmgr-1 10103 6000  [2018-07-30 17:02:18 277] - Components::findComponents: find dbmgr(185)...
delay time is too long, please check the dbmgr logs!
 WARNING cellappmgr-1 10103 6000  [2018-07-30 17:02:20 297] - Components::findComponents: find dbmgr(186)...
delay time is too long, please check the dbmgr logs!
 WARNING cellappmgr-1 10103 6000  [2018-07-30 17:02:20 634] - BundleBroadcast::BundleBroadcast: Cannot bind to port 20228, errorno=10048
 WARNING cellappmgr-1 10103 6000  [2018-07-30 17:02:21 637] - Components::findComponents: find dbmgr(187)...
delay time is too long, please check the dbmgr logs!
 WARNING cellappmgr-1 10103 6000  [2018-07-30 17:02:23 758] - Components::findComponents: find dbmgr(188)...
delay time is too long, please check the dbmgr logs!
 WARNING cellappmgr-1 10103 6000  [2018-07-30 17:02:25 777] - Components::findComponents: find dbmgr(189)...
delay time is too long, please check the dbmgr logs!
 WARNING cellappmgr-1 10103 6000  [2018-07-30 17:02:27 797] - Components::findComponents: find dbmgr(190)...
delay time is too long, please check the dbmgr logs!
 WARNING cellappmgr-1 10103 6000  [2018-07-30 17:02:29 837] - Components::findComponents: find dbmgr(191)...
delay time is too long, please check the dbmgr logs!
 WARNING cellappmgr-1 10103 6000  [2018-07-30 17:02:31 857] - Components::findComponents: find dbmgr(192)...
delay time is too long, please check the dbmgr logs!
 WARNING cellappmgr-1 10103 6000  [2018-07-30 17:02:33 897] - Components::findComponents: find dbmgr(193)...
delay time is too long, please check the dbmgr logs!
 WARNING cellappmgr-1 10103 6000  [2018-07-30 17:02:35 914] - Components::findComponents: find dbmgr(194)...
delay time is too long, please check the dbmgr logs!
 WARNING cellappmgr-1 10103 6000  [2018-07-30 17:02:37 937] - Components::findComponents: find dbmgr(195)...
delay time is too long, please check the dbmgr logs!
 WARNING cellappmgr-1 10103 6000  [2018-07-30 17:02:39 977] - Components::findComponents: find dbmgr(196)...
delay time is too long, please check the dbmgr logs!
 WARNING cellappmgr-1 10103 6000  [2018-07-30 17:02:41 997] - Components::findComponents: find dbmgr(197)...
delay time is too long, please check the dbmgr logs!
 WARNING cellappmgr-1 10103 6000  [2018-07-30 17:02:44 017] - Components::findComponents: find dbmgr(198)...
delay time is too long, please check the dbmgr logs!
 WARNING cellappmgr-1 10103 6000  [2018-07-30 17:02:46 057] - Components::findComponents: find dbmgr(199)...
delay time is too long, please check the dbmgr logs!
 WARNING cellappmgr-1 10103 6000  [2018-07-30 17:02:48 077] - Components::findComponents: find dbmgr(200)...
delay time is too long, please check the dbmgr logs!
 WARNING cellappmgr-1 10103 6000  [2018-07-30 17:02:50 114] - Components::findComponents: find dbmgr(201)...
delay time is too long, please check the dbmgr logs!
 WARNING cellappmgr-1 10103 6000  [2018-07-30 17:02:52 137] - Components::findComponents: find dbmgr(202)...
delay time is too long, please check the dbmgr logs!
 WARNING cellappmgr-1 10103 6000  [2018-07-30 17:02:54 157] - Components::findComponents: find dbmgr(203)...
delay time is too long, please check the dbmgr logs!
 WARNING cellappmgr-1 10103 6000  [2018-07-30 17:02:56 177] - Components::findComponents: find dbmgr(204)...
delay time is too long, please check the dbmgr logs!
 WARNING cellappmgr-1 10103 6000  [2018-07-30 17:02:58 214] - Components::findComponents: find dbmgr(205)...
delay time is too long, please check the dbmgr logs!
 WARNING cellappmgr-1 10103 6000  [2018-07-30 17:03:00 237] - Components::findComponents: find dbmgr(206)...
delay time is too long, please check the dbmgr logs!
 WARNING cellappmgr-1 10103 6000  [2018-07-30 17:03:02 277] - Components::findComponents: find dbmgr(207)...
delay time is too long, please check the dbmgr logs!
 WARNING cellappmgr-1 10103 6000  [2018-07-30 17:03:04 297] - Components::findComponents: find dbmgr(208)...
delay time is too long, please check the dbmgr logs!
 WARNING cellappmgr-1 10103 6000  [2018-07-30 17:03:06 317] - Components::findComponents: find dbmgr(209)...
delay time is too long, please check the dbmgr logs!
 WARNING cellappmgr-1 10103 6000  [2018-07-30 17:03:08 356] - Components::findComponents: find dbmgr(210)...
delay time is too long, please check the dbmgr logs!
 WARNING cellappmgr-1 10103 6000  [2018-07-30 17:03:10 378] - Components::findComponents: find dbmgr(211)...
delay time is too long, please check the dbmgr logs!
 WARNING cellappmgr-1 10103 6000  [2018-07-30 17:03:12 397] - Components::findComponents: find dbmgr(212)...
delay time is too long, please check the dbmgr logs!
 WARNING cellappmgr-1 10103 6000  [2018-07-30 17:03:14 437] - Components::findComponents: find dbmgr(213)...
delay time is too long, please check the dbmgr logs!
 WARNING cellappmgr-1 10103 6000  [2018-07-30 17:03:16 457] - Components::findComponents: find dbmgr(214)...
delay time is too long, please check the dbmgr logs!
 WARNING cellappmgr-1 10103 6000  [2018-07-30 17:03:18 477] - Components::findComponents: find dbmgr(215)...
delay time is too long, please check the dbmgr logs!
 WARNING cellappmgr-1 10103 6000  [2018-07-30 17:03:20 514] - Components::findComponents: find dbmgr(216)...
delay time is too long, please check the dbmgr logs!
 WARNING cellappmgr-1 10103 6000  [2018-07-30 17:03:22 537] - Components::findComponents: find dbmgr(217)...
delay time is too long, please check the dbmgr logs!
 WARNING cellappmgr-1 10103 6000  [2018-07-30 17:03:24 557] - Components::findComponents: find dbmgr(218)...
delay time is too long, please check the dbmgr logs!
 WARNING cellappmgr-1 10103 6000  [2018-07-30 17:03:26 597] - Components::findComponents: find dbmgr(219)...
delay time is too long, please check the dbmgr logs!
 WARNING cellappmgr-1 10103 6000  [2018-07-30 17:03:28 614] - Components::findComponents: find dbmgr(220)...
delay time is too long, please check the dbmgr logs!
 WARNING cellappmgr-1 10103 6000  [2018-07-30 17:03:30 637] - Components::findComponents: find dbmgr(221)...
delay time is too long, please check the dbmgr logs!
 WARNING cellappmgr-1 10103 6000  [2018-07-30 17:03:32 677] - Components::findComponents: find dbmgr(222)...
delay time is too long, please check the dbmgr logs!
 WARNING cellappmgr-1 10103 6000  [2018-07-30 17:03:34 697] - Components::findComponents: find dbmgr(223)...
delay time is too long, please check the dbmgr logs!
 WARNING cellappmgr-1 10103 6000  [2018-07-30 17:03:36 737] - Components::findComponents: find dbmgr(224)...
delay time is too long, please check the dbmgr logs!
 WARNING cellappmgr-1 10103 6000  [2018-07-30 17:03:38 757] - Components::findComponents: find dbmgr(225)...
delay time is too long, please check the dbmgr logs!
 WARNING cellappmgr-1 10103 6000  [2018-07-30 17:03:40 776] - Components::findComponents: find dbmgr(226)...
delay time is too long, please check the dbmgr logs!
 WARNING cellappmgr-1 10103 6000  [2018-07-30 17:03:42 814] - Components::findComponents: find dbmgr(227)...
delay time is too long, please check the dbmgr logs!
 WARNING cellappmgr-1 10103 6000  [2018-07-30 17:03:44 837] - Components::findComponents: find dbmgr(228)...
delay time is too long, please check the dbmgr logs!
 WARNING cellappmgr-1 10103 6000  [2018-07-30 17:03:46 857] - Components::findComponents: find dbmgr(229)...
delay time is too long, please check the dbmgr logs!
 WARNING cellappmgr-1 10103 6000  [2018-07-30 17:03:48 877] - Components::findComponents: find dbmgr(230)...
delay time is too long, please check the dbmgr logs!
 WARNING cellappmgr-1 10103 6000  [2018-07-30 17:03:50 914] - Components::findComponents: find dbmgr(231)...
delay time is too long, please check the dbmgr logs!
 WARNING cellappmgr-1 10103 6000  [2018-07-30 17:03:51 251] - BundleBroadcast::BundleBroadcast: Cannot bind to port 20210, errorno=10048
 WARNING cellappmgr-1 10103 6000  [2018-07-30 17:03:52 257] - Components::findComponents: find dbmgr(232)...
delay time is too long, please check the dbmgr logs!
 WARNING cellappmgr-1 10103 6000  [2018-07-30 17:03:54 357] - Components::findComponents: find dbmgr(233)...
delay time is too long, please check the dbmgr logs!
 WARNING cellappmgr-1 10103 6000  [2018-07-30 17:03:56 397] - Components::findComponents: find dbmgr(234)...
delay time is too long, please check the dbmgr logs!
 WARNING cellappmgr-1 10103 6000  [2018-07-30 17:03:58 414] - Components::findComponents: find dbmgr(235)...
delay time is too long, please check the dbmgr logs!
 WARNING cellappmgr-1 10103 6000  [2018-07-30 17:04:00 457] - Components::findComponents: find dbmgr(236)...
delay time is too long, please check the dbmgr logs!
 WARNING cellappmgr-1 10103 6000  [2018-07-30 17:04:02 477] - Components::findComponents: find dbmgr(237)...
delay time is too long, please check the dbmgr logs!
 WARNING cellappmgr-1 10103 6000  [2018-07-30 17:04:04 497] - Components::findComponents: find dbmgr(238)...
delay time is too long, please check the dbmgr logs!
 WARNING cellappmgr-1 10103 6000  [2018-07-30 17:04:06 537] - Components::findComponents: find dbmgr(239)...
delay time is too long, please check the dbmgr logs!
 WARNING cellappmgr-1 10103 6000  [2018-07-30 17:04:08 557] - Components::findComponents: find dbmgr(240)...
delay time is too long, please check the dbmgr logs!
 WARNING cellappmgr-1 10103 6000  [2018-07-30 17:04:10 577] - Components::findComponents: find dbmgr(241)...
delay time is too long, please check the dbmgr logs!
 WARNING cellappmgr-1 10103 6000  [2018-07-30 17:04:12 615] - Components::findComponents: find dbmgr(242)...
delay time is too long, please check the dbmgr logs!
 WARNING cellappmgr-1 10103 6000  [2018-07-30 17:04:14 636] - Components::findComponents: find dbmgr(243)...
delay time is too long, please check the dbmgr logs!
 WARNING cellappmgr-1 10103 6000  [2018-07-30 17:04:16 677] - Components::findComponents: find dbmgr(244)...
delay time is too long, please check the dbmgr logs!
 WARNING cellappmgr-1 10103 6000  [2018-07-30 17:04:18 714] - Components::findComponents: find dbmgr(245)...
delay time is too long, please check the dbmgr logs!
 WARNING cellappmgr-1 10103 6000  [2018-07-30 17:04:20 738] - Components::findComponents: find dbmgr(246)...
delay time is too long, please check the dbmgr logs!
 WARNING cellappmgr-1 10103 6000  [2018-07-30 17:04:22 797] - Components::findComponents: find dbmgr(247)...
delay time is too long, please check the dbmgr logs!
