    INFO      dbmgr-1 10103 4000  [2018-08-03 17:11:47 681] - -----------------------------------------------------------------------------------------


    INFO      dbmgr-1 10103 4000  [2018-08-03 17:11:47 683] - Resmgr::initialize: KBE_ROOT=D:/kbengine/
    INFO      dbmgr-1 10103 4000  [2018-08-03 17:11:47 683] - Resmgr::initialize: KBE_RES_PATH=D:/kbengine/kbe/res/;D:/kbengine/assets_Battle of Gods/;D:/kbengine/assets_Battle of Gods/scripts/;D:/kbengine/assets_Battle of Gods/res/
    INFO      dbmgr-1 10103 4000  [2018-08-03 17:11:47 683] - Resmgr::initialize: KBE_BIN_PATH=D:/kbengine/kbe/bin/server/
    INFO      dbmgr-1 10103 4000  [2018-08-03 17:11:47 706] - NetworkInterface::initialize(INTERNAL): bound to all interfaces with default route interface on 10.139.66.192 ( 10.139.66.192:3185 )
    INFO      dbmgr-1 10103 4000  [2018-08-03 17:11:47 706] - NetworkInterface::initialize(INTERNAL): address 10.139.66.192:3185, SOMAXCONN=5.
    INFO      dbmgr-1 10103 4000  [2018-08-03 17:11:47 706] - server-configs:
    INFO      dbmgr-1 10103 4000  [2018-08-03 17:11:47 707] - 	internalAddr : 10.139.66.192:3185
    INFO      dbmgr-1 10103 4000  [2018-08-03 17:11:47 707] - 	componentID : 4000
    INFO      dbmgr-1 10103 4000  [2018-08-03 17:11:47 816] - Components::findLogger: found logger, addr:10.139.66.192:3142
    INFO      dbmgr-1 10103 4000  [2018-08-03 17:11:47 816] - Components::addComponent: reset orderLog, uid=10103!
    INFO      dbmgr-1 10103 4000  [2018-08-03 17:11:47 817] - Components::addComponent[logger], uid=10103, componentID=2000, globalorderid=1, grouporderid=1, totalcount=1
    INFO      dbmgr-1 10103 4000  [2018-08-03 17:11:47 828] - ---- dbmgr Version: 2.0.0. ScriptVersion: 0.1.0. Protocol: F28F1C37BCC70CD27B77841D4A30E3D7. Config: Debug X86. Built: 16:26:54 Apr 30 2018. AppID: 4000. UID: 10103. PID: 9800 ----
    INFO      dbmgr-1 10103 4000  [2018-08-03 17:11:47 828] - Server : Intel(R) Core(TM) i7-6700HQ CPU @ 2.60GHz with 2097151kB RAM
    INFO      dbmgr-1 10103 4000  [2018-08-03 17:11:47 828] - ThreadPool::createThreadPool: creating  threadpool...
    INFO      dbmgr-1 10103 4000  [2018-08-03 17:11:47 829] - ThreadPool::createThreadPool: successfully(2), newThreadCount=1, normalMaxThreadCount=2, maxThreadCount=8
   DEBUG      dbmgr-1 10103 4000  [2018-08-03 17:11:48 034] - Script::install_py_dlls(): PyInit_pyexpat
   DEBUG      dbmgr-1 10103 4000  [2018-08-03 17:11:48 035] - Script::install_py_dlls(): PyInit__socket
   DEBUG      dbmgr-1 10103 4000  [2018-08-03 17:11:48 036] - Script::install_py_dlls(): PyInit__ssl
   DEBUG      dbmgr-1 10103 4000  [2018-08-03 17:11:48 041] - Script::install_py_dlls(): PyInit__hashlib
   DEBUG      dbmgr-1 10103 4000  [2018-08-03 17:11:48 041] - Script::install_py_dlls(): PyInit_select
   DEBUG      dbmgr-1 10103 4000  [2018-08-03 17:11:48 042] - Script::install_py_dlls(): PyInit__ctypes
   DEBUG      dbmgr-1 10103 4000  [2018-08-03 17:11:48 043] - Script::install_py_dlls(): PyInit__elementtree
   DEBUG      dbmgr-1 10103 4000  [2018-08-03 17:11:48 097] - Script::install_py_dlls(): PyInit_unicodedata
    INFO      dbmgr-1 10103 4000  [2018-08-03 17:11:48 152] - Script::install(): is successfully, Python=(3.4.2 (default, Apr 30 2018, 16:26:41) [MSC v.1900 32 bit (Intel)])!
    INFO      dbmgr-1 10103 4000  [2018-08-03 17:11:48 152] - Script::install(): KBExtra is successfully!
    INFO      dbmgr-1 10103 4000  [2018-08-03 17:11:48 604] - Dbmgr::initializeEnd: digest(7273B7889FE6F3F5681A6DEE25574F9D)
  S_INFO      dbmgr-1 10103 4000  [2018-08-03 17:11:48 604] - onDBMgrReady: bootstrapGroupIndex=0, bootstrapGlobalIndex=0
    INFO      dbmgr-1 10103 4000  [2018-08-03 17:11:48 605] - TelnetServer server is running on port 32000
    INFO      dbmgr-1 10103 4000  [2018-08-03 17:11:48 606] - Dbmgr::initInterfacesHandler: interfaces addr(127.0.0.1:30099), accountType:(interfaces), chargeType:(interfaces).
 WARNING      dbmgr-1 10103 4000  [2018-08-03 17:11:48 964] - DBUtil::initialize: db(default) password is not encrypted!
please use password(rsa):
6AB25FE740A2C56AFA7C2F74D428C426064C672F272C68CE5C46D3283C2F208B71A742600EBB63AE57ECE685B435E363A1F213225908F7EC3C08561435FFC260D7F0D91A2AA55078D8A9A5F8001D3E6DFFC9E7AC301609BFF5060D5A97F349FDE6645343CB7D9352864D483BB197755AB9A2D88C2945293FF953D574B98DAE44
   DEBUG      dbmgr-1 10103 4000  [2018-08-03 17:11:49 027] - DBInterfaceMysql::attach: connect: localhost:3306 starting...
   ERROR      dbmgr-1 10103 4000  [2018-08-03 17:11:51 035] - DBInterfaceMysql::attach: mysql_errno=2003, mysql_error=Can't connect to MySQL server on 'localhost' (10061)
   ERROR      dbmgr-1 10103 4000  [2018-08-03 17:11:51 037] - DBUtil::createInterface: attach to database failed!
	dbinterface=0xcff0a0
	args=interface=default, dbtype=mysql, ip=localhost, port=3306, currdatabase=Battle_of_Gods, username=root, connected=no.

   ERROR      dbmgr-1 10103 4000  [2018-08-03 17:11:51 038] - Dbmgr::initDB(): can't create dbInterface!
 WARNING      dbmgr-1 10103 4000  [2018-08-03 17:11:51 039] - dbmgr.cpp:275: Profile scriptCall took 2.43 seconds
   ERROR      dbmgr-1 10103 4000  [2018-08-03 17:11:51 040] - app::initialize(): initialization failed!
   DEBUG      dbmgr-1 10103 4000  [2018-08-03 17:11:51 041] - ThreadPool::destroy(): starting size 0.
   DEBUG      dbmgr-1 10103 4000  [2018-08-03 17:11:51 442] - ThreadPool::destroy(): successfully!
   DEBUG      dbmgr-1 10103 4000  [2018-08-03 17:11:51 442] - Script::uninstall_py_dlls(): PyInit_pyexpat
   DEBUG      dbmgr-1 10103 4000  [2018-08-03 17:11:51 442] - Script::uninstall_py_dlls(): PyInit__socket
   DEBUG      dbmgr-1 10103 4000  [2018-08-03 17:11:51 443] - Script::uninstall_py_dlls(): PyInit__ssl
   DEBUG      dbmgr-1 10103 4000  [2018-08-03 17:11:51 443] - Script::uninstall_py_dlls(): PyInit__hashlib
   DEBUG      dbmgr-1 10103 4000  [2018-08-03 17:11:51 443] - Script::uninstall_py_dlls(): PyInit_select
   DEBUG      dbmgr-1 10103 4000  [2018-08-03 17:11:51 443] - Script::uninstall_py_dlls(): PyInit__ctypes
   DEBUG      dbmgr-1 10103 4000  [2018-08-03 17:11:51 443] - Script::uninstall_py_dlls(): PyInit__elementtree
   DEBUG      dbmgr-1 10103 4000  [2018-08-03 17:11:51 443] - Script::uninstall_py_dlls(): PyInit_unicodedata
    INFO      dbmgr-1 10103 4000  [2018-08-03 17:11:51 453] - Script::uninstall(): is successfully!
   DEBUG      dbmgr-1 10103 4000  [2018-08-03 17:11:51 454] - ThreadPool::destroy(): starting size 2.
 WARNING      dbmgr-1 10103 4000  [2018-08-03 17:11:51 755] - ThreadPool::destroy(): waiting for thread(2)[0x173578,0x173440,], try=1
   DEBUG      dbmgr-1 10103 4000  [2018-08-03 17:11:52 174] - TPThread::~TPThread(): 0x173578
   DEBUG      dbmgr-1 10103 4000  [2018-08-03 17:11:52 174] - TPThread::~TPThread(): 0x173440
   DEBUG      dbmgr-1 10103 4000  [2018-08-03 17:11:52 174] - ThreadPool::destroy(): successfully!
   DEBUG      dbmgr-1 10103 4000  [2018-08-03 17:11:52 175] - Bundle::destroyObjPool(): size 11.
   DEBUG      dbmgr-1 10103 4000  [2018-08-03 17:11:52 175] - Channel::destroyObjPool(): size 14.
   DEBUG      dbmgr-1 10103 4000  [2018-08-03 17:11:52 175] - TCPPacket::destroyObjPool(): size 0.
   DEBUG      dbmgr-1 10103 4000  [2018-08-03 17:11:52 175] - UDPPacket::destroyObjPool(): size 14.
   DEBUG      dbmgr-1 10103 4000  [2018-08-03 17:11:52 175] - EndPoint::destroyObjPool(): size 14.
   DEBUG      dbmgr-1 10103 4000  [2018-08-03 17:11:52 176] - Address::destroyObjPool(): size 0.
   DEBUG      dbmgr-1 10103 4000  [2018-08-03 17:11:52 176] - TCPPacketReceiver::destroyObjPool(): size 0.
   DEBUG      dbmgr-1 10103 4000  [2018-08-03 17:11:52 176] - UDPPacketReceiver::destroyObjPool(): size 0.
    INFO      dbmgr-1 10103 4000  [2018-08-03 17:12:44 103] - -----------------------------------------------------------------------------------------


    INFO      dbmgr-1 10103 4000  [2018-08-03 17:12:44 105] - Resmgr::initialize: KBE_ROOT=D:/kbengine/
    INFO      dbmgr-1 10103 4000  [2018-08-03 17:12:44 105] - Resmgr::initialize: KBE_RES_PATH=D:/kbengine/kbe/res/;D:/kbengine/assets_Battle of Gods/;D:/kbengine/assets_Battle of Gods/scripts/;D:/kbengine/assets_Battle of Gods/res/
    INFO      dbmgr-1 10103 4000  [2018-08-03 17:12:44 105] - Resmgr::initialize: KBE_BIN_PATH=D:/kbengine/kbe/bin/server/
    INFO      dbmgr-1 10103 4000  [2018-08-03 17:12:44 119] - NetworkInterface::initialize(INTERNAL): bound to all interfaces with default route interface on 10.139.66.192 ( 10.139.66.192:3706 )
    INFO      dbmgr-1 10103 4000  [2018-08-03 17:12:44 120] - NetworkInterface::initialize(INTERNAL): address 10.139.66.192:3706, SOMAXCONN=5.
    INFO      dbmgr-1 10103 4000  [2018-08-03 17:12:44 120] - server-configs:
    INFO      dbmgr-1 10103 4000  [2018-08-03 17:12:44 120] - 	internalAddr : 10.139.66.192:3706
    INFO      dbmgr-1 10103 4000  [2018-08-03 17:12:44 120] - 	componentID : 4000
    INFO      dbmgr-1 10103 4000  [2018-08-03 17:12:44 420] - Components::findLogger: found logger, addr:10.139.66.192:3696
    INFO      dbmgr-1 10103 4000  [2018-08-03 17:12:44 420] - Components::addComponent: reset orderLog, uid=10103!
    INFO      dbmgr-1 10103 4000  [2018-08-03 17:12:44 420] - Components::addComponent[logger], uid=10103, componentID=2000, globalorderid=1, grouporderid=1, totalcount=1
    INFO      dbmgr-1 10103 4000  [2018-08-03 17:12:44 427] - ---- dbmgr Version: 2.0.0. ScriptVersion: 0.1.0. Protocol: F28F1C37BCC70CD27B77841D4A30E3D7. Config: Debug X86. Built: 16:26:54 Apr 30 2018. AppID: 4000. UID: 10103. PID: 5160 ----
    INFO      dbmgr-1 10103 4000  [2018-08-03 17:12:44 428] - Server : Intel(R) Core(TM) i7-6700HQ CPU @ 2.60GHz with 2097151kB RAM
    INFO      dbmgr-1 10103 4000  [2018-08-03 17:12:44 428] - ThreadPool::createThreadPool: creating  threadpool...
    INFO      dbmgr-1 10103 4000  [2018-08-03 17:12:44 428] - ThreadPool::createThreadPool: successfully(2), newThreadCount=1, normalMaxThreadCount=2, maxThreadCount=8
   DEBUG      dbmgr-1 10103 4000  [2018-08-03 17:12:44 583] - Script::install_py_dlls(): PyInit_pyexpat
   DEBUG      dbmgr-1 10103 4000  [2018-08-03 17:12:44 584] - Script::install_py_dlls(): PyInit__socket
   DEBUG      dbmgr-1 10103 4000  [2018-08-03 17:12:44 584] - Script::install_py_dlls(): PyInit__ssl
   DEBUG      dbmgr-1 10103 4000  [2018-08-03 17:12:44 588] - Script::install_py_dlls(): PyInit__hashlib
   DEBUG      dbmgr-1 10103 4000  [2018-08-03 17:12:44 589] - Script::install_py_dlls(): PyInit_select
   DEBUG      dbmgr-1 10103 4000  [2018-08-03 17:12:44 589] - Script::install_py_dlls(): PyInit__ctypes
   DEBUG      dbmgr-1 10103 4000  [2018-08-03 17:12:44 590] - Script::install_py_dlls(): PyInit__elementtree
   DEBUG      dbmgr-1 10103 4000  [2018-08-03 17:12:44 688] - Script::install_py_dlls(): PyInit_unicodedata
    INFO      dbmgr-1 10103 4000  [2018-08-03 17:12:44 740] - Script::install(): is successfully, Python=(3.4.2 (default, Apr 30 2018, 16:26:41) [MSC v.1900 32 bit (Intel)])!
    INFO      dbmgr-1 10103 4000  [2018-08-03 17:12:44 740] - Script::install(): KBExtra is successfully!
    INFO      dbmgr-1 10103 4000  [2018-08-03 17:12:44 770] - Dbmgr::initializeEnd: digest(7273B7889FE6F3F5681A6DEE25574F9D)
  S_INFO      dbmgr-1 10103 4000  [2018-08-03 17:12:44 771] - onDBMgrReady: bootstrapGroupIndex=0, bootstrapGlobalIndex=0
    INFO      dbmgr-1 10103 4000  [2018-08-03 17:12:44 771] - TelnetServer server is running on port 32000
    INFO      dbmgr-1 10103 4000  [2018-08-03 17:12:44 771] - Dbmgr::initInterfacesHandler: interfaces addr(127.0.0.1:30099), accountType:(interfaces), chargeType:(interfaces).
 WARNING      dbmgr-1 10103 4000  [2018-08-03 17:12:45 122] - DBUtil::initialize: db(default) password is not encrypted!
please use password(rsa):
4B6068F985DF6AD52E1AF666B3A9EDDA9DFFB85245F1D9B0D1B413F4DF32E9C34A7D64D391FADD00B5F48194510D046D8984925BD1C6324DAF989A4787E06D2F788BA3E3B4E31F1AF6494D697E01707E67170330E83F6A263CB57F6CEB314580999BFE4BF46D0FBA93529D4FFE3971890B7308E0EE9EE9DA93706DEAA22867E6
   DEBUG      dbmgr-1 10103 4000  [2018-08-03 17:12:45 131] - DBInterfaceMysql::attach: connect: localhost:3306 starting...
   DEBUG      dbmgr-1 10103 4000  [2018-08-03 17:12:45 204] - DBInterfaceMysql::attach: successfully! addr: localhost:3306
    INFO      dbmgr-1 10103 4000  [2018-08-03 17:12:45 204] - DBUtil::createInterface[0x24ff538]: interface=default, dbtype=mysql, ip=localhost, port=3306, currdatabase=Battle_of_Gods, username=root, connected=yes.

    INFO      dbmgr-1 10103 4000  [2018-08-03 17:12:45 205] - ThreadPool::createThreadPool: creating  threadpool...
    INFO      dbmgr-1 10103 4000  [2018-08-03 17:12:45 205] - ThreadPool::createThreadPool: successfully(5), newThreadCount=5, normalMaxThreadCount=5, maxThreadCount=5
    INFO      dbmgr-1 10103 4000  [2018-08-03 17:12:45 311] - DBInterfaceMysql::query: successfully!
    INFO      dbmgr-1 10103 4000  [2018-08-03 17:12:45 313] - DBInterfaceMysql::query: successfully!
 WARNING      dbmgr-1 10103 4000  [2018-08-03 17:12:45 894] - dbmgr.cpp:275: Profile scriptCall took 1.12 seconds
    INFO      dbmgr-1 10103 4000  [2018-08-03 17:12:46 450] - ---- dbmgr is running ----
   DEBUG      dbmgr-1 10103 4000  [2018-08-03 17:12:46 450] - Components::process(): Request for the process of identity...
   DEBUG      dbmgr-1 10103 4000  [2018-08-03 17:12:45 205] - DBInterfaceMysql::attach: connect: localhost:3306 starting...
   DEBUG      dbmgr-1 10103 4000  [2018-08-03 17:12:45 205] - DBInterfaceMysql::attach: connect: localhost:3306 starting...
   DEBUG      dbmgr-1 10103 4000  [2018-08-03 17:12:45 206] - DBInterfaceMysql::attach: connect: localhost:3306 starting...
   DEBUG      dbmgr-1 10103 4000  [2018-08-03 17:12:45 208] - DBInterfaceMysql::attach: connect: localhost:3306 starting...
   DEBUG      dbmgr-1 10103 4000  [2018-08-03 17:12:45 212] - DBInterfaceMysql::attach: connect: localhost:3306 starting...
   DEBUG      dbmgr-1 10103 4000  [2018-08-03 17:12:45 213] - DBInterfaceMysql::attach: successfully! addr: localhost:3306
   DEBUG      dbmgr-1 10103 4000  [2018-08-03 17:12:45 213] - DBThread::onStart(): 0x27e1808!
   DEBUG      dbmgr-1 10103 4000  [2018-08-03 17:12:45 214] - DBInterfaceMysql::attach: successfully! addr: localhost:3306
   DEBUG      dbmgr-1 10103 4000  [2018-08-03 17:12:45 214] - DBThread::onStart(): 0x27e0f88!
   DEBUG      dbmgr-1 10103 4000  [2018-08-03 17:12:45 215] - DBInterfaceMysql::attach: successfully! addr: localhost:3306
   DEBUG      dbmgr-1 10103 4000  [2018-08-03 17:12:45 215] - DBThread::onStart(): 0x27e0bd0!
   DEBUG      dbmgr-1 10103 4000  [2018-08-03 17:12:45 217] - DBInterfaceMysql::attach: successfully! addr: localhost:3306
   DEBUG      dbmgr-1 10103 4000  [2018-08-03 17:12:45 217] - DBThread::onStart(): 0x27e0c58!
   DEBUG      dbmgr-1 10103 4000  [2018-08-03 17:12:45 218] - DBInterfaceMysql::attach: successfully! addr: localhost:3306
   DEBUG      dbmgr-1 10103 4000  [2018-08-03 17:12:45 218] - DBThread::onStart(): 0x27e1780!
    INFO      dbmgr-1 10103 4000  [2018-08-03 17:12:45 329] - DBInterfaceMysql::query: successfully!
    INFO      dbmgr-1 10103 4000  [2018-08-03 17:12:45 329] - DBInterfaceMysql::query: successfully!
    INFO      dbmgr-1 10103 4000  [2018-08-03 17:12:45 330] - DBInterfaceMysql::query: successfully!
    INFO      dbmgr-1 10103 4000  [2018-08-03 17:12:45 330] - DBInterfaceMysql::query: successfully!
    INFO      dbmgr-1 10103 4000  [2018-08-03 17:12:45 335] - DBInterfaceMysql::query: successfully!
    INFO      dbmgr-1 10103 4000  [2018-08-03 17:12:45 336] - DBInterfaceMysql::query: successfully!
    INFO      dbmgr-1 10103 4000  [2018-08-03 17:12:45 337] - DBInterfaceMysql::query: successfully!
    INFO      dbmgr-1 10103 4000  [2018-08-03 17:12:45 343] - DBInterfaceMysql::query: successfully!
   DEBUG      dbmgr-1 10103 4000  [2018-08-03 17:12:45 447] - syncToDB(): Space->sm_autoLoad(tinyint not null DEFAULT 0).
   DEBUG      dbmgr-1 10103 4000  [2018-08-03 17:12:45 447] - syncToDB(): Spaces->sm_autoLoad(tinyint not null DEFAULT 0).
    INFO      dbmgr-1 10103 4000  [2018-08-03 17:12:45 684] - DBInterfaceMysql::query: successfully!
    INFO      dbmgr-1 10103 4000  [2018-08-03 17:12:45 685] - DBInterfaceMysql::query: successfully!
   DEBUG      dbmgr-1 10103 4000  [2018-08-03 17:12:45 685] - syncToDB(): Space->sm_spaceKey(bigint unsigned not null DEFAULT 0).
 WARNING      dbmgr-1 10103 4000  [2018-08-03 17:12:45 686] - DBTask::process(): took 0.35 seconds
sql:(show index from tbl_Spaces)
   DEBUG      dbmgr-1 10103 4000  [2018-08-03 17:12:45 780] - syncToDB(): Space->sm_context(blob).
 WARNING      dbmgr-1 10103 4000  [2018-08-03 17:12:45 872] - DBTask::process(): took 0.53 seconds
sql:(show index from tbl_Space)
    INFO      dbmgr-1 10103 4000  [2018-08-03 17:12:53 750] - Components::process(): Found all the components!
    INFO      dbmgr-1 10103 4000  [2018-08-03 17:12:56 791] - ServerApp::onRegisterNewApp: uid:10103, username:, componentType:baseappmgr, componentID:5000, globalorderID=-1, grouporderID=-1, intaddr:10.139.66.192, intport:3708, extaddr:nonsupport, extport:0,  from 10.139.66.192:3848/0/0/0.
    INFO      dbmgr-1 10103 4000  [2018-08-03 17:12:56 791] - Components::addComponent: reset orderLog, uid=10103!
    INFO      dbmgr-1 10103 4000  [2018-08-03 17:12:56 791] - Components::addComponent[baseappmgr], uid=10103, componentID=5000, globalorderid=1, grouporderid=1, totalcount=1
    INFO      dbmgr-1 10103 4000  [2018-08-03 17:12:56 991] - ServerApp::onRegisterNewApp: uid:10103, username:, componentType:cellappmgr, componentID:6000, globalorderID=-1, grouporderID=-1, intaddr:10.139.66.192, intport:3714, extaddr:nonsupport, extport:0,  from 10.139.66.192:3851/0/0/0.
    INFO      dbmgr-1 10103 4000  [2018-08-03 17:12:56 991] - Components::addComponent[cellappmgr], uid=10103, componentID=6000, globalorderid=2, grouporderid=1, totalcount=1
    INFO      dbmgr-1 10103 4000  [2018-08-03 17:13:00 091] - ServerApp::onRegisterNewApp: uid:10103, username:, componentType:baseapp, componentID:7001, globalorderID=-1, grouporderID=-1, intaddr:10.139.66.192, intport:3735, extaddr:10.139.66.192, extport:20015,  from 10.139.66.192:3880/0/0/0.
    INFO      dbmgr-1 10103 4000  [2018-08-03 17:13:00 091] - Components::addComponent[baseapp], uid=10103, componentID=7001, globalorderid=3, grouporderid=1, totalcount=1
    INFO      dbmgr-1 10103 4000  [2018-08-03 17:13:01 711] - ServerApp::onRegisterNewApp: uid:10103, username:, componentType:cellapp, componentID:8001, globalorderID=-1, grouporderID=-1, intaddr:10.139.66.192, intport:3739, extaddr:nonsupport, extport:0,  from 10.139.66.192:3897/0/0/0.
    INFO      dbmgr-1 10103 4000  [2018-08-03 17:13:01 711] - Components::addComponent[cellapp], uid=10103, componentID=8001, globalorderid=4, grouporderid=1, totalcount=1
    INFO      dbmgr-1 10103 4000  [2018-08-03 17:13:02 350] - ServerApp::onRegisterNewApp: uid:10103, username:, componentType:loginapp, componentID:9000, globalorderID=-1, grouporderID=-1, intaddr:10.139.66.192, intport:3740, extaddr:10.139.66.192, extport:20013,  from 10.139.66.192:3909/0/0/0.
    INFO      dbmgr-1 10103 4000  [2018-08-03 17:13:02 350] - Components::addComponent[loginapp], uid=10103, componentID=9000, globalorderid=5, grouporderid=1, totalcount=1
    INFO      dbmgr-1 10103 4000  [2018-08-03 17:13:05 370] - IDServer::allocRange: 1-2001.
    INFO      dbmgr-1 10103 4000  [2018-08-03 17:13:05 371] - IDServer::allocRange: 2001-4001.
   DEBUG      dbmgr-1 10103 4000  [2018-08-03 17:13:05 371] - SyncAppDatasHandler::~SyncAppDatasHandler()
   DEBUG      dbmgr-1 10103 4000  [2018-08-03 17:13:07 470] - Dbmgr::DBTaskQueryEntity: Equipment, dbid=1, entityID=1, wasActive=0, queryMode=0, componentID=7001, success=0.
    INFO      dbmgr-1 10103 4000  [2018-08-03 17:13:07 470] - GlobalDataServer::broadcastDataChanged: writer(baseapp, addr=10.139.66.192:3880/0/0/0), keySize=10, valSize=49, isDelete=0
    INFO      dbmgr-1 10103 4000  [2018-08-03 17:14:00 358] - -----------------------------------------------------------------------------------------


    INFO      dbmgr-1 10103 4000  [2018-08-03 17:14:00 359] - Resmgr::initialize: KBE_ROOT=D:/kbengine/
    INFO      dbmgr-1 10103 4000  [2018-08-03 17:14:00 359] - Resmgr::initialize: KBE_RES_PATH=D:/kbengine/kbe/res/;D:/kbengine/assets_Battle of Gods/;D:/kbengine/assets_Battle of Gods/scripts/;D:/kbengine/assets_Battle of Gods/res/
    INFO      dbmgr-1 10103 4000  [2018-08-03 17:14:00 360] - Resmgr::initialize: KBE_BIN_PATH=D:/kbengine/kbe/bin/server/
    INFO      dbmgr-1 10103 4000  [2018-08-03 17:14:00 365] - NetworkInterface::initialize(INTERNAL): bound to all interfaces with default route interface on 10.139.66.192 ( 10.139.66.192:4365 )
    INFO      dbmgr-1 10103 4000  [2018-08-03 17:14:00 366] - NetworkInterface::initialize(INTERNAL): address 10.139.66.192:4365, SOMAXCONN=5.
    INFO      dbmgr-1 10103 4000  [2018-08-03 17:14:00 366] - server-configs:
    INFO      dbmgr-1 10103 4000  [2018-08-03 17:14:00 366] - 	internalAddr : 10.139.66.192:4365
    INFO      dbmgr-1 10103 4000  [2018-08-03 17:14:00 366] - 	componentID : 4000
    INFO      dbmgr-1 10103 4000  [2018-08-03 17:14:01 873] - ---- dbmgr Version: 2.0.0. ScriptVersion: 0.1.0. Protocol: F28F1C37BCC70CD27B77841D4A30E3D7. Config: Debug X86. Built: 16:26:54 Apr 30 2018. AppID: 4000. UID: 10103. PID: 14012 ----
    INFO      dbmgr-1 10103 4000  [2018-08-03 17:14:01 873] - Server : Intel(R) Core(TM) i7-6700HQ CPU @ 2.60GHz with 2097151kB RAM
    INFO      dbmgr-1 10103 4000  [2018-08-03 17:14:01 873] - ThreadPool::createThreadPool: creating  threadpool...
    INFO      dbmgr-1 10103 4000  [2018-08-03 17:14:01 874] - ThreadPool::createThreadPool: successfully(2), newThreadCount=1, normalMaxThreadCount=2, maxThreadCount=8
   DEBUG      dbmgr-1 10103 4000  [2018-08-03 17:14:02 019] - Script::install_py_dlls(): PyInit_pyexpat
   DEBUG      dbmgr-1 10103 4000  [2018-08-03 17:14:02 019] - Script::install_py_dlls(): PyInit__socket
   DEBUG      dbmgr-1 10103 4000  [2018-08-03 17:14:02 020] - Script::install_py_dlls(): PyInit__ssl
   DEBUG      dbmgr-1 10103 4000  [2018-08-03 17:14:02 025] - Script::install_py_dlls(): PyInit__hashlib
   DEBUG      dbmgr-1 10103 4000  [2018-08-03 17:14:02 026] - Script::install_py_dlls(): PyInit_select
   DEBUG      dbmgr-1 10103 4000  [2018-08-03 17:14:02 026] - Script::install_py_dlls(): PyInit__ctypes
   DEBUG      dbmgr-1 10103 4000  [2018-08-03 17:14:02 027] - Script::install_py_dlls(): PyInit__elementtree
   DEBUG      dbmgr-1 10103 4000  [2018-08-03 17:14:02 079] - Script::install_py_dlls(): PyInit_unicodedata
    INFO      dbmgr-1 10103 4000  [2018-08-03 17:14:02 129] - Script::install(): is successfully, Python=(3.4.2 (default, Apr 30 2018, 16:26:41) [MSC v.1900 32 bit (Intel)])!
    INFO      dbmgr-1 10103 4000  [2018-08-03 17:14:02 130] - Script::install(): KBExtra is successfully!
    INFO      dbmgr-1 10103 4000  [2018-08-03 17:14:02 164] - Dbmgr::initializeEnd: digest(7273B7889FE6F3F5681A6DEE25574F9D)
  S_INFO      dbmgr-1 10103 4000  [2018-08-03 17:14:02 164] - onDBMgrReady: bootstrapGroupIndex=0, bootstrapGlobalIndex=0
    INFO      dbmgr-1 10103 4000  [2018-08-03 17:14:02 165] - TelnetServer server is running on port 32000
    INFO      dbmgr-1 10103 4000  [2018-08-03 17:14:02 165] - Dbmgr::initInterfacesHandler: interfaces addr(127.0.0.1:30099), accountType:(interfaces), chargeType:(interfaces).
 WARNING      dbmgr-1 10103 4000  [2018-08-03 17:14:02 413] - DBUtil::initialize: db(default) password is not encrypted!
please use password(rsa):
62871230478F379E9E10FCA9F320CCEE0D0999079DECEBD0836217C375A638842D778E778C29FC5A699449A3CD2AA71267551064A3CCE5D63D20CBDEE1487FF8B2DDF04A6F9B1FA419478C26DBEFE6D5889E9E53206C4541BAEEEA34480EA5332F3C2A065FCAFA1E3FE130EFF40CB8112444622BB9C77DD4271BDD524159DAFB
   DEBUG      dbmgr-1 10103 4000  [2018-08-03 17:14:02 417] - DBInterfaceMysql::attach: connect: localhost:3306 starting...
   DEBUG      dbmgr-1 10103 4000  [2018-08-03 17:14:02 422] - DBInterfaceMysql::attach: successfully! addr: localhost:3306
    INFO      dbmgr-1 10103 4000  [2018-08-03 17:14:02 422] - DBUtil::createInterface[0x4ff3f8]: interface=default, dbtype=mysql, ip=localhost, port=3306, currdatabase=Battle_of_Gods, username=root, connected=yes.

    INFO      dbmgr-1 10103 4000  [2018-08-03 17:14:02 423] - ThreadPool::createThreadPool: creating  threadpool...
    INFO      dbmgr-1 10103 4000  [2018-08-03 17:14:02 423] - ThreadPool::createThreadPool: successfully(5), newThreadCount=5, normalMaxThreadCount=5, maxThreadCount=5
    INFO      dbmgr-1 10103 4000  [2018-08-03 17:14:02 529] - DBInterfaceMysql::query: successfully!
    INFO      dbmgr-1 10103 4000  [2018-08-03 17:14:02 532] - DBInterfaceMysql::query: successfully!
 WARNING      dbmgr-1 10103 4000  [2018-08-03 17:14:02 587] - dbmgr.cpp:275: Profile scriptCall took 0.42 seconds
    INFO      dbmgr-1 10103 4000  [2018-08-03 17:14:03 123] - ---- dbmgr is running ----
   DEBUG      dbmgr-1 10103 4000  [2018-08-03 17:14:03 123] - Components::process(): Request for the process of identity...
   DEBUG      dbmgr-1 10103 4000  [2018-08-03 17:14:02 424] - DBInterfaceMysql::attach: connect: localhost:3306 starting...
   DEBUG      dbmgr-1 10103 4000  [2018-08-03 17:14:02 424] - DBInterfaceMysql::attach: connect: localhost:3306 starting...
   DEBUG      dbmgr-1 10103 4000  [2018-08-03 17:14:02 424] - DBInterfaceMysql::attach: connect: localhost:3306 starting...
   DEBUG      dbmgr-1 10103 4000  [2018-08-03 17:14:02 424] - DBInterfaceMysql::attach: connect: localhost:3306 starting...
   DEBUG      dbmgr-1 10103 4000  [2018-08-03 17:14:02 425] - DBInterfaceMysql::attach: connect: localhost:3306 starting...
   DEBUG      dbmgr-1 10103 4000  [2018-08-03 17:14:02 430] - DBInterfaceMysql::attach: successfully! addr: localhost:3306
   DEBUG      dbmgr-1 10103 4000  [2018-08-03 17:14:02 431] - DBThread::onStart(): 0x7da438!
   DEBUG      dbmgr-1 10103 4000  [2018-08-03 17:14:02 431] - DBInterfaceMysql::attach: successfully! addr: localhost:3306
   DEBUG      dbmgr-1 10103 4000  [2018-08-03 17:14:02 431] - DBThread::onStart(): 0x7da3b0!
   DEBUG      dbmgr-1 10103 4000  [2018-08-03 17:14:02 432] - DBInterfaceMysql::attach: successfully! addr: localhost:3306
   DEBUG      dbmgr-1 10103 4000  [2018-08-03 17:14:02 432] - DBThread::onStart(): 0x7da2a0!
   DEBUG      dbmgr-1 10103 4000  [2018-08-03 17:14:02 433] - DBInterfaceMysql::attach: successfully! addr: localhost:3306
   DEBUG      dbmgr-1 10103 4000  [2018-08-03 17:14:02 433] - DBThread::onStart(): 0x7dad40!
   DEBUG      dbmgr-1 10103 4000  [2018-08-03 17:14:02 434] - DBInterfaceMysql::attach: successfully! addr: localhost:3306
   DEBUG      dbmgr-1 10103 4000  [2018-08-03 17:14:02 434] - DBThread::onStart(): 0x7dacb8!
    INFO      dbmgr-1 10103 4000  [2018-08-03 17:14:02 544] - DBInterfaceMysql::query: successfully!
    INFO      dbmgr-1 10103 4000  [2018-08-03 17:14:02 545] - DBInterfaceMysql::query: successfully!
    INFO      dbmgr-1 10103 4000  [2018-08-03 17:14:02 545] - DBInterfaceMysql::query: successfully!
    INFO      dbmgr-1 10103 4000  [2018-08-03 17:14:02 546] - DBInterfaceMysql::query: successfully!
    INFO      dbmgr-1 10103 4000  [2018-08-03 17:14:02 547] - DBInterfaceMysql::query: successfully!
    INFO      dbmgr-1 10103 4000  [2018-08-03 17:14:02 549] - DBInterfaceMysql::query: successfully!
    INFO      dbmgr-1 10103 4000  [2018-08-03 17:14:02 550] - DBInterfaceMysql::query: successfully!
    INFO      dbmgr-1 10103 4000  [2018-08-03 17:14:02 553] - DBInterfaceMysql::query: successfully!
    INFO      dbmgr-1 10103 4000  [2018-08-03 17:14:10 425] - Components::findComponents: find logger(1)...
    INFO      dbmgr-1 10103 4000  [2018-08-03 17:14:10 452] - Components::findComponents: found logger, addr:10.139.66.192:4361
    INFO      dbmgr-1 10103 4000  [2018-08-03 17:14:10 452] - Components::addComponent: reset orderLog, uid=10103!
    INFO      dbmgr-1 10103 4000  [2018-08-03 17:14:10 453] - Components::addComponent[logger], uid=10103, componentID=2000, globalorderid=1, grouporderid=1, totalcount=1
    INFO      dbmgr-1 10103 4000  [2018-08-03 17:14:10 461] - Components::process(): Found all the components!
    INFO      dbmgr-1 10103 4000  [2018-08-03 17:14:13 704] - ServerApp::onRegisterNewApp: uid:10103, username:, componentType:loginapp, componentID:9000, globalorderID=-1, grouporderID=-1, intaddr:10.139.66.192, intport:4380, extaddr:10.139.66.192, extport:20013,  from 10.139.66.192:4525/0/0/0.
    INFO      dbmgr-1 10103 4000  [2018-08-03 17:14:13 704] - Components::addComponent: reset orderLog, uid=10103!
    INFO      dbmgr-1 10103 4000  [2018-08-03 17:14:13 704] - Components::addComponent[loginapp], uid=10103, componentID=9000, globalorderid=1, grouporderid=1, totalcount=1
    INFO      dbmgr-1 10103 4000  [2018-08-03 17:14:14 125] - ServerApp::onRegisterNewApp: uid:10103, username:, componentType:baseappmgr, componentID:5000, globalorderID=-1, grouporderID=-1, intaddr:10.139.66.192, intport:4369, extaddr:nonsupport, extport:0,  from 10.139.66.192:4532/0/0/0.
    INFO      dbmgr-1 10103 4000  [2018-08-03 17:14:14 125] - Components::addComponent[baseappmgr], uid=10103, componentID=5000, globalorderid=2, grouporderid=1, totalcount=1
    INFO      dbmgr-1 10103 4000  [2018-08-03 17:14:14 245] - ServerApp::onRegisterNewApp: uid:10103, username:, componentType:cellappmgr, componentID:6000, globalorderID=-1, grouporderID=-1, intaddr:10.139.66.192, intport:4370, extaddr:nonsupport, extport:0,  from 10.139.66.192:4537/0/0/0.
    INFO      dbmgr-1 10103 4000  [2018-08-03 17:14:14 245] - Components::addComponent[cellappmgr], uid=10103, componentID=6000, globalorderid=3, grouporderid=1, totalcount=1
    INFO      dbmgr-1 10103 4000  [2018-08-03 17:14:17 084] - ServerApp::onRegisterNewApp: uid:10103, username:, componentType:cellapp, componentID:8001, globalorderID=-1, grouporderID=-1, intaddr:10.139.66.192, intport:4377, extaddr:nonsupport, extport:0,  from 10.139.66.192:4564/0/0/0.
    INFO      dbmgr-1 10103 4000  [2018-08-03 17:14:17 084] - Components::addComponent[cellapp], uid=10103, componentID=8001, globalorderid=4, grouporderid=1, totalcount=1
    INFO      dbmgr-1 10103 4000  [2018-08-03 17:14:20 104] - IDServer::allocRange: 1-2001.
   DEBUG      dbmgr-1 10103 4000  [2018-08-03 17:14:20 104] - SyncAppDatasHandler::~SyncAppDatasHandler()
    INFO      dbmgr-1 10103 4000  [2018-08-03 17:16:07 602] - -----------------------------------------------------------------------------------------


    INFO      dbmgr-1 10103 4000  [2018-08-03 17:16:07 603] - Resmgr::initialize: KBE_ROOT=D:/kbengine/
    INFO      dbmgr-1 10103 4000  [2018-08-03 17:16:07 604] - Resmgr::initialize: KBE_RES_PATH=D:/kbengine/kbe/res/;D:/kbengine/assets_Battle of Gods/;D:/kbengine/assets_Battle of Gods/scripts/;D:/kbengine/assets_Battle of Gods/res/
    INFO      dbmgr-1 10103 4000  [2018-08-03 17:16:07 604] - Resmgr::initialize: KBE_BIN_PATH=D:/kbengine/kbe/bin/server/
    INFO      dbmgr-1 10103 4000  [2018-08-03 17:16:07 615] - NetworkInterface::initialize(INTERNAL): bound to all interfaces with default route interface on 10.139.66.192 ( 10.139.66.192:5494 )
    INFO      dbmgr-1 10103 4000  [2018-08-03 17:16:07 615] - NetworkInterface::initialize(INTERNAL): address 10.139.66.192:5494, SOMAXCONN=5.
    INFO      dbmgr-1 10103 4000  [2018-08-03 17:16:07 616] - server-configs:
    INFO      dbmgr-1 10103 4000  [2018-08-03 17:16:07 616] - 	internalAddr : 10.139.66.192:5494
    INFO      dbmgr-1 10103 4000  [2018-08-03 17:16:07 616] - 	componentID : 4000
    INFO      dbmgr-1 10103 4000  [2018-08-03 17:16:09 125] - ---- dbmgr Version: 2.0.0. ScriptVersion: 0.1.0. Protocol: F28F1C37BCC70CD27B77841D4A30E3D7. Config: Debug X86. Built: 16:26:54 Apr 30 2018. AppID: 4000. UID: 10103. PID: 10976 ----
    INFO      dbmgr-1 10103 4000  [2018-08-03 17:16:09 126] - Server : Intel(R) Core(TM) i7-6700HQ CPU @ 2.60GHz with 2097151kB RAM
    INFO      dbmgr-1 10103 4000  [2018-08-03 17:16:09 126] - ThreadPool::createThreadPool: creating  threadpool...
    INFO      dbmgr-1 10103 4000  [2018-08-03 17:16:09 127] - ThreadPool::createThreadPool: successfully(2), newThreadCount=1, normalMaxThreadCount=2, maxThreadCount=8
   DEBUG      dbmgr-1 10103 4000  [2018-08-03 17:16:09 284] - Script::install_py_dlls(): PyInit_pyexpat
   DEBUG      dbmgr-1 10103 4000  [2018-08-03 17:16:09 285] - Script::install_py_dlls(): PyInit__socket
   DEBUG      dbmgr-1 10103 4000  [2018-08-03 17:16:09 286] - Script::install_py_dlls(): PyInit__ssl
   DEBUG      dbmgr-1 10103 4000  [2018-08-03 17:16:09 291] - Script::install_py_dlls(): PyInit__hashlib
   DEBUG      dbmgr-1 10103 4000  [2018-08-03 17:16:09 292] - Script::install_py_dlls(): PyInit_select
   DEBUG      dbmgr-1 10103 4000  [2018-08-03 17:16:09 292] - Script::install_py_dlls(): PyInit__ctypes
   DEBUG      dbmgr-1 10103 4000  [2018-08-03 17:16:09 293] - Script::install_py_dlls(): PyInit__elementtree
   DEBUG      dbmgr-1 10103 4000  [2018-08-03 17:16:09 362] - Script::install_py_dlls(): PyInit_unicodedata
    INFO      dbmgr-1 10103 4000  [2018-08-03 17:16:09 423] - Script::install(): is successfully, Python=(3.4.2 (default, Apr 30 2018, 16:26:41) [MSC v.1900 32 bit (Intel)])!
    INFO      dbmgr-1 10103 4000  [2018-08-03 17:16:09 423] - Script::install(): KBExtra is successfully!
    INFO      dbmgr-1 10103 4000  [2018-08-03 17:16:09 461] - Dbmgr::initializeEnd: digest(7273B7889FE6F3F5681A6DEE25574F9D)
  S_INFO      dbmgr-1 10103 4000  [2018-08-03 17:16:09 461] - onDBMgrReady: bootstrapGroupIndex=0, bootstrapGlobalIndex=0
    INFO      dbmgr-1 10103 4000  [2018-08-03 17:16:09 462] - TelnetServer server is running on port 32000
    INFO      dbmgr-1 10103 4000  [2018-08-03 17:16:09 463] - Dbmgr::initInterfacesHandler: interfaces addr(127.0.0.1:30099), accountType:(interfaces), chargeType:(interfaces).
 WARNING      dbmgr-1 10103 4000  [2018-08-03 17:16:09 792] - DBUtil::initialize: db(default) password is not encrypted!
please use password(rsa):
EA4920BC828C87B53B29FCEC2B316093327B2F7009162F4391CBFC473D96C27AB66873D6B93A9B26987AA70F336C6FBCCE064E58DD316A83F30ADAC0C0C48E951152336CE7FF761B5FD52701C75B92B77E070EA0D6B673C4E9D7E12088A5AB7E0178166E19A4B41B0EDD98CE769916B7397E10DE6B1DCB2E4D6F750F1E7BAC02
   DEBUG      dbmgr-1 10103 4000  [2018-08-03 17:16:09 795] - DBInterfaceMysql::attach: connect: localhost:3306 starting...
   DEBUG      dbmgr-1 10103 4000  [2018-08-03 17:16:09 803] - DBInterfaceMysql::attach: successfully! addr: localhost:3306
    INFO      dbmgr-1 10103 4000  [2018-08-03 17:16:09 803] - DBUtil::createInterface[0xb6eed8]: interface=default, dbtype=mysql, ip=localhost, port=3306, currdatabase=Battle_of_Gods, username=root, connected=yes.

    INFO      dbmgr-1 10103 4000  [2018-08-03 17:16:09 804] - ThreadPool::createThreadPool: creating  threadpool...
    INFO      dbmgr-1 10103 4000  [2018-08-03 17:16:09 804] - ThreadPool::createThreadPool: successfully(5), newThreadCount=5, normalMaxThreadCount=5, maxThreadCount=5
    INFO      dbmgr-1 10103 4000  [2018-08-03 17:16:09 909] - DBInterfaceMysql::query: successfully!
    INFO      dbmgr-1 10103 4000  [2018-08-03 17:16:09 913] - DBInterfaceMysql::query: successfully!
 WARNING      dbmgr-1 10103 4000  [2018-08-03 17:16:09 957] - dbmgr.cpp:275: Profile scriptCall took 0.50 seconds
    INFO      dbmgr-1 10103 4000  [2018-08-03 17:16:10 441] - ---- dbmgr is running ----
   DEBUG      dbmgr-1 10103 4000  [2018-08-03 17:16:10 441] - Components::process(): Request for the process of identity...
   DEBUG      dbmgr-1 10103 4000  [2018-08-03 17:16:09 805] - DBInterfaceMysql::attach: connect: localhost:3306 starting...
   DEBUG      dbmgr-1 10103 4000  [2018-08-03 17:16:09 805] - DBInterfaceMysql::attach: connect: localhost:3306 starting...
   DEBUG      dbmgr-1 10103 4000  [2018-08-03 17:16:09 805] - DBInterfaceMysql::attach: connect: localhost:3306 starting...
   DEBUG      dbmgr-1 10103 4000  [2018-08-03 17:16:09 805] - DBInterfaceMysql::attach: connect: localhost:3306 starting...
   DEBUG      dbmgr-1 10103 4000  [2018-08-03 17:16:09 805] - DBInterfaceMysql::attach: connect: localhost:3306 starting...
   DEBUG      dbmgr-1 10103 4000  [2018-08-03 17:16:09 811] - DBInterfaceMysql::attach: successfully! addr: localhost:3306
   DEBUG      dbmgr-1 10103 4000  [2018-08-03 17:16:09 812] - DBThread::onStart(): 0x2480fb8!
   DEBUG      dbmgr-1 10103 4000  [2018-08-03 17:16:09 813] - DBInterfaceMysql::attach: successfully! addr: localhost:3306
   DEBUG      dbmgr-1 10103 4000  [2018-08-03 17:16:09 813] - DBThread::onStart(): 0x24809e0!
   DEBUG      dbmgr-1 10103 4000  [2018-08-03 17:16:09 814] - DBInterfaceMysql::attach: successfully! addr: localhost:3306
   DEBUG      dbmgr-1 10103 4000  [2018-08-03 17:16:09 814] - DBThread::onStart(): 0x2480848!
   DEBUG      dbmgr-1 10103 4000  [2018-08-03 17:16:09 825] - DBInterfaceMysql::attach: successfully! addr: localhost:3306
   DEBUG      dbmgr-1 10103 4000  [2018-08-03 17:16:09 825] - DBInterfaceMysql::attach: successfully! addr: localhost:3306
   DEBUG      dbmgr-1 10103 4000  [2018-08-03 17:16:09 825] - DBThread::onStart(): 0x2480c88!
   DEBUG      dbmgr-1 10103 4000  [2018-08-03 17:16:09 826] - DBThread::onStart(): 0x2480ea8!
    INFO      dbmgr-1 10103 4000  [2018-08-03 17:16:09 922] - DBInterfaceMysql::query: successfully!
    INFO      dbmgr-1 10103 4000  [2018-08-03 17:16:09 926] - DBInterfaceMysql::query: successfully!
    INFO      dbmgr-1 10103 4000  [2018-08-03 17:16:09 926] - DBInterfaceMysql::query: successfully!
    INFO      dbmgr-1 10103 4000  [2018-08-03 17:16:09 927] - DBInterfaceMysql::query: successfully!
    INFO      dbmgr-1 10103 4000  [2018-08-03 17:16:09 927] - DBInterfaceMysql::query: successfully!
    INFO      dbmgr-1 10103 4000  [2018-08-03 17:16:09 928] - DBInterfaceMysql::query: successfully!
    INFO      dbmgr-1 10103 4000  [2018-08-03 17:16:09 928] - DBInterfaceMysql::query: successfully!
    INFO      dbmgr-1 10103 4000  [2018-08-03 17:16:09 933] - DBInterfaceMysql::query: successfully!
    INFO      dbmgr-1 10103 4000  [2018-08-03 17:16:17 722] - Components::findComponents: find logger(1)...
    INFO      dbmgr-1 10103 4000  [2018-08-03 17:16:17 777] - Components::findComponents: found logger, addr:10.139.66.192:5485
    INFO      dbmgr-1 10103 4000  [2018-08-03 17:16:17 777] - Components::addComponent: reset orderLog, uid=10103!
    INFO      dbmgr-1 10103 4000  [2018-08-03 17:16:17 778] - Components::addComponent[logger], uid=10103, componentID=2000, globalorderid=1, grouporderid=1, totalcount=1
    INFO      dbmgr-1 10103 4000  [2018-08-03 17:16:17 781] - Components::process(): Found all the components!
    INFO      dbmgr-1 10103 4000  [2018-08-03 17:16:20 921] - ServerApp::onRegisterNewApp: uid:10103, username:, componentType:loginapp, componentID:9000, globalorderID=-1, grouporderID=-1, intaddr:10.139.66.192, intport:5505, extaddr:10.139.66.192, extport:20013,  from 10.139.66.192:5692/0/0/0.
    INFO      dbmgr-1 10103 4000  [2018-08-03 17:16:20 921] - Components::addComponent: reset orderLog, uid=10103!
    INFO      dbmgr-1 10103 4000  [2018-08-03 17:16:20 921] - Components::addComponent[loginapp], uid=10103, componentID=9000, globalorderid=1, grouporderid=1, totalcount=1
    INFO      dbmgr-1 10103 4000  [2018-08-03 17:16:21 441] - ServerApp::onRegisterNewApp: uid:10103, username:, componentType:baseappmgr, componentID:5000, globalorderID=-1, grouporderID=-1, intaddr:10.139.66.192, intport:5495, extaddr:nonsupport, extport:0,  from 10.139.66.192:5700/0/0/0.
    INFO      dbmgr-1 10103 4000  [2018-08-03 17:16:21 441] - Components::addComponent[baseappmgr], uid=10103, componentID=5000, globalorderid=2, grouporderid=1, totalcount=1
    INFO      dbmgr-1 10103 4000  [2018-08-03 17:16:21 441] - ServerApp::onRegisterNewApp: uid:10103, username:, componentType:cellappmgr, componentID:6000, globalorderID=-1, grouporderID=-1, intaddr:10.139.66.192, intport:5496, extaddr:nonsupport, extport:0,  from 10.139.66.192:5702/0/0/0.
    INFO      dbmgr-1 10103 4000  [2018-08-03 17:16:21 441] - Components::addComponent[cellappmgr], uid=10103, componentID=6000, globalorderid=3, grouporderid=1, totalcount=1
    INFO      dbmgr-1 10103 4000  [2018-08-03 17:16:23 281] - ServerApp::onRegisterNewApp: uid:10103, username:, componentType:baseapp, componentID:7001, globalorderID=-1, grouporderID=-1, intaddr:10.139.66.192, intport:5497, extaddr:10.139.66.192, extport:20015,  from 10.139.66.192:5723/0/0/0.
    INFO      dbmgr-1 10103 4000  [2018-08-03 17:16:23 281] - Components::addComponent[baseapp], uid=10103, componentID=7001, globalorderid=4, grouporderid=1, totalcount=1
    INFO      dbmgr-1 10103 4000  [2018-08-03 17:16:25 021] - ServerApp::onRegisterNewApp: uid:10103, username:, componentType:cellapp, componentID:8001, globalorderID=-1, grouporderID=-1, intaddr:10.139.66.192, intport:5499, extaddr:nonsupport, extport:0,  from 10.139.66.192:5742/0/0/0.
    INFO      dbmgr-1 10103 4000  [2018-08-03 17:16:25 021] - Components::addComponent[cellapp], uid=10103, componentID=8001, globalorderid=5, grouporderid=1, totalcount=1
    INFO      dbmgr-1 10103 4000  [2018-08-03 17:16:28 041] - IDServer::allocRange: 1-2001.
    INFO      dbmgr-1 10103 4000  [2018-08-03 17:16:28 041] - IDServer::allocRange: 2001-4001.
   DEBUG      dbmgr-1 10103 4000  [2018-08-03 17:16:28 042] - SyncAppDatasHandler::~SyncAppDatasHandler()
    INFO      dbmgr-1 10103 4000  [2018-08-03 17:16:30 481] - GlobalDataServer::broadcastDataChanged: writer(baseapp, addr=10.139.66.192:5723/0/0/0), keySize=10, valSize=49, isDelete=0
   DEBUG      dbmgr-1 10103 4000  [2018-08-03 17:16:30 501] - Dbmgr::DBTaskQueryEntity: Equipment, dbid=1, entityID=1, wasActive=0, queryMode=0, componentID=7001, success=0.
    INFO      dbmgr-1 10103 4000  [2018-08-03 17:23:22 910] - -----------------------------------------------------------------------------------------


    INFO      dbmgr-1 10103 4000  [2018-08-03 17:23:22 910] - Resmgr::initialize: KBE_ROOT=D:/kbengine/
    INFO      dbmgr-1 10103 4000  [2018-08-03 17:23:22 911] - Resmgr::initialize: KBE_RES_PATH=D:/kbengine/kbe/res/;D:/kbengine/assets_Battle of Gods/;D:/kbengine/assets_Battle of Gods/scripts/;D:/kbengine/assets_Battle of Gods/res/
    INFO      dbmgr-1 10103 4000  [2018-08-03 17:23:22 911] - Resmgr::initialize: KBE_BIN_PATH=D:/kbengine/kbe/bin/server/
    INFO      dbmgr-1 10103 4000  [2018-08-03 17:23:22 916] - NetworkInterface::initialize(INTERNAL): bound to all interfaces with default route interface on 10.139.66.192 ( 10.139.66.192:8876 )
    INFO      dbmgr-1 10103 4000  [2018-08-03 17:23:22 916] - NetworkInterface::initialize(INTERNAL): address 10.139.66.192:8876, SOMAXCONN=5.
    INFO      dbmgr-1 10103 4000  [2018-08-03 17:23:22 916] - server-configs:
    INFO      dbmgr-1 10103 4000  [2018-08-03 17:23:22 916] - 	internalAddr : 10.139.66.192:8876
    INFO      dbmgr-1 10103 4000  [2018-08-03 17:23:22 916] - 	componentID : 4000
    INFO      dbmgr-1 10103 4000  [2018-08-03 17:23:24 426] - ---- dbmgr Version: 2.0.0. ScriptVersion: 0.1.0. Protocol: F28F1C37BCC70CD27B77841D4A30E3D7. Config: Debug X86. Built: 16:26:54 Apr 30 2018. AppID: 4000. UID: 10103. PID: 12348 ----
    INFO      dbmgr-1 10103 4000  [2018-08-03 17:23:24 426] - Server : Intel(R) Core(TM) i7-6700HQ CPU @ 2.60GHz with 2097151kB RAM
    INFO      dbmgr-1 10103 4000  [2018-08-03 17:23:24 427] - ThreadPool::createThreadPool: creating  threadpool...
    INFO      dbmgr-1 10103 4000  [2018-08-03 17:23:24 427] - ThreadPool::createThreadPool: successfully(2), newThreadCount=1, normalMaxThreadCount=2, maxThreadCount=8
   DEBUG      dbmgr-1 10103 4000  [2018-08-03 17:23:24 573] - Script::install_py_dlls(): PyInit_pyexpat
   DEBUG      dbmgr-1 10103 4000  [2018-08-03 17:23:24 573] - Script::install_py_dlls(): PyInit__socket
   DEBUG      dbmgr-1 10103 4000  [2018-08-03 17:23:24 574] - Script::install_py_dlls(): PyInit__ssl
   DEBUG      dbmgr-1 10103 4000  [2018-08-03 17:23:24 579] - Script::install_py_dlls(): PyInit__hashlib
   DEBUG      dbmgr-1 10103 4000  [2018-08-03 17:23:24 579] - Script::install_py_dlls(): PyInit_select
   DEBUG      dbmgr-1 10103 4000  [2018-08-03 17:23:24 579] - Script::install_py_dlls(): PyInit__ctypes
   DEBUG      dbmgr-1 10103 4000  [2018-08-03 17:23:24 580] - Script::install_py_dlls(): PyInit__elementtree
   DEBUG      dbmgr-1 10103 4000  [2018-08-03 17:23:24 656] - Script::install_py_dlls(): PyInit_unicodedata
    INFO      dbmgr-1 10103 4000  [2018-08-03 17:23:24 723] - Script::install(): is successfully, Python=(3.4.2 (default, Apr 30 2018, 16:26:41) [MSC v.1900 32 bit (Intel)])!
    INFO      dbmgr-1 10103 4000  [2018-08-03 17:23:24 724] - Script::install(): KBExtra is successfully!
    INFO      dbmgr-1 10103 4000  [2018-08-03 17:23:24 763] - Dbmgr::initializeEnd: digest(7273B7889FE6F3F5681A6DEE25574F9D)
  S_INFO      dbmgr-1 10103 4000  [2018-08-03 17:23:24 763] - onDBMgrReady: bootstrapGroupIndex=0, bootstrapGlobalIndex=0
    INFO      dbmgr-1 10103 4000  [2018-08-03 17:23:24 763] - TelnetServer server is running on port 32000
    INFO      dbmgr-1 10103 4000  [2018-08-03 17:23:24 764] - Dbmgr::initInterfacesHandler: interfaces addr(127.0.0.1:30099), accountType:(interfaces), chargeType:(interfaces).
 WARNING      dbmgr-1 10103 4000  [2018-08-03 17:23:25 077] - DBUtil::initialize: db(default) password is not encrypted!
please use password(rsa):
D6A26989E04A529E0DD87AB33471CC7EB8A6A2C971C20F183E60CF310D751EFC343A05C09B6DD68D7F255549086815B94AAEDE6B0A4E5C5DC3607DBF859DDD5D7B90FA3D29DB7CBC581655B87185840F779E34E88F52A5F632A59ABDFC73087BB2A645D6F70591571B47A1A07E0A77748A2577AB65F24325441B2B5AE5132247
   DEBUG      dbmgr-1 10103 4000  [2018-08-03 17:23:25 082] - DBInterfaceMysql::attach: connect: localhost:3306 starting...
   DEBUG      dbmgr-1 10103 4000  [2018-08-03 17:23:25 091] - DBInterfaceMysql::attach: successfully! addr: localhost:3306
    INFO      dbmgr-1 10103 4000  [2018-08-03 17:23:25 092] - DBUtil::createInterface[0x6fedb4]: interface=default, dbtype=mysql, ip=localhost, port=3306, currdatabase=Battle_of_Gods, username=root, connected=yes.

    INFO      dbmgr-1 10103 4000  [2018-08-03 17:23:25 092] - ThreadPool::createThreadPool: creating  threadpool...
    INFO      dbmgr-1 10103 4000  [2018-08-03 17:23:25 093] - ThreadPool::createThreadPool: successfully(5), newThreadCount=5, normalMaxThreadCount=5, maxThreadCount=5
    INFO      dbmgr-1 10103 4000  [2018-08-03 17:23:25 198] - DBInterfaceMysql::query: successfully!
    INFO      dbmgr-1 10103 4000  [2018-08-03 17:23:25 200] - DBInterfaceMysql::query: successfully!
 WARNING      dbmgr-1 10103 4000  [2018-08-03 17:23:25 244] - dbmgr.cpp:275: Profile scriptCall took 0.48 seconds
    INFO      dbmgr-1 10103 4000  [2018-08-03 17:23:25 803] - ---- dbmgr is running ----
   DEBUG      dbmgr-1 10103 4000  [2018-08-03 17:23:25 803] - Components::process(): Request for the process of identity...
   DEBUG      dbmgr-1 10103 4000  [2018-08-03 17:23:25 093] - DBInterfaceMysql::attach: connect: localhost:3306 starting...
   DEBUG      dbmgr-1 10103 4000  [2018-08-03 17:23:25 093] - DBInterfaceMysql::attach: connect: localhost:3306 starting...
   DEBUG      dbmgr-1 10103 4000  [2018-08-03 17:23:25 094] - DBInterfaceMysql::attach: connect: localhost:3306 starting...
   DEBUG      dbmgr-1 10103 4000  [2018-08-03 17:23:25 094] - DBInterfaceMysql::attach: connect: localhost:3306 starting...
   DEBUG      dbmgr-1 10103 4000  [2018-08-03 17:23:25 094] - DBInterfaceMysql::attach: connect: localhost:3306 starting...
   DEBUG      dbmgr-1 10103 4000  [2018-08-03 17:23:25 101] - DBInterfaceMysql::attach: successfully! addr: localhost:3306
   DEBUG      dbmgr-1 10103 4000  [2018-08-03 17:23:25 101] - DBThread::onStart(): 0x216b98!
   DEBUG      dbmgr-1 10103 4000  [2018-08-03 17:23:25 102] - DBInterfaceMysql::attach: successfully! addr: localhost:3306
   DEBUG      dbmgr-1 10103 4000  [2018-08-03 17:23:25 102] - DBThread::onStart(): 0x216758!
   DEBUG      dbmgr-1 10103 4000  [2018-08-03 17:23:25 102] - DBInterfaceMysql::attach: successfully! addr: localhost:3306
   DEBUG      dbmgr-1 10103 4000  [2018-08-03 17:23:25 102] - DBThread::onStart(): 0x216d30!
   DEBUG      dbmgr-1 10103 4000  [2018-08-03 17:23:25 103] - DBInterfaceMysql::attach: successfully! addr: localhost:3306
   DEBUG      dbmgr-1 10103 4000  [2018-08-03 17:23:25 103] - DBThread::onStart(): 0x216978!
   DEBUG      dbmgr-1 10103 4000  [2018-08-03 17:23:25 119] - DBInterfaceMysql::attach: successfully! addr: localhost:3306
   DEBUG      dbmgr-1 10103 4000  [2018-08-03 17:23:25 120] - DBThread::onStart(): 0x2168f0!
    INFO      dbmgr-1 10103 4000  [2018-08-03 17:23:25 202] - DBInterfaceMysql::query: successfully!
    INFO      dbmgr-1 10103 4000  [2018-08-03 17:23:25 209] - DBInterfaceMysql::query: successfully!
    INFO      dbmgr-1 10103 4000  [2018-08-03 17:23:25 211] - DBInterfaceMysql::query: successfully!
    INFO      dbmgr-1 10103 4000  [2018-08-03 17:23:25 212] - DBInterfaceMysql::query: successfully!
    INFO      dbmgr-1 10103 4000  [2018-08-03 17:23:25 212] - DBInterfaceMysql::query: successfully!
    INFO      dbmgr-1 10103 4000  [2018-08-03 17:23:25 212] - DBInterfaceMysql::query: successfully!
    INFO      dbmgr-1 10103 4000  [2018-08-03 17:23:25 213] - DBInterfaceMysql::query: successfully!
    INFO      dbmgr-1 10103 4000  [2018-08-03 17:23:25 217] - DBInterfaceMysql::query: successfully!
    INFO      dbmgr-1 10103 4000  [2018-08-03 17:23:33 103] - Components::findComponents: find logger(1)...
    INFO      dbmgr-1 10103 4000  [2018-08-03 17:23:33 195] - Components::findComponents: found logger, addr:10.139.66.192:8873
    INFO      dbmgr-1 10103 4000  [2018-08-03 17:23:33 195] - Components::addComponent: reset orderLog, uid=10103!
    INFO      dbmgr-1 10103 4000  [2018-08-03 17:23:33 196] - Components::addComponent[logger], uid=10103, componentID=2000, globalorderid=1, grouporderid=1, totalcount=1
    INFO      dbmgr-1 10103 4000  [2018-08-03 17:23:33 211] - Components::process(): Found all the components!
    INFO      dbmgr-1 10103 4000  [2018-08-03 17:23:36 263] - ServerApp::onRegisterNewApp: uid:10103, username:, componentType:loginapp, componentID:9000, globalorderID=-1, grouporderID=-1, intaddr:10.139.66.192, intport:8890, extaddr:10.139.66.192, extport:20013,  from 10.139.66.192:9049/0/0/0.
    INFO      dbmgr-1 10103 4000  [2018-08-03 17:23:36 263] - Components::addComponent: reset orderLog, uid=10103!
    INFO      dbmgr-1 10103 4000  [2018-08-03 17:23:36 263] - Components::addComponent[loginapp], uid=10103, componentID=9000, globalorderid=1, grouporderid=1, totalcount=1
    INFO      dbmgr-1 10103 4000  [2018-08-03 17:23:36 783] - ServerApp::onRegisterNewApp: uid:10103, username:, componentType:cellappmgr, componentID:6000, globalorderID=-1, grouporderID=-1, intaddr:10.139.66.192, intport:8881, extaddr:nonsupport, extport:0,  from 10.139.66.192:9062/0/0/0.
    INFO      dbmgr-1 10103 4000  [2018-08-03 17:23:36 783] - Components::addComponent[cellappmgr], uid=10103, componentID=6000, globalorderid=2, grouporderid=1, totalcount=1
    INFO      dbmgr-1 10103 4000  [2018-08-03 17:23:38 123] - ServerApp::onRegisterNewApp: uid:10103, username:, componentType:baseappmgr, componentID:5000, globalorderID=-1, grouporderID=-1, intaddr:10.139.66.192, intport:8877, extaddr:nonsupport, extport:0,  from 10.139.66.192:9075/0/0/0.
    INFO      dbmgr-1 10103 4000  [2018-08-03 17:23:38 123] - Components::addComponent[baseappmgr], uid=10103, componentID=5000, globalorderid=3, grouporderid=1, totalcount=1
    INFO      dbmgr-1 10103 4000  [2018-08-03 17:23:38 523] - ServerApp::onRegisterNewApp: uid:10103, username:, componentType:baseapp, componentID:7001, globalorderID=-1, grouporderID=-1, intaddr:10.139.66.192, intport:8886, extaddr:10.139.66.192, extport:20015,  from 10.139.66.192:9083/0/0/0.
    INFO      dbmgr-1 10103 4000  [2018-08-03 17:23:38 523] - Components::addComponent[baseapp], uid=10103, componentID=7001, globalorderid=4, grouporderid=1, totalcount=1
    INFO      dbmgr-1 10103 4000  [2018-08-03 17:23:39 963] - ServerApp::onRegisterNewApp: uid:10103, username:, componentType:cellapp, componentID:8001, globalorderID=-1, grouporderID=-1, intaddr:10.139.66.192, intport:8887, extaddr:nonsupport, extport:0,  from 10.139.66.192:9101/0/0/0.
    INFO      dbmgr-1 10103 4000  [2018-08-03 17:23:39 963] - Components::addComponent[cellapp], uid=10103, componentID=8001, globalorderid=5, grouporderid=1, totalcount=1
    INFO      dbmgr-1 10103 4000  [2018-08-03 17:23:42 982] - IDServer::allocRange: 1-2001.
    INFO      dbmgr-1 10103 4000  [2018-08-03 17:23:42 982] - IDServer::allocRange: 2001-4001.
   DEBUG      dbmgr-1 10103 4000  [2018-08-03 17:23:42 982] - SyncAppDatasHandler::~SyncAppDatasHandler()
    INFO      dbmgr-1 10103 4000  [2018-08-03 17:23:45 303] - GlobalDataServer::broadcastDataChanged: writer(baseapp, addr=10.139.66.192:9083/0/0/0), keySize=10, valSize=49, isDelete=0
   DEBUG      dbmgr-1 10103 4000  [2018-08-03 17:23:45 323] - Dbmgr::DBTaskQueryEntity: Equipment, dbid=1, entityID=1, wasActive=0, queryMode=0, componentID=7001, success=0.
    INFO      dbmgr-1 10103 4000  [2018-08-03 17:24:14 170] - -----------------------------------------------------------------------------------------


    INFO      dbmgr-1 10103 4000  [2018-08-03 17:24:14 171] - Resmgr::initialize: KBE_ROOT=D:/kbengine/
    INFO      dbmgr-1 10103 4000  [2018-08-03 17:24:14 171] - Resmgr::initialize: KBE_RES_PATH=D:/kbengine/kbe/res/;D:/kbengine/assets_Battle of Gods/;D:/kbengine/assets_Battle of Gods/scripts/;D:/kbengine/assets_Battle of Gods/res/
    INFO      dbmgr-1 10103 4000  [2018-08-03 17:24:14 172] - Resmgr::initialize: KBE_BIN_PATH=D:/kbengine/kbe/bin/server/
    INFO      dbmgr-1 10103 4000  [2018-08-03 17:24:14 185] - NetworkInterface::initialize(INTERNAL): bound to all interfaces with default route interface on 10.139.66.192 ( 10.139.66.192:9421 )
    INFO      dbmgr-1 10103 4000  [2018-08-03 17:24:14 185] - NetworkInterface::initialize(INTERNAL): address 10.139.66.192:9421, SOMAXCONN=5.
    INFO      dbmgr-1 10103 4000  [2018-08-03 17:24:14 185] - server-configs:
    INFO      dbmgr-1 10103 4000  [2018-08-03 17:24:14 185] - 	internalAddr : 10.139.66.192:9421
    INFO      dbmgr-1 10103 4000  [2018-08-03 17:24:14 186] - 	componentID : 4000
    INFO      dbmgr-1 10103 4000  [2018-08-03 17:24:15 696] - ---- dbmgr Version: 2.0.0. ScriptVersion: 0.1.0. Protocol: F28F1C37BCC70CD27B77841D4A30E3D7. Config: Debug X86. Built: 16:26:54 Apr 30 2018. AppID: 4000. UID: 10103. PID: 13376 ----
    INFO      dbmgr-1 10103 4000  [2018-08-03 17:24:15 696] - Server : Intel(R) Core(TM) i7-6700HQ CPU @ 2.60GHz with 2097151kB RAM
    INFO      dbmgr-1 10103 4000  [2018-08-03 17:24:15 697] - ThreadPool::createThreadPool: creating  threadpool...
    INFO      dbmgr-1 10103 4000  [2018-08-03 17:24:15 698] - ThreadPool::createThreadPool: successfully(2), newThreadCount=1, normalMaxThreadCount=2, maxThreadCount=8
   DEBUG      dbmgr-1 10103 4000  [2018-08-03 17:24:15 850] - Script::install_py_dlls(): PyInit_pyexpat
   DEBUG      dbmgr-1 10103 4000  [2018-08-03 17:24:15 851] - Script::install_py_dlls(): PyInit__socket
   DEBUG      dbmgr-1 10103 4000  [2018-08-03 17:24:15 851] - Script::install_py_dlls(): PyInit__ssl
   DEBUG      dbmgr-1 10103 4000  [2018-08-03 17:24:15 855] - Script::install_py_dlls(): PyInit__hashlib
   DEBUG      dbmgr-1 10103 4000  [2018-08-03 17:24:15 855] - Script::install_py_dlls(): PyInit_select
   DEBUG      dbmgr-1 10103 4000  [2018-08-03 17:24:15 855] - Script::install_py_dlls(): PyInit__ctypes
   DEBUG      dbmgr-1 10103 4000  [2018-08-03 17:24:15 856] - Script::install_py_dlls(): PyInit__elementtree
   DEBUG      dbmgr-1 10103 4000  [2018-08-03 17:24:15 918] - Script::install_py_dlls(): PyInit_unicodedata
    INFO      dbmgr-1 10103 4000  [2018-08-03 17:24:15 981] - Script::install(): is successfully, Python=(3.4.2 (default, Apr 30 2018, 16:26:41) [MSC v.1900 32 bit (Intel)])!
    INFO      dbmgr-1 10103 4000  [2018-08-03 17:24:15 981] - Script::install(): KBExtra is successfully!
    INFO      dbmgr-1 10103 4000  [2018-08-03 17:24:16 019] - Dbmgr::initializeEnd: digest(7273B7889FE6F3F5681A6DEE25574F9D)
  S_INFO      dbmgr-1 10103 4000  [2018-08-03 17:24:16 019] - onDBMgrReady: bootstrapGroupIndex=0, bootstrapGlobalIndex=0
    INFO      dbmgr-1 10103 4000  [2018-08-03 17:24:16 019] - TelnetServer server is running on port 32000
    INFO      dbmgr-1 10103 4000  [2018-08-03 17:24:16 020] - Dbmgr::initInterfacesHandler: interfaces addr(127.0.0.1:30099), accountType:(interfaces), chargeType:(interfaces).
 WARNING      dbmgr-1 10103 4000  [2018-08-03 17:24:16 296] - DBUtil::initialize: db(default) password is not encrypted!
please use password(rsa):
5C1B3B92A21CCB44C46A7358319C300F280F65EBEC2BDBB421C2A89E184EEF9D779F321E66BF3B7610B843885B8CE434799EC4C5C5522BF5793F366C7C42E2C7D71BF6BDB505290226D498857B38EBB1BDBCCFCBA222F57792E16DCF88110C1FC5B908F129836712BDA8B2E700604FEEBE1A41F29EEF49BD82158B9ED9ABB18C
   DEBUG      dbmgr-1 10103 4000  [2018-08-03 17:24:16 301] - DBInterfaceMysql::attach: connect: localhost:3306 starting...
   DEBUG      dbmgr-1 10103 4000  [2018-08-03 17:24:16 310] - DBInterfaceMysql::attach: successfully! addr: localhost:3306
    INFO      dbmgr-1 10103 4000  [2018-08-03 17:24:16 310] - DBUtil::createInterface[0x24fef88]: interface=default, dbtype=mysql, ip=localhost, port=3306, currdatabase=Battle_of_Gods, username=root, connected=yes.

    INFO      dbmgr-1 10103 4000  [2018-08-03 17:24:16 311] - ThreadPool::createThreadPool: creating  threadpool...
    INFO      dbmgr-1 10103 4000  [2018-08-03 17:24:16 312] - ThreadPool::createThreadPool: successfully(5), newThreadCount=5, normalMaxThreadCount=5, maxThreadCount=5
    INFO      dbmgr-1 10103 4000  [2018-08-03 17:24:16 424] - DBInterfaceMysql::query: successfully!
    INFO      dbmgr-1 10103 4000  [2018-08-03 17:24:16 429] - DBInterfaceMysql::query: successfully!
 WARNING      dbmgr-1 10103 4000  [2018-08-03 17:24:16 496] - dbmgr.cpp:275: Profile scriptCall took 0.48 seconds
    INFO      dbmgr-1 10103 4000  [2018-08-03 17:24:17 085] - ---- dbmgr is running ----
   DEBUG      dbmgr-1 10103 4000  [2018-08-03 17:24:17 086] - Components::process(): Request for the process of identity...
 WARNING      dbmgr-1 10103 4000  [2018-08-03 17:24:17 419] - BundleBroadcast::BundleBroadcast: Cannot bind to port 20155, errorno=10048
   DEBUG      dbmgr-1 10103 4000  [2018-08-03 17:24:16 312] - DBInterfaceMysql::attach: connect: localhost:3306 starting...
   DEBUG      dbmgr-1 10103 4000  [2018-08-03 17:24:16 313] - DBInterfaceMysql::attach: connect: localhost:3306 starting...
   DEBUG      dbmgr-1 10103 4000  [2018-08-03 17:24:16 313] - DBInterfaceMysql::attach: connect: localhost:3306 starting...
   DEBUG      dbmgr-1 10103 4000  [2018-08-03 17:24:16 316] - DBInterfaceMysql::attach: connect: localhost:3306 starting...
   DEBUG      dbmgr-1 10103 4000  [2018-08-03 17:24:16 317] - DBInterfaceMysql::attach: connect: localhost:3306 starting...
   DEBUG      dbmgr-1 10103 4000  [2018-08-03 17:24:16 318] - DBInterfaceMysql::attach: successfully! addr: localhost:3306
   DEBUG      dbmgr-1 10103 4000  [2018-08-03 17:24:16 318] - DBThread::onStart(): 0x272f498!
   DEBUG      dbmgr-1 10103 4000  [2018-08-03 17:24:16 319] - DBInterfaceMysql::attach: successfully! addr: localhost:3306
   DEBUG      dbmgr-1 10103 4000  [2018-08-03 17:24:16 319] - DBThread::onStart(): 0x272f300!
   DEBUG      dbmgr-1 10103 4000  [2018-08-03 17:24:16 320] - DBInterfaceMysql::attach: successfully! addr: localhost:3306
   DEBUG      dbmgr-1 10103 4000  [2018-08-03 17:24:16 320] - DBThread::onStart(): 0x272edb0!
   DEBUG      dbmgr-1 10103 4000  [2018-08-03 17:24:16 321] - DBInterfaceMysql::attach: successfully! addr: localhost:3306
   DEBUG      dbmgr-1 10103 4000  [2018-08-03 17:24:16 322] - DBThread::onStart(): 0x272f388!
   DEBUG      dbmgr-1 10103 4000  [2018-08-03 17:24:16 322] - DBInterfaceMysql::attach: successfully! addr: localhost:3306
   DEBUG      dbmgr-1 10103 4000  [2018-08-03 17:24:16 323] - DBThread::onStart(): 0x272f9e8!
    INFO      dbmgr-1 10103 4000  [2018-08-03 17:24:16 434] - DBInterfaceMysql::query: successfully!
    INFO      dbmgr-1 10103 4000  [2018-08-03 17:24:16 444] - DBInterfaceMysql::query: successfully!
    INFO      dbmgr-1 10103 4000  [2018-08-03 17:24:16 451] - DBInterfaceMysql::query: successfully!
    INFO      dbmgr-1 10103 4000  [2018-08-03 17:24:16 452] - DBInterfaceMysql::query: successfully!
    INFO      dbmgr-1 10103 4000  [2018-08-03 17:24:16 453] - DBInterfaceMysql::query: successfully!
    INFO      dbmgr-1 10103 4000  [2018-08-03 17:24:16 453] - DBInterfaceMysql::query: successfully!
    INFO      dbmgr-1 10103 4000  [2018-08-03 17:24:16 454] - DBInterfaceMysql::query: successfully!
    INFO      dbmgr-1 10103 4000  [2018-08-03 17:24:16 464] - DBInterfaceMysql::query: successfully!
    INFO      dbmgr-1 10103 4000  [2018-08-03 17:24:24 719] - Components::findComponents: find logger(1)...
    INFO      dbmgr-1 10103 4000  [2018-08-03 17:24:24 806] - Components::findComponents: found logger, addr:10.139.66.192:9420
    INFO      dbmgr-1 10103 4000  [2018-08-03 17:24:24 806] - Components::addComponent: reset orderLog, uid=10103!
    INFO      dbmgr-1 10103 4000  [2018-08-03 17:24:24 806] - Components::addComponent[logger], uid=10103, componentID=2000, globalorderid=1, grouporderid=1, totalcount=1
    INFO      dbmgr-1 10103 4000  [2018-08-03 17:24:24 839] - Components::process(): Found all the components!
    INFO      dbmgr-1 10103 4000  [2018-08-03 17:24:27 058] - ServerApp::onRegisterNewApp: uid:10103, username:, componentType:cellappmgr, componentID:6000, globalorderID=-1, grouporderID=-1, intaddr:10.139.66.192, intport:9433, extaddr:nonsupport, extport:0,  from 10.139.66.192:9594/0/0/0.
    INFO      dbmgr-1 10103 4000  [2018-08-03 17:24:27 059] - Components::addComponent: reset orderLog, uid=10103!
    INFO      dbmgr-1 10103 4000  [2018-08-03 17:24:27 059] - Components::addComponent[cellappmgr], uid=10103, componentID=6000, globalorderid=1, grouporderid=1, totalcount=1
    INFO      dbmgr-1 10103 4000  [2018-08-03 17:24:27 979] - ServerApp::onRegisterNewApp: uid:10103, username:, componentType:loginapp, componentID:9000, globalorderID=-1, grouporderID=-1, intaddr:10.139.66.192, intport:9449, extaddr:10.139.66.192, extport:20013,  from 10.139.66.192:9616/0/0/0.
    INFO      dbmgr-1 10103 4000  [2018-08-03 17:24:27 979] - Components::addComponent[loginapp], uid=10103, componentID=9000, globalorderid=2, grouporderid=1, totalcount=1
    INFO      dbmgr-1 10103 4000  [2018-08-03 17:24:28 099] - ServerApp::onRegisterNewApp: uid:10103, username:, componentType:baseappmgr, componentID:5000, globalorderID=-1, grouporderID=-1, intaddr:10.139.66.192, intport:9422, extaddr:nonsupport, extport:0,  from 10.139.66.192:9619/0/0/0.
    INFO      dbmgr-1 10103 4000  [2018-08-03 17:24:28 099] - Components::addComponent[baseappmgr], uid=10103, componentID=5000, globalorderid=3, grouporderid=1, totalcount=1
    INFO      dbmgr-1 10103 4000  [2018-08-03 17:24:29 759] - ServerApp::onRegisterNewApp: uid:10103, username:, componentType:cellapp, componentID:8001, globalorderID=-1, grouporderID=-1, intaddr:10.139.66.192, intport:9443, extaddr:nonsupport, extport:0,  from 10.139.66.192:9634/0/0/0.
    INFO      dbmgr-1 10103 4000  [2018-08-03 17:24:29 759] - Components::addComponent[cellapp], uid=10103, componentID=8001, globalorderid=4, grouporderid=1, totalcount=1
    INFO      dbmgr-1 10103 4000  [2018-08-03 17:24:30 038] - ServerApp::onRegisterNewApp: uid:10103, username:, componentType:baseapp, componentID:7001, globalorderID=-1, grouporderID=-1, intaddr:10.139.66.192, intport:9434, extaddr:10.139.66.192, extport:20015,  from 10.139.66.192:9644/0/0/0.
    INFO      dbmgr-1 10103 4000  [2018-08-03 17:24:30 039] - Components::addComponent[baseapp], uid=10103, componentID=7001, globalorderid=5, grouporderid=1, totalcount=1
    INFO      dbmgr-1 10103 4000  [2018-08-03 17:24:33 059] - IDServer::allocRange: 1-2001.
    INFO      dbmgr-1 10103 4000  [2018-08-03 17:24:33 059] - IDServer::allocRange: 2001-4001.
   DEBUG      dbmgr-1 10103 4000  [2018-08-03 17:24:33 059] - SyncAppDatasHandler::~SyncAppDatasHandler()
    INFO      dbmgr-1 10103 4000  [2018-08-03 17:24:35 139] - GlobalDataServer::broadcastDataChanged: writer(baseapp, addr=10.139.66.192:9644/0/0/0), keySize=10, valSize=52, isDelete=0
    INFO      dbmgr-1 10103 4000  [2018-08-03 17:24:35 139] - GlobalDataServer::broadcastDataChanged: writer(baseapp, addr=10.139.66.192:9644/0/0/0), keySize=12, valSize=52, isDelete=0
   DEBUG      dbmgr-1 10103 4000  [2018-08-03 17:24:35 158] - Dbmgr::DBTaskQueryEntity: Equipment, dbid=1, entityID=2001, wasActive=0, queryMode=0, componentID=7001, success=0.
