    INFO    baseapp-1 10103 7001  [2018-07-30 16:53:14 725] - -----------------------------------------------------------------------------------------


    INFO    baseapp-1 10103 7001  [2018-07-30 16:53:14 727] - Resmgr::initialize: KBE_ROOT=D:/kbengine/
    INFO    baseapp-1 10103 7001  [2018-07-30 16:53:14 727] - Resmgr::initialize: KBE_RES_PATH=D:/kbengine/kbe/res/;D:/kbengine/assets_Battle of Gods/;D:/kbengine/assets_Battle of Gods/scripts/;D:/kbengine/assets_Battle of Gods/res/
    INFO    baseapp-1 10103 7001  [2018-07-30 16:53:14 727] - Resmgr::initialize: KBE_BIN_PATH=D:/kbengine/kbe/bin/server/
    INFO    baseapp-1 10103 7001  [2018-07-30 16:53:14 736] - NetworkInterface::initialize(EXTERNAL): bound to all interfaces with default route interface on 10.139.66.192 ( 10.139.66.192:20015 )
    INFO    baseapp-1 10103 7001  [2018-07-30 16:53:14 736] - NetworkInterface::initialize(EXTERNAL): address 10.139.66.192:20015, SOMAXCONN=128.
    INFO    baseapp-1 10103 7001  [2018-07-30 16:53:14 754] - NetworkInterface::initialize(INTERNAL): bound to all interfaces with default route interface on 10.139.66.192 ( 10.139.66.192:31461 )
    INFO    baseapp-1 10103 7001  [2018-07-30 16:53:14 757] - NetworkInterface::initialize(INTERNAL): address 10.139.66.192:31461, SOMAXCONN=128.
    INFO    baseapp-1 10103 7001  [2018-07-30 16:53:14 757] - server-configs:
    INFO    baseapp-1 10103 7001  [2018-07-30 16:53:14 758] - 	gameUpdateHertz : 10
    INFO    baseapp-1 10103 7001  [2018-07-30 16:53:14 758] - 	entryScriptFile : kbemain
    INFO    baseapp-1 10103 7001  [2018-07-30 16:53:14 758] - 	internalAddr : 10.139.66.192:31461
    INFO    baseapp-1 10103 7001  [2018-07-30 16:53:14 758] - 	externalAddr : 10.139.66.192:20015
    INFO    baseapp-1 10103 7001  [2018-07-30 16:53:14 758] - 	componentID : 7001
    INFO    baseapp-1 10103 7001  [2018-07-30 16:53:14 956] - Components::findLogger: found logger, addr:10.139.66.192:31409
    INFO    baseapp-1 10103 7001  [2018-07-30 16:53:14 956] - Components::addComponent: reset orderLog, uid=10103!
    INFO    baseapp-1 10103 7001  [2018-07-30 16:53:14 957] - Components::addComponent[logger], uid=10103, componentID=2000, globalorderid=1, grouporderid=1, totalcount=1
    INFO    baseapp-1 10103 7001  [2018-07-30 16:53:14 974] - ---- baseapp Version: 2.0.0. ScriptVersion: 0.1.0. Protocol: F9DFFB319FBADF35943ADF4D42C4718C. Config: Debug X86. Built: 16:27:53 Apr 30 2018. AppID: 7001. UID: 10103. PID: 2848 ----
    INFO    baseapp-1 10103 7001  [2018-07-30 16:53:14 974] - Server : Intel(R) Core(TM) i7-6700HQ CPU @ 2.60GHz with 2097151kB RAM
    INFO    baseapp-1 10103 7001  [2018-07-30 16:53:14 975] - ThreadPool::createThreadPool: creating  threadpool...
    INFO    baseapp-1 10103 7001  [2018-07-30 16:53:14 975] - ThreadPool::createThreadPool: successfully(2), newThreadCount=1, normalMaxThreadCount=2, maxThreadCount=8
   DEBUG    baseapp-1 10103 7001  [2018-07-30 16:53:15 119] - Script::install_py_dlls(): PyInit_pyexpat
   DEBUG    baseapp-1 10103 7001  [2018-07-30 16:53:15 120] - Script::install_py_dlls(): PyInit__socket
   DEBUG    baseapp-1 10103 7001  [2018-07-30 16:53:15 120] - Script::install_py_dlls(): PyInit__ssl
   DEBUG    baseapp-1 10103 7001  [2018-07-30 16:53:15 125] - Script::install_py_dlls(): PyInit__hashlib
   DEBUG    baseapp-1 10103 7001  [2018-07-30 16:53:15 125] - Script::install_py_dlls(): PyInit_select
   DEBUG    baseapp-1 10103 7001  [2018-07-30 16:53:15 126] - Script::install_py_dlls(): PyInit__ctypes
   DEBUG    baseapp-1 10103 7001  [2018-07-30 16:53:15 126] - Script::install_py_dlls(): PyInit__elementtree
   DEBUG    baseapp-1 10103 7001  [2018-07-30 16:53:15 178] - Script::install_py_dlls(): PyInit_unicodedata
    INFO    baseapp-1 10103 7001  [2018-07-30 16:53:15 227] - Script::install(): is successfully, Python=(3.4.2 (default, Apr 30 2018, 16:27:27) [MSC v.1900 32 bit (Intel)])!
    INFO    baseapp-1 10103 7001  [2018-07-30 16:53:15 227] - Script::install(): KBExtra is successfully!
   ERROR    baseapp-1 10103 7001  [2018-07-30 16:53:15 290] - DataTypes::getDataType:not found type AVATAR_INFO.
   ERROR    baseapp-1 10103 7001  [2018-07-30 16:53:15 291] - FixedArrayType::initialize: key[ARRAY] did not find type[AVATAR_INFO]!
   ERROR    baseapp-1 10103 7001  [2018-07-30 16:53:15 291] - DataTypes::loadTypes: parse ARRAY [AVATAR_LISTINFO] error!
   ERROR    baseapp-1 10103 7001  [2018-07-30 16:53:15 292] - app::initialize(): initialization failed!
   DEBUG    baseapp-1 10103 7001  [2018-07-30 16:53:15 292] - Script::uninstall_py_dlls(): PyInit_pyexpat
   DEBUG    baseapp-1 10103 7001  [2018-07-30 16:53:15 292] - Script::uninstall_py_dlls(): PyInit__socket
   DEBUG    baseapp-1 10103 7001  [2018-07-30 16:53:15 292] - Script::uninstall_py_dlls(): PyInit__ssl
   DEBUG    baseapp-1 10103 7001  [2018-07-30 16:53:15 293] - Script::uninstall_py_dlls(): PyInit__hashlib
   DEBUG    baseapp-1 10103 7001  [2018-07-30 16:53:15 293] - Script::uninstall_py_dlls(): PyInit_select
   DEBUG    baseapp-1 10103 7001  [2018-07-30 16:53:15 293] - Script::uninstall_py_dlls(): PyInit__ctypes
   DEBUG    baseapp-1 10103 7001  [2018-07-30 16:53:15 293] - Script::uninstall_py_dlls(): PyInit__elementtree
   DEBUG    baseapp-1 10103 7001  [2018-07-30 16:53:15 293] - Script::uninstall_py_dlls(): PyInit_unicodedata
    INFO    baseapp-1 10103 7001  [2018-07-30 16:53:15 304] - Script::uninstall(): is successfully!
   DEBUG    baseapp-1 10103 7001  [2018-07-30 16:53:15 304] - ThreadPool::destroy(): starting size 2.
 WARNING    baseapp-1 10103 7001  [2018-07-30 16:53:15 605] - ThreadPool::destroy(): waiting for thread(2)[0x2650310,0x2650650,], try=1
   DEBUG    baseapp-1 10103 7001  [2018-07-30 16:53:16 007] - TPThread::~TPThread(): 0x2650310
   DEBUG    baseapp-1 10103 7001  [2018-07-30 16:53:16 007] - TPThread::~TPThread(): 0x2650650
   DEBUG    baseapp-1 10103 7001  [2018-07-30 16:53:16 007] - ThreadPool::destroy(): successfully!
   DEBUG    baseapp-1 10103 7001  [2018-07-30 16:53:16 008] - Bundle::destroyObjPool(): size 15.
   DEBUG    baseapp-1 10103 7001  [2018-07-30 16:53:16 008] - Channel::destroyObjPool(): size 15.
   DEBUG    baseapp-1 10103 7001  [2018-07-30 16:53:16 008] - TCPPacket::destroyObjPool(): size 0.
   DEBUG    baseapp-1 10103 7001  [2018-07-30 16:53:16 008] - UDPPacket::destroyObjPool(): size 14.
   DEBUG    baseapp-1 10103 7001  [2018-07-30 16:53:16 008] - EndPoint::destroyObjPool(): size 15.
   DEBUG    baseapp-1 10103 7001  [2018-07-30 16:53:16 009] - Address::destroyObjPool(): size 0.
   DEBUG    baseapp-1 10103 7001  [2018-07-30 16:53:16 009] - TCPPacketReceiver::destroyObjPool(): size 0.
   DEBUG    baseapp-1 10103 7001  [2018-07-30 16:53:16 009] - UDPPacketReceiver::destroyObjPool(): size 0.
    INFO    baseapp-1 10103 7001  [2018-07-30 16:54:09 089] - -----------------------------------------------------------------------------------------


    INFO    baseapp-1 10103 7001  [2018-07-30 16:54:09 090] - Resmgr::initialize: KBE_ROOT=D:/kbengine/
    INFO    baseapp-1 10103 7001  [2018-07-30 16:54:09 090] - Resmgr::initialize: KBE_RES_PATH=D:/kbengine/kbe/res/;D:/kbengine/assets_Battle of Gods/;D:/kbengine/assets_Battle of Gods/scripts/;D:/kbengine/assets_Battle of Gods/res/
    INFO    baseapp-1 10103 7001  [2018-07-30 16:54:09 090] - Resmgr::initialize: KBE_BIN_PATH=D:/kbengine/kbe/bin/server/
    INFO    baseapp-1 10103 7001  [2018-07-30 16:54:09 097] - NetworkInterface::initialize(EXTERNAL): bound to all interfaces with default route interface on 10.139.66.192 ( 10.139.66.192:20015 )
    INFO    baseapp-1 10103 7001  [2018-07-30 16:54:09 097] - NetworkInterface::initialize(EXTERNAL): address 10.139.66.192:20015, SOMAXCONN=128.
    INFO    baseapp-1 10103 7001  [2018-07-30 16:54:09 111] - NetworkInterface::initialize(INTERNAL): bound to all interfaces with default route interface on 10.139.66.192 ( 10.139.66.192:31660 )
    INFO    baseapp-1 10103 7001  [2018-07-30 16:54:09 111] - NetworkInterface::initialize(INTERNAL): address 10.139.66.192:31660, SOMAXCONN=128.
    INFO    baseapp-1 10103 7001  [2018-07-30 16:54:09 111] - server-configs:
    INFO    baseapp-1 10103 7001  [2018-07-30 16:54:09 111] - 	gameUpdateHertz : 10
    INFO    baseapp-1 10103 7001  [2018-07-30 16:54:09 111] - 	entryScriptFile : kbemain
    INFO    baseapp-1 10103 7001  [2018-07-30 16:54:09 112] - 	internalAddr : 10.139.66.192:31660
    INFO    baseapp-1 10103 7001  [2018-07-30 16:54:09 112] - 	externalAddr : 10.139.66.192:20015
    INFO    baseapp-1 10103 7001  [2018-07-30 16:54:09 112] - 	componentID : 7001
    INFO    baseapp-1 10103 7001  [2018-07-30 16:54:09 317] - Components::findLogger: found logger, addr:10.139.66.192:31649
    INFO    baseapp-1 10103 7001  [2018-07-30 16:54:09 317] - Components::addComponent: reset orderLog, uid=10103!
    INFO    baseapp-1 10103 7001  [2018-07-30 16:54:09 318] - Components::addComponent[logger], uid=10103, componentID=2000, globalorderid=1, grouporderid=1, totalcount=1
    INFO    baseapp-1 10103 7001  [2018-07-30 16:54:09 337] - ---- baseapp Version: 2.0.0. ScriptVersion: 0.1.0. Protocol: F9DFFB319FBADF35943ADF4D42C4718C. Config: Debug X86. Built: 16:27:53 Apr 30 2018. AppID: 7001. UID: 10103. PID: 11576 ----
    INFO    baseapp-1 10103 7001  [2018-07-30 16:54:09 337] - Server : Intel(R) Core(TM) i7-6700HQ CPU @ 2.60GHz with 2097151kB RAM
    INFO    baseapp-1 10103 7001  [2018-07-30 16:54:09 337] - ThreadPool::createThreadPool: creating  threadpool...
    INFO    baseapp-1 10103 7001  [2018-07-30 16:54:09 338] - ThreadPool::createThreadPool: successfully(2), newThreadCount=1, normalMaxThreadCount=2, maxThreadCount=8
   DEBUG    baseapp-1 10103 7001  [2018-07-30 16:54:09 486] - Script::install_py_dlls(): PyInit_pyexpat
   DEBUG    baseapp-1 10103 7001  [2018-07-30 16:54:09 486] - Script::install_py_dlls(): PyInit__socket
   DEBUG    baseapp-1 10103 7001  [2018-07-30 16:54:09 487] - Script::install_py_dlls(): PyInit__ssl
   DEBUG    baseapp-1 10103 7001  [2018-07-30 16:54:09 491] - Script::install_py_dlls(): PyInit__hashlib
   DEBUG    baseapp-1 10103 7001  [2018-07-30 16:54:09 492] - Script::install_py_dlls(): PyInit_select
   DEBUG    baseapp-1 10103 7001  [2018-07-30 16:54:09 492] - Script::install_py_dlls(): PyInit__ctypes
   DEBUG    baseapp-1 10103 7001  [2018-07-30 16:54:09 493] - Script::install_py_dlls(): PyInit__elementtree
   DEBUG    baseapp-1 10103 7001  [2018-07-30 16:54:09 565] - Script::install_py_dlls(): PyInit_unicodedata
    INFO    baseapp-1 10103 7001  [2018-07-30 16:54:09 628] - Script::install(): is successfully, Python=(3.4.2 (default, Apr 30 2018, 16:27:27) [MSC v.1900 32 bit (Intel)])!
    INFO    baseapp-1 10103 7001  [2018-07-30 16:54:09 628] - Script::install(): KBExtra is successfully!
   ERROR    baseapp-1 10103 7001  [2018-07-30 16:54:09 644] - DataTypes::getDataType:not found type AVATAR_INFO.
   ERROR    baseapp-1 10103 7001  [2018-07-30 16:54:09 645] - FixedArrayType::initialize: key[ARRAY] did not find type[AVATAR_INFO]!
   ERROR    baseapp-1 10103 7001  [2018-07-30 16:54:09 646] - DataTypes::loadTypes: parse ARRAY [AVATAR_LISTINFO] error!
   ERROR    baseapp-1 10103 7001  [2018-07-30 16:54:09 646] - app::initialize(): initialization failed!
   DEBUG    baseapp-1 10103 7001  [2018-07-30 16:54:09 647] - Script::uninstall_py_dlls(): PyInit_pyexpat
   DEBUG    baseapp-1 10103 7001  [2018-07-30 16:54:09 648] - Script::uninstall_py_dlls(): PyInit__socket
   DEBUG    baseapp-1 10103 7001  [2018-07-30 16:54:09 648] - Script::uninstall_py_dlls(): PyInit__ssl
   DEBUG    baseapp-1 10103 7001  [2018-07-30 16:54:09 648] - Script::uninstall_py_dlls(): PyInit__hashlib
   DEBUG    baseapp-1 10103 7001  [2018-07-30 16:54:09 648] - Script::uninstall_py_dlls(): PyInit_select
   DEBUG    baseapp-1 10103 7001  [2018-07-30 16:54:09 648] - Script::uninstall_py_dlls(): PyInit__ctypes
   DEBUG    baseapp-1 10103 7001  [2018-07-30 16:54:09 648] - Script::uninstall_py_dlls(): PyInit__elementtree
   DEBUG    baseapp-1 10103 7001  [2018-07-30 16:54:09 649] - Script::uninstall_py_dlls(): PyInit_unicodedata
    INFO    baseapp-1 10103 7001  [2018-07-30 16:54:09 664] - Script::uninstall(): is successfully!
   DEBUG    baseapp-1 10103 7001  [2018-07-30 16:54:09 664] - ThreadPool::destroy(): starting size 2.
 WARNING    baseapp-1 10103 7001  [2018-07-30 16:54:09 965] - ThreadPool::destroy(): waiting for thread(2)[0x2766e48,0x2766760,], try=1
   DEBUG    baseapp-1 10103 7001  [2018-07-30 16:54:10 367] - TPThread::~TPThread(): 0x2766e48
   DEBUG    baseapp-1 10103 7001  [2018-07-30 16:54:10 367] - TPThread::~TPThread(): 0x2766760
   DEBUG    baseapp-1 10103 7001  [2018-07-30 16:54:10 367] - ThreadPool::destroy(): successfully!
   DEBUG    baseapp-1 10103 7001  [2018-07-30 16:54:10 368] - Bundle::destroyObjPool(): size 15.
   DEBUG    baseapp-1 10103 7001  [2018-07-30 16:54:10 368] - Channel::destroyObjPool(): size 15.
   DEBUG    baseapp-1 10103 7001  [2018-07-30 16:54:10 368] - TCPPacket::destroyObjPool(): size 0.
   DEBUG    baseapp-1 10103 7001  [2018-07-30 16:54:10 368] - UDPPacket::destroyObjPool(): size 14.
   DEBUG    baseapp-1 10103 7001  [2018-07-30 16:54:10 368] - EndPoint::destroyObjPool(): size 15.
   DEBUG    baseapp-1 10103 7001  [2018-07-30 16:54:10 369] - Address::destroyObjPool(): size 0.
   DEBUG    baseapp-1 10103 7001  [2018-07-30 16:54:10 369] - TCPPacketReceiver::destroyObjPool(): size 0.
   DEBUG    baseapp-1 10103 7001  [2018-07-30 16:54:10 369] - UDPPacketReceiver::destroyObjPool(): size 0.
    INFO    baseapp-1 10103 7001  [2018-07-30 16:54:52 451] - -----------------------------------------------------------------------------------------


    INFO    baseapp-1 10103 7001  [2018-07-30 16:54:52 452] - Resmgr::initialize: KBE_ROOT=D:/kbengine/
    INFO    baseapp-1 10103 7001  [2018-07-30 16:54:52 453] - Resmgr::initialize: KBE_RES_PATH=D:/kbengine/kbe/res/;D:/kbengine/assets_Battle of Gods/;D:/kbengine/assets_Battle of Gods/scripts/;D:/kbengine/assets_Battle of Gods/res/
    INFO    baseapp-1 10103 7001  [2018-07-30 16:54:52 453] - Resmgr::initialize: KBE_BIN_PATH=D:/kbengine/kbe/bin/server/
    INFO    baseapp-1 10103 7001  [2018-07-30 16:54:52 459] - NetworkInterface::initialize(EXTERNAL): bound to all interfaces with default route interface on 10.139.66.192 ( 10.139.66.192:20015 )
    INFO    baseapp-1 10103 7001  [2018-07-30 16:54:52 460] - NetworkInterface::initialize(EXTERNAL): address 10.139.66.192:20015, SOMAXCONN=128.
    INFO    baseapp-1 10103 7001  [2018-07-30 16:54:52 473] - NetworkInterface::initialize(INTERNAL): bound to all interfaces with default route interface on 10.139.66.192 ( 10.139.66.192:31809 )
    INFO    baseapp-1 10103 7001  [2018-07-30 16:54:52 473] - NetworkInterface::initialize(INTERNAL): address 10.139.66.192:31809, SOMAXCONN=128.
    INFO    baseapp-1 10103 7001  [2018-07-30 16:54:52 474] - server-configs:
    INFO    baseapp-1 10103 7001  [2018-07-30 16:54:52 474] - 	gameUpdateHertz : 10
    INFO    baseapp-1 10103 7001  [2018-07-30 16:54:52 474] - 	entryScriptFile : kbemain
    INFO    baseapp-1 10103 7001  [2018-07-30 16:54:52 474] - 	internalAddr : 10.139.66.192:31809
    INFO    baseapp-1 10103 7001  [2018-07-30 16:54:52 474] - 	externalAddr : 10.139.66.192:20015
    INFO    baseapp-1 10103 7001  [2018-07-30 16:54:52 474] - 	componentID : 7001
    INFO    baseapp-1 10103 7001  [2018-07-30 16:54:52 936] - Components::findLogger: found logger, addr:10.139.66.192:31804
    INFO    baseapp-1 10103 7001  [2018-07-30 16:54:52 936] - Components::addComponent: reset orderLog, uid=10103!
    INFO    baseapp-1 10103 7001  [2018-07-30 16:54:52 937] - Components::addComponent[logger], uid=10103, componentID=2000, globalorderid=1, grouporderid=1, totalcount=1
    INFO    baseapp-1 10103 7001  [2018-07-30 16:54:52 955] - ---- baseapp Version: 2.0.0. ScriptVersion: 0.1.0. Protocol: F9DFFB319FBADF35943ADF4D42C4718C. Config: Debug X86. Built: 16:27:53 Apr 30 2018. AppID: 7001. UID: 10103. PID: 14196 ----
    INFO    baseapp-1 10103 7001  [2018-07-30 16:54:52 956] - Server : Intel(R) Core(TM) i7-6700HQ CPU @ 2.60GHz with 2097151kB RAM
    INFO    baseapp-1 10103 7001  [2018-07-30 16:54:52 957] - ThreadPool::createThreadPool: creating  threadpool...
    INFO    baseapp-1 10103 7001  [2018-07-30 16:54:52 958] - ThreadPool::createThreadPool: successfully(2), newThreadCount=1, normalMaxThreadCount=2, maxThreadCount=8
   DEBUG    baseapp-1 10103 7001  [2018-07-30 16:54:53 113] - Script::install_py_dlls(): PyInit_pyexpat
   DEBUG    baseapp-1 10103 7001  [2018-07-30 16:54:53 114] - Script::install_py_dlls(): PyInit__socket
   DEBUG    baseapp-1 10103 7001  [2018-07-30 16:54:53 114] - Script::install_py_dlls(): PyInit__ssl
   DEBUG    baseapp-1 10103 7001  [2018-07-30 16:54:53 119] - Script::install_py_dlls(): PyInit__hashlib
   DEBUG    baseapp-1 10103 7001  [2018-07-30 16:54:53 119] - Script::install_py_dlls(): PyInit_select
   DEBUG    baseapp-1 10103 7001  [2018-07-30 16:54:53 119] - Script::install_py_dlls(): PyInit__ctypes
   DEBUG    baseapp-1 10103 7001  [2018-07-30 16:54:53 120] - Script::install_py_dlls(): PyInit__elementtree
   DEBUG    baseapp-1 10103 7001  [2018-07-30 16:54:53 193] - Script::install_py_dlls(): PyInit_unicodedata
    INFO    baseapp-1 10103 7001  [2018-07-30 16:54:53 250] - Script::install(): is successfully, Python=(3.4.2 (default, Apr 30 2018, 16:27:27) [MSC v.1900 32 bit (Intel)])!
    INFO    baseapp-1 10103 7001  [2018-07-30 16:54:53 250] - Script::install(): KBExtra is successfully!
   ERROR    baseapp-1 10103 7001  [2018-07-30 16:54:53 264] - DataTypes::getDataType:not found type AVATAR_INFO.
   ERROR    baseapp-1 10103 7001  [2018-07-30 16:54:53 264] - FixedArrayType::initialize: key[ARRAY] did not find type[AVATAR_INFO]!
   ERROR    baseapp-1 10103 7001  [2018-07-30 16:54:53 265] - DataTypes::loadTypes: parse ARRAY [AVATAR_LISTINFO] error!
   ERROR    baseapp-1 10103 7001  [2018-07-30 16:54:53 265] - app::initialize(): initialization failed!
   DEBUG    baseapp-1 10103 7001  [2018-07-30 16:54:53 265] - Script::uninstall_py_dlls(): PyInit_pyexpat
   DEBUG    baseapp-1 10103 7001  [2018-07-30 16:54:53 266] - Script::uninstall_py_dlls(): PyInit__socket
   DEBUG    baseapp-1 10103 7001  [2018-07-30 16:54:53 266] - Script::uninstall_py_dlls(): PyInit__ssl
   DEBUG    baseapp-1 10103 7001  [2018-07-30 16:54:53 266] - Script::uninstall_py_dlls(): PyInit__hashlib
   DEBUG    baseapp-1 10103 7001  [2018-07-30 16:54:53 266] - Script::uninstall_py_dlls(): PyInit_select
   DEBUG    baseapp-1 10103 7001  [2018-07-30 16:54:53 266] - Script::uninstall_py_dlls(): PyInit__ctypes
   DEBUG    baseapp-1 10103 7001  [2018-07-30 16:54:53 266] - Script::uninstall_py_dlls(): PyInit__elementtree
   DEBUG    baseapp-1 10103 7001  [2018-07-30 16:54:53 266] - Script::uninstall_py_dlls(): PyInit_unicodedata
    INFO    baseapp-1 10103 7001  [2018-07-30 16:54:53 277] - Script::uninstall(): is successfully!
   DEBUG    baseapp-1 10103 7001  [2018-07-30 16:54:53 277] - ThreadPool::destroy(): starting size 2.
 WARNING    baseapp-1 10103 7001  [2018-07-30 16:54:53 578] - ThreadPool::destroy(): waiting for thread(2)[0x1d6d48,0x1d6938,], try=1
   DEBUG    baseapp-1 10103 7001  [2018-07-30 16:54:53 980] - TPThread::~TPThread(): 0x1d6d48
   DEBUG    baseapp-1 10103 7001  [2018-07-30 16:54:53 980] - TPThread::~TPThread(): 0x1d6938
   DEBUG    baseapp-1 10103 7001  [2018-07-30 16:54:53 981] - ThreadPool::destroy(): successfully!
   DEBUG    baseapp-1 10103 7001  [2018-07-30 16:54:53 981] - Bundle::destroyObjPool(): size 15.
   DEBUG    baseapp-1 10103 7001  [2018-07-30 16:54:53 982] - Channel::destroyObjPool(): size 15.
   DEBUG    baseapp-1 10103 7001  [2018-07-30 16:54:53 982] - TCPPacket::destroyObjPool(): size 0.
   DEBUG    baseapp-1 10103 7001  [2018-07-30 16:54:53 982] - UDPPacket::destroyObjPool(): size 14.
   DEBUG    baseapp-1 10103 7001  [2018-07-30 16:54:53 982] - EndPoint::destroyObjPool(): size 15.
   DEBUG    baseapp-1 10103 7001  [2018-07-30 16:54:53 982] - Address::destroyObjPool(): size 0.
   DEBUG    baseapp-1 10103 7001  [2018-07-30 16:54:53 982] - TCPPacketReceiver::destroyObjPool(): size 0.
   DEBUG    baseapp-1 10103 7001  [2018-07-30 16:54:53 983] - UDPPacketReceiver::destroyObjPool(): size 0.
    INFO    baseapp-1 10103 7001  [2018-07-30 16:55:35 428] - -----------------------------------------------------------------------------------------


    INFO    baseapp-1 10103 7001  [2018-07-30 16:55:35 430] - Resmgr::initialize: KBE_ROOT=D:/kbengine/
    INFO    baseapp-1 10103 7001  [2018-07-30 16:55:35 430] - Resmgr::initialize: KBE_RES_PATH=D:/kbengine/kbe/res/;D:/kbengine/assets_Battle of Gods/;D:/kbengine/assets_Battle of Gods/scripts/;D:/kbengine/assets_Battle of Gods/res/
    INFO    baseapp-1 10103 7001  [2018-07-30 16:55:35 430] - Resmgr::initialize: KBE_BIN_PATH=D:/kbengine/kbe/bin/server/
    INFO    baseapp-1 10103 7001  [2018-07-30 16:55:35 440] - NetworkInterface::initialize(EXTERNAL): bound to all interfaces with default route interface on 10.139.66.192 ( 10.139.66.192:20015 )
    INFO    baseapp-1 10103 7001  [2018-07-30 16:55:35 440] - NetworkInterface::initialize(EXTERNAL): address 10.139.66.192:20015, SOMAXCONN=128.
    INFO    baseapp-1 10103 7001  [2018-07-30 16:55:35 455] - NetworkInterface::initialize(INTERNAL): bound to all interfaces with default route interface on 10.139.66.192 ( 10.139.66.192:31962 )
    INFO    baseapp-1 10103 7001  [2018-07-30 16:55:35 456] - NetworkInterface::initialize(INTERNAL): address 10.139.66.192:31962, SOMAXCONN=128.
    INFO    baseapp-1 10103 7001  [2018-07-30 16:55:35 456] - server-configs:
    INFO    baseapp-1 10103 7001  [2018-07-30 16:55:35 456] - 	gameUpdateHertz : 10
    INFO    baseapp-1 10103 7001  [2018-07-30 16:55:35 456] - 	entryScriptFile : kbemain
    INFO    baseapp-1 10103 7001  [2018-07-30 16:55:35 456] - 	internalAddr : 10.139.66.192:31962
    INFO    baseapp-1 10103 7001  [2018-07-30 16:55:35 456] - 	externalAddr : 10.139.66.192:20015
    INFO    baseapp-1 10103 7001  [2018-07-30 16:55:35 457] - 	componentID : 7001
    INFO    baseapp-1 10103 7001  [2018-07-30 16:55:35 899] - Components::findLogger: found logger, addr:10.139.66.192:31956
    INFO    baseapp-1 10103 7001  [2018-07-30 16:55:35 899] - Components::addComponent: reset orderLog, uid=10103!
    INFO    baseapp-1 10103 7001  [2018-07-30 16:55:35 899] - Components::addComponent[logger], uid=10103, componentID=2000, globalorderid=1, grouporderid=1, totalcount=1
    INFO    baseapp-1 10103 7001  [2018-07-30 16:55:35 916] - ---- baseapp Version: 2.0.0. ScriptVersion: 0.1.0. Protocol: F9DFFB319FBADF35943ADF4D42C4718C. Config: Debug X86. Built: 16:27:53 Apr 30 2018. AppID: 7001. UID: 10103. PID: 14872 ----
    INFO    baseapp-1 10103 7001  [2018-07-30 16:55:35 917] - Server : Intel(R) Core(TM) i7-6700HQ CPU @ 2.60GHz with 2097151kB RAM
    INFO    baseapp-1 10103 7001  [2018-07-30 16:55:35 917] - ThreadPool::createThreadPool: creating  threadpool...
    INFO    baseapp-1 10103 7001  [2018-07-30 16:55:35 917] - ThreadPool::createThreadPool: successfully(2), newThreadCount=1, normalMaxThreadCount=2, maxThreadCount=8
   DEBUG    baseapp-1 10103 7001  [2018-07-30 16:55:36 077] - Script::install_py_dlls(): PyInit_pyexpat
   DEBUG    baseapp-1 10103 7001  [2018-07-30 16:55:36 077] - Script::install_py_dlls(): PyInit__socket
   DEBUG    baseapp-1 10103 7001  [2018-07-30 16:55:36 078] - Script::install_py_dlls(): PyInit__ssl
   DEBUG    baseapp-1 10103 7001  [2018-07-30 16:55:36 083] - Script::install_py_dlls(): PyInit__hashlib
   DEBUG    baseapp-1 10103 7001  [2018-07-30 16:55:36 083] - Script::install_py_dlls(): PyInit_select
   DEBUG    baseapp-1 10103 7001  [2018-07-30 16:55:36 083] - Script::install_py_dlls(): PyInit__ctypes
   DEBUG    baseapp-1 10103 7001  [2018-07-30 16:55:36 084] - Script::install_py_dlls(): PyInit__elementtree
   DEBUG    baseapp-1 10103 7001  [2018-07-30 16:55:36 142] - Script::install_py_dlls(): PyInit_unicodedata
    INFO    baseapp-1 10103 7001  [2018-07-30 16:55:36 217] - Script::install(): is successfully, Python=(3.4.2 (default, Apr 30 2018, 16:27:27) [MSC v.1900 32 bit (Intel)])!
    INFO    baseapp-1 10103 7001  [2018-07-30 16:55:36 217] - Script::install(): KBExtra is successfully!
   ERROR    baseapp-1 10103 7001  [2018-07-30 16:55:36 350] - EntityDef::initialize: Could not load EntityModule[Account]
   S_ERR    baseapp-1 10103 7001  [2018-07-30 16:55:36 351] -   File "D:/kbengine/assets_Battle of Gods/scripts/base\Account.py", line 11
    for key in self.AvatarList
                             ^
SyntaxError: invalid syntax
   ERROR    baseapp-1 10103 7001  [2018-07-30 16:55:36 351] - app::initialize(): initialization failed!
   DEBUG    baseapp-1 10103 7001  [2018-07-30 16:55:36 353] - Script::uninstall_py_dlls(): PyInit_pyexpat
   DEBUG    baseapp-1 10103 7001  [2018-07-30 16:55:36 353] - Script::uninstall_py_dlls(): PyInit__socket
   DEBUG    baseapp-1 10103 7001  [2018-07-30 16:55:36 353] - Script::uninstall_py_dlls(): PyInit__ssl
   DEBUG    baseapp-1 10103 7001  [2018-07-30 16:55:36 353] - Script::uninstall_py_dlls(): PyInit__hashlib
   DEBUG    baseapp-1 10103 7001  [2018-07-30 16:55:36 354] - Script::uninstall_py_dlls(): PyInit_select
   DEBUG    baseapp-1 10103 7001  [2018-07-30 16:55:36 354] - Script::uninstall_py_dlls(): PyInit__ctypes
   DEBUG    baseapp-1 10103 7001  [2018-07-30 16:55:36 354] - Script::uninstall_py_dlls(): PyInit__elementtree
   DEBUG    baseapp-1 10103 7001  [2018-07-30 16:55:36 354] - Script::uninstall_py_dlls(): PyInit_unicodedata
    INFO    baseapp-1 10103 7001  [2018-07-30 16:55:36 371] - Script::uninstall(): is successfully!
   DEBUG    baseapp-1 10103 7001  [2018-07-30 16:55:36 372] - ThreadPool::destroy(): starting size 2.
 WARNING    baseapp-1 10103 7001  [2018-07-30 16:55:36 673] - ThreadPool::destroy(): waiting for thread(2)[0x26c70a8,0x26c7248,], try=1
   DEBUG    baseapp-1 10103 7001  [2018-07-30 16:55:37 075] - TPThread::~TPThread(): 0x26c70a8
   DEBUG    baseapp-1 10103 7001  [2018-07-30 16:55:37 075] - TPThread::~TPThread(): 0x26c7248
   DEBUG    baseapp-1 10103 7001  [2018-07-30 16:55:37 076] - ThreadPool::destroy(): successfully!
   DEBUG    baseapp-1 10103 7001  [2018-07-30 16:55:37 076] - Bundle::destroyObjPool(): size 0.
   DEBUG    baseapp-1 10103 7001  [2018-07-30 16:55:37 077] - Channel::destroyObjPool(): size 15.
   DEBUG    baseapp-1 10103 7001  [2018-07-30 16:55:37 077] - TCPPacket::destroyObjPool(): size 0.
   DEBUG    baseapp-1 10103 7001  [2018-07-30 16:55:37 077] - UDPPacket::destroyObjPool(): size 14.
   DEBUG    baseapp-1 10103 7001  [2018-07-30 16:55:37 077] - EndPoint::destroyObjPool(): size 15.
   DEBUG    baseapp-1 10103 7001  [2018-07-30 16:55:37 078] - Address::destroyObjPool(): size 0.
   DEBUG    baseapp-1 10103 7001  [2018-07-30 16:55:37 078] - TCPPacketReceiver::destroyObjPool(): size 0.
   DEBUG    baseapp-1 10103 7001  [2018-07-30 16:55:37 078] - UDPPacketReceiver::destroyObjPool(): size 0.
    INFO    baseapp-1 10103 7001  [2018-07-30 16:56:01 574] - -----------------------------------------------------------------------------------------


    INFO    baseapp-1 10103 7001  [2018-07-30 16:56:01 575] - Resmgr::initialize: KBE_ROOT=D:/kbengine/
    INFO    baseapp-1 10103 7001  [2018-07-30 16:56:01 575] - Resmgr::initialize: KBE_RES_PATH=D:/kbengine/kbe/res/;D:/kbengine/assets_Battle of Gods/;D:/kbengine/assets_Battle of Gods/scripts/;D:/kbengine/assets_Battle of Gods/res/
    INFO    baseapp-1 10103 7001  [2018-07-30 16:56:01 575] - Resmgr::initialize: KBE_BIN_PATH=D:/kbengine/kbe/bin/server/
    INFO    baseapp-1 10103 7001  [2018-07-30 16:56:01 585] - NetworkInterface::initialize(EXTERNAL): bound to all interfaces with default route interface on 10.139.66.192 ( 10.139.66.192:20015 )
    INFO    baseapp-1 10103 7001  [2018-07-30 16:56:01 585] - NetworkInterface::initialize(EXTERNAL): address 10.139.66.192:20015, SOMAXCONN=128.
    INFO    baseapp-1 10103 7001  [2018-07-30 16:56:01 605] - NetworkInterface::initialize(INTERNAL): bound to all interfaces with default route interface on 10.139.66.192 ( 10.139.66.192:32066 )
    INFO    baseapp-1 10103 7001  [2018-07-30 16:56:01 606] - NetworkInterface::initialize(INTERNAL): address 10.139.66.192:32066, SOMAXCONN=128.
    INFO    baseapp-1 10103 7001  [2018-07-30 16:56:01 606] - server-configs:
    INFO    baseapp-1 10103 7001  [2018-07-30 16:56:01 606] - 	gameUpdateHertz : 10
    INFO    baseapp-1 10103 7001  [2018-07-30 16:56:01 607] - 	entryScriptFile : kbemain
    INFO    baseapp-1 10103 7001  [2018-07-30 16:56:01 607] - 	internalAddr : 10.139.66.192:32066
    INFO    baseapp-1 10103 7001  [2018-07-30 16:56:01 607] - 	externalAddr : 10.139.66.192:20015
    INFO    baseapp-1 10103 7001  [2018-07-30 16:56:01 607] - 	componentID : 7001
    INFO    baseapp-1 10103 7001  [2018-07-30 16:56:01 990] - Components::findLogger: found logger, addr:10.139.66.192:32060
    INFO    baseapp-1 10103 7001  [2018-07-30 16:56:01 990] - Components::addComponent: reset orderLog, uid=10103!
    INFO    baseapp-1 10103 7001  [2018-07-30 16:56:01 990] - Components::addComponent[logger], uid=10103, componentID=2000, globalorderid=1, grouporderid=1, totalcount=1
    INFO    baseapp-1 10103 7001  [2018-07-30 16:56:02 030] - ---- baseapp Version: 2.0.0. ScriptVersion: 0.1.0. Protocol: F9DFFB319FBADF35943ADF4D42C4718C. Config: Debug X86. Built: 16:27:53 Apr 30 2018. AppID: 7001. UID: 10103. PID: 14888 ----
    INFO    baseapp-1 10103 7001  [2018-07-30 16:56:02 031] - Server : Intel(R) Core(TM) i7-6700HQ CPU @ 2.60GHz with 2097151kB RAM
    INFO    baseapp-1 10103 7001  [2018-07-30 16:56:02 031] - ThreadPool::createThreadPool: creating  threadpool...
    INFO    baseapp-1 10103 7001  [2018-07-30 16:56:02 032] - ThreadPool::createThreadPool: successfully(2), newThreadCount=1, normalMaxThreadCount=2, maxThreadCount=8
   DEBUG    baseapp-1 10103 7001  [2018-07-30 16:56:02 177] - Script::install_py_dlls(): PyInit_pyexpat
   DEBUG    baseapp-1 10103 7001  [2018-07-30 16:56:02 178] - Script::install_py_dlls(): PyInit__socket
   DEBUG    baseapp-1 10103 7001  [2018-07-30 16:56:02 179] - Script::install_py_dlls(): PyInit__ssl
   DEBUG    baseapp-1 10103 7001  [2018-07-30 16:56:02 184] - Script::install_py_dlls(): PyInit__hashlib
   DEBUG    baseapp-1 10103 7001  [2018-07-30 16:56:02 185] - Script::install_py_dlls(): PyInit_select
   DEBUG    baseapp-1 10103 7001  [2018-07-30 16:56:02 185] - Script::install_py_dlls(): PyInit__ctypes
   DEBUG    baseapp-1 10103 7001  [2018-07-30 16:56:02 186] - Script::install_py_dlls(): PyInit__elementtree
   DEBUG    baseapp-1 10103 7001  [2018-07-30 16:56:02 260] - Script::install_py_dlls(): PyInit_unicodedata
    INFO    baseapp-1 10103 7001  [2018-07-30 16:56:02 327] - Script::install(): is successfully, Python=(3.4.2 (default, Apr 30 2018, 16:27:27) [MSC v.1900 32 bit (Intel)])!
    INFO    baseapp-1 10103 7001  [2018-07-30 16:56:02 327] - Script::install(): KBExtra is successfully!
   DEBUG    baseapp-1 10103 7001  [2018-07-30 16:56:02 490] - loaded entity-script:Account(1).
   DEBUG    baseapp-1 10103 7001  [2018-07-30 16:56:02 539] - loaded entity-script:Avatar(2).
   DEBUG    baseapp-1 10103 7001  [2018-07-30 16:56:02 744] - loaded entity-script:Equipment(3).
   DEBUG    baseapp-1 10103 7001  [2018-07-30 16:56:02 789] - loaded entity-script:Chat(4).
    INFO    baseapp-1 10103 7001  [2018-07-30 16:56:02 789] - Baseapp::initializeEnd: started resmgr tick(60s)!
    INFO    baseapp-1 10103 7001  [2018-07-30 16:56:02 789] - TelnetServer server is running on port 40000
    INFO    baseapp-1 10103 7001  [2018-07-30 16:56:03 485] - ---- baseapp is running ----
   DEBUG    baseapp-1 10103 7001  [2018-07-30 16:56:03 485] - Components::process(): Request for the process of identity...
 WARNING    baseapp-1 10103 7001  [2018-07-30 16:56:09 775] - EntityApp::checkTickPeriod: tick took 6289% (6.29 seconds)!
    INFO    baseapp-1 10103 7001  [2018-07-30 16:56:10 789] - Components::findComponents: find dbmgr(1)...
 WARNING    baseapp-1 10103 7001  [2018-07-30 16:56:11 817] - EntityApp::checkTickPeriod: tick took 1031% (1.03 seconds)!
    INFO    baseapp-1 10103 7001  [2018-07-30 16:56:12 876] - Components::findComponents: find dbmgr(2)...
 WARNING    baseapp-1 10103 7001  [2018-07-30 16:56:13 941] - EntityApp::checkTickPeriod: tick took 1156% (1.16 seconds)!
    INFO    baseapp-1 10103 7001  [2018-07-30 16:56:14 976] - Components::findComponents: find dbmgr(3)...
 WARNING    baseapp-1 10103 7001  [2018-07-30 16:56:16 066] - EntityApp::checkTickPeriod: tick took 1181% (1.18 seconds)!
    INFO    baseapp-1 10103 7001  [2018-07-30 16:56:17 076] - Components::findComponents: find dbmgr(4)...
 WARNING    baseapp-1 10103 7001  [2018-07-30 16:56:18 103] - EntityApp::checkTickPeriod: tick took 1109% (1.11 seconds)!
    INFO    baseapp-1 10103 7001  [2018-07-30 16:56:19 176] - Components::findComponents: find dbmgr(5)...
 WARNING    baseapp-1 10103 7001  [2018-07-30 16:56:20 233] - EntityApp::checkTickPeriod: tick took 1147% (1.15 seconds)!
    INFO    baseapp-1 10103 7001  [2018-07-30 16:56:21 276] - Components::findComponents: find dbmgr(6)...
 WARNING    baseapp-1 10103 7001  [2018-07-30 16:56:22 359] - EntityApp::checkTickPeriod: tick took 1174% (1.17 seconds)!
    INFO    baseapp-1 10103 7001  [2018-07-30 16:56:23 376] - Components::findComponents: find dbmgr(7)...
 WARNING    baseapp-1 10103 7001  [2018-07-30 16:56:24 381] - EntityApp::checkTickPeriod: tick took 1096% (1.10 seconds)!
    INFO    baseapp-1 10103 7001  [2018-07-30 16:56:25 386] - Components::findComponents: find dbmgr(8)...
 WARNING    baseapp-1 10103 7001  [2018-07-30 16:56:26 404] - EntityApp::checkTickPeriod: tick took 1119% (1.12 seconds)!
    INFO    baseapp-1 10103 7001  [2018-07-30 16:56:27 476] - Components::findComponents: find dbmgr(9)...
 WARNING    baseapp-1 10103 7001  [2018-07-30 16:56:28 531] - EntityApp::checkTickPeriod: tick took 1145% (1.14 seconds)!
    INFO    baseapp-1 10103 7001  [2018-07-30 16:56:29 576] - Components::findComponents: find dbmgr(10)...
 WARNING    baseapp-1 10103 7001  [2018-07-30 16:56:30 656] - EntityApp::checkTickPeriod: tick took 1170% (1.17 seconds)!
    INFO    baseapp-1 10103 7001  [2018-07-30 16:56:31 675] - Components::findComponents: find dbmgr(11)...
 WARNING    baseapp-1 10103 7001  [2018-07-30 16:56:32 778] - EntityApp::checkTickPeriod: tick took 1192% (1.19 seconds)!
    INFO    baseapp-1 10103 7001  [2018-07-30 16:56:33 786] - Components::findComponents: find dbmgr(12)...
 WARNING    baseapp-1 10103 7001  [2018-07-30 16:56:34 800] - EntityApp::checkTickPeriod: tick took 1115% (1.12 seconds)!
    INFO    baseapp-1 10103 7001  [2018-07-30 16:56:35 876] - Components::findComponents: find dbmgr(13)...
 WARNING    baseapp-1 10103 7001  [2018-07-30 16:56:36 925] - EntityApp::checkTickPeriod: tick took 1139% (1.14 seconds)!
    INFO    baseapp-1 10103 7001  [2018-07-30 16:56:37 976] - Components::findComponents: find dbmgr(14)...
 WARNING    baseapp-1 10103 7001  [2018-07-30 16:56:39 050] - EntityApp::checkTickPeriod: tick took 1164% (1.16 seconds)!
    INFO    baseapp-1 10103 7001  [2018-07-30 16:56:40 076] - Components::findComponents: find dbmgr(15)...
 WARNING    baseapp-1 10103 7001  [2018-07-30 16:56:41 171] - EntityApp::checkTickPeriod: tick took 1185% (1.18 seconds)!
    INFO    baseapp-1 10103 7001  [2018-07-30 16:56:42 176] - Components::findComponents: find dbmgr(16)...
 WARNING    baseapp-1 10103 7001  [2018-07-30 16:56:43 196] - EntityApp::checkTickPeriod: tick took 1110% (1.11 seconds)!
 WARNING    baseapp-1 10103 7001  [2018-07-30 16:56:44 276] - Components::findComponents: find dbmgr(17)...
delay time is too long, please check the dbmgr logs!
 WARNING    baseapp-1 10103 7001  [2018-07-30 16:56:45 319] - EntityApp::checkTickPeriod: tick took 1133% (1.13 seconds)!
 WARNING    baseapp-1 10103 7001  [2018-07-30 16:56:46 376] - Components::findComponents: find dbmgr(18)...
delay time is too long, please check the dbmgr logs!
 WARNING    baseapp-1 10103 7001  [2018-07-30 16:56:47 445] - EntityApp::checkTickPeriod: tick took 1159% (1.16 seconds)!
 WARNING    baseapp-1 10103 7001  [2018-07-30 16:56:48 476] - Components::findComponents: find dbmgr(19)...
delay time is too long, please check the dbmgr logs!
 WARNING    baseapp-1 10103 7001  [2018-07-30 16:56:49 573] - EntityApp::checkTickPeriod: tick took 1187% (1.19 seconds)!
 WARNING    baseapp-1 10103 7001  [2018-07-30 16:56:50 576] - Components::findComponents: find dbmgr(20)...
delay time is too long, please check the dbmgr logs!
 WARNING    baseapp-1 10103 7001  [2018-07-30 16:56:51 597] - EntityApp::checkTickPeriod: tick took 1111% (1.11 seconds)!
 WARNING    baseapp-1 10103 7001  [2018-07-30 16:56:52 675] - Components::findComponents: find dbmgr(21)...
delay time is too long, please check the dbmgr logs!
 WARNING    baseapp-1 10103 7001  [2018-07-30 16:56:53 721] - EntityApp::checkTickPeriod: tick took 1135% (1.13 seconds)!
 WARNING    baseapp-1 10103 7001  [2018-07-30 16:56:54 775] - Components::findComponents: find dbmgr(22)...
delay time is too long, please check the dbmgr logs!
 WARNING    baseapp-1 10103 7001  [2018-07-30 16:56:55 847] - EntityApp::checkTickPeriod: tick took 1161% (1.16 seconds)!
 WARNING    baseapp-1 10103 7001  [2018-07-30 16:56:56 876] - Components::findComponents: find dbmgr(23)...
delay time is too long, please check the dbmgr logs!
 WARNING    baseapp-1 10103 7001  [2018-07-30 16:56:57 973] - EntityApp::checkTickPeriod: tick took 1187% (1.19 seconds)!
 WARNING    baseapp-1 10103 7001  [2018-07-30 16:56:58 976] - Components::findComponents: find dbmgr(24)...
delay time is too long, please check the dbmgr logs!
 WARNING    baseapp-1 10103 7001  [2018-07-30 16:57:00 000] - EntityApp::checkTickPeriod: tick took 1114% (1.11 seconds)!
 WARNING    baseapp-1 10103 7001  [2018-07-30 16:57:01 076] - Components::findComponents: find dbmgr(25)...
delay time is too long, please check the dbmgr logs!
 WARNING    baseapp-1 10103 7001  [2018-07-30 16:57:02 123] - EntityApp::checkTickPeriod: tick took 1137% (1.14 seconds)!
 WARNING    baseapp-1 10103 7001  [2018-07-30 16:57:03 176] - Components::findComponents: find dbmgr(26)...
delay time is too long, please check the dbmgr logs!
 WARNING    baseapp-1 10103 7001  [2018-07-30 16:57:04 256] - EntityApp::checkTickPeriod: tick took 1170% (1.17 seconds)!
 WARNING    baseapp-1 10103 7001  [2018-07-30 16:57:05 276] - Components::findComponents: find dbmgr(27)...
delay time is too long, please check the dbmgr logs!
 WARNING    baseapp-1 10103 7001  [2018-07-30 16:57:06 284] - EntityApp::checkTickPeriod: tick took 1098% (1.10 seconds)!
 WARNING    baseapp-1 10103 7001  [2018-07-30 16:57:07 286] - Components::findComponents: find dbmgr(28)...
delay time is too long, please check the dbmgr logs!
 WARNING    baseapp-1 10103 7001  [2018-07-30 16:57:08 311] - EntityApp::checkTickPeriod: tick took 1126% (1.13 seconds)!
 WARNING    baseapp-1 10103 7001  [2018-07-30 16:57:09 376] - Components::findComponents: find dbmgr(29)...
delay time is too long, please check the dbmgr logs!
 WARNING    baseapp-1 10103 7001  [2018-07-30 16:57:10 435] - EntityApp::checkTickPeriod: tick took 1150% (1.15 seconds)!
 WARNING    baseapp-1 10103 7001  [2018-07-30 16:57:11 476] - Components::findComponents: find dbmgr(30)...
delay time is too long, please check the dbmgr logs!
 WARNING    baseapp-1 10103 7001  [2018-07-30 16:57:12 563] - EntityApp::checkTickPeriod: tick took 1177% (1.18 seconds)!
 WARNING    baseapp-1 10103 7001  [2018-07-30 16:57:13 576] - Components::findComponents: find dbmgr(31)...
delay time is too long, please check the dbmgr logs!
 WARNING    baseapp-1 10103 7001  [2018-07-30 16:57:14 593] - EntityApp::checkTickPeriod: tick took 1107% (1.11 seconds)!
 WARNING    baseapp-1 10103 7001  [2018-07-30 16:57:15 676] - Components::findComponents: find dbmgr(32)...
delay time is too long, please check the dbmgr logs!
 WARNING    baseapp-1 10103 7001  [2018-07-30 16:57:16 722] - EntityApp::checkTickPeriod: tick took 1137% (1.14 seconds)!
 WARNING    baseapp-1 10103 7001  [2018-07-30 16:57:17 776] - Components::findComponents: find dbmgr(33)...
delay time is too long, please check the dbmgr logs!
 WARNING    baseapp-1 10103 7001  [2018-07-30 16:57:18 850] - EntityApp::checkTickPeriod: tick took 1164% (1.16 seconds)!
 WARNING    baseapp-1 10103 7001  [2018-07-30 16:57:19 876] - Components::findComponents: find dbmgr(34)...
delay time is too long, please check the dbmgr logs!
 WARNING    baseapp-1 10103 7001  [2018-07-30 16:57:20 981] - EntityApp::checkTickPeriod: tick took 1195% (1.20 seconds)!
 WARNING    baseapp-1 10103 7001  [2018-07-30 16:57:21 985] - Components::findComponents: find dbmgr(35)...
delay time is too long, please check the dbmgr logs!
 WARNING    baseapp-1 10103 7001  [2018-07-30 16:57:23 010] - EntityApp::checkTickPeriod: tick took 1124% (1.12 seconds)!
 WARNING    baseapp-1 10103 7001  [2018-07-30 16:57:24 076] - Components::findComponents: find dbmgr(36)...
delay time is too long, please check the dbmgr logs!
 WARNING    baseapp-1 10103 7001  [2018-07-30 16:57:25 137] - EntityApp::checkTickPeriod: tick took 1151% (1.15 seconds)!
 WARNING    baseapp-1 10103 7001  [2018-07-30 16:57:26 176] - Components::findComponents: find dbmgr(37)...
delay time is too long, please check the dbmgr logs!
 WARNING    baseapp-1 10103 7001  [2018-07-30 16:57:27 266] - EntityApp::checkTickPeriod: tick took 1180% (1.18 seconds)!
 WARNING    baseapp-1 10103 7001  [2018-07-30 16:57:28 276] - Components::findComponents: find dbmgr(38)...
delay time is too long, please check the dbmgr logs!
 WARNING    baseapp-1 10103 7001  [2018-07-30 16:57:29 295] - EntityApp::checkTickPeriod: tick took 1110% (1.11 seconds)!
 WARNING    baseapp-1 10103 7001  [2018-07-30 16:57:30 375] - Components::findComponents: find dbmgr(39)...
delay time is too long, please check the dbmgr logs!
 WARNING    baseapp-1 10103 7001  [2018-07-30 16:57:31 423] - EntityApp::checkTickPeriod: tick took 1137% (1.14 seconds)!
 WARNING    baseapp-1 10103 7001  [2018-07-30 16:57:32 476] - Components::findComponents: find dbmgr(40)...
delay time is too long, please check the dbmgr logs!
 WARNING    baseapp-1 10103 7001  [2018-07-30 16:57:33 553] - EntityApp::checkTickPeriod: tick took 1168% (1.17 seconds)!
 WARNING    baseapp-1 10103 7001  [2018-07-30 16:57:34 576] - Components::findComponents: find dbmgr(41)...
delay time is too long, please check the dbmgr logs!
 WARNING    baseapp-1 10103 7001  [2018-07-30 16:57:35 680] - EntityApp::checkTickPeriod: tick took 1195% (1.20 seconds)!
 WARNING    baseapp-1 10103 7001  [2018-07-30 16:57:36 685] - Components::findComponents: find dbmgr(42)...
delay time is too long, please check the dbmgr logs!
 WARNING    baseapp-1 10103 7001  [2018-07-30 16:57:37 707] - EntityApp::checkTickPeriod: tick took 1122% (1.12 seconds)!
 WARNING    baseapp-1 10103 7001  [2018-07-30 16:57:38 776] - Components::findComponents: find dbmgr(43)...
delay time is too long, please check the dbmgr logs!
 WARNING    baseapp-1 10103 7001  [2018-07-30 16:57:39 835] - EntityApp::checkTickPeriod: tick took 1149% (1.15 seconds)!
 WARNING    baseapp-1 10103 7001  [2018-07-30 16:57:40 876] - Components::findComponents: find dbmgr(44)...
delay time is too long, please check the dbmgr logs!
 WARNING    baseapp-1 10103 7001  [2018-07-30 16:57:41 963] - EntityApp::checkTickPeriod: tick took 1177% (1.18 seconds)!
 WARNING    baseapp-1 10103 7001  [2018-07-30 16:57:42 976] - Components::findComponents: find dbmgr(45)...
delay time is too long, please check the dbmgr logs!
 WARNING    baseapp-1 10103 7001  [2018-07-30 16:57:43 992] - EntityApp::checkTickPeriod: tick took 1107% (1.11 seconds)!
 WARNING    baseapp-1 10103 7001  [2018-07-30 16:57:45 076] - Components::findComponents: find dbmgr(46)...
delay time is too long, please check the dbmgr logs!
 WARNING    baseapp-1 10103 7001  [2018-07-30 16:57:46 123] - EntityApp::checkTickPeriod: tick took 1137% (1.14 seconds)!
 WARNING    baseapp-1 10103 7001  [2018-07-30 16:57:47 176] - Components::findComponents: find dbmgr(47)...
delay time is too long, please check the dbmgr logs!
 WARNING    baseapp-1 10103 7001  [2018-07-30 16:57:48 251] - EntityApp::checkTickPeriod: tick took 1165% (1.16 seconds)!
 WARNING    baseapp-1 10103 7001  [2018-07-30 16:57:49 275] - Components::findComponents: find dbmgr(48)...
delay time is too long, please check the dbmgr logs!
 WARNING    baseapp-1 10103 7001  [2018-07-30 16:57:50 382] - EntityApp::checkTickPeriod: tick took 1196% (1.20 seconds)!
 WARNING    baseapp-1 10103 7001  [2018-07-30 16:57:51 385] - Components::findComponents: find dbmgr(49)...
delay time is too long, please check the dbmgr logs!
 WARNING    baseapp-1 10103 7001  [2018-07-30 16:57:52 413] - EntityApp::checkTickPeriod: tick took 1127% (1.13 seconds)!
 WARNING    baseapp-1 10103 7001  [2018-07-30 16:57:53 475] - Components::findComponents: find dbmgr(50)...
delay time is too long, please check the dbmgr logs!
 WARNING    baseapp-1 10103 7001  [2018-07-30 16:57:54 546] - EntityApp::checkTickPeriod: tick took 1160% (1.16 seconds)!
 WARNING    baseapp-1 10103 7001  [2018-07-30 16:57:55 575] - Components::findComponents: find dbmgr(51)...
delay time is too long, please check the dbmgr logs!
 WARNING    baseapp-1 10103 7001  [2018-07-30 16:57:56 677] - EntityApp::checkTickPeriod: tick took 1191% (1.19 seconds)!
 WARNING    baseapp-1 10103 7001  [2018-07-30 16:57:57 686] - Components::findComponents: find dbmgr(52)...
delay time is too long, please check the dbmgr logs!
 WARNING    baseapp-1 10103 7001  [2018-07-30 16:57:58 702] - EntityApp::checkTickPeriod: tick took 1117% (1.12 seconds)!
 WARNING    baseapp-1 10103 7001  [2018-07-30 16:57:59 775] - Components::findComponents: find dbmgr(53)...
delay time is too long, please check the dbmgr logs!
 WARNING    baseapp-1 10103 7001  [2018-07-30 16:58:00 829] - EntityApp::checkTickPeriod: tick took 1143% (1.14 seconds)!
 WARNING    baseapp-1 10103 7001  [2018-07-30 16:58:01 875] - Components::findComponents: find dbmgr(54)...
delay time is too long, please check the dbmgr logs!
 WARNING    baseapp-1 10103 7001  [2018-07-30 16:58:02 957] - EntityApp::checkTickPeriod: tick took 1171% (1.17 seconds)!
 WARNING    baseapp-1 10103 7001  [2018-07-30 16:58:03 976] - Components::findComponents: find dbmgr(55)...
delay time is too long, please check the dbmgr logs!
 WARNING    baseapp-1 10103 7001  [2018-07-30 16:58:04 986] - EntityApp::checkTickPeriod: tick took 1100% (1.10 seconds)!
 WARNING    baseapp-1 10103 7001  [2018-07-30 16:58:06 076] - Components::findComponents: find dbmgr(56)...
delay time is too long, please check the dbmgr logs!
 WARNING    baseapp-1 10103 7001  [2018-07-30 16:58:07 117] - EntityApp::checkTickPeriod: tick took 1131% (1.13 seconds)!
 WARNING    baseapp-1 10103 7001  [2018-07-30 16:58:08 176] - Components::findComponents: find dbmgr(57)...
delay time is too long, please check the dbmgr logs!
 WARNING    baseapp-1 10103 7001  [2018-07-30 16:58:09 245] - EntityApp::checkTickPeriod: tick took 1159% (1.16 seconds)!
 WARNING    baseapp-1 10103 7001  [2018-07-30 16:58:10 276] - Components::findComponents: find dbmgr(58)...
delay time is too long, please check the dbmgr logs!
 WARNING    baseapp-1 10103 7001  [2018-07-30 16:58:11 372] - EntityApp::checkTickPeriod: tick took 1187% (1.19 seconds)!
 WARNING    baseapp-1 10103 7001  [2018-07-30 16:58:12 376] - Components::findComponents: find dbmgr(59)...
delay time is too long, please check the dbmgr logs!
 WARNING    baseapp-1 10103 7001  [2018-07-30 16:58:13 399] - EntityApp::checkTickPeriod: tick took 1113% (1.11 seconds)!
 WARNING    baseapp-1 10103 7001  [2018-07-30 16:58:14 475] - Components::findComponents: find dbmgr(60)...
delay time is too long, please check the dbmgr logs!
 WARNING    baseapp-1 10103 7001  [2018-07-30 16:58:15 526] - EntityApp::checkTickPeriod: tick took 1141% (1.14 seconds)!
 WARNING    baseapp-1 10103 7001  [2018-07-30 16:58:16 575] - Components::findComponents: find dbmgr(61)...
delay time is too long, please check the dbmgr logs!
 WARNING    baseapp-1 10103 7001  [2018-07-30 16:58:17 653] - EntityApp::checkTickPeriod: tick took 1167% (1.17 seconds)!
 WARNING    baseapp-1 10103 7001  [2018-07-30 16:58:18 676] - Components::findComponents: find dbmgr(62)...
delay time is too long, please check the dbmgr logs!
 WARNING    baseapp-1 10103 7001  [2018-07-30 16:58:19 009] - BundleBroadcast::BundleBroadcast: Cannot bind to port 20614, errorno=10048
 WARNING    baseapp-1 10103 7001  [2018-07-30 16:58:19 010] - EntityApp::checkTickPeriod: tick took 424% (0.42 seconds)!
 WARNING    baseapp-1 10103 7001  [2018-07-30 16:58:20 075] - Components::findComponents: find dbmgr(63)...
delay time is too long, please check the dbmgr logs!
 WARNING    baseapp-1 10103 7001  [2018-07-30 16:58:21 103] - EntityApp::checkTickPeriod: tick took 1117% (1.12 seconds)!
 WARNING    baseapp-1 10103 7001  [2018-07-30 16:58:22 176] - Components::findComponents: find dbmgr(64)...
delay time is too long, please check the dbmgr logs!
 WARNING    baseapp-1 10103 7001  [2018-07-30 16:58:23 229] - EntityApp::checkTickPeriod: tick took 1144% (1.14 seconds)!
 WARNING    baseapp-1 10103 7001  [2018-07-30 16:58:24 276] - Components::findComponents: find dbmgr(65)...
delay time is too long, please check the dbmgr logs!
 WARNING    baseapp-1 10103 7001  [2018-07-30 16:58:25 363] - EntityApp::checkTickPeriod: tick took 1177% (1.18 seconds)!
 WARNING    baseapp-1 10103 7001  [2018-07-30 16:58:26 376] - Components::findComponents: find dbmgr(66)...
delay time is too long, please check the dbmgr logs!
 WARNING    baseapp-1 10103 7001  [2018-07-30 16:58:27 391] - EntityApp::checkTickPeriod: tick took 1105% (1.11 seconds)!
 WARNING    baseapp-1 10103 7001  [2018-07-30 16:58:28 476] - Components::findComponents: find dbmgr(67)...
delay time is too long, please check the dbmgr logs!
 WARNING    baseapp-1 10103 7001  [2018-07-30 16:58:29 517] - EntityApp::checkTickPeriod: tick took 1132% (1.13 seconds)!
 WARNING    baseapp-1 10103 7001  [2018-07-30 16:58:30 576] - Components::findComponents: find dbmgr(68)...
delay time is too long, please check the dbmgr logs!
 WARNING    baseapp-1 10103 7001  [2018-07-30 16:58:31 649] - EntityApp::checkTickPeriod: tick took 1163% (1.16 seconds)!
 WARNING    baseapp-1 10103 7001  [2018-07-30 16:58:32 675] - Components::findComponents: find dbmgr(69)...
delay time is too long, please check the dbmgr logs!
 WARNING    baseapp-1 10103 7001  [2018-07-30 16:58:33 779] - EntityApp::checkTickPeriod: tick took 1193% (1.19 seconds)!
 WARNING    baseapp-1 10103 7001  [2018-07-30 16:58:34 785] - Components::findComponents: find dbmgr(70)...
delay time is too long, please check the dbmgr logs!
 WARNING    baseapp-1 10103 7001  [2018-07-30 16:58:35 808] - EntityApp::checkTickPeriod: tick took 1122% (1.12 seconds)!
 WARNING    baseapp-1 10103 7001  [2018-07-30 16:58:36 876] - Components::findComponents: find dbmgr(71)...
delay time is too long, please check the dbmgr logs!
 WARNING    baseapp-1 10103 7001  [2018-07-30 16:58:37 940] - EntityApp::checkTickPeriod: tick took 1154% (1.15 seconds)!
 WARNING    baseapp-1 10103 7001  [2018-07-30 16:58:38 975] - Components::findComponents: find dbmgr(72)...
delay time is too long, please check the dbmgr logs!
 WARNING    baseapp-1 10103 7001  [2018-07-30 16:58:40 072] - EntityApp::checkTickPeriod: tick took 1186% (1.19 seconds)!
 WARNING    baseapp-1 10103 7001  [2018-07-30 16:58:41 076] - Components::findComponents: find dbmgr(73)...
delay time is too long, please check the dbmgr logs!
 WARNING    baseapp-1 10103 7001  [2018-07-30 16:58:42 101] - EntityApp::checkTickPeriod: tick took 1115% (1.12 seconds)!
 WARNING    baseapp-1 10103 7001  [2018-07-30 16:58:43 175] - Components::findComponents: find dbmgr(74)...
delay time is too long, please check the dbmgr logs!
 WARNING    baseapp-1 10103 7001  [2018-07-30 16:58:44 230] - EntityApp::checkTickPeriod: tick took 1144% (1.14 seconds)!
 WARNING    baseapp-1 10103 7001  [2018-07-30 16:58:45 275] - Components::findComponents: find dbmgr(75)...
delay time is too long, please check the dbmgr logs!
 WARNING    baseapp-1 10103 7001  [2018-07-30 16:58:46 359] - EntityApp::checkTickPeriod: tick took 1173% (1.17 seconds)!
 WARNING    baseapp-1 10103 7001  [2018-07-30 16:58:47 376] - Components::findComponents: find dbmgr(76)...
delay time is too long, please check the dbmgr logs!
 WARNING    baseapp-1 10103 7001  [2018-07-30 16:58:48 387] - EntityApp::checkTickPeriod: tick took 1101% (1.10 seconds)!
 WARNING    baseapp-1 10103 7001  [2018-07-30 16:58:49 476] - Components::findComponents: find dbmgr(77)...
delay time is too long, please check the dbmgr logs!
 WARNING    baseapp-1 10103 7001  [2018-07-30 16:58:50 518] - EntityApp::checkTickPeriod: tick took 1132% (1.13 seconds)!
 WARNING    baseapp-1 10103 7001  [2018-07-30 16:58:51 576] - Components::findComponents: find dbmgr(78)...
delay time is too long, please check the dbmgr logs!
 WARNING    baseapp-1 10103 7001  [2018-07-30 16:58:52 646] - EntityApp::checkTickPeriod: tick took 1160% (1.16 seconds)!
 WARNING    baseapp-1 10103 7001  [2018-07-30 16:58:53 676] - Components::findComponents: find dbmgr(79)...
delay time is too long, please check the dbmgr logs!
 WARNING    baseapp-1 10103 7001  [2018-07-30 16:58:54 776] - EntityApp::checkTickPeriod: tick took 1190% (1.19 seconds)!
 WARNING    baseapp-1 10103 7001  [2018-07-30 16:58:55 776] - Components::findComponents: find dbmgr(80)...
delay time is too long, please check the dbmgr logs!
 WARNING    baseapp-1 10103 7001  [2018-07-30 16:58:56 806] - EntityApp::checkTickPeriod: tick took 1120% (1.12 seconds)!
 WARNING    baseapp-1 10103 7001  [2018-07-30 16:58:57 875] - Components::findComponents: find dbmgr(81)...
delay time is too long, please check the dbmgr logs!
 WARNING    baseapp-1 10103 7001  [2018-07-30 16:58:58 937] - EntityApp::checkTickPeriod: tick took 1151% (1.15 seconds)!
 WARNING    baseapp-1 10103 7001  [2018-07-30 16:58:59 975] - Components::findComponents: find dbmgr(82)...
delay time is too long, please check the dbmgr logs!
 WARNING    baseapp-1 10103 7001  [2018-07-30 16:59:01 071] - EntityApp::checkTickPeriod: tick took 1185% (1.18 seconds)!
 WARNING    baseapp-1 10103 7001  [2018-07-30 16:59:02 076] - Components::findComponents: find dbmgr(83)...
delay time is too long, please check the dbmgr logs!
 WARNING    baseapp-1 10103 7001  [2018-07-30 16:59:03 102] - EntityApp::checkTickPeriod: tick took 1116% (1.12 seconds)!
 WARNING    baseapp-1 10103 7001  [2018-07-30 16:59:04 176] - Components::findComponents: find dbmgr(84)...
delay time is too long, please check the dbmgr logs!
 WARNING    baseapp-1 10103 7001  [2018-07-30 16:59:05 235] - EntityApp::checkTickPeriod: tick took 1149% (1.15 seconds)!
 WARNING    baseapp-1 10103 7001  [2018-07-30 16:59:06 276] - Components::findComponents: find dbmgr(85)...
delay time is too long, please check the dbmgr logs!
 WARNING    baseapp-1 10103 7001  [2018-07-30 16:59:07 362] - EntityApp::checkTickPeriod: tick took 1176% (1.18 seconds)!
 WARNING    baseapp-1 10103 7001  [2018-07-30 16:59:08 376] - Components::findComponents: find dbmgr(86)...
delay time is too long, please check the dbmgr logs!
 WARNING    baseapp-1 10103 7001  [2018-07-30 16:59:09 392] - EntityApp::checkTickPeriod: tick took 1107% (1.11 seconds)!
 WARNING    baseapp-1 10103 7001  [2018-07-30 16:59:10 475] - Components::findComponents: find dbmgr(87)...
delay time is too long, please check the dbmgr logs!
 WARNING    baseapp-1 10103 7001  [2018-07-30 16:59:11 523] - EntityApp::checkTickPeriod: tick took 1138% (1.14 seconds)!
 WARNING    baseapp-1 10103 7001  [2018-07-30 16:59:12 576] - Components::findComponents: find dbmgr(88)...
delay time is too long, please check the dbmgr logs!
 WARNING    baseapp-1 10103 7001  [2018-07-30 16:59:13 653] - EntityApp::checkTickPeriod: tick took 1168% (1.17 seconds)!
 WARNING    baseapp-1 10103 7001  [2018-07-30 16:59:14 675] - Components::findComponents: find dbmgr(89)...
delay time is too long, please check the dbmgr logs!
 WARNING    baseapp-1 10103 7001  [2018-07-30 16:59:15 683] - EntityApp::checkTickPeriod: tick took 1098% (1.10 seconds)!
 WARNING    baseapp-1 10103 7001  [2018-07-30 16:59:16 685] - Components::findComponents: find dbmgr(90)...
delay time is too long, please check the dbmgr logs!
 WARNING    baseapp-1 10103 7001  [2018-07-30 16:59:17 709] - EntityApp::checkTickPeriod: tick took 1123% (1.12 seconds)!
 WARNING    baseapp-1 10103 7001  [2018-07-30 16:59:18 776] - Components::findComponents: find dbmgr(91)...
delay time is too long, please check the dbmgr logs!
 WARNING    baseapp-1 10103 7001  [2018-07-30 16:59:19 839] - EntityApp::checkTickPeriod: tick took 1154% (1.15 seconds)!
 WARNING    baseapp-1 10103 7001  [2018-07-30 16:59:20 875] - Components::findComponents: find dbmgr(92)...
delay time is too long, please check the dbmgr logs!
 WARNING    baseapp-1 10103 7001  [2018-07-30 16:59:21 972] - EntityApp::checkTickPeriod: tick took 1186% (1.19 seconds)!
 WARNING    baseapp-1 10103 7001  [2018-07-30 16:59:22 976] - Components::findComponents: find dbmgr(93)...
delay time is too long, please check the dbmgr logs!
 WARNING    baseapp-1 10103 7001  [2018-07-30 16:59:24 001] - EntityApp::checkTickPeriod: tick took 1116% (1.12 seconds)!
 WARNING    baseapp-1 10103 7001  [2018-07-30 16:59:25 076] - Components::findComponents: find dbmgr(94)...
delay time is too long, please check the dbmgr logs!
 WARNING    baseapp-1 10103 7001  [2018-07-30 16:59:26 130] - EntityApp::checkTickPeriod: tick took 1144% (1.14 seconds)!
 WARNING    baseapp-1 10103 7001  [2018-07-30 16:59:27 176] - Components::findComponents: find dbmgr(95)...
delay time is too long, please check the dbmgr logs!
 WARNING    baseapp-1 10103 7001  [2018-07-30 16:59:28 259] - EntityApp::checkTickPeriod: tick took 1173% (1.17 seconds)!
 WARNING    baseapp-1 10103 7001  [2018-07-30 16:59:29 276] - Components::findComponents: find dbmgr(96)...
delay time is too long, please check the dbmgr logs!
 WARNING    baseapp-1 10103 7001  [2018-07-30 16:59:30 290] - EntityApp::checkTickPeriod: tick took 1104% (1.10 seconds)!
 WARNING    baseapp-1 10103 7001  [2018-07-30 16:59:31 376] - Components::findComponents: find dbmgr(97)...
delay time is too long, please check the dbmgr logs!
 WARNING    baseapp-1 10103 7001  [2018-07-30 16:59:32 420] - EntityApp::checkTickPeriod: tick took 1134% (1.13 seconds)!
 WARNING    baseapp-1 10103 7001  [2018-07-30 16:59:33 475] - Components::findComponents: find dbmgr(98)...
delay time is too long, please check the dbmgr logs!
 WARNING    baseapp-1 10103 7001  [2018-07-30 16:59:34 552] - EntityApp::checkTickPeriod: tick took 1167% (1.17 seconds)!
 WARNING    baseapp-1 10103 7001  [2018-07-30 16:59:35 575] - Components::findComponents: find dbmgr(99)...
delay time is too long, please check the dbmgr logs!
 WARNING    baseapp-1 10103 7001  [2018-07-30 16:59:36 585] - EntityApp::checkTickPeriod: tick took 1099% (1.10 seconds)!
 WARNING    baseapp-1 10103 7001  [2018-07-30 16:59:37 586] - Components::findComponents: find dbmgr(100)...
delay time is too long, please check the dbmgr logs!
 WARNING    baseapp-1 10103 7001  [2018-07-30 16:59:38 613] - EntityApp::checkTickPeriod: tick took 1128% (1.13 seconds)!
 WARNING    baseapp-1 10103 7001  [2018-07-30 16:59:39 676] - Components::findComponents: find dbmgr(101)...
delay time is too long, please check the dbmgr logs!
 WARNING    baseapp-1 10103 7001  [2018-07-30 16:59:40 742] - EntityApp::checkTickPeriod: tick took 1157% (1.16 seconds)!
 WARNING    baseapp-1 10103 7001  [2018-07-30 16:59:41 776] - Components::findComponents: find dbmgr(102)...
delay time is too long, please check the dbmgr logs!
 WARNING    baseapp-1 10103 7001  [2018-07-30 16:59:42 873] - EntityApp::checkTickPeriod: tick took 1188% (1.19 seconds)!
 WARNING    baseapp-1 10103 7001  [2018-07-30 16:59:43 876] - Components::findComponents: find dbmgr(103)...
delay time is too long, please check the dbmgr logs!
 WARNING    baseapp-1 10103 7001  [2018-07-30 16:59:44 215] - BundleBroadcast::BundleBroadcast: Cannot bind to port 20711, errorno=10048
 WARNING    baseapp-1 10103 7001  [2018-07-30 16:59:44 215] - EntityApp::checkTickPeriod: tick took 429% (0.43 seconds)!
 WARNING    baseapp-1 10103 7001  [2018-07-30 16:59:45 276] - Components::findComponents: find dbmgr(104)...
delay time is too long, please check the dbmgr logs!
 WARNING    baseapp-1 10103 7001  [2018-07-30 16:59:46 319] - EntityApp::checkTickPeriod: tick took 1133% (1.13 seconds)!
 WARNING    baseapp-1 10103 7001  [2018-07-30 16:59:47 376] - Components::findComponents: find dbmgr(105)...
delay time is too long, please check the dbmgr logs!
 WARNING    baseapp-1 10103 7001  [2018-07-30 16:59:48 445] - EntityApp::checkTickPeriod: tick took 1159% (1.16 seconds)!
 WARNING    baseapp-1 10103 7001  [2018-07-30 16:59:49 475] - Components::findComponents: find dbmgr(106)...
delay time is too long, please check the dbmgr logs!
 WARNING    baseapp-1 10103 7001  [2018-07-30 16:59:50 574] - EntityApp::checkTickPeriod: tick took 1188% (1.19 seconds)!
 WARNING    baseapp-1 10103 7001  [2018-07-30 16:59:51 575] - Components::findComponents: find dbmgr(107)...
delay time is too long, please check the dbmgr logs!
 WARNING    baseapp-1 10103 7001  [2018-07-30 16:59:52 604] - EntityApp::checkTickPeriod: tick took 1118% (1.12 seconds)!
 WARNING    baseapp-1 10103 7001  [2018-07-30 16:59:53 676] - Components::findComponents: find dbmgr(108)...
delay time is too long, please check the dbmgr logs!
 WARNING    baseapp-1 10103 7001  [2018-07-30 16:59:54 732] - EntityApp::checkTickPeriod: tick took 1146% (1.15 seconds)!
 WARNING    baseapp-1 10103 7001  [2018-07-30 16:59:55 776] - Components::findComponents: find dbmgr(109)...
delay time is too long, please check the dbmgr logs!
 WARNING    baseapp-1 10103 7001  [2018-07-30 16:59:56 863] - EntityApp::checkTickPeriod: tick took 1177% (1.18 seconds)!
 WARNING    baseapp-1 10103 7001  [2018-07-30 16:59:57 875] - Components::findComponents: find dbmgr(110)...
delay time is too long, please check the dbmgr logs!
 WARNING    baseapp-1 10103 7001  [2018-07-30 16:59:58 897] - EntityApp::checkTickPeriod: tick took 1112% (1.11 seconds)!
 WARNING    baseapp-1 10103 7001  [2018-07-30 16:59:59 975] - Components::findComponents: find dbmgr(111)...
delay time is too long, please check the dbmgr logs!
 WARNING    baseapp-1 10103 7001  [2018-07-30 17:00:01 023] - EntityApp::checkTickPeriod: tick took 1138% (1.14 seconds)!
 WARNING    baseapp-1 10103 7001  [2018-07-30 17:00:02 076] - Components::findComponents: find dbmgr(112)...
delay time is too long, please check the dbmgr logs!
 WARNING    baseapp-1 10103 7001  [2018-07-30 17:00:03 152] - EntityApp::checkTickPeriod: tick took 1166% (1.17 seconds)!
 WARNING    baseapp-1 10103 7001  [2018-07-30 17:00:04 176] - Components::findComponents: find dbmgr(113)...
delay time is too long, please check the dbmgr logs!
 WARNING    baseapp-1 10103 7001  [2018-07-30 17:00:05 184] - EntityApp::checkTickPeriod: tick took 1099% (1.10 seconds)!
 WARNING    baseapp-1 10103 7001  [2018-07-30 17:00:06 185] - Components::findComponents: find dbmgr(114)...
delay time is too long, please check the dbmgr logs!
 WARNING    baseapp-1 10103 7001  [2018-07-30 17:00:07 215] - EntityApp::checkTickPeriod: tick took 1129% (1.13 seconds)!
 WARNING    baseapp-1 10103 7001  [2018-07-30 17:00:08 275] - Components::findComponents: find dbmgr(115)...
delay time is too long, please check the dbmgr logs!
 WARNING    baseapp-1 10103 7001  [2018-07-30 17:00:09 341] - EntityApp::checkTickPeriod: tick took 1156% (1.16 seconds)!
 WARNING    baseapp-1 10103 7001  [2018-07-30 17:00:10 376] - Components::findComponents: find dbmgr(116)...
delay time is too long, please check the dbmgr logs!
 WARNING    baseapp-1 10103 7001  [2018-07-30 17:00:11 470] - EntityApp::checkTickPeriod: tick took 1185% (1.18 seconds)!
 WARNING    baseapp-1 10103 7001  [2018-07-30 17:00:12 475] - Components::findComponents: find dbmgr(117)...
delay time is too long, please check the dbmgr logs!
 WARNING    baseapp-1 10103 7001  [2018-07-30 17:00:13 497] - EntityApp::checkTickPeriod: tick took 1112% (1.11 seconds)!
 WARNING    baseapp-1 10103 7001  [2018-07-30 17:00:14 575] - Components::findComponents: find dbmgr(118)...
delay time is too long, please check the dbmgr logs!
 WARNING    baseapp-1 10103 7001  [2018-07-30 17:00:15 627] - EntityApp::checkTickPeriod: tick took 1141% (1.14 seconds)!
 WARNING    baseapp-1 10103 7001  [2018-07-30 17:00:16 676] - Components::findComponents: find dbmgr(119)...
delay time is too long, please check the dbmgr logs!
 WARNING    baseapp-1 10103 7001  [2018-07-30 17:00:17 752] - EntityApp::checkTickPeriod: tick took 1167% (1.17 seconds)!
 WARNING    baseapp-1 10103 7001  [2018-07-30 17:00:18 775] - Components::findComponents: find dbmgr(120)...
delay time is too long, please check the dbmgr logs!
 WARNING    baseapp-1 10103 7001  [2018-07-30 17:00:19 879] - EntityApp::checkTickPeriod: tick took 1193% (1.19 seconds)!
 WARNING    baseapp-1 10103 7001  [2018-07-30 17:00:20 885] - Components::findComponents: find dbmgr(121)...
delay time is too long, please check the dbmgr logs!
 WARNING    baseapp-1 10103 7001  [2018-07-30 17:00:21 904] - EntityApp::checkTickPeriod: tick took 1119% (1.12 seconds)!
 WARNING    baseapp-1 10103 7001  [2018-07-30 17:00:22 976] - Components::findComponents: find dbmgr(122)...
delay time is too long, please check the dbmgr logs!
 WARNING    baseapp-1 10103 7001  [2018-07-30 17:00:24 032] - EntityApp::checkTickPeriod: tick took 1147% (1.15 seconds)!
 WARNING    baseapp-1 10103 7001  [2018-07-30 17:00:25 075] - Components::findComponents: find dbmgr(123)...
delay time is too long, please check the dbmgr logs!
 WARNING    baseapp-1 10103 7001  [2018-07-30 17:00:26 163] - EntityApp::checkTickPeriod: tick took 1178% (1.18 seconds)!
 WARNING    baseapp-1 10103 7001  [2018-07-30 17:00:27 176] - Components::findComponents: find dbmgr(124)...
delay time is too long, please check the dbmgr logs!
 WARNING    baseapp-1 10103 7001  [2018-07-30 17:00:28 190] - EntityApp::checkTickPeriod: tick took 1104% (1.10 seconds)!
 WARNING    baseapp-1 10103 7001  [2018-07-30 17:00:29 275] - Components::findComponents: find dbmgr(125)...
delay time is too long, please check the dbmgr logs!
 WARNING    baseapp-1 10103 7001  [2018-07-30 17:00:30 318] - EntityApp::checkTickPeriod: tick took 1131% (1.13 seconds)!
 WARNING    baseapp-1 10103 7001  [2018-07-30 17:00:31 375] - Components::findComponents: find dbmgr(126)...
delay time is too long, please check the dbmgr logs!
 WARNING    baseapp-1 10103 7001  [2018-07-30 17:00:32 445] - EntityApp::checkTickPeriod: tick took 1160% (1.16 seconds)!
 WARNING    baseapp-1 10103 7001  [2018-07-30 17:00:33 475] - Components::findComponents: find dbmgr(127)...
delay time is too long, please check the dbmgr logs!
 WARNING    baseapp-1 10103 7001  [2018-07-30 17:00:34 575] - EntityApp::checkTickPeriod: tick took 1190% (1.19 seconds)!
 WARNING    baseapp-1 10103 7001  [2018-07-30 17:00:35 576] - Components::findComponents: find dbmgr(128)...
delay time is too long, please check the dbmgr logs!
 WARNING    baseapp-1 10103 7001  [2018-07-30 17:00:36 604] - EntityApp::checkTickPeriod: tick took 1118% (1.12 seconds)!
 WARNING    baseapp-1 10103 7001  [2018-07-30 17:00:37 675] - Components::findComponents: find dbmgr(129)...
delay time is too long, please check the dbmgr logs!
 WARNING    baseapp-1 10103 7001  [2018-07-30 17:00:38 734] - EntityApp::checkTickPeriod: tick took 1149% (1.15 seconds)!
 WARNING    baseapp-1 10103 7001  [2018-07-30 17:00:39 775] - Components::findComponents: find dbmgr(130)...
delay time is too long, please check the dbmgr logs!
 WARNING    baseapp-1 10103 7001  [2018-07-30 17:00:40 863] - EntityApp::checkTickPeriod: tick took 1178% (1.18 seconds)!
 WARNING    baseapp-1 10103 7001  [2018-07-30 17:00:41 876] - Components::findComponents: find dbmgr(131)...
delay time is too long, please check the dbmgr logs!
 WARNING    baseapp-1 10103 7001  [2018-07-30 17:00:42 891] - EntityApp::checkTickPeriod: tick took 1105% (1.11 seconds)!
 WARNING    baseapp-1 10103 7001  [2018-07-30 17:00:43 976] - Components::findComponents: find dbmgr(132)...
delay time is too long, please check the dbmgr logs!
 WARNING    baseapp-1 10103 7001  [2018-07-30 17:00:45 018] - EntityApp::checkTickPeriod: tick took 1133% (1.13 seconds)!
 WARNING    baseapp-1 10103 7001  [2018-07-30 17:00:46 075] - Components::findComponents: find dbmgr(133)...
delay time is too long, please check the dbmgr logs!
 WARNING    baseapp-1 10103 7001  [2018-07-30 17:00:47 145] - EntityApp::checkTickPeriod: tick took 1159% (1.16 seconds)!
 WARNING    baseapp-1 10103 7001  [2018-07-30 17:00:48 176] - Components::findComponents: find dbmgr(134)...
delay time is too long, please check the dbmgr logs!
 WARNING    baseapp-1 10103 7001  [2018-07-30 17:00:49 274] - EntityApp::checkTickPeriod: tick took 1188% (1.19 seconds)!
 WARNING    baseapp-1 10103 7001  [2018-07-30 17:00:50 275] - Components::findComponents: find dbmgr(135)...
delay time is too long, please check the dbmgr logs!
 WARNING    baseapp-1 10103 7001  [2018-07-30 17:00:51 303] - EntityApp::checkTickPeriod: tick took 1117% (1.12 seconds)!
 WARNING    baseapp-1 10103 7001  [2018-07-30 17:00:52 376] - Components::findComponents: find dbmgr(136)...
delay time is too long, please check the dbmgr logs!
 WARNING    baseapp-1 10103 7001  [2018-07-30 17:00:53 433] - EntityApp::checkTickPeriod: tick took 1147% (1.15 seconds)!
 WARNING    baseapp-1 10103 7001  [2018-07-30 17:00:54 476] - Components::findComponents: find dbmgr(137)...
delay time is too long, please check the dbmgr logs!
 WARNING    baseapp-1 10103 7001  [2018-07-30 17:00:55 562] - EntityApp::checkTickPeriod: tick took 1177% (1.18 seconds)!
 WARNING    baseapp-1 10103 7001  [2018-07-30 17:00:56 576] - Components::findComponents: find dbmgr(138)...
delay time is too long, please check the dbmgr logs!
 WARNING    baseapp-1 10103 7001  [2018-07-30 17:00:57 591] - EntityApp::checkTickPeriod: tick took 1106% (1.11 seconds)!
 WARNING    baseapp-1 10103 7001  [2018-07-30 17:00:58 675] - Components::findComponents: find dbmgr(139)...
delay time is too long, please check the dbmgr logs!
 WARNING    baseapp-1 10103 7001  [2018-07-30 17:00:59 722] - EntityApp::checkTickPeriod: tick took 1136% (1.14 seconds)!
 WARNING    baseapp-1 10103 7001  [2018-07-30 17:01:00 776] - Components::findComponents: find dbmgr(140)...
delay time is too long, please check the dbmgr logs!
 WARNING    baseapp-1 10103 7001  [2018-07-30 17:01:01 854] - EntityApp::checkTickPeriod: tick took 1168% (1.17 seconds)!
 WARNING    baseapp-1 10103 7001  [2018-07-30 17:01:02 876] - Components::findComponents: find dbmgr(141)...
delay time is too long, please check the dbmgr logs!
 WARNING    baseapp-1 10103 7001  [2018-07-30 17:01:03 984] - EntityApp::checkTickPeriod: tick took 1198% (1.20 seconds)!
 WARNING    baseapp-1 10103 7001  [2018-07-30 17:01:04 985] - Components::findComponents: find dbmgr(142)...
delay time is too long, please check the dbmgr logs!
 WARNING    baseapp-1 10103 7001  [2018-07-30 17:01:06 010] - EntityApp::checkTickPeriod: tick took 1125% (1.13 seconds)!
 WARNING    baseapp-1 10103 7001  [2018-07-30 17:01:07 075] - Components::findComponents: find dbmgr(143)...
delay time is too long, please check the dbmgr logs!
 WARNING    baseapp-1 10103 7001  [2018-07-30 17:01:08 136] - EntityApp::checkTickPeriod: tick took 1151% (1.15 seconds)!
 WARNING    baseapp-1 10103 7001  [2018-07-30 17:01:09 175] - Components::findComponents: find dbmgr(144)...
delay time is too long, please check the dbmgr logs!
 WARNING    baseapp-1 10103 7001  [2018-07-30 17:01:10 262] - EntityApp::checkTickPeriod: tick took 1177% (1.18 seconds)!
 WARNING    baseapp-1 10103 7001  [2018-07-30 17:01:11 275] - Components::findComponents: find dbmgr(145)...
delay time is too long, please check the dbmgr logs!
 WARNING    baseapp-1 10103 7001  [2018-07-30 17:01:12 291] - EntityApp::checkTickPeriod: tick took 1106% (1.11 seconds)!
 WARNING    baseapp-1 10103 7001  [2018-07-30 17:01:13 376] - Components::findComponents: find dbmgr(146)...
delay time is too long, please check the dbmgr logs!
 WARNING    baseapp-1 10103 7001  [2018-07-30 17:01:14 421] - EntityApp::checkTickPeriod: tick took 1135% (1.13 seconds)!
 WARNING    baseapp-1 10103 7001  [2018-07-30 17:01:15 475] - Components::findComponents: find dbmgr(147)...
delay time is too long, please check the dbmgr logs!
 WARNING    baseapp-1 10103 7001  [2018-07-30 17:01:16 548] - EntityApp::checkTickPeriod: tick took 1162% (1.16 seconds)!
 WARNING    baseapp-1 10103 7001  [2018-07-30 17:01:17 575] - Components::findComponents: find dbmgr(148)...
delay time is too long, please check the dbmgr logs!
 WARNING    baseapp-1 10103 7001  [2018-07-30 17:01:18 677] - EntityApp::checkTickPeriod: tick took 1192% (1.19 seconds)!
 WARNING    baseapp-1 10103 7001  [2018-07-30 17:01:19 685] - Components::findComponents: find dbmgr(149)...
delay time is too long, please check the dbmgr logs!
 WARNING    baseapp-1 10103 7001  [2018-07-30 17:01:20 707] - EntityApp::checkTickPeriod: tick took 1121% (1.12 seconds)!
 WARNING    baseapp-1 10103 7001  [2018-07-30 17:01:21 776] - Components::findComponents: find dbmgr(150)...
delay time is too long, please check the dbmgr logs!
 WARNING    baseapp-1 10103 7001  [2018-07-30 17:01:22 836] - EntityApp::checkTickPeriod: tick took 1150% (1.15 seconds)!
 WARNING    baseapp-1 10103 7001  [2018-07-30 17:01:23 876] - Components::findComponents: find dbmgr(151)...
delay time is too long, please check the dbmgr logs!
 WARNING    baseapp-1 10103 7001  [2018-07-30 17:01:24 960] - EntityApp::checkTickPeriod: tick took 1175% (1.17 seconds)!
 WARNING    baseapp-1 10103 7001  [2018-07-30 17:01:25 975] - Components::findComponents: find dbmgr(152)...
delay time is too long, please check the dbmgr logs!
 WARNING    baseapp-1 10103 7001  [2018-07-30 17:01:26 991] - EntityApp::checkTickPeriod: tick took 1105% (1.11 seconds)!
 WARNING    baseapp-1 10103 7001  [2018-07-30 17:01:28 075] - Components::findComponents: find dbmgr(153)...
delay time is too long, please check the dbmgr logs!
 WARNING    baseapp-1 10103 7001  [2018-07-30 17:01:29 120] - EntityApp::checkTickPeriod: tick took 1134% (1.13 seconds)!
 WARNING    baseapp-1 10103 7001  [2018-07-30 17:01:30 176] - Components::findComponents: find dbmgr(154)...
delay time is too long, please check the dbmgr logs!
 WARNING    baseapp-1 10103 7001  [2018-07-30 17:01:31 246] - EntityApp::checkTickPeriod: tick took 1160% (1.16 seconds)!
 WARNING    baseapp-1 10103 7001  [2018-07-30 17:01:32 276] - Components::findComponents: find dbmgr(155)...
delay time is too long, please check the dbmgr logs!
 WARNING    baseapp-1 10103 7001  [2018-07-30 17:01:33 374] - EntityApp::checkTickPeriod: tick took 1188% (1.19 seconds)!
 WARNING    baseapp-1 10103 7001  [2018-07-30 17:01:34 375] - Components::findComponents: find dbmgr(156)...
delay time is too long, please check the dbmgr logs!
 WARNING    baseapp-1 10103 7001  [2018-07-30 17:01:35 401] - EntityApp::checkTickPeriod: tick took 1116% (1.12 seconds)!
 WARNING    baseapp-1 10103 7001  [2018-07-30 17:01:36 476] - Components::findComponents: find dbmgr(157)...
delay time is too long, please check the dbmgr logs!
 WARNING    baseapp-1 10103 7001  [2018-07-30 17:01:37 529] - EntityApp::checkTickPeriod: tick took 1143% (1.14 seconds)!
 WARNING    baseapp-1 10103 7001  [2018-07-30 17:01:38 575] - Components::findComponents: find dbmgr(158)...
delay time is too long, please check the dbmgr logs!
 WARNING    baseapp-1 10103 7001  [2018-07-30 17:01:39 659] - EntityApp::checkTickPeriod: tick took 1173% (1.17 seconds)!
 WARNING    baseapp-1 10103 7001  [2018-07-30 17:01:40 675] - Components::findComponents: find dbmgr(159)...
delay time is too long, please check the dbmgr logs!
 WARNING    baseapp-1 10103 7001  [2018-07-30 17:01:41 683] - EntityApp::checkTickPeriod: tick took 1098% (1.10 seconds)!
 WARNING    baseapp-1 10103 7001  [2018-07-30 17:01:42 685] - Components::findComponents: find dbmgr(160)...
delay time is too long, please check the dbmgr logs!
 WARNING    baseapp-1 10103 7001  [2018-07-30 17:01:43 712] - EntityApp::checkTickPeriod: tick took 1127% (1.13 seconds)!
 WARNING    baseapp-1 10103 7001  [2018-07-30 17:01:44 775] - Components::findComponents: find dbmgr(161)...
delay time is too long, please check the dbmgr logs!
 WARNING    baseapp-1 10103 7001  [2018-07-30 17:01:45 842] - EntityApp::checkTickPeriod: tick took 1157% (1.16 seconds)!
 WARNING    baseapp-1 10103 7001  [2018-07-30 17:01:46 876] - Components::findComponents: find dbmgr(162)...
delay time is too long, please check the dbmgr logs!
 WARNING    baseapp-1 10103 7001  [2018-07-30 17:01:47 971] - EntityApp::checkTickPeriod: tick took 1185% (1.18 seconds)!
 WARNING    baseapp-1 10103 7001  [2018-07-30 17:01:48 975] - Components::findComponents: find dbmgr(163)...
delay time is too long, please check the dbmgr logs!
 WARNING    baseapp-1 10103 7001  [2018-07-30 17:01:49 998] - EntityApp::checkTickPeriod: tick took 1113% (1.11 seconds)!
 WARNING    baseapp-1 10103 7001  [2018-07-30 17:01:51 075] - Components::findComponents: find dbmgr(164)...
delay time is too long, please check the dbmgr logs!
 WARNING    baseapp-1 10103 7001  [2018-07-30 17:01:52 125] - EntityApp::checkTickPeriod: tick took 1139% (1.14 seconds)!
 WARNING    baseapp-1 10103 7001  [2018-07-30 17:01:53 175] - Components::findComponents: find dbmgr(165)...
delay time is too long, please check the dbmgr logs!
 WARNING    baseapp-1 10103 7001  [2018-07-30 17:01:54 255] - EntityApp::checkTickPeriod: tick took 1170% (1.17 seconds)!
 WARNING    baseapp-1 10103 7001  [2018-07-30 17:01:55 275] - Components::findComponents: find dbmgr(166)...
delay time is too long, please check the dbmgr logs!
 WARNING    baseapp-1 10103 7001  [2018-07-30 17:01:56 282] - EntityApp::checkTickPeriod: tick took 1096% (1.10 seconds)!
 WARNING    baseapp-1 10103 7001  [2018-07-30 17:01:57 285] - Components::findComponents: find dbmgr(167)...
delay time is too long, please check the dbmgr logs!
 WARNING    baseapp-1 10103 7001  [2018-07-30 17:01:58 313] - EntityApp::checkTickPeriod: tick took 1127% (1.13 seconds)!
 WARNING    baseapp-1 10103 7001  [2018-07-30 17:01:59 376] - Components::findComponents: find dbmgr(168)...
delay time is too long, please check the dbmgr logs!
 WARNING    baseapp-1 10103 7001  [2018-07-30 17:02:00 445] - EntityApp::checkTickPeriod: tick took 1159% (1.16 seconds)!
 WARNING    baseapp-1 10103 7001  [2018-07-30 17:02:01 475] - Components::findComponents: find dbmgr(169)...
delay time is too long, please check the dbmgr logs!
 WARNING    baseapp-1 10103 7001  [2018-07-30 17:02:02 570] - EntityApp::checkTickPeriod: tick took 1184% (1.18 seconds)!
 WARNING    baseapp-1 10103 7001  [2018-07-30 17:02:03 575] - Components::findComponents: find dbmgr(170)...
delay time is too long, please check the dbmgr logs!
 WARNING    baseapp-1 10103 7001  [2018-07-30 17:02:04 597] - EntityApp::checkTickPeriod: tick took 1111% (1.11 seconds)!
 WARNING    baseapp-1 10103 7001  [2018-07-30 17:02:05 676] - Components::findComponents: find dbmgr(171)...
delay time is too long, please check the dbmgr logs!
 WARNING    baseapp-1 10103 7001  [2018-07-30 17:02:06 724] - EntityApp::checkTickPeriod: tick took 1138% (1.14 seconds)!
 WARNING    baseapp-1 10103 7001  [2018-07-30 17:02:07 776] - Components::findComponents: find dbmgr(172)...
delay time is too long, please check the dbmgr logs!
 WARNING    baseapp-1 10103 7001  [2018-07-30 17:02:08 852] - EntityApp::checkTickPeriod: tick took 1167% (1.17 seconds)!
 WARNING    baseapp-1 10103 7001  [2018-07-30 17:02:09 875] - Components::findComponents: find dbmgr(173)...
delay time is too long, please check the dbmgr logs!
 WARNING    baseapp-1 10103 7001  [2018-07-30 17:02:10 218] - BundleBroadcast::BundleBroadcast: Cannot bind to port 20965, errorno=10048
 WARNING    baseapp-1 10103 7001  [2018-07-30 17:02:10 218] - EntityApp::checkTickPeriod: tick took 433% (0.43 seconds)!
 WARNING    baseapp-1 10103 7001  [2018-07-30 17:02:11 275] - Components::findComponents: find dbmgr(174)...
delay time is too long, please check the dbmgr logs!
 WARNING    baseapp-1 10103 7001  [2018-07-30 17:02:12 296] - EntityApp::checkTickPeriod: tick took 1111% (1.11 seconds)!
 WARNING    baseapp-1 10103 7001  [2018-07-30 17:02:13 375] - Components::findComponents: find dbmgr(175)...
delay time is too long, please check the dbmgr logs!
 WARNING    baseapp-1 10103 7001  [2018-07-30 17:02:14 427] - EntityApp::checkTickPeriod: tick took 1141% (1.14 seconds)!
 WARNING    baseapp-1 10103 7001  [2018-07-30 17:02:15 475] - Components::findComponents: find dbmgr(176)...
delay time is too long, please check the dbmgr logs!
 WARNING    baseapp-1 10103 7001  [2018-07-30 17:02:16 557] - EntityApp::checkTickPeriod: tick took 1171% (1.17 seconds)!
 WARNING    baseapp-1 10103 7001  [2018-07-30 17:02:17 576] - Components::findComponents: find dbmgr(177)...
delay time is too long, please check the dbmgr logs!
 WARNING    baseapp-1 10103 7001  [2018-07-30 17:02:18 584] - EntityApp::checkTickPeriod: tick took 1098% (1.10 seconds)!
 WARNING    baseapp-1 10103 7001  [2018-07-30 17:02:19 585] - Components::findComponents: find dbmgr(178)...
delay time is too long, please check the dbmgr logs!
 WARNING    baseapp-1 10103 7001  [2018-07-30 17:02:20 609] - EntityApp::checkTickPeriod: tick took 1124% (1.12 seconds)!
 WARNING    baseapp-1 10103 7001  [2018-07-30 17:02:21 676] - Components::findComponents: find dbmgr(179)...
delay time is too long, please check the dbmgr logs!
 WARNING    baseapp-1 10103 7001  [2018-07-30 17:02:22 740] - EntityApp::checkTickPeriod: tick took 1154% (1.15 seconds)!
 WARNING    baseapp-1 10103 7001  [2018-07-30 17:02:23 776] - Components::findComponents: find dbmgr(180)...
delay time is too long, please check the dbmgr logs!
 WARNING    baseapp-1 10103 7001  [2018-07-30 17:02:24 868] - EntityApp::checkTickPeriod: tick took 1183% (1.18 seconds)!
 WARNING    baseapp-1 10103 7001  [2018-07-30 17:02:25 875] - Components::findComponents: find dbmgr(181)...
delay time is too long, please check the dbmgr logs!
 WARNING    baseapp-1 10103 7001  [2018-07-30 17:02:26 897] - EntityApp::checkTickPeriod: tick took 1112% (1.11 seconds)!
 WARNING    baseapp-1 10103 7001  [2018-07-30 17:02:27 975] - Components::findComponents: find dbmgr(182)...
delay time is too long, please check the dbmgr logs!
 WARNING    baseapp-1 10103 7001  [2018-07-30 17:02:29 027] - EntityApp::checkTickPeriod: tick took 1142% (1.14 seconds)!
 WARNING    baseapp-1 10103 7001  [2018-07-30 17:02:30 075] - Components::findComponents: find dbmgr(183)...
delay time is too long, please check the dbmgr logs!
 WARNING    baseapp-1 10103 7001  [2018-07-30 17:02:31 156] - EntityApp::checkTickPeriod: tick took 1171% (1.17 seconds)!
 WARNING    baseapp-1 10103 7001  [2018-07-30 17:02:32 175] - Components::findComponents: find dbmgr(184)...
delay time is too long, please check the dbmgr logs!
 WARNING    baseapp-1 10103 7001  [2018-07-30 17:02:33 184] - EntityApp::checkTickPeriod: tick took 1099% (1.10 seconds)!
 WARNING    baseapp-1 10103 7001  [2018-07-30 17:02:34 185] - Components::findComponents: find dbmgr(185)...
delay time is too long, please check the dbmgr logs!
 WARNING    baseapp-1 10103 7001  [2018-07-30 17:02:35 212] - EntityApp::checkTickPeriod: tick took 1127% (1.13 seconds)!
 WARNING    baseapp-1 10103 7001  [2018-07-30 17:02:36 276] - Components::findComponents: find dbmgr(186)...
delay time is too long, please check the dbmgr logs!
 WARNING    baseapp-1 10103 7001  [2018-07-30 17:02:37 340] - EntityApp::checkTickPeriod: tick took 1154% (1.15 seconds)!
 WARNING    baseapp-1 10103 7001  [2018-07-30 17:02:38 375] - Components::findComponents: find dbmgr(187)...
delay time is too long, please check the dbmgr logs!
 WARNING    baseapp-1 10103 7001  [2018-07-30 17:02:39 467] - EntityApp::checkTickPeriod: tick took 1182% (1.18 seconds)!
 WARNING    baseapp-1 10103 7001  [2018-07-30 17:02:40 476] - Components::findComponents: find dbmgr(188)...
delay time is too long, please check the dbmgr logs!
 WARNING    baseapp-1 10103 7001  [2018-07-30 17:02:41 495] - EntityApp::checkTickPeriod: tick took 1109% (1.11 seconds)!
 WARNING    baseapp-1 10103 7001  [2018-07-30 17:02:42 575] - Components::findComponents: find dbmgr(189)...
delay time is too long, please check the dbmgr logs!
 WARNING    baseapp-1 10103 7001  [2018-07-30 17:02:43 622] - EntityApp::checkTickPeriod: tick took 1137% (1.14 seconds)!
 WARNING    baseapp-1 10103 7001  [2018-07-30 17:02:44 676] - Components::findComponents: find dbmgr(190)...
delay time is too long, please check the dbmgr logs!
 WARNING    baseapp-1 10103 7001  [2018-07-30 17:02:45 749] - EntityApp::checkTickPeriod: tick took 1163% (1.16 seconds)!
 WARNING    baseapp-1 10103 7001  [2018-07-30 17:02:46 775] - Components::findComponents: find dbmgr(191)...
delay time is too long, please check the dbmgr logs!
 WARNING    baseapp-1 10103 7001  [2018-07-30 17:02:47 878] - EntityApp::checkTickPeriod: tick took 1192% (1.19 seconds)!
 WARNING    baseapp-1 10103 7001  [2018-07-30 17:02:48 885] - Components::findComponents: find dbmgr(192)...
delay time is too long, please check the dbmgr logs!
 WARNING    baseapp-1 10103 7001  [2018-07-30 17:02:49 904] - EntityApp::checkTickPeriod: tick took 1119% (1.12 seconds)!
 WARNING    baseapp-1 10103 7001  [2018-07-30 17:02:50 976] - Components::findComponents: find dbmgr(193)...
delay time is too long, please check the dbmgr logs!
 WARNING    baseapp-1 10103 7001  [2018-07-30 17:02:51 311] - BundleBroadcast::BundleBroadcast: Cannot bind to port 20086, errorno=10048
 WARNING    baseapp-1 10103 7001  [2018-07-30 17:02:51 311] - EntityApp::checkTickPeriod: tick took 427% (0.43 seconds)!
 WARNING    baseapp-1 10103 7001  [2018-07-30 17:02:52 376] - Components::findComponents: find dbmgr(194)...
delay time is too long, please check the dbmgr logs!
 WARNING    baseapp-1 10103 7001  [2018-07-30 17:02:53 453] - EntityApp::checkTickPeriod: tick took 1167% (1.17 seconds)!
 WARNING    baseapp-1 10103 7001  [2018-07-30 17:02:54 475] - Components::findComponents: find dbmgr(195)...
delay time is too long, please check the dbmgr logs!
 WARNING    baseapp-1 10103 7001  [2018-07-30 17:02:55 580] - EntityApp::checkTickPeriod: tick took 1195% (1.20 seconds)!
 WARNING    baseapp-1 10103 7001  [2018-07-30 17:02:56 585] - Components::findComponents: find dbmgr(196)...
delay time is too long, please check the dbmgr logs!
 WARNING    baseapp-1 10103 7001  [2018-07-30 17:02:57 606] - EntityApp::checkTickPeriod: tick took 1120% (1.12 seconds)!
 WARNING    baseapp-1 10103 7001  [2018-07-30 17:02:58 676] - Components::findComponents: find dbmgr(197)...
delay time is too long, please check the dbmgr logs!
 WARNING    baseapp-1 10103 7001  [2018-07-30 17:02:59 738] - EntityApp::checkTickPeriod: tick took 1152% (1.15 seconds)!
 WARNING    baseapp-1 10103 7001  [2018-07-30 17:03:00 776] - Components::findComponents: find dbmgr(198)...
delay time is too long, please check the dbmgr logs!
 WARNING    baseapp-1 10103 7001  [2018-07-30 17:03:01 867] - EntityApp::checkTickPeriod: tick took 1182% (1.18 seconds)!
 WARNING    baseapp-1 10103 7001  [2018-07-30 17:03:02 876] - Components::findComponents: find dbmgr(199)...
delay time is too long, please check the dbmgr logs!
 WARNING    baseapp-1 10103 7001  [2018-07-30 17:03:03 895] - EntityApp::checkTickPeriod: tick took 1110% (1.11 seconds)!
 WARNING    baseapp-1 10103 7001  [2018-07-30 17:03:04 976] - Components::findComponents: find dbmgr(200)...
delay time is too long, please check the dbmgr logs!
 WARNING    baseapp-1 10103 7001  [2018-07-30 17:03:06 024] - EntityApp::checkTickPeriod: tick took 1139% (1.14 seconds)!
 WARNING    baseapp-1 10103 7001  [2018-07-30 17:03:07 076] - Components::findComponents: find dbmgr(201)...
delay time is too long, please check the dbmgr logs!
 WARNING    baseapp-1 10103 7001  [2018-07-30 17:03:08 151] - EntityApp::checkTickPeriod: tick took 1166% (1.17 seconds)!
 WARNING    baseapp-1 10103 7001  [2018-07-30 17:03:09 175] - Components::findComponents: find dbmgr(202)...
delay time is too long, please check the dbmgr logs!
 WARNING    baseapp-1 10103 7001  [2018-07-30 17:03:10 280] - EntityApp::checkTickPeriod: tick took 1194% (1.19 seconds)!
 WARNING    baseapp-1 10103 7001  [2018-07-30 17:03:11 285] - Components::findComponents: find dbmgr(203)...
delay time is too long, please check the dbmgr logs!
 WARNING    baseapp-1 10103 7001  [2018-07-30 17:03:12 306] - EntityApp::checkTickPeriod: tick took 1121% (1.12 seconds)!
 WARNING    baseapp-1 10103 7001  [2018-07-30 17:03:13 375] - Components::findComponents: find dbmgr(204)...
delay time is too long, please check the dbmgr logs!
 WARNING    baseapp-1 10103 7001  [2018-07-30 17:03:14 435] - EntityApp::checkTickPeriod: tick took 1149% (1.15 seconds)!
 WARNING    baseapp-1 10103 7001  [2018-07-30 17:03:15 476] - Components::findComponents: find dbmgr(205)...
delay time is too long, please check the dbmgr logs!
 WARNING    baseapp-1 10103 7001  [2018-07-30 17:03:16 561] - EntityApp::checkTickPeriod: tick took 1175% (1.17 seconds)!
 WARNING    baseapp-1 10103 7001  [2018-07-30 17:03:17 575] - Components::findComponents: find dbmgr(206)...
delay time is too long, please check the dbmgr logs!
 WARNING    baseapp-1 10103 7001  [2018-07-30 17:03:18 587] - EntityApp::checkTickPeriod: tick took 1102% (1.10 seconds)!
 WARNING    baseapp-1 10103 7001  [2018-07-30 17:03:19 675] - Components::findComponents: find dbmgr(207)...
delay time is too long, please check the dbmgr logs!
 WARNING    baseapp-1 10103 7001  [2018-07-30 17:03:20 716] - EntityApp::checkTickPeriod: tick took 1131% (1.13 seconds)!
 WARNING    baseapp-1 10103 7001  [2018-07-30 17:03:21 775] - Components::findComponents: find dbmgr(208)...
delay time is too long, please check the dbmgr logs!
 WARNING    baseapp-1 10103 7001  [2018-07-30 17:03:22 843] - EntityApp::checkTickPeriod: tick took 1158% (1.16 seconds)!
 WARNING    baseapp-1 10103 7001  [2018-07-30 17:03:23 876] - Components::findComponents: find dbmgr(209)...
delay time is too long, please check the dbmgr logs!
 WARNING    baseapp-1 10103 7001  [2018-07-30 17:03:24 973] - EntityApp::checkTickPeriod: tick took 1188% (1.19 seconds)!
 WARNING    baseapp-1 10103 7001  [2018-07-30 17:03:25 976] - Components::findComponents: find dbmgr(210)...
delay time is too long, please check the dbmgr logs!
 WARNING    baseapp-1 10103 7001  [2018-07-30 17:03:27 001] - EntityApp::checkTickPeriod: tick took 1115% (1.12 seconds)!
 WARNING    baseapp-1 10103 7001  [2018-07-30 17:03:28 075] - Components::findComponents: find dbmgr(211)...
delay time is too long, please check the dbmgr logs!
 WARNING    baseapp-1 10103 7001  [2018-07-30 17:03:29 129] - EntityApp::checkTickPeriod: tick took 1144% (1.14 seconds)!
 WARNING    baseapp-1 10103 7001  [2018-07-30 17:03:30 175] - Components::findComponents: find dbmgr(212)...
delay time is too long, please check the dbmgr logs!
 WARNING    baseapp-1 10103 7001  [2018-07-30 17:03:31 256] - EntityApp::checkTickPeriod: tick took 1170% (1.17 seconds)!
 WARNING    baseapp-1 10103 7001  [2018-07-30 17:03:32 275] - Components::findComponents: find dbmgr(213)...
delay time is too long, please check the dbmgr logs!
 WARNING    baseapp-1 10103 7001  [2018-07-30 17:03:33 285] - EntityApp::checkTickPeriod: tick took 1100% (1.10 seconds)!
 WARNING    baseapp-1 10103 7001  [2018-07-30 17:03:34 375] - Components::findComponents: find dbmgr(214)...
delay time is too long, please check the dbmgr logs!
 WARNING    baseapp-1 10103 7001  [2018-07-30 17:03:35 413] - EntityApp::checkTickPeriod: tick took 1127% (1.13 seconds)!
 WARNING    baseapp-1 10103 7001  [2018-07-30 17:03:36 475] - Components::findComponents: find dbmgr(215)...
delay time is too long, please check the dbmgr logs!
 WARNING    baseapp-1 10103 7001  [2018-07-30 17:03:37 543] - EntityApp::checkTickPeriod: tick took 1157% (1.16 seconds)!
 WARNING    baseapp-1 10103 7001  [2018-07-30 17:03:38 575] - Components::findComponents: find dbmgr(216)...
delay time is too long, please check the dbmgr logs!
 WARNING    baseapp-1 10103 7001  [2018-07-30 17:03:39 672] - EntityApp::checkTickPeriod: tick took 1187% (1.19 seconds)!
 WARNING    baseapp-1 10103 7001  [2018-07-30 17:03:40 675] - Components::findComponents: find dbmgr(217)...
delay time is too long, please check the dbmgr logs!
 WARNING    baseapp-1 10103 7001  [2018-07-30 17:03:41 698] - EntityApp::checkTickPeriod: tick took 1112% (1.11 seconds)!
 WARNING    baseapp-1 10103 7001  [2018-07-30 17:03:42 775] - Components::findComponents: find dbmgr(218)...
delay time is too long, please check the dbmgr logs!
 WARNING    baseapp-1 10103 7001  [2018-07-30 17:03:43 824] - EntityApp::checkTickPeriod: tick took 1139% (1.14 seconds)!
 WARNING    baseapp-1 10103 7001  [2018-07-30 17:03:44 876] - Components::findComponents: find dbmgr(219)...
delay time is too long, please check the dbmgr logs!
 WARNING    baseapp-1 10103 7001  [2018-07-30 17:03:45 955] - EntityApp::checkTickPeriod: tick took 1169% (1.17 seconds)!
 WARNING    baseapp-1 10103 7001  [2018-07-30 17:03:46 975] - Components::findComponents: find dbmgr(220)...
delay time is too long, please check the dbmgr logs!
 WARNING    baseapp-1 10103 7001  [2018-07-30 17:03:48 079] - EntityApp::checkTickPeriod: tick took 1194% (1.19 seconds)!
 WARNING    baseapp-1 10103 7001  [2018-07-30 17:03:49 084] - Components::findComponents: find dbmgr(221)...
delay time is too long, please check the dbmgr logs!
 WARNING    baseapp-1 10103 7001  [2018-07-30 17:03:50 109] - EntityApp::checkTickPeriod: tick took 1124% (1.12 seconds)!
 WARNING    baseapp-1 10103 7001  [2018-07-30 17:03:51 175] - Components::findComponents: find dbmgr(222)...
delay time is too long, please check the dbmgr logs!
 WARNING    baseapp-1 10103 7001  [2018-07-30 17:03:52 235] - EntityApp::checkTickPeriod: tick took 1150% (1.15 seconds)!
 WARNING    baseapp-1 10103 7001  [2018-07-30 17:03:53 275] - Components::findComponents: find dbmgr(223)...
delay time is too long, please check the dbmgr logs!
 WARNING    baseapp-1 10103 7001  [2018-07-30 17:03:54 363] - EntityApp::checkTickPeriod: tick took 1178% (1.18 seconds)!
 WARNING    baseapp-1 10103 7001  [2018-07-30 17:03:55 376] - Components::findComponents: find dbmgr(224)...
delay time is too long, please check the dbmgr logs!
 WARNING    baseapp-1 10103 7001  [2018-07-30 17:03:56 392] - EntityApp::checkTickPeriod: tick took 1106% (1.11 seconds)!
 WARNING    baseapp-1 10103 7001  [2018-07-30 17:03:57 475] - Components::findComponents: find dbmgr(225)...
delay time is too long, please check the dbmgr logs!
 WARNING    baseapp-1 10103 7001  [2018-07-30 17:03:58 524] - EntityApp::checkTickPeriod: tick took 1138% (1.14 seconds)!
 WARNING    baseapp-1 10103 7001  [2018-07-30 17:03:59 575] - Components::findComponents: find dbmgr(226)...
delay time is too long, please check the dbmgr logs!
 WARNING    baseapp-1 10103 7001  [2018-07-30 17:04:00 653] - EntityApp::checkTickPeriod: tick took 1168% (1.17 seconds)!
 WARNING    baseapp-1 10103 7001  [2018-07-30 17:04:01 675] - Components::findComponents: find dbmgr(227)...
delay time is too long, please check the dbmgr logs!
 WARNING    baseapp-1 10103 7001  [2018-07-30 17:04:02 017] - BundleBroadcast::BundleBroadcast: Cannot bind to port 20596, errorno=10048
 WARNING    baseapp-1 10103 7001  [2018-07-30 17:04:02 017] - EntityApp::checkTickPeriod: tick took 432% (0.43 seconds)!
 WARNING    baseapp-1 10103 7001  [2018-07-30 17:04:03 075] - Components::findComponents: find dbmgr(228)...
delay time is too long, please check the dbmgr logs!
 WARNING    baseapp-1 10103 7001  [2018-07-30 17:04:04 102] - EntityApp::checkTickPeriod: tick took 1116% (1.12 seconds)!
 WARNING    baseapp-1 10103 7001  [2018-07-30 17:04:05 176] - Components::findComponents: find dbmgr(229)...
delay time is too long, please check the dbmgr logs!
 WARNING    baseapp-1 10103 7001  [2018-07-30 17:04:06 229] - EntityApp::checkTickPeriod: tick took 1144% (1.14 seconds)!
 WARNING    baseapp-1 10103 7001  [2018-07-30 17:04:07 276] - Components::findComponents: find dbmgr(230)...
delay time is too long, please check the dbmgr logs!
 WARNING    baseapp-1 10103 7001  [2018-07-30 17:04:08 356] - EntityApp::checkTickPeriod: tick took 1171% (1.17 seconds)!
 WARNING    baseapp-1 10103 7001  [2018-07-30 17:04:09 375] - Components::findComponents: find dbmgr(231)...
delay time is too long, please check the dbmgr logs!
 WARNING    baseapp-1 10103 7001  [2018-07-30 17:04:10 388] - EntityApp::checkTickPeriod: tick took 1102% (1.10 seconds)!
 WARNING    baseapp-1 10103 7001  [2018-07-30 17:04:11 476] - Components::findComponents: find dbmgr(232)...
delay time is too long, please check the dbmgr logs!
 WARNING    baseapp-1 10103 7001  [2018-07-30 17:04:12 515] - EntityApp::checkTickPeriod: tick took 1130% (1.13 seconds)!
 WARNING    baseapp-1 10103 7001  [2018-07-30 17:04:13 575] - Components::findComponents: find dbmgr(233)...
delay time is too long, please check the dbmgr logs!
 WARNING    baseapp-1 10103 7001  [2018-07-30 17:04:14 644] - EntityApp::checkTickPeriod: tick took 1158% (1.16 seconds)!
 WARNING    baseapp-1 10103 7001  [2018-07-30 17:04:15 675] - Components::findComponents: find dbmgr(234)...
delay time is too long, please check the dbmgr logs!
 WARNING    baseapp-1 10103 7001  [2018-07-30 17:04:16 783] - EntityApp::checkTickPeriod: tick took 1197% (1.20 seconds)!
 WARNING    baseapp-1 10103 7001  [2018-07-30 17:04:17 784] - Components::findComponents: find dbmgr(235)...
delay time is too long, please check the dbmgr logs!
 WARNING    baseapp-1 10103 7001  [2018-07-30 17:04:18 815] - EntityApp::checkTickPeriod: tick took 1129% (1.13 seconds)!
 WARNING    baseapp-1 10103 7001  [2018-07-30 17:04:19 875] - Components::findComponents: find dbmgr(236)...
delay time is too long, please check the dbmgr logs!
 WARNING    baseapp-1 10103 7001  [2018-07-30 17:04:20 963] - EntityApp::checkTickPeriod: tick took 1177% (1.18 seconds)!
 WARNING    baseapp-1 10103 7001  [2018-07-30 17:04:21 975] - Components::findComponents: find dbmgr(237)...
delay time is too long, please check the dbmgr logs!
 WARNING    baseapp-1 10103 7001  [2018-07-30 17:04:23 018] - EntityApp::checkTickPeriod: tick took 1133% (1.13 seconds)!
