    INFO      dbmgr-1 10103 4000  [2018-07-30 16:53:10 954] - -----------------------------------------------------------------------------------------


    INFO      dbmgr-1 10103 4000  [2018-07-30 16:53:10 955] - Resmgr::initialize: KBE_ROOT=D:/kbengine/
    INFO      dbmgr-1 10103 4000  [2018-07-30 16:53:10 955] - Resmgr::initialize: KBE_RES_PATH=D:/kbengine/kbe/res/;D:/kbengine/assets_Battle of Gods/;D:/kbengine/assets_Battle of Gods/scripts/;D:/kbengine/assets_Battle of Gods/res/
    INFO      dbmgr-1 10103 4000  [2018-07-30 16:53:10 955] - Resmgr::initialize: KBE_BIN_PATH=D:/kbengine/kbe/bin/server/
    INFO      dbmgr-1 10103 4000  [2018-07-30 16:53:10 973] - NetworkInterface::initialize(INTERNAL): bound to all interfaces with default route interface on 10.139.66.192 ( 10.139.66.192:31437 )
    INFO      dbmgr-1 10103 4000  [2018-07-30 16:53:10 973] - NetworkInterface::initialize(INTERNAL): address 10.139.66.192:31437, SOMAXCONN=5.
    INFO      dbmgr-1 10103 4000  [2018-07-30 16:53:10 973] - server-configs:
    INFO      dbmgr-1 10103 4000  [2018-07-30 16:53:10 974] - 	internalAddr : 10.139.66.192:31437
    INFO      dbmgr-1 10103 4000  [2018-07-30 16:53:10 974] - 	componentID : 4000
    INFO      dbmgr-1 10103 4000  [2018-07-30 16:53:11 023] - Components::findLogger: found logger, addr:10.139.66.192:31409
    INFO      dbmgr-1 10103 4000  [2018-07-30 16:53:11 024] - Components::addComponent: reset orderLog, uid=10103!
    INFO      dbmgr-1 10103 4000  [2018-07-30 16:53:11 024] - Components::addComponent[logger], uid=10103, componentID=2000, globalorderid=1, grouporderid=1, totalcount=1
    INFO      dbmgr-1 10103 4000  [2018-07-30 16:53:11 043] - ---- dbmgr Version: 2.0.0. ScriptVersion: 0.1.0. Protocol: F28F1C37BCC70CD27B77841D4A30E3D7. Config: Debug X86. Built: 16:26:54 Apr 30 2018. AppID: 4000. UID: 10103. PID: 13776 ----
    INFO      dbmgr-1 10103 4000  [2018-07-30 16:53:11 043] - Server : Intel(R) Core(TM) i7-6700HQ CPU @ 2.60GHz with 2097151kB RAM
    INFO      dbmgr-1 10103 4000  [2018-07-30 16:53:11 043] - ThreadPool::createThreadPool: creating  threadpool...
    INFO      dbmgr-1 10103 4000  [2018-07-30 16:53:11 044] - ThreadPool::createThreadPool: successfully(2), newThreadCount=1, normalMaxThreadCount=2, maxThreadCount=8
   DEBUG      dbmgr-1 10103 4000  [2018-07-30 16:53:11 273] - Script::install_py_dlls(): PyInit_pyexpat
   DEBUG      dbmgr-1 10103 4000  [2018-07-30 16:53:11 275] - Script::install_py_dlls(): PyInit__socket
   DEBUG      dbmgr-1 10103 4000  [2018-07-30 16:53:11 275] - Script::install_py_dlls(): PyInit__ssl
   DEBUG      dbmgr-1 10103 4000  [2018-07-30 16:53:11 281] - Script::install_py_dlls(): PyInit__hashlib
   DEBUG      dbmgr-1 10103 4000  [2018-07-30 16:53:11 281] - Script::install_py_dlls(): PyInit_select
   DEBUG      dbmgr-1 10103 4000  [2018-07-30 16:53:11 282] - Script::install_py_dlls(): PyInit__ctypes
   DEBUG      dbmgr-1 10103 4000  [2018-07-30 16:53:11 283] - Script::install_py_dlls(): PyInit__elementtree
   DEBUG      dbmgr-1 10103 4000  [2018-07-30 16:53:11 344] - Script::install_py_dlls(): PyInit_unicodedata
    INFO      dbmgr-1 10103 4000  [2018-07-30 16:53:11 408] - Script::install(): is successfully, Python=(3.4.2 (default, Apr 30 2018, 16:26:41) [MSC v.1900 32 bit (Intel)])!
    INFO      dbmgr-1 10103 4000  [2018-07-30 16:53:11 408] - Script::install(): KBExtra is successfully!
   ERROR      dbmgr-1 10103 4000  [2018-07-30 16:53:11 470] - DataTypes::getDataType:not found type AVATAR_INFO.
   ERROR      dbmgr-1 10103 4000  [2018-07-30 16:53:11 471] - FixedArrayType::initialize: key[ARRAY] did not find type[AVATAR_INFO]!
   ERROR      dbmgr-1 10103 4000  [2018-07-30 16:53:11 471] - DataTypes::loadTypes: parse ARRAY [AVATAR_LISTINFO] error!
   ERROR      dbmgr-1 10103 4000  [2018-07-30 16:53:11 471] - app::initialize(): initialization failed!
   DEBUG      dbmgr-1 10103 4000  [2018-07-30 16:53:11 472] - Script::uninstall_py_dlls(): PyInit_pyexpat
   DEBUG      dbmgr-1 10103 4000  [2018-07-30 16:53:11 472] - Script::uninstall_py_dlls(): PyInit__socket
   DEBUG      dbmgr-1 10103 4000  [2018-07-30 16:53:11 472] - Script::uninstall_py_dlls(): PyInit__ssl
   DEBUG      dbmgr-1 10103 4000  [2018-07-30 16:53:11 472] - Script::uninstall_py_dlls(): PyInit__hashlib
   DEBUG      dbmgr-1 10103 4000  [2018-07-30 16:53:11 473] - Script::uninstall_py_dlls(): PyInit_select
   DEBUG      dbmgr-1 10103 4000  [2018-07-30 16:53:11 473] - Script::uninstall_py_dlls(): PyInit__ctypes
   DEBUG      dbmgr-1 10103 4000  [2018-07-30 16:53:11 473] - Script::uninstall_py_dlls(): PyInit__elementtree
   DEBUG      dbmgr-1 10103 4000  [2018-07-30 16:53:11 473] - Script::uninstall_py_dlls(): PyInit_unicodedata
    INFO      dbmgr-1 10103 4000  [2018-07-30 16:53:11 487] - Script::uninstall(): is successfully!
   DEBUG      dbmgr-1 10103 4000  [2018-07-30 16:53:11 487] - ThreadPool::destroy(): starting size 2.
 WARNING      dbmgr-1 10103 4000  [2018-07-30 16:53:11 788] - ThreadPool::destroy(): waiting for thread(2)[0x1f08e8,0x1f0540,], try=1
   DEBUG      dbmgr-1 10103 4000  [2018-07-30 16:53:12 190] - TPThread::~TPThread(): 0x1f08e8
   DEBUG      dbmgr-1 10103 4000  [2018-07-30 16:53:12 190] - TPThread::~TPThread(): 0x1f0540
   DEBUG      dbmgr-1 10103 4000  [2018-07-30 16:53:12 190] - ThreadPool::destroy(): successfully!
   DEBUG      dbmgr-1 10103 4000  [2018-07-30 16:53:12 190] - Bundle::destroyObjPool(): size 4.
   DEBUG      dbmgr-1 10103 4000  [2018-07-30 16:53:12 190] - Channel::destroyObjPool(): size 15.
   DEBUG      dbmgr-1 10103 4000  [2018-07-30 16:53:12 191] - TCPPacket::destroyObjPool(): size 0.
   DEBUG      dbmgr-1 10103 4000  [2018-07-30 16:53:12 191] - UDPPacket::destroyObjPool(): size 14.
   DEBUG      dbmgr-1 10103 4000  [2018-07-30 16:53:12 191] - EndPoint::destroyObjPool(): size 15.
   DEBUG      dbmgr-1 10103 4000  [2018-07-30 16:53:12 191] - Address::destroyObjPool(): size 0.
   DEBUG      dbmgr-1 10103 4000  [2018-07-30 16:53:12 191] - TCPPacketReceiver::destroyObjPool(): size 0.
   DEBUG      dbmgr-1 10103 4000  [2018-07-30 16:53:12 191] - UDPPacketReceiver::destroyObjPool(): size 0.
