    INFO   loginapp-1 10103 9000  [2018-07-30 16:53:18 178] - -----------------------------------------------------------------------------------------


    INFO   loginapp-1 10103 9000  [2018-07-30 16:53:18 180] - Resmgr::initialize: KBE_ROOT=D:/kbengine/
    INFO   loginapp-1 10103 9000  [2018-07-30 16:53:18 181] - Resmgr::initialize: KBE_RES_PATH=D:/kbengine/kbe/res/;D:/kbengine/assets_Battle of Gods/;D:/kbengine/assets_Battle of Gods/scripts/;D:/kbengine/assets_Battle of Gods/res/
    INFO   loginapp-1 10103 9000  [2018-07-30 16:53:18 181] - Resmgr::initialize: KBE_BIN_PATH=D:/kbengine/kbe/bin/server/
    INFO   loginapp-1 10103 9000  [2018-07-30 16:53:18 190] - NetworkInterface::initialize(EXTERNAL): bound to all interfaces with default route interface on 10.139.66.192 ( 10.139.66.192:20013 )
    INFO   loginapp-1 10103 9000  [2018-07-30 16:53:18 190] - NetworkInterface::initialize(EXTERNAL): address 10.139.66.192:20013, SOMAXCONN=128.
    INFO   loginapp-1 10103 9000  [2018-07-30 16:53:18 205] - NetworkInterface::initialize(INTERNAL): bound to all interfaces with default route interface on 10.139.66.192 ( 10.139.66.192:31480 )
    INFO   loginapp-1 10103 9000  [2018-07-30 16:53:18 206] - NetworkInterface::initialize(INTERNAL): address 10.139.66.192:31480, SOMAXCONN=128.
    INFO   loginapp-1 10103 9000  [2018-07-30 16:53:18 206] - server-configs:
    INFO   loginapp-1 10103 9000  [2018-07-30 16:53:18 206] - 	internalAddr : 10.139.66.192:31480
    INFO   loginapp-1 10103 9000  [2018-07-30 16:53:18 206] - 	externalAddr : 10.139.66.192:20013
    INFO   loginapp-1 10103 9000  [2018-07-30 16:53:18 206] - 	componentID : 9000
    INFO   loginapp-1 10103 9000  [2018-07-30 16:53:18 413] - Components::findLogger: found logger, addr:10.139.66.192:31409
    INFO   loginapp-1 10103 9000  [2018-07-30 16:53:18 414] - Components::addComponent: reset orderLog, uid=10103!
    INFO   loginapp-1 10103 9000  [2018-07-30 16:53:18 414] - Components::addComponent[logger], uid=10103, componentID=2000, globalorderid=1, grouporderid=1, totalcount=1
    INFO   loginapp-1 10103 9000  [2018-07-30 16:53:18 432] - ---- loginapp Version: 2.0.0. ScriptVersion: 0.1.0. Protocol: B20F257E332779D9E1EA7D34638E6146. Config: Debug X86. Built: 16:27:30 Apr 30 2018. AppID: 9000. UID: 10103. PID: 2468 ----
    INFO   loginapp-1 10103 9000  [2018-07-30 16:53:18 432] - Server : Intel(R) Core(TM) i7-6700HQ CPU @ 2.60GHz with 2097151kB RAM
    INFO   loginapp-1 10103 9000  [2018-07-30 16:53:18 432] - ThreadPool::createThreadPool: creating  threadpool...
    INFO   loginapp-1 10103 9000  [2018-07-30 16:53:18 433] - ThreadPool::createThreadPool: successfully(2), newThreadCount=1, normalMaxThreadCount=2, maxThreadCount=8
   DEBUG   loginapp-1 10103 9000  [2018-07-30 16:53:18 596] - Script::install_py_dlls(): PyInit_pyexpat
   DEBUG   loginapp-1 10103 9000  [2018-07-30 16:53:18 596] - Script::install_py_dlls(): PyInit__socket
   DEBUG   loginapp-1 10103 9000  [2018-07-30 16:53:18 597] - Script::install_py_dlls(): PyInit__ssl
   DEBUG   loginapp-1 10103 9000  [2018-07-30 16:53:18 600] - Script::install_py_dlls(): PyInit__hashlib
   DEBUG   loginapp-1 10103 9000  [2018-07-30 16:53:18 601] - Script::install_py_dlls(): PyInit_select
   DEBUG   loginapp-1 10103 9000  [2018-07-30 16:53:18 601] - Script::install_py_dlls(): PyInit__ctypes
   DEBUG   loginapp-1 10103 9000  [2018-07-30 16:53:18 601] - Script::install_py_dlls(): PyInit__elementtree
   DEBUG   loginapp-1 10103 9000  [2018-07-30 16:53:18 655] - Script::install_py_dlls(): PyInit_unicodedata
    INFO   loginapp-1 10103 9000  [2018-07-30 16:53:18 706] - Script::install(): is successfully, Python=(3.4.2 (default, Apr 30 2018, 16:27:27) [MSC v.1900 32 bit (Intel)])!
    INFO   loginapp-1 10103 9000  [2018-07-30 16:53:18 706] - Script::install(): KBExtra is successfully!
  S_INFO   loginapp-1 10103 9000  [2018-07-30 16:53:18 732] - onLoginAppReady: bootstrapGroupIndex=0, bootstrapGlobalIndex=0
    INFO   loginapp-1 10103 9000  [2018-07-30 16:53:18 732] - TelnetServer server is running on port 31000
    INFO   loginapp-1 10103 9000  [2018-07-30 16:53:19 280] - ---- loginapp is running ----
   DEBUG   loginapp-1 10103 9000  [2018-07-30 16:53:19 281] - Components::process(): Request for the process of identity...
    INFO   loginapp-1 10103 9000  [2018-07-30 16:53:26 552] - Components::findComponents: find dbmgr(1)...
    INFO   loginapp-1 10103 9000  [2018-07-30 16:53:28 652] - Components::findComponents: find dbmgr(2)...
    INFO   loginapp-1 10103 9000  [2018-07-30 16:53:30 771] - Components::findComponents: find dbmgr(3)...
    INFO   loginapp-1 10103 9000  [2018-07-30 16:53:32 871] - Components::findComponents: find dbmgr(4)...
    INFO   loginapp-1 10103 9000  [2018-07-30 16:53:34 891] - Components::findComponents: find dbmgr(5)...
    INFO   loginapp-1 10103 9000  [2018-07-30 16:53:36 911] - Components::findComponents: find dbmgr(6)...
    INFO   loginapp-1 10103 9000  [2018-07-30 16:53:38 950] - Components::findComponents: find dbmgr(7)...
    INFO   loginapp-1 10103 9000  [2018-07-30 16:53:40 971] - Components::findComponents: find dbmgr(8)...
    INFO   loginapp-1 10103 9000  [2018-07-30 16:53:43 081] - Components::findComponents: find dbmgr(9)...
    INFO   loginapp-1 10103 9000  [2018-07-30 16:53:45 110] - Components::findComponents: find dbmgr(10)...
    INFO   loginapp-1 10103 9000  [2018-07-30 16:53:47 230] - Components::findComponents: find dbmgr(11)...
    INFO   loginapp-1 10103 9000  [2018-07-30 16:53:49 350] - Components::findComponents: find dbmgr(12)...
    INFO   loginapp-1 10103 9000  [2018-07-30 16:53:51 470] - Components::findComponents: find dbmgr(13)...
    INFO   loginapp-1 10103 9000  [2018-07-30 16:53:53 580] - Components::findComponents: find dbmgr(14)...
    INFO   loginapp-1 10103 9000  [2018-07-30 16:53:55 610] - Components::findComponents: find dbmgr(15)...
    INFO   loginapp-1 10103 9000  [2018-07-30 16:53:57 730] - Components::findComponents: find dbmgr(16)...
 WARNING   loginapp-1 10103 9000  [2018-07-30 16:53:59 849] - Components::findComponents: find dbmgr(17)...
delay time is too long, please check the dbmgr logs!
    INFO   loginapp-1 10103 9000  [2018-07-30 16:54:09 600] - -----------------------------------------------------------------------------------------


    INFO   loginapp-1 10103 9000  [2018-07-30 16:54:09 601] - Resmgr::initialize: KBE_ROOT=D:/kbengine/
    INFO   loginapp-1 10103 9000  [2018-07-30 16:54:09 601] - Resmgr::initialize: KBE_RES_PATH=D:/kbengine/kbe/res/;D:/kbengine/assets_Battle of Gods/;D:/kbengine/assets_Battle of Gods/scripts/;D:/kbengine/assets_Battle of Gods/res/
    INFO   loginapp-1 10103 9000  [2018-07-30 16:54:09 601] - Resmgr::initialize: KBE_BIN_PATH=D:/kbengine/kbe/bin/server/
    INFO   loginapp-1 10103 9000  [2018-07-30 16:54:09 608] - NetworkInterface::initialize(EXTERNAL): bound to all interfaces with default route interface on 10.139.66.192 ( 10.139.66.192:20013 )
    INFO   loginapp-1 10103 9000  [2018-07-30 16:54:09 608] - NetworkInterface::initialize(EXTERNAL): address 10.139.66.192:20013, SOMAXCONN=128.
    INFO   loginapp-1 10103 9000  [2018-07-30 16:54:09 621] - NetworkInterface::initialize(INTERNAL): bound to all interfaces with default route interface on 10.139.66.192 ( 10.139.66.192:31665 )
    INFO   loginapp-1 10103 9000  [2018-07-30 16:54:09 622] - NetworkInterface::initialize(INTERNAL): address 10.139.66.192:31665, SOMAXCONN=128.
    INFO   loginapp-1 10103 9000  [2018-07-30 16:54:09 622] - server-configs:
    INFO   loginapp-1 10103 9000  [2018-07-30 16:54:09 622] - 	internalAddr : 10.139.66.192:31665
    INFO   loginapp-1 10103 9000  [2018-07-30 16:54:09 622] - 	externalAddr : 10.139.66.192:20013
    INFO   loginapp-1 10103 9000  [2018-07-30 16:54:09 622] - 	componentID : 9000
    INFO   loginapp-1 10103 9000  [2018-07-30 16:54:09 845] - Components::findLogger: found logger, addr:10.139.66.192:31649
    INFO   loginapp-1 10103 9000  [2018-07-30 16:54:09 846] - Components::addComponent: reset orderLog, uid=10103!
    INFO   loginapp-1 10103 9000  [2018-07-30 16:54:09 846] - Components::addComponent[logger], uid=10103, componentID=2000, globalorderid=1, grouporderid=1, totalcount=1
    INFO   loginapp-1 10103 9000  [2018-07-30 16:54:09 866] - ---- loginapp Version: 2.0.0. ScriptVersion: 0.1.0. Protocol: B20F257E332779D9E1EA7D34638E6146. Config: Debug X86. Built: 16:27:30 Apr 30 2018. AppID: 9000. UID: 10103. PID: 15136 ----
    INFO   loginapp-1 10103 9000  [2018-07-30 16:54:09 866] - Server : Intel(R) Core(TM) i7-6700HQ CPU @ 2.60GHz with 2097151kB RAM
    INFO   loginapp-1 10103 9000  [2018-07-30 16:54:09 867] - ThreadPool::createThreadPool: creating  threadpool...
    INFO   loginapp-1 10103 9000  [2018-07-30 16:54:09 867] - ThreadPool::createThreadPool: successfully(2), newThreadCount=1, normalMaxThreadCount=2, maxThreadCount=8
   DEBUG   loginapp-1 10103 9000  [2018-07-30 16:54:10 009] - Script::install_py_dlls(): PyInit_pyexpat
   DEBUG   loginapp-1 10103 9000  [2018-07-30 16:54:10 009] - Script::install_py_dlls(): PyInit__socket
   DEBUG   loginapp-1 10103 9000  [2018-07-30 16:54:10 009] - Script::install_py_dlls(): PyInit__ssl
   DEBUG   loginapp-1 10103 9000  [2018-07-30 16:54:10 013] - Script::install_py_dlls(): PyInit__hashlib
   DEBUG   loginapp-1 10103 9000  [2018-07-30 16:54:10 014] - Script::install_py_dlls(): PyInit_select
   DEBUG   loginapp-1 10103 9000  [2018-07-30 16:54:10 014] - Script::install_py_dlls(): PyInit__ctypes
   DEBUG   loginapp-1 10103 9000  [2018-07-30 16:54:10 016] - Script::install_py_dlls(): PyInit__elementtree
   DEBUG   loginapp-1 10103 9000  [2018-07-30 16:54:10 064] - Script::install_py_dlls(): PyInit_unicodedata
    INFO   loginapp-1 10103 9000  [2018-07-30 16:54:10 110] - Script::install(): is successfully, Python=(3.4.2 (default, Apr 30 2018, 16:27:27) [MSC v.1900 32 bit (Intel)])!
    INFO   loginapp-1 10103 9000  [2018-07-30 16:54:10 110] - Script::install(): KBExtra is successfully!
  S_INFO   loginapp-1 10103 9000  [2018-07-30 16:54:10 113] - onLoginAppReady: bootstrapGroupIndex=0, bootstrapGlobalIndex=0
    INFO   loginapp-1 10103 9000  [2018-07-30 16:54:10 113] - TelnetServer server is running on port 31000
    INFO   loginapp-1 10103 9000  [2018-07-30 16:54:10 562] - ---- loginapp is running ----
   DEBUG   loginapp-1 10103 9000  [2018-07-30 16:54:10 563] - Components::process(): Request for the process of identity...
    INFO   loginapp-1 10103 9000  [2018-07-30 16:54:17 801] - Components::findComponents: find dbmgr(1)...
    INFO   loginapp-1 10103 9000  [2018-07-30 16:54:19 893] - Components::findComponents: find dbmgr(2)...
    INFO   loginapp-1 10103 9000  [2018-07-30 16:54:21 913] - Components::findComponents: find dbmgr(3)...
    INFO   loginapp-1 10103 9000  [2018-07-30 16:54:23 933] - Components::findComponents: find dbmgr(4)...
    INFO   loginapp-1 10103 9000  [2018-07-30 16:54:25 953] - Components::findComponents: find dbmgr(5)...
    INFO   loginapp-1 10103 9000  [2018-07-30 16:54:27 973] - Components::findComponents: find dbmgr(6)...
    INFO   loginapp-1 10103 9000  [2018-07-30 16:54:29 993] - Components::findComponents: find dbmgr(7)...
    INFO   loginapp-1 10103 9000  [2018-07-30 16:54:32 013] - Components::findComponents: find dbmgr(8)...
    INFO   loginapp-1 10103 9000  [2018-07-30 16:54:34 033] - Components::findComponents: find dbmgr(9)...
    INFO   loginapp-1 10103 9000  [2018-07-30 16:54:36 053] - Components::findComponents: find dbmgr(10)...
    INFO   loginapp-1 10103 9000  [2018-07-30 16:54:38 072] - Components::findComponents: find dbmgr(11)...
    INFO   loginapp-1 10103 9000  [2018-07-30 16:54:40 093] - Components::findComponents: find dbmgr(12)...
    INFO   loginapp-1 10103 9000  [2018-07-30 16:54:42 113] - Components::findComponents: find dbmgr(13)...
    INFO   loginapp-1 10103 9000  [2018-07-30 16:54:44 132] - Components::findComponents: find dbmgr(14)...
    INFO   loginapp-1 10103 9000  [2018-07-30 16:54:46 152] - Components::findComponents: find dbmgr(15)...
    INFO   loginapp-1 10103 9000  [2018-07-30 16:54:48 172] - Components::findComponents: find dbmgr(16)...
    INFO   loginapp-1 10103 9000  [2018-07-30 16:54:52 669] - -----------------------------------------------------------------------------------------


    INFO   loginapp-1 10103 9000  [2018-07-30 16:54:52 670] - Resmgr::initialize: KBE_ROOT=D:/kbengine/
    INFO   loginapp-1 10103 9000  [2018-07-30 16:54:52 671] - Resmgr::initialize: KBE_RES_PATH=D:/kbengine/kbe/res/;D:/kbengine/assets_Battle of Gods/;D:/kbengine/assets_Battle of Gods/scripts/;D:/kbengine/assets_Battle of Gods/res/
    INFO   loginapp-1 10103 9000  [2018-07-30 16:54:52 671] - Resmgr::initialize: KBE_BIN_PATH=D:/kbengine/kbe/bin/server/
    INFO   loginapp-1 10103 9000  [2018-07-30 16:54:52 685] - NetworkInterface::initialize(EXTERNAL): bound to all interfaces with default route interface on 10.139.66.192 ( 10.139.66.192:20013 )
    INFO   loginapp-1 10103 9000  [2018-07-30 16:54:52 685] - NetworkInterface::initialize(EXTERNAL): address 10.139.66.192:20013, SOMAXCONN=128.
    INFO   loginapp-1 10103 9000  [2018-07-30 16:54:52 704] - NetworkInterface::initialize(INTERNAL): bound to all interfaces with default route interface on 10.139.66.192 ( 10.139.66.192:31812 )
    INFO   loginapp-1 10103 9000  [2018-07-30 16:54:52 705] - NetworkInterface::initialize(INTERNAL): address 10.139.66.192:31812, SOMAXCONN=128.
    INFO   loginapp-1 10103 9000  [2018-07-30 16:54:52 705] - server-configs:
    INFO   loginapp-1 10103 9000  [2018-07-30 16:54:52 705] - 	internalAddr : 10.139.66.192:31812
    INFO   loginapp-1 10103 9000  [2018-07-30 16:54:52 705] - 	externalAddr : 10.139.66.192:20013
    INFO   loginapp-1 10103 9000  [2018-07-30 16:54:52 705] - 	componentID : 9000
    INFO   loginapp-1 10103 9000  [2018-07-30 16:54:52 940] - Components::findLogger: found logger, addr:10.139.66.192:31804
    INFO   loginapp-1 10103 9000  [2018-07-30 16:54:52 940] - Components::addComponent: reset orderLog, uid=10103!
    INFO   loginapp-1 10103 9000  [2018-07-30 16:54:52 941] - Components::addComponent[logger], uid=10103, componentID=2000, globalorderid=1, grouporderid=1, totalcount=1
    INFO   loginapp-1 10103 9000  [2018-07-30 16:54:52 960] - ---- loginapp Version: 2.0.0. ScriptVersion: 0.1.0. Protocol: B20F257E332779D9E1EA7D34638E6146. Config: Debug X86. Built: 16:27:30 Apr 30 2018. AppID: 9000. UID: 10103. PID: 17188 ----
    INFO   loginapp-1 10103 9000  [2018-07-30 16:54:52 961] - Server : Intel(R) Core(TM) i7-6700HQ CPU @ 2.60GHz with 2097151kB RAM
    INFO   loginapp-1 10103 9000  [2018-07-30 16:54:52 961] - ThreadPool::createThreadPool: creating  threadpool...
    INFO   loginapp-1 10103 9000  [2018-07-30 16:54:52 962] - ThreadPool::createThreadPool: successfully(2), newThreadCount=1, normalMaxThreadCount=2, maxThreadCount=8
   DEBUG   loginapp-1 10103 9000  [2018-07-30 16:54:53 106] - Script::install_py_dlls(): PyInit_pyexpat
   DEBUG   loginapp-1 10103 9000  [2018-07-30 16:54:53 107] - Script::install_py_dlls(): PyInit__socket
   DEBUG   loginapp-1 10103 9000  [2018-07-30 16:54:53 107] - Script::install_py_dlls(): PyInit__ssl
   DEBUG   loginapp-1 10103 9000  [2018-07-30 16:54:53 113] - Script::install_py_dlls(): PyInit__hashlib
   DEBUG   loginapp-1 10103 9000  [2018-07-30 16:54:53 113] - Script::install_py_dlls(): PyInit_select
   DEBUG   loginapp-1 10103 9000  [2018-07-30 16:54:53 114] - Script::install_py_dlls(): PyInit__ctypes
   DEBUG   loginapp-1 10103 9000  [2018-07-30 16:54:53 115] - Script::install_py_dlls(): PyInit__elementtree
   DEBUG   loginapp-1 10103 9000  [2018-07-30 16:54:53 172] - Script::install_py_dlls(): PyInit_unicodedata
    INFO   loginapp-1 10103 9000  [2018-07-30 16:54:53 217] - Script::install(): is successfully, Python=(3.4.2 (default, Apr 30 2018, 16:27:27) [MSC v.1900 32 bit (Intel)])!
    INFO   loginapp-1 10103 9000  [2018-07-30 16:54:53 218] - Script::install(): KBExtra is successfully!
  S_INFO   loginapp-1 10103 9000  [2018-07-30 16:54:53 221] - onLoginAppReady: bootstrapGroupIndex=0, bootstrapGlobalIndex=0
    INFO   loginapp-1 10103 9000  [2018-07-30 16:54:53 222] - TelnetServer server is running on port 31000
    INFO   loginapp-1 10103 9000  [2018-07-30 16:54:53 678] - ---- loginapp is running ----
   DEBUG   loginapp-1 10103 9000  [2018-07-30 16:54:53 678] - Components::process(): Request for the process of identity...
    INFO   loginapp-1 10103 9000  [2018-07-30 16:55:00 961] - Components::findComponents: find dbmgr(1)...
    INFO   loginapp-1 10103 9000  [2018-07-30 16:55:03 021] - Components::findComponents: find dbmgr(2)...
    INFO   loginapp-1 10103 9000  [2018-07-30 16:55:05 041] - Components::findComponents: find dbmgr(3)...
    INFO   loginapp-1 10103 9000  [2018-07-30 16:55:07 061] - Components::findComponents: find dbmgr(4)...
    INFO   loginapp-1 10103 9000  [2018-07-30 16:55:09 073] - Components::findComponents: find dbmgr(5)...
    INFO   loginapp-1 10103 9000  [2018-07-30 16:55:11 101] - Components::findComponents: find dbmgr(6)...
    INFO   loginapp-1 10103 9000  [2018-07-30 16:55:13 161] - Components::findComponents: find dbmgr(7)...
    INFO   loginapp-1 10103 9000  [2018-07-30 16:55:15 274] - Components::findComponents: find dbmgr(8)...
    INFO   loginapp-1 10103 9000  [2018-07-30 16:55:17 301] - Components::findComponents: find dbmgr(9)...
    INFO   loginapp-1 10103 9000  [2018-07-30 16:55:19 420] - Components::findComponents: find dbmgr(10)...
    INFO   loginapp-1 10103 9000  [2018-07-30 16:55:21 541] - Components::findComponents: find dbmgr(11)...
    INFO   loginapp-1 10103 9000  [2018-07-30 16:55:23 661] - Components::findComponents: find dbmgr(12)...
    INFO   loginapp-1 10103 9000  [2018-07-30 16:55:25 773] - Components::findComponents: find dbmgr(13)...
    INFO   loginapp-1 10103 9000  [2018-07-30 16:55:27 800] - Components::findComponents: find dbmgr(14)...
    INFO   loginapp-1 10103 9000  [2018-07-30 16:55:29 820] - Components::findComponents: find dbmgr(15)...
    INFO   loginapp-1 10103 9000  [2018-07-30 16:55:35 958] - -----------------------------------------------------------------------------------------


    INFO   loginapp-1 10103 9000  [2018-07-30 16:55:35 960] - Resmgr::initialize: KBE_ROOT=D:/kbengine/
    INFO   loginapp-1 10103 9000  [2018-07-30 16:55:35 960] - Resmgr::initialize: KBE_RES_PATH=D:/kbengine/kbe/res/;D:/kbengine/assets_Battle of Gods/;D:/kbengine/assets_Battle of Gods/scripts/;D:/kbengine/assets_Battle of Gods/res/
    INFO   loginapp-1 10103 9000  [2018-07-30 16:55:35 960] - Resmgr::initialize: KBE_BIN_PATH=D:/kbengine/kbe/bin/server/
    INFO   loginapp-1 10103 9000  [2018-07-30 16:55:35 965] - NetworkInterface::initialize(EXTERNAL): bound to all interfaces with default route interface on 10.139.66.192 ( 10.139.66.192:20013 )
    INFO   loginapp-1 10103 9000  [2018-07-30 16:55:35 966] - NetworkInterface::initialize(EXTERNAL): address 10.139.66.192:20013, SOMAXCONN=128.
    INFO   loginapp-1 10103 9000  [2018-07-30 16:55:35 985] - NetworkInterface::initialize(INTERNAL): bound to all interfaces with default route interface on 10.139.66.192 ( 10.139.66.192:31966 )
    INFO   loginapp-1 10103 9000  [2018-07-30 16:55:35 986] - NetworkInterface::initialize(INTERNAL): address 10.139.66.192:31966, SOMAXCONN=128.
    INFO   loginapp-1 10103 9000  [2018-07-30 16:55:35 986] - server-configs:
    INFO   loginapp-1 10103 9000  [2018-07-30 16:55:35 986] - 	internalAddr : 10.139.66.192:31966
    INFO   loginapp-1 10103 9000  [2018-07-30 16:55:35 986] - 	externalAddr : 10.139.66.192:20013
    INFO   loginapp-1 10103 9000  [2018-07-30 16:55:35 986] - 	componentID : 9000
    INFO   loginapp-1 10103 9000  [2018-07-30 16:55:36 222] - Components::findLogger: found logger, addr:10.139.66.192:31956
    INFO   loginapp-1 10103 9000  [2018-07-30 16:55:36 223] - Components::addComponent: reset orderLog, uid=10103!
    INFO   loginapp-1 10103 9000  [2018-07-30 16:55:36 223] - Components::addComponent[logger], uid=10103, componentID=2000, globalorderid=1, grouporderid=1, totalcount=1
    INFO   loginapp-1 10103 9000  [2018-07-30 16:55:36 242] - ---- loginapp Version: 2.0.0. ScriptVersion: 0.1.0. Protocol: B20F257E332779D9E1EA7D34638E6146. Config: Debug X86. Built: 16:27:30 Apr 30 2018. AppID: 9000. UID: 10103. PID: 3648 ----
    INFO   loginapp-1 10103 9000  [2018-07-30 16:55:36 242] - Server : Intel(R) Core(TM) i7-6700HQ CPU @ 2.60GHz with 2097151kB RAM
    INFO   loginapp-1 10103 9000  [2018-07-30 16:55:36 242] - ThreadPool::createThreadPool: creating  threadpool...
    INFO   loginapp-1 10103 9000  [2018-07-30 16:55:36 242] - ThreadPool::createThreadPool: successfully(2), newThreadCount=1, normalMaxThreadCount=2, maxThreadCount=8
   DEBUG   loginapp-1 10103 9000  [2018-07-30 16:55:36 388] - Script::install_py_dlls(): PyInit_pyexpat
   DEBUG   loginapp-1 10103 9000  [2018-07-30 16:55:36 389] - Script::install_py_dlls(): PyInit__socket
   DEBUG   loginapp-1 10103 9000  [2018-07-30 16:55:36 389] - Script::install_py_dlls(): PyInit__ssl
   DEBUG   loginapp-1 10103 9000  [2018-07-30 16:55:36 394] - Script::install_py_dlls(): PyInit__hashlib
   DEBUG   loginapp-1 10103 9000  [2018-07-30 16:55:36 394] - Script::install_py_dlls(): PyInit_select
   DEBUG   loginapp-1 10103 9000  [2018-07-30 16:55:36 394] - Script::install_py_dlls(): PyInit__ctypes
   DEBUG   loginapp-1 10103 9000  [2018-07-30 16:55:36 396] - Script::install_py_dlls(): PyInit__elementtree
   DEBUG   loginapp-1 10103 9000  [2018-07-30 16:55:36 458] - Script::install_py_dlls(): PyInit_unicodedata
    INFO   loginapp-1 10103 9000  [2018-07-30 16:55:36 510] - Script::install(): is successfully, Python=(3.4.2 (default, Apr 30 2018, 16:27:27) [MSC v.1900 32 bit (Intel)])!
    INFO   loginapp-1 10103 9000  [2018-07-30 16:55:36 511] - Script::install(): KBExtra is successfully!
  S_INFO   loginapp-1 10103 9000  [2018-07-30 16:55:36 515] - onLoginAppReady: bootstrapGroupIndex=0, bootstrapGlobalIndex=0
    INFO   loginapp-1 10103 9000  [2018-07-30 16:55:36 515] - TelnetServer server is running on port 31000
    INFO   loginapp-1 10103 9000  [2018-07-30 16:55:37 063] - ---- loginapp is running ----
   DEBUG   loginapp-1 10103 9000  [2018-07-30 16:55:37 064] - Components::process(): Request for the process of identity...
    INFO   loginapp-1 10103 9000  [2018-07-30 16:55:44 394] - Components::findComponents: find dbmgr(1)...
    INFO   loginapp-1 10103 9000  [2018-07-30 16:55:46 435] - Components::findComponents: find dbmgr(2)...
    INFO   loginapp-1 10103 9000  [2018-07-30 16:55:48 454] - Components::findComponents: find dbmgr(3)...
    INFO   loginapp-1 10103 9000  [2018-07-30 16:55:50 474] - Components::findComponents: find dbmgr(4)...
    INFO   loginapp-1 10103 9000  [2018-07-30 16:55:52 494] - Components::findComponents: find dbmgr(5)...
    INFO   loginapp-1 10103 9000  [2018-07-30 16:55:54 515] - Components::findComponents: find dbmgr(6)...
    INFO   loginapp-1 10103 9000  [2018-07-30 16:55:56 534] - Components::findComponents: find dbmgr(7)...
    INFO   loginapp-1 10103 9000  [2018-07-30 16:56:01 830] - -----------------------------------------------------------------------------------------


    INFO   loginapp-1 10103 9000  [2018-07-30 16:56:01 831] - Resmgr::initialize: KBE_ROOT=D:/kbengine/
    INFO   loginapp-1 10103 9000  [2018-07-30 16:56:01 831] - Resmgr::initialize: KBE_RES_PATH=D:/kbengine/kbe/res/;D:/kbengine/assets_Battle of Gods/;D:/kbengine/assets_Battle of Gods/scripts/;D:/kbengine/assets_Battle of Gods/res/
    INFO   loginapp-1 10103 9000  [2018-07-30 16:56:01 832] - Resmgr::initialize: KBE_BIN_PATH=D:/kbengine/kbe/bin/server/
    INFO   loginapp-1 10103 9000  [2018-07-30 16:56:01 839] - NetworkInterface::initialize(EXTERNAL): bound to all interfaces with default route interface on 10.139.66.192 ( 10.139.66.192:20013 )
    INFO   loginapp-1 10103 9000  [2018-07-30 16:56:01 840] - NetworkInterface::initialize(EXTERNAL): address 10.139.66.192:20013, SOMAXCONN=128.
    INFO   loginapp-1 10103 9000  [2018-07-30 16:56:01 854] - NetworkInterface::initialize(INTERNAL): bound to all interfaces with default route interface on 10.139.66.192 ( 10.139.66.192:32069 )
    INFO   loginapp-1 10103 9000  [2018-07-30 16:56:01 854] - NetworkInterface::initialize(INTERNAL): address 10.139.66.192:32069, SOMAXCONN=128.
    INFO   loginapp-1 10103 9000  [2018-07-30 16:56:01 854] - server-configs:
    INFO   loginapp-1 10103 9000  [2018-07-30 16:56:01 854] - 	internalAddr : 10.139.66.192:32069
    INFO   loginapp-1 10103 9000  [2018-07-30 16:56:01 854] - 	externalAddr : 10.139.66.192:20013
    INFO   loginapp-1 10103 9000  [2018-07-30 16:56:01 855] - 	componentID : 9000
    INFO   loginapp-1 10103 9000  [2018-07-30 16:56:02 098] - Components::findLogger: found logger, addr:10.139.66.192:32060
    INFO   loginapp-1 10103 9000  [2018-07-30 16:56:02 098] - Components::addComponent: reset orderLog, uid=10103!
    INFO   loginapp-1 10103 9000  [2018-07-30 16:56:02 098] - Components::addComponent[logger], uid=10103, componentID=2000, globalorderid=1, grouporderid=1, totalcount=1
    INFO   loginapp-1 10103 9000  [2018-07-30 16:56:02 117] - ---- loginapp Version: 2.0.0. ScriptVersion: 0.1.0. Protocol: B20F257E332779D9E1EA7D34638E6146. Config: Debug X86. Built: 16:27:30 Apr 30 2018. AppID: 9000. UID: 10103. PID: 160 ----
    INFO   loginapp-1 10103 9000  [2018-07-30 16:56:02 117] - Server : Intel(R) Core(TM) i7-6700HQ CPU @ 2.60GHz with 2097151kB RAM
    INFO   loginapp-1 10103 9000  [2018-07-30 16:56:02 117] - ThreadPool::createThreadPool: creating  threadpool...
    INFO   loginapp-1 10103 9000  [2018-07-30 16:56:02 118] - ThreadPool::createThreadPool: successfully(2), newThreadCount=1, normalMaxThreadCount=2, maxThreadCount=8
   DEBUG   loginapp-1 10103 9000  [2018-07-30 16:56:02 275] - Script::install_py_dlls(): PyInit_pyexpat
   DEBUG   loginapp-1 10103 9000  [2018-07-30 16:56:02 275] - Script::install_py_dlls(): PyInit__socket
   DEBUG   loginapp-1 10103 9000  [2018-07-30 16:56:02 276] - Script::install_py_dlls(): PyInit__ssl
   DEBUG   loginapp-1 10103 9000  [2018-07-30 16:56:02 280] - Script::install_py_dlls(): PyInit__hashlib
   DEBUG   loginapp-1 10103 9000  [2018-07-30 16:56:02 281] - Script::install_py_dlls(): PyInit_select
   DEBUG   loginapp-1 10103 9000  [2018-07-30 16:56:02 281] - Script::install_py_dlls(): PyInit__ctypes
   DEBUG   loginapp-1 10103 9000  [2018-07-30 16:56:02 283] - Script::install_py_dlls(): PyInit__elementtree
   DEBUG   loginapp-1 10103 9000  [2018-07-30 16:56:02 342] - Script::install_py_dlls(): PyInit_unicodedata
    INFO   loginapp-1 10103 9000  [2018-07-30 16:56:02 398] - Script::install(): is successfully, Python=(3.4.2 (default, Apr 30 2018, 16:27:27) [MSC v.1900 32 bit (Intel)])!
    INFO   loginapp-1 10103 9000  [2018-07-30 16:56:02 398] - Script::install(): KBExtra is successfully!
  S_INFO   loginapp-1 10103 9000  [2018-07-30 16:56:02 402] - onLoginAppReady: bootstrapGroupIndex=0, bootstrapGlobalIndex=0
    INFO   loginapp-1 10103 9000  [2018-07-30 16:56:02 402] - TelnetServer server is running on port 31000
    INFO   loginapp-1 10103 9000  [2018-07-30 16:56:03 008] - ---- loginapp is running ----
   DEBUG   loginapp-1 10103 9000  [2018-07-30 16:56:03 009] - Components::process(): Request for the process of identity...
    INFO   loginapp-1 10103 9000  [2018-07-30 16:56:10 382] - Components::findComponents: find dbmgr(1)...
    INFO   loginapp-1 10103 9000  [2018-07-30 16:56:12 422] - Components::findComponents: find dbmgr(2)...
    INFO   loginapp-1 10103 9000  [2018-07-30 16:56:14 442] - Components::findComponents: find dbmgr(3)...
    INFO   loginapp-1 10103 9000  [2018-07-30 16:56:16 462] - Components::findComponents: find dbmgr(4)...
    INFO   loginapp-1 10103 9000  [2018-07-30 16:56:18 481] - Components::findComponents: find dbmgr(5)...
    INFO   loginapp-1 10103 9000  [2018-07-30 16:56:20 521] - Components::findComponents: find dbmgr(6)...
    INFO   loginapp-1 10103 9000  [2018-07-30 16:56:22 561] - Components::findComponents: find dbmgr(7)...
    INFO   loginapp-1 10103 9000  [2018-07-30 16:56:24 581] - Components::findComponents: find dbmgr(8)...
    INFO   loginapp-1 10103 9000  [2018-07-30 16:56:26 602] - Components::findComponents: find dbmgr(9)...
    INFO   loginapp-1 10103 9000  [2018-07-30 16:56:28 622] - Components::findComponents: find dbmgr(10)...
    INFO   loginapp-1 10103 9000  [2018-07-30 16:56:30 642] - Components::findComponents: find dbmgr(11)...
    INFO   loginapp-1 10103 9000  [2018-07-30 16:56:32 683] - Components::findComponents: find dbmgr(12)...
    INFO   loginapp-1 10103 9000  [2018-07-30 16:56:34 702] - Components::findComponents: find dbmgr(13)...
    INFO   loginapp-1 10103 9000  [2018-07-30 16:56:36 721] - Components::findComponents: find dbmgr(14)...
    INFO   loginapp-1 10103 9000  [2018-07-30 16:56:38 741] - Components::findComponents: find dbmgr(15)...
    INFO   loginapp-1 10103 9000  [2018-07-30 16:56:40 761] - Components::findComponents: find dbmgr(16)...
 WARNING   loginapp-1 10103 9000  [2018-07-30 16:56:42 781] - Components::findComponents: find dbmgr(17)...
delay time is too long, please check the dbmgr logs!
 WARNING   loginapp-1 10103 9000  [2018-07-30 16:56:44 821] - Components::findComponents: find dbmgr(18)...
delay time is too long, please check the dbmgr logs!
 WARNING   loginapp-1 10103 9000  [2018-07-30 16:56:46 832] - Components::findComponents: find dbmgr(19)...
delay time is too long, please check the dbmgr logs!
 WARNING   loginapp-1 10103 9000  [2018-07-30 16:56:48 861] - Components::findComponents: find dbmgr(20)...
delay time is too long, please check the dbmgr logs!
 WARNING   loginapp-1 10103 9000  [2018-07-30 16:56:50 881] - Components::findComponents: find dbmgr(21)...
delay time is too long, please check the dbmgr logs!
 WARNING   loginapp-1 10103 9000  [2018-07-30 16:56:52 902] - Components::findComponents: find dbmgr(22)...
delay time is too long, please check the dbmgr logs!
 WARNING   loginapp-1 10103 9000  [2018-07-30 16:56:54 933] - Components::findComponents: find dbmgr(23)...
delay time is too long, please check the dbmgr logs!
 WARNING   loginapp-1 10103 9000  [2018-07-30 16:56:55 267] - BundleBroadcast::BundleBroadcast: Cannot bind to port 20086, errorno=10048
 WARNING   loginapp-1 10103 9000  [2018-07-30 16:56:56 281] - Components::findComponents: find dbmgr(24)...
delay time is too long, please check the dbmgr logs!
 WARNING   loginapp-1 10103 9000  [2018-07-30 16:56:58 381] - Components::findComponents: find dbmgr(25)...
delay time is too long, please check the dbmgr logs!
 WARNING   loginapp-1 10103 9000  [2018-07-30 16:57:00 401] - Components::findComponents: find dbmgr(26)...
delay time is too long, please check the dbmgr logs!
 WARNING   loginapp-1 10103 9000  [2018-07-30 16:57:00 736] - BundleBroadcast::BundleBroadcast: Cannot bind to port 20126, errorno=10048
 WARNING   loginapp-1 10103 9000  [2018-07-30 16:57:01 740] - Components::findComponents: find dbmgr(27)...
delay time is too long, please check the dbmgr logs!
 WARNING   loginapp-1 10103 9000  [2018-07-30 16:57:03 841] - Components::findComponents: find dbmgr(28)...
delay time is too long, please check the dbmgr logs!
 WARNING   loginapp-1 10103 9000  [2018-07-30 16:57:05 881] - Components::findComponents: find dbmgr(29)...
delay time is too long, please check the dbmgr logs!
 WARNING   loginapp-1 10103 9000  [2018-07-30 16:57:07 901] - Components::findComponents: find dbmgr(30)...
delay time is too long, please check the dbmgr logs!
 WARNING   loginapp-1 10103 9000  [2018-07-30 16:57:09 920] - Components::findComponents: find dbmgr(31)...
delay time is too long, please check the dbmgr logs!
 WARNING   loginapp-1 10103 9000  [2018-07-30 16:57:11 961] - Components::findComponents: find dbmgr(32)...
delay time is too long, please check the dbmgr logs!
 WARNING   loginapp-1 10103 9000  [2018-07-30 16:57:13 981] - Components::findComponents: find dbmgr(33)...
delay time is too long, please check the dbmgr logs!
 WARNING   loginapp-1 10103 9000  [2018-07-30 16:57:16 020] - Components::findComponents: find dbmgr(34)...
delay time is too long, please check the dbmgr logs!
 WARNING   loginapp-1 10103 9000  [2018-07-30 16:57:18 032] - Components::findComponents: find dbmgr(35)...
delay time is too long, please check the dbmgr logs!
 WARNING   loginapp-1 10103 9000  [2018-07-30 16:57:20 060] - Components::findComponents: find dbmgr(36)...
delay time is too long, please check the dbmgr logs!
 WARNING   loginapp-1 10103 9000  [2018-07-30 16:57:22 100] - Components::findComponents: find dbmgr(37)...
delay time is too long, please check the dbmgr logs!
 WARNING   loginapp-1 10103 9000  [2018-07-30 16:57:24 120] - Components::findComponents: find dbmgr(38)...
delay time is too long, please check the dbmgr logs!
 WARNING   loginapp-1 10103 9000  [2018-07-30 16:57:26 141] - Components::findComponents: find dbmgr(39)...
delay time is too long, please check the dbmgr logs!
 WARNING   loginapp-1 10103 9000  [2018-07-30 16:57:28 180] - Components::findComponents: find dbmgr(40)...
delay time is too long, please check the dbmgr logs!
 WARNING   loginapp-1 10103 9000  [2018-07-30 16:57:30 200] - Components::findComponents: find dbmgr(41)...
delay time is too long, please check the dbmgr logs!
 WARNING   loginapp-1 10103 9000  [2018-07-30 16:57:32 220] - Components::findComponents: find dbmgr(42)...
delay time is too long, please check the dbmgr logs!
 WARNING   loginapp-1 10103 9000  [2018-07-30 16:57:34 261] - Components::findComponents: find dbmgr(43)...
delay time is too long, please check the dbmgr logs!
 WARNING   loginapp-1 10103 9000  [2018-07-30 16:57:36 280] - Components::findComponents: find dbmgr(44)...
delay time is too long, please check the dbmgr logs!
 WARNING   loginapp-1 10103 9000  [2018-07-30 16:57:38 320] - Components::findComponents: find dbmgr(45)...
delay time is too long, please check the dbmgr logs!
 WARNING   loginapp-1 10103 9000  [2018-07-30 16:57:40 332] - Components::findComponents: find dbmgr(46)...
delay time is too long, please check the dbmgr logs!
 WARNING   loginapp-1 10103 9000  [2018-07-30 16:57:42 360] - Components::findComponents: find dbmgr(47)...
delay time is too long, please check the dbmgr logs!
 WARNING   loginapp-1 10103 9000  [2018-07-30 16:57:44 400] - Components::findComponents: find dbmgr(48)...
delay time is too long, please check the dbmgr logs!
 WARNING   loginapp-1 10103 9000  [2018-07-30 16:57:46 420] - Components::findComponents: find dbmgr(49)...
delay time is too long, please check the dbmgr logs!
 WARNING   loginapp-1 10103 9000  [2018-07-30 16:57:48 460] - Components::findComponents: find dbmgr(50)...
delay time is too long, please check the dbmgr logs!
 WARNING   loginapp-1 10103 9000  [2018-07-30 16:57:50 479] - Components::findComponents: find dbmgr(51)...
delay time is too long, please check the dbmgr logs!
 WARNING   loginapp-1 10103 9000  [2018-07-30 16:57:52 501] - Components::findComponents: find dbmgr(52)...
delay time is too long, please check the dbmgr logs!
 WARNING   loginapp-1 10103 9000  [2018-07-30 16:57:54 532] - Components::findComponents: find dbmgr(53)...
delay time is too long, please check the dbmgr logs!
 WARNING   loginapp-1 10103 9000  [2018-07-30 16:57:56 560] - Components::findComponents: find dbmgr(54)...
delay time is too long, please check the dbmgr logs!
 WARNING   loginapp-1 10103 9000  [2018-07-30 16:57:58 599] - Components::findComponents: find dbmgr(55)...
delay time is too long, please check the dbmgr logs!
 WARNING   loginapp-1 10103 9000  [2018-07-30 16:58:00 620] - Components::findComponents: find dbmgr(56)...
delay time is too long, please check the dbmgr logs!
 WARNING   loginapp-1 10103 9000  [2018-07-30 16:58:02 640] - Components::findComponents: find dbmgr(57)...
delay time is too long, please check the dbmgr logs!
 WARNING   loginapp-1 10103 9000  [2018-07-30 16:58:04 679] - Components::findComponents: find dbmgr(58)...
delay time is too long, please check the dbmgr logs!
 WARNING   loginapp-1 10103 9000  [2018-07-30 16:58:06 700] - Components::findComponents: find dbmgr(59)...
delay time is too long, please check the dbmgr logs!
 WARNING   loginapp-1 10103 9000  [2018-07-30 16:58:08 731] - Components::findComponents: find dbmgr(60)...
delay time is too long, please check the dbmgr logs!
 WARNING   loginapp-1 10103 9000  [2018-07-30 16:58:10 759] - Components::findComponents: find dbmgr(61)...
delay time is too long, please check the dbmgr logs!
 WARNING   loginapp-1 10103 9000  [2018-07-30 16:58:12 779] - Components::findComponents: find dbmgr(62)...
delay time is too long, please check the dbmgr logs!
 WARNING   loginapp-1 10103 9000  [2018-07-30 16:58:14 819] - Components::findComponents: find dbmgr(63)...
delay time is too long, please check the dbmgr logs!
 WARNING   loginapp-1 10103 9000  [2018-07-30 16:58:16 839] - Components::findComponents: find dbmgr(64)...
delay time is too long, please check the dbmgr logs!
 WARNING   loginapp-1 10103 9000  [2018-07-30 16:58:18 879] - Components::findComponents: find dbmgr(65)...
delay time is too long, please check the dbmgr logs!
 WARNING   loginapp-1 10103 9000  [2018-07-30 16:58:20 899] - Components::findComponents: find dbmgr(66)...
delay time is too long, please check the dbmgr logs!
 WARNING   loginapp-1 10103 9000  [2018-07-30 16:58:22 919] - Components::findComponents: find dbmgr(67)...
delay time is too long, please check the dbmgr logs!
 WARNING   loginapp-1 10103 9000  [2018-07-30 16:58:24 959] - Components::findComponents: find dbmgr(68)...
delay time is too long, please check the dbmgr logs!
 WARNING   loginapp-1 10103 9000  [2018-07-30 16:58:26 979] - Components::findComponents: find dbmgr(69)...
delay time is too long, please check the dbmgr logs!
 WARNING   loginapp-1 10103 9000  [2018-07-30 16:58:28 999] - Components::findComponents: find dbmgr(70)...
delay time is too long, please check the dbmgr logs!
 WARNING   loginapp-1 10103 9000  [2018-07-30 16:58:31 032] - Components::findComponents: find dbmgr(71)...
delay time is too long, please check the dbmgr logs!
 WARNING   loginapp-1 10103 9000  [2018-07-30 16:58:33 059] - Components::findComponents: find dbmgr(72)...
delay time is too long, please check the dbmgr logs!
 WARNING   loginapp-1 10103 9000  [2018-07-30 16:58:35 099] - Components::findComponents: find dbmgr(73)...
delay time is too long, please check the dbmgr logs!
 WARNING   loginapp-1 10103 9000  [2018-07-30 16:58:37 119] - Components::findComponents: find dbmgr(74)...
delay time is too long, please check the dbmgr logs!
 WARNING   loginapp-1 10103 9000  [2018-07-30 16:58:39 159] - Components::findComponents: find dbmgr(75)...
delay time is too long, please check the dbmgr logs!
 WARNING   loginapp-1 10103 9000  [2018-07-30 16:58:41 179] - Components::findComponents: find dbmgr(76)...
delay time is too long, please check the dbmgr logs!
 WARNING   loginapp-1 10103 9000  [2018-07-30 16:58:43 219] - Components::findComponents: find dbmgr(77)...
delay time is too long, please check the dbmgr logs!
 WARNING   loginapp-1 10103 9000  [2018-07-30 16:58:45 338] - Components::findComponents: find dbmgr(78)...
delay time is too long, please check the dbmgr logs!
 WARNING   loginapp-1 10103 9000  [2018-07-30 16:58:47 379] - Components::findComponents: find dbmgr(79)...
delay time is too long, please check the dbmgr logs!
 WARNING   loginapp-1 10103 9000  [2018-07-30 16:58:47 716] - BundleBroadcast::BundleBroadcast: Cannot bind to port 20045, errorno=10048
 WARNING   loginapp-1 10103 9000  [2018-07-30 16:58:48 718] - Components::findComponents: find dbmgr(80)...
delay time is too long, please check the dbmgr logs!
 WARNING   loginapp-1 10103 9000  [2018-07-30 16:58:50 819] - Components::findComponents: find dbmgr(81)...
delay time is too long, please check the dbmgr logs!
 WARNING   loginapp-1 10103 9000  [2018-07-30 16:58:52 831] - Components::findComponents: find dbmgr(82)...
delay time is too long, please check the dbmgr logs!
 WARNING   loginapp-1 10103 9000  [2018-07-30 16:58:54 878] - Components::findComponents: find dbmgr(83)...
delay time is too long, please check the dbmgr logs!
 WARNING   loginapp-1 10103 9000  [2018-07-30 16:58:56 898] - Components::findComponents: find dbmgr(84)...
delay time is too long, please check the dbmgr logs!
 WARNING   loginapp-1 10103 9000  [2018-07-30 16:58:58 931] - Components::findComponents: find dbmgr(85)...
delay time is too long, please check the dbmgr logs!
 WARNING   loginapp-1 10103 9000  [2018-07-30 16:59:00 958] - Components::findComponents: find dbmgr(86)...
delay time is too long, please check the dbmgr logs!
 WARNING   loginapp-1 10103 9000  [2018-07-30 16:59:02 998] - Components::findComponents: find dbmgr(87)...
delay time is too long, please check the dbmgr logs!
 WARNING   loginapp-1 10103 9000  [2018-07-30 16:59:05 018] - Components::findComponents: find dbmgr(88)...
delay time is too long, please check the dbmgr logs!
 WARNING   loginapp-1 10103 9000  [2018-07-30 16:59:07 058] - Components::findComponents: find dbmgr(89)...
delay time is too long, please check the dbmgr logs!
 WARNING   loginapp-1 10103 9000  [2018-07-30 16:59:09 078] - Components::findComponents: find dbmgr(90)...
delay time is too long, please check the dbmgr logs!
 WARNING   loginapp-1 10103 9000  [2018-07-30 16:59:11 118] - Components::findComponents: find dbmgr(91)...
delay time is too long, please check the dbmgr logs!
 WARNING   loginapp-1 10103 9000  [2018-07-30 16:59:13 138] - Components::findComponents: find dbmgr(92)...
delay time is too long, please check the dbmgr logs!
 WARNING   loginapp-1 10103 9000  [2018-07-30 16:59:15 178] - Components::findComponents: find dbmgr(93)...
delay time is too long, please check the dbmgr logs!
 WARNING   loginapp-1 10103 9000  [2018-07-30 16:59:17 198] - Components::findComponents: find dbmgr(94)...
delay time is too long, please check the dbmgr logs!
 WARNING   loginapp-1 10103 9000  [2018-07-30 16:59:19 218] - Components::findComponents: find dbmgr(95)...
delay time is too long, please check the dbmgr logs!
 WARNING   loginapp-1 10103 9000  [2018-07-30 16:59:21 258] - Components::findComponents: find dbmgr(96)...
delay time is too long, please check the dbmgr logs!
 WARNING   loginapp-1 10103 9000  [2018-07-30 16:59:23 278] - Components::findComponents: find dbmgr(97)...
delay time is too long, please check the dbmgr logs!
 WARNING   loginapp-1 10103 9000  [2018-07-30 16:59:25 318] - Components::findComponents: find dbmgr(98)...
delay time is too long, please check the dbmgr logs!
 WARNING   loginapp-1 10103 9000  [2018-07-30 16:59:27 338] - Components::findComponents: find dbmgr(99)...
delay time is too long, please check the dbmgr logs!
 WARNING   loginapp-1 10103 9000  [2018-07-30 16:59:29 378] - Components::findComponents: find dbmgr(100)...
delay time is too long, please check the dbmgr logs!
 WARNING   loginapp-1 10103 9000  [2018-07-30 16:59:31 397] - Components::findComponents: find dbmgr(101)...
delay time is too long, please check the dbmgr logs!
 WARNING   loginapp-1 10103 9000  [2018-07-30 16:59:33 430] - Components::findComponents: find dbmgr(102)...
delay time is too long, please check the dbmgr logs!
 WARNING   loginapp-1 10103 9000  [2018-07-30 16:59:35 457] - Components::findComponents: find dbmgr(103)...
delay time is too long, please check the dbmgr logs!
 WARNING   loginapp-1 10103 9000  [2018-07-30 16:59:37 498] - Components::findComponents: find dbmgr(104)...
delay time is too long, please check the dbmgr logs!
 WARNING   loginapp-1 10103 9000  [2018-07-30 16:59:39 518] - Components::findComponents: find dbmgr(105)...
delay time is too long, please check the dbmgr logs!
 WARNING   loginapp-1 10103 9000  [2018-07-30 16:59:41 558] - Components::findComponents: find dbmgr(106)...
delay time is too long, please check the dbmgr logs!
 WARNING   loginapp-1 10103 9000  [2018-07-30 16:59:43 578] - Components::findComponents: find dbmgr(107)...
delay time is too long, please check the dbmgr logs!
 WARNING   loginapp-1 10103 9000  [2018-07-30 16:59:45 600] - Components::findComponents: find dbmgr(108)...
delay time is too long, please check the dbmgr logs!
 WARNING   loginapp-1 10103 9000  [2018-07-30 16:59:47 631] - Components::findComponents: find dbmgr(109)...
delay time is too long, please check the dbmgr logs!
 WARNING   loginapp-1 10103 9000  [2018-07-30 16:59:49 657] - Components::findComponents: find dbmgr(110)...
delay time is too long, please check the dbmgr logs!
 WARNING   loginapp-1 10103 9000  [2018-07-30 16:59:51 697] - Components::findComponents: find dbmgr(111)...
delay time is too long, please check the dbmgr logs!
 WARNING   loginapp-1 10103 9000  [2018-07-30 16:59:53 717] - Components::findComponents: find dbmgr(112)...
delay time is too long, please check the dbmgr logs!
 WARNING   loginapp-1 10103 9000  [2018-07-30 16:59:54 051] - BundleBroadcast::BundleBroadcast: Cannot bind to port 20086, errorno=10048
 WARNING   loginapp-1 10103 9000  [2018-07-30 16:59:55 057] - Components::findComponents: find dbmgr(113)...
delay time is too long, please check the dbmgr logs!
 WARNING   loginapp-1 10103 9000  [2018-07-30 16:59:57 157] - Components::findComponents: find dbmgr(114)...
delay time is too long, please check the dbmgr logs!
 WARNING   loginapp-1 10103 9000  [2018-07-30 16:59:59 197] - Components::findComponents: find dbmgr(115)...
delay time is too long, please check the dbmgr logs!
 WARNING   loginapp-1 10103 9000  [2018-07-30 17:00:01 217] - Components::findComponents: find dbmgr(116)...
delay time is too long, please check the dbmgr logs!
 WARNING   loginapp-1 10103 9000  [2018-07-30 17:00:03 257] - Components::findComponents: find dbmgr(117)...
delay time is too long, please check the dbmgr logs!
 WARNING   loginapp-1 10103 9000  [2018-07-30 17:00:05 277] - Components::findComponents: find dbmgr(118)...
delay time is too long, please check the dbmgr logs!
 WARNING   loginapp-1 10103 9000  [2018-07-30 17:00:07 300] - Components::findComponents: find dbmgr(119)...
delay time is too long, please check the dbmgr logs!
 WARNING   loginapp-1 10103 9000  [2018-07-30 17:00:09 331] - Components::findComponents: find dbmgr(120)...
delay time is too long, please check the dbmgr logs!
 WARNING   loginapp-1 10103 9000  [2018-07-30 17:00:11 357] - Components::findComponents: find dbmgr(121)...
delay time is too long, please check the dbmgr logs!
 WARNING   loginapp-1 10103 9000  [2018-07-30 17:00:13 397] - Components::findComponents: find dbmgr(122)...
delay time is too long, please check the dbmgr logs!
 WARNING   loginapp-1 10103 9000  [2018-07-30 17:00:15 417] - Components::findComponents: find dbmgr(123)...
delay time is too long, please check the dbmgr logs!
 WARNING   loginapp-1 10103 9000  [2018-07-30 17:00:17 457] - Components::findComponents: find dbmgr(124)...
delay time is too long, please check the dbmgr logs!
 WARNING   loginapp-1 10103 9000  [2018-07-30 17:00:19 476] - Components::findComponents: find dbmgr(125)...
delay time is too long, please check the dbmgr logs!
 WARNING   loginapp-1 10103 9000  [2018-07-30 17:00:21 496] - Components::findComponents: find dbmgr(126)...
delay time is too long, please check the dbmgr logs!
 WARNING   loginapp-1 10103 9000  [2018-07-30 17:00:23 517] - Components::findComponents: find dbmgr(127)...
delay time is too long, please check the dbmgr logs!
 WARNING   loginapp-1 10103 9000  [2018-07-30 17:00:23 852] - BundleBroadcast::BundleBroadcast: Cannot bind to port 20086, errorno=10048
 WARNING   loginapp-1 10103 9000  [2018-07-30 17:00:24 857] - Components::findComponents: find dbmgr(128)...
delay time is too long, please check the dbmgr logs!
 WARNING   loginapp-1 10103 9000  [2018-07-30 17:00:26 977] - Components::findComponents: find dbmgr(129)...
delay time is too long, please check the dbmgr logs!
 WARNING   loginapp-1 10103 9000  [2018-07-30 17:00:29 097] - Components::findComponents: find dbmgr(130)...
delay time is too long, please check the dbmgr logs!
 WARNING   loginapp-1 10103 9000  [2018-07-30 17:00:31 116] - Components::findComponents: find dbmgr(131)...
delay time is too long, please check the dbmgr logs!
 WARNING   loginapp-1 10103 9000  [2018-07-30 17:00:33 156] - Components::findComponents: find dbmgr(132)...
delay time is too long, please check the dbmgr logs!
 WARNING   loginapp-1 10103 9000  [2018-07-30 17:00:35 177] - Components::findComponents: find dbmgr(133)...
delay time is too long, please check the dbmgr logs!
 WARNING   loginapp-1 10103 9000  [2018-07-30 17:00:37 200] - Components::findComponents: find dbmgr(134)...
delay time is too long, please check the dbmgr logs!
 WARNING   loginapp-1 10103 9000  [2018-07-30 17:00:39 230] - Components::findComponents: find dbmgr(135)...
delay time is too long, please check the dbmgr logs!
 WARNING   loginapp-1 10103 9000  [2018-07-30 17:00:41 256] - Components::findComponents: find dbmgr(136)...
delay time is too long, please check the dbmgr logs!
 WARNING   loginapp-1 10103 9000  [2018-07-30 17:00:43 296] - Components::findComponents: find dbmgr(137)...
delay time is too long, please check the dbmgr logs!
 WARNING   loginapp-1 10103 9000  [2018-07-30 17:00:45 316] - Components::findComponents: find dbmgr(138)...
delay time is too long, please check the dbmgr logs!
 WARNING   loginapp-1 10103 9000  [2018-07-30 17:00:47 356] - Components::findComponents: find dbmgr(139)...
delay time is too long, please check the dbmgr logs!
 WARNING   loginapp-1 10103 9000  [2018-07-30 17:00:49 376] - Components::findComponents: find dbmgr(140)...
delay time is too long, please check the dbmgr logs!
 WARNING   loginapp-1 10103 9000  [2018-07-30 17:00:51 396] - Components::findComponents: find dbmgr(141)...
delay time is too long, please check the dbmgr logs!
 WARNING   loginapp-1 10103 9000  [2018-07-30 17:00:53 431] - Components::findComponents: find dbmgr(142)...
delay time is too long, please check the dbmgr logs!
 WARNING   loginapp-1 10103 9000  [2018-07-30 17:00:55 456] - Components::findComponents: find dbmgr(143)...
delay time is too long, please check the dbmgr logs!
 WARNING   loginapp-1 10103 9000  [2018-07-30 17:00:57 496] - Components::findComponents: find dbmgr(144)...
delay time is too long, please check the dbmgr logs!
 WARNING   loginapp-1 10103 9000  [2018-07-30 17:00:59 516] - Components::findComponents: find dbmgr(145)...
delay time is too long, please check the dbmgr logs!
 WARNING   loginapp-1 10103 9000  [2018-07-30 17:01:01 555] - Components::findComponents: find dbmgr(146)...
delay time is too long, please check the dbmgr logs!
 WARNING   loginapp-1 10103 9000  [2018-07-30 17:01:03 576] - Components::findComponents: find dbmgr(147)...
delay time is too long, please check the dbmgr logs!
 WARNING   loginapp-1 10103 9000  [2018-07-30 17:01:05 596] - Components::findComponents: find dbmgr(148)...
delay time is too long, please check the dbmgr logs!
 WARNING   loginapp-1 10103 9000  [2018-07-30 17:01:07 630] - Components::findComponents: find dbmgr(149)...
delay time is too long, please check the dbmgr logs!
 WARNING   loginapp-1 10103 9000  [2018-07-30 17:01:09 655] - Components::findComponents: find dbmgr(150)...
delay time is too long, please check the dbmgr logs!
 WARNING   loginapp-1 10103 9000  [2018-07-30 17:01:11 676] - Components::findComponents: find dbmgr(151)...
delay time is too long, please check the dbmgr logs!
 WARNING   loginapp-1 10103 9000  [2018-07-30 17:01:13 699] - Components::findComponents: find dbmgr(152)...
delay time is too long, please check the dbmgr logs!
 WARNING   loginapp-1 10103 9000  [2018-07-30 17:01:15 730] - Components::findComponents: find dbmgr(153)...
delay time is too long, please check the dbmgr logs!
 WARNING   loginapp-1 10103 9000  [2018-07-30 17:01:17 756] - Components::findComponents: find dbmgr(154)...
delay time is too long, please check the dbmgr logs!
 WARNING   loginapp-1 10103 9000  [2018-07-30 17:01:19 796] - Components::findComponents: find dbmgr(155)...
delay time is too long, please check the dbmgr logs!
 WARNING   loginapp-1 10103 9000  [2018-07-30 17:01:20 139] - BundleBroadcast::BundleBroadcast: Cannot bind to port 20268, errorno=10048
 WARNING   loginapp-1 10103 9000  [2018-07-30 17:01:21 156] - Components::findComponents: find dbmgr(156)...
delay time is too long, please check the dbmgr logs!
 WARNING   loginapp-1 10103 9000  [2018-07-30 17:01:23 230] - Components::findComponents: find dbmgr(157)...
delay time is too long, please check the dbmgr logs!
 WARNING   loginapp-1 10103 9000  [2018-07-30 17:01:25 255] - Components::findComponents: find dbmgr(158)...
delay time is too long, please check the dbmgr logs!
 WARNING   loginapp-1 10103 9000  [2018-07-30 17:01:27 295] - Components::findComponents: find dbmgr(159)...
delay time is too long, please check the dbmgr logs!
 WARNING   loginapp-1 10103 9000  [2018-07-30 17:01:29 315] - Components::findComponents: find dbmgr(160)...
delay time is too long, please check the dbmgr logs!
 WARNING   loginapp-1 10103 9000  [2018-07-30 17:01:31 335] - Components::findComponents: find dbmgr(161)...
delay time is too long, please check the dbmgr logs!
 WARNING   loginapp-1 10103 9000  [2018-07-30 17:01:33 375] - Components::findComponents: find dbmgr(162)...
delay time is too long, please check the dbmgr logs!
 WARNING   loginapp-1 10103 9000  [2018-07-30 17:01:35 395] - Components::findComponents: find dbmgr(163)...
delay time is too long, please check the dbmgr logs!
 WARNING   loginapp-1 10103 9000  [2018-07-30 17:01:37 429] - Components::findComponents: find dbmgr(164)...
delay time is too long, please check the dbmgr logs!
 WARNING   loginapp-1 10103 9000  [2018-07-30 17:01:39 455] - Components::findComponents: find dbmgr(165)...
delay time is too long, please check the dbmgr logs!
 WARNING   loginapp-1 10103 9000  [2018-07-30 17:01:41 475] - Components::findComponents: find dbmgr(166)...
delay time is too long, please check the dbmgr logs!
 WARNING   loginapp-1 10103 9000  [2018-07-30 17:01:43 499] - Components::findComponents: find dbmgr(167)...
delay time is too long, please check the dbmgr logs!
 WARNING   loginapp-1 10103 9000  [2018-07-30 17:01:45 530] - Components::findComponents: find dbmgr(168)...
delay time is too long, please check the dbmgr logs!
 WARNING   loginapp-1 10103 9000  [2018-07-30 17:01:47 555] - Components::findComponents: find dbmgr(169)...
delay time is too long, please check the dbmgr logs!
 WARNING   loginapp-1 10103 9000  [2018-07-30 17:01:49 595] - Components::findComponents: find dbmgr(170)...
delay time is too long, please check the dbmgr logs!
 WARNING   loginapp-1 10103 9000  [2018-07-30 17:01:51 615] - Components::findComponents: find dbmgr(171)...
delay time is too long, please check the dbmgr logs!
 WARNING   loginapp-1 10103 9000  [2018-07-30 17:01:53 635] - Components::findComponents: find dbmgr(172)...
delay time is too long, please check the dbmgr logs!
 WARNING   loginapp-1 10103 9000  [2018-07-30 17:01:55 675] - Components::findComponents: find dbmgr(173)...
delay time is too long, please check the dbmgr logs!
 WARNING   loginapp-1 10103 9000  [2018-07-30 17:01:57 695] - Components::findComponents: find dbmgr(174)...
delay time is too long, please check the dbmgr logs!
 WARNING   loginapp-1 10103 9000  [2018-07-30 17:01:59 730] - Components::findComponents: find dbmgr(175)...
delay time is too long, please check the dbmgr logs!
 WARNING   loginapp-1 10103 9000  [2018-07-30 17:02:01 755] - Components::findComponents: find dbmgr(176)...
delay time is too long, please check the dbmgr logs!
 WARNING   loginapp-1 10103 9000  [2018-07-30 17:02:03 775] - Components::findComponents: find dbmgr(177)...
delay time is too long, please check the dbmgr logs!
 WARNING   loginapp-1 10103 9000  [2018-07-30 17:02:05 814] - Components::findComponents: find dbmgr(178)...
delay time is too long, please check the dbmgr logs!
 WARNING   loginapp-1 10103 9000  [2018-07-30 17:02:07 830] - Components::findComponents: find dbmgr(179)...
delay time is too long, please check the dbmgr logs!
 WARNING   loginapp-1 10103 9000  [2018-07-30 17:02:09 874] - Components::findComponents: find dbmgr(180)...
delay time is too long, please check the dbmgr logs!
 WARNING   loginapp-1 10103 9000  [2018-07-30 17:02:11 994] - Components::findComponents: find dbmgr(181)...
delay time is too long, please check the dbmgr logs!
 WARNING   loginapp-1 10103 9000  [2018-07-30 17:02:12 340] - BundleBroadcast::BundleBroadcast: Cannot bind to port 20852, errorno=10048
 WARNING   loginapp-1 10103 9000  [2018-07-30 17:02:13 354] - Components::findComponents: find dbmgr(182)...
delay time is too long, please check the dbmgr logs!
 WARNING   loginapp-1 10103 9000  [2018-07-30 17:02:15 429] - Components::findComponents: find dbmgr(183)...
delay time is too long, please check the dbmgr logs!
 WARNING   loginapp-1 10103 9000  [2018-07-30 17:02:17 455] - Components::findComponents: find dbmgr(184)...
delay time is too long, please check the dbmgr logs!
 WARNING   loginapp-1 10103 9000  [2018-07-30 17:02:19 494] - Components::findComponents: find dbmgr(185)...
delay time is too long, please check the dbmgr logs!
 WARNING   loginapp-1 10103 9000  [2018-07-30 17:02:21 514] - Components::findComponents: find dbmgr(186)...
delay time is too long, please check the dbmgr logs!
 WARNING   loginapp-1 10103 9000  [2018-07-30 17:02:23 554] - Components::findComponents: find dbmgr(187)...
delay time is too long, please check the dbmgr logs!
 WARNING   loginapp-1 10103 9000  [2018-07-30 17:02:25 574] - Components::findComponents: find dbmgr(188)...
delay time is too long, please check the dbmgr logs!
 WARNING   loginapp-1 10103 9000  [2018-07-30 17:02:27 594] - Components::findComponents: find dbmgr(189)...
delay time is too long, please check the dbmgr logs!
 WARNING   loginapp-1 10103 9000  [2018-07-30 17:02:29 629] - Components::findComponents: find dbmgr(190)...
delay time is too long, please check the dbmgr logs!
 WARNING   loginapp-1 10103 9000  [2018-07-30 17:02:31 654] - Components::findComponents: find dbmgr(191)...
delay time is too long, please check the dbmgr logs!
 WARNING   loginapp-1 10103 9000  [2018-07-30 17:02:33 693] - Components::findComponents: find dbmgr(192)...
delay time is too long, please check the dbmgr logs!
 WARNING   loginapp-1 10103 9000  [2018-07-30 17:02:35 714] - Components::findComponents: find dbmgr(193)...
delay time is too long, please check the dbmgr logs!
 WARNING   loginapp-1 10103 9000  [2018-07-30 17:02:37 734] - Components::findComponents: find dbmgr(194)...
delay time is too long, please check the dbmgr logs!
 WARNING   loginapp-1 10103 9000  [2018-07-30 17:02:39 773] - Components::findComponents: find dbmgr(195)...
delay time is too long, please check the dbmgr logs!
 WARNING   loginapp-1 10103 9000  [2018-07-30 17:02:41 793] - Components::findComponents: find dbmgr(196)...
delay time is too long, please check the dbmgr logs!
 WARNING   loginapp-1 10103 9000  [2018-07-30 17:02:43 814] - Components::findComponents: find dbmgr(197)...
delay time is too long, please check the dbmgr logs!
 WARNING   loginapp-1 10103 9000  [2018-07-30 17:02:45 853] - Components::findComponents: find dbmgr(198)...
delay time is too long, please check the dbmgr logs!
 WARNING   loginapp-1 10103 9000  [2018-07-30 17:02:47 873] - Components::findComponents: find dbmgr(199)...
delay time is too long, please check the dbmgr logs!
 WARNING   loginapp-1 10103 9000  [2018-07-30 17:02:49 893] - Components::findComponents: find dbmgr(200)...
delay time is too long, please check the dbmgr logs!
 WARNING   loginapp-1 10103 9000  [2018-07-30 17:02:51 929] - Components::findComponents: find dbmgr(201)...
delay time is too long, please check the dbmgr logs!
 WARNING   loginapp-1 10103 9000  [2018-07-30 17:02:53 954] - Components::findComponents: find dbmgr(202)...
delay time is too long, please check the dbmgr logs!
 WARNING   loginapp-1 10103 9000  [2018-07-30 17:02:55 973] - Components::findComponents: find dbmgr(203)...
delay time is too long, please check the dbmgr logs!
 WARNING   loginapp-1 10103 9000  [2018-07-30 17:02:58 014] - Components::findComponents: find dbmgr(204)...
delay time is too long, please check the dbmgr logs!
 WARNING   loginapp-1 10103 9000  [2018-07-30 17:03:00 029] - Components::findComponents: find dbmgr(205)...
delay time is too long, please check the dbmgr logs!
 WARNING   loginapp-1 10103 9000  [2018-07-30 17:03:02 073] - Components::findComponents: find dbmgr(206)...
delay time is too long, please check the dbmgr logs!
 WARNING   loginapp-1 10103 9000  [2018-07-30 17:03:04 093] - Components::findComponents: find dbmgr(207)...
delay time is too long, please check the dbmgr logs!
 WARNING   loginapp-1 10103 9000  [2018-07-30 17:03:06 113] - Components::findComponents: find dbmgr(208)...
delay time is too long, please check the dbmgr logs!
 WARNING   loginapp-1 10103 9000  [2018-07-30 17:03:08 153] - Components::findComponents: find dbmgr(209)...
delay time is too long, please check the dbmgr logs!
 WARNING   loginapp-1 10103 9000  [2018-07-30 17:03:10 173] - Components::findComponents: find dbmgr(210)...
delay time is too long, please check the dbmgr logs!
 WARNING   loginapp-1 10103 9000  [2018-07-30 17:03:12 193] - Components::findComponents: find dbmgr(211)...
delay time is too long, please check the dbmgr logs!
 WARNING   loginapp-1 10103 9000  [2018-07-30 17:03:14 229] - Components::findComponents: find dbmgr(212)...
delay time is too long, please check the dbmgr logs!
 WARNING   loginapp-1 10103 9000  [2018-07-30 17:03:16 253] - Components::findComponents: find dbmgr(213)...
delay time is too long, please check the dbmgr logs!
 WARNING   loginapp-1 10103 9000  [2018-07-30 17:03:18 273] - Components::findComponents: find dbmgr(214)...
delay time is too long, please check the dbmgr logs!
 WARNING   loginapp-1 10103 9000  [2018-07-30 17:03:20 298] - Components::findComponents: find dbmgr(215)...
delay time is too long, please check the dbmgr logs!
 WARNING   loginapp-1 10103 9000  [2018-07-30 17:03:22 329] - Components::findComponents: find dbmgr(216)...
delay time is too long, please check the dbmgr logs!
 WARNING   loginapp-1 10103 9000  [2018-07-30 17:03:24 353] - Components::findComponents: find dbmgr(217)...
delay time is too long, please check the dbmgr logs!
 WARNING   loginapp-1 10103 9000  [2018-07-30 17:03:26 393] - Components::findComponents: find dbmgr(218)...
delay time is too long, please check the dbmgr logs!
 WARNING   loginapp-1 10103 9000  [2018-07-30 17:03:28 413] - Components::findComponents: find dbmgr(219)...
delay time is too long, please check the dbmgr logs!
 WARNING   loginapp-1 10103 9000  [2018-07-30 17:03:30 433] - Components::findComponents: find dbmgr(220)...
delay time is too long, please check the dbmgr logs!
 WARNING   loginapp-1 10103 9000  [2018-07-30 17:03:32 473] - Components::findComponents: find dbmgr(221)...
delay time is too long, please check the dbmgr logs!
 WARNING   loginapp-1 10103 9000  [2018-07-30 17:03:34 493] - Components::findComponents: find dbmgr(222)...
delay time is too long, please check the dbmgr logs!
 WARNING   loginapp-1 10103 9000  [2018-07-30 17:03:36 528] - Components::findComponents: find dbmgr(223)...
delay time is too long, please check the dbmgr logs!
 WARNING   loginapp-1 10103 9000  [2018-07-30 17:03:38 553] - Components::findComponents: find dbmgr(224)...
delay time is too long, please check the dbmgr logs!
 WARNING   loginapp-1 10103 9000  [2018-07-30 17:03:40 573] - Components::findComponents: find dbmgr(225)...
delay time is too long, please check the dbmgr logs!
 WARNING   loginapp-1 10103 9000  [2018-07-30 17:03:42 598] - Components::findComponents: find dbmgr(226)...
delay time is too long, please check the dbmgr logs!
 WARNING   loginapp-1 10103 9000  [2018-07-30 17:03:42 933] - BundleBroadcast::BundleBroadcast: Cannot bind to port 20831, errorno=10048
 WARNING   loginapp-1 10103 9000  [2018-07-30 17:03:43 953] - Components::findComponents: find dbmgr(227)...
delay time is too long, please check the dbmgr logs!
 WARNING   loginapp-1 10103 9000  [2018-07-30 17:03:46 052] - Components::findComponents: find dbmgr(228)...
delay time is too long, please check the dbmgr logs!
 WARNING   loginapp-1 10103 9000  [2018-07-30 17:03:46 389] - BundleBroadcast::BundleBroadcast: Cannot bind to port 20107, errorno=10048
 WARNING   loginapp-1 10103 9000  [2018-07-30 17:03:47 392] - Components::findComponents: find dbmgr(229)...
delay time is too long, please check the dbmgr logs!
 WARNING   loginapp-1 10103 9000  [2018-07-30 17:03:49 492] - Components::findComponents: find dbmgr(230)...
delay time is too long, please check the dbmgr logs!
 WARNING   loginapp-1 10103 9000  [2018-07-30 17:03:51 529] - Components::findComponents: find dbmgr(231)...
delay time is too long, please check the dbmgr logs!
 WARNING   loginapp-1 10103 9000  [2018-07-30 17:03:53 553] - Components::findComponents: find dbmgr(232)...
delay time is too long, please check the dbmgr logs!
 WARNING   loginapp-1 10103 9000  [2018-07-30 17:03:55 572] - Components::findComponents: find dbmgr(233)...
delay time is too long, please check the dbmgr logs!
 WARNING   loginapp-1 10103 9000  [2018-07-30 17:03:57 598] - Components::findComponents: find dbmgr(234)...
delay time is too long, please check the dbmgr logs!
 WARNING   loginapp-1 10103 9000  [2018-07-30 17:03:59 629] - Components::findComponents: find dbmgr(235)...
delay time is too long, please check the dbmgr logs!
 WARNING   loginapp-1 10103 9000  [2018-07-30 17:04:01 672] - Components::findComponents: find dbmgr(236)...
delay time is too long, please check the dbmgr logs!
 WARNING   loginapp-1 10103 9000  [2018-07-30 17:04:03 692] - Components::findComponents: find dbmgr(237)...
delay time is too long, please check the dbmgr logs!
 WARNING   loginapp-1 10103 9000  [2018-07-30 17:04:05 712] - Components::findComponents: find dbmgr(238)...
delay time is too long, please check the dbmgr logs!
 WARNING   loginapp-1 10103 9000  [2018-07-30 17:04:07 752] - Components::findComponents: find dbmgr(239)...
delay time is too long, please check the dbmgr logs!
 WARNING   loginapp-1 10103 9000  [2018-07-30 17:04:09 771] - Components::findComponents: find dbmgr(240)...
delay time is too long, please check the dbmgr logs!
 WARNING   loginapp-1 10103 9000  [2018-07-30 17:04:11 798] - Components::findComponents: find dbmgr(241)...
delay time is too long, please check the dbmgr logs!
 WARNING   loginapp-1 10103 9000  [2018-07-30 17:04:12 134] - BundleBroadcast::BundleBroadcast: Cannot bind to port 20892, errorno=10048
 WARNING   loginapp-1 10103 9000  [2018-07-30 17:04:13 152] - Components::findComponents: find dbmgr(242)...
delay time is too long, please check the dbmgr logs!
 WARNING   loginapp-1 10103 9000  [2018-07-30 17:04:15 252] - Components::findComponents: find dbmgr(243)...
delay time is too long, please check the dbmgr logs!
 WARNING   loginapp-1 10103 9000  [2018-07-30 17:04:17 292] - Components::findComponents: find dbmgr(244)...
delay time is too long, please check the dbmgr logs!
 WARNING   loginapp-1 10103 9000  [2018-07-30 17:04:19 312] - Components::findComponents: find dbmgr(245)...
delay time is too long, please check the dbmgr logs!
 WARNING   loginapp-1 10103 9000  [2018-07-30 17:04:21 372] - Components::findComponents: find dbmgr(246)...
delay time is too long, please check the dbmgr logs!
 WARNING   loginapp-1 10103 9000  [2018-07-30 17:04:23 397] - Components::findComponents: find dbmgr(247)...
delay time is too long, please check the dbmgr logs!
