    INFO      dbmgr-1 10103 4000  [2018-04-30 18:11:11 225] - -----------------------------------------------------------------------------------------


    INFO      dbmgr-1 10103 4000  [2018-04-30 18:11:11 227] - Resmgr::initialize: KBE_ROOT=D:/kbengine/
    INFO      dbmgr-1 10103 4000  [2018-04-30 18:11:11 227] - Resmgr::initialize: KBE_RES_PATH=D:/kbengine/kbe/res/;D:/kbengine/assets/;D:/kbengine/assets/scripts/;D:/kbengine/assets/res/
    INFO      dbmgr-1 10103 4000  [2018-04-30 18:11:11 227] - Resmgr::initialize: KBE_BIN_PATH=D:/kbengine/kbe/bin/server/
    INFO      dbmgr-1 10103 4000  [2018-04-30 18:11:11 233] - NetworkInterface::initialize(INTERNAL): bound to all interfaces with default route interface on 10.1.9.9 ( 10.1.9.9:21881 )
    INFO      dbmgr-1 10103 4000  [2018-04-30 18:11:11 234] - NetworkInterface::initialize(INTERNAL): address 10.1.9.9:21881, SOMAXCONN=5.
    INFO      dbmgr-1 10103 4000  [2018-04-30 18:11:11 234] - server-configs:
    INFO      dbmgr-1 10103 4000  [2018-04-30 18:11:11 234] - 	internalAddr : 10.1.9.9:21881
    INFO      dbmgr-1 10103 4000  [2018-04-30 18:11:11 234] - 	componentID : 4000
    INFO      dbmgr-1 10103 4000  [2018-04-30 18:11:11 252] - Components::findLogger: found logger, addr:10.1.9.9:21869
    INFO      dbmgr-1 10103 4000  [2018-04-30 18:11:11 252] - Components::addComponent: reset orderLog, uid=10103!
    INFO      dbmgr-1 10103 4000  [2018-04-30 18:11:11 252] - Components::addComponent[logger], uid=10103, componentID=2000, globalorderid=1, grouporderid=1, totalcount=1
    INFO      dbmgr-1 10103 4000  [2018-04-30 18:11:11 261] - ---- dbmgr Version: 2.0.0. ScriptVersion: 0.1.0. Protocol: F28F1C37BCC70CD27B77841D4A30E3D7. Config: Debug X86. Built: 16:26:54 Apr 30 2018. AppID: 4000. UID: 10103. PID: 12332 ----
    INFO      dbmgr-1 10103 4000  [2018-04-30 18:11:11 261] - Server : Intel(R) Core(TM) i7-6700HQ CPU @ 2.60GHz with 2097151kB RAM
    INFO      dbmgr-1 10103 4000  [2018-04-30 18:11:11 262] - ThreadPool::createThreadPool: creating  threadpool...
    INFO      dbmgr-1 10103 4000  [2018-04-30 18:11:11 263] - ThreadPool::createThreadPool: successfully(2), newThreadCount=1, normalMaxThreadCount=2, maxThreadCount=8
   DEBUG      dbmgr-1 10103 4000  [2018-04-30 18:11:11 405] - Script::install_py_dlls(): PyInit_pyexpat
   DEBUG      dbmgr-1 10103 4000  [2018-04-30 18:11:11 405] - Script::install_py_dlls(): PyInit__socket
   DEBUG      dbmgr-1 10103 4000  [2018-04-30 18:11:11 406] - Script::install_py_dlls(): PyInit__ssl
   DEBUG      dbmgr-1 10103 4000  [2018-04-30 18:11:11 409] - Script::install_py_dlls(): PyInit__hashlib
   DEBUG      dbmgr-1 10103 4000  [2018-04-30 18:11:11 410] - Script::install_py_dlls(): PyInit_select
   DEBUG      dbmgr-1 10103 4000  [2018-04-30 18:11:11 410] - Script::install_py_dlls(): PyInit__ctypes
   DEBUG      dbmgr-1 10103 4000  [2018-04-30 18:11:11 411] - Script::install_py_dlls(): PyInit__elementtree
   DEBUG      dbmgr-1 10103 4000  [2018-04-30 18:11:11 455] - Script::install_py_dlls(): PyInit_unicodedata
    INFO      dbmgr-1 10103 4000  [2018-04-30 18:11:11 497] - Script::install(): is successfully, Python=(3.4.2 (default, Apr 30 2018, 16:26:41) [MSC v.1900 32 bit (Intel)])!
    INFO      dbmgr-1 10103 4000  [2018-04-30 18:11:11 497] - Script::install(): KBExtra is successfully!
    INFO      dbmgr-1 10103 4000  [2018-04-30 18:11:11 510] - Dbmgr::initializeEnd: digest(363BB7D9C7C9010E5779213C13D38542)
  S_INFO      dbmgr-1 10103 4000  [2018-04-30 18:11:11 510] - onDBMgrReady: bootstrapGroupIndex=0, bootstrapGlobalIndex=0
    INFO      dbmgr-1 10103 4000  [2018-04-30 18:11:11 511] - TelnetServer server is running on port 32000
    INFO      dbmgr-1 10103 4000  [2018-04-30 18:11:11 511] - Dbmgr::initInterfacesHandler: interfaces addr(127.0.0.1:30099), accountType:(interfaces), chargeType:(interfaces).
 WARNING      dbmgr-1 10103 4000  [2018-04-30 18:11:11 731] - DBUtil::initialize: db(default) password is not encrypted!
please use password(rsa):
57A95FCC06FE49147CAAD9A05BD0BCED49C0DD8BEEFA21148E38095129145A7E90723ED41C6F12E606791E435E9B57F4B7685833BB0EA3EA0D68D519F4301D8C6C2B11F5B9C04254E3299D5130EBC02FA2E6FB1B755FB2B8D36686584DC84B17F66E34244AF4651EFF50EDBDCCEC24B2306FA6AC9616F6A23BA7F3377FBDBD74
   DEBUG      dbmgr-1 10103 4000  [2018-04-30 18:11:11 738] - DBInterfaceMysql::attach: connect: localhost:3306 starting...
   ERROR      dbmgr-1 10103 4000  [2018-04-30 18:11:11 747] - DBInterfaceMysql::attach: mysql_errno=1045, mysql_error=Access denied for user 'kbe'@'localhost' (using password: YES)
   ERROR      dbmgr-1 10103 4000  [2018-04-30 18:11:11 749] - DBUtil::createInterface: attach to database failed!
	dbinterface=0x93ef30
	args=interface=default, dbtype=mysql, ip=localhost, port=3306, currdatabase=kbe, username=kbe, connected=no.

   ERROR      dbmgr-1 10103 4000  [2018-04-30 18:11:11 749] - Dbmgr::initDB(): can't create dbInterface!
 WARNING      dbmgr-1 10103 4000  [2018-04-30 18:11:11 749] - dbmgr.cpp:275: Profile scriptCall took 0.24 seconds
   ERROR      dbmgr-1 10103 4000  [2018-04-30 18:11:11 750] - app::initialize(): initialization failed!
   DEBUG      dbmgr-1 10103 4000  [2018-04-30 18:11:11 750] - ThreadPool::destroy(): starting size 0.
   DEBUG      dbmgr-1 10103 4000  [2018-04-30 18:11:12 151] - ThreadPool::destroy(): successfully!
   DEBUG      dbmgr-1 10103 4000  [2018-04-30 18:11:12 151] - Script::uninstall_py_dlls(): PyInit_pyexpat
   DEBUG      dbmgr-1 10103 4000  [2018-04-30 18:11:12 151] - Script::uninstall_py_dlls(): PyInit__socket
   DEBUG      dbmgr-1 10103 4000  [2018-04-30 18:11:12 151] - Script::uninstall_py_dlls(): PyInit__ssl
   DEBUG      dbmgr-1 10103 4000  [2018-04-30 18:11:12 151] - Script::uninstall_py_dlls(): PyInit__hashlib
   DEBUG      dbmgr-1 10103 4000  [2018-04-30 18:11:12 151] - Script::uninstall_py_dlls(): PyInit_select
   DEBUG      dbmgr-1 10103 4000  [2018-04-30 18:11:12 151] - Script::uninstall_py_dlls(): PyInit__ctypes
   DEBUG      dbmgr-1 10103 4000  [2018-04-30 18:11:12 152] - Script::uninstall_py_dlls(): PyInit__elementtree
   DEBUG      dbmgr-1 10103 4000  [2018-04-30 18:11:12 152] - Script::uninstall_py_dlls(): PyInit_unicodedata
    INFO      dbmgr-1 10103 4000  [2018-04-30 18:11:12 160] - Script::uninstall(): is successfully!
   DEBUG      dbmgr-1 10103 4000  [2018-04-30 18:11:12 160] - ThreadPool::destroy(): starting size 2.
 WARNING      dbmgr-1 10103 4000  [2018-04-30 18:11:12 461] - ThreadPool::destroy(): waiting for thread(2)[0x9e32e0,0x9e33b0,], try=1
   DEBUG      dbmgr-1 10103 4000  [2018-04-30 18:11:12 862] - TPThread::~TPThread(): 0x9e32e0
   DEBUG      dbmgr-1 10103 4000  [2018-04-30 18:11:12 862] - TPThread::~TPThread(): 0x9e33b0
   DEBUG      dbmgr-1 10103 4000  [2018-04-30 18:11:12 862] - ThreadPool::destroy(): successfully!
   DEBUG      dbmgr-1 10103 4000  [2018-04-30 18:11:12 862] - Bundle::destroyObjPool(): size 11.
   DEBUG      dbmgr-1 10103 4000  [2018-04-30 18:11:12 862] - Channel::destroyObjPool(): size 14.
   DEBUG      dbmgr-1 10103 4000  [2018-04-30 18:11:12 863] - TCPPacket::destroyObjPool(): size 0.
   DEBUG      dbmgr-1 10103 4000  [2018-04-30 18:11:12 863] - UDPPacket::destroyObjPool(): size 14.
   DEBUG      dbmgr-1 10103 4000  [2018-04-30 18:11:12 863] - EndPoint::destroyObjPool(): size 14.
   DEBUG      dbmgr-1 10103 4000  [2018-04-30 18:11:12 863] - Address::destroyObjPool(): size 0.
   DEBUG      dbmgr-1 10103 4000  [2018-04-30 18:11:12 863] - TCPPacketReceiver::destroyObjPool(): size 0.
   DEBUG      dbmgr-1 10103 4000  [2018-04-30 18:11:12 863] - UDPPacketReceiver::destroyObjPool(): size 0.
    INFO      dbmgr-1 10103 4000  [2018-04-30 18:15:56 122] - -----------------------------------------------------------------------------------------


    INFO      dbmgr-1 10103 4000  [2018-04-30 18:15:56 123] - Resmgr::initialize: KBE_ROOT=D:/kbengine/
    INFO      dbmgr-1 10103 4000  [2018-04-30 18:15:56 123] - Resmgr::initialize: KBE_RES_PATH=D:/kbengine/kbe/res/;D:/kbengine/assets/;D:/kbengine/assets/scripts/;D:/kbengine/assets/res/
    INFO      dbmgr-1 10103 4000  [2018-04-30 18:15:56 124] - Resmgr::initialize: KBE_BIN_PATH=D:/kbengine/kbe/bin/server/
    INFO      dbmgr-1 10103 4000  [2018-04-30 18:15:56 129] - NetworkInterface::initialize(INTERNAL): bound to all interfaces with default route interface on 10.1.9.9 ( 10.1.9.9:22076 )
    INFO      dbmgr-1 10103 4000  [2018-04-30 18:15:56 130] - NetworkInterface::initialize(INTERNAL): address 10.1.9.9:22076, SOMAXCONN=5.
    INFO      dbmgr-1 10103 4000  [2018-04-30 18:15:56 130] - server-configs:
    INFO      dbmgr-1 10103 4000  [2018-04-30 18:15:56 130] - 	internalAddr : 10.1.9.9:22076
    INFO      dbmgr-1 10103 4000  [2018-04-30 18:15:56 130] - 	componentID : 4000
    INFO      dbmgr-1 10103 4000  [2018-04-30 18:15:56 201] - Components::findLogger: found logger, addr:10.1.9.9:22074
    INFO      dbmgr-1 10103 4000  [2018-04-30 18:15:56 202] - Components::addComponent: reset orderLog, uid=10103!
    INFO      dbmgr-1 10103 4000  [2018-04-30 18:15:56 202] - Components::addComponent[logger], uid=10103, componentID=2000, globalorderid=1, grouporderid=1, totalcount=1
    INFO      dbmgr-1 10103 4000  [2018-04-30 18:15:56 213] - ---- dbmgr Version: 2.0.0. ScriptVersion: 0.1.0. Protocol: F28F1C37BCC70CD27B77841D4A30E3D7. Config: Debug X86. Built: 16:26:54 Apr 30 2018. AppID: 4000. UID: 10103. PID: 14116 ----
    INFO      dbmgr-1 10103 4000  [2018-04-30 18:15:56 216] - Server : Intel(R) Core(TM) i7-6700HQ CPU @ 2.60GHz with 2097151kB RAM
    INFO      dbmgr-1 10103 4000  [2018-04-30 18:15:56 216] - ThreadPool::createThreadPool: creating  threadpool...
    INFO      dbmgr-1 10103 4000  [2018-04-30 18:15:56 217] - ThreadPool::createThreadPool: successfully(2), newThreadCount=1, normalMaxThreadCount=2, maxThreadCount=8
   DEBUG      dbmgr-1 10103 4000  [2018-04-30 18:15:56 398] - Script::install_py_dlls(): PyInit_pyexpat
   DEBUG      dbmgr-1 10103 4000  [2018-04-30 18:15:56 399] - Script::install_py_dlls(): PyInit__socket
   DEBUG      dbmgr-1 10103 4000  [2018-04-30 18:15:56 400] - Script::install_py_dlls(): PyInit__ssl
   DEBUG      dbmgr-1 10103 4000  [2018-04-30 18:15:56 406] - Script::install_py_dlls(): PyInit__hashlib
   DEBUG      dbmgr-1 10103 4000  [2018-04-30 18:15:56 407] - Script::install_py_dlls(): PyInit_select
   DEBUG      dbmgr-1 10103 4000  [2018-04-30 18:15:56 407] - Script::install_py_dlls(): PyInit__ctypes
   DEBUG      dbmgr-1 10103 4000  [2018-04-30 18:15:56 408] - Script::install_py_dlls(): PyInit__elementtree
   DEBUG      dbmgr-1 10103 4000  [2018-04-30 18:15:56 465] - Script::install_py_dlls(): PyInit_unicodedata
    INFO      dbmgr-1 10103 4000  [2018-04-30 18:15:56 523] - Script::install(): is successfully, Python=(3.4.2 (default, Apr 30 2018, 16:26:41) [MSC v.1900 32 bit (Intel)])!
    INFO      dbmgr-1 10103 4000  [2018-04-30 18:15:56 523] - Script::install(): KBExtra is successfully!
    INFO      dbmgr-1 10103 4000  [2018-04-30 18:15:56 531] - Dbmgr::initializeEnd: digest(363BB7D9C7C9010E5779213C13D38542)
  S_INFO      dbmgr-1 10103 4000  [2018-04-30 18:15:56 531] - onDBMgrReady: bootstrapGroupIndex=0, bootstrapGlobalIndex=0
    INFO      dbmgr-1 10103 4000  [2018-04-30 18:15:56 532] - TelnetServer server is running on port 32000
    INFO      dbmgr-1 10103 4000  [2018-04-30 18:15:56 532] - Dbmgr::initInterfacesHandler: interfaces addr(127.0.0.1:30099), accountType:(interfaces), chargeType:(interfaces).
 WARNING      dbmgr-1 10103 4000  [2018-04-30 18:15:56 911] - DBUtil::initialize: db(default) password is not encrypted!
please use password(rsa):
BFF170632E93439793347E8580C23EA03A841A907693EF2060CC487104AC91A561BC75E4009819730E9274526A31E142C2F91E66B61A5AF8B2E3117FB9DAE2CD25F37BF98670D61DC780C4309107A9D11390037FC20201507A978F343D9B3C94C3B25848BE68B8722C73C6292CEDB3C4FB60ADED9E33054B8B7BAA4874768F97
   DEBUG      dbmgr-1 10103 4000  [2018-04-30 18:15:56 915] - DBInterfaceMysql::attach: connect: localhost:3306 starting...
   DEBUG      dbmgr-1 10103 4000  [2018-04-30 18:15:56 923] - DBInterfaceMysql::attach: successfully! addr: localhost:3306
    INFO      dbmgr-1 10103 4000  [2018-04-30 18:15:56 923] - DBUtil::createInterface[0x4fed98]: interface=default, dbtype=mysql, ip=localhost, port=3306, currdatabase=kbe, username=root, connected=yes.

    INFO      dbmgr-1 10103 4000  [2018-04-30 18:15:56 923] - ThreadPool::createThreadPool: creating  threadpool...
    INFO      dbmgr-1 10103 4000  [2018-04-30 18:15:56 924] - ThreadPool::createThreadPool: successfully(5), newThreadCount=5, normalMaxThreadCount=5, maxThreadCount=5
    INFO      dbmgr-1 10103 4000  [2018-04-30 18:15:57 029] - DBInterfaceMysql::query: successfully!
    INFO      dbmgr-1 10103 4000  [2018-04-30 18:15:57 033] - DBInterfaceMysql::query: successfully!
 WARNING      dbmgr-1 10103 4000  [2018-04-30 18:15:57 034] - DBInterfaceMysql::checkErrors: not found Account table, reset kbe_* table...
 WARNING      dbmgr-1 10103 4000  [2018-04-30 18:15:57 080] - DBInterfaceMysql::checkErrors: reset kbe_* table end!
   DEBUG      dbmgr-1 10103 4000  [2018-04-30 18:15:57 350] - DBInterfaceMysql::dropEntityTableFromDB: tbl_Avatar.
    INFO      dbmgr-1 10103 4000  [2018-04-30 18:15:57 378] - DBInterfaceMysql::query: successfully!
   DEBUG      dbmgr-1 10103 4000  [2018-04-30 18:15:57 378] - DBInterfaceMysql::dropEntityTableFromDB: tbl_Food.
    INFO      dbmgr-1 10103 4000  [2018-04-30 18:15:57 399] - DBInterfaceMysql::query: successfully!
   DEBUG      dbmgr-1 10103 4000  [2018-04-30 18:15:57 399] - DBInterfaceMysql::dropEntityTableFromDB: tbl_Halls.
    INFO      dbmgr-1 10103 4000  [2018-04-30 18:15:57 420] - DBInterfaceMysql::query: successfully!
   DEBUG      dbmgr-1 10103 4000  [2018-04-30 18:15:57 420] - DBInterfaceMysql::dropEntityTableFromDB: tbl_Room.
    INFO      dbmgr-1 10103 4000  [2018-04-30 18:15:57 441] - DBInterfaceMysql::query: successfully!
   DEBUG      dbmgr-1 10103 4000  [2018-04-30 18:15:57 441] - DBInterfaceMysql::dropEntityTableFromDB: tbl_Smash.
    INFO      dbmgr-1 10103 4000  [2018-04-30 18:15:57 463] - DBInterfaceMysql::query: successfully!
 WARNING      dbmgr-1 10103 4000  [2018-04-30 18:15:57 463] - dbmgr.cpp:275: Profile scriptCall took 0.93 seconds
    INFO      dbmgr-1 10103 4000  [2018-04-30 18:15:58 003] - ---- dbmgr is running ----
   DEBUG      dbmgr-1 10103 4000  [2018-04-30 18:15:58 004] - Components::process(): Request for the process of identity...
   DEBUG      dbmgr-1 10103 4000  [2018-04-30 18:15:56 924] - DBInterfaceMysql::attach: connect: localhost:3306 starting...
   DEBUG      dbmgr-1 10103 4000  [2018-04-30 18:15:56 924] - DBInterfaceMysql::attach: connect: localhost:3306 starting...
   DEBUG      dbmgr-1 10103 4000  [2018-04-30 18:15:56 924] - DBInterfaceMysql::attach: connect: localhost:3306 starting...
   DEBUG      dbmgr-1 10103 4000  [2018-04-30 18:15:56 926] - DBInterfaceMysql::attach: connect: localhost:3306 starting...
   DEBUG      dbmgr-1 10103 4000  [2018-04-30 18:15:56 928] - DBInterfaceMysql::attach: connect: localhost:3306 starting...
   DEBUG      dbmgr-1 10103 4000  [2018-04-30 18:15:56 929] - DBInterfaceMysql::attach: successfully! addr: localhost:3306
   DEBUG      dbmgr-1 10103 4000  [2018-04-30 18:15:56 929] - DBThread::onStart(): 0x8161a8!
   DEBUG      dbmgr-1 10103 4000  [2018-04-30 18:15:56 933] - DBInterfaceMysql::attach: successfully! addr: localhost:3306
   DEBUG      dbmgr-1 10103 4000  [2018-04-30 18:15:56 933] - DBThread::onStart(): 0x816010!
   DEBUG      dbmgr-1 10103 4000  [2018-04-30 18:15:56 933] - DBInterfaceMysql::attach: successfully! addr: localhost:3306
   DEBUG      dbmgr-1 10103 4000  [2018-04-30 18:15:56 934] - DBThread::onStart(): 0x816230!
   DEBUG      dbmgr-1 10103 4000  [2018-04-30 18:15:56 934] - DBInterfaceMysql::attach: successfully! addr: localhost:3306
   DEBUG      dbmgr-1 10103 4000  [2018-04-30 18:15:56 934] - DBThread::onStart(): 0x816560!
   DEBUG      dbmgr-1 10103 4000  [2018-04-30 18:15:56 935] - DBInterfaceMysql::attach: successfully! addr: localhost:3306
   DEBUG      dbmgr-1 10103 4000  [2018-04-30 18:15:56 935] - DBThread::onStart(): 0x816098!
    INFO      dbmgr-1 10103 4000  [2018-04-30 18:15:57 104] - DBInterfaceMysql::query: successfully!
    INFO      dbmgr-1 10103 4000  [2018-04-30 18:15:57 104] - DBInterfaceMysql::query: successfully!
    INFO      dbmgr-1 10103 4000  [2018-04-30 18:15:57 162] - DBInterfaceMysql::query: successfully!
    INFO      dbmgr-1 10103 4000  [2018-04-30 18:15:57 213] - DBInterfaceMysql::query: successfully!
    INFO      dbmgr-1 10103 4000  [2018-04-30 18:15:57 213] - DBInterfaceMysql::query: successfully!
    INFO      dbmgr-1 10103 4000  [2018-04-30 18:15:57 224] - DBInterfaceMysql::query: successfully!
   DEBUG      dbmgr-1 10103 4000  [2018-04-30 18:15:57 224] - syncToDB(): Account->sm_autoLoad(tinyint not null DEFAULT 0).
    INFO      dbmgr-1 10103 4000  [2018-04-30 18:15:57 225] - DBInterfaceMysql::query: successfully!
    INFO      dbmgr-1 10103 4000  [2018-04-30 18:15:57 225] - DBInterfaceMysql::query: successfully!
    INFO      dbmgr-1 10103 4000  [2018-04-30 18:15:57 326] - DBInterfaceMysql::query: successfully!
 WARNING      dbmgr-1 10103 4000  [2018-04-30 18:15:57 327] - DBTask::process(): took 0.24 seconds
sql:(show index from tbl_Account)
    INFO      dbmgr-1 10103 4000  [2018-04-30 18:16:05 324] - Components::process(): Found all the components!
    INFO      dbmgr-1 10103 4000  [2018-04-30 18:16:08 311] - ServerApp::onRegisterNewApp: uid:10103, username:, componentType:baseappmgr, componentID:5000, globalorderID=-1, grouporderID=-1, intaddr:10.1.9.9, intport:22077, extaddr:nonsupport, extport:0,  from 10.1.9.9:22110/0/0/0.
    INFO      dbmgr-1 10103 4000  [2018-04-30 18:16:08 311] - Components::addComponent: reset orderLog, uid=10103!
    INFO      dbmgr-1 10103 4000  [2018-04-30 18:16:08 311] - Components::addComponent[baseappmgr], uid=10103, componentID=5000, globalorderid=1, grouporderid=1, totalcount=1
    INFO      dbmgr-1 10103 4000  [2018-04-30 18:16:08 432] - ServerApp::onRegisterNewApp: uid:10103, username:, componentType:cellappmgr, componentID:6000, globalorderID=-1, grouporderID=-1, intaddr:10.1.9.9, intport:22080, extaddr:nonsupport, extport:0,  from 10.1.9.9:22112/0/0/0.
    INFO      dbmgr-1 10103 4000  [2018-04-30 18:16:08 432] - Components::addComponent[cellappmgr], uid=10103, componentID=6000, globalorderid=2, grouporderid=1, totalcount=1
    INFO      dbmgr-1 10103 4000  [2018-04-30 18:16:11 811] - ServerApp::onRegisterNewApp: uid:10103, username:, componentType:cellapp, componentID:8001, globalorderID=-1, grouporderID=-1, intaddr:10.1.9.9, intport:22091, extaddr:nonsupport, extport:0,  from 10.1.9.9:22116/0/0/0.
    INFO      dbmgr-1 10103 4000  [2018-04-30 18:16:11 811] - Components::addComponent[cellapp], uid=10103, componentID=8001, globalorderid=3, grouporderid=1, totalcount=1
    INFO      dbmgr-1 10103 4000  [2018-04-30 18:16:12 011] - ServerApp::onRegisterNewApp: uid:10103, username:, componentType:baseapp, componentID:7001, globalorderID=-1, grouporderID=-1, intaddr:10.1.9.9, intport:22090, extaddr:10.1.9.9, extport:20015,  from 10.1.9.9:22119/0/0/0.
    INFO      dbmgr-1 10103 4000  [2018-04-30 18:16:12 011] - Components::addComponent[baseapp], uid=10103, componentID=7001, globalorderid=4, grouporderid=1, totalcount=1
    INFO      dbmgr-1 10103 4000  [2018-04-30 18:16:14 771] - ServerApp::onRegisterNewApp: uid:10103, username:, componentType:loginapp, componentID:9000, globalorderID=-1, grouporderID=-1, intaddr:10.1.9.9, intport:22095, extaddr:10.1.9.9, extport:20013,  from 10.1.9.9:22131/0/0/0.
    INFO      dbmgr-1 10103 4000  [2018-04-30 18:16:14 771] - Components::addComponent[loginapp], uid=10103, componentID=9000, globalorderid=5, grouporderid=1, totalcount=1
    INFO      dbmgr-1 10103 4000  [2018-04-30 18:16:17 790] - IDServer::allocRange: 1-2001.
    INFO      dbmgr-1 10103 4000  [2018-04-30 18:16:17 791] - IDServer::allocRange: 2001-4001.
   DEBUG      dbmgr-1 10103 4000  [2018-04-30 18:16:17 791] - SyncAppDatasHandler::~SyncAppDatasHandler()
    INFO      dbmgr-1 10103 4000  [2018-04-30 18:19:30 763] - -----------------------------------------------------------------------------------------


    INFO      dbmgr-1 10103 4000  [2018-04-30 18:19:30 764] - Resmgr::initialize: KBE_ROOT=D:/kbengine/
    INFO      dbmgr-1 10103 4000  [2018-04-30 18:19:30 765] - Resmgr::initialize: KBE_RES_PATH=D:/kbengine/kbe/res/;D:/kbengine/assets/;D:/kbengine/assets/scripts/;D:/kbengine/assets/res/
    INFO      dbmgr-1 10103 4000  [2018-04-30 18:19:30 765] - Resmgr::initialize: KBE_BIN_PATH=D:/kbengine/kbe/bin/server/
    INFO      dbmgr-1 10103 4000  [2018-04-30 18:19:30 773] - NetworkInterface::initialize(INTERNAL): bound to all interfaces with default route interface on 10.1.9.9 ( 10.1.9.9:22223 )
    INFO      dbmgr-1 10103 4000  [2018-04-30 18:19:30 773] - NetworkInterface::initialize(INTERNAL): address 10.1.9.9:22223, SOMAXCONN=5.
    INFO      dbmgr-1 10103 4000  [2018-04-30 18:19:30 774] - server-configs:
    INFO      dbmgr-1 10103 4000  [2018-04-30 18:19:30 774] - 	internalAddr : 10.1.9.9:22223
    INFO      dbmgr-1 10103 4000  [2018-04-30 18:19:30 774] - 	componentID : 4000
    INFO      dbmgr-1 10103 4000  [2018-04-30 18:19:32 282] - ---- dbmgr Version: 2.0.0. ScriptVersion: 0.1.0. Protocol: F28F1C37BCC70CD27B77841D4A30E3D7. Config: Debug X86. Built: 16:26:54 Apr 30 2018. AppID: 4000. UID: 10103. PID: 12684 ----
    INFO      dbmgr-1 10103 4000  [2018-04-30 18:19:32 283] - Server : Intel(R) Core(TM) i7-6700HQ CPU @ 2.60GHz with 2097151kB RAM
    INFO      dbmgr-1 10103 4000  [2018-04-30 18:19:32 283] - ThreadPool::createThreadPool: creating  threadpool...
    INFO      dbmgr-1 10103 4000  [2018-04-30 18:19:32 284] - ThreadPool::createThreadPool: successfully(2), newThreadCount=1, normalMaxThreadCount=2, maxThreadCount=8
   DEBUG      dbmgr-1 10103 4000  [2018-04-30 18:19:32 421] - Script::install_py_dlls(): PyInit_pyexpat
   DEBUG      dbmgr-1 10103 4000  [2018-04-30 18:19:32 421] - Script::install_py_dlls(): PyInit__socket
   DEBUG      dbmgr-1 10103 4000  [2018-04-30 18:19:32 422] - Script::install_py_dlls(): PyInit__ssl
   DEBUG      dbmgr-1 10103 4000  [2018-04-30 18:19:32 425] - Script::install_py_dlls(): PyInit__hashlib
   DEBUG      dbmgr-1 10103 4000  [2018-04-30 18:19:32 425] - Script::install_py_dlls(): PyInit_select
   DEBUG      dbmgr-1 10103 4000  [2018-04-30 18:19:32 425] - Script::install_py_dlls(): PyInit__ctypes
   DEBUG      dbmgr-1 10103 4000  [2018-04-30 18:19:32 426] - Script::install_py_dlls(): PyInit__elementtree
   DEBUG      dbmgr-1 10103 4000  [2018-04-30 18:19:32 472] - Script::install_py_dlls(): PyInit_unicodedata
    INFO      dbmgr-1 10103 4000  [2018-04-30 18:19:32 517] - Script::install(): is successfully, Python=(3.4.2 (default, Apr 30 2018, 16:26:41) [MSC v.1900 32 bit (Intel)])!
    INFO      dbmgr-1 10103 4000  [2018-04-30 18:19:32 517] - Script::install(): KBExtra is successfully!
    INFO      dbmgr-1 10103 4000  [2018-04-30 18:19:32 524] - Dbmgr::initializeEnd: digest(363BB7D9C7C9010E5779213C13D38542)
  S_INFO      dbmgr-1 10103 4000  [2018-04-30 18:19:32 524] - onDBMgrReady: bootstrapGroupIndex=0, bootstrapGlobalIndex=0
    INFO      dbmgr-1 10103 4000  [2018-04-30 18:19:32 525] - TelnetServer server is running on port 32000
    INFO      dbmgr-1 10103 4000  [2018-04-30 18:19:32 525] - Dbmgr::initInterfacesHandler: interfaces addr(127.0.0.1:30099), accountType:(interfaces), chargeType:(interfaces).
 WARNING      dbmgr-1 10103 4000  [2018-04-30 18:19:32 757] - DBUtil::initialize: db(default) password is not encrypted!
please use password(rsa):
413A9E20A3E4A9E431199E2130935F7793ED6A69F408B726B5F156BB7460DDDFB1F1BC30ABB4D35D22E1784BC87A123197EEAC92D7446CB950514CBF8A09720BD52D604A64013D7D4AB3AD3BBB976B229F3909F1F44354746C6F9909266400E84F2620FD88B5C8E0119512419EF5EEFF90A8E2C45E4E63F5EFD76122CCE4DC75
   DEBUG      dbmgr-1 10103 4000  [2018-04-30 18:19:32 760] - DBInterfaceMysql::attach: connect: localhost:3306 starting...
   DEBUG      dbmgr-1 10103 4000  [2018-04-30 18:19:32 766] - DBInterfaceMysql::attach: successfully! addr: localhost:3306
    INFO      dbmgr-1 10103 4000  [2018-04-30 18:19:32 766] - DBUtil::createInterface[0xaff3ec]: interface=default, dbtype=mysql, ip=localhost, port=3306, currdatabase=kbe, username=root, connected=yes.

    INFO      dbmgr-1 10103 4000  [2018-04-30 18:19:32 766] - ThreadPool::createThreadPool: creating  threadpool...
    INFO      dbmgr-1 10103 4000  [2018-04-30 18:19:32 767] - ThreadPool::createThreadPool: successfully(5), newThreadCount=5, normalMaxThreadCount=5, maxThreadCount=5
    INFO      dbmgr-1 10103 4000  [2018-04-30 18:19:32 870] - DBInterfaceMysql::query: successfully!
    INFO      dbmgr-1 10103 4000  [2018-04-30 18:19:32 874] - DBInterfaceMysql::query: successfully!
 WARNING      dbmgr-1 10103 4000  [2018-04-30 18:19:32 907] - dbmgr.cpp:275: Profile scriptCall took 0.38 seconds
    INFO      dbmgr-1 10103 4000  [2018-04-30 18:19:33 324] - ---- dbmgr is running ----
   DEBUG      dbmgr-1 10103 4000  [2018-04-30 18:19:33 325] - Components::process(): Request for the process of identity...
   DEBUG      dbmgr-1 10103 4000  [2018-04-30 18:19:32 767] - DBInterfaceMysql::attach: connect: localhost:3306 starting...
   DEBUG      dbmgr-1 10103 4000  [2018-04-30 18:19:32 767] - DBInterfaceMysql::attach: connect: localhost:3306 starting...
   DEBUG      dbmgr-1 10103 4000  [2018-04-30 18:19:32 767] - DBInterfaceMysql::attach: connect: localhost:3306 starting...
   DEBUG      dbmgr-1 10103 4000  [2018-04-30 18:19:32 768] - DBInterfaceMysql::attach: connect: localhost:3306 starting...
   DEBUG      dbmgr-1 10103 4000  [2018-04-30 18:19:32 768] - DBInterfaceMysql::attach: connect: localhost:3306 starting...
   DEBUG      dbmgr-1 10103 4000  [2018-04-30 18:19:32 772] - DBInterfaceMysql::attach: successfully! addr: localhost:3306
   DEBUG      dbmgr-1 10103 4000  [2018-04-30 18:19:32 773] - DBThread::onStart(): 0xe72f90!
   DEBUG      dbmgr-1 10103 4000  [2018-04-30 18:19:32 773] - DBInterfaceMysql::attach: successfully! addr: localhost:3306
   DEBUG      dbmgr-1 10103 4000  [2018-04-30 18:19:32 773] - DBThread::onStart(): 0xe729b8!
   DEBUG      dbmgr-1 10103 4000  [2018-04-30 18:19:32 774] - DBInterfaceMysql::attach: successfully! addr: localhost:3306
   DEBUG      dbmgr-1 10103 4000  [2018-04-30 18:19:32 774] - DBThread::onStart(): 0xe721c0!
   DEBUG      dbmgr-1 10103 4000  [2018-04-30 18:19:32 774] - DBInterfaceMysql::attach: successfully! addr: localhost:3306
   DEBUG      dbmgr-1 10103 4000  [2018-04-30 18:19:32 774] - DBThread::onStart(): 0xe72e80!
   DEBUG      dbmgr-1 10103 4000  [2018-04-30 18:19:32 775] - DBInterfaceMysql::attach: successfully! addr: localhost:3306
   DEBUG      dbmgr-1 10103 4000  [2018-04-30 18:19:32 775] - DBThread::onStart(): 0xe72248!
    INFO      dbmgr-1 10103 4000  [2018-04-30 18:19:32 883] - DBInterfaceMysql::query: successfully!
    INFO      dbmgr-1 10103 4000  [2018-04-30 18:19:32 886] - DBInterfaceMysql::query: successfully!
    INFO      dbmgr-1 10103 4000  [2018-04-30 18:19:32 886] - DBInterfaceMysql::query: successfully!
    INFO      dbmgr-1 10103 4000  [2018-04-30 18:19:32 886] - DBInterfaceMysql::query: successfully!
    INFO      dbmgr-1 10103 4000  [2018-04-30 18:19:32 887] - DBInterfaceMysql::query: successfully!
    INFO      dbmgr-1 10103 4000  [2018-04-30 18:19:32 887] - DBInterfaceMysql::query: successfully!
    INFO      dbmgr-1 10103 4000  [2018-04-30 18:19:32 888] - DBInterfaceMysql::query: successfully!
    INFO      dbmgr-1 10103 4000  [2018-04-30 18:19:32 888] - DBInterfaceMysql::query: successfully!
    INFO      dbmgr-1 10103 4000  [2018-04-30 18:19:40 544] - Components::findComponents: find logger(1)...
    INFO      dbmgr-1 10103 4000  [2018-04-30 18:19:40 568] - Components::findComponents: found logger, addr:10.1.9.9:22222
    INFO      dbmgr-1 10103 4000  [2018-04-30 18:19:40 568] - Components::addComponent: reset orderLog, uid=10103!
    INFO      dbmgr-1 10103 4000  [2018-04-30 18:19:40 568] - Components::addComponent[logger], uid=10103, componentID=2000, globalorderid=1, grouporderid=1, totalcount=1
    INFO      dbmgr-1 10103 4000  [2018-04-30 18:19:40 604] - Components::process(): Found all the components!
    INFO      dbmgr-1 10103 4000  [2018-04-30 18:19:43 624] - ServerApp::onRegisterNewApp: uid:10103, username:, componentType:loginapp, componentID:9000, globalorderID=-1, grouporderID=-1, intaddr:10.1.9.9, intport:22228, extaddr:10.1.9.9, extport:20013,  from 10.1.9.9:22244/0/0/0.
    INFO      dbmgr-1 10103 4000  [2018-04-30 18:19:43 624] - Components::addComponent: reset orderLog, uid=10103!
    INFO      dbmgr-1 10103 4000  [2018-04-30 18:19:43 624] - Components::addComponent[loginapp], uid=10103, componentID=9000, globalorderid=1, grouporderid=1, totalcount=1
    INFO      dbmgr-1 10103 4000  [2018-04-30 18:19:44 244] - ServerApp::onRegisterNewApp: uid:10103, username:, componentType:baseappmgr, componentID:5000, globalorderID=-1, grouporderID=-1, intaddr:10.1.9.9, intport:22224, extaddr:nonsupport, extport:0,  from 10.1.9.9:22246/0/0/0.
    INFO      dbmgr-1 10103 4000  [2018-04-30 18:19:44 244] - Components::addComponent[baseappmgr], uid=10103, componentID=5000, globalorderid=2, grouporderid=1, totalcount=1
    INFO      dbmgr-1 10103 4000  [2018-04-30 18:19:44 344] - ServerApp::onRegisterNewApp: uid:10103, username:, componentType:cellappmgr, componentID:6000, globalorderID=-1, grouporderID=-1, intaddr:10.1.9.9, intport:22225, extaddr:nonsupport, extport:0,  from 10.1.9.9:22248/0/0/0.
    INFO      dbmgr-1 10103 4000  [2018-04-30 18:19:44 344] - Components::addComponent[cellappmgr], uid=10103, componentID=6000, globalorderid=3, grouporderid=1, totalcount=1
    INFO      dbmgr-1 10103 4000  [2018-04-30 18:19:45 664] - ServerApp::onRegisterNewApp: uid:10103, username:, componentType:cellapp, componentID:8001, globalorderID=-1, grouporderID=-1, intaddr:10.1.9.9, intport:22227, extaddr:nonsupport, extport:0,  from 10.1.9.9:22250/0/0/0.
    INFO      dbmgr-1 10103 4000  [2018-04-30 18:19:45 664] - Components::addComponent[cellapp], uid=10103, componentID=8001, globalorderid=4, grouporderid=1, totalcount=1
    INFO      dbmgr-1 10103 4000  [2018-04-30 18:19:46 164] - ServerApp::onRegisterNewApp: uid:10103, username:, componentType:baseapp, componentID:7001, globalorderID=-1, grouporderID=-1, intaddr:10.1.9.9, intport:22226, extaddr:10.1.9.9, extport:20015,  from 10.1.9.9:22254/0/0/0.
    INFO      dbmgr-1 10103 4000  [2018-04-30 18:19:46 164] - Components::addComponent[baseapp], uid=10103, componentID=7001, globalorderid=5, grouporderid=1, totalcount=1
    INFO      dbmgr-1 10103 4000  [2018-04-30 18:19:49 164] - IDServer::allocRange: 1-2001.
    INFO      dbmgr-1 10103 4000  [2018-04-30 18:19:49 164] - IDServer::allocRange: 2001-4001.
   DEBUG      dbmgr-1 10103 4000  [2018-04-30 18:19:49 164] - SyncAppDatasHandler::~SyncAppDatasHandler()
