    INFO      dbmgr-1 10103 4000  [2018-07-15 12:13:28 266] - -----------------------------------------------------------------------------------------


    INFO      dbmgr-1 10103 4000  [2018-07-15 12:13:28 267] - Resmgr::initialize: KBE_ROOT=D:/kbengine/
    INFO      dbmgr-1 10103 4000  [2018-07-15 12:13:28 267] - Resmgr::initialize: KBE_RES_PATH=D:/kbengine/kbe/res/;D:/kbengine/assets_Battle of Gods/;D:/kbengine/assets_Battle of Gods/scripts/;D:/kbengine/assets_Battle of Gods/res/
    INFO      dbmgr-1 10103 4000  [2018-07-15 12:13:28 268] - Resmgr::initialize: KBE_BIN_PATH=D:/kbengine/kbe/bin/server/
    INFO      dbmgr-1 10103 4000  [2018-07-15 12:13:28 284] - NetworkInterface::initialize(INTERNAL): bound to all interfaces with default route interface on 10.139.66.192 ( 10.139.66.192:63454 )
    INFO      dbmgr-1 10103 4000  [2018-07-15 12:13:28 285] - NetworkInterface::initialize(INTERNAL): address 10.139.66.192:63454, SOMAXCONN=5.
    INFO      dbmgr-1 10103 4000  [2018-07-15 12:13:28 285] - server-configs:
    INFO      dbmgr-1 10103 4000  [2018-07-15 12:13:28 285] - 	internalAddr : 10.139.66.192:63454
    INFO      dbmgr-1 10103 4000  [2018-07-15 12:13:28 285] - 	componentID : 4000
    INFO      dbmgr-1 10103 4000  [2018-07-15 12:13:28 322] - Components::findLogger: found logger, addr:10.139.66.192:63449
    INFO      dbmgr-1 10103 4000  [2018-07-15 12:13:28 323] - Components::addComponent: reset orderLog, uid=10103!
    INFO      dbmgr-1 10103 4000  [2018-07-15 12:13:28 323] - Components::addComponent[logger], uid=10103, componentID=2000, globalorderid=1, grouporderid=1, totalcount=1
    INFO      dbmgr-1 10103 4000  [2018-07-15 12:13:28 337] - ---- dbmgr Version: 2.0.0. ScriptVersion: 0.1.0. Protocol: F28F1C37BCC70CD27B77841D4A30E3D7. Config: Debug X86. Built: 16:26:54 Apr 30 2018. AppID: 4000. UID: 10103. PID: 13344 ----
    INFO      dbmgr-1 10103 4000  [2018-07-15 12:13:28 338] - Server : Intel(R) Core(TM) i7-6700HQ CPU @ 2.60GHz with 2097151kB RAM
    INFO      dbmgr-1 10103 4000  [2018-07-15 12:13:28 338] - ThreadPool::createThreadPool: creating  threadpool...
    INFO      dbmgr-1 10103 4000  [2018-07-15 12:13:28 338] - ThreadPool::createThreadPool: successfully(2), newThreadCount=1, normalMaxThreadCount=2, maxThreadCount=8
   DEBUG      dbmgr-1 10103 4000  [2018-07-15 12:13:28 493] - Script::install_py_dlls(): PyInit_pyexpat
   DEBUG      dbmgr-1 10103 4000  [2018-07-15 12:13:28 494] - Script::install_py_dlls(): PyInit__socket
   DEBUG      dbmgr-1 10103 4000  [2018-07-15 12:13:28 494] - Script::install_py_dlls(): PyInit__ssl
   DEBUG      dbmgr-1 10103 4000  [2018-07-15 12:13:28 499] - Script::install_py_dlls(): PyInit__hashlib
   DEBUG      dbmgr-1 10103 4000  [2018-07-15 12:13:28 500] - Script::install_py_dlls(): PyInit_select
   DEBUG      dbmgr-1 10103 4000  [2018-07-15 12:13:28 501] - Script::install_py_dlls(): PyInit__ctypes
   DEBUG      dbmgr-1 10103 4000  [2018-07-15 12:13:28 502] - Script::install_py_dlls(): PyInit__elementtree
   DEBUG      dbmgr-1 10103 4000  [2018-07-15 12:13:28 588] - Script::install_py_dlls(): PyInit_unicodedata
    INFO      dbmgr-1 10103 4000  [2018-07-15 12:13:28 633] - Script::install(): is successfully, Python=(3.4.2 (default, Apr 30 2018, 16:26:41) [MSC v.1900 32 bit (Intel)])!
    INFO      dbmgr-1 10103 4000  [2018-07-15 12:13:28 633] - Script::install(): KBExtra is successfully!
    INFO      dbmgr-1 10103 4000  [2018-07-15 12:13:28 749] - Dbmgr::initializeEnd: digest(C95DE6D5002D07290C22E7EB545AD684)
  S_INFO      dbmgr-1 10103 4000  [2018-07-15 12:13:28 750] - onDBMgrReady: bootstrapGroupIndex=0, bootstrapGlobalIndex=0
    INFO      dbmgr-1 10103 4000  [2018-07-15 12:13:28 751] - TelnetServer server is running on port 32000
    INFO      dbmgr-1 10103 4000  [2018-07-15 12:13:28 752] - Dbmgr::initInterfacesHandler: interfaces addr(127.0.0.1:30099), accountType:(interfaces), chargeType:(interfaces).
 WARNING      dbmgr-1 10103 4000  [2018-07-15 12:13:29 041] - DBUtil::initialize: db(default) password is not encrypted!
please use password(rsa):
BB38E0C2265F1C35C5C8753B707AA29FBB8B31A1F203B095462E5F9C145A1AB2EE4077317943ECE4E7777F3677A3AF76F5EAC12C9BD227E489A5DC4A1AF8635A4D69FE69E2D87CDD30525A08C064A85BFA1A929173C3DB03C02CAFAF9F8DAA7E799E635AA161EE9E562408C96BA151D3AC8ABE3B4D5B439DC79B023BA0134A4F
   DEBUG      dbmgr-1 10103 4000  [2018-07-15 12:13:29 078] - DBInterfaceMysql::attach: connect: localhost:3306 starting...
   DEBUG      dbmgr-1 10103 4000  [2018-07-15 12:13:29 124] - DBInterfaceMysql::attach: successfully! addr: localhost:3306
    INFO      dbmgr-1 10103 4000  [2018-07-15 12:13:29 124] - DBUtil::createInterface[0x23bf510]: interface=default, dbtype=mysql, ip=localhost, port=3306, currdatabase=Battle_of_Gods, username=root, connected=yes.

    INFO      dbmgr-1 10103 4000  [2018-07-15 12:13:29 124] - ThreadPool::createThreadPool: creating  threadpool...
    INFO      dbmgr-1 10103 4000  [2018-07-15 12:13:29 125] - ThreadPool::createThreadPool: successfully(5), newThreadCount=5, normalMaxThreadCount=5, maxThreadCount=5
    INFO      dbmgr-1 10103 4000  [2018-07-15 12:13:29 232] - DBInterfaceMysql::query: successfully!
    INFO      dbmgr-1 10103 4000  [2018-07-15 12:13:29 235] - DBInterfaceMysql::query: successfully!
 WARNING      dbmgr-1 10103 4000  [2018-07-15 12:13:29 308] - dbmgr.cpp:275: Profile scriptCall took 0.56 seconds
    INFO      dbmgr-1 10103 4000  [2018-07-15 12:13:29 889] - ---- dbmgr is running ----
   DEBUG      dbmgr-1 10103 4000  [2018-07-15 12:13:29 889] - Components::process(): Request for the process of identity...
   DEBUG      dbmgr-1 10103 4000  [2018-07-15 12:13:29 125] - DBInterfaceMysql::attach: connect: localhost:3306 starting...
   DEBUG      dbmgr-1 10103 4000  [2018-07-15 12:13:29 125] - DBInterfaceMysql::attach: connect: localhost:3306 starting...
   DEBUG      dbmgr-1 10103 4000  [2018-07-15 12:13:29 125] - DBInterfaceMysql::attach: connect: localhost:3306 starting...
   DEBUG      dbmgr-1 10103 4000  [2018-07-15 12:13:29 126] - DBInterfaceMysql::attach: connect: localhost:3306 starting...
   DEBUG      dbmgr-1 10103 4000  [2018-07-15 12:13:29 126] - DBInterfaceMysql::attach: connect: localhost:3306 starting...
   DEBUG      dbmgr-1 10103 4000  [2018-07-15 12:13:29 154] - DBInterfaceMysql::attach: successfully! addr: localhost:3306
   DEBUG      dbmgr-1 10103 4000  [2018-07-15 12:13:29 154] - DBThread::onStart(): 0x13c058!
   DEBUG      dbmgr-1 10103 4000  [2018-07-15 12:13:29 154] - DBInterfaceMysql::attach: successfully! addr: localhost:3306
   DEBUG      dbmgr-1 10103 4000  [2018-07-15 12:13:29 155] - DBThread::onStart(): 0x13c6b8!
   DEBUG      dbmgr-1 10103 4000  [2018-07-15 12:13:29 155] - DBInterfaceMysql::attach: successfully! addr: localhost:3306
   DEBUG      dbmgr-1 10103 4000  [2018-07-15 12:13:29 155] - DBThread::onStart(): 0x13cd18!
   DEBUG      dbmgr-1 10103 4000  [2018-07-15 12:13:29 155] - DBInterfaceMysql::attach: successfully! addr: localhost:3306
   DEBUG      dbmgr-1 10103 4000  [2018-07-15 12:13:29 155] - DBThread::onStart(): 0x13c5a8!
   DEBUG      dbmgr-1 10103 4000  [2018-07-15 12:13:29 156] - DBInterfaceMysql::attach: successfully! addr: localhost:3306
   DEBUG      dbmgr-1 10103 4000  [2018-07-15 12:13:29 156] - DBThread::onStart(): 0x13c630!
    INFO      dbmgr-1 10103 4000  [2018-07-15 12:13:29 259] - DBInterfaceMysql::query: successfully!
    INFO      dbmgr-1 10103 4000  [2018-07-15 12:13:29 260] - DBInterfaceMysql::query: successfully!
    INFO      dbmgr-1 10103 4000  [2018-07-15 12:13:29 260] - DBInterfaceMysql::query: successfully!
    INFO      dbmgr-1 10103 4000  [2018-07-15 12:13:29 260] - DBInterfaceMysql::query: successfully!
    INFO      dbmgr-1 10103 4000  [2018-07-15 12:13:29 264] - DBInterfaceMysql::query: successfully!
    INFO      dbmgr-1 10103 4000  [2018-07-15 12:13:29 265] - DBInterfaceMysql::query: successfully!
    INFO      dbmgr-1 10103 4000  [2018-07-15 12:13:29 265] - DBInterfaceMysql::query: successfully!
    INFO      dbmgr-1 10103 4000  [2018-07-15 12:13:29 277] - DBInterfaceMysql::query: successfully!
    INFO      dbmgr-1 10103 4000  [2018-07-15 12:13:37 292] - Components::process(): Found all the components!
    INFO      dbmgr-1 10103 4000  [2018-07-15 12:13:41 729] - ServerApp::onRegisterNewApp: uid:10103, username:, componentType:baseappmgr, componentID:5000, globalorderID=-1, grouporderID=-1, intaddr:10.139.66.192, intport:63465, extaddr:nonsupport, extport:0,  from 10.139.66.192:63483/0/0/0.
    INFO      dbmgr-1 10103 4000  [2018-07-15 12:13:41 729] - Components::addComponent: reset orderLog, uid=10103!
    INFO      dbmgr-1 10103 4000  [2018-07-15 12:13:41 729] - Components::addComponent[baseappmgr], uid=10103, componentID=5000, globalorderid=1, grouporderid=1, totalcount=1
    INFO      dbmgr-1 10103 4000  [2018-07-15 12:13:42 588] - ServerApp::onRegisterNewApp: uid:10103, username:, componentType:cellappmgr, componentID:6000, globalorderID=-1, grouporderID=-1, intaddr:10.139.66.192, intport:63469, extaddr:nonsupport, extport:0,  from 10.139.66.192:63485/0/0/0.
    INFO      dbmgr-1 10103 4000  [2018-07-15 12:13:42 588] - Components::addComponent[cellappmgr], uid=10103, componentID=6000, globalorderid=2, grouporderid=1, totalcount=1
    INFO      dbmgr-1 10103 4000  [2018-07-15 12:13:47 472] - ServerApp::onRegisterNewApp: uid:10103, username:, componentType:baseapp, componentID:7001, globalorderID=-1, grouporderID=-1, intaddr:10.139.66.192, intport:63473, extaddr:10.139.66.192, extport:20015,  from 10.139.66.192:63488/0/0/0.
    INFO      dbmgr-1 10103 4000  [2018-07-15 12:13:47 472] - Components::addComponent[baseapp], uid=10103, componentID=7001, globalorderid=3, grouporderid=1, totalcount=1
    INFO      dbmgr-1 10103 4000  [2018-07-15 12:13:48 311] - ServerApp::onRegisterNewApp: uid:10103, username:, componentType:loginapp, componentID:9000, globalorderID=-1, grouporderID=-1, intaddr:10.139.66.192, intport:63481, extaddr:10.139.66.192, extport:20013,  from 10.139.66.192:63491/0/0/0.
    INFO      dbmgr-1 10103 4000  [2018-07-15 12:13:48 311] - Components::addComponent[loginapp], uid=10103, componentID=9000, globalorderid=4, grouporderid=1, totalcount=1
    INFO      dbmgr-1 10103 4000  [2018-07-15 12:13:49 113] - ServerApp::onRegisterNewApp: uid:10103, username:, componentType:cellapp, componentID:8001, globalorderID=-1, grouporderID=-1, intaddr:10.139.66.192, intport:63477, extaddr:nonsupport, extport:0,  from 10.139.66.192:63493/0/0/0.
    INFO      dbmgr-1 10103 4000  [2018-07-15 12:13:49 113] - Components::addComponent[cellapp], uid=10103, componentID=8001, globalorderid=5, grouporderid=1, totalcount=1
    INFO      dbmgr-1 10103 4000  [2018-07-15 12:13:52 127] - IDServer::allocRange: 1-2001.
    INFO      dbmgr-1 10103 4000  [2018-07-15 12:13:52 127] - IDServer::allocRange: 2001-4001.
   DEBUG      dbmgr-1 10103 4000  [2018-07-15 12:13:52 128] - SyncAppDatasHandler::~SyncAppDatasHandler()
    INFO      dbmgr-1 10103 4000  [2018-07-15 12:13:53 907] - GlobalDataServer::broadcastDataChanged: writer(baseapp, addr=10.139.66.192:63488/0/0/0), keySize=10, valSize=49, isDelete=0
   DEBUG      dbmgr-1 10103 4000  [2018-07-15 12:13:53 927] - Dbmgr::DBTaskQueryEntity: Equipment, dbid=1, entityID=1, wasActive=0, queryMode=0, componentID=7001, success=1.
    INFO      dbmgr-1 10103 4000  [2018-07-15 12:13:53 947] - GlobalDataServer::broadcastDataChanged: writer(baseapp, addr=10.139.66.192:63488/0/0/0), keySize=15, valSize=49, isDelete=0
   DEBUG      dbmgr-1 10103 4000  [2018-07-15 12:14:13 645] - Dbmgr::onAccountLogin:loginName=cxx, accountName=cxx, success=0, componentID=0, entityID=0, dbid=1, flags=0, deadline=0.
   DEBUG      dbmgr-1 10103 4000  [2018-07-15 12:14:14 165] - Dbmgr::queryAccount: cxx, success=1, flags=0, deadline=0.
   DEBUG      dbmgr-1 10103 4000  [2018-07-15 12:14:58 061] - Dbmgr::onAccountLogin:loginName=1q2w3e, accountName=1q2w3e, success=0, componentID=0, entityID=0, dbid=6, flags=0, deadline=0.
   DEBUG      dbmgr-1 10103 4000  [2018-07-15 12:14:58 461] - Dbmgr::queryAccount: 1q2w3e, success=0, flags=0, deadline=0.
   DEBUG      dbmgr-1 10103 4000  [2018-07-15 12:15:03 940] - Dbmgr::onAccountLogin:loginName=1q2w3e, accountName=1q2w3e, success=0, componentID=0, entityID=0, dbid=6, flags=0, deadline=0.
   DEBUG      dbmgr-1 10103 4000  [2018-07-15 12:15:04 360] - Dbmgr::queryAccount: 1q2w3e, success=0, flags=0, deadline=0.
   DEBUG      dbmgr-1 10103 4000  [2018-07-15 12:16:25 032] - Dbmgr::reqCreateAccount: qweasd, success=0.
 WARNING      dbmgr-1 10103 4000  [2018-07-15 12:16:25 026] - DBInterfaceMysql::processException: Exception: Duplicate entry '2' for key 'entityDBID'
lastquery=insert into kbe_accountinfos (accountName, password, bindata, email, entityDBID, flags, deadline, regtime, lasttime) values("qweasd",md5("qweasd"),"PC","qweasd@0.0",2,0,0,1531628185,1531628185)
   DEBUG      dbmgr-1 10103 4000  [2018-07-15 12:16:41 951] - Dbmgr::reqCreateAccount: asdqwe, success=0.
 WARNING      dbmgr-1 10103 4000  [2018-07-15 12:16:41 934] - DBInterfaceMysql::processException: Exception: Duplicate entry '3' for key 'entityDBID'
lastquery=insert into kbe_accountinfos (accountName, password, bindata, email, entityDBID, flags, deadline, regtime, lasttime) values("asdqwe",md5("asdqwe"),"PC","asdqwe@0.0",3,0,0,1531628201,1531628201)
   DEBUG      dbmgr-1 10103 4000  [2018-07-15 12:16:53 250] - Dbmgr::reqCreateAccount: 1959, success=0.
 WARNING      dbmgr-1 10103 4000  [2018-07-15 12:16:53 224] - DBInterfaceMysql::processException: Exception: Duplicate entry '4' for key 'entityDBID'
lastquery=insert into kbe_accountinfos (accountName, password, bindata, email, entityDBID, flags, deadline, regtime, lasttime) values("1959",md5("1959"),"PC","1959@0.0",4,0,0,1531628213,1531628213)
