    INFO baseappmgr-1 10103 5000  [2018-07-30 16:53:12 027] - -----------------------------------------------------------------------------------------


    INFO baseappmgr-1 10103 5000  [2018-07-30 16:53:12 029] - Resmgr::initialize: KBE_ROOT=D:/kbengine/
    INFO baseappmgr-1 10103 5000  [2018-07-30 16:53:12 029] - Resmgr::initialize: KBE_RES_PATH=D:/kbengine/kbe/res/;D:/kbengine/assets_Battle of Gods/;D:/kbengine/assets_Battle of Gods/scripts/;D:/kbengine/assets_Battle of Gods/res/
    INFO baseappmgr-1 10103 5000  [2018-07-30 16:53:12 029] - Resmgr::initialize: KBE_BIN_PATH=D:/kbengine/kbe/bin/server/
    INFO baseappmgr-1 10103 5000  [2018-07-30 16:53:12 048] - NetworkInterface::initialize(INTERNAL): bound to all interfaces with default route interface on 10.139.66.192 ( 10.139.66.192:31444 )
    INFO baseappmgr-1 10103 5000  [2018-07-30 16:53:12 048] - NetworkInterface::initialize(INTERNAL): address 10.139.66.192:31444, SOMAXCONN=5.
    INFO baseappmgr-1 10103 5000  [2018-07-30 16:53:12 048] - server-configs:
    INFO baseappmgr-1 10103 5000  [2018-07-30 16:53:12 048] - 	internalAddr : 10.139.66.192:31444
    INFO baseappmgr-1 10103 5000  [2018-07-30 16:53:12 049] - 	componentID : 5000
    INFO baseappmgr-1 10103 5000  [2018-07-30 16:53:12 143] - Components::findLogger: found logger, addr:10.139.66.192:31409
    INFO baseappmgr-1 10103 5000  [2018-07-30 16:53:12 143] - Components::addComponent: reset orderLog, uid=10103!
    INFO baseappmgr-1 10103 5000  [2018-07-30 16:53:12 143] - Components::addComponent[logger], uid=10103, componentID=2000, globalorderid=1, grouporderid=1, totalcount=1
    INFO baseappmgr-1 10103 5000  [2018-07-30 16:53:12 162] - ---- baseappmgr Version: 2.0.0. ScriptVersion: 0.1.0. Protocol: EE09E8FDB2CCFCF3A31D35776E8954CE. Config: Debug X86. Built: 16:27:27 Apr 30 2018. AppID: 5000. UID: 10103. PID: 664 ----
    INFO baseappmgr-1 10103 5000  [2018-07-30 16:53:12 163] - Server : Intel(R) Core(TM) i7-6700HQ CPU @ 2.60GHz with 2097151kB RAM
    INFO baseappmgr-1 10103 5000  [2018-07-30 16:53:12 163] - ThreadPool::createThreadPool: creating  threadpool...
    INFO baseappmgr-1 10103 5000  [2018-07-30 16:53:12 163] - ThreadPool::createThreadPool: successfully(2), newThreadCount=1, normalMaxThreadCount=2, maxThreadCount=8
    INFO baseappmgr-1 10103 5000  [2018-07-30 16:53:12 717] - ---- baseappmgr is running ----
   DEBUG baseappmgr-1 10103 5000  [2018-07-30 16:53:12 718] - Components::process(): Request for the process of identity...
    INFO baseappmgr-1 10103 5000  [2018-07-30 16:53:20 030] - Components::findComponents: find dbmgr(1)...
    INFO baseappmgr-1 10103 5000  [2018-07-30 16:53:22 091] - Components::findComponents: find dbmgr(2)...
    INFO baseappmgr-1 10103 5000  [2018-07-30 16:53:24 191] - Components::findComponents: find dbmgr(3)...
    INFO baseappmgr-1 10103 5000  [2018-07-30 16:53:26 230] - Components::findComponents: find dbmgr(4)...
    INFO baseappmgr-1 10103 5000  [2018-07-30 16:53:28 330] - Components::findComponents: find dbmgr(5)...
    INFO baseappmgr-1 10103 5000  [2018-07-30 16:53:30 350] - Components::findComponents: find dbmgr(6)...
    INFO baseappmgr-1 10103 5000  [2018-07-30 16:53:32 371] - Components::findComponents: find dbmgr(7)...
    INFO baseappmgr-1 10103 5000  [2018-07-30 16:53:34 391] - Components::findComponents: find dbmgr(8)...
    INFO baseappmgr-1 10103 5000  [2018-07-30 16:53:36 410] - Components::findComponents: find dbmgr(9)...
    INFO baseappmgr-1 10103 5000  [2018-07-30 16:53:38 430] - Components::findComponents: find dbmgr(10)...
    INFO baseappmgr-1 10103 5000  [2018-07-30 16:53:40 451] - Components::findComponents: find dbmgr(11)...
    INFO baseappmgr-1 10103 5000  [2018-07-30 16:53:42 471] - Components::findComponents: find dbmgr(12)...
    INFO baseappmgr-1 10103 5000  [2018-07-30 16:53:44 490] - Components::findComponents: find dbmgr(13)...
    INFO baseappmgr-1 10103 5000  [2018-07-30 16:53:46 510] - Components::findComponents: find dbmgr(14)...
    INFO baseappmgr-1 10103 5000  [2018-07-30 16:53:48 530] - Components::findComponents: find dbmgr(15)...
    INFO baseappmgr-1 10103 5000  [2018-07-30 16:53:50 551] - Components::findComponents: find dbmgr(16)...
 WARNING baseappmgr-1 10103 5000  [2018-07-30 16:53:52 571] - Components::findComponents: find dbmgr(17)...
delay time is too long, please check the dbmgr logs!
 WARNING baseappmgr-1 10103 5000  [2018-07-30 16:53:54 590] - Components::findComponents: find dbmgr(18)...
delay time is too long, please check the dbmgr logs!
 WARNING baseappmgr-1 10103 5000  [2018-07-30 16:53:56 611] - Components::findComponents: find dbmgr(19)...
delay time is too long, please check the dbmgr logs!
 WARNING baseappmgr-1 10103 5000  [2018-07-30 16:53:58 630] - Components::findComponents: find dbmgr(20)...
delay time is too long, please check the dbmgr logs!
 WARNING baseappmgr-1 10103 5000  [2018-07-30 16:54:00 650] - Components::findComponents: find dbmgr(21)...
delay time is too long, please check the dbmgr logs!
    INFO baseappmgr-1 10103 5000  [2018-07-30 16:54:08 173] - -----------------------------------------------------------------------------------------


    INFO baseappmgr-1 10103 5000  [2018-07-30 16:54:08 174] - Resmgr::initialize: KBE_ROOT=D:/kbengine/
    INFO baseappmgr-1 10103 5000  [2018-07-30 16:54:08 175] - Resmgr::initialize: KBE_RES_PATH=D:/kbengine/kbe/res/;D:/kbengine/assets_Battle of Gods/;D:/kbengine/assets_Battle of Gods/scripts/;D:/kbengine/assets_Battle of Gods/res/
    INFO baseappmgr-1 10103 5000  [2018-07-30 16:54:08 175] - Resmgr::initialize: KBE_BIN_PATH=D:/kbengine/kbe/bin/server/
    INFO baseappmgr-1 10103 5000  [2018-07-30 16:54:08 193] - NetworkInterface::initialize(INTERNAL): bound to all interfaces with default route interface on 10.139.66.192 ( 10.139.66.192:31653 )
    INFO baseappmgr-1 10103 5000  [2018-07-30 16:54:08 193] - NetworkInterface::initialize(INTERNAL): address 10.139.66.192:31653, SOMAXCONN=5.
    INFO baseappmgr-1 10103 5000  [2018-07-30 16:54:08 193] - server-configs:
    INFO baseappmgr-1 10103 5000  [2018-07-30 16:54:08 193] - 	internalAddr : 10.139.66.192:31653
    INFO baseappmgr-1 10103 5000  [2018-07-30 16:54:08 194] - 	componentID : 5000
    INFO baseappmgr-1 10103 5000  [2018-07-30 16:54:08 373] - Components::findLogger: found logger, addr:10.139.66.192:31649
    INFO baseappmgr-1 10103 5000  [2018-07-30 16:54:08 374] - Components::addComponent: reset orderLog, uid=10103!
    INFO baseappmgr-1 10103 5000  [2018-07-30 16:54:08 374] - Components::addComponent[logger], uid=10103, componentID=2000, globalorderid=1, grouporderid=1, totalcount=1
    INFO baseappmgr-1 10103 5000  [2018-07-30 16:54:08 394] - ---- baseappmgr Version: 2.0.0. ScriptVersion: 0.1.0. Protocol: EE09E8FDB2CCFCF3A31D35776E8954CE. Config: Debug X86. Built: 16:27:27 Apr 30 2018. AppID: 5000. UID: 10103. PID: 7060 ----
    INFO baseappmgr-1 10103 5000  [2018-07-30 16:54:08 395] - Server : Intel(R) Core(TM) i7-6700HQ CPU @ 2.60GHz with 2097151kB RAM
    INFO baseappmgr-1 10103 5000  [2018-07-30 16:54:08 395] - ThreadPool::createThreadPool: creating  threadpool...
    INFO baseappmgr-1 10103 5000  [2018-07-30 16:54:08 396] - ThreadPool::createThreadPool: successfully(2), newThreadCount=1, normalMaxThreadCount=2, maxThreadCount=8
    INFO baseappmgr-1 10103 5000  [2018-07-30 16:54:09 103] - ---- baseappmgr is running ----
   DEBUG baseappmgr-1 10103 5000  [2018-07-30 16:54:09 103] - Components::process(): Request for the process of identity...
    INFO baseappmgr-1 10103 5000  [2018-07-30 16:54:16 376] - Components::findComponents: find dbmgr(1)...
    INFO baseappmgr-1 10103 5000  [2018-07-30 16:54:18 497] - Components::findComponents: find dbmgr(2)...
    INFO baseappmgr-1 10103 5000  [2018-07-30 16:54:20 616] - Components::findComponents: find dbmgr(3)...
    INFO baseappmgr-1 10103 5000  [2018-07-30 16:54:22 737] - Components::findComponents: find dbmgr(4)...
    INFO baseappmgr-1 10103 5000  [2018-07-30 16:54:24 857] - Components::findComponents: find dbmgr(5)...
    INFO baseappmgr-1 10103 5000  [2018-07-30 16:54:26 876] - Components::findComponents: find dbmgr(6)...
    INFO baseappmgr-1 10103 5000  [2018-07-30 16:54:28 896] - Components::findComponents: find dbmgr(7)...
    INFO baseappmgr-1 10103 5000  [2018-07-30 16:54:31 017] - Components::findComponents: find dbmgr(8)...
    INFO baseappmgr-1 10103 5000  [2018-07-30 16:54:33 036] - Components::findComponents: find dbmgr(9)...
    INFO baseappmgr-1 10103 5000  [2018-07-30 16:54:35 157] - Components::findComponents: find dbmgr(10)...
    INFO baseappmgr-1 10103 5000  [2018-07-30 16:54:37 276] - Components::findComponents: find dbmgr(11)...
    INFO baseappmgr-1 10103 5000  [2018-07-30 16:54:39 397] - Components::findComponents: find dbmgr(12)...
    INFO baseappmgr-1 10103 5000  [2018-07-30 16:54:41 517] - Components::findComponents: find dbmgr(13)...
    INFO baseappmgr-1 10103 5000  [2018-07-30 16:54:43 636] - Components::findComponents: find dbmgr(14)...
    INFO baseappmgr-1 10103 5000  [2018-07-30 16:54:45 657] - Components::findComponents: find dbmgr(15)...
    INFO baseappmgr-1 10103 5000  [2018-07-30 16:54:47 776] - Components::findComponents: find dbmgr(16)...
    INFO baseappmgr-1 10103 5000  [2018-07-30 16:54:52 175] - -----------------------------------------------------------------------------------------


    INFO baseappmgr-1 10103 5000  [2018-07-30 16:54:52 176] - Resmgr::initialize: KBE_ROOT=D:/kbengine/
    INFO baseappmgr-1 10103 5000  [2018-07-30 16:54:52 177] - Resmgr::initialize: KBE_RES_PATH=D:/kbengine/kbe/res/;D:/kbengine/assets_Battle of Gods/;D:/kbengine/assets_Battle of Gods/scripts/;D:/kbengine/assets_Battle of Gods/res/
    INFO baseappmgr-1 10103 5000  [2018-07-30 16:54:52 177] - Resmgr::initialize: KBE_BIN_PATH=D:/kbengine/kbe/bin/server/
    INFO baseappmgr-1 10103 5000  [2018-07-30 16:54:52 193] - NetworkInterface::initialize(INTERNAL): bound to all interfaces with default route interface on 10.139.66.192 ( 10.139.66.192:31807 )
    INFO baseappmgr-1 10103 5000  [2018-07-30 16:54:52 194] - NetworkInterface::initialize(INTERNAL): address 10.139.66.192:31807, SOMAXCONN=5.
    INFO baseappmgr-1 10103 5000  [2018-07-30 16:54:52 194] - server-configs:
    INFO baseappmgr-1 10103 5000  [2018-07-30 16:54:52 194] - 	internalAddr : 10.139.66.192:31807
    INFO baseappmgr-1 10103 5000  [2018-07-30 16:54:52 194] - 	componentID : 5000
    INFO baseappmgr-1 10103 5000  [2018-07-30 16:54:53 704] - ---- baseappmgr Version: 2.0.0. ScriptVersion: 0.1.0. Protocol: EE09E8FDB2CCFCF3A31D35776E8954CE. Config: Debug X86. Built: 16:27:27 Apr 30 2018. AppID: 5000. UID: 10103. PID: 15452 ----
    INFO baseappmgr-1 10103 5000  [2018-07-30 16:54:53 704] - Server : Intel(R) Core(TM) i7-6700HQ CPU @ 2.60GHz with 2097151kB RAM
    INFO baseappmgr-1 10103 5000  [2018-07-30 16:54:53 705] - ThreadPool::createThreadPool: creating  threadpool...
    INFO baseappmgr-1 10103 5000  [2018-07-30 16:54:53 705] - ThreadPool::createThreadPool: successfully(2), newThreadCount=1, normalMaxThreadCount=2, maxThreadCount=8
    INFO baseappmgr-1 10103 5000  [2018-07-30 16:54:54 173] - ---- baseappmgr is running ----
   DEBUG baseappmgr-1 10103 5000  [2018-07-30 16:54:54 173] - Components::process(): Request for the process of identity...
    INFO baseappmgr-1 10103 5000  [2018-07-30 16:55:01 447] - Components::findComponents: find logger(1)...
    INFO baseappmgr-1 10103 5000  [2018-07-30 16:55:01 513] - Components::findComponents: found logger, addr:10.139.66.192:31804
    INFO baseappmgr-1 10103 5000  [2018-07-30 16:55:01 513] - Components::addComponent: reset orderLog, uid=10103!
    INFO baseappmgr-1 10103 5000  [2018-07-30 16:55:01 513] - Components::addComponent[logger], uid=10103, componentID=2000, globalorderid=1, grouporderid=1, totalcount=1
    INFO baseappmgr-1 10103 5000  [2018-07-30 16:55:01 524] - Components::findComponents: find dbmgr(2)...
    INFO baseappmgr-1 10103 5000  [2018-07-30 16:55:03 627] - Components::findComponents: find dbmgr(3)...
    INFO baseappmgr-1 10103 5000  [2018-07-30 16:55:05 647] - Components::findComponents: find dbmgr(4)...
    INFO baseappmgr-1 10103 5000  [2018-07-30 16:55:07 666] - Components::findComponents: find dbmgr(5)...
    INFO baseappmgr-1 10103 5000  [2018-07-30 16:55:09 678] - Components::findComponents: find dbmgr(6)...
    INFO baseappmgr-1 10103 5000  [2018-07-30 16:55:11 746] - Components::findComponents: find dbmgr(7)...
    INFO baseappmgr-1 10103 5000  [2018-07-30 16:55:13 767] - Components::findComponents: find dbmgr(8)...
    INFO baseappmgr-1 10103 5000  [2018-07-30 16:55:15 778] - Components::findComponents: find dbmgr(9)...
    INFO baseappmgr-1 10103 5000  [2018-07-30 16:55:17 807] - Components::findComponents: find dbmgr(10)...
    INFO baseappmgr-1 10103 5000  [2018-07-30 16:55:19 927] - Components::findComponents: find dbmgr(11)...
 WARNING baseappmgr-1 10103 5000  [2018-07-30 16:55:20 259] - BundleBroadcast::BundleBroadcast: Cannot bind to port 20716, errorno=10048
    INFO baseappmgr-1 10103 5000  [2018-07-30 16:55:21 267] - Components::findComponents: find dbmgr(12)...
    INFO baseappmgr-1 10103 5000  [2018-07-30 16:55:23 347] - Components::findComponents: find dbmgr(13)...
    INFO baseappmgr-1 10103 5000  [2018-07-30 16:55:25 366] - Components::findComponents: find dbmgr(14)...
    INFO baseappmgr-1 10103 5000  [2018-07-30 16:55:27 386] - Components::findComponents: find dbmgr(15)...
    INFO baseappmgr-1 10103 5000  [2018-07-30 16:55:29 406] - Components::findComponents: find dbmgr(16)...
 WARNING baseappmgr-1 10103 5000  [2018-07-30 16:55:31 427] - Components::findComponents: find dbmgr(17)...
delay time is too long, please check the dbmgr logs!
    INFO baseappmgr-1 10103 5000  [2018-07-30 16:55:35 239] - -----------------------------------------------------------------------------------------


    INFO baseappmgr-1 10103 5000  [2018-07-30 16:55:35 244] - Resmgr::initialize: KBE_ROOT=D:/kbengine/
    INFO baseappmgr-1 10103 5000  [2018-07-30 16:55:35 247] - Resmgr::initialize: KBE_RES_PATH=D:/kbengine/kbe/res/;D:/kbengine/assets_Battle of Gods/;D:/kbengine/assets_Battle of Gods/scripts/;D:/kbengine/assets_Battle of Gods/res/
    INFO baseappmgr-1 10103 5000  [2018-07-30 16:55:35 247] - Resmgr::initialize: KBE_BIN_PATH=D:/kbengine/kbe/bin/server/
    INFO baseappmgr-1 10103 5000  [2018-07-30 16:55:35 272] - NetworkInterface::initialize(INTERNAL): bound to all interfaces with default route interface on 10.139.66.192 ( 10.139.66.192:31959 )
    INFO baseappmgr-1 10103 5000  [2018-07-30 16:55:35 272] - NetworkInterface::initialize(INTERNAL): address 10.139.66.192:31959, SOMAXCONN=5.
    INFO baseappmgr-1 10103 5000  [2018-07-30 16:55:35 272] - server-configs:
    INFO baseappmgr-1 10103 5000  [2018-07-30 16:55:35 272] - 	internalAddr : 10.139.66.192:31959
    INFO baseappmgr-1 10103 5000  [2018-07-30 16:55:35 272] - 	componentID : 5000
    INFO baseappmgr-1 10103 5000  [2018-07-30 16:55:36 794] - ---- baseappmgr Version: 2.0.0. ScriptVersion: 0.1.0. Protocol: EE09E8FDB2CCFCF3A31D35776E8954CE. Config: Debug X86. Built: 16:27:27 Apr 30 2018. AppID: 5000. UID: 10103. PID: 14660 ----
    INFO baseappmgr-1 10103 5000  [2018-07-30 16:55:36 794] - Server : Intel(R) Core(TM) i7-6700HQ CPU @ 2.60GHz with 2097151kB RAM
    INFO baseappmgr-1 10103 5000  [2018-07-30 16:55:36 795] - ThreadPool::createThreadPool: creating  threadpool...
    INFO baseappmgr-1 10103 5000  [2018-07-30 16:55:36 795] - ThreadPool::createThreadPool: successfully(2), newThreadCount=1, normalMaxThreadCount=2, maxThreadCount=8
    INFO baseappmgr-1 10103 5000  [2018-07-30 16:55:37 391] - ---- baseappmgr is running ----
   DEBUG baseappmgr-1 10103 5000  [2018-07-30 16:55:37 391] - Components::process(): Request for the process of identity...
    INFO baseappmgr-1 10103 5000  [2018-07-30 16:55:44 697] - Components::findComponents: find logger(1)...
    INFO baseappmgr-1 10103 5000  [2018-07-30 16:55:44 729] - Components::findComponents: found logger, addr:10.139.66.192:31956
    INFO baseappmgr-1 10103 5000  [2018-07-30 16:55:44 729] - Components::addComponent: reset orderLog, uid=10103!
    INFO baseappmgr-1 10103 5000  [2018-07-30 16:55:44 729] - Components::addComponent[logger], uid=10103, componentID=2000, globalorderid=1, grouporderid=1, totalcount=1
    INFO baseappmgr-1 10103 5000  [2018-07-30 16:55:44 740] - Components::findComponents: find dbmgr(2)...
    INFO baseappmgr-1 10103 5000  [2018-07-30 16:55:46 837] - Components::findComponents: find dbmgr(3)...
    INFO baseappmgr-1 10103 5000  [2018-07-30 16:55:48 877] - Components::findComponents: find dbmgr(4)...
    INFO baseappmgr-1 10103 5000  [2018-07-30 16:55:50 996] - Components::findComponents: find dbmgr(5)...
    INFO baseappmgr-1 10103 5000  [2018-07-30 16:55:53 116] - Components::findComponents: find dbmgr(6)...
    INFO baseappmgr-1 10103 5000  [2018-07-30 16:55:55 236] - Components::findComponents: find dbmgr(7)...
    INFO baseappmgr-1 10103 5000  [2018-07-30 16:55:57 350] - Components::findComponents: find dbmgr(8)...
    INFO baseappmgr-1 10103 5000  [2018-07-30 16:56:01 282] - -----------------------------------------------------------------------------------------


    INFO baseappmgr-1 10103 5000  [2018-07-30 16:56:01 283] - Resmgr::initialize: KBE_ROOT=D:/kbengine/
    INFO baseappmgr-1 10103 5000  [2018-07-30 16:56:01 284] - Resmgr::initialize: KBE_RES_PATH=D:/kbengine/kbe/res/;D:/kbengine/assets_Battle of Gods/;D:/kbengine/assets_Battle of Gods/scripts/;D:/kbengine/assets_Battle of Gods/res/
    INFO baseappmgr-1 10103 5000  [2018-07-30 16:56:01 284] - Resmgr::initialize: KBE_BIN_PATH=D:/kbengine/kbe/bin/server/
    INFO baseappmgr-1 10103 5000  [2018-07-30 16:56:01 300] - NetworkInterface::initialize(INTERNAL): bound to all interfaces with default route interface on 10.139.66.192 ( 10.139.66.192:32063 )
    INFO baseappmgr-1 10103 5000  [2018-07-30 16:56:01 300] - NetworkInterface::initialize(INTERNAL): address 10.139.66.192:32063, SOMAXCONN=5.
    INFO baseappmgr-1 10103 5000  [2018-07-30 16:56:01 301] - server-configs:
    INFO baseappmgr-1 10103 5000  [2018-07-30 16:56:01 301] - 	internalAddr : 10.139.66.192:32063
    INFO baseappmgr-1 10103 5000  [2018-07-30 16:56:01 301] - 	componentID : 5000
    INFO baseappmgr-1 10103 5000  [2018-07-30 16:56:02 811] - ---- baseappmgr Version: 2.0.0. ScriptVersion: 0.1.0. Protocol: EE09E8FDB2CCFCF3A31D35776E8954CE. Config: Debug X86. Built: 16:27:27 Apr 30 2018. AppID: 5000. UID: 10103. PID: 13692 ----
    INFO baseappmgr-1 10103 5000  [2018-07-30 16:56:02 812] - Server : Intel(R) Core(TM) i7-6700HQ CPU @ 2.60GHz with 2097151kB RAM
    INFO baseappmgr-1 10103 5000  [2018-07-30 16:56:02 812] - ThreadPool::createThreadPool: creating  threadpool...
    INFO baseappmgr-1 10103 5000  [2018-07-30 16:56:02 813] - ThreadPool::createThreadPool: successfully(2), newThreadCount=1, normalMaxThreadCount=2, maxThreadCount=8
    INFO baseappmgr-1 10103 5000  [2018-07-30 16:56:03 447] - ---- baseappmgr is running ----
   DEBUG baseappmgr-1 10103 5000  [2018-07-30 16:56:03 447] - Components::process(): Request for the process of identity...
    INFO baseappmgr-1 10103 5000  [2018-07-30 16:56:10 755] - Components::findComponents: find logger(1)...
    INFO baseappmgr-1 10103 5000  [2018-07-30 16:56:10 813] - Components::findComponents: found logger, addr:10.139.66.192:32060
    INFO baseappmgr-1 10103 5000  [2018-07-30 16:56:10 813] - Components::addComponent: reset orderLog, uid=10103!
    INFO baseappmgr-1 10103 5000  [2018-07-30 16:56:10 814] - Components::addComponent[logger], uid=10103, componentID=2000, globalorderid=1, grouporderid=1, totalcount=1
    INFO baseappmgr-1 10103 5000  [2018-07-30 16:56:10 825] - Components::findComponents: find dbmgr(2)...
    INFO baseappmgr-1 10103 5000  [2018-07-30 16:56:12 935] - Components::findComponents: find dbmgr(3)...
    INFO baseappmgr-1 10103 5000  [2018-07-30 16:56:14 954] - Components::findComponents: find dbmgr(4)...
    INFO baseappmgr-1 10103 5000  [2018-07-30 16:56:16 974] - Components::findComponents: find dbmgr(5)...
    INFO baseappmgr-1 10103 5000  [2018-07-30 16:56:19 014] - Components::findComponents: find dbmgr(6)...
    INFO baseappmgr-1 10103 5000  [2018-07-30 16:56:21 034] - Components::findComponents: find dbmgr(7)...
    INFO baseappmgr-1 10103 5000  [2018-07-30 16:56:23 055] - Components::findComponents: find dbmgr(8)...
    INFO baseappmgr-1 10103 5000  [2018-07-30 16:56:25 084] - Components::findComponents: find dbmgr(9)...
    INFO baseappmgr-1 10103 5000  [2018-07-30 16:56:27 114] - Components::findComponents: find dbmgr(10)...
    INFO baseappmgr-1 10103 5000  [2018-07-30 16:56:29 134] - Components::findComponents: find dbmgr(11)...
    INFO baseappmgr-1 10103 5000  [2018-07-30 16:56:31 154] - Components::findComponents: find dbmgr(12)...
    INFO baseappmgr-1 10103 5000  [2018-07-30 16:56:33 175] - Components::findComponents: find dbmgr(13)...
    INFO baseappmgr-1 10103 5000  [2018-07-30 16:56:35 214] - Components::findComponents: find dbmgr(14)...
    INFO baseappmgr-1 10103 5000  [2018-07-30 16:56:37 335] - Components::findComponents: find dbmgr(15)...
    INFO baseappmgr-1 10103 5000  [2018-07-30 16:56:39 355] - Components::findComponents: find dbmgr(16)...
 WARNING baseappmgr-1 10103 5000  [2018-07-30 16:56:41 375] - Components::findComponents: find dbmgr(17)...
delay time is too long, please check the dbmgr logs!
 WARNING baseappmgr-1 10103 5000  [2018-07-30 16:56:43 394] - Components::findComponents: find dbmgr(18)...
delay time is too long, please check the dbmgr logs!
 WARNING baseappmgr-1 10103 5000  [2018-07-30 16:56:45 415] - Components::findComponents: find dbmgr(19)...
delay time is too long, please check the dbmgr logs!
 WARNING baseappmgr-1 10103 5000  [2018-07-30 16:56:47 434] - Components::findComponents: find dbmgr(20)...
delay time is too long, please check the dbmgr logs!
 WARNING baseappmgr-1 10103 5000  [2018-07-30 16:56:49 474] - Components::findComponents: find dbmgr(21)...
delay time is too long, please check the dbmgr logs!
 WARNING baseappmgr-1 10103 5000  [2018-07-30 16:56:51 485] - Components::findComponents: find dbmgr(22)...
delay time is too long, please check the dbmgr logs!
 WARNING baseappmgr-1 10103 5000  [2018-07-30 16:56:53 515] - Components::findComponents: find dbmgr(23)...
delay time is too long, please check the dbmgr logs!
 WARNING baseappmgr-1 10103 5000  [2018-07-30 16:56:55 534] - Components::findComponents: find dbmgr(24)...
delay time is too long, please check the dbmgr logs!
 WARNING baseappmgr-1 10103 5000  [2018-07-30 16:56:57 574] - Components::findComponents: find dbmgr(25)...
delay time is too long, please check the dbmgr logs!
 WARNING baseappmgr-1 10103 5000  [2018-07-30 16:56:59 585] - Components::findComponents: find dbmgr(26)...
delay time is too long, please check the dbmgr logs!
 WARNING baseappmgr-1 10103 5000  [2018-07-30 16:57:01 614] - Components::findComponents: find dbmgr(27)...
delay time is too long, please check the dbmgr logs!
 WARNING baseappmgr-1 10103 5000  [2018-07-30 16:57:03 635] - Components::findComponents: find dbmgr(28)...
delay time is too long, please check the dbmgr logs!
 WARNING baseappmgr-1 10103 5000  [2018-07-30 16:57:05 675] - Components::findComponents: find dbmgr(29)...
delay time is too long, please check the dbmgr logs!
 WARNING baseappmgr-1 10103 5000  [2018-07-30 16:57:07 695] - Components::findComponents: find dbmgr(30)...
delay time is too long, please check the dbmgr logs!
 WARNING baseappmgr-1 10103 5000  [2018-07-30 16:57:09 735] - Components::findComponents: find dbmgr(31)...
delay time is too long, please check the dbmgr logs!
 WARNING baseappmgr-1 10103 5000  [2018-07-30 16:57:11 755] - Components::findComponents: find dbmgr(32)...
delay time is too long, please check the dbmgr logs!
 WARNING baseappmgr-1 10103 5000  [2018-07-30 16:57:13 774] - Components::findComponents: find dbmgr(33)...
delay time is too long, please check the dbmgr logs!
 WARNING baseappmgr-1 10103 5000  [2018-07-30 16:57:15 814] - Components::findComponents: find dbmgr(34)...
delay time is too long, please check the dbmgr logs!
 WARNING baseappmgr-1 10103 5000  [2018-07-30 16:57:17 835] - Components::findComponents: find dbmgr(35)...
delay time is too long, please check the dbmgr logs!
 WARNING baseappmgr-1 10103 5000  [2018-07-30 16:57:19 854] - Components::findComponents: find dbmgr(36)...
delay time is too long, please check the dbmgr logs!
 WARNING baseappmgr-1 10103 5000  [2018-07-30 16:57:21 884] - Components::findComponents: find dbmgr(37)...
delay time is too long, please check the dbmgr logs!
 WARNING baseappmgr-1 10103 5000  [2018-07-30 16:57:23 914] - Components::findComponents: find dbmgr(38)...
delay time is too long, please check the dbmgr logs!
 WARNING baseappmgr-1 10103 5000  [2018-07-30 16:57:25 935] - Components::findComponents: find dbmgr(39)...
delay time is too long, please check the dbmgr logs!
 WARNING baseappmgr-1 10103 5000  [2018-07-30 16:57:27 975] - Components::findComponents: find dbmgr(40)...
delay time is too long, please check the dbmgr logs!
 WARNING baseappmgr-1 10103 5000  [2018-07-30 16:57:29 995] - Components::findComponents: find dbmgr(41)...
delay time is too long, please check the dbmgr logs!
 WARNING baseappmgr-1 10103 5000  [2018-07-30 16:57:32 015] - Components::findComponents: find dbmgr(42)...
delay time is too long, please check the dbmgr logs!
 WARNING baseappmgr-1 10103 5000  [2018-07-30 16:57:34 055] - Components::findComponents: find dbmgr(43)...
delay time is too long, please check the dbmgr logs!
 WARNING baseappmgr-1 10103 5000  [2018-07-30 16:57:36 074] - Components::findComponents: find dbmgr(44)...
delay time is too long, please check the dbmgr logs!
 WARNING baseappmgr-1 10103 5000  [2018-07-30 16:57:38 114] - Components::findComponents: find dbmgr(45)...
delay time is too long, please check the dbmgr logs!
 WARNING baseappmgr-1 10103 5000  [2018-07-30 16:57:40 134] - Components::findComponents: find dbmgr(46)...
delay time is too long, please check the dbmgr logs!
 WARNING baseappmgr-1 10103 5000  [2018-07-30 16:57:42 155] - Components::findComponents: find dbmgr(47)...
delay time is too long, please check the dbmgr logs!
 WARNING baseappmgr-1 10103 5000  [2018-07-30 16:57:44 184] - Components::findComponents: find dbmgr(48)...
delay time is too long, please check the dbmgr logs!
 WARNING baseappmgr-1 10103 5000  [2018-07-30 16:57:46 214] - Components::findComponents: find dbmgr(49)...
delay time is too long, please check the dbmgr logs!
 WARNING baseappmgr-1 10103 5000  [2018-07-30 16:57:48 254] - Components::findComponents: find dbmgr(50)...
delay time is too long, please check the dbmgr logs!
 WARNING baseappmgr-1 10103 5000  [2018-07-30 16:57:50 274] - Components::findComponents: find dbmgr(51)...
delay time is too long, please check the dbmgr logs!
 WARNING baseappmgr-1 10103 5000  [2018-07-30 16:57:52 314] - Components::findComponents: find dbmgr(52)...
delay time is too long, please check the dbmgr logs!
 WARNING baseappmgr-1 10103 5000  [2018-07-30 16:57:54 335] - Components::findComponents: find dbmgr(53)...
delay time is too long, please check the dbmgr logs!
 WARNING baseappmgr-1 10103 5000  [2018-07-30 16:57:56 354] - Components::findComponents: find dbmgr(54)...
delay time is too long, please check the dbmgr logs!
 WARNING baseappmgr-1 10103 5000  [2018-07-30 16:57:58 384] - Components::findComponents: find dbmgr(55)...
delay time is too long, please check the dbmgr logs!
 WARNING baseappmgr-1 10103 5000  [2018-07-30 16:58:00 414] - Components::findComponents: find dbmgr(56)...
delay time is too long, please check the dbmgr logs!
 WARNING baseappmgr-1 10103 5000  [2018-07-30 16:58:02 454] - Components::findComponents: find dbmgr(57)...
delay time is too long, please check the dbmgr logs!
 WARNING baseappmgr-1 10103 5000  [2018-07-30 16:58:04 474] - Components::findComponents: find dbmgr(58)...
delay time is too long, please check the dbmgr logs!
 WARNING baseappmgr-1 10103 5000  [2018-07-30 16:58:06 495] - Components::findComponents: find dbmgr(59)...
delay time is too long, please check the dbmgr logs!
 WARNING baseappmgr-1 10103 5000  [2018-07-30 16:58:08 534] - Components::findComponents: find dbmgr(60)...
delay time is too long, please check the dbmgr logs!
 WARNING baseappmgr-1 10103 5000  [2018-07-30 16:58:10 555] - Components::findComponents: find dbmgr(61)...
delay time is too long, please check the dbmgr logs!
 WARNING baseappmgr-1 10103 5000  [2018-07-30 16:58:12 584] - Components::findComponents: find dbmgr(62)...
delay time is too long, please check the dbmgr logs!
 WARNING baseappmgr-1 10103 5000  [2018-07-30 16:58:14 614] - Components::findComponents: find dbmgr(63)...
delay time is too long, please check the dbmgr logs!
 WARNING baseappmgr-1 10103 5000  [2018-07-30 16:58:16 634] - Components::findComponents: find dbmgr(64)...
delay time is too long, please check the dbmgr logs!
 WARNING baseappmgr-1 10103 5000  [2018-07-30 16:58:18 674] - Components::findComponents: find dbmgr(65)...
delay time is too long, please check the dbmgr logs!
 WARNING baseappmgr-1 10103 5000  [2018-07-30 16:58:20 684] - Components::findComponents: find dbmgr(66)...
delay time is too long, please check the dbmgr logs!
 WARNING baseappmgr-1 10103 5000  [2018-07-30 16:58:22 714] - Components::findComponents: find dbmgr(67)...
delay time is too long, please check the dbmgr logs!
 WARNING baseappmgr-1 10103 5000  [2018-07-30 16:58:24 754] - Components::findComponents: find dbmgr(68)...
delay time is too long, please check the dbmgr logs!
 WARNING baseappmgr-1 10103 5000  [2018-07-30 16:58:26 774] - Components::findComponents: find dbmgr(69)...
delay time is too long, please check the dbmgr logs!
 WARNING baseappmgr-1 10103 5000  [2018-07-30 16:58:28 795] - Components::findComponents: find dbmgr(70)...
delay time is too long, please check the dbmgr logs!
 WARNING baseappmgr-1 10103 5000  [2018-07-30 16:58:30 834] - Components::findComponents: find dbmgr(71)...
delay time is too long, please check the dbmgr logs!
 WARNING baseappmgr-1 10103 5000  [2018-07-30 16:58:32 854] - Components::findComponents: find dbmgr(72)...
delay time is too long, please check the dbmgr logs!
 WARNING baseappmgr-1 10103 5000  [2018-07-30 16:58:34 884] - Components::findComponents: find dbmgr(73)...
delay time is too long, please check the dbmgr logs!
 WARNING baseappmgr-1 10103 5000  [2018-07-30 16:58:36 915] - Components::findComponents: find dbmgr(74)...
delay time is too long, please check the dbmgr logs!
 WARNING baseappmgr-1 10103 5000  [2018-07-30 16:58:38 954] - Components::findComponents: find dbmgr(75)...
delay time is too long, please check the dbmgr logs!
 WARNING baseappmgr-1 10103 5000  [2018-07-30 16:58:40 975] - Components::findComponents: find dbmgr(76)...
delay time is too long, please check the dbmgr logs!
 WARNING baseappmgr-1 10103 5000  [2018-07-30 16:58:43 014] - Components::findComponents: find dbmgr(77)...
delay time is too long, please check the dbmgr logs!
 WARNING baseappmgr-1 10103 5000  [2018-07-30 16:58:45 034] - Components::findComponents: find dbmgr(78)...
delay time is too long, please check the dbmgr logs!
 WARNING baseappmgr-1 10103 5000  [2018-07-30 16:58:47 055] - Components::findComponents: find dbmgr(79)...
delay time is too long, please check the dbmgr logs!
 WARNING baseappmgr-1 10103 5000  [2018-07-30 16:58:49 084] - Components::findComponents: find dbmgr(80)...
delay time is too long, please check the dbmgr logs!
 WARNING baseappmgr-1 10103 5000  [2018-07-30 16:58:51 115] - Components::findComponents: find dbmgr(81)...
delay time is too long, please check the dbmgr logs!
 WARNING baseappmgr-1 10103 5000  [2018-07-30 16:58:53 155] - Components::findComponents: find dbmgr(82)...
delay time is too long, please check the dbmgr logs!
 WARNING baseappmgr-1 10103 5000  [2018-07-30 16:58:55 175] - Components::findComponents: find dbmgr(83)...
delay time is too long, please check the dbmgr logs!
 WARNING baseappmgr-1 10103 5000  [2018-07-30 16:58:57 214] - Components::findComponents: find dbmgr(84)...
delay time is too long, please check the dbmgr logs!
 WARNING baseappmgr-1 10103 5000  [2018-07-30 16:58:59 234] - Components::findComponents: find dbmgr(85)...
delay time is too long, please check the dbmgr logs!
 WARNING baseappmgr-1 10103 5000  [2018-07-30 16:59:01 275] - Components::findComponents: find dbmgr(86)...
delay time is too long, please check the dbmgr logs!
 WARNING baseappmgr-1 10103 5000  [2018-07-30 16:59:03 295] - Components::findComponents: find dbmgr(87)...
delay time is too long, please check the dbmgr logs!
 WARNING baseappmgr-1 10103 5000  [2018-07-30 16:59:05 334] - Components::findComponents: find dbmgr(88)...
delay time is too long, please check the dbmgr logs!
 WARNING baseappmgr-1 10103 5000  [2018-07-30 16:59:07 354] - Components::findComponents: find dbmgr(89)...
delay time is too long, please check the dbmgr logs!
 WARNING baseappmgr-1 10103 5000  [2018-07-30 16:59:09 384] - Components::findComponents: find dbmgr(90)...
delay time is too long, please check the dbmgr logs!
 WARNING baseappmgr-1 10103 5000  [2018-07-30 16:59:11 414] - Components::findComponents: find dbmgr(91)...
delay time is too long, please check the dbmgr logs!
 WARNING baseappmgr-1 10103 5000  [2018-07-30 16:59:13 454] - Components::findComponents: find dbmgr(92)...
delay time is too long, please check the dbmgr logs!
 WARNING baseappmgr-1 10103 5000  [2018-07-30 16:59:15 475] - Components::findComponents: find dbmgr(93)...
delay time is too long, please check the dbmgr logs!
 WARNING baseappmgr-1 10103 5000  [2018-07-30 16:59:17 514] - Components::findComponents: find dbmgr(94)...
delay time is too long, please check the dbmgr logs!
 WARNING baseappmgr-1 10103 5000  [2018-07-30 16:59:19 534] - Components::findComponents: find dbmgr(95)...
delay time is too long, please check the dbmgr logs!
 WARNING baseappmgr-1 10103 5000  [2018-07-30 16:59:21 554] - Components::findComponents: find dbmgr(96)...
delay time is too long, please check the dbmgr logs!
 WARNING baseappmgr-1 10103 5000  [2018-07-30 16:59:23 584] - Components::findComponents: find dbmgr(97)...
delay time is too long, please check the dbmgr logs!
 WARNING baseappmgr-1 10103 5000  [2018-07-30 16:59:25 615] - Components::findComponents: find dbmgr(98)...
delay time is too long, please check the dbmgr logs!
 WARNING baseappmgr-1 10103 5000  [2018-07-30 16:59:27 654] - Components::findComponents: find dbmgr(99)...
delay time is too long, please check the dbmgr logs!
 WARNING baseappmgr-1 10103 5000  [2018-07-30 16:59:29 674] - Components::findComponents: find dbmgr(100)...
delay time is too long, please check the dbmgr logs!
 WARNING baseappmgr-1 10103 5000  [2018-07-30 16:59:31 715] - Components::findComponents: find dbmgr(101)...
delay time is too long, please check the dbmgr logs!
 WARNING baseappmgr-1 10103 5000  [2018-07-30 16:59:33 734] - Components::findComponents: find dbmgr(102)...
delay time is too long, please check the dbmgr logs!
 WARNING baseappmgr-1 10103 5000  [2018-07-30 16:59:35 774] - Components::findComponents: find dbmgr(103)...
delay time is too long, please check the dbmgr logs!
 WARNING baseappmgr-1 10103 5000  [2018-07-30 16:59:37 795] - Components::findComponents: find dbmgr(104)...
delay time is too long, please check the dbmgr logs!
 WARNING baseappmgr-1 10103 5000  [2018-07-30 16:59:39 834] - Components::findComponents: find dbmgr(105)...
delay time is too long, please check the dbmgr logs!
 WARNING baseappmgr-1 10103 5000  [2018-07-30 16:59:41 854] - Components::findComponents: find dbmgr(106)...
delay time is too long, please check the dbmgr logs!
 WARNING baseappmgr-1 10103 5000  [2018-07-30 16:59:43 874] - Components::findComponents: find dbmgr(107)...
delay time is too long, please check the dbmgr logs!
 WARNING baseappmgr-1 10103 5000  [2018-07-30 16:59:45 914] - Components::findComponents: find dbmgr(108)...
delay time is too long, please check the dbmgr logs!
 WARNING baseappmgr-1 10103 5000  [2018-07-30 16:59:47 934] - Components::findComponents: find dbmgr(109)...
delay time is too long, please check the dbmgr logs!
 WARNING baseappmgr-1 10103 5000  [2018-07-30 16:59:49 974] - Components::findComponents: find dbmgr(110)...
delay time is too long, please check the dbmgr logs!
 WARNING baseappmgr-1 10103 5000  [2018-07-30 16:59:51 995] - Components::findComponents: find dbmgr(111)...
delay time is too long, please check the dbmgr logs!
 WARNING baseappmgr-1 10103 5000  [2018-07-30 16:59:54 035] - Components::findComponents: find dbmgr(112)...
delay time is too long, please check the dbmgr logs!
 WARNING baseappmgr-1 10103 5000  [2018-07-30 16:59:56 154] - Components::findComponents: find dbmgr(113)...
delay time is too long, please check the dbmgr logs!
 WARNING baseappmgr-1 10103 5000  [2018-07-30 16:59:58 174] - Components::findComponents: find dbmgr(114)...
delay time is too long, please check the dbmgr logs!
 WARNING baseappmgr-1 10103 5000  [2018-07-30 17:00:00 214] - Components::findComponents: find dbmgr(115)...
delay time is too long, please check the dbmgr logs!
 WARNING baseappmgr-1 10103 5000  [2018-07-30 17:00:00 548] - BundleBroadcast::BundleBroadcast: Cannot bind to port 20495, errorno=10048
 WARNING baseappmgr-1 10103 5000  [2018-07-30 17:00:01 554] - Components::findComponents: find dbmgr(116)...
delay time is too long, please check the dbmgr logs!
 WARNING baseappmgr-1 10103 5000  [2018-07-30 17:00:03 655] - Components::findComponents: find dbmgr(117)...
delay time is too long, please check the dbmgr logs!
 WARNING baseappmgr-1 10103 5000  [2018-07-30 17:00:05 685] - Components::findComponents: find dbmgr(118)...
delay time is too long, please check the dbmgr logs!
 WARNING baseappmgr-1 10103 5000  [2018-07-30 17:00:07 715] - Components::findComponents: find dbmgr(119)...
delay time is too long, please check the dbmgr logs!
 WARNING baseappmgr-1 10103 5000  [2018-07-30 17:00:09 735] - Components::findComponents: find dbmgr(120)...
delay time is too long, please check the dbmgr logs!
 WARNING baseappmgr-1 10103 5000  [2018-07-30 17:00:11 774] - Components::findComponents: find dbmgr(121)...
delay time is too long, please check the dbmgr logs!
 WARNING baseappmgr-1 10103 5000  [2018-07-30 17:00:13 794] - Components::findComponents: find dbmgr(122)...
delay time is too long, please check the dbmgr logs!
 WARNING baseappmgr-1 10103 5000  [2018-07-30 17:00:15 834] - Components::findComponents: find dbmgr(123)...
delay time is too long, please check the dbmgr logs!
 WARNING baseappmgr-1 10103 5000  [2018-07-30 17:00:17 854] - Components::findComponents: find dbmgr(124)...
delay time is too long, please check the dbmgr logs!
 WARNING baseappmgr-1 10103 5000  [2018-07-30 17:00:19 874] - Components::findComponents: find dbmgr(125)...
delay time is too long, please check the dbmgr logs!
 WARNING baseappmgr-1 10103 5000  [2018-07-30 17:00:21 894] - Components::findComponents: find dbmgr(126)...
delay time is too long, please check the dbmgr logs!
 WARNING baseappmgr-1 10103 5000  [2018-07-30 17:00:23 934] - Components::findComponents: find dbmgr(127)...
delay time is too long, please check the dbmgr logs!
 WARNING baseappmgr-1 10103 5000  [2018-07-30 17:00:25 955] - Components::findComponents: find dbmgr(128)...
delay time is too long, please check the dbmgr logs!
 WARNING baseappmgr-1 10103 5000  [2018-07-30 17:00:27 974] - Components::findComponents: find dbmgr(129)...
delay time is too long, please check the dbmgr logs!
 WARNING baseappmgr-1 10103 5000  [2018-07-30 17:00:30 014] - Components::findComponents: find dbmgr(130)...
delay time is too long, please check the dbmgr logs!
 WARNING baseappmgr-1 10103 5000  [2018-07-30 17:00:32 034] - Components::findComponents: find dbmgr(131)...
delay time is too long, please check the dbmgr logs!
 WARNING baseappmgr-1 10103 5000  [2018-07-30 17:00:34 075] - Components::findComponents: find dbmgr(132)...
delay time is too long, please check the dbmgr logs!
 WARNING baseappmgr-1 10103 5000  [2018-07-30 17:00:36 095] - Components::findComponents: find dbmgr(133)...
delay time is too long, please check the dbmgr logs!
 WARNING baseappmgr-1 10103 5000  [2018-07-30 17:00:38 114] - Components::findComponents: find dbmgr(134)...
delay time is too long, please check the dbmgr logs!
 WARNING baseappmgr-1 10103 5000  [2018-07-30 17:00:40 154] - Components::findComponents: find dbmgr(135)...
delay time is too long, please check the dbmgr logs!
 WARNING baseappmgr-1 10103 5000  [2018-07-30 17:00:42 174] - Components::findComponents: find dbmgr(136)...
delay time is too long, please check the dbmgr logs!
 WARNING baseappmgr-1 10103 5000  [2018-07-30 17:00:44 214] - Components::findComponents: find dbmgr(137)...
delay time is too long, please check the dbmgr logs!
 WARNING baseappmgr-1 10103 5000  [2018-07-30 17:00:46 234] - Components::findComponents: find dbmgr(138)...
delay time is too long, please check the dbmgr logs!
 WARNING baseappmgr-1 10103 5000  [2018-07-30 17:00:48 255] - Components::findComponents: find dbmgr(139)...
delay time is too long, please check the dbmgr logs!
 WARNING baseappmgr-1 10103 5000  [2018-07-30 17:00:50 284] - Components::findComponents: find dbmgr(140)...
delay time is too long, please check the dbmgr logs!
 WARNING baseappmgr-1 10103 5000  [2018-07-30 17:00:52 314] - Components::findComponents: find dbmgr(141)...
delay time is too long, please check the dbmgr logs!
 WARNING baseappmgr-1 10103 5000  [2018-07-30 17:00:54 334] - Components::findComponents: find dbmgr(142)...
delay time is too long, please check the dbmgr logs!
 WARNING baseappmgr-1 10103 5000  [2018-07-30 17:00:56 374] - Components::findComponents: find dbmgr(143)...
delay time is too long, please check the dbmgr logs!
 WARNING baseappmgr-1 10103 5000  [2018-07-30 17:00:58 394] - Components::findComponents: find dbmgr(144)...
delay time is too long, please check the dbmgr logs!
 WARNING baseappmgr-1 10103 5000  [2018-07-30 17:01:00 434] - Components::findComponents: find dbmgr(145)...
delay time is too long, please check the dbmgr logs!
 WARNING baseappmgr-1 10103 5000  [2018-07-30 17:01:02 454] - Components::findComponents: find dbmgr(146)...
delay time is too long, please check the dbmgr logs!
 WARNING baseappmgr-1 10103 5000  [2018-07-30 17:01:04 484] - Components::findComponents: find dbmgr(147)...
delay time is too long, please check the dbmgr logs!
 WARNING baseappmgr-1 10103 5000  [2018-07-30 17:01:06 514] - Components::findComponents: find dbmgr(148)...
delay time is too long, please check the dbmgr logs!
 WARNING baseappmgr-1 10103 5000  [2018-07-30 17:01:08 534] - Components::findComponents: find dbmgr(149)...
delay time is too long, please check the dbmgr logs!
 WARNING baseappmgr-1 10103 5000  [2018-07-30 17:01:10 555] - Components::findComponents: find dbmgr(150)...
delay time is too long, please check the dbmgr logs!
 WARNING baseappmgr-1 10103 5000  [2018-07-30 17:01:12 584] - Components::findComponents: find dbmgr(151)...
delay time is too long, please check the dbmgr logs!
 WARNING baseappmgr-1 10103 5000  [2018-07-30 17:01:14 614] - Components::findComponents: find dbmgr(152)...
delay time is too long, please check the dbmgr logs!
 WARNING baseappmgr-1 10103 5000  [2018-07-30 17:01:16 654] - Components::findComponents: find dbmgr(153)...
delay time is too long, please check the dbmgr logs!
 WARNING baseappmgr-1 10103 5000  [2018-07-30 17:01:18 674] - Components::findComponents: find dbmgr(154)...
delay time is too long, please check the dbmgr logs!
 WARNING baseappmgr-1 10103 5000  [2018-07-30 17:01:20 714] - Components::findComponents: find dbmgr(155)...
delay time is too long, please check the dbmgr logs!
 WARNING baseappmgr-1 10103 5000  [2018-07-30 17:01:22 734] - Components::findComponents: find dbmgr(156)...
delay time is too long, please check the dbmgr logs!
 WARNING baseappmgr-1 10103 5000  [2018-07-30 17:01:24 754] - Components::findComponents: find dbmgr(157)...
delay time is too long, please check the dbmgr logs!
 WARNING baseappmgr-1 10103 5000  [2018-07-30 17:01:26 774] - Components::findComponents: find dbmgr(158)...
delay time is too long, please check the dbmgr logs!
 WARNING baseappmgr-1 10103 5000  [2018-07-30 17:01:28 814] - Components::findComponents: find dbmgr(159)...
delay time is too long, please check the dbmgr logs!
 WARNING baseappmgr-1 10103 5000  [2018-07-30 17:01:30 834] - Components::findComponents: find dbmgr(160)...
delay time is too long, please check the dbmgr logs!
 WARNING baseappmgr-1 10103 5000  [2018-07-30 17:01:32 875] - Components::findComponents: find dbmgr(161)...
delay time is too long, please check the dbmgr logs!
 WARNING baseappmgr-1 10103 5000  [2018-07-30 17:01:34 895] - Components::findComponents: find dbmgr(162)...
delay time is too long, please check the dbmgr logs!
 WARNING baseappmgr-1 10103 5000  [2018-07-30 17:01:36 914] - Components::findComponents: find dbmgr(163)...
delay time is too long, please check the dbmgr logs!
 WARNING baseappmgr-1 10103 5000  [2018-07-30 17:01:38 954] - Components::findComponents: find dbmgr(164)...
delay time is too long, please check the dbmgr logs!
 WARNING baseappmgr-1 10103 5000  [2018-07-30 17:01:40 974] - Components::findComponents: find dbmgr(165)...
delay time is too long, please check the dbmgr logs!
 WARNING baseappmgr-1 10103 5000  [2018-07-30 17:01:42 994] - Components::findComponents: find dbmgr(166)...
delay time is too long, please check the dbmgr logs!
 WARNING baseappmgr-1 10103 5000  [2018-07-30 17:01:45 034] - Components::findComponents: find dbmgr(167)...
delay time is too long, please check the dbmgr logs!
 WARNING baseappmgr-1 10103 5000  [2018-07-30 17:01:47 054] - Components::findComponents: find dbmgr(168)...
delay time is too long, please check the dbmgr logs!
 WARNING baseappmgr-1 10103 5000  [2018-07-30 17:01:49 084] - Components::findComponents: find dbmgr(169)...
delay time is too long, please check the dbmgr logs!
 WARNING baseappmgr-1 10103 5000  [2018-07-30 17:01:51 114] - Components::findComponents: find dbmgr(170)...
delay time is too long, please check the dbmgr logs!
 WARNING baseappmgr-1 10103 5000  [2018-07-30 17:01:51 448] - BundleBroadcast::BundleBroadcast: Cannot bind to port 20219, errorno=10048
 WARNING baseappmgr-1 10103 5000  [2018-07-30 17:01:52 454] - Components::findComponents: find dbmgr(171)...
delay time is too long, please check the dbmgr logs!
 WARNING baseappmgr-1 10103 5000  [2018-07-30 17:01:54 554] - Components::findComponents: find dbmgr(172)...
delay time is too long, please check the dbmgr logs!
 WARNING baseappmgr-1 10103 5000  [2018-07-30 17:01:56 584] - Components::findComponents: find dbmgr(173)...
delay time is too long, please check the dbmgr logs!
 WARNING baseappmgr-1 10103 5000  [2018-07-30 17:01:58 614] - Components::findComponents: find dbmgr(174)...
delay time is too long, please check the dbmgr logs!
 WARNING baseappmgr-1 10103 5000  [2018-07-30 17:02:00 634] - Components::findComponents: find dbmgr(175)...
delay time is too long, please check the dbmgr logs!
 WARNING baseappmgr-1 10103 5000  [2018-07-30 17:02:02 674] - Components::findComponents: find dbmgr(176)...
delay time is too long, please check the dbmgr logs!
 WARNING baseappmgr-1 10103 5000  [2018-07-30 17:02:04 694] - Components::findComponents: find dbmgr(177)...
delay time is too long, please check the dbmgr logs!
 WARNING baseappmgr-1 10103 5000  [2018-07-30 17:02:06 714] - Components::findComponents: find dbmgr(178)...
delay time is too long, please check the dbmgr logs!
 WARNING baseappmgr-1 10103 5000  [2018-07-30 17:02:08 754] - Components::findComponents: find dbmgr(179)...
delay time is too long, please check the dbmgr logs!
 WARNING baseappmgr-1 10103 5000  [2018-07-30 17:02:10 774] - Components::findComponents: find dbmgr(180)...
delay time is too long, please check the dbmgr logs!
 WARNING baseappmgr-1 10103 5000  [2018-07-30 17:02:12 795] - Components::findComponents: find dbmgr(181)...
delay time is too long, please check the dbmgr logs!
 WARNING baseappmgr-1 10103 5000  [2018-07-30 17:02:14 834] - Components::findComponents: find dbmgr(182)...
delay time is too long, please check the dbmgr logs!
 WARNING baseappmgr-1 10103 5000  [2018-07-30 17:02:16 854] - Components::findComponents: find dbmgr(183)...
delay time is too long, please check the dbmgr logs!
 WARNING baseappmgr-1 10103 5000  [2018-07-30 17:02:18 874] - Components::findComponents: find dbmgr(184)...
delay time is too long, please check the dbmgr logs!
 WARNING baseappmgr-1 10103 5000  [2018-07-30 17:02:20 914] - Components::findComponents: find dbmgr(185)...
delay time is too long, please check the dbmgr logs!
 WARNING baseappmgr-1 10103 5000  [2018-07-30 17:02:22 934] - Components::findComponents: find dbmgr(186)...
delay time is too long, please check the dbmgr logs!
 WARNING baseappmgr-1 10103 5000  [2018-07-30 17:02:24 975] - Components::findComponents: find dbmgr(187)...
delay time is too long, please check the dbmgr logs!
 WARNING baseappmgr-1 10103 5000  [2018-07-30 17:02:26 984] - Components::findComponents: find dbmgr(188)...
delay time is too long, please check the dbmgr logs!
 WARNING baseappmgr-1 10103 5000  [2018-07-30 17:02:29 014] - Components::findComponents: find dbmgr(189)...
delay time is too long, please check the dbmgr logs!
 WARNING baseappmgr-1 10103 5000  [2018-07-30 17:02:31 054] - Components::findComponents: find dbmgr(190)...
delay time is too long, please check the dbmgr logs!
 WARNING baseappmgr-1 10103 5000  [2018-07-30 17:02:33 074] - Components::findComponents: find dbmgr(191)...
delay time is too long, please check the dbmgr logs!
 WARNING baseappmgr-1 10103 5000  [2018-07-30 17:02:35 114] - Components::findComponents: find dbmgr(192)...
delay time is too long, please check the dbmgr logs!
 WARNING baseappmgr-1 10103 5000  [2018-07-30 17:02:37 134] - Components::findComponents: find dbmgr(193)...
delay time is too long, please check the dbmgr logs!
 WARNING baseappmgr-1 10103 5000  [2018-07-30 17:02:39 155] - Components::findComponents: find dbmgr(194)...
delay time is too long, please check the dbmgr logs!
 WARNING baseappmgr-1 10103 5000  [2018-07-30 17:02:41 184] - Components::findComponents: find dbmgr(195)...
delay time is too long, please check the dbmgr logs!
 WARNING baseappmgr-1 10103 5000  [2018-07-30 17:02:43 214] - Components::findComponents: find dbmgr(196)...
delay time is too long, please check the dbmgr logs!
 WARNING baseappmgr-1 10103 5000  [2018-07-30 17:02:45 234] - Components::findComponents: find dbmgr(197)...
delay time is too long, please check the dbmgr logs!
 WARNING baseappmgr-1 10103 5000  [2018-07-30 17:02:47 274] - Components::findComponents: find dbmgr(198)...
delay time is too long, please check the dbmgr logs!
 WARNING baseappmgr-1 10103 5000  [2018-07-30 17:02:49 294] - Components::findComponents: find dbmgr(199)...
delay time is too long, please check the dbmgr logs!
 WARNING baseappmgr-1 10103 5000  [2018-07-30 17:02:51 314] - Components::findComponents: find dbmgr(200)...
delay time is too long, please check the dbmgr logs!
 WARNING baseappmgr-1 10103 5000  [2018-07-30 17:02:53 354] - Components::findComponents: find dbmgr(201)...
delay time is too long, please check the dbmgr logs!
 WARNING baseappmgr-1 10103 5000  [2018-07-30 17:02:55 374] - Components::findComponents: find dbmgr(202)...
delay time is too long, please check the dbmgr logs!
 WARNING baseappmgr-1 10103 5000  [2018-07-30 17:02:57 394] - Components::findComponents: find dbmgr(203)...
delay time is too long, please check the dbmgr logs!
 WARNING baseappmgr-1 10103 5000  [2018-07-30 17:02:59 434] - Components::findComponents: find dbmgr(204)...
delay time is too long, please check the dbmgr logs!
 WARNING baseappmgr-1 10103 5000  [2018-07-30 17:03:01 454] - Components::findComponents: find dbmgr(205)...
delay time is too long, please check the dbmgr logs!
 WARNING baseappmgr-1 10103 5000  [2018-07-30 17:03:03 484] - Components::findComponents: find dbmgr(206)...
delay time is too long, please check the dbmgr logs!
 WARNING baseappmgr-1 10103 5000  [2018-07-30 17:03:05 514] - Components::findComponents: find dbmgr(207)...
delay time is too long, please check the dbmgr logs!
 WARNING baseappmgr-1 10103 5000  [2018-07-30 17:03:07 534] - Components::findComponents: find dbmgr(208)...
delay time is too long, please check the dbmgr logs!
 WARNING baseappmgr-1 10103 5000  [2018-07-30 17:03:09 574] - Components::findComponents: find dbmgr(209)...
delay time is too long, please check the dbmgr logs!
 WARNING baseappmgr-1 10103 5000  [2018-07-30 17:03:11 594] - Components::findComponents: find dbmgr(210)...
delay time is too long, please check the dbmgr logs!
 WARNING baseappmgr-1 10103 5000  [2018-07-30 17:03:13 614] - Components::findComponents: find dbmgr(211)...
delay time is too long, please check the dbmgr logs!
 WARNING baseappmgr-1 10103 5000  [2018-07-30 17:03:15 655] - Components::findComponents: find dbmgr(212)...
delay time is too long, please check the dbmgr logs!
 WARNING baseappmgr-1 10103 5000  [2018-07-30 17:03:17 674] - Components::findComponents: find dbmgr(213)...
delay time is too long, please check the dbmgr logs!
 WARNING baseappmgr-1 10103 5000  [2018-07-30 17:03:19 694] - Components::findComponents: find dbmgr(214)...
delay time is too long, please check the dbmgr logs!
 WARNING baseappmgr-1 10103 5000  [2018-07-30 17:03:21 734] - Components::findComponents: find dbmgr(215)...
delay time is too long, please check the dbmgr logs!
 WARNING baseappmgr-1 10103 5000  [2018-07-30 17:03:23 754] - Components::findComponents: find dbmgr(216)...
delay time is too long, please check the dbmgr logs!
 WARNING baseappmgr-1 10103 5000  [2018-07-30 17:03:25 774] - Components::findComponents: find dbmgr(217)...
delay time is too long, please check the dbmgr logs!
 WARNING baseappmgr-1 10103 5000  [2018-07-30 17:03:27 794] - Components::findComponents: find dbmgr(218)...
delay time is too long, please check the dbmgr logs!
 WARNING baseappmgr-1 10103 5000  [2018-07-30 17:03:29 834] - Components::findComponents: find dbmgr(219)...
delay time is too long, please check the dbmgr logs!
 WARNING baseappmgr-1 10103 5000  [2018-07-30 17:03:31 854] - Components::findComponents: find dbmgr(220)...
delay time is too long, please check the dbmgr logs!
 WARNING baseappmgr-1 10103 5000  [2018-07-30 17:03:33 884] - Components::findComponents: find dbmgr(221)...
delay time is too long, please check the dbmgr logs!
 WARNING baseappmgr-1 10103 5000  [2018-07-30 17:03:35 914] - Components::findComponents: find dbmgr(222)...
delay time is too long, please check the dbmgr logs!
 WARNING baseappmgr-1 10103 5000  [2018-07-30 17:03:37 934] - Components::findComponents: find dbmgr(223)...
delay time is too long, please check the dbmgr logs!
 WARNING baseappmgr-1 10103 5000  [2018-07-30 17:03:39 974] - Components::findComponents: find dbmgr(224)...
delay time is too long, please check the dbmgr logs!
 WARNING baseappmgr-1 10103 5000  [2018-07-30 17:03:41 994] - Components::findComponents: find dbmgr(225)...
delay time is too long, please check the dbmgr logs!
 WARNING baseappmgr-1 10103 5000  [2018-07-30 17:03:44 034] - Components::findComponents: find dbmgr(226)...
delay time is too long, please check the dbmgr logs!
 WARNING baseappmgr-1 10103 5000  [2018-07-30 17:03:46 054] - Components::findComponents: find dbmgr(227)...
delay time is too long, please check the dbmgr logs!
 WARNING baseappmgr-1 10103 5000  [2018-07-30 17:03:48 074] - Components::findComponents: find dbmgr(228)...
delay time is too long, please check the dbmgr logs!
 WARNING baseappmgr-1 10103 5000  [2018-07-30 17:03:50 114] - Components::findComponents: find dbmgr(229)...
delay time is too long, please check the dbmgr logs!
 WARNING baseappmgr-1 10103 5000  [2018-07-30 17:03:52 134] - Components::findComponents: find dbmgr(230)...
delay time is too long, please check the dbmgr logs!
 WARNING baseappmgr-1 10103 5000  [2018-07-30 17:03:54 154] - Components::findComponents: find dbmgr(231)...
delay time is too long, please check the dbmgr logs!
 WARNING baseappmgr-1 10103 5000  [2018-07-30 17:03:56 184] - Components::findComponents: find dbmgr(232)...
delay time is too long, please check the dbmgr logs!
 WARNING baseappmgr-1 10103 5000  [2018-07-30 17:03:58 214] - Components::findComponents: find dbmgr(233)...
delay time is too long, please check the dbmgr logs!
 WARNING baseappmgr-1 10103 5000  [2018-07-30 17:04:00 254] - Components::findComponents: find dbmgr(234)...
delay time is too long, please check the dbmgr logs!
 WARNING baseappmgr-1 10103 5000  [2018-07-30 17:04:02 274] - Components::findComponents: find dbmgr(235)...
delay time is too long, please check the dbmgr logs!
 WARNING baseappmgr-1 10103 5000  [2018-07-30 17:04:04 294] - Components::findComponents: find dbmgr(236)...
delay time is too long, please check the dbmgr logs!
 WARNING baseappmgr-1 10103 5000  [2018-07-30 17:04:06 334] - Components::findComponents: find dbmgr(237)...
delay time is too long, please check the dbmgr logs!
 WARNING baseappmgr-1 10103 5000  [2018-07-30 17:04:08 354] - Components::findComponents: find dbmgr(238)...
delay time is too long, please check the dbmgr logs!
 WARNING baseappmgr-1 10103 5000  [2018-07-30 17:04:10 374] - Components::findComponents: find dbmgr(239)...
delay time is too long, please check the dbmgr logs!
 WARNING baseappmgr-1 10103 5000  [2018-07-30 17:04:12 414] - Components::findComponents: find dbmgr(240)...
delay time is too long, please check the dbmgr logs!
 WARNING baseappmgr-1 10103 5000  [2018-07-30 17:04:14 434] - Components::findComponents: find dbmgr(241)...
delay time is too long, please check the dbmgr logs!
 WARNING baseappmgr-1 10103 5000  [2018-07-30 17:04:16 474] - Components::findComponents: find dbmgr(242)...
delay time is too long, please check the dbmgr logs!
 WARNING baseappmgr-1 10103 5000  [2018-07-30 17:04:18 514] - Components::findComponents: find dbmgr(243)...
delay time is too long, please check the dbmgr logs!
 WARNING baseappmgr-1 10103 5000  [2018-07-30 17:04:20 534] - Components::findComponents: find dbmgr(244)...
delay time is too long, please check the dbmgr logs!
 WARNING baseappmgr-1 10103 5000  [2018-07-30 17:04:22 584] - Components::findComponents: find dbmgr(245)...
delay time is too long, please check the dbmgr logs!
