    INFO    cellapp-1 10103 8001  [2018-08-03 17:11:53 690] - -----------------------------------------------------------------------------------------


    INFO    cellapp-1 10103 8001  [2018-08-03 17:11:53 691] - Resmgr::initialize: KBE_ROOT=D:/kbengine/
    INFO    cellapp-1 10103 8001  [2018-08-03 17:11:53 691] - Resmgr::initialize: KBE_RES_PATH=D:/kbengine/kbe/res/;D:/kbengine/assets_Battle of Gods/;D:/kbengine/assets_Battle of Gods/scripts/;D:/kbengine/assets_Battle of Gods/res/
    INFO    cellapp-1 10103 8001  [2018-08-03 17:11:53 691] - Resmgr::initialize: KBE_BIN_PATH=D:/kbengine/kbe/bin/server/
    INFO    cellapp-1 10103 8001  [2018-08-03 17:11:53 708] - NetworkInterface::initialize(INTERNAL): bound to all interfaces with default route interface on 10.139.66.192 ( 10.139.66.192:3273 )
    INFO    cellapp-1 10103 8001  [2018-08-03 17:11:53 709] - NetworkInterface::initialize(INTERNAL): address 10.139.66.192:3273, SOMAXCONN=5.
    INFO    cellapp-1 10103 8001  [2018-08-03 17:11:53 709] - server-configs:
    INFO    cellapp-1 10103 8001  [2018-08-03 17:11:53 709] - 	gameUpdateHertz : 10
    INFO    cellapp-1 10103 8001  [2018-08-03 17:11:53 709] - 	defaultViewRadius : 80
    INFO    cellapp-1 10103 8001  [2018-08-03 17:11:53 709] - 	defaultViewHysteresisArea : 5
    INFO    cellapp-1 10103 8001  [2018-08-03 17:11:53 710] - 	entryScriptFile : kbemain
    INFO    cellapp-1 10103 8001  [2018-08-03 17:11:53 710] - 	internalAddr : 10.139.66.192:3273
    INFO    cellapp-1 10103 8001  [2018-08-03 17:11:53 710] - 	componentID : 8001
    INFO    cellapp-1 10103 8001  [2018-08-03 17:11:53 817] - Components::findLogger: found logger, addr:10.139.66.192:3142
    INFO    cellapp-1 10103 8001  [2018-08-03 17:11:53 817] - Components::addComponent: reset orderLog, uid=10103!
    INFO    cellapp-1 10103 8001  [2018-08-03 17:11:53 818] - Components::addComponent[logger], uid=10103, componentID=2000, globalorderid=1, grouporderid=1, totalcount=1
    INFO    cellapp-1 10103 8001  [2018-08-03 17:11:53 831] - ---- cellapp Version: 2.0.0. ScriptVersion: 0.1.0. Protocol: 85A70C5E64F896E0F1A60BF405B4EB07. Config: Debug X86. Built: 16:28:54 Apr 30 2018. AppID: 8001. UID: 10103. PID: 12612 ----
    INFO    cellapp-1 10103 8001  [2018-08-03 17:11:53 831] - Server : Intel(R) Core(TM) i7-6700HQ CPU @ 2.60GHz with 2097151kB RAM
    INFO    cellapp-1 10103 8001  [2018-08-03 17:11:53 831] - ThreadPool::createThreadPool: creating  threadpool...
    INFO    cellapp-1 10103 8001  [2018-08-03 17:11:53 832] - ThreadPool::createThreadPool: successfully(2), newThreadCount=1, normalMaxThreadCount=2, maxThreadCount=8
   DEBUG    cellapp-1 10103 8001  [2018-08-03 17:11:53 997] - Script::install_py_dlls(): PyInit_pyexpat
   DEBUG    cellapp-1 10103 8001  [2018-08-03 17:11:53 998] - Script::install_py_dlls(): PyInit__socket
   DEBUG    cellapp-1 10103 8001  [2018-08-03 17:11:53 999] - Script::install_py_dlls(): PyInit__ssl
   DEBUG    cellapp-1 10103 8001  [2018-08-03 17:11:54 006] - Script::install_py_dlls(): PyInit__hashlib
   DEBUG    cellapp-1 10103 8001  [2018-08-03 17:11:54 007] - Script::install_py_dlls(): PyInit_select
   DEBUG    cellapp-1 10103 8001  [2018-08-03 17:11:54 007] - Script::install_py_dlls(): PyInit__ctypes
   DEBUG    cellapp-1 10103 8001  [2018-08-03 17:11:54 008] - Script::install_py_dlls(): PyInit__elementtree
   DEBUG    cellapp-1 10103 8001  [2018-08-03 17:11:54 089] - Script::install_py_dlls(): PyInit_unicodedata
    INFO    cellapp-1 10103 8001  [2018-08-03 17:11:54 162] - Script::install(): is successfully, Python=(3.4.2 (default, Apr 30 2018, 16:27:35) [MSC v.1900 32 bit (Intel)])!
    INFO    cellapp-1 10103 8001  [2018-08-03 17:11:54 162] - Script::install(): KBExtra is successfully!
    INFO    cellapp-1 10103 8001  [2018-08-03 17:11:54 437] - TelnetServer server is running on port 50000
    INFO    cellapp-1 10103 8001  [2018-08-03 17:11:55 077] - ---- cellapp is running ----
   DEBUG    cellapp-1 10103 8001  [2018-08-03 17:11:55 078] - Components::process(): Request for the process of identity...
 WARNING    cellapp-1 10103 8001  [2018-08-03 17:12:01 319] - EntityApp::checkTickPeriod: tick took 6242% (6.24 seconds)!
    INFO    cellapp-1 10103 8001  [2018-08-03 17:12:02 393] - Components::findComponents: find dbmgr(1)...
 WARNING    cellapp-1 10103 8001  [2018-08-03 17:12:03 473] - EntityApp::checkTickPeriod: tick took 1095% (1.10 seconds)!
    INFO    cellapp-1 10103 8001  [2018-08-03 17:12:04 477] - Components::findComponents: find dbmgr(2)...
 WARNING    cellapp-1 10103 8001  [2018-08-03 17:12:05 497] - EntityApp::checkTickPeriod: tick took 1119% (1.12 seconds)!
    INFO    cellapp-1 10103 8001  [2018-08-03 17:12:06 577] - Components::findComponents: find dbmgr(3)...
 WARNING    cellapp-1 10103 8001  [2018-08-03 17:12:07 639] - EntityApp::checkTickPeriod: tick took 1161% (1.16 seconds)!
    INFO    cellapp-1 10103 8001  [2018-08-03 17:12:08 678] - Components::findComponents: find dbmgr(4)...
 WARNING    cellapp-1 10103 8001  [2018-08-03 17:12:09 763] - EntityApp::checkTickPeriod: tick took 1185% (1.18 seconds)!
    INFO    cellapp-1 10103 8001  [2018-08-03 17:12:10 778] - Components::findComponents: find dbmgr(5)...
 WARNING    cellapp-1 10103 8001  [2018-08-03 17:12:11 790] - EntityApp::checkTickPeriod: tick took 1112% (1.11 seconds)!
    INFO    cellapp-1 10103 8001  [2018-08-03 17:12:12 793] - Components::findComponents: find dbmgr(6)...
 WARNING    cellapp-1 10103 8001  [2018-08-03 17:12:13 815] - EntityApp::checkTickPeriod: tick took 1036% (1.04 seconds)!
    INFO    cellapp-1 10103 8001  [2018-08-03 17:12:14 878] - Components::findComponents: find dbmgr(7)...
 WARNING    cellapp-1 10103 8001  [2018-08-03 17:12:15 940] - EntityApp::checkTickPeriod: tick took 1162% (1.16 seconds)!
    INFO    cellapp-1 10103 8001  [2018-08-03 17:12:16 977] - Components::findComponents: find dbmgr(8)...
 WARNING    cellapp-1 10103 8001  [2018-08-03 17:12:18 067] - EntityApp::checkTickPeriod: tick took 1189% (1.19 seconds)!
    INFO    cellapp-1 10103 8001  [2018-08-03 17:12:19 078] - Components::findComponents: find dbmgr(9)...
 WARNING    cellapp-1 10103 8001  [2018-08-03 17:12:20 091] - EntityApp::checkTickPeriod: tick took 1112% (1.11 seconds)!
    INFO    cellapp-1 10103 8001  [2018-08-03 17:12:21 093] - Components::findComponents: find dbmgr(10)...
 WARNING    cellapp-1 10103 8001  [2018-08-03 17:12:22 116] - EntityApp::checkTickPeriod: tick took 1038% (1.04 seconds)!
    INFO    cellapp-1 10103 8001  [2018-08-03 17:12:23 178] - Components::findComponents: find dbmgr(11)...
 WARNING    cellapp-1 10103 8001  [2018-08-03 17:12:24 240] - EntityApp::checkTickPeriod: tick took 1162% (1.16 seconds)!
    INFO    cellapp-1 10103 8001  [2018-08-03 17:12:25 278] - Components::findComponents: find dbmgr(12)...
 WARNING    cellapp-1 10103 8001  [2018-08-03 17:12:26 364] - EntityApp::checkTickPeriod: tick took 1186% (1.19 seconds)!
    INFO    cellapp-1 10103 8001  [2018-08-03 17:12:27 377] - Components::findComponents: find dbmgr(13)...
 WARNING    cellapp-1 10103 8001  [2018-08-03 17:12:28 391] - EntityApp::checkTickPeriod: tick took 1112% (1.11 seconds)!
    INFO    cellapp-1 10103 8001  [2018-08-03 17:12:29 393] - Components::findComponents: find dbmgr(14)...
 WARNING    cellapp-1 10103 8001  [2018-08-03 17:12:30 413] - EntityApp::checkTickPeriod: tick took 1034% (1.03 seconds)!
    INFO    cellapp-1 10103 8001  [2018-08-03 17:12:31 478] - Components::findComponents: find dbmgr(15)...
 WARNING    cellapp-1 10103 8001  [2018-08-03 17:12:32 537] - EntityApp::checkTickPeriod: tick took 1159% (1.16 seconds)!
    INFO    cellapp-1 10103 8001  [2018-08-03 17:12:33 578] - Components::findComponents: find dbmgr(16)...
 WARNING    cellapp-1 10103 8001  [2018-08-03 17:12:34 665] - EntityApp::checkTickPeriod: tick took 1187% (1.19 seconds)!
    INFO    cellapp-1 10103 8001  [2018-08-03 17:12:45 834] - -----------------------------------------------------------------------------------------


    INFO    cellapp-1 10103 8001  [2018-08-03 17:12:45 835] - Resmgr::initialize: KBE_ROOT=D:/kbengine/
    INFO    cellapp-1 10103 8001  [2018-08-03 17:12:45 835] - Resmgr::initialize: KBE_RES_PATH=D:/kbengine/kbe/res/;D:/kbengine/assets_Battle of Gods/;D:/kbengine/assets_Battle of Gods/scripts/;D:/kbengine/assets_Battle of Gods/res/
    INFO    cellapp-1 10103 8001  [2018-08-03 17:12:45 836] - Resmgr::initialize: KBE_BIN_PATH=D:/kbengine/kbe/bin/server/
    INFO    cellapp-1 10103 8001  [2018-08-03 17:12:45 843] - NetworkInterface::initialize(INTERNAL): bound to all interfaces with default route interface on 10.139.66.192 ( 10.139.66.192:3739 )
    INFO    cellapp-1 10103 8001  [2018-08-03 17:12:45 843] - NetworkInterface::initialize(INTERNAL): address 10.139.66.192:3739, SOMAXCONN=5.
    INFO    cellapp-1 10103 8001  [2018-08-03 17:12:45 843] - server-configs:
    INFO    cellapp-1 10103 8001  [2018-08-03 17:12:45 843] - 	gameUpdateHertz : 10
    INFO    cellapp-1 10103 8001  [2018-08-03 17:12:45 843] - 	defaultViewRadius : 80
    INFO    cellapp-1 10103 8001  [2018-08-03 17:12:45 844] - 	defaultViewHysteresisArea : 5
    INFO    cellapp-1 10103 8001  [2018-08-03 17:12:45 844] - 	entryScriptFile : kbemain
    INFO    cellapp-1 10103 8001  [2018-08-03 17:12:45 844] - 	internalAddr : 10.139.66.192:3739
    INFO    cellapp-1 10103 8001  [2018-08-03 17:12:45 844] - 	componentID : 8001
    INFO    cellapp-1 10103 8001  [2018-08-03 17:12:45 913] - Components::findLogger: found logger, addr:10.139.66.192:3696
    INFO    cellapp-1 10103 8001  [2018-08-03 17:12:45 913] - Components::addComponent: reset orderLog, uid=10103!
    INFO    cellapp-1 10103 8001  [2018-08-03 17:12:45 913] - Components::addComponent[logger], uid=10103, componentID=2000, globalorderid=1, grouporderid=1, totalcount=1
    INFO    cellapp-1 10103 8001  [2018-08-03 17:12:45 920] - ---- cellapp Version: 2.0.0. ScriptVersion: 0.1.0. Protocol: 85A70C5E64F896E0F1A60BF405B4EB07. Config: Debug X86. Built: 16:28:54 Apr 30 2018. AppID: 8001. UID: 10103. PID: 2504 ----
    INFO    cellapp-1 10103 8001  [2018-08-03 17:12:45 920] - Server : Intel(R) Core(TM) i7-6700HQ CPU @ 2.60GHz with 2097151kB RAM
    INFO    cellapp-1 10103 8001  [2018-08-03 17:12:45 921] - ThreadPool::createThreadPool: creating  threadpool...
    INFO    cellapp-1 10103 8001  [2018-08-03 17:12:45 921] - ThreadPool::createThreadPool: successfully(2), newThreadCount=1, normalMaxThreadCount=2, maxThreadCount=8
   DEBUG    cellapp-1 10103 8001  [2018-08-03 17:12:46 076] - Script::install_py_dlls(): PyInit_pyexpat
   DEBUG    cellapp-1 10103 8001  [2018-08-03 17:12:46 076] - Script::install_py_dlls(): PyInit__socket
   DEBUG    cellapp-1 10103 8001  [2018-08-03 17:12:46 076] - Script::install_py_dlls(): PyInit__ssl
   DEBUG    cellapp-1 10103 8001  [2018-08-03 17:12:46 080] - Script::install_py_dlls(): PyInit__hashlib
   DEBUG    cellapp-1 10103 8001  [2018-08-03 17:12:46 080] - Script::install_py_dlls(): PyInit_select
   DEBUG    cellapp-1 10103 8001  [2018-08-03 17:12:46 080] - Script::install_py_dlls(): PyInit__ctypes
   DEBUG    cellapp-1 10103 8001  [2018-08-03 17:12:46 081] - Script::install_py_dlls(): PyInit__elementtree
   DEBUG    cellapp-1 10103 8001  [2018-08-03 17:12:46 144] - Script::install_py_dlls(): PyInit_unicodedata
    INFO    cellapp-1 10103 8001  [2018-08-03 17:12:46 202] - Script::install(): is successfully, Python=(3.4.2 (default, Apr 30 2018, 16:27:35) [MSC v.1900 32 bit (Intel)])!
    INFO    cellapp-1 10103 8001  [2018-08-03 17:12:46 202] - Script::install(): KBExtra is successfully!
    INFO    cellapp-1 10103 8001  [2018-08-03 17:12:46 250] - TelnetServer server is running on port 50000
    INFO    cellapp-1 10103 8001  [2018-08-03 17:12:46 792] - ---- cellapp is running ----
   DEBUG    cellapp-1 10103 8001  [2018-08-03 17:12:46 793] - Components::process(): Request for the process of identity...
 WARNING    cellapp-1 10103 8001  [2018-08-03 17:12:53 012] - EntityApp::checkTickPeriod: tick took 6219% (6.22 seconds)!
   DEBUG    cellapp-1 10103 8001  [2018-08-03 17:12:53 395] - Cellapp::lookApp: 10.139.66.192:3809/0/0/0
    INFO    cellapp-1 10103 8001  [2018-08-03 17:12:54 092] - Components::findComponents: find dbmgr(1)...
 WARNING    cellapp-1 10103 8001  [2018-08-03 17:12:54 423] - BundleBroadcast::BundleBroadcast: Cannot bind to port 20989, errorno=10048
 WARNING    cellapp-1 10103 8001  [2018-08-03 17:12:54 424] - EntityApp::checkTickPeriod: tick took 431% (0.43 seconds)!
    INFO    cellapp-1 10103 8001  [2018-08-03 17:12:55 436] - Components::findComponents: find dbmgr(2)...
    INFO    cellapp-1 10103 8001  [2018-08-03 17:12:55 459] - Components::findComponents: found dbmgr, addr:10.139.66.192:3706
    INFO    cellapp-1 10103 8001  [2018-08-03 17:12:55 459] - Components::addComponent: reset orderLog, uid=10103!
    INFO    cellapp-1 10103 8001  [2018-08-03 17:12:55 459] - Components::addComponent[dbmgr], uid=10103, componentID=4000, globalorderid=1, grouporderid=1, totalcount=1
    INFO    cellapp-1 10103 8001  [2018-08-03 17:12:55 460] - Components::findComponents: found dbmgr, addr:10.139.66.192:3706
 WARNING    cellapp-1 10103 8001  [2018-08-03 17:12:56 461] - EntityApp::checkTickPeriod: tick took 1068% (1.07 seconds)!
    INFO    cellapp-1 10103 8001  [2018-08-03 17:12:57 492] - Components::findComponents: find cellappmgr(1)...
    INFO    cellapp-1 10103 8001  [2018-08-03 17:12:57 581] - Components::findComponents: found cellappmgr, addr:10.139.66.192:3714
    INFO    cellapp-1 10103 8001  [2018-08-03 17:12:57 581] - Components::addComponent[cellappmgr], uid=10103, componentID=6000, globalorderid=2, grouporderid=1, totalcount=1
    INFO    cellapp-1 10103 8001  [2018-08-03 17:12:57 581] - Components::findComponents: found cellappmgr, addr:10.139.66.192:3714
 WARNING    cellapp-1 10103 8001  [2018-08-03 17:12:58 582] - EntityApp::checkTickPeriod: tick took 1189% (1.19 seconds)!
    INFO    cellapp-1 10103 8001  [2018-08-03 17:12:59 592] - Components::findComponents: find baseappmgr(1)...
    INFO    cellapp-1 10103 8001  [2018-08-03 17:12:59 605] - Components::findComponents: found baseappmgr, addr:10.139.66.192:3708
    INFO    cellapp-1 10103 8001  [2018-08-03 17:12:59 605] - Components::addComponent[baseappmgr], uid=10103, componentID=5000, globalorderid=3, grouporderid=1, totalcount=1
    INFO    cellapp-1 10103 8001  [2018-08-03 17:12:59 605] - Components::findComponents: found baseappmgr, addr:10.139.66.192:3708
 WARNING    cellapp-1 10103 8001  [2018-08-03 17:13:00 606] - EntityApp::checkTickPeriod: tick took 1113% (1.11 seconds)!
    INFO    cellapp-1 10103 8001  [2018-08-03 17:13:01 692] - Components::findComponents: register self to dbmgr...
    INFO    cellapp-1 10103 8001  [2018-08-03 17:13:01 736] - Components::findComponents: register self to cellappmgr...
    INFO    cellapp-1 10103 8001  [2018-08-03 17:13:01 749] - Components::findComponents: register self to baseappmgr...
    INFO    cellapp-1 10103 8001  [2018-08-03 17:13:01 749] - Components::process(): Found all the components!
    INFO    cellapp-1 10103 8001  [2018-08-03 17:13:01 793] - ServerApp::onRegisterNewApp: uid:10103, username:, componentType:baseapp, componentID:7001, globalorderID=-1, grouporderID=-1, intaddr:10.139.66.192, intport:3735, extaddr:10.139.66.192, extport:20015,  from 10.139.66.192:3902/0/0/0.
    INFO    cellapp-1 10103 8001  [2018-08-03 17:13:01 793] - Components::addComponent[baseapp], uid=10103, componentID=7001, globalorderid=4, grouporderid=1, totalcount=1
    INFO    cellapp-1 10103 8001  [2018-08-03 17:13:01 793] - ServerApp::onRegisterNewApp: uid:10103, username:, componentType:baseapp, componentID:7001, globalorderID=-1, grouporderID=-1, intaddr:10.139.66.192, intport:3735, extaddr:10.139.66.192, extport:20015,  from 10.139.66.192:3902/0/0/0.
    INFO    cellapp-1 10103 8001  [2018-08-03 17:13:05 393] - EntityApp::onDbmgrInitCompleted: entityID alloc(2001-4001), startGlobalOrder=4, startGroupOrder=1, digest=7273B7889FE6F3F5681A6DEE25574F9D.
    INFO    cellapp01 10103 8001  [2018-08-03 17:13:05 393] - IDClient::onAddRange: number of ids increased from 2001 to 4001.
 WARNING    cellapp01 10103 8001  [2018-08-03 17:13:06 332] - BundleBroadcast::BundleBroadcast: Cannot bind to port 20101, errorno=10048
   S_DBG    cellapp01 10103 8001  [2018-08-03 17:13:06 947] - onInit::isReload:0
 WARNING    cellapp01 10103 8001  [2018-08-03 17:13:06 947] - D:\kbengine-2.0.0\kbe\src\lib\server/entity_app.h:749: Profile processRecvMessages took 1.55 seconds
 WARNING    cellapp01 10103 8001  [2018-08-03 17:13:06 948] - cellapp.cpp:245: Profile gameTick took 1.55 seconds
 WARNING    cellapp01 10103 8001  [2018-08-03 17:13:06 948] - event_dispatcher.cpp:153: Profile callSystemTimers took 1.56 seconds
 WARNING    cellapp01 10103 8001  [2018-08-03 17:13:06 948] - EntityApp::checkTickPeriod: tick took 1555% (1.55 seconds)!
   DEBUG    cellapp01 10103 8001  [2018-08-03 17:13:06 993] - InitProgressHandler::~InitProgressHandler()
   S_DBG    cellapp01 10103 8001  [2018-08-03 17:13:07 493] - onGlobalData: Chat
    INFO    cellapp-1 10103 8001  [2018-08-03 17:14:00 962] - -----------------------------------------------------------------------------------------


    INFO    cellapp-1 10103 8001  [2018-08-03 17:14:00 963] - Resmgr::initialize: KBE_ROOT=D:/kbengine/
    INFO    cellapp-1 10103 8001  [2018-08-03 17:14:00 963] - Resmgr::initialize: KBE_RES_PATH=D:/kbengine/kbe/res/;D:/kbengine/assets_Battle of Gods/;D:/kbengine/assets_Battle of Gods/scripts/;D:/kbengine/assets_Battle of Gods/res/
    INFO    cellapp-1 10103 8001  [2018-08-03 17:14:00 964] - Resmgr::initialize: KBE_BIN_PATH=D:/kbengine/kbe/bin/server/
    INFO    cellapp-1 10103 8001  [2018-08-03 17:14:00 971] - NetworkInterface::initialize(INTERNAL): bound to all interfaces with default route interface on 10.139.66.192 ( 10.139.66.192:4377 )
    INFO    cellapp-1 10103 8001  [2018-08-03 17:14:00 971] - NetworkInterface::initialize(INTERNAL): address 10.139.66.192:4377, SOMAXCONN=5.
    INFO    cellapp-1 10103 8001  [2018-08-03 17:14:00 972] - server-configs:
    INFO    cellapp-1 10103 8001  [2018-08-03 17:14:00 972] - 	gameUpdateHertz : 10
    INFO    cellapp-1 10103 8001  [2018-08-03 17:14:00 972] - 	defaultViewRadius : 80
    INFO    cellapp-1 10103 8001  [2018-08-03 17:14:00 972] - 	defaultViewHysteresisArea : 5
    INFO    cellapp-1 10103 8001  [2018-08-03 17:14:00 972] - 	entryScriptFile : kbemain
    INFO    cellapp-1 10103 8001  [2018-08-03 17:14:00 972] - 	internalAddr : 10.139.66.192:4377
    INFO    cellapp-1 10103 8001  [2018-08-03 17:14:00 973] - 	componentID : 8001
    INFO    cellapp-1 10103 8001  [2018-08-03 17:14:02 486] - ---- cellapp Version: 2.0.0. ScriptVersion: 0.1.0. Protocol: 85A70C5E64F896E0F1A60BF405B4EB07. Config: Debug X86. Built: 16:28:54 Apr 30 2018. AppID: 8001. UID: 10103. PID: 14320 ----
    INFO    cellapp-1 10103 8001  [2018-08-03 17:14:02 486] - Server : Intel(R) Core(TM) i7-6700HQ CPU @ 2.60GHz with 2097151kB RAM
    INFO    cellapp-1 10103 8001  [2018-08-03 17:14:02 487] - ThreadPool::createThreadPool: creating  threadpool...
    INFO    cellapp-1 10103 8001  [2018-08-03 17:14:02 487] - ThreadPool::createThreadPool: successfully(2), newThreadCount=1, normalMaxThreadCount=2, maxThreadCount=8
   DEBUG    cellapp-1 10103 8001  [2018-08-03 17:14:02 638] - Script::install_py_dlls(): PyInit_pyexpat
   DEBUG    cellapp-1 10103 8001  [2018-08-03 17:14:02 638] - Script::install_py_dlls(): PyInit__socket
   DEBUG    cellapp-1 10103 8001  [2018-08-03 17:14:02 639] - Script::install_py_dlls(): PyInit__ssl
   DEBUG    cellapp-1 10103 8001  [2018-08-03 17:14:02 645] - Script::install_py_dlls(): PyInit__hashlib
   DEBUG    cellapp-1 10103 8001  [2018-08-03 17:14:02 645] - Script::install_py_dlls(): PyInit_select
   DEBUG    cellapp-1 10103 8001  [2018-08-03 17:14:02 645] - Script::install_py_dlls(): PyInit__ctypes
   DEBUG    cellapp-1 10103 8001  [2018-08-03 17:14:02 647] - Script::install_py_dlls(): PyInit__elementtree
   DEBUG    cellapp-1 10103 8001  [2018-08-03 17:14:02 709] - Script::install_py_dlls(): PyInit_unicodedata
    INFO    cellapp-1 10103 8001  [2018-08-03 17:14:02 772] - Script::install(): is successfully, Python=(3.4.2 (default, Apr 30 2018, 16:27:35) [MSC v.1900 32 bit (Intel)])!
    INFO    cellapp-1 10103 8001  [2018-08-03 17:14:02 772] - Script::install(): KBExtra is successfully!
    INFO    cellapp-1 10103 8001  [2018-08-03 17:14:02 831] - TelnetServer server is running on port 50000
    INFO    cellapp-1 10103 8001  [2018-08-03 17:14:03 351] - ---- cellapp is running ----
   DEBUG    cellapp-1 10103 8001  [2018-08-03 17:14:03 351] - Components::process(): Request for the process of identity...
 WARNING    cellapp-1 10103 8001  [2018-08-03 17:14:09 647] - EntityApp::checkTickPeriod: tick took 6296% (6.30 seconds)!
    INFO    cellapp-1 10103 8001  [2018-08-03 17:14:10 665] - Components::findComponents: find logger(1)...
    INFO    cellapp-1 10103 8001  [2018-08-03 17:14:10 757] - Components::findComponents: found logger, addr:10.139.66.192:4361
    INFO    cellapp-1 10103 8001  [2018-08-03 17:14:10 758] - Components::addComponent: reset orderLog, uid=10103!
    INFO    cellapp-1 10103 8001  [2018-08-03 17:14:10 758] - Components::addComponent[logger], uid=10103, componentID=2000, globalorderid=1, grouporderid=1, totalcount=1
    INFO    cellapp-1 10103 8001  [2018-08-03 17:14:10 761] - Components::findComponents: find dbmgr(2)...
    INFO    cellapp-1 10103 8001  [2018-08-03 17:14:10 863] - Components::findComponents: found dbmgr, addr:10.139.66.192:4365
    INFO    cellapp-1 10103 8001  [2018-08-03 17:14:10 863] - Components::addComponent: reset orderLog, uid=10103!
    INFO    cellapp-1 10103 8001  [2018-08-03 17:14:10 863] - Components::addComponent[dbmgr], uid=10103, componentID=4000, globalorderid=1, grouporderid=1, totalcount=1
    INFO    cellapp-1 10103 8001  [2018-08-03 17:14:10 863] - Components::findComponents: found dbmgr, addr:10.139.66.192:4365
 WARNING    cellapp-1 10103 8001  [2018-08-03 17:14:11 864] - EntityApp::checkTickPeriod: tick took 1212% (1.21 seconds)!
    INFO    cellapp-1 10103 8001  [2018-08-03 17:14:12 864] - Components::findComponents: find cellappmgr(1)...
    INFO    cellapp-1 10103 8001  [2018-08-03 17:14:12 896] - Components::findComponents: found cellappmgr, addr:10.139.66.192:4370
    INFO    cellapp-1 10103 8001  [2018-08-03 17:14:12 896] - Components::addComponent[cellappmgr], uid=10103, componentID=6000, globalorderid=2, grouporderid=1, totalcount=1
    INFO    cellapp-1 10103 8001  [2018-08-03 17:14:12 897] - Components::findComponents: found cellappmgr, addr:10.139.66.192:4370
 WARNING    cellapp-1 10103 8001  [2018-08-03 17:14:13 897] - EntityApp::checkTickPeriod: tick took 1046% (1.05 seconds)!
    INFO    cellapp-1 10103 8001  [2018-08-03 17:14:14 952] - Components::findComponents: find baseappmgr(1)...
    INFO    cellapp-1 10103 8001  [2018-08-03 17:14:15 013] - Components::findComponents: found baseappmgr, addr:10.139.66.192:4369
    INFO    cellapp-1 10103 8001  [2018-08-03 17:14:15 013] - Components::addComponent[baseappmgr], uid=10103, componentID=5000, globalorderid=3, grouporderid=1, totalcount=1
    INFO    cellapp-1 10103 8001  [2018-08-03 17:14:15 014] - Components::findComponents: found baseappmgr, addr:10.139.66.192:4369
 WARNING    cellapp-1 10103 8001  [2018-08-03 17:14:16 013] - EntityApp::checkTickPeriod: tick took 1162% (1.16 seconds)!
    INFO    cellapp-1 10103 8001  [2018-08-03 17:14:17 065] - Components::findComponents: register self to dbmgr...
    INFO    cellapp-1 10103 8001  [2018-08-03 17:14:17 151] - Components::findComponents: register self to cellappmgr...
    INFO    cellapp-1 10103 8001  [2018-08-03 17:14:17 163] - Components::findComponents: register self to baseappmgr...
    INFO    cellapp-1 10103 8001  [2018-08-03 17:14:17 251] - Components::process(): Found all the components!
    INFO    cellapp-1 10103 8001  [2018-08-03 17:14:20 151] - EntityApp::onDbmgrInitCompleted: entityID alloc(1-2001), startGlobalOrder=4, startGroupOrder=1, digest=7273B7889FE6F3F5681A6DEE25574F9D.
    INFO    cellapp01 10103 8001  [2018-08-03 17:14:20 151] - IDClient::onAddRange: number of ids increased from 1 to 2001.
   S_DBG    cellapp01 10103 8001  [2018-08-03 17:14:21 362] - onInit::isReload:0
 WARNING    cellapp01 10103 8001  [2018-08-03 17:14:21 362] - D:\kbengine-2.0.0\kbe\src\lib\server/entity_app.h:749: Profile processRecvMessages took 1.21 seconds
 WARNING    cellapp01 10103 8001  [2018-08-03 17:14:21 363] - cellapp.cpp:245: Profile gameTick took 1.21 seconds
 WARNING    cellapp01 10103 8001  [2018-08-03 17:14:21 363] - event_dispatcher.cpp:153: Profile callSystemTimers took 1.21 seconds
 WARNING    cellapp01 10103 8001  [2018-08-03 17:14:21 363] - EntityApp::checkTickPeriod: tick took 1212% (1.21 seconds)!
   DEBUG    cellapp01 10103 8001  [2018-08-03 17:14:21 365] - InitProgressHandler::~InitProgressHandler()
    INFO    cellapp-1 10103 8001  [2018-08-03 17:16:08 101] - -----------------------------------------------------------------------------------------


    INFO    cellapp-1 10103 8001  [2018-08-03 17:16:08 102] - Resmgr::initialize: KBE_ROOT=D:/kbengine/
    INFO    cellapp-1 10103 8001  [2018-08-03 17:16:08 103] - Resmgr::initialize: KBE_RES_PATH=D:/kbengine/kbe/res/;D:/kbengine/assets_Battle of Gods/;D:/kbengine/assets_Battle of Gods/scripts/;D:/kbengine/assets_Battle of Gods/res/
    INFO    cellapp-1 10103 8001  [2018-08-03 17:16:08 103] - Resmgr::initialize: KBE_BIN_PATH=D:/kbengine/kbe/bin/server/
    INFO    cellapp-1 10103 8001  [2018-08-03 17:16:08 111] - NetworkInterface::initialize(INTERNAL): bound to all interfaces with default route interface on 10.139.66.192 ( 10.139.66.192:5499 )
    INFO    cellapp-1 10103 8001  [2018-08-03 17:16:08 112] - NetworkInterface::initialize(INTERNAL): address 10.139.66.192:5499, SOMAXCONN=5.
    INFO    cellapp-1 10103 8001  [2018-08-03 17:16:08 112] - server-configs:
    INFO    cellapp-1 10103 8001  [2018-08-03 17:16:08 112] - 	gameUpdateHertz : 10
    INFO    cellapp-1 10103 8001  [2018-08-03 17:16:08 112] - 	defaultViewRadius : 80
    INFO    cellapp-1 10103 8001  [2018-08-03 17:16:08 112] - 	defaultViewHysteresisArea : 5
    INFO    cellapp-1 10103 8001  [2018-08-03 17:16:08 112] - 	entryScriptFile : kbemain
    INFO    cellapp-1 10103 8001  [2018-08-03 17:16:08 113] - 	internalAddr : 10.139.66.192:5499
    INFO    cellapp-1 10103 8001  [2018-08-03 17:16:08 113] - 	componentID : 8001
    INFO    cellapp-1 10103 8001  [2018-08-03 17:16:08 377] - Components::findLogger: found logger, addr:10.139.66.192:5485
    INFO    cellapp-1 10103 8001  [2018-08-03 17:16:08 378] - Components::addComponent: reset orderLog, uid=10103!
    INFO    cellapp-1 10103 8001  [2018-08-03 17:16:08 378] - Components::addComponent[logger], uid=10103, componentID=2000, globalorderid=1, grouporderid=1, totalcount=1
    INFO    cellapp-1 10103 8001  [2018-08-03 17:16:08 387] - ---- cellapp Version: 2.0.0. ScriptVersion: 0.1.0. Protocol: 85A70C5E64F896E0F1A60BF405B4EB07. Config: Debug X86. Built: 16:28:54 Apr 30 2018. AppID: 8001. UID: 10103. PID: 12508 ----
    INFO    cellapp-1 10103 8001  [2018-08-03 17:16:08 388] - Server : Intel(R) Core(TM) i7-6700HQ CPU @ 2.60GHz with 2097151kB RAM
    INFO    cellapp-1 10103 8001  [2018-08-03 17:16:08 388] - ThreadPool::createThreadPool: creating  threadpool...
    INFO    cellapp-1 10103 8001  [2018-08-03 17:16:08 388] - ThreadPool::createThreadPool: successfully(2), newThreadCount=1, normalMaxThreadCount=2, maxThreadCount=8
   DEBUG    cellapp-1 10103 8001  [2018-08-03 17:16:08 539] - Script::install_py_dlls(): PyInit_pyexpat
   DEBUG    cellapp-1 10103 8001  [2018-08-03 17:16:08 539] - Script::install_py_dlls(): PyInit__socket
   DEBUG    cellapp-1 10103 8001  [2018-08-03 17:16:08 539] - Script::install_py_dlls(): PyInit__ssl
   DEBUG    cellapp-1 10103 8001  [2018-08-03 17:16:08 543] - Script::install_py_dlls(): PyInit__hashlib
   DEBUG    cellapp-1 10103 8001  [2018-08-03 17:16:08 543] - Script::install_py_dlls(): PyInit_select
   DEBUG    cellapp-1 10103 8001  [2018-08-03 17:16:08 543] - Script::install_py_dlls(): PyInit__ctypes
   DEBUG    cellapp-1 10103 8001  [2018-08-03 17:16:08 544] - Script::install_py_dlls(): PyInit__elementtree
   DEBUG    cellapp-1 10103 8001  [2018-08-03 17:16:08 626] - Script::install_py_dlls(): PyInit_unicodedata
    INFO    cellapp-1 10103 8001  [2018-08-03 17:16:08 702] - Script::install(): is successfully, Python=(3.4.2 (default, Apr 30 2018, 16:27:35) [MSC v.1900 32 bit (Intel)])!
    INFO    cellapp-1 10103 8001  [2018-08-03 17:16:08 702] - Script::install(): KBExtra is successfully!
    INFO    cellapp-1 10103 8001  [2018-08-03 17:16:08 764] - TelnetServer server is running on port 50000
    INFO    cellapp-1 10103 8001  [2018-08-03 17:16:09 490] - ---- cellapp is running ----
   DEBUG    cellapp-1 10103 8001  [2018-08-03 17:16:09 492] - Components::process(): Request for the process of identity...
 WARNING    cellapp-1 10103 8001  [2018-08-03 17:16:13 093] - BundleBroadcast::BundleBroadcast: Cannot bind to port 20408, errorno=10048
 WARNING    cellapp-1 10103 8001  [2018-08-03 17:16:16 198] - EntityApp::checkTickPeriod: tick took 6707% (6.71 seconds)!
    INFO    cellapp-1 10103 8001  [2018-08-03 17:16:17 290] - Components::findComponents: find dbmgr(1)...
    INFO    cellapp-1 10103 8001  [2018-08-03 17:16:17 371] - Components::findComponents: found dbmgr, addr:10.139.66.192:5494
    INFO    cellapp-1 10103 8001  [2018-08-03 17:16:17 371] - Components::addComponent: reset orderLog, uid=10103!
    INFO    cellapp-1 10103 8001  [2018-08-03 17:16:17 371] - Components::addComponent[dbmgr], uid=10103, componentID=4000, globalorderid=1, grouporderid=1, totalcount=1
    INFO    cellapp-1 10103 8001  [2018-08-03 17:16:17 371] - Components::findComponents: found dbmgr, addr:10.139.66.192:5494
 WARNING    cellapp-1 10103 8001  [2018-08-03 17:16:18 371] - EntityApp::checkTickPeriod: tick took 1180% (1.18 seconds)!
    INFO    cellapp-1 10103 8001  [2018-08-03 17:16:19 390] - Components::findComponents: find cellappmgr(1)...
 WARNING    cellapp-1 10103 8001  [2018-08-03 17:16:19 723] - BundleBroadcast::BundleBroadcast: Cannot bind to port 20274, errorno=10048
 WARNING    cellapp-1 10103 8001  [2018-08-03 17:16:19 723] - EntityApp::checkTickPeriod: tick took 432% (0.43 seconds)!
    INFO    cellapp-1 10103 8001  [2018-08-03 17:16:20 790] - Components::findComponents: find cellappmgr(2)...
    INFO    cellapp-1 10103 8001  [2018-08-03 17:16:20 810] - Components::findComponents: found cellappmgr, addr:10.139.66.192:5496
    INFO    cellapp-1 10103 8001  [2018-08-03 17:16:20 810] - Components::addComponent[cellappmgr], uid=10103, componentID=6000, globalorderid=2, grouporderid=1, totalcount=1
    INFO    cellapp-1 10103 8001  [2018-08-03 17:16:20 810] - Components::findComponents: found cellappmgr, addr:10.139.66.192:5496
 WARNING    cellapp-1 10103 8001  [2018-08-03 17:16:21 811] - EntityApp::checkTickPeriod: tick took 1119% (1.12 seconds)!
    INFO    cellapp-1 10103 8001  [2018-08-03 17:16:22 890] - Components::findComponents: find baseappmgr(1)...
    INFO    cellapp-1 10103 8001  [2018-08-03 17:16:22 932] - Components::findComponents: found baseappmgr, addr:10.139.66.192:5495
    INFO    cellapp-1 10103 8001  [2018-08-03 17:16:22 932] - Components::addComponent[baseappmgr], uid=10103, componentID=5000, globalorderid=3, grouporderid=1, totalcount=1
    INFO    cellapp-1 10103 8001  [2018-08-03 17:16:22 932] - Components::findComponents: found baseappmgr, addr:10.139.66.192:5495
 WARNING    cellapp-1 10103 8001  [2018-08-03 17:16:23 933] - EntityApp::checkTickPeriod: tick took 1142% (1.14 seconds)!
    INFO    cellapp-1 10103 8001  [2018-08-03 17:16:25 004] - Components::findComponents: register self to dbmgr...
    INFO    cellapp-1 10103 8001  [2018-08-03 17:16:25 073] - Components::findComponents: register self to cellappmgr...
    INFO    cellapp-1 10103 8001  [2018-08-03 17:16:25 074] - Components::findComponents: register self to baseappmgr...
    INFO    cellapp-1 10103 8001  [2018-08-03 17:16:25 090] - Components::process(): Found all the components!
    INFO    cellapp-1 10103 8001  [2018-08-03 17:16:25 091] - ServerApp::onRegisterNewApp: uid:10103, username:, componentType:baseapp, componentID:7001, globalorderID=-1, grouporderID=-1, intaddr:10.139.66.192, intport:5497, extaddr:10.139.66.192, extport:20015,  from 10.139.66.192:5743/0/0/0.
    INFO    cellapp-1 10103 8001  [2018-08-03 17:16:25 091] - Components::addComponent[baseapp], uid=10103, componentID=7001, globalorderid=4, grouporderid=1, totalcount=1
    INFO    cellapp-1 10103 8001  [2018-08-03 17:16:25 091] - ServerApp::onRegisterNewApp: uid:10103, username:, componentType:baseapp, componentID:7001, globalorderID=-1, grouporderID=-1, intaddr:10.139.66.192, intport:5497, extaddr:10.139.66.192, extport:20015,  from 10.139.66.192:5743/0/0/0.
    INFO    cellapp-1 10103 8001  [2018-08-03 17:16:28 091] - EntityApp::onDbmgrInitCompleted: entityID alloc(2001-4001), startGlobalOrder=5, startGroupOrder=1, digest=7273B7889FE6F3F5681A6DEE25574F9D.
    INFO    cellapp01 10103 8001  [2018-08-03 17:16:28 091] - IDClient::onAddRange: number of ids increased from 2001 to 4001.
   S_DBG    cellapp01 10103 8001  [2018-08-03 17:16:29 300] - onInit::isReload:0
 WARNING    cellapp01 10103 8001  [2018-08-03 17:16:29 300] - D:\kbengine-2.0.0\kbe\src\lib\server/entity_app.h:749: Profile processRecvMessages took 1.21 seconds
 WARNING    cellapp01 10103 8001  [2018-08-03 17:16:29 300] - cellapp.cpp:245: Profile gameTick took 1.21 seconds
 WARNING    cellapp01 10103 8001  [2018-08-03 17:16:29 301] - event_dispatcher.cpp:153: Profile callSystemTimers took 1.21 seconds
 WARNING    cellapp01 10103 8001  [2018-08-03 17:16:29 301] - EntityApp::checkTickPeriod: tick took 1210% (1.21 seconds)!
   DEBUG    cellapp01 10103 8001  [2018-08-03 17:16:29 304] - InitProgressHandler::~InitProgressHandler()
   S_DBG    cellapp01 10103 8001  [2018-08-03 17:16:30 491] - onGlobalData: Chat
    INFO    cellapp-1 10103 8001  [2018-08-03 17:23:23 525] - -----------------------------------------------------------------------------------------


    INFO    cellapp-1 10103 8001  [2018-08-03 17:23:23 527] - Resmgr::initialize: KBE_ROOT=D:/kbengine/
    INFO    cellapp-1 10103 8001  [2018-08-03 17:23:23 527] - Resmgr::initialize: KBE_RES_PATH=D:/kbengine/kbe/res/;D:/kbengine/assets_Battle of Gods/;D:/kbengine/assets_Battle of Gods/scripts/;D:/kbengine/assets_Battle of Gods/res/
    INFO    cellapp-1 10103 8001  [2018-08-03 17:23:23 527] - Resmgr::initialize: KBE_BIN_PATH=D:/kbengine/kbe/bin/server/
    INFO    cellapp-1 10103 8001  [2018-08-03 17:23:23 537] - NetworkInterface::initialize(INTERNAL): bound to all interfaces with default route interface on 10.139.66.192 ( 10.139.66.192:8887 )
    INFO    cellapp-1 10103 8001  [2018-08-03 17:23:23 537] - NetworkInterface::initialize(INTERNAL): address 10.139.66.192:8887, SOMAXCONN=5.
    INFO    cellapp-1 10103 8001  [2018-08-03 17:23:23 537] - server-configs:
    INFO    cellapp-1 10103 8001  [2018-08-03 17:23:23 537] - 	gameUpdateHertz : 10
    INFO    cellapp-1 10103 8001  [2018-08-03 17:23:23 538] - 	defaultViewRadius : 80
    INFO    cellapp-1 10103 8001  [2018-08-03 17:23:23 538] - 	defaultViewHysteresisArea : 5
    INFO    cellapp-1 10103 8001  [2018-08-03 17:23:23 538] - 	entryScriptFile : kbemain
    INFO    cellapp-1 10103 8001  [2018-08-03 17:23:23 538] - 	internalAddr : 10.139.66.192:8887
    INFO    cellapp-1 10103 8001  [2018-08-03 17:23:23 538] - 	componentID : 8001
    INFO    cellapp-1 10103 8001  [2018-08-03 17:23:23 825] - Components::findLogger: found logger, addr:10.139.66.192:8873
    INFO    cellapp-1 10103 8001  [2018-08-03 17:23:23 826] - Components::addComponent: reset orderLog, uid=10103!
    INFO    cellapp-1 10103 8001  [2018-08-03 17:23:23 826] - Components::addComponent[logger], uid=10103, componentID=2000, globalorderid=1, grouporderid=1, totalcount=1
    INFO    cellapp-1 10103 8001  [2018-08-03 17:23:23 836] - ---- cellapp Version: 2.0.0. ScriptVersion: 0.1.0. Protocol: 85A70C5E64F896E0F1A60BF405B4EB07. Config: Debug X86. Built: 16:28:54 Apr 30 2018. AppID: 8001. UID: 10103. PID: 10416 ----
    INFO    cellapp-1 10103 8001  [2018-08-03 17:23:23 836] - Server : Intel(R) Core(TM) i7-6700HQ CPU @ 2.60GHz with 2097151kB RAM
    INFO    cellapp-1 10103 8001  [2018-08-03 17:23:23 837] - ThreadPool::createThreadPool: creating  threadpool...
    INFO    cellapp-1 10103 8001  [2018-08-03 17:23:23 837] - ThreadPool::createThreadPool: successfully(2), newThreadCount=1, normalMaxThreadCount=2, maxThreadCount=8
   DEBUG    cellapp-1 10103 8001  [2018-08-03 17:23:23 988] - Script::install_py_dlls(): PyInit_pyexpat
   DEBUG    cellapp-1 10103 8001  [2018-08-03 17:23:23 989] - Script::install_py_dlls(): PyInit__socket
   DEBUG    cellapp-1 10103 8001  [2018-08-03 17:23:23 990] - Script::install_py_dlls(): PyInit__ssl
   DEBUG    cellapp-1 10103 8001  [2018-08-03 17:23:23 996] - Script::install_py_dlls(): PyInit__hashlib
   DEBUG    cellapp-1 10103 8001  [2018-08-03 17:23:23 996] - Script::install_py_dlls(): PyInit_select
   DEBUG    cellapp-1 10103 8001  [2018-08-03 17:23:23 997] - Script::install_py_dlls(): PyInit__ctypes
   DEBUG    cellapp-1 10103 8001  [2018-08-03 17:23:23 998] - Script::install_py_dlls(): PyInit__elementtree
   DEBUG    cellapp-1 10103 8001  [2018-08-03 17:23:24 062] - Script::install_py_dlls(): PyInit_unicodedata
    INFO    cellapp-1 10103 8001  [2018-08-03 17:23:24 116] - Script::install(): is successfully, Python=(3.4.2 (default, Apr 30 2018, 16:27:35) [MSC v.1900 32 bit (Intel)])!
    INFO    cellapp-1 10103 8001  [2018-08-03 17:23:24 116] - Script::install(): KBExtra is successfully!
    INFO    cellapp-1 10103 8001  [2018-08-03 17:23:24 173] - TelnetServer server is running on port 50000
    INFO    cellapp-1 10103 8001  [2018-08-03 17:23:24 846] - ---- cellapp is running ----
   DEBUG    cellapp-1 10103 8001  [2018-08-03 17:23:24 847] - Components::process(): Request for the process of identity...
 WARNING    cellapp-1 10103 8001  [2018-08-03 17:23:31 145] - EntityApp::checkTickPeriod: tick took 6299% (6.30 seconds)!
    INFO    cellapp-1 10103 8001  [2018-08-03 17:23:32 227] - Components::findComponents: find dbmgr(1)...
 WARNING    cellapp-1 10103 8001  [2018-08-03 17:23:32 560] - BundleBroadcast::BundleBroadcast: Cannot bind to port 20737, errorno=10048
 WARNING    cellapp-1 10103 8001  [2018-08-03 17:23:32 561] - EntityApp::checkTickPeriod: tick took 415% (0.41 seconds)!
    INFO    cellapp-1 10103 8001  [2018-08-03 17:23:33 628] - Components::findComponents: find dbmgr(2)...
    INFO    cellapp-1 10103 8001  [2018-08-03 17:23:33 702] - Components::findComponents: found dbmgr, addr:10.139.66.192:8876
    INFO    cellapp-1 10103 8001  [2018-08-03 17:23:33 702] - Components::addComponent: reset orderLog, uid=10103!
    INFO    cellapp-1 10103 8001  [2018-08-03 17:23:33 702] - Components::addComponent[dbmgr], uid=10103, componentID=4000, globalorderid=1, grouporderid=1, totalcount=1
    INFO    cellapp-1 10103 8001  [2018-08-03 17:23:33 735] - Components::findComponents: found dbmgr, addr:10.139.66.192:8876
 WARNING    cellapp-1 10103 8001  [2018-08-03 17:23:34 735] - EntityApp::checkTickPeriod: tick took 1188% (1.19 seconds)!
    INFO    cellapp-1 10103 8001  [2018-08-03 17:23:35 746] - Components::findComponents: find cellappmgr(1)...
    INFO    cellapp-1 10103 8001  [2018-08-03 17:23:35 760] - Components::findComponents: found cellappmgr, addr:10.139.66.192:8881
    INFO    cellapp-1 10103 8001  [2018-08-03 17:23:35 760] - Components::addComponent[cellappmgr], uid=10103, componentID=6000, globalorderid=2, grouporderid=1, totalcount=1
    INFO    cellapp-1 10103 8001  [2018-08-03 17:23:35 760] - Components::findComponents: found cellappmgr, addr:10.139.66.192:8881
 WARNING    cellapp-1 10103 8001  [2018-08-03 17:23:36 761] - EntityApp::checkTickPeriod: tick took 1115% (1.12 seconds)!
    INFO    cellapp-1 10103 8001  [2018-08-03 17:23:37 828] - Components::findComponents: find baseappmgr(1)...
    INFO    cellapp-1 10103 8001  [2018-08-03 17:23:37 879] - Components::findComponents: found baseappmgr, addr:10.139.66.192:8877
    INFO    cellapp-1 10103 8001  [2018-08-03 17:23:37 879] - Components::addComponent[baseappmgr], uid=10103, componentID=5000, globalorderid=3, grouporderid=1, totalcount=1
    INFO    cellapp-1 10103 8001  [2018-08-03 17:23:37 880] - Components::findComponents: found baseappmgr, addr:10.139.66.192:8877
 WARNING    cellapp-1 10103 8001  [2018-08-03 17:23:38 881] - EntityApp::checkTickPeriod: tick took 1134% (1.13 seconds)!
    INFO    cellapp-1 10103 8001  [2018-08-03 17:23:39 945] - Components::findComponents: register self to dbmgr...
    INFO    cellapp-1 10103 8001  [2018-08-03 17:23:40 002] - Components::findComponents: register self to cellappmgr...
    INFO    cellapp-1 10103 8001  [2018-08-03 17:23:40 003] - Components::findComponents: register self to baseappmgr...
    INFO    cellapp-1 10103 8001  [2018-08-03 17:23:40 028] - Components::process(): Found all the components!
    INFO    cellapp-1 10103 8001  [2018-08-03 17:23:40 046] - ServerApp::onRegisterNewApp: uid:10103, username:, componentType:baseapp, componentID:7001, globalorderID=-1, grouporderID=-1, intaddr:10.139.66.192, intport:8886, extaddr:10.139.66.192, extport:20015,  from 10.139.66.192:9105/0/0/0.
    INFO    cellapp-1 10103 8001  [2018-08-03 17:23:40 047] - Components::addComponent[baseapp], uid=10103, componentID=7001, globalorderid=4, grouporderid=1, totalcount=1
    INFO    cellapp-1 10103 8001  [2018-08-03 17:23:40 047] - ServerApp::onRegisterNewApp: uid:10103, username:, componentType:baseapp, componentID:7001, globalorderID=-1, grouporderID=-1, intaddr:10.139.66.192, intport:8886, extaddr:10.139.66.192, extport:20015,  from 10.139.66.192:9105/0/0/0.
    INFO    cellapp-1 10103 8001  [2018-08-03 17:23:43 047] - EntityApp::onDbmgrInitCompleted: entityID alloc(2001-4001), startGlobalOrder=5, startGroupOrder=1, digest=7273B7889FE6F3F5681A6DEE25574F9D.
    INFO    cellapp01 10103 8001  [2018-08-03 17:23:43 047] - IDClient::onAddRange: number of ids increased from 2001 to 4001.
   S_DBG    cellapp01 10103 8001  [2018-08-03 17:23:44 258] - onInit::isReload:0
 WARNING    cellapp01 10103 8001  [2018-08-03 17:23:44 258] - D:\kbengine-2.0.0\kbe\src\lib\server/entity_app.h:749: Profile processRecvMessages took 1.21 seconds
 WARNING    cellapp01 10103 8001  [2018-08-03 17:23:44 258] - cellapp.cpp:245: Profile gameTick took 1.21 seconds
 WARNING    cellapp01 10103 8001  [2018-08-03 17:23:44 258] - event_dispatcher.cpp:153: Profile callSystemTimers took 1.21 seconds
 WARNING    cellapp01 10103 8001  [2018-08-03 17:23:44 259] - EntityApp::checkTickPeriod: tick took 1212% (1.21 seconds)!
   DEBUG    cellapp01 10103 8001  [2018-08-03 17:23:44 328] - InitProgressHandler::~InitProgressHandler()
   S_DBG    cellapp01 10103 8001  [2018-08-03 17:23:45 346] - onGlobalData: Chat
    INFO    cellapp-1 10103 8001  [2018-08-03 17:24:15 038] - -----------------------------------------------------------------------------------------


    INFO    cellapp-1 10103 8001  [2018-08-03 17:24:15 039] - Resmgr::initialize: KBE_ROOT=D:/kbengine/
    INFO    cellapp-1 10103 8001  [2018-08-03 17:24:15 040] - Resmgr::initialize: KBE_RES_PATH=D:/kbengine/kbe/res/;D:/kbengine/assets_Battle of Gods/;D:/kbengine/assets_Battle of Gods/scripts/;D:/kbengine/assets_Battle of Gods/res/
    INFO    cellapp-1 10103 8001  [2018-08-03 17:24:15 040] - Resmgr::initialize: KBE_BIN_PATH=D:/kbengine/kbe/bin/server/
    INFO    cellapp-1 10103 8001  [2018-08-03 17:24:15 046] - NetworkInterface::initialize(INTERNAL): bound to all interfaces with default route interface on 10.139.66.192 ( 10.139.66.192:9443 )
    INFO    cellapp-1 10103 8001  [2018-08-03 17:24:15 047] - NetworkInterface::initialize(INTERNAL): address 10.139.66.192:9443, SOMAXCONN=5.
    INFO    cellapp-1 10103 8001  [2018-08-03 17:24:15 047] - server-configs:
    INFO    cellapp-1 10103 8001  [2018-08-03 17:24:15 047] - 	gameUpdateHertz : 10
    INFO    cellapp-1 10103 8001  [2018-08-03 17:24:15 047] - 	defaultViewRadius : 80
    INFO    cellapp-1 10103 8001  [2018-08-03 17:24:15 049] - 	defaultViewHysteresisArea : 5
    INFO    cellapp-1 10103 8001  [2018-08-03 17:24:15 049] - 	entryScriptFile : kbemain
    INFO    cellapp-1 10103 8001  [2018-08-03 17:24:15 049] - 	internalAddr : 10.139.66.192:9443
    INFO    cellapp-1 10103 8001  [2018-08-03 17:24:15 050] - 	componentID : 8001
    INFO    cellapp-1 10103 8001  [2018-08-03 17:24:15 095] - Components::findLogger: found logger, addr:10.139.66.192:9420
    INFO    cellapp-1 10103 8001  [2018-08-03 17:24:15 096] - Components::addComponent: reset orderLog, uid=10103!
    INFO    cellapp-1 10103 8001  [2018-08-03 17:24:15 096] - Components::addComponent[logger], uid=10103, componentID=2000, globalorderid=1, grouporderid=1, totalcount=1
    INFO    cellapp-1 10103 8001  [2018-08-03 17:24:15 129] - ---- cellapp Version: 2.0.0. ScriptVersion: 0.1.0. Protocol: 85A70C5E64F896E0F1A60BF405B4EB07. Config: Debug X86. Built: 16:28:54 Apr 30 2018. AppID: 8001. UID: 10103. PID: 13528 ----
    INFO    cellapp-1 10103 8001  [2018-08-03 17:24:15 132] - Server : Intel(R) Core(TM) i7-6700HQ CPU @ 2.60GHz with 2097151kB RAM
    INFO    cellapp-1 10103 8001  [2018-08-03 17:24:15 133] - ThreadPool::createThreadPool: creating  threadpool...
    INFO    cellapp-1 10103 8001  [2018-08-03 17:24:15 133] - ThreadPool::createThreadPool: successfully(2), newThreadCount=1, normalMaxThreadCount=2, maxThreadCount=8
   DEBUG    cellapp-1 10103 8001  [2018-08-03 17:24:15 305] - Script::install_py_dlls(): PyInit_pyexpat
   DEBUG    cellapp-1 10103 8001  [2018-08-03 17:24:15 305] - Script::install_py_dlls(): PyInit__socket
   DEBUG    cellapp-1 10103 8001  [2018-08-03 17:24:15 306] - Script::install_py_dlls(): PyInit__ssl
   DEBUG    cellapp-1 10103 8001  [2018-08-03 17:24:15 314] - Script::install_py_dlls(): PyInit__hashlib
   DEBUG    cellapp-1 10103 8001  [2018-08-03 17:24:15 315] - Script::install_py_dlls(): PyInit_select
   DEBUG    cellapp-1 10103 8001  [2018-08-03 17:24:15 315] - Script::install_py_dlls(): PyInit__ctypes
   DEBUG    cellapp-1 10103 8001  [2018-08-03 17:24:15 317] - Script::install_py_dlls(): PyInit__elementtree
   DEBUG    cellapp-1 10103 8001  [2018-08-03 17:24:15 379] - Script::install_py_dlls(): PyInit_unicodedata
    INFO    cellapp-1 10103 8001  [2018-08-03 17:24:15 438] - Script::install(): is successfully, Python=(3.4.2 (default, Apr 30 2018, 16:27:35) [MSC v.1900 32 bit (Intel)])!
    INFO    cellapp-1 10103 8001  [2018-08-03 17:24:15 438] - Script::install(): KBExtra is successfully!
    INFO    cellapp-1 10103 8001  [2018-08-03 17:24:15 497] - TelnetServer server is running on port 50000
    INFO    cellapp-1 10103 8001  [2018-08-03 17:24:16 149] - ---- cellapp is running ----
   DEBUG    cellapp-1 10103 8001  [2018-08-03 17:24:16 149] - Components::process(): Request for the process of identity...
 WARNING    cellapp-1 10103 8001  [2018-08-03 17:24:22 429] - EntityApp::checkTickPeriod: tick took 6281% (6.28 seconds)!
    INFO    cellapp-1 10103 8001  [2018-08-03 17:24:23 441] - Components::findComponents: find dbmgr(1)...
    INFO    cellapp-1 10103 8001  [2018-08-03 17:24:23 465] - Components::findComponents: found dbmgr, addr:10.139.66.192:9421
    INFO    cellapp-1 10103 8001  [2018-08-03 17:24:23 465] - Components::addComponent: reset orderLog, uid=10103!
    INFO    cellapp-1 10103 8001  [2018-08-03 17:24:23 465] - Components::addComponent[dbmgr], uid=10103, componentID=4000, globalorderid=1, grouporderid=1, totalcount=1
    INFO    cellapp-1 10103 8001  [2018-08-03 17:24:23 465] - Components::findComponents: found dbmgr, addr:10.139.66.192:9421
 WARNING    cellapp-1 10103 8001  [2018-08-03 17:24:24 466] - EntityApp::checkTickPeriod: tick took 1117% (1.12 seconds)!
   DEBUG    cellapp-1 10103 8001  [2018-08-03 17:24:24 466] - Cellapp::lookApp: 10.139.66.192:9554/0/0/0
 WARNING    cellapp-1 10103 8001  [2018-08-03 17:24:24 467] - TCPPacketReceiver::processPendingEvents(10.139.66.192:9554): Throwing REASON_GENERAL_NETWORK - WSAECONNABORTED
    INFO    cellapp-1 10103 8001  [2018-08-03 17:24:25 540] - Components::findComponents: find cellappmgr(1)...
    INFO    cellapp-1 10103 8001  [2018-08-03 17:24:25 631] - Components::findComponents: found cellappmgr, addr:10.139.66.192:9433
    INFO    cellapp-1 10103 8001  [2018-08-03 17:24:25 631] - Components::addComponent[cellappmgr], uid=10103, componentID=6000, globalorderid=2, grouporderid=1, totalcount=1
    INFO    cellapp-1 10103 8001  [2018-08-03 17:24:25 632] - Components::findComponents: found cellappmgr, addr:10.139.66.192:9433
 WARNING    cellapp-1 10103 8001  [2018-08-03 17:24:26 632] - EntityApp::checkTickPeriod: tick took 1183% (1.18 seconds)!
   DEBUG    cellapp-1 10103 8001  [2018-08-03 17:24:26 949] - Cellapp::lookApp: 10.139.66.192:9589/0/0/0
    INFO    cellapp-1 10103 8001  [2018-08-03 17:24:27 641] - Components::findComponents: find baseappmgr(1)...
    INFO    cellapp-1 10103 8001  [2018-08-03 17:24:27 663] - Components::findComponents: found baseappmgr, addr:10.139.66.192:9422
    INFO    cellapp-1 10103 8001  [2018-08-03 17:24:27 663] - Components::addComponent[baseappmgr], uid=10103, componentID=5000, globalorderid=3, grouporderid=1, totalcount=1
    INFO    cellapp-1 10103 8001  [2018-08-03 17:24:27 664] - Components::findComponents: found baseappmgr, addr:10.139.66.192:9422
 WARNING    cellapp-1 10103 8001  [2018-08-03 17:24:28 664] - EntityApp::checkTickPeriod: tick took 1115% (1.12 seconds)!
    INFO    cellapp-1 10103 8001  [2018-08-03 17:24:29 749] - Components::findComponents: register self to dbmgr...
    INFO    cellapp-1 10103 8001  [2018-08-03 17:24:29 841] - Components::findComponents: register self to cellappmgr...
    INFO    cellapp-1 10103 8001  [2018-08-03 17:24:29 848] - Components::findComponents: register self to baseappmgr...
    INFO    cellapp-1 10103 8001  [2018-08-03 17:24:29 940] - Components::process(): Found all the components!
    INFO    cellapp-1 10103 8001  [2018-08-03 17:24:30 049] - ServerApp::onRegisterNewApp: uid:10103, username:, componentType:baseapp, componentID:7001, globalorderID=5, grouporderID=1, intaddr:10.139.66.192, intport:9434, extaddr:10.139.66.192, extport:20015,  from 10.139.66.192:9421/0/0/0.
    INFO    cellapp-1 10103 8001  [2018-08-03 17:24:30 049] - Components::addComponent[baseapp], uid=10103, componentID=7001, globalorderid=5, grouporderid=1, totalcount=1
    INFO    cellapp-1 10103 8001  [2018-08-03 17:24:33 150] - EntityApp::onDbmgrInitCompleted: entityID alloc(1-2001), startGlobalOrder=4, startGroupOrder=1, digest=7273B7889FE6F3F5681A6DEE25574F9D.
    INFO    cellapp01 10103 8001  [2018-08-03 17:24:33 150] - IDClient::onAddRange: number of ids increased from 1 to 2001.
   S_DBG    cellapp01 10103 8001  [2018-08-03 17:24:34 361] - onInit::isReload:0
 WARNING    cellapp01 10103 8001  [2018-08-03 17:24:34 361] - D:\kbengine-2.0.0\kbe\src\lib\server/entity_app.h:749: Profile processRecvMessages took 1.21 seconds
 WARNING    cellapp01 10103 8001  [2018-08-03 17:24:34 361] - cellapp.cpp:245: Profile gameTick took 1.21 seconds
 WARNING    cellapp01 10103 8001  [2018-08-03 17:24:34 361] - event_dispatcher.cpp:153: Profile callSystemTimers took 1.21 seconds
 WARNING    cellapp01 10103 8001  [2018-08-03 17:24:34 362] - EntityApp::checkTickPeriod: tick took 1212% (1.21 seconds)!
   DEBUG    cellapp01 10103 8001  [2018-08-03 17:24:34 441] - InitProgressHandler::~InitProgressHandler()
   S_DBG    cellapp01 10103 8001  [2018-08-03 17:24:35 149] - onGlobalData: Chat
   S_DBG    cellapp01 10103 8001  [2018-08-03 17:24:35 149] - onGlobalData: Spaces
