    INFO cellappmgr-1 10103 6000  [2018-05-13 09:05:26 925] - -----------------------------------------------------------------------------------------


    INFO cellappmgr-1 10103 6000  [2018-05-13 09:05:26 927] - Resmgr::initialize: KBE_ROOT=D:/kbengine/
    INFO cellappmgr-1 10103 6000  [2018-05-13 09:05:26 928] - Resmgr::initialize: KBE_RES_PATH=D:/kbengine/kbe/res/;D:/kbengine/assets_Battle of Gods/;D:/kbengine/assets_Battle of Gods/scripts/;D:/kbengine/assets_Battle of Gods/res/
    INFO cellappmgr-1 10103 6000  [2018-05-13 09:05:26 928] - Resmgr::initialize: KBE_BIN_PATH=D:/kbengine/kbe/bin/server/
    INFO cellappmgr-1 10103 6000  [2018-05-13 09:05:26 941] - NetworkInterface::initialize(INTERNAL): bound to all interfaces with default route interface on 10.139.100.106 ( 10.139.100.106:8719 )
    INFO cellappmgr-1 10103 6000  [2018-05-13 09:05:26 941] - NetworkInterface::initialize(INTERNAL): address 10.139.100.106:8719, SOMAXCONN=5.
    INFO cellappmgr-1 10103 6000  [2018-05-13 09:05:26 941] - server-configs:
    INFO cellappmgr-1 10103 6000  [2018-05-13 09:05:26 942] - 	internalAddr : 10.139.100.106:8719
    INFO cellappmgr-1 10103 6000  [2018-05-13 09:05:26 942] - 	componentID : 6000
    INFO cellappmgr-1 10103 6000  [2018-05-13 09:05:26 963] - Components::findLogger: found logger, addr:10.139.100.106:8687
    INFO cellappmgr-1 10103 6000  [2018-05-13 09:05:26 964] - Components::addComponent: reset orderLog, uid=10103!
    INFO cellappmgr-1 10103 6000  [2018-05-13 09:05:26 964] - Components::addComponent[logger], uid=10103, componentID=2000, globalorderid=1, grouporderid=1, totalcount=1
    INFO cellappmgr-1 10103 6000  [2018-05-13 09:05:26 979] - ---- cellappmgr Version: 2.0.0. ScriptVersion: 0.1.0. Protocol: 52E8E19C86891AC3218081DFAA2FD187. Config: Debug X86. Built: 16:26:50 Apr 30 2018. AppID: 6000. UID: 10103. PID: 16000 ----
    INFO cellappmgr-1 10103 6000  [2018-05-13 09:05:26 980] - Server : Intel(R) Core(TM) i7-6700HQ CPU @ 2.60GHz with 2097151kB RAM
    INFO cellappmgr-1 10103 6000  [2018-05-13 09:05:26 980] - ThreadPool::createThreadPool: creating  threadpool...
    INFO cellappmgr-1 10103 6000  [2018-05-13 09:05:26 981] - ThreadPool::createThreadPool: successfully(2), newThreadCount=1, normalMaxThreadCount=2, maxThreadCount=8
    INFO cellappmgr-1 10103 6000  [2018-05-13 09:05:27 693] - ---- cellappmgr is running ----
   DEBUG cellappmgr-1 10103 6000  [2018-05-13 09:05:27 694] - Components::process(): Request for the process of identity...
    INFO cellappmgr-1 10103 6000  [2018-05-13 09:05:35 088] - Components::findComponents: find dbmgr(1)...
    INFO cellappmgr-1 10103 6000  [2018-05-13 09:05:37 117] - Components::findComponents: find dbmgr(2)...
    INFO cellappmgr-1 10103 6000  [2018-05-13 09:05:53 889] - -----------------------------------------------------------------------------------------


    INFO cellappmgr-1 10103 6000  [2018-05-13 09:05:53 890] - Resmgr::initialize: KBE_ROOT=D:/kbengine/
    INFO cellappmgr-1 10103 6000  [2018-05-13 09:05:53 891] - Resmgr::initialize: KBE_RES_PATH=D:/kbengine/kbe/res/;D:/kbengine/assets_Battle of Gods/;D:/kbengine/assets_Battle of Gods/scripts/;D:/kbengine/assets_Battle of Gods/res/
    INFO cellappmgr-1 10103 6000  [2018-05-13 09:05:53 891] - Resmgr::initialize: KBE_BIN_PATH=D:/kbengine/kbe/bin/server/
    INFO cellappmgr-1 10103 6000  [2018-05-13 09:05:53 899] - NetworkInterface::initialize(INTERNAL): bound to all interfaces with default route interface on 10.139.100.106 ( 10.139.100.106:8772 )
    INFO cellappmgr-1 10103 6000  [2018-05-13 09:05:53 899] - NetworkInterface::initialize(INTERNAL): address 10.139.100.106:8772, SOMAXCONN=5.
    INFO cellappmgr-1 10103 6000  [2018-05-13 09:05:53 899] - server-configs:
    INFO cellappmgr-1 10103 6000  [2018-05-13 09:05:53 899] - 	internalAddr : 10.139.100.106:8772
    INFO cellappmgr-1 10103 6000  [2018-05-13 09:05:53 900] - 	componentID : 6000
    INFO cellappmgr-1 10103 6000  [2018-05-13 09:05:53 918] - Components::findLogger: found logger, addr:10.139.100.106:8763
    INFO cellappmgr-1 10103 6000  [2018-05-13 09:05:53 918] - Components::addComponent: reset orderLog, uid=10103!
    INFO cellappmgr-1 10103 6000  [2018-05-13 09:05:53 919] - Components::addComponent[logger], uid=10103, componentID=2000, globalorderid=1, grouporderid=1, totalcount=1
    INFO cellappmgr-1 10103 6000  [2018-05-13 09:05:53 930] - ---- cellappmgr Version: 2.0.0. ScriptVersion: 0.1.0. Protocol: 52E8E19C86891AC3218081DFAA2FD187. Config: Debug X86. Built: 16:26:50 Apr 30 2018. AppID: 6000. UID: 10103. PID: 11684 ----
    INFO cellappmgr-1 10103 6000  [2018-05-13 09:05:53 930] - Server : Intel(R) Core(TM) i7-6700HQ CPU @ 2.60GHz with 2097151kB RAM
    INFO cellappmgr-1 10103 6000  [2018-05-13 09:05:53 930] - ThreadPool::createThreadPool: creating  threadpool...
    INFO cellappmgr-1 10103 6000  [2018-05-13 09:05:53 931] - ThreadPool::createThreadPool: successfully(2), newThreadCount=1, normalMaxThreadCount=2, maxThreadCount=8
    INFO cellappmgr-1 10103 6000  [2018-05-13 09:05:54 615] - ---- cellappmgr is running ----
   DEBUG cellappmgr-1 10103 6000  [2018-05-13 09:05:54 615] - Components::process(): Request for the process of identity...
    INFO cellappmgr-1 10103 6000  [2018-05-13 09:06:08 690] - -----------------------------------------------------------------------------------------


    INFO cellappmgr-1 10103 6000  [2018-05-13 09:06:08 692] - Resmgr::initialize: KBE_ROOT=D:/kbengine/
    INFO cellappmgr-1 10103 6000  [2018-05-13 09:06:08 692] - Resmgr::initialize: KBE_RES_PATH=D:/kbengine/kbe/res/;D:/kbengine/assets_Battle of Gods/;D:/kbengine/assets_Battle of Gods/scripts/;D:/kbengine/assets_Battle of Gods/res/
    INFO cellappmgr-1 10103 6000  [2018-05-13 09:06:08 692] - Resmgr::initialize: KBE_BIN_PATH=D:/kbengine/kbe/bin/server/
    INFO cellappmgr-1 10103 6000  [2018-05-13 09:06:08 700] - NetworkInterface::initialize(INTERNAL): bound to all interfaces with default route interface on 10.139.100.106 ( 10.139.100.106:8792 )
    INFO cellappmgr-1 10103 6000  [2018-05-13 09:06:08 701] - NetworkInterface::initialize(INTERNAL): address 10.139.100.106:8792, SOMAXCONN=5.
    INFO cellappmgr-1 10103 6000  [2018-05-13 09:06:08 701] - server-configs:
    INFO cellappmgr-1 10103 6000  [2018-05-13 09:06:08 701] - 	internalAddr : 10.139.100.106:8792
    INFO cellappmgr-1 10103 6000  [2018-05-13 09:06:08 701] - 	componentID : 6000
    INFO cellappmgr-1 10103 6000  [2018-05-13 09:06:10 213] - ---- cellappmgr Version: 2.0.0. ScriptVersion: 0.1.0. Protocol: 52E8E19C86891AC3218081DFAA2FD187. Config: Debug X86. Built: 16:26:50 Apr 30 2018. AppID: 6000. UID: 10103. PID: 14564 ----
    INFO cellappmgr-1 10103 6000  [2018-05-13 09:06:10 213] - Server : Intel(R) Core(TM) i7-6700HQ CPU @ 2.60GHz with 2097151kB RAM
    INFO cellappmgr-1 10103 6000  [2018-05-13 09:06:10 214] - ThreadPool::createThreadPool: creating  threadpool...
    INFO cellappmgr-1 10103 6000  [2018-05-13 09:06:10 214] - ThreadPool::createThreadPool: successfully(2), newThreadCount=1, normalMaxThreadCount=2, maxThreadCount=8
    INFO cellappmgr-1 10103 6000  [2018-05-13 09:06:10 742] - ---- cellappmgr is running ----
   DEBUG cellappmgr-1 10103 6000  [2018-05-13 09:06:10 742] - Components::process(): Request for the process of identity...
    INFO cellappmgr-1 10103 6000  [2018-05-13 09:06:18 229] - Components::findComponents: find logger(1)...
    INFO cellappmgr-1 10103 6000  [2018-05-13 09:06:18 252] - Components::findComponents: found logger, addr:10.139.100.106:8789
    INFO cellappmgr-1 10103 6000  [2018-05-13 09:06:18 252] - Components::addComponent: reset orderLog, uid=10103!
    INFO cellappmgr-1 10103 6000  [2018-05-13 09:06:18 253] - Components::addComponent[logger], uid=10103, componentID=2000, globalorderid=1, grouporderid=1, totalcount=1
    INFO cellappmgr-1 10103 6000  [2018-05-13 09:06:18 256] - Components::findComponents: find dbmgr(2)...
    INFO cellappmgr-1 10103 6000  [2018-05-13 09:06:20 375] - Components::findComponents: find dbmgr(3)...
    INFO cellappmgr-1 10103 6000  [2018-05-13 09:06:22 440] - Components::findComponents: find dbmgr(4)...
    INFO cellappmgr-1 10103 6000  [2018-05-13 09:06:24 510] - Components::findComponents: find dbmgr(5)...
    INFO cellappmgr-1 10103 6000  [2018-05-13 09:06:26 568] - Components::findComponents: find dbmgr(6)...
    INFO cellappmgr-1 10103 6000  [2018-05-13 09:06:28 616] - Components::findComponents: find dbmgr(7)...
    INFO cellappmgr-1 10103 6000  [2018-05-13 09:06:30 700] - Components::findComponents: find dbmgr(8)...
    INFO cellappmgr-1 10103 6000  [2018-05-13 09:06:32 759] - Components::findComponents: find dbmgr(9)...
    INFO cellappmgr-1 10103 6000  [2018-05-13 09:06:34 801] - Components::findComponents: find dbmgr(10)...
    INFO cellappmgr-1 10103 6000  [2018-05-13 09:06:36 871] - Components::findComponents: find dbmgr(11)...
    INFO cellappmgr-1 10103 6000  [2018-05-13 09:06:38 927] - Components::findComponents: find dbmgr(12)...
    INFO cellappmgr-1 10103 6000  [2018-05-13 09:06:40 995] - Components::findComponents: find dbmgr(13)...
    INFO cellappmgr-1 10103 6000  [2018-05-13 09:06:43 059] - Components::findComponents: find dbmgr(14)...
    INFO cellappmgr-1 10103 6000  [2018-05-13 09:06:45 128] - Components::findComponents: find dbmgr(15)...
    INFO cellappmgr-1 10103 6000  [2018-05-13 09:06:47 192] - Components::findComponents: find dbmgr(16)...
 WARNING cellappmgr-1 10103 6000  [2018-05-13 09:06:49 279] - Components::findComponents: find dbmgr(17)...
delay time is too long, please check the dbmgr logs!
 WARNING cellappmgr-1 10103 6000  [2018-05-13 09:06:51 315] - Components::findComponents: find dbmgr(18)...
delay time is too long, please check the dbmgr logs!
 WARNING cellappmgr-1 10103 6000  [2018-05-13 09:06:53 359] - Components::findComponents: find dbmgr(19)...
delay time is too long, please check the dbmgr logs!
 WARNING cellappmgr-1 10103 6000  [2018-05-13 09:06:55 454] - Components::findComponents: find dbmgr(20)...
delay time is too long, please check the dbmgr logs!
 WARNING cellappmgr-1 10103 6000  [2018-05-13 09:06:57 512] - Components::findComponents: find dbmgr(21)...
delay time is too long, please check the dbmgr logs!
 WARNING cellappmgr-1 10103 6000  [2018-05-13 09:06:59 578] - Components::findComponents: find dbmgr(22)...
delay time is too long, please check the dbmgr logs!
 WARNING cellappmgr-1 10103 6000  [2018-05-13 09:07:01 632] - Components::findComponents: find dbmgr(23)...
delay time is too long, please check the dbmgr logs!
 WARNING cellappmgr-1 10103 6000  [2018-05-13 09:07:03 700] - Components::findComponents: find dbmgr(24)...
delay time is too long, please check the dbmgr logs!
 WARNING cellappmgr-1 10103 6000  [2018-05-13 09:07:05 730] - Components::findComponents: find dbmgr(25)...
delay time is too long, please check the dbmgr logs!
 WARNING cellappmgr-1 10103 6000  [2018-05-13 09:07:07 804] - Components::findComponents: find dbmgr(26)...
delay time is too long, please check the dbmgr logs!
 WARNING cellappmgr-1 10103 6000  [2018-05-13 09:07:09 881] - Components::findComponents: find dbmgr(27)...
delay time is too long, please check the dbmgr logs!
 WARNING cellappmgr-1 10103 6000  [2018-05-13 09:07:11 940] - Components::findComponents: find dbmgr(28)...
delay time is too long, please check the dbmgr logs!
 WARNING cellappmgr-1 10103 6000  [2018-05-13 09:07:13 980] - Components::findComponents: find dbmgr(29)...
delay time is too long, please check the dbmgr logs!
 WARNING cellappmgr-1 10103 6000  [2018-05-13 09:07:16 039] - Components::findComponents: find dbmgr(30)...
delay time is too long, please check the dbmgr logs!
 WARNING cellappmgr-1 10103 6000  [2018-05-13 09:07:18 099] - Components::findComponents: find dbmgr(31)...
delay time is too long, please check the dbmgr logs!
 WARNING cellappmgr-1 10103 6000  [2018-05-13 09:07:20 174] - Components::findComponents: find dbmgr(32)...
delay time is too long, please check the dbmgr logs!
 WARNING cellappmgr-1 10103 6000  [2018-05-13 09:07:22 231] - Components::findComponents: find dbmgr(33)...
delay time is too long, please check the dbmgr logs!
 WARNING cellappmgr-1 10103 6000  [2018-05-13 09:07:24 272] - Components::findComponents: find dbmgr(34)...
delay time is too long, please check the dbmgr logs!
 WARNING cellappmgr-1 10103 6000  [2018-05-13 09:07:26 333] - Components::findComponents: find dbmgr(35)...
delay time is too long, please check the dbmgr logs!
 WARNING cellappmgr-1 10103 6000  [2018-05-13 09:07:28 407] - Components::findComponents: find dbmgr(36)...
delay time is too long, please check the dbmgr logs!
 WARNING cellappmgr-1 10103 6000  [2018-05-13 09:07:30 454] - Components::findComponents: find dbmgr(37)...
delay time is too long, please check the dbmgr logs!
 WARNING cellappmgr-1 10103 6000  [2018-05-13 09:07:32 513] - Components::findComponents: find dbmgr(38)...
delay time is too long, please check the dbmgr logs!
 WARNING cellappmgr-1 10103 6000  [2018-05-13 09:07:34 587] - Components::findComponents: find dbmgr(39)...
delay time is too long, please check the dbmgr logs!
 WARNING cellappmgr-1 10103 6000  [2018-05-13 09:07:36 633] - Components::findComponents: find dbmgr(40)...
delay time is too long, please check the dbmgr logs!
 WARNING cellappmgr-1 10103 6000  [2018-05-13 09:07:38 704] - Components::findComponents: find dbmgr(41)...
delay time is too long, please check the dbmgr logs!
 WARNING cellappmgr-1 10103 6000  [2018-05-13 09:07:40 777] - Components::findComponents: find dbmgr(42)...
delay time is too long, please check the dbmgr logs!
 WARNING cellappmgr-1 10103 6000  [2018-05-13 09:07:42 838] - Components::findComponents: find dbmgr(43)...
delay time is too long, please check the dbmgr logs!
 WARNING cellappmgr-1 10103 6000  [2018-05-13 09:07:44 893] - Components::findComponents: find dbmgr(44)...
delay time is too long, please check the dbmgr logs!
 WARNING cellappmgr-1 10103 6000  [2018-05-13 09:07:46 953] - Components::findComponents: find dbmgr(45)...
delay time is too long, please check the dbmgr logs!
 WARNING cellappmgr-1 10103 6000  [2018-05-13 09:07:49 001] - Components::findComponents: find dbmgr(46)...
delay time is too long, please check the dbmgr logs!
 WARNING cellappmgr-1 10103 6000  [2018-05-13 09:07:51 070] - Components::findComponents: find dbmgr(47)...
delay time is too long, please check the dbmgr logs!
 WARNING cellappmgr-1 10103 6000  [2018-05-13 09:07:53 129] - Components::findComponents: find dbmgr(48)...
delay time is too long, please check the dbmgr logs!
 WARNING cellappmgr-1 10103 6000  [2018-05-13 09:07:55 172] - Components::findComponents: find dbmgr(49)...
delay time is too long, please check the dbmgr logs!
 WARNING cellappmgr-1 10103 6000  [2018-05-13 09:07:57 259] - Components::findComponents: find dbmgr(50)...
delay time is too long, please check the dbmgr logs!
 WARNING cellappmgr-1 10103 6000  [2018-05-13 09:07:59 330] - Components::findComponents: find dbmgr(51)...
delay time is too long, please check the dbmgr logs!
 WARNING cellappmgr-1 10103 6000  [2018-05-13 09:08:01 399] - Components::findComponents: find dbmgr(52)...
delay time is too long, please check the dbmgr logs!
 WARNING cellappmgr-1 10103 6000  [2018-05-13 09:08:03 451] - Components::findComponents: find dbmgr(53)...
delay time is too long, please check the dbmgr logs!
 WARNING cellappmgr-1 10103 6000  [2018-05-13 09:08:05 514] - Components::findComponents: find dbmgr(54)...
delay time is too long, please check the dbmgr logs!
 WARNING cellappmgr-1 10103 6000  [2018-05-13 09:08:07 578] - Components::findComponents: find dbmgr(55)...
delay time is too long, please check the dbmgr logs!
 WARNING cellappmgr-1 10103 6000  [2018-05-13 09:08:09 620] - Components::findComponents: find dbmgr(56)...
delay time is too long, please check the dbmgr logs!
 WARNING cellappmgr-1 10103 6000  [2018-05-13 09:08:11 693] - Components::findComponents: find dbmgr(57)...
delay time is too long, please check the dbmgr logs!
 WARNING cellappmgr-1 10103 6000  [2018-05-13 09:08:13 770] - Components::findComponents: find dbmgr(58)...
delay time is too long, please check the dbmgr logs!
 WARNING cellappmgr-1 10103 6000  [2018-05-13 09:08:15 856] - Components::findComponents: find dbmgr(59)...
delay time is too long, please check the dbmgr logs!
 WARNING cellappmgr-1 10103 6000  [2018-05-13 09:08:17 897] - Components::findComponents: find dbmgr(60)...
delay time is too long, please check the dbmgr logs!
 WARNING cellappmgr-1 10103 6000  [2018-05-13 09:08:19 957] - Components::findComponents: find dbmgr(61)...
delay time is too long, please check the dbmgr logs!
 WARNING cellappmgr-1 10103 6000  [2018-05-13 09:08:22 012] - Components::findComponents: find dbmgr(62)...
delay time is too long, please check the dbmgr logs!
 WARNING cellappmgr-1 10103 6000  [2018-05-13 09:08:24 066] - Components::findComponents: find dbmgr(63)...
delay time is too long, please check the dbmgr logs!
 WARNING cellappmgr-1 10103 6000  [2018-05-13 09:08:26 138] - Components::findComponents: find dbmgr(64)...
delay time is too long, please check the dbmgr logs!
 WARNING cellappmgr-1 10103 6000  [2018-05-13 09:08:28 177] - Components::findComponents: find dbmgr(65)...
delay time is too long, please check the dbmgr logs!
 WARNING cellappmgr-1 10103 6000  [2018-05-13 09:08:30 251] - Components::findComponents: find dbmgr(66)...
delay time is too long, please check the dbmgr logs!
 WARNING cellappmgr-1 10103 6000  [2018-05-13 09:08:32 297] - Components::findComponents: find dbmgr(67)...
delay time is too long, please check the dbmgr logs!
 WARNING cellappmgr-1 10103 6000  [2018-05-13 09:08:34 366] - Components::findComponents: find dbmgr(68)...
delay time is too long, please check the dbmgr logs!
 WARNING cellappmgr-1 10103 6000  [2018-05-13 09:08:36 435] - Components::findComponents: find dbmgr(69)...
delay time is too long, please check the dbmgr logs!
 WARNING cellappmgr-1 10103 6000  [2018-05-13 09:08:38 497] - Components::findComponents: find dbmgr(70)...
delay time is too long, please check the dbmgr logs!
 WARNING cellappmgr-1 10103 6000  [2018-05-13 09:08:40 526] - Components::findComponents: find dbmgr(71)...
delay time is too long, please check the dbmgr logs!
 WARNING cellappmgr-1 10103 6000  [2018-05-13 09:08:42 586] - Components::findComponents: find dbmgr(72)...
delay time is too long, please check the dbmgr logs!
 WARNING cellappmgr-1 10103 6000  [2018-05-13 09:08:44 686] - Components::findComponents: find dbmgr(73)...
delay time is too long, please check the dbmgr logs!
 WARNING cellappmgr-1 10103 6000  [2018-05-13 09:08:46 759] - Components::findComponents: find dbmgr(74)...
delay time is too long, please check the dbmgr logs!
 WARNING cellappmgr-1 10103 6000  [2018-05-13 09:08:48 866] - Components::findComponents: find dbmgr(75)...
delay time is too long, please check the dbmgr logs!
 WARNING cellappmgr-1 10103 6000  [2018-05-13 09:08:50 957] - Components::findComponents: find dbmgr(76)...
delay time is too long, please check the dbmgr logs!
 WARNING cellappmgr-1 10103 6000  [2018-05-13 09:08:53 070] - Components::findComponents: find dbmgr(77)...
delay time is too long, please check the dbmgr logs!
 WARNING cellappmgr-1 10103 6000  [2018-05-13 09:08:55 206] - Components::findComponents: find dbmgr(78)...
delay time is too long, please check the dbmgr logs!
 WARNING cellappmgr-1 10103 6000  [2018-05-13 09:08:57 234] - Components::findComponents: find dbmgr(79)...
delay time is too long, please check the dbmgr logs!
 WARNING cellappmgr-1 10103 6000  [2018-05-13 09:08:59 379] - Components::findComponents: find dbmgr(80)...
delay time is too long, please check the dbmgr logs!
 WARNING cellappmgr-1 10103 6000  [2018-05-13 09:09:01 494] - Components::findComponents: find dbmgr(81)...
delay time is too long, please check the dbmgr logs!
 WARNING cellappmgr-1 10103 6000  [2018-05-13 09:09:03 545] - Components::findComponents: find dbmgr(82)...
delay time is too long, please check the dbmgr logs!
 WARNING cellappmgr-1 10103 6000  [2018-05-13 09:09:05 607] - Components::findComponents: find dbmgr(83)...
delay time is too long, please check the dbmgr logs!
 WARNING cellappmgr-1 10103 6000  [2018-05-13 09:09:07 757] - Components::findComponents: find dbmgr(84)...
delay time is too long, please check the dbmgr logs!
 WARNING cellappmgr-1 10103 6000  [2018-05-13 09:09:09 866] - Components::findComponents: find dbmgr(85)...
delay time is too long, please check the dbmgr logs!
 WARNING cellappmgr-1 10103 6000  [2018-05-13 09:09:11 926] - Components::findComponents: find dbmgr(86)...
delay time is too long, please check the dbmgr logs!
 WARNING cellappmgr-1 10103 6000  [2018-05-13 09:09:14 037] - Components::findComponents: find dbmgr(87)...
delay time is too long, please check the dbmgr logs!
 WARNING cellappmgr-1 10103 6000  [2018-05-13 09:09:16 164] - Components::findComponents: find dbmgr(88)...
delay time is too long, please check the dbmgr logs!
 WARNING cellappmgr-1 10103 6000  [2018-05-13 09:09:18 259] - Components::findComponents: find dbmgr(89)...
delay time is too long, please check the dbmgr logs!
 WARNING cellappmgr-1 10103 6000  [2018-05-13 09:09:20 346] - Components::findComponents: find dbmgr(90)...
delay time is too long, please check the dbmgr logs!
 WARNING cellappmgr-1 10103 6000  [2018-05-13 09:09:22 466] - Components::findComponents: find dbmgr(91)...
delay time is too long, please check the dbmgr logs!
 WARNING cellappmgr-1 10103 6000  [2018-05-13 09:09:24 507] - Components::findComponents: find dbmgr(92)...
delay time is too long, please check the dbmgr logs!
 WARNING cellappmgr-1 10103 6000  [2018-05-13 09:09:26 605] - Components::findComponents: find dbmgr(93)...
delay time is too long, please check the dbmgr logs!
 WARNING cellappmgr-1 10103 6000  [2018-05-13 09:09:28 746] - Components::findComponents: find dbmgr(94)...
delay time is too long, please check the dbmgr logs!
 WARNING cellappmgr-1 10103 6000  [2018-05-13 09:09:30 864] - Components::findComponents: find dbmgr(95)...
delay time is too long, please check the dbmgr logs!
 WARNING cellappmgr-1 10103 6000  [2018-05-13 09:09:32 906] - Components::findComponents: find dbmgr(96)...
delay time is too long, please check the dbmgr logs!
 WARNING cellappmgr-1 10103 6000  [2018-05-13 09:09:34 945] - Components::findComponents: find dbmgr(97)...
delay time is too long, please check the dbmgr logs!
 WARNING cellappmgr-1 10103 6000  [2018-05-13 09:09:37 066] - Components::findComponents: find dbmgr(98)...
delay time is too long, please check the dbmgr logs!
 WARNING cellappmgr-1 10103 6000  [2018-05-13 09:09:39 093] - Components::findComponents: find dbmgr(99)...
delay time is too long, please check the dbmgr logs!
 WARNING cellappmgr-1 10103 6000  [2018-05-13 09:09:41 125] - Components::findComponents: find dbmgr(100)...
delay time is too long, please check the dbmgr logs!
 WARNING cellappmgr-1 10103 6000  [2018-05-13 09:09:43 225] - Components::findComponents: find dbmgr(101)...
delay time is too long, please check the dbmgr logs!
 WARNING cellappmgr-1 10103 6000  [2018-05-13 09:09:45 299] - Components::findComponents: find dbmgr(102)...
delay time is too long, please check the dbmgr logs!
 WARNING cellappmgr-1 10103 6000  [2018-05-13 09:09:47 376] - Components::findComponents: find dbmgr(103)...
delay time is too long, please check the dbmgr logs!
 WARNING cellappmgr-1 10103 6000  [2018-05-13 09:09:49 438] - Components::findComponents: find dbmgr(104)...
delay time is too long, please check the dbmgr logs!
 WARNING cellappmgr-1 10103 6000  [2018-05-13 09:09:51 487] - Components::findComponents: find dbmgr(105)...
delay time is too long, please check the dbmgr logs!
 WARNING cellappmgr-1 10103 6000  [2018-05-13 09:09:53 550] - Components::findComponents: find dbmgr(106)...
delay time is too long, please check the dbmgr logs!
 WARNING cellappmgr-1 10103 6000  [2018-05-13 09:09:55 638] - Components::findComponents: find dbmgr(107)...
delay time is too long, please check the dbmgr logs!
 WARNING cellappmgr-1 10103 6000  [2018-05-13 09:09:57 698] - Components::findComponents: find dbmgr(108)...
delay time is too long, please check the dbmgr logs!
 WARNING cellappmgr-1 10103 6000  [2018-05-13 09:09:59 756] - Components::findComponents: find dbmgr(109)...
delay time is too long, please check the dbmgr logs!
 WARNING cellappmgr-1 10103 6000  [2018-05-13 09:10:01 836] - Components::findComponents: find dbmgr(110)...
delay time is too long, please check the dbmgr logs!
 WARNING cellappmgr-1 10103 6000  [2018-05-13 09:10:03 896] - Components::findComponents: find dbmgr(111)...
delay time is too long, please check the dbmgr logs!
 WARNING cellappmgr-1 10103 6000  [2018-05-13 09:10:05 948] - Components::findComponents: find dbmgr(112)...
delay time is too long, please check the dbmgr logs!
 WARNING cellappmgr-1 10103 6000  [2018-05-13 09:10:07 995] - Components::findComponents: find dbmgr(113)...
delay time is too long, please check the dbmgr logs!
 WARNING cellappmgr-1 10103 6000  [2018-05-13 09:10:10 050] - Components::findComponents: find dbmgr(114)...
delay time is too long, please check the dbmgr logs!
 WARNING cellappmgr-1 10103 6000  [2018-05-13 09:10:12 118] - Components::findComponents: find dbmgr(115)...
delay time is too long, please check the dbmgr logs!
 WARNING cellappmgr-1 10103 6000  [2018-05-13 09:10:14 168] - Components::findComponents: find dbmgr(116)...
delay time is too long, please check the dbmgr logs!
 WARNING cellappmgr-1 10103 6000  [2018-05-13 09:10:16 257] - Components::findComponents: find dbmgr(117)...
delay time is too long, please check the dbmgr logs!
 WARNING cellappmgr-1 10103 6000  [2018-05-13 09:10:18 314] - Components::findComponents: find dbmgr(118)...
delay time is too long, please check the dbmgr logs!
 WARNING cellappmgr-1 10103 6000  [2018-05-13 09:10:20 393] - Components::findComponents: find dbmgr(119)...
delay time is too long, please check the dbmgr logs!
 WARNING cellappmgr-1 10103 6000  [2018-05-13 09:10:22 458] - Components::findComponents: find dbmgr(120)...
delay time is too long, please check the dbmgr logs!
 WARNING cellappmgr-1 10103 6000  [2018-05-13 09:10:24 514] - Components::findComponents: find dbmgr(121)...
delay time is too long, please check the dbmgr logs!
 WARNING cellappmgr-1 10103 6000  [2018-05-13 09:10:26 575] - Components::findComponents: find dbmgr(122)...
delay time is too long, please check the dbmgr logs!
 WARNING cellappmgr-1 10103 6000  [2018-05-13 09:10:28 624] - Components::findComponents: find dbmgr(123)...
delay time is too long, please check the dbmgr logs!
 WARNING cellappmgr-1 10103 6000  [2018-05-13 09:10:30 684] - Components::findComponents: find dbmgr(124)...
delay time is too long, please check the dbmgr logs!
 WARNING cellappmgr-1 10103 6000  [2018-05-13 09:10:32 775] - Components::findComponents: find dbmgr(125)...
delay time is too long, please check the dbmgr logs!
 WARNING cellappmgr-1 10103 6000  [2018-05-13 09:10:34 805] - Components::findComponents: find dbmgr(126)...
delay time is too long, please check the dbmgr logs!
 WARNING cellappmgr-1 10103 6000  [2018-05-13 09:10:36 874] - Components::findComponents: find dbmgr(127)...
delay time is too long, please check the dbmgr logs!
 WARNING cellappmgr-1 10103 6000  [2018-05-13 09:10:38 956] - Components::findComponents: find dbmgr(128)...
delay time is too long, please check the dbmgr logs!
 WARNING cellappmgr-1 10103 6000  [2018-05-13 09:10:41 013] - Components::findComponents: find dbmgr(129)...
delay time is too long, please check the dbmgr logs!
 WARNING cellappmgr-1 10103 6000  [2018-05-13 09:10:43 068] - Components::findComponents: find dbmgr(130)...
delay time is too long, please check the dbmgr logs!
 WARNING cellappmgr-1 10103 6000  [2018-05-13 09:10:45 128] - Components::findComponents: find dbmgr(131)...
delay time is too long, please check the dbmgr logs!
 WARNING cellappmgr-1 10103 6000  [2018-05-13 09:10:47 176] - Components::findComponents: find dbmgr(132)...
delay time is too long, please check the dbmgr logs!
 WARNING cellappmgr-1 10103 6000  [2018-05-13 09:10:49 249] - Components::findComponents: find dbmgr(133)...
delay time is too long, please check the dbmgr logs!
 WARNING cellappmgr-1 10103 6000  [2018-05-13 09:10:51 307] - Components::findComponents: find dbmgr(134)...
delay time is too long, please check the dbmgr logs!
 WARNING cellappmgr-1 10103 6000  [2018-05-13 09:10:53 373] - Components::findComponents: find dbmgr(135)...
delay time is too long, please check the dbmgr logs!
 WARNING cellappmgr-1 10103 6000  [2018-05-13 09:10:55 454] - Components::findComponents: find dbmgr(136)...
delay time is too long, please check the dbmgr logs!
 WARNING cellappmgr-1 10103 6000  [2018-05-13 09:10:57 496] - Components::findComponents: find dbmgr(137)...
delay time is too long, please check the dbmgr logs!
 WARNING cellappmgr-1 10103 6000  [2018-05-13 09:10:59 543] - Components::findComponents: find dbmgr(138)...
delay time is too long, please check the dbmgr logs!
 WARNING cellappmgr-1 10103 6000  [2018-05-13 09:11:01 614] - Components::findComponents: find dbmgr(139)...
delay time is too long, please check the dbmgr logs!
 WARNING cellappmgr-1 10103 6000  [2018-05-13 09:11:03 674] - Components::findComponents: find dbmgr(140)...
delay time is too long, please check the dbmgr logs!
 WARNING cellappmgr-1 10103 6000  [2018-05-13 09:11:05 735] - Components::findComponents: find dbmgr(141)...
delay time is too long, please check the dbmgr logs!
 WARNING cellappmgr-1 10103 6000  [2018-05-13 09:11:07 793] - Components::findComponents: find dbmgr(142)...
delay time is too long, please check the dbmgr logs!
 WARNING cellappmgr-1 10103 6000  [2018-05-13 09:11:09 850] - Components::findComponents: find dbmgr(143)...
delay time is too long, please check the dbmgr logs!
 WARNING cellappmgr-1 10103 6000  [2018-05-13 09:11:11 910] - Components::findComponents: find dbmgr(144)...
delay time is too long, please check the dbmgr logs!
 WARNING cellappmgr-1 10103 6000  [2018-05-13 09:11:13 953] - Components::findComponents: find dbmgr(145)...
delay time is too long, please check the dbmgr logs!
 WARNING cellappmgr-1 10103 6000  [2018-05-13 09:11:16 029] - Components::findComponents: find dbmgr(146)...
delay time is too long, please check the dbmgr logs!
 WARNING cellappmgr-1 10103 6000  [2018-05-13 09:11:18 075] - Components::findComponents: find dbmgr(147)...
delay time is too long, please check the dbmgr logs!
 WARNING cellappmgr-1 10103 6000  [2018-05-13 09:11:20 134] - Components::findComponents: find dbmgr(148)...
delay time is too long, please check the dbmgr logs!
 WARNING cellappmgr-1 10103 6000  [2018-05-13 09:11:22 206] - Components::findComponents: find dbmgr(149)...
delay time is too long, please check the dbmgr logs!
 WARNING cellappmgr-1 10103 6000  [2018-05-13 09:11:24 264] - Components::findComponents: find dbmgr(150)...
delay time is too long, please check the dbmgr logs!
 WARNING cellappmgr-1 10103 6000  [2018-05-13 09:11:26 309] - Components::findComponents: find dbmgr(151)...
delay time is too long, please check the dbmgr logs!
 WARNING cellappmgr-1 10103 6000  [2018-05-13 09:11:28 394] - Components::findComponents: find dbmgr(152)...
delay time is too long, please check the dbmgr logs!
 WARNING cellappmgr-1 10103 6000  [2018-05-13 09:11:30 425] - Components::findComponents: find dbmgr(153)...
delay time is too long, please check the dbmgr logs!
 WARNING cellappmgr-1 10103 6000  [2018-05-13 09:11:32 481] - Components::findComponents: find dbmgr(154)...
delay time is too long, please check the dbmgr logs!
 WARNING cellappmgr-1 10103 6000  [2018-05-13 09:11:34 550] - Components::findComponents: find dbmgr(155)...
delay time is too long, please check the dbmgr logs!
 WARNING cellappmgr-1 10103 6000  [2018-05-13 09:11:36 600] - Components::findComponents: find dbmgr(156)...
delay time is too long, please check the dbmgr logs!
 WARNING cellappmgr-1 10103 6000  [2018-05-13 09:11:38 671] - Components::findComponents: find dbmgr(157)...
delay time is too long, please check the dbmgr logs!
 WARNING cellappmgr-1 10103 6000  [2018-05-13 09:11:40 731] - Components::findComponents: find dbmgr(158)...
delay time is too long, please check the dbmgr logs!
 WARNING cellappmgr-1 10103 6000  [2018-05-13 09:11:42 852] - Components::findComponents: find dbmgr(159)...
delay time is too long, please check the dbmgr logs!
 WARNING cellappmgr-1 10103 6000  [2018-05-13 09:11:44 881] - Components::findComponents: find dbmgr(160)...
delay time is too long, please check the dbmgr logs!
 WARNING cellappmgr-1 10103 6000  [2018-05-13 09:11:46 964] - Components::findComponents: find dbmgr(161)...
delay time is too long, please check the dbmgr logs!
 WARNING cellappmgr-1 10103 6000  [2018-05-13 09:11:49 035] - Components::findComponents: find dbmgr(162)...
delay time is too long, please check the dbmgr logs!
 WARNING cellappmgr-1 10103 6000  [2018-05-13 09:11:51 092] - Components::findComponents: find dbmgr(163)...
delay time is too long, please check the dbmgr logs!
    INFO cellappmgr-1 10103 6000  [2018-05-13 09:11:55 723] - -----------------------------------------------------------------------------------------


    INFO cellappmgr-1 10103 6000  [2018-05-13 09:11:55 724] - Resmgr::initialize: KBE_ROOT=D:/kbengine/
    INFO cellappmgr-1 10103 6000  [2018-05-13 09:11:55 724] - Resmgr::initialize: KBE_RES_PATH=D:/kbengine/kbe/res/;D:/kbengine/assets_Battle of Gods/;D:/kbengine/assets_Battle of Gods/scripts/;D:/kbengine/assets_Battle of Gods/res/
    INFO cellappmgr-1 10103 6000  [2018-05-13 09:11:55 725] - Resmgr::initialize: KBE_BIN_PATH=D:/kbengine/kbe/bin/server/
    INFO cellappmgr-1 10103 6000  [2018-05-13 09:11:55 734] - NetworkInterface::initialize(INTERNAL): bound to all interfaces with default route interface on 10.139.100.106 ( 10.139.100.106:9065 )
    INFO cellappmgr-1 10103 6000  [2018-05-13 09:11:55 734] - NetworkInterface::initialize(INTERNAL): address 10.139.100.106:9065, SOMAXCONN=5.
    INFO cellappmgr-1 10103 6000  [2018-05-13 09:11:55 735] - server-configs:
    INFO cellappmgr-1 10103 6000  [2018-05-13 09:11:55 735] - 	internalAddr : 10.139.100.106:9065
    INFO cellappmgr-1 10103 6000  [2018-05-13 09:11:55 735] - 	componentID : 6000
    INFO cellappmgr-1 10103 6000  [2018-05-13 09:11:57 257] - ---- cellappmgr Version: 2.0.0. ScriptVersion: 0.1.0. Protocol: 52E8E19C86891AC3218081DFAA2FD187. Config: Debug X86. Built: 16:26:50 Apr 30 2018. AppID: 6000. UID: 10103. PID: 13308 ----
    INFO cellappmgr-1 10103 6000  [2018-05-13 09:11:57 258] - Server : Intel(R) Core(TM) i7-6700HQ CPU @ 2.60GHz with 2097151kB RAM
    INFO cellappmgr-1 10103 6000  [2018-05-13 09:11:57 259] - ThreadPool::createThreadPool: creating  threadpool...
    INFO cellappmgr-1 10103 6000  [2018-05-13 09:11:57 259] - ThreadPool::createThreadPool: successfully(2), newThreadCount=1, normalMaxThreadCount=2, maxThreadCount=8
    INFO cellappmgr-1 10103 6000  [2018-05-13 09:11:57 812] - ---- cellappmgr is running ----
   DEBUG cellappmgr-1 10103 6000  [2018-05-13 09:11:57 813] - Components::process(): Request for the process of identity...
    INFO cellappmgr-1 10103 6000  [2018-05-13 09:12:05 150] - Components::findComponents: find logger(1)...
    INFO cellappmgr-1 10103 6000  [2018-05-13 09:12:05 250] - Components::findComponents: found logger, addr:10.139.100.106:9061
    INFO cellappmgr-1 10103 6000  [2018-05-13 09:12:05 251] - Components::addComponent: reset orderLog, uid=10103!
    INFO cellappmgr-1 10103 6000  [2018-05-13 09:12:05 251] - Components::addComponent[logger], uid=10103, componentID=2000, globalorderid=1, grouporderid=1, totalcount=1
    INFO cellappmgr-1 10103 6000  [2018-05-13 09:12:05 254] - Components::findComponents: find dbmgr(2)...
    INFO cellappmgr-1 10103 6000  [2018-05-13 09:12:07 409] - Components::findComponents: find dbmgr(3)...
    INFO cellappmgr-1 10103 6000  [2018-05-13 09:12:09 436] - Components::findComponents: find dbmgr(4)...
    INFO cellappmgr-1 10103 6000  [2018-05-13 09:12:29 126] - -----------------------------------------------------------------------------------------


    INFO cellappmgr-1 10103 6000  [2018-05-13 09:12:29 127] - Resmgr::initialize: KBE_ROOT=D:/kbengine/
    INFO cellappmgr-1 10103 6000  [2018-05-13 09:12:29 127] - Resmgr::initialize: KBE_RES_PATH=D:/kbengine/kbe/res/;D:/kbengine/assets_Battle of Gods/;D:/kbengine/assets_Battle of Gods/scripts/;D:/kbengine/assets_Battle of Gods/res/
    INFO cellappmgr-1 10103 6000  [2018-05-13 09:12:29 128] - Resmgr::initialize: KBE_BIN_PATH=D:/kbengine/kbe/bin/server/
    INFO cellappmgr-1 10103 6000  [2018-05-13 09:12:29 136] - NetworkInterface::initialize(INTERNAL): bound to all interfaces with default route interface on 10.139.100.106 ( 10.139.100.106:9085 )
    INFO cellappmgr-1 10103 6000  [2018-05-13 09:12:29 137] - NetworkInterface::initialize(INTERNAL): address 10.139.100.106:9085, SOMAXCONN=5.
    INFO cellappmgr-1 10103 6000  [2018-05-13 09:12:29 137] - server-configs:
    INFO cellappmgr-1 10103 6000  [2018-05-13 09:12:29 137] - 	internalAddr : 10.139.100.106:9085
    INFO cellappmgr-1 10103 6000  [2018-05-13 09:12:29 137] - 	componentID : 6000
    INFO cellappmgr-1 10103 6000  [2018-05-13 09:12:30 654] - ---- cellappmgr Version: 2.0.0. ScriptVersion: 0.1.0. Protocol: 52E8E19C86891AC3218081DFAA2FD187. Config: Debug X86. Built: 16:26:50 Apr 30 2018. AppID: 6000. UID: 10103. PID: 6268 ----
    INFO cellappmgr-1 10103 6000  [2018-05-13 09:12:30 655] - Server : Intel(R) Core(TM) i7-6700HQ CPU @ 2.60GHz with 2097151kB RAM
    INFO cellappmgr-1 10103 6000  [2018-05-13 09:12:30 655] - ThreadPool::createThreadPool: creating  threadpool...
    INFO cellappmgr-1 10103 6000  [2018-05-13 09:12:30 655] - ThreadPool::createThreadPool: successfully(2), newThreadCount=1, normalMaxThreadCount=2, maxThreadCount=8
    INFO cellappmgr-1 10103 6000  [2018-05-13 09:12:31 280] - ---- cellappmgr is running ----
   DEBUG cellappmgr-1 10103 6000  [2018-05-13 09:12:31 280] - Components::process(): Request for the process of identity...
    INFO cellappmgr-1 10103 6000  [2018-05-13 09:12:38 711] - Components::findComponents: find logger(1)...
    INFO cellappmgr-1 10103 6000  [2018-05-13 09:12:38 810] - Components::findComponents: found logger, addr:10.139.100.106:9082
    INFO cellappmgr-1 10103 6000  [2018-05-13 09:12:38 811] - Components::addComponent: reset orderLog, uid=10103!
    INFO cellappmgr-1 10103 6000  [2018-05-13 09:12:38 812] - Components::addComponent[logger], uid=10103, componentID=2000, globalorderid=1, grouporderid=1, totalcount=1
    INFO cellappmgr-1 10103 6000  [2018-05-13 09:12:38 815] - Components::findComponents: find dbmgr(2)...
    INFO cellappmgr-1 10103 6000  [2018-05-13 09:12:40 940] - Components::findComponents: find dbmgr(3)...
    INFO cellappmgr-1 10103 6000  [2018-05-13 09:12:43 028] - Components::findComponents: find dbmgr(4)...
    INFO cellappmgr-1 10103 6000  [2018-05-13 09:12:45 060] - Components::findComponents: find dbmgr(5)...
    INFO cellappmgr-1 10103 6000  [2018-05-13 09:12:47 129] - Components::findComponents: find dbmgr(6)...
    INFO cellappmgr-1 10103 6000  [2018-05-13 09:12:49 188] - Components::findComponents: find dbmgr(7)...
    INFO cellappmgr-1 10103 6000  [2018-05-13 09:12:51 235] - Components::findComponents: find dbmgr(8)...
    INFO cellappmgr-1 10103 6000  [2018-05-13 09:12:53 306] - Components::findComponents: find dbmgr(9)...
    INFO cellappmgr-1 10103 6000  [2018-05-13 09:12:55 357] - Components::findComponents: find dbmgr(10)...
    INFO cellappmgr-1 10103 6000  [2018-05-13 09:12:57 429] - Components::findComponents: find dbmgr(11)...
    INFO cellappmgr-1 10103 6000  [2018-05-13 09:12:59 484] - Components::findComponents: find dbmgr(12)...
    INFO cellappmgr-1 10103 6000  [2018-05-13 09:13:01 531] - Components::findComponents: find dbmgr(13)...
    INFO cellappmgr-1 10103 6000  [2018-05-13 09:13:05 610] - -----------------------------------------------------------------------------------------


    INFO cellappmgr-1 10103 6000  [2018-05-13 09:13:05 612] - Resmgr::initialize: KBE_ROOT=D:/kbengine/
    INFO cellappmgr-1 10103 6000  [2018-05-13 09:13:05 612] - Resmgr::initialize: KBE_RES_PATH=D:/kbengine/kbe/res/;D:/kbengine/assets_Battle of Gods/;D:/kbengine/assets_Battle of Gods/scripts/;D:/kbengine/assets_Battle of Gods/res/
    INFO cellappmgr-1 10103 6000  [2018-05-13 09:13:05 612] - Resmgr::initialize: KBE_BIN_PATH=D:/kbengine/kbe/bin/server/
    INFO cellappmgr-1 10103 6000  [2018-05-13 09:13:05 620] - NetworkInterface::initialize(INTERNAL): bound to all interfaces with default route interface on 10.139.100.106 ( 10.139.100.106:9109 )
    INFO cellappmgr-1 10103 6000  [2018-05-13 09:13:05 621] - NetworkInterface::initialize(INTERNAL): address 10.139.100.106:9109, SOMAXCONN=5.
    INFO cellappmgr-1 10103 6000  [2018-05-13 09:13:05 621] - server-configs:
    INFO cellappmgr-1 10103 6000  [2018-05-13 09:13:05 621] - 	internalAddr : 10.139.100.106:9109
    INFO cellappmgr-1 10103 6000  [2018-05-13 09:13:05 621] - 	componentID : 6000
    INFO cellappmgr-1 10103 6000  [2018-05-13 09:13:07 145] - ---- cellappmgr Version: 2.0.0. ScriptVersion: 0.1.0. Protocol: 52E8E19C86891AC3218081DFAA2FD187. Config: Debug X86. Built: 16:26:50 Apr 30 2018. AppID: 6000. UID: 10103. PID: 4672 ----
    INFO cellappmgr-1 10103 6000  [2018-05-13 09:13:07 147] - Server : Intel(R) Core(TM) i7-6700HQ CPU @ 2.60GHz with 2097151kB RAM
    INFO cellappmgr-1 10103 6000  [2018-05-13 09:13:07 148] - ThreadPool::createThreadPool: creating  threadpool...
    INFO cellappmgr-1 10103 6000  [2018-05-13 09:13:07 149] - ThreadPool::createThreadPool: successfully(2), newThreadCount=1, normalMaxThreadCount=2, maxThreadCount=8
    INFO cellappmgr-1 10103 6000  [2018-05-13 09:13:07 826] - ---- cellappmgr is running ----
   DEBUG cellappmgr-1 10103 6000  [2018-05-13 09:13:07 826] - Components::process(): Request for the process of identity...
    INFO cellappmgr-1 10103 6000  [2018-05-13 09:13:15 250] - Components::findComponents: find logger(1)...
    INFO cellappmgr-1 10103 6000  [2018-05-13 09:13:15 377] - Components::findComponents: found logger, addr:10.139.100.106:9106
    INFO cellappmgr-1 10103 6000  [2018-05-13 09:13:15 378] - Components::addComponent: reset orderLog, uid=10103!
    INFO cellappmgr-1 10103 6000  [2018-05-13 09:13:15 379] - Components::addComponent[logger], uid=10103, componentID=2000, globalorderid=1, grouporderid=1, totalcount=1
    INFO cellappmgr-1 10103 6000  [2018-05-13 09:13:15 382] - Components::findComponents: find dbmgr(2)...
    INFO cellappmgr-1 10103 6000  [2018-05-13 09:13:15 499] - Components::findComponents: found dbmgr, addr:10.139.100.106:9107
    INFO cellappmgr-1 10103 6000  [2018-05-13 09:13:15 500] - Components::addComponent: reset orderLog, uid=10103!
    INFO cellappmgr-1 10103 6000  [2018-05-13 09:13:15 501] - Components::addComponent[dbmgr], uid=10103, componentID=4000, globalorderid=1, grouporderid=1, totalcount=1
    INFO cellappmgr-1 10103 6000  [2018-05-13 09:13:15 501] - Components::findComponents: found dbmgr, addr:10.139.100.106:9107
    INFO cellappmgr-1 10103 6000  [2018-05-13 09:13:17 508] - Components::findComponents: find baseappmgr(1)...
    INFO cellappmgr-1 10103 6000  [2018-05-13 09:13:17 638] - Components::findComponents: found baseappmgr, addr:10.139.100.106:9108
    INFO cellappmgr-1 10103 6000  [2018-05-13 09:13:17 638] - Components::addComponent[baseappmgr], uid=10103, componentID=5000, globalorderid=2, grouporderid=1, totalcount=1
    INFO cellappmgr-1 10103 6000  [2018-05-13 09:13:17 640] - Components::findComponents: found baseappmgr, addr:10.139.100.106:9108
    INFO cellappmgr-1 10103 6000  [2018-05-13 09:13:19 615] - ServerApp::onRegisterNewApp: uid:10103, username:, componentType:baseappmgr, componentID:5000, globalorderID=-1, grouporderID=-1, intaddr:10.139.100.106, intport:9108, extaddr:nonsupport, extport:0,  from 10.139.100.106:9131/0/0/0.
    INFO cellappmgr-1 10103 6000  [2018-05-13 09:13:19 708] - Components::findComponents: register self to dbmgr...
    INFO cellappmgr-1 10103 6000  [2018-05-13 09:13:19 723] - Components::findComponents: register self to baseappmgr...
    INFO cellappmgr-1 10103 6000  [2018-05-13 09:13:19 739] - Components::process(): Found all the components!
    INFO cellappmgr-1 10103 6000  [2018-05-13 09:13:22 464] - ServerApp::onRegisterNewApp: uid:10103, username:, componentType:cellapp, componentID:8001, globalorderID=-1, grouporderID=-1, intaddr:10.139.100.106, intport:9111, extaddr:nonsupport, extport:0,  from 10.139.100.106:9140/0/0/0.
    INFO cellappmgr-1 10103 6000  [2018-05-13 09:13:22 465] - Components::addComponent[cellapp], uid=10103, componentID=8001, globalorderid=3, grouporderid=1, totalcount=1
    INFO cellappmgr-1 10103 6000  [2018-05-13 09:13:22 465] - Cellappmgr::getCellapp: added new cellapp(8001).
    INFO cellappmgr-1 10103 6000  [2018-05-13 09:13:22 864] - ServerApp::onRegisterNewApp: uid:10103, username:, componentType:baseapp, componentID:7001, globalorderID=-1, grouporderID=-1, intaddr:10.139.100.106, intport:9110, extaddr:10.139.100.106, extport:20015,  from 10.139.100.106:9145/0/0/0.
    INFO cellappmgr-1 10103 6000  [2018-05-13 09:13:22 864] - Components::addComponent[baseapp], uid=10103, componentID=7001, globalorderid=4, grouporderid=1, totalcount=1
    INFO cellappmgr-1 10103 6000  [2018-05-13 09:13:27 262] - Cellappmgr::onCellappInitProgress: cid=8001, progress=1.
   DEBUG cellappmgr-1 10103 6000  [2018-05-13 09:13:27 262] - Cellappmgr::addCellappComponentID: cellapp component id 8001, group order id 1
    INFO cellappmgr-1 10103 6000  [2018-05-13 09:30:51 265] - -----------------------------------------------------------------------------------------


    INFO cellappmgr-1 10103 6000  [2018-05-13 09:30:51 267] - Resmgr::initialize: KBE_ROOT=D:/kbengine/
    INFO cellappmgr-1 10103 6000  [2018-05-13 09:30:51 267] - Resmgr::initialize: KBE_RES_PATH=D:/kbengine/kbe/res/;D:/kbengine/assets_Battle of Gods/;D:/kbengine/assets_Battle of Gods/scripts/;D:/kbengine/assets_Battle of Gods/res/
    INFO cellappmgr-1 10103 6000  [2018-05-13 09:30:51 268] - Resmgr::initialize: KBE_BIN_PATH=D:/kbengine/kbe/bin/server/
    INFO cellappmgr-1 10103 6000  [2018-05-13 09:30:51 276] - NetworkInterface::initialize(INTERNAL): bound to all interfaces with default route interface on 10.139.100.106 ( 10.139.100.106:9501 )
    INFO cellappmgr-1 10103 6000  [2018-05-13 09:30:51 277] - NetworkInterface::initialize(INTERNAL): address 10.139.100.106:9501, SOMAXCONN=5.
    INFO cellappmgr-1 10103 6000  [2018-05-13 09:30:51 277] - server-configs:
    INFO cellappmgr-1 10103 6000  [2018-05-13 09:30:51 277] - 	internalAddr : 10.139.100.106:9501
    INFO cellappmgr-1 10103 6000  [2018-05-13 09:30:51 277] - 	componentID : 6000
    INFO cellappmgr-1 10103 6000  [2018-05-13 09:30:51 375] - Components::findLogger: found logger, addr:10.139.100.106:9495
    INFO cellappmgr-1 10103 6000  [2018-05-13 09:30:51 375] - Components::addComponent: reset orderLog, uid=10103!
    INFO cellappmgr-1 10103 6000  [2018-05-13 09:30:51 375] - Components::addComponent[logger], uid=10103, componentID=2000, globalorderid=1, grouporderid=1, totalcount=1
    INFO cellappmgr-1 10103 6000  [2018-05-13 09:30:51 394] - ---- cellappmgr Version: 2.0.0. ScriptVersion: 0.1.0. Protocol: 52E8E19C86891AC3218081DFAA2FD187. Config: Debug X86. Built: 16:26:50 Apr 30 2018. AppID: 6000. UID: 10103. PID: 16316 ----
    INFO cellappmgr-1 10103 6000  [2018-05-13 09:30:51 401] - Server : Intel(R) Core(TM) i7-6700HQ CPU @ 2.60GHz with 2097151kB RAM
    INFO cellappmgr-1 10103 6000  [2018-05-13 09:30:51 404] - ThreadPool::createThreadPool: creating  threadpool...
    INFO cellappmgr-1 10103 6000  [2018-05-13 09:30:51 409] - ThreadPool::createThreadPool: successfully(2), newThreadCount=1, normalMaxThreadCount=2, maxThreadCount=8
    INFO cellappmgr-1 10103 6000  [2018-05-13 09:30:52 059] - ---- cellappmgr is running ----
   DEBUG cellappmgr-1 10103 6000  [2018-05-13 09:30:52 059] - Components::process(): Request for the process of identity...
    INFO cellappmgr-1 10103 6000  [2018-05-13 09:30:59 471] - Components::findComponents: find dbmgr(1)...
    INFO cellappmgr-1 10103 6000  [2018-05-13 09:30:59 581] - Components::findComponents: found dbmgr, addr:10.139.100.106:9496
    INFO cellappmgr-1 10103 6000  [2018-05-13 09:30:59 582] - Components::addComponent: reset orderLog, uid=10103!
    INFO cellappmgr-1 10103 6000  [2018-05-13 09:30:59 582] - Components::addComponent[dbmgr], uid=10103, componentID=4000, globalorderid=1, grouporderid=1, totalcount=1
    INFO cellappmgr-1 10103 6000  [2018-05-13 09:30:59 583] - Components::findComponents: found dbmgr, addr:10.139.100.106:9496
    INFO cellappmgr-1 10103 6000  [2018-05-13 09:31:01 604] - Components::findComponents: find baseappmgr(1)...
    INFO cellappmgr-1 10103 6000  [2018-05-13 09:31:01 658] - Components::findComponents: found baseappmgr, addr:10.139.100.106:9498
    INFO cellappmgr-1 10103 6000  [2018-05-13 09:31:01 658] - Components::addComponent[baseappmgr], uid=10103, componentID=5000, globalorderid=2, grouporderid=1, totalcount=1
    INFO cellappmgr-1 10103 6000  [2018-05-13 09:31:01 659] - Components::findComponents: found baseappmgr, addr:10.139.100.106:9498
    INFO cellappmgr-1 10103 6000  [2018-05-13 09:31:03 287] - ServerApp::onRegisterNewApp: uid:10103, username:, componentType:baseappmgr, componentID:5000, globalorderID=-1, grouporderID=-1, intaddr:10.139.100.106, intport:9498, extaddr:nonsupport, extport:0,  from 10.139.100.106:9521/0/0/0.
    INFO cellappmgr-1 10103 6000  [2018-05-13 09:31:03 706] - Components::findComponents: register self to dbmgr...
    INFO cellappmgr-1 10103 6000  [2018-05-13 09:31:03 722] - Components::findComponents: register self to baseappmgr...
    INFO cellappmgr-1 10103 6000  [2018-05-13 09:31:03 737] - Components::process(): Found all the components!
    INFO cellappmgr-1 10103 6000  [2018-05-13 09:31:07 044] - ServerApp::onRegisterNewApp: uid:10103, username:, componentType:baseapp, componentID:7001, globalorderID=-1, grouporderID=-1, intaddr:10.139.100.106, intport:9509, extaddr:10.139.100.106, extport:20015,  from 10.139.100.106:9532/0/0/0.
    INFO cellappmgr-1 10103 6000  [2018-05-13 09:31:07 044] - Components::addComponent[baseapp], uid=10103, componentID=7001, globalorderid=3, grouporderid=1, totalcount=1
    INFO cellappmgr-1 10103 6000  [2018-05-13 09:31:07 106] - ServerApp::onRegisterNewApp: uid:10103, username:, componentType:cellapp, componentID:8001, globalorderID=-1, grouporderID=-1, intaddr:10.139.100.106, intport:9511, extaddr:nonsupport, extport:0,  from 10.139.100.106:9533/0/0/0.
    INFO cellappmgr-1 10103 6000  [2018-05-13 09:31:07 106] - Components::addComponent[cellapp], uid=10103, componentID=8001, globalorderid=4, grouporderid=1, totalcount=1
    INFO cellappmgr-1 10103 6000  [2018-05-13 09:31:07 137] - Cellappmgr::getCellapp: added new cellapp(8001).
    INFO cellappmgr-1 10103 6000  [2018-05-13 09:31:13 782] - Cellappmgr::onCellappInitProgress: cid=8001, progress=1.
   DEBUG cellappmgr-1 10103 6000  [2018-05-13 09:31:13 783] - Cellappmgr::addCellappComponentID: cellapp component id 8001, group order id 1
    INFO cellappmgr-1 10103 6000  [2018-05-13 09:32:05 848] - -----------------------------------------------------------------------------------------


    INFO cellappmgr-1 10103 6000  [2018-05-13 09:32:05 849] - Resmgr::initialize: KBE_ROOT=D:/kbengine/
    INFO cellappmgr-1 10103 6000  [2018-05-13 09:32:05 850] - Resmgr::initialize: KBE_RES_PATH=D:/kbengine/kbe/res/;D:/kbengine/assets_Battle of Gods/;D:/kbengine/assets_Battle of Gods/scripts/;D:/kbengine/assets_Battle of Gods/res/
    INFO cellappmgr-1 10103 6000  [2018-05-13 09:32:05 850] - Resmgr::initialize: KBE_BIN_PATH=D:/kbengine/kbe/bin/server/
    INFO cellappmgr-1 10103 6000  [2018-05-13 09:32:05 858] - NetworkInterface::initialize(INTERNAL): bound to all interfaces with default route interface on 10.139.100.106 ( 10.139.100.106:9558 )
    INFO cellappmgr-1 10103 6000  [2018-05-13 09:32:05 858] - NetworkInterface::initialize(INTERNAL): address 10.139.100.106:9558, SOMAXCONN=5.
    INFO cellappmgr-1 10103 6000  [2018-05-13 09:32:05 858] - server-configs:
    INFO cellappmgr-1 10103 6000  [2018-05-13 09:32:05 859] - 	internalAddr : 10.139.100.106:9558
    INFO cellappmgr-1 10103 6000  [2018-05-13 09:32:05 859] - 	componentID : 6000
    INFO cellappmgr-1 10103 6000  [2018-05-13 09:32:07 371] - ---- cellappmgr Version: 2.0.0. ScriptVersion: 0.1.0. Protocol: 52E8E19C86891AC3218081DFAA2FD187. Config: Debug X86. Built: 16:26:50 Apr 30 2018. AppID: 6000. UID: 10103. PID: 1496 ----
    INFO cellappmgr-1 10103 6000  [2018-05-13 09:32:07 371] - Server : Intel(R) Core(TM) i7-6700HQ CPU @ 2.60GHz with 2097151kB RAM
    INFO cellappmgr-1 10103 6000  [2018-05-13 09:32:07 371] - ThreadPool::createThreadPool: creating  threadpool...
    INFO cellappmgr-1 10103 6000  [2018-05-13 09:32:07 372] - ThreadPool::createThreadPool: successfully(2), newThreadCount=1, normalMaxThreadCount=2, maxThreadCount=8
    INFO cellappmgr-1 10103 6000  [2018-05-13 09:32:08 030] - ---- cellappmgr is running ----
   DEBUG cellappmgr-1 10103 6000  [2018-05-13 09:32:08 030] - Components::process(): Request for the process of identity...
    INFO cellappmgr-1 10103 6000  [2018-05-13 09:32:15 520] - Components::findComponents: find logger(1)...
    INFO cellappmgr-1 10103 6000  [2018-05-13 09:32:15 608] - Components::findComponents: found logger, addr:10.139.100.106:9555
    INFO cellappmgr-1 10103 6000  [2018-05-13 09:32:15 608] - Components::addComponent: reset orderLog, uid=10103!
    INFO cellappmgr-1 10103 6000  [2018-05-13 09:32:15 609] - Components::addComponent[logger], uid=10103, componentID=2000, globalorderid=1, grouporderid=1, totalcount=1
    INFO cellappmgr-1 10103 6000  [2018-05-13 09:32:15 611] - Components::findComponents: find dbmgr(2)...
    INFO cellappmgr-1 10103 6000  [2018-05-13 09:32:15 723] - Components::findComponents: found dbmgr, addr:10.139.100.106:9556
    INFO cellappmgr-1 10103 6000  [2018-05-13 09:32:15 723] - Components::addComponent: reset orderLog, uid=10103!
    INFO cellappmgr-1 10103 6000  [2018-05-13 09:32:15 723] - Components::addComponent[dbmgr], uid=10103, componentID=4000, globalorderid=1, grouporderid=1, totalcount=1
    INFO cellappmgr-1 10103 6000  [2018-05-13 09:32:15 724] - Components::findComponents: found dbmgr, addr:10.139.100.106:9556
    INFO cellappmgr-1 10103 6000  [2018-05-13 09:32:17 738] - Components::findComponents: find baseappmgr(1)...
    INFO cellappmgr-1 10103 6000  [2018-05-13 09:32:17 804] - Components::findComponents: found baseappmgr, addr:10.139.100.106:9557
    INFO cellappmgr-1 10103 6000  [2018-05-13 09:32:17 804] - Components::addComponent[baseappmgr], uid=10103, componentID=5000, globalorderid=2, grouporderid=1, totalcount=1
    INFO cellappmgr-1 10103 6000  [2018-05-13 09:32:17 805] - Components::findComponents: found baseappmgr, addr:10.139.100.106:9557
    INFO cellappmgr-1 10103 6000  [2018-05-13 09:32:19 753] - ServerApp::onRegisterNewApp: uid:10103, username:, componentType:baseappmgr, componentID:5000, globalorderID=-1, grouporderID=-1, intaddr:10.139.100.106, intport:9557, extaddr:nonsupport, extport:0,  from 10.139.100.106:9632/0/0/0.
    INFO cellappmgr-1 10103 6000  [2018-05-13 09:32:19 851] - Components::findComponents: register self to dbmgr...
    INFO cellappmgr-1 10103 6000  [2018-05-13 09:32:19 854] - Components::findComponents: register self to baseappmgr...
    INFO cellappmgr-1 10103 6000  [2018-05-13 09:32:19 873] - Components::process(): Found all the components!
    INFO cellappmgr-1 10103 6000  [2018-05-13 09:32:21 234] - ServerApp::onRegisterNewApp: uid:10103, username:, componentType:cellapp, componentID:8001, globalorderID=-1, grouporderID=-1, intaddr:10.139.100.106, intport:9560, extaddr:nonsupport, extport:0,  from 10.139.100.106:9651/0/0/0.
    INFO cellappmgr-1 10103 6000  [2018-05-13 09:32:21 234] - Components::addComponent[cellapp], uid=10103, componentID=8001, globalorderid=3, grouporderid=1, totalcount=1
    INFO cellappmgr-1 10103 6000  [2018-05-13 09:32:21 280] - Cellappmgr::getCellapp: added new cellapp(8001).
    INFO cellappmgr-1 10103 6000  [2018-05-13 09:32:21 482] - ServerApp::onRegisterNewApp: uid:10103, username:, componentType:baseapp, componentID:7001, globalorderID=-1, grouporderID=-1, intaddr:10.139.100.106, intport:9559, extaddr:10.139.100.106, extport:20015,  from 10.139.100.106:9656/0/0/0.
    INFO cellappmgr-1 10103 6000  [2018-05-13 09:32:21 483] - Components::addComponent[baseapp], uid=10103, componentID=7001, globalorderid=4, grouporderid=1, totalcount=1
    INFO cellappmgr-1 10103 6000  [2018-05-13 09:32:25 833] - Cellappmgr::onCellappInitProgress: cid=8001, progress=1.
   DEBUG cellappmgr-1 10103 6000  [2018-05-13 09:32:25 833] - Cellappmgr::addCellappComponentID: cellapp component id 8001, group order id 1
    INFO cellappmgr-1 10103 6000  [2018-05-13 09:33:19 752] - ServerApp::onChannelTimeOut: Channel 10.139.100.106:9632/0/0/0 timed out.
    INFO cellappmgr-1 10103 6000  [2018-05-13 09:34:39 662] - -----------------------------------------------------------------------------------------


    INFO cellappmgr-1 10103 6000  [2018-05-13 09:34:39 664] - Resmgr::initialize: KBE_ROOT=D:/kbengine/
    INFO cellappmgr-1 10103 6000  [2018-05-13 09:34:39 664] - Resmgr::initialize: KBE_RES_PATH=D:/kbengine/kbe/res/;D:/kbengine/assets_Battle of Gods/;D:/kbengine/assets_Battle of Gods/scripts/;D:/kbengine/assets_Battle of Gods/res/
    INFO cellappmgr-1 10103 6000  [2018-05-13 09:34:39 664] - Resmgr::initialize: KBE_BIN_PATH=D:/kbengine/kbe/bin/server/
    INFO cellappmgr-1 10103 6000  [2018-05-13 09:34:39 673] - NetworkInterface::initialize(INTERNAL): bound to all interfaces with default route interface on 10.139.100.106 ( 10.139.100.106:9707 )
    INFO cellappmgr-1 10103 6000  [2018-05-13 09:34:39 674] - NetworkInterface::initialize(INTERNAL): address 10.139.100.106:9707, SOMAXCONN=5.
    INFO cellappmgr-1 10103 6000  [2018-05-13 09:34:39 674] - server-configs:
    INFO cellappmgr-1 10103 6000  [2018-05-13 09:34:39 674] - 	internalAddr : 10.139.100.106:9707
    INFO cellappmgr-1 10103 6000  [2018-05-13 09:34:39 674] - 	componentID : 6000
    INFO cellappmgr-1 10103 6000  [2018-05-13 09:34:41 196] - ---- cellappmgr Version: 2.0.0. ScriptVersion: 0.1.0. Protocol: 52E8E19C86891AC3218081DFAA2FD187. Config: Debug X86. Built: 16:26:50 Apr 30 2018. AppID: 6000. UID: 10103. PID: 10844 ----
    INFO cellappmgr-1 10103 6000  [2018-05-13 09:34:41 196] - Server : Intel(R) Core(TM) i7-6700HQ CPU @ 2.60GHz with 2097151kB RAM
    INFO cellappmgr-1 10103 6000  [2018-05-13 09:34:41 197] - ThreadPool::createThreadPool: creating  threadpool...
    INFO cellappmgr-1 10103 6000  [2018-05-13 09:34:41 198] - ThreadPool::createThreadPool: successfully(2), newThreadCount=1, normalMaxThreadCount=2, maxThreadCount=8
    INFO cellappmgr-1 10103 6000  [2018-05-13 09:34:41 921] - ---- cellappmgr is running ----
   DEBUG cellappmgr-1 10103 6000  [2018-05-13 09:34:41 921] - Components::process(): Request for the process of identity...
    INFO cellappmgr-1 10103 6000  [2018-05-13 09:34:49 368] - Components::findComponents: find logger(1)...
    INFO cellappmgr-1 10103 6000  [2018-05-13 09:34:49 436] - Components::findComponents: found logger, addr:10.139.100.106:9704
    INFO cellappmgr-1 10103 6000  [2018-05-13 09:34:49 436] - Components::addComponent: reset orderLog, uid=10103!
    INFO cellappmgr-1 10103 6000  [2018-05-13 09:34:49 437] - Components::addComponent[logger], uid=10103, componentID=2000, globalorderid=1, grouporderid=1, totalcount=1
    INFO cellappmgr-1 10103 6000  [2018-05-13 09:34:49 438] - Components::findComponents: find dbmgr(2)...
    INFO cellappmgr-1 10103 6000  [2018-05-13 09:34:49 550] - Components::findComponents: found dbmgr, addr:10.139.100.106:9705
    INFO cellappmgr-1 10103 6000  [2018-05-13 09:34:49 550] - Components::addComponent: reset orderLog, uid=10103!
    INFO cellappmgr-1 10103 6000  [2018-05-13 09:34:49 551] - Components::addComponent[dbmgr], uid=10103, componentID=4000, globalorderid=1, grouporderid=1, totalcount=1
    INFO cellappmgr-1 10103 6000  [2018-05-13 09:34:49 552] - Components::findComponents: found dbmgr, addr:10.139.100.106:9705
    INFO cellappmgr-1 10103 6000  [2018-05-13 09:34:51 573] - Components::findComponents: find baseappmgr(1)...
    INFO cellappmgr-1 10103 6000  [2018-05-13 09:34:51 663] - Components::findComponents: found baseappmgr, addr:10.139.100.106:9706
    INFO cellappmgr-1 10103 6000  [2018-05-13 09:34:51 663] - Components::addComponent[baseappmgr], uid=10103, componentID=5000, globalorderid=2, grouporderid=1, totalcount=1
    INFO cellappmgr-1 10103 6000  [2018-05-13 09:34:51 665] - Components::findComponents: found baseappmgr, addr:10.139.100.106:9706
    INFO cellappmgr-1 10103 6000  [2018-05-13 09:34:53 712] - Components::findComponents: register self to dbmgr...
    INFO cellappmgr-1 10103 6000  [2018-05-13 09:34:53 729] - Components::findComponents: register self to baseappmgr...
    INFO cellappmgr-1 10103 6000  [2018-05-13 09:34:53 730] - Components::process(): Found all the components!
    INFO cellappmgr-1 10103 6000  [2018-05-13 09:34:53 732] - ServerApp::onRegisterNewApp: uid:10103, username:, componentType:baseappmgr, componentID:5000, globalorderID=-1, grouporderID=-1, intaddr:10.139.100.106, intport:9706, extaddr:nonsupport, extport:0,  from 10.139.100.106:9729/0/0/0.
    INFO cellappmgr-1 10103 6000  [2018-05-13 09:34:55 335] - ServerApp::onRegisterNewApp: uid:10103, username:, componentType:cellapp, componentID:8001, globalorderID=-1, grouporderID=-1, intaddr:10.139.100.106, intport:9709, extaddr:nonsupport, extport:0,  from 10.139.100.106:9734/0/0/0.
    INFO cellappmgr-1 10103 6000  [2018-05-13 09:34:55 335] - Components::addComponent[cellapp], uid=10103, componentID=8001, globalorderid=3, grouporderid=1, totalcount=1
    INFO cellappmgr-1 10103 6000  [2018-05-13 09:34:55 335] - Cellappmgr::getCellapp: added new cellapp(8001).
    INFO cellappmgr-1 10103 6000  [2018-05-13 09:34:59 733] - Cellappmgr::onCellappInitProgress: cid=8001, progress=1.
   DEBUG cellappmgr-1 10103 6000  [2018-05-13 09:34:59 733] - Cellappmgr::addCellappComponentID: cellapp component id 8001, group order id 1
    INFO cellappmgr-1 10103 6000  [2018-05-13 09:35:21 107] - -----------------------------------------------------------------------------------------


    INFO cellappmgr-1 10103 6000  [2018-05-13 09:35:21 108] - Resmgr::initialize: KBE_ROOT=D:/kbengine/
    INFO cellappmgr-1 10103 6000  [2018-05-13 09:35:21 109] - Resmgr::initialize: KBE_RES_PATH=D:/kbengine/kbe/res/;D:/kbengine/assets_Battle of Gods/;D:/kbengine/assets_Battle of Gods/scripts/;D:/kbengine/assets_Battle of Gods/res/
    INFO cellappmgr-1 10103 6000  [2018-05-13 09:35:21 109] - Resmgr::initialize: KBE_BIN_PATH=D:/kbengine/kbe/bin/server/
    INFO cellappmgr-1 10103 6000  [2018-05-13 09:35:21 115] - NetworkInterface::initialize(INTERNAL): bound to all interfaces with default route interface on 10.139.100.106 ( 10.139.100.106:9747 )
    INFO cellappmgr-1 10103 6000  [2018-05-13 09:35:21 116] - NetworkInterface::initialize(INTERNAL): address 10.139.100.106:9747, SOMAXCONN=5.
    INFO cellappmgr-1 10103 6000  [2018-05-13 09:35:21 116] - server-configs:
    INFO cellappmgr-1 10103 6000  [2018-05-13 09:35:21 116] - 	internalAddr : 10.139.100.106:9747
    INFO cellappmgr-1 10103 6000  [2018-05-13 09:35:21 116] - 	componentID : 6000
    INFO cellappmgr-1 10103 6000  [2018-05-13 09:35:22 629] - ---- cellappmgr Version: 2.0.0. ScriptVersion: 0.1.0. Protocol: 52E8E19C86891AC3218081DFAA2FD187. Config: Debug X86. Built: 16:26:50 Apr 30 2018. AppID: 6000. UID: 10103. PID: 5376 ----
    INFO cellappmgr-1 10103 6000  [2018-05-13 09:35:22 629] - Server : Intel(R) Core(TM) i7-6700HQ CPU @ 2.60GHz with 2097151kB RAM
    INFO cellappmgr-1 10103 6000  [2018-05-13 09:35:22 630] - ThreadPool::createThreadPool: creating  threadpool...
    INFO cellappmgr-1 10103 6000  [2018-05-13 09:35:22 630] - ThreadPool::createThreadPool: successfully(2), newThreadCount=1, normalMaxThreadCount=2, maxThreadCount=8
    INFO cellappmgr-1 10103 6000  [2018-05-13 09:35:23 415] - ---- cellappmgr is running ----
   DEBUG cellappmgr-1 10103 6000  [2018-05-13 09:35:23 415] - Components::process(): Request for the process of identity...
    INFO cellappmgr-1 10103 6000  [2018-05-13 09:35:30 772] - Components::findComponents: find logger(1)...
    INFO cellappmgr-1 10103 6000  [2018-05-13 09:35:30 852] - Components::findComponents: found logger, addr:10.139.100.106:9744
    INFO cellappmgr-1 10103 6000  [2018-05-13 09:35:30 852] - Components::addComponent: reset orderLog, uid=10103!
    INFO cellappmgr-1 10103 6000  [2018-05-13 09:35:30 853] - Components::addComponent[logger], uid=10103, componentID=2000, globalorderid=1, grouporderid=1, totalcount=1
    INFO cellappmgr-1 10103 6000  [2018-05-13 09:35:30 854] - Components::findComponents: find dbmgr(2)...
    INFO cellappmgr-1 10103 6000  [2018-05-13 09:35:30 966] - Components::findComponents: found dbmgr, addr:10.139.100.106:9745
    INFO cellappmgr-1 10103 6000  [2018-05-13 09:35:30 967] - Components::addComponent: reset orderLog, uid=10103!
    INFO cellappmgr-1 10103 6000  [2018-05-13 09:35:30 967] - Components::addComponent[dbmgr], uid=10103, componentID=4000, globalorderid=1, grouporderid=1, totalcount=1
    INFO cellappmgr-1 10103 6000  [2018-05-13 09:35:30 968] - Components::findComponents: found dbmgr, addr:10.139.100.106:9745
    INFO cellappmgr-1 10103 6000  [2018-05-13 09:35:32 988] - Components::findComponents: find baseappmgr(1)...
    INFO cellappmgr-1 10103 6000  [2018-05-13 09:35:33 069] - Components::findComponents: found baseappmgr, addr:10.139.100.106:9746
    INFO cellappmgr-1 10103 6000  [2018-05-13 09:35:33 069] - Components::addComponent[baseappmgr], uid=10103, componentID=5000, globalorderid=2, grouporderid=1, totalcount=1
    INFO cellappmgr-1 10103 6000  [2018-05-13 09:35:33 070] - Components::findComponents: found baseappmgr, addr:10.139.100.106:9746
    INFO cellappmgr-1 10103 6000  [2018-05-13 09:35:35 128] - Components::findComponents: register self to dbmgr...
    INFO cellappmgr-1 10103 6000  [2018-05-13 09:35:35 144] - Components::findComponents: register self to baseappmgr...
    INFO cellappmgr-1 10103 6000  [2018-05-13 09:35:35 175] - Components::process(): Found all the components!
    INFO cellappmgr-1 10103 6000  [2018-05-13 09:35:36 577] - ServerApp::onRegisterNewApp: uid:10103, username:, componentType:baseapp, componentID:7001, globalorderID=-1, grouporderID=-1, intaddr:10.139.100.106, intport:9748, extaddr:10.139.100.106, extport:20015,  from 10.139.100.106:9781/0/0/0.
    INFO cellappmgr-1 10103 6000  [2018-05-13 09:35:36 577] - Components::addComponent[baseapp], uid=10103, componentID=7001, globalorderid=3, grouporderid=1, totalcount=1
    INFO cellappmgr-1 10103 6000  [2018-05-13 09:35:36 670] - ServerApp::onRegisterNewApp: uid:10103, username:, componentType:baseappmgr, componentID:5000, globalorderID=-1, grouporderID=-1, intaddr:10.139.100.106, intport:9746, extaddr:nonsupport, extport:0,  from 10.139.100.106:9783/0/0/0.
    INFO cellappmgr-1 10103 6000  [2018-05-13 09:35:38 051] - ServerApp::onRegisterNewApp: uid:10103, username:, componentType:cellapp, componentID:8001, globalorderID=-1, grouporderID=-1, intaddr:10.139.100.106, intport:9750, extaddr:nonsupport, extport:0,  from 10.139.100.106:9785/0/0/0.
    INFO cellappmgr-1 10103 6000  [2018-05-13 09:35:38 051] - Components::addComponent[cellapp], uid=10103, componentID=8001, globalorderid=4, grouporderid=1, totalcount=1
    INFO cellappmgr-1 10103 6000  [2018-05-13 09:35:38 052] - Cellappmgr::getCellapp: added new cellapp(8001).
    INFO cellappmgr-1 10103 6000  [2018-05-13 09:35:42 503] - Cellappmgr::onCellappInitProgress: cid=8001, progress=1.
   DEBUG cellappmgr-1 10103 6000  [2018-05-13 09:35:42 503] - Cellappmgr::addCellappComponentID: cellapp component id 8001, group order id 1
    INFO cellappmgr-1 10103 6000  [2018-05-13 09:36:35 158] - ServerApp::onChannelTimeOut: Channel 10.139.100.106:9746/0/0/0 timed out.
    INFO cellappmgr-1 10103 6000  [2018-05-13 09:38:18 473] - -----------------------------------------------------------------------------------------


    INFO cellappmgr-1 10103 6000  [2018-05-13 09:38:18 474] - Resmgr::initialize: KBE_ROOT=D:/kbengine/
    INFO cellappmgr-1 10103 6000  [2018-05-13 09:38:18 475] - Resmgr::initialize: KBE_RES_PATH=D:/kbengine/kbe/res/;D:/kbengine/assets_Battle of Gods/;D:/kbengine/assets_Battle of Gods/scripts/;D:/kbengine/assets_Battle of Gods/res/
    INFO cellappmgr-1 10103 6000  [2018-05-13 09:38:18 475] - Resmgr::initialize: KBE_BIN_PATH=D:/kbengine/kbe/bin/server/
    INFO cellappmgr-1 10103 6000  [2018-05-13 09:38:18 483] - NetworkInterface::initialize(INTERNAL): bound to all interfaces with default route interface on 10.139.100.106 ( 10.139.100.106:9826 )
    INFO cellappmgr-1 10103 6000  [2018-05-13 09:38:18 483] - NetworkInterface::initialize(INTERNAL): address 10.139.100.106:9826, SOMAXCONN=5.
    INFO cellappmgr-1 10103 6000  [2018-05-13 09:38:18 483] - server-configs:
    INFO cellappmgr-1 10103 6000  [2018-05-13 09:38:18 483] - 	internalAddr : 10.139.100.106:9826
    INFO cellappmgr-1 10103 6000  [2018-05-13 09:38:18 483] - 	componentID : 6000
    INFO cellappmgr-1 10103 6000  [2018-05-13 09:38:20 007] - ---- cellappmgr Version: 2.0.0. ScriptVersion: 0.1.0. Protocol: 52E8E19C86891AC3218081DFAA2FD187. Config: Debug X86. Built: 16:26:50 Apr 30 2018. AppID: 6000. UID: 10103. PID: 11448 ----
    INFO cellappmgr-1 10103 6000  [2018-05-13 09:38:20 007] - Server : Intel(R) Core(TM) i7-6700HQ CPU @ 2.60GHz with 2097151kB RAM
    INFO cellappmgr-1 10103 6000  [2018-05-13 09:38:20 008] - ThreadPool::createThreadPool: creating  threadpool...
    INFO cellappmgr-1 10103 6000  [2018-05-13 09:38:20 008] - ThreadPool::createThreadPool: successfully(2), newThreadCount=1, normalMaxThreadCount=2, maxThreadCount=8
    INFO cellappmgr-1 10103 6000  [2018-05-13 09:38:20 503] - ---- cellappmgr is running ----
   DEBUG cellappmgr-1 10103 6000  [2018-05-13 09:38:20 504] - Components::process(): Request for the process of identity...
    INFO cellappmgr-1 10103 6000  [2018-05-13 09:38:27 852] - Components::findComponents: find logger(1)...
    INFO cellappmgr-1 10103 6000  [2018-05-13 09:38:27 921] - Components::findComponents: found logger, addr:10.139.100.106:9823
    INFO cellappmgr-1 10103 6000  [2018-05-13 09:38:27 921] - Components::addComponent: reset orderLog, uid=10103!
    INFO cellappmgr-1 10103 6000  [2018-05-13 09:38:27 921] - Components::addComponent[logger], uid=10103, componentID=2000, globalorderid=1, grouporderid=1, totalcount=1
    INFO cellappmgr-1 10103 6000  [2018-05-13 09:38:27 923] - Components::findComponents: find dbmgr(2)...
    INFO cellappmgr-1 10103 6000  [2018-05-13 09:38:28 030] - Components::findComponents: found dbmgr, addr:10.139.100.106:9824
    INFO cellappmgr-1 10103 6000  [2018-05-13 09:38:28 031] - Components::addComponent: reset orderLog, uid=10103!
    INFO cellappmgr-1 10103 6000  [2018-05-13 09:38:28 031] - Components::addComponent[dbmgr], uid=10103, componentID=4000, globalorderid=1, grouporderid=1, totalcount=1
    INFO cellappmgr-1 10103 6000  [2018-05-13 09:38:28 032] - Components::findComponents: found dbmgr, addr:10.139.100.106:9824
    INFO cellappmgr-1 10103 6000  [2018-05-13 09:38:30 050] - Components::findComponents: find baseappmgr(1)...
    INFO cellappmgr-1 10103 6000  [2018-05-13 09:38:30 166] - Components::findComponents: found baseappmgr, addr:10.139.100.106:9825
    INFO cellappmgr-1 10103 6000  [2018-05-13 09:38:30 166] - Components::addComponent[baseappmgr], uid=10103, componentID=5000, globalorderid=2, grouporderid=1, totalcount=1
    INFO cellappmgr-1 10103 6000  [2018-05-13 09:38:30 167] - Components::findComponents: found baseappmgr, addr:10.139.100.106:9825
    INFO cellappmgr-1 10103 6000  [2018-05-13 09:38:32 056] - ServerApp::onRegisterNewApp: uid:10103, username:, componentType:baseappmgr, componentID:5000, globalorderID=-1, grouporderID=-1, intaddr:10.139.100.106, intport:9825, extaddr:nonsupport, extport:0,  from 10.139.100.106:9856/0/0/0.
    INFO cellappmgr-1 10103 6000  [2018-05-13 09:38:32 211] - Components::findComponents: register self to dbmgr...
    INFO cellappmgr-1 10103 6000  [2018-05-13 09:38:32 226] - Components::findComponents: register self to baseappmgr...
    INFO cellappmgr-1 10103 6000  [2018-05-13 09:38:32 242] - Components::process(): Found all the components!
    INFO cellappmgr-1 10103 6000  [2018-05-13 09:38:33 745] - ServerApp::onRegisterNewApp: uid:10103, username:, componentType:cellapp, componentID:8001, globalorderID=-1, grouporderID=-1, intaddr:10.139.100.106, intport:9828, extaddr:nonsupport, extport:0,  from 10.139.100.106:9861/0/0/0.
    INFO cellappmgr-1 10103 6000  [2018-05-13 09:38:33 745] - Components::addComponent[cellapp], uid=10103, componentID=8001, globalorderid=3, grouporderid=1, totalcount=1
    INFO cellappmgr-1 10103 6000  [2018-05-13 09:38:33 745] - Cellappmgr::getCellapp: added new cellapp(8001).
    INFO cellappmgr-1 10103 6000  [2018-05-13 09:38:33 854] - ServerApp::onRegisterNewApp: uid:10103, username:, componentType:baseapp, componentID:7001, globalorderID=-1, grouporderID=-1, intaddr:10.139.100.106, intport:9827, extaddr:10.139.100.106, extport:20015,  from 10.139.100.106:9866/0/0/0.
    INFO cellappmgr-1 10103 6000  [2018-05-13 09:38:33 854] - Components::addComponent[baseapp], uid=10103, componentID=7001, globalorderid=4, grouporderid=1, totalcount=1
    INFO cellappmgr-1 10103 6000  [2018-05-13 09:38:38 227] - Cellappmgr::onCellappInitProgress: cid=8001, progress=1.
   DEBUG cellappmgr-1 10103 6000  [2018-05-13 09:38:38 227] - Cellappmgr::addCellappComponentID: cellapp component id 8001, group order id 1
    INFO cellappmgr-1 10103 6000  [2018-05-13 09:39:32 030] - ServerApp::onChannelTimeOut: Channel 10.139.100.106:9856/0/0/0 timed out.
    INFO cellappmgr-1 10103 6000  [2018-05-13 09:56:43 539] - -----------------------------------------------------------------------------------------


    INFO cellappmgr-1 10103 6000  [2018-05-13 09:56:43 540] - Resmgr::initialize: KBE_ROOT=D:/kbengine/
    INFO cellappmgr-1 10103 6000  [2018-05-13 09:56:43 541] - Resmgr::initialize: KBE_RES_PATH=D:/kbengine/kbe/res/;D:/kbengine/assets_Battle of Gods/;D:/kbengine/assets_Battle of Gods/scripts/;D:/kbengine/assets_Battle of Gods/res/
    INFO cellappmgr-1 10103 6000  [2018-05-13 09:56:43 541] - Resmgr::initialize: KBE_BIN_PATH=D:/kbengine/kbe/bin/server/
    INFO cellappmgr-1 10103 6000  [2018-05-13 09:56:43 549] - NetworkInterface::initialize(INTERNAL): bound to all interfaces with default route interface on 10.139.100.106 ( 10.139.100.106:10178 )
    INFO cellappmgr-1 10103 6000  [2018-05-13 09:56:43 549] - NetworkInterface::initialize(INTERNAL): address 10.139.100.106:10178, SOMAXCONN=5.
    INFO cellappmgr-1 10103 6000  [2018-05-13 09:56:43 549] - server-configs:
    INFO cellappmgr-1 10103 6000  [2018-05-13 09:56:43 550] - 	internalAddr : 10.139.100.106:10178
    INFO cellappmgr-1 10103 6000  [2018-05-13 09:56:43 550] - 	componentID : 6000
    INFO cellappmgr-1 10103 6000  [2018-05-13 09:56:45 074] - ---- cellappmgr Version: 2.0.0. ScriptVersion: 0.1.0. Protocol: 52E8E19C86891AC3218081DFAA2FD187. Config: Debug X86. Built: 16:26:50 Apr 30 2018. AppID: 6000. UID: 10103. PID: 10540 ----
    INFO cellappmgr-1 10103 6000  [2018-05-13 09:56:45 074] - Server : Intel(R) Core(TM) i7-6700HQ CPU @ 2.60GHz with 2097151kB RAM
    INFO cellappmgr-1 10103 6000  [2018-05-13 09:56:45 075] - ThreadPool::createThreadPool: creating  threadpool...
    INFO cellappmgr-1 10103 6000  [2018-05-13 09:56:45 075] - ThreadPool::createThreadPool: successfully(2), newThreadCount=1, normalMaxThreadCount=2, maxThreadCount=8
    INFO cellappmgr-1 10103 6000  [2018-05-13 09:56:45 675] - ---- cellappmgr is running ----
   DEBUG cellappmgr-1 10103 6000  [2018-05-13 09:56:45 676] - Components::process(): Request for the process of identity...
    INFO cellappmgr-1 10103 6000  [2018-05-13 09:56:53 081] - Components::findComponents: find logger(1)...
    INFO cellappmgr-1 10103 6000  [2018-05-13 09:56:53 207] - Components::findComponents: found logger, addr:10.139.100.106:10175
    INFO cellappmgr-1 10103 6000  [2018-05-13 09:56:53 207] - Components::addComponent: reset orderLog, uid=10103!
    INFO cellappmgr-1 10103 6000  [2018-05-13 09:56:53 208] - Components::addComponent[logger], uid=10103, componentID=2000, globalorderid=1, grouporderid=1, totalcount=1
    INFO cellappmgr-1 10103 6000  [2018-05-13 09:56:53 211] - Components::findComponents: find dbmgr(2)...
    INFO cellappmgr-1 10103 6000  [2018-05-13 09:56:53 331] - Components::findComponents: found dbmgr, addr:10.139.100.106:10176
    INFO cellappmgr-1 10103 6000  [2018-05-13 09:56:53 331] - Components::addComponent: reset orderLog, uid=10103!
    INFO cellappmgr-1 10103 6000  [2018-05-13 09:56:53 332] - Components::addComponent[dbmgr], uid=10103, componentID=4000, globalorderid=1, grouporderid=1, totalcount=1
    INFO cellappmgr-1 10103 6000  [2018-05-13 09:56:53 333] - Components::findComponents: found dbmgr, addr:10.139.100.106:10176
    INFO cellappmgr-1 10103 6000  [2018-05-13 09:56:55 340] - Components::findComponents: find baseappmgr(1)...
    INFO cellappmgr-1 10103 6000  [2018-05-13 09:56:55 456] - Components::findComponents: found baseappmgr, addr:10.139.100.106:10177
    INFO cellappmgr-1 10103 6000  [2018-05-13 09:56:55 456] - Components::addComponent[baseappmgr], uid=10103, componentID=5000, globalorderid=2, grouporderid=1, totalcount=1
    INFO cellappmgr-1 10103 6000  [2018-05-13 09:56:55 457] - Components::findComponents: found baseappmgr, addr:10.139.100.106:10177
    INFO cellappmgr-1 10103 6000  [2018-05-13 09:56:57 417] - ServerApp::onRegisterNewApp: uid:10103, username:, componentType:baseappmgr, componentID:5000, globalorderID=-1, grouporderID=-1, intaddr:10.139.100.106, intport:10177, extaddr:nonsupport, extport:0,  from 10.139.100.106:10199/0/0/0.
    INFO cellappmgr-1 10103 6000  [2018-05-13 09:56:57 510] - Components::findComponents: register self to dbmgr...
    INFO cellappmgr-1 10103 6000  [2018-05-13 09:56:57 541] - Components::findComponents: register self to baseappmgr...
    INFO cellappmgr-1 10103 6000  [2018-05-13 09:56:57 557] - Components::process(): Found all the components!
    INFO cellappmgr-1 10103 6000  [2018-05-13 09:56:59 258] - ServerApp::onRegisterNewApp: uid:10103, username:, componentType:baseapp, componentID:7001, globalorderID=-1, grouporderID=-1, intaddr:10.139.100.106, intport:10179, extaddr:10.139.100.106, extport:20015,  from 10.139.100.106:10205/0/0/0.
    INFO cellappmgr-1 10103 6000  [2018-05-13 09:56:59 258] - Components::addComponent[baseapp], uid=10103, componentID=7001, globalorderid=3, grouporderid=1, totalcount=1
    INFO cellappmgr-1 10103 6000  [2018-05-13 09:56:59 258] - ServerApp::onRegisterNewApp: uid:10103, username:, componentType:cellapp, componentID:8001, globalorderID=-1, grouporderID=-1, intaddr:10.139.100.106, intport:10180, extaddr:nonsupport, extport:0,  from 10.139.100.106:10207/0/0/0.
    INFO cellappmgr-1 10103 6000  [2018-05-13 09:56:59 259] - Components::addComponent[cellapp], uid=10103, componentID=8001, globalorderid=4, grouporderid=1, totalcount=1
    INFO cellappmgr-1 10103 6000  [2018-05-13 09:56:59 319] - Cellappmgr::getCellapp: added new cellapp(8001).
    INFO cellappmgr-1 10103 6000  [2018-05-13 09:57:03 689] - Cellappmgr::onCellappInitProgress: cid=8001, progress=1.
   DEBUG cellappmgr-1 10103 6000  [2018-05-13 09:57:03 690] - Cellappmgr::addCellappComponentID: cellapp component id 8001, group order id 1
    INFO cellappmgr-1 10103 6000  [2018-05-13 09:57:57 418] - ServerApp::onChannelTimeOut: Channel 10.139.100.106:10199/0/0/0 timed out.
    INFO cellappmgr-1 10103 6000  [2018-05-13 10:08:51 231] - -----------------------------------------------------------------------------------------


    INFO cellappmgr-1 10103 6000  [2018-05-13 10:08:51 232] - Resmgr::initialize: KBE_ROOT=D:/kbengine/
    INFO cellappmgr-1 10103 6000  [2018-05-13 10:08:51 232] - Resmgr::initialize: KBE_RES_PATH=D:/kbengine/kbe/res/;D:/kbengine/assets_Battle of Gods/;D:/kbengine/assets_Battle of Gods/scripts/;D:/kbengine/assets_Battle of Gods/res/
    INFO cellappmgr-1 10103 6000  [2018-05-13 10:08:51 233] - Resmgr::initialize: KBE_BIN_PATH=D:/kbengine/kbe/bin/server/
    INFO cellappmgr-1 10103 6000  [2018-05-13 10:08:51 241] - NetworkInterface::initialize(INTERNAL): bound to all interfaces with default route interface on 10.139.100.106 ( 10.139.100.106:10410 )
    INFO cellappmgr-1 10103 6000  [2018-05-13 10:08:51 241] - NetworkInterface::initialize(INTERNAL): address 10.139.100.106:10410, SOMAXCONN=5.
    INFO cellappmgr-1 10103 6000  [2018-05-13 10:08:51 241] - server-configs:
    INFO cellappmgr-1 10103 6000  [2018-05-13 10:08:51 241] - 	internalAddr : 10.139.100.106:10410
    INFO cellappmgr-1 10103 6000  [2018-05-13 10:08:51 242] - 	componentID : 6000
    INFO cellappmgr-1 10103 6000  [2018-05-13 10:08:51 277] - Components::findLogger: found logger, addr:10.139.100.106:10403
    INFO cellappmgr-1 10103 6000  [2018-05-13 10:08:51 277] - Components::addComponent: reset orderLog, uid=10103!
    INFO cellappmgr-1 10103 6000  [2018-05-13 10:08:51 277] - Components::addComponent[logger], uid=10103, componentID=2000, globalorderid=1, grouporderid=1, totalcount=1
    INFO cellappmgr-1 10103 6000  [2018-05-13 10:08:51 287] - ---- cellappmgr Version: 2.0.0. ScriptVersion: 0.1.0. Protocol: 52E8E19C86891AC3218081DFAA2FD187. Config: Debug X86. Built: 16:26:50 Apr 30 2018. AppID: 6000. UID: 10103. PID: 15088 ----
    INFO cellappmgr-1 10103 6000  [2018-05-13 10:08:51 287] - Server : Intel(R) Core(TM) i7-6700HQ CPU @ 2.60GHz with 2097151kB RAM
    INFO cellappmgr-1 10103 6000  [2018-05-13 10:08:51 288] - ThreadPool::createThreadPool: creating  threadpool...
    INFO cellappmgr-1 10103 6000  [2018-05-13 10:08:51 288] - ThreadPool::createThreadPool: successfully(2), newThreadCount=1, normalMaxThreadCount=2, maxThreadCount=8
    INFO cellappmgr-1 10103 6000  [2018-05-13 10:08:51 991] - ---- cellappmgr is running ----
   DEBUG cellappmgr-1 10103 6000  [2018-05-13 10:08:51 991] - Components::process(): Request for the process of identity...
    INFO cellappmgr-1 10103 6000  [2018-05-13 10:08:59 386] - Components::findComponents: find dbmgr(1)...
    INFO cellappmgr-1 10103 6000  [2018-05-13 10:08:59 512] - Components::findComponents: found dbmgr, addr:10.139.100.106:10406
    INFO cellappmgr-1 10103 6000  [2018-05-13 10:08:59 512] - Components::addComponent: reset orderLog, uid=10103!
    INFO cellappmgr-1 10103 6000  [2018-05-13 10:08:59 512] - Components::addComponent[dbmgr], uid=10103, componentID=4000, globalorderid=1, grouporderid=1, totalcount=1
    INFO cellappmgr-1 10103 6000  [2018-05-13 10:08:59 514] - Components::findComponents: found dbmgr, addr:10.139.100.106:10406
    INFO cellappmgr-1 10103 6000  [2018-05-13 10:09:01 549] - Components::findComponents: find baseappmgr(1)...
    INFO cellappmgr-1 10103 6000  [2018-05-13 10:09:01 587] - Components::findComponents: found baseappmgr, addr:10.139.100.106:10408
    INFO cellappmgr-1 10103 6000  [2018-05-13 10:09:01 587] - Components::addComponent[baseappmgr], uid=10103, componentID=5000, globalorderid=2, grouporderid=1, totalcount=1
    INFO cellappmgr-1 10103 6000  [2018-05-13 10:09:01 589] - Components::findComponents: found baseappmgr, addr:10.139.100.106:10408
    INFO cellappmgr-1 10103 6000  [2018-05-13 10:09:03 549] - ServerApp::onRegisterNewApp: uid:10103, username:, componentType:baseappmgr, componentID:5000, globalorderID=-1, grouporderID=-1, intaddr:10.139.100.106, intport:10408, extaddr:nonsupport, extport:0,  from 10.139.100.106:10433/0/0/0.
    INFO cellappmgr-1 10103 6000  [2018-05-13 10:09:03 625] - Components::findComponents: register self to dbmgr...
    INFO cellappmgr-1 10103 6000  [2018-05-13 10:09:03 641] - Components::findComponents: register self to baseappmgr...
    INFO cellappmgr-1 10103 6000  [2018-05-13 10:09:03 657] - Components::process(): Found all the components!
    INFO cellappmgr-1 10103 6000  [2018-05-13 10:09:06 825] - ServerApp::onRegisterNewApp: uid:10103, username:, componentType:baseapp, componentID:7001, globalorderID=-1, grouporderID=-1, intaddr:10.139.100.106, intport:10414, extaddr:10.139.100.106, extport:20015,  from 10.139.100.106:10438/0/0/0.
    INFO cellappmgr-1 10103 6000  [2018-05-13 10:09:06 825] - Components::addComponent[baseapp], uid=10103, componentID=7001, globalorderid=3, grouporderid=1, totalcount=1
    INFO cellappmgr-1 10103 6000  [2018-05-13 10:09:06 925] - ServerApp::onRegisterNewApp: uid:10103, username:, componentType:cellapp, componentID:8001, globalorderID=-1, grouporderID=-1, intaddr:10.139.100.106, intport:10416, extaddr:nonsupport, extport:0,  from 10.139.100.106:10440/0/0/0.
    INFO cellappmgr-1 10103 6000  [2018-05-13 10:09:06 926] - Components::addComponent[cellapp], uid=10103, componentID=8001, globalorderid=4, grouporderid=1, totalcount=1
    INFO cellappmgr-1 10103 6000  [2018-05-13 10:09:06 987] - Cellappmgr::getCellapp: added new cellapp(8001).
    INFO cellappmgr-1 10103 6000  [2018-05-13 10:09:11 316] - Cellappmgr::onCellappInitProgress: cid=8001, progress=1.
   DEBUG cellappmgr-1 10103 6000  [2018-05-13 10:09:11 316] - Cellappmgr::addCellappComponentID: cellapp component id 8001, group order id 1
    INFO cellappmgr-1 10103 6000  [2018-05-13 10:10:03 533] - ServerApp::onChannelTimeOut: Channel 10.139.100.106:10433/0/0/0 timed out.
