    INFO    cellapp-1 10103 8001  [2018-07-30 16:53:16 534] - -----------------------------------------------------------------------------------------


    INFO    cellapp-1 10103 8001  [2018-07-30 16:53:16 536] - Resmgr::initialize: KBE_ROOT=D:/kbengine/
    INFO    cellapp-1 10103 8001  [2018-07-30 16:53:16 536] - Resmgr::initialize: KBE_RES_PATH=D:/kbengine/kbe/res/;D:/kbengine/assets_Battle of Gods/;D:/kbengine/assets_Battle of Gods/scripts/;D:/kbengine/assets_Battle of Gods/res/
    INFO    cellapp-1 10103 8001  [2018-07-30 16:53:16 536] - Resmgr::initialize: KBE_BIN_PATH=D:/kbengine/kbe/bin/server/
    INFO    cellapp-1 10103 8001  [2018-07-30 16:53:16 563] - NetworkInterface::initialize(INTERNAL): bound to all interfaces with default route interface on 10.139.66.192 ( 10.139.66.192:31470 )
    INFO    cellapp-1 10103 8001  [2018-07-30 16:53:16 563] - NetworkInterface::initialize(INTERNAL): address 10.139.66.192:31470, SOMAXCONN=5.
    INFO    cellapp-1 10103 8001  [2018-07-30 16:53:16 563] - server-configs:
    INFO    cellapp-1 10103 8001  [2018-07-30 16:53:16 564] - 	gameUpdateHertz : 10
    INFO    cellapp-1 10103 8001  [2018-07-30 16:53:16 564] - 	defaultViewRadius : 80
    INFO    cellapp-1 10103 8001  [2018-07-30 16:53:16 564] - 	defaultViewHysteresisArea : 5
    INFO    cellapp-1 10103 8001  [2018-07-30 16:53:16 564] - 	entryScriptFile : kbemain
    INFO    cellapp-1 10103 8001  [2018-07-30 16:53:16 564] - 	internalAddr : 10.139.66.192:31470
    INFO    cellapp-1 10103 8001  [2018-07-30 16:53:16 565] - 	componentID : 8001
    INFO    cellapp-1 10103 8001  [2018-07-30 16:53:16 587] - Components::findLogger: found logger, addr:10.139.66.192:31409
    INFO    cellapp-1 10103 8001  [2018-07-30 16:53:16 587] - Components::addComponent: reset orderLog, uid=10103!
    INFO    cellapp-1 10103 8001  [2018-07-30 16:53:16 588] - Components::addComponent[logger], uid=10103, componentID=2000, globalorderid=1, grouporderid=1, totalcount=1
    INFO    cellapp-1 10103 8001  [2018-07-30 16:53:16 610] - ---- cellapp Version: 2.0.0. ScriptVersion: 0.1.0. Protocol: 85A70C5E64F896E0F1A60BF405B4EB07. Config: Debug X86. Built: 16:28:54 Apr 30 2018. AppID: 8001. UID: 10103. PID: 9524 ----
    INFO    cellapp-1 10103 8001  [2018-07-30 16:53:16 610] - Server : Intel(R) Core(TM) i7-6700HQ CPU @ 2.60GHz with 2097151kB RAM
    INFO    cellapp-1 10103 8001  [2018-07-30 16:53:16 611] - ThreadPool::createThreadPool: creating  threadpool...
    INFO    cellapp-1 10103 8001  [2018-07-30 16:53:16 611] - ThreadPool::createThreadPool: successfully(2), newThreadCount=1, normalMaxThreadCount=2, maxThreadCount=8
   DEBUG    cellapp-1 10103 8001  [2018-07-30 16:53:16 779] - Script::install_py_dlls(): PyInit_pyexpat
   DEBUG    cellapp-1 10103 8001  [2018-07-30 16:53:16 780] - Script::install_py_dlls(): PyInit__socket
   DEBUG    cellapp-1 10103 8001  [2018-07-30 16:53:16 780] - Script::install_py_dlls(): PyInit__ssl
   DEBUG    cellapp-1 10103 8001  [2018-07-30 16:53:16 784] - Script::install_py_dlls(): PyInit__hashlib
   DEBUG    cellapp-1 10103 8001  [2018-07-30 16:53:16 785] - Script::install_py_dlls(): PyInit_select
   DEBUG    cellapp-1 10103 8001  [2018-07-30 16:53:16 785] - Script::install_py_dlls(): PyInit__ctypes
   DEBUG    cellapp-1 10103 8001  [2018-07-30 16:53:16 786] - Script::install_py_dlls(): PyInit__elementtree
   DEBUG    cellapp-1 10103 8001  [2018-07-30 16:53:16 842] - Script::install_py_dlls(): PyInit_unicodedata
    INFO    cellapp-1 10103 8001  [2018-07-30 16:53:16 894] - Script::install(): is successfully, Python=(3.4.2 (default, Apr 30 2018, 16:27:35) [MSC v.1900 32 bit (Intel)])!
    INFO    cellapp-1 10103 8001  [2018-07-30 16:53:16 894] - Script::install(): KBExtra is successfully!
   ERROR    cellapp-1 10103 8001  [2018-07-30 16:53:16 948] - DataTypes::getDataType:not found type AVATAR_INFO.
   ERROR    cellapp-1 10103 8001  [2018-07-30 16:53:16 949] - FixedArrayType::initialize: key[ARRAY] did not find type[AVATAR_INFO]!
   ERROR    cellapp-1 10103 8001  [2018-07-30 16:53:16 949] - DataTypes::loadTypes: parse ARRAY [AVATAR_LISTINFO] error!
   ERROR    cellapp-1 10103 8001  [2018-07-30 16:53:16 950] - app::initialize(): initialization failed!
   DEBUG    cellapp-1 10103 8001  [2018-07-30 16:53:16 950] - EntityRef::destroyObjPool(): size 0.
   DEBUG    cellapp-1 10103 8001  [2018-07-30 16:53:16 950] - Witness::destroyObjPool(): size 0.
   DEBUG    cellapp-1 10103 8001  [2018-07-30 16:53:16 952] - Script::uninstall_py_dlls(): PyInit_pyexpat
   DEBUG    cellapp-1 10103 8001  [2018-07-30 16:53:16 952] - Script::uninstall_py_dlls(): PyInit__socket
   DEBUG    cellapp-1 10103 8001  [2018-07-30 16:53:16 952] - Script::uninstall_py_dlls(): PyInit__ssl
   DEBUG    cellapp-1 10103 8001  [2018-07-30 16:53:16 952] - Script::uninstall_py_dlls(): PyInit__hashlib
   DEBUG    cellapp-1 10103 8001  [2018-07-30 16:53:16 952] - Script::uninstall_py_dlls(): PyInit_select
   DEBUG    cellapp-1 10103 8001  [2018-07-30 16:53:16 953] - Script::uninstall_py_dlls(): PyInit__ctypes
   DEBUG    cellapp-1 10103 8001  [2018-07-30 16:53:16 953] - Script::uninstall_py_dlls(): PyInit__elementtree
   DEBUG    cellapp-1 10103 8001  [2018-07-30 16:53:16 953] - Script::uninstall_py_dlls(): PyInit_unicodedata
    INFO    cellapp-1 10103 8001  [2018-07-30 16:53:16 977] - Script::uninstall(): is successfully!
   DEBUG    cellapp-1 10103 8001  [2018-07-30 16:53:16 977] - ThreadPool::destroy(): starting size 2.
 WARNING    cellapp-1 10103 8001  [2018-07-30 16:53:17 279] - ThreadPool::destroy(): waiting for thread(2)[0x1ea668,0x1e9f18,], try=1
   DEBUG    cellapp-1 10103 8001  [2018-07-30 16:53:17 680] - TPThread::~TPThread(): 0x1ea668
   DEBUG    cellapp-1 10103 8001  [2018-07-30 16:53:17 681] - TPThread::~TPThread(): 0x1e9f18
   DEBUG    cellapp-1 10103 8001  [2018-07-30 16:53:17 681] - ThreadPool::destroy(): successfully!
   DEBUG    cellapp-1 10103 8001  [2018-07-30 16:53:17 681] - Bundle::destroyObjPool(): size 14.
   DEBUG    cellapp-1 10103 8001  [2018-07-30 16:53:17 682] - Channel::destroyObjPool(): size 15.
   DEBUG    cellapp-1 10103 8001  [2018-07-30 16:53:17 682] - TCPPacket::destroyObjPool(): size 0.
   DEBUG    cellapp-1 10103 8001  [2018-07-30 16:53:17 682] - UDPPacket::destroyObjPool(): size 14.
   DEBUG    cellapp-1 10103 8001  [2018-07-30 16:53:17 682] - EndPoint::destroyObjPool(): size 15.
   DEBUG    cellapp-1 10103 8001  [2018-07-30 16:53:17 682] - Address::destroyObjPool(): size 0.
   DEBUG    cellapp-1 10103 8001  [2018-07-30 16:53:17 682] - TCPPacketReceiver::destroyObjPool(): size 0.
   DEBUG    cellapp-1 10103 8001  [2018-07-30 16:53:17 682] - UDPPacketReceiver::destroyObjPool(): size 0.
    INFO    cellapp-1 10103 8001  [2018-07-30 16:54:09 525] - -----------------------------------------------------------------------------------------


    INFO    cellapp-1 10103 8001  [2018-07-30 16:54:09 526] - Resmgr::initialize: KBE_ROOT=D:/kbengine/
    INFO    cellapp-1 10103 8001  [2018-07-30 16:54:09 526] - Resmgr::initialize: KBE_RES_PATH=D:/kbengine/kbe/res/;D:/kbengine/assets_Battle of Gods/;D:/kbengine/assets_Battle of Gods/scripts/;D:/kbengine/assets_Battle of Gods/res/
    INFO    cellapp-1 10103 8001  [2018-07-30 16:54:09 527] - Resmgr::initialize: KBE_BIN_PATH=D:/kbengine/kbe/bin/server/
    INFO    cellapp-1 10103 8001  [2018-07-30 16:54:09 545] - NetworkInterface::initialize(INTERNAL): bound to all interfaces with default route interface on 10.139.66.192 ( 10.139.66.192:31663 )
    INFO    cellapp-1 10103 8001  [2018-07-30 16:54:09 545] - NetworkInterface::initialize(INTERNAL): address 10.139.66.192:31663, SOMAXCONN=5.
    INFO    cellapp-1 10103 8001  [2018-07-30 16:54:09 545] - server-configs:
    INFO    cellapp-1 10103 8001  [2018-07-30 16:54:09 545] - 	gameUpdateHertz : 10
    INFO    cellapp-1 10103 8001  [2018-07-30 16:54:09 545] - 	defaultViewRadius : 80
    INFO    cellapp-1 10103 8001  [2018-07-30 16:54:09 545] - 	defaultViewHysteresisArea : 5
    INFO    cellapp-1 10103 8001  [2018-07-30 16:54:09 545] - 	entryScriptFile : kbemain
    INFO    cellapp-1 10103 8001  [2018-07-30 16:54:09 546] - 	internalAddr : 10.139.66.192:31663
    INFO    cellapp-1 10103 8001  [2018-07-30 16:54:09 546] - 	componentID : 8001
    INFO    cellapp-1 10103 8001  [2018-07-30 16:54:09 642] - Components::findLogger: found logger, addr:10.139.66.192:31649
    INFO    cellapp-1 10103 8001  [2018-07-30 16:54:09 643] - Components::addComponent: reset orderLog, uid=10103!
    INFO    cellapp-1 10103 8001  [2018-07-30 16:54:09 643] - Components::addComponent[logger], uid=10103, componentID=2000, globalorderid=1, grouporderid=1, totalcount=1
    INFO    cellapp-1 10103 8001  [2018-07-30 16:54:09 664] - ---- cellapp Version: 2.0.0. ScriptVersion: 0.1.0. Protocol: 85A70C5E64F896E0F1A60BF405B4EB07. Config: Debug X86. Built: 16:28:54 Apr 30 2018. AppID: 8001. UID: 10103. PID: 6636 ----
    INFO    cellapp-1 10103 8001  [2018-07-30 16:54:09 664] - Server : Intel(R) Core(TM) i7-6700HQ CPU @ 2.60GHz with 2097151kB RAM
    INFO    cellapp-1 10103 8001  [2018-07-30 16:54:09 665] - ThreadPool::createThreadPool: creating  threadpool...
    INFO    cellapp-1 10103 8001  [2018-07-30 16:54:09 665] - ThreadPool::createThreadPool: successfully(2), newThreadCount=1, normalMaxThreadCount=2, maxThreadCount=8
   DEBUG    cellapp-1 10103 8001  [2018-07-30 16:54:09 810] - Script::install_py_dlls(): PyInit_pyexpat
   DEBUG    cellapp-1 10103 8001  [2018-07-30 16:54:09 811] - Script::install_py_dlls(): PyInit__socket
   DEBUG    cellapp-1 10103 8001  [2018-07-30 16:54:09 811] - Script::install_py_dlls(): PyInit__ssl
   DEBUG    cellapp-1 10103 8001  [2018-07-30 16:54:09 815] - Script::install_py_dlls(): PyInit__hashlib
   DEBUG    cellapp-1 10103 8001  [2018-07-30 16:54:09 816] - Script::install_py_dlls(): PyInit_select
   DEBUG    cellapp-1 10103 8001  [2018-07-30 16:54:09 816] - Script::install_py_dlls(): PyInit__ctypes
   DEBUG    cellapp-1 10103 8001  [2018-07-30 16:54:09 817] - Script::install_py_dlls(): PyInit__elementtree
   DEBUG    cellapp-1 10103 8001  [2018-07-30 16:54:09 875] - Script::install_py_dlls(): PyInit_unicodedata
    INFO    cellapp-1 10103 8001  [2018-07-30 16:54:09 934] - Script::install(): is successfully, Python=(3.4.2 (default, Apr 30 2018, 16:27:35) [MSC v.1900 32 bit (Intel)])!
    INFO    cellapp-1 10103 8001  [2018-07-30 16:54:09 934] - Script::install(): KBExtra is successfully!
   ERROR    cellapp-1 10103 8001  [2018-07-30 16:54:09 943] - DataTypes::getDataType:not found type AVATAR_INFO.
   ERROR    cellapp-1 10103 8001  [2018-07-30 16:54:09 944] - FixedArrayType::initialize: key[ARRAY] did not find type[AVATAR_INFO]!
   ERROR    cellapp-1 10103 8001  [2018-07-30 16:54:09 945] - DataTypes::loadTypes: parse ARRAY [AVATAR_LISTINFO] error!
   ERROR    cellapp-1 10103 8001  [2018-07-30 16:54:09 945] - app::initialize(): initialization failed!
   DEBUG    cellapp-1 10103 8001  [2018-07-30 16:54:09 946] - EntityRef::destroyObjPool(): size 0.
   DEBUG    cellapp-1 10103 8001  [2018-07-30 16:54:09 946] - Witness::destroyObjPool(): size 0.
   DEBUG    cellapp-1 10103 8001  [2018-07-30 16:54:09 947] - Script::uninstall_py_dlls(): PyInit_pyexpat
   DEBUG    cellapp-1 10103 8001  [2018-07-30 16:54:09 947] - Script::uninstall_py_dlls(): PyInit__socket
   DEBUG    cellapp-1 10103 8001  [2018-07-30 16:54:09 947] - Script::uninstall_py_dlls(): PyInit__ssl
   DEBUG    cellapp-1 10103 8001  [2018-07-30 16:54:09 947] - Script::uninstall_py_dlls(): PyInit__hashlib
   DEBUG    cellapp-1 10103 8001  [2018-07-30 16:54:09 947] - Script::uninstall_py_dlls(): PyInit_select
   DEBUG    cellapp-1 10103 8001  [2018-07-30 16:54:09 947] - Script::uninstall_py_dlls(): PyInit__ctypes
   DEBUG    cellapp-1 10103 8001  [2018-07-30 16:54:09 947] - Script::uninstall_py_dlls(): PyInit__elementtree
   DEBUG    cellapp-1 10103 8001  [2018-07-30 16:54:09 947] - Script::uninstall_py_dlls(): PyInit_unicodedata
    INFO    cellapp-1 10103 8001  [2018-07-30 16:54:09 958] - Script::uninstall(): is successfully!
   DEBUG    cellapp-1 10103 8001  [2018-07-30 16:54:09 958] - ThreadPool::destroy(): starting size 2.
 WARNING    cellapp-1 10103 8001  [2018-07-30 16:54:10 259] - ThreadPool::destroy(): waiting for thread(2)[0x476e0,0x47408,], try=1
   DEBUG    cellapp-1 10103 8001  [2018-07-30 16:54:10 661] - TPThread::~TPThread(): 0x476e0
   DEBUG    cellapp-1 10103 8001  [2018-07-30 16:54:10 661] - TPThread::~TPThread(): 0x47408
   DEBUG    cellapp-1 10103 8001  [2018-07-30 16:54:10 661] - ThreadPool::destroy(): successfully!
   DEBUG    cellapp-1 10103 8001  [2018-07-30 16:54:10 661] - Bundle::destroyObjPool(): size 14.
   DEBUG    cellapp-1 10103 8001  [2018-07-30 16:54:10 662] - Channel::destroyObjPool(): size 15.
   DEBUG    cellapp-1 10103 8001  [2018-07-30 16:54:10 662] - TCPPacket::destroyObjPool(): size 0.
   DEBUG    cellapp-1 10103 8001  [2018-07-30 16:54:10 662] - UDPPacket::destroyObjPool(): size 14.
   DEBUG    cellapp-1 10103 8001  [2018-07-30 16:54:10 662] - EndPoint::destroyObjPool(): size 15.
   DEBUG    cellapp-1 10103 8001  [2018-07-30 16:54:10 662] - Address::destroyObjPool(): size 0.
   DEBUG    cellapp-1 10103 8001  [2018-07-30 16:54:10 662] - TCPPacketReceiver::destroyObjPool(): size 0.
   DEBUG    cellapp-1 10103 8001  [2018-07-30 16:54:10 663] - UDPPacketReceiver::destroyObjPool(): size 0.
    INFO    cellapp-1 10103 8001  [2018-07-30 16:54:52 643] - -----------------------------------------------------------------------------------------


    INFO    cellapp-1 10103 8001  [2018-07-30 16:54:52 644] - Resmgr::initialize: KBE_ROOT=D:/kbengine/
    INFO    cellapp-1 10103 8001  [2018-07-30 16:54:52 644] - Resmgr::initialize: KBE_RES_PATH=D:/kbengine/kbe/res/;D:/kbengine/assets_Battle of Gods/;D:/kbengine/assets_Battle of Gods/scripts/;D:/kbengine/assets_Battle of Gods/res/
    INFO    cellapp-1 10103 8001  [2018-07-30 16:54:52 644] - Resmgr::initialize: KBE_BIN_PATH=D:/kbengine/kbe/bin/server/
    INFO    cellapp-1 10103 8001  [2018-07-30 16:54:52 667] - NetworkInterface::initialize(INTERNAL): bound to all interfaces with default route interface on 10.139.66.192 ( 10.139.66.192:31811 )
    INFO    cellapp-1 10103 8001  [2018-07-30 16:54:52 668] - NetworkInterface::initialize(INTERNAL): address 10.139.66.192:31811, SOMAXCONN=5.
    INFO    cellapp-1 10103 8001  [2018-07-30 16:54:52 668] - server-configs:
    INFO    cellapp-1 10103 8001  [2018-07-30 16:54:52 668] - 	gameUpdateHertz : 10
    INFO    cellapp-1 10103 8001  [2018-07-30 16:54:52 668] - 	defaultViewRadius : 80
    INFO    cellapp-1 10103 8001  [2018-07-30 16:54:52 669] - 	defaultViewHysteresisArea : 5
    INFO    cellapp-1 10103 8001  [2018-07-30 16:54:52 669] - 	entryScriptFile : kbemain
    INFO    cellapp-1 10103 8001  [2018-07-30 16:54:52 669] - 	internalAddr : 10.139.66.192:31811
    INFO    cellapp-1 10103 8001  [2018-07-30 16:54:52 669] - 	componentID : 8001
    INFO    cellapp-1 10103 8001  [2018-07-30 16:54:52 938] - Components::findLogger: found logger, addr:10.139.66.192:31804
    INFO    cellapp-1 10103 8001  [2018-07-30 16:54:52 939] - Components::addComponent: reset orderLog, uid=10103!
    INFO    cellapp-1 10103 8001  [2018-07-30 16:54:52 939] - Components::addComponent[logger], uid=10103, componentID=2000, globalorderid=1, grouporderid=1, totalcount=1
    INFO    cellapp-1 10103 8001  [2018-07-30 16:54:52 958] - ---- cellapp Version: 2.0.0. ScriptVersion: 0.1.0. Protocol: 85A70C5E64F896E0F1A60BF405B4EB07. Config: Debug X86. Built: 16:28:54 Apr 30 2018. AppID: 8001. UID: 10103. PID: 10456 ----
    INFO    cellapp-1 10103 8001  [2018-07-30 16:54:52 959] - Server : Intel(R) Core(TM) i7-6700HQ CPU @ 2.60GHz with 2097151kB RAM
    INFO    cellapp-1 10103 8001  [2018-07-30 16:54:52 959] - ThreadPool::createThreadPool: creating  threadpool...
    INFO    cellapp-1 10103 8001  [2018-07-30 16:54:52 960] - ThreadPool::createThreadPool: successfully(2), newThreadCount=1, normalMaxThreadCount=2, maxThreadCount=8
   DEBUG    cellapp-1 10103 8001  [2018-07-30 16:54:53 109] - Script::install_py_dlls(): PyInit_pyexpat
   DEBUG    cellapp-1 10103 8001  [2018-07-30 16:54:53 110] - Script::install_py_dlls(): PyInit__socket
   DEBUG    cellapp-1 10103 8001  [2018-07-30 16:54:53 110] - Script::install_py_dlls(): PyInit__ssl
   DEBUG    cellapp-1 10103 8001  [2018-07-30 16:54:53 114] - Script::install_py_dlls(): PyInit__hashlib
   DEBUG    cellapp-1 10103 8001  [2018-07-30 16:54:53 115] - Script::install_py_dlls(): PyInit_select
   DEBUG    cellapp-1 10103 8001  [2018-07-30 16:54:53 115] - Script::install_py_dlls(): PyInit__ctypes
   DEBUG    cellapp-1 10103 8001  [2018-07-30 16:54:53 116] - Script::install_py_dlls(): PyInit__elementtree
   DEBUG    cellapp-1 10103 8001  [2018-07-30 16:54:53 178] - Script::install_py_dlls(): PyInit_unicodedata
    INFO    cellapp-1 10103 8001  [2018-07-30 16:54:53 236] - Script::install(): is successfully, Python=(3.4.2 (default, Apr 30 2018, 16:27:35) [MSC v.1900 32 bit (Intel)])!
    INFO    cellapp-1 10103 8001  [2018-07-30 16:54:53 236] - Script::install(): KBExtra is successfully!
   ERROR    cellapp-1 10103 8001  [2018-07-30 16:54:53 245] - DataTypes::getDataType:not found type AVATAR_INFO.
   ERROR    cellapp-1 10103 8001  [2018-07-30 16:54:53 246] - FixedArrayType::initialize: key[ARRAY] did not find type[AVATAR_INFO]!
   ERROR    cellapp-1 10103 8001  [2018-07-30 16:54:53 246] - DataTypes::loadTypes: parse ARRAY [AVATAR_LISTINFO] error!
   ERROR    cellapp-1 10103 8001  [2018-07-30 16:54:53 246] - app::initialize(): initialization failed!
   DEBUG    cellapp-1 10103 8001  [2018-07-30 16:54:53 247] - EntityRef::destroyObjPool(): size 0.
   DEBUG    cellapp-1 10103 8001  [2018-07-30 16:54:53 247] - Witness::destroyObjPool(): size 0.
   DEBUG    cellapp-1 10103 8001  [2018-07-30 16:54:53 248] - Script::uninstall_py_dlls(): PyInit_pyexpat
   DEBUG    cellapp-1 10103 8001  [2018-07-30 16:54:53 248] - Script::uninstall_py_dlls(): PyInit__socket
   DEBUG    cellapp-1 10103 8001  [2018-07-30 16:54:53 248] - Script::uninstall_py_dlls(): PyInit__ssl
   DEBUG    cellapp-1 10103 8001  [2018-07-30 16:54:53 248] - Script::uninstall_py_dlls(): PyInit__hashlib
   DEBUG    cellapp-1 10103 8001  [2018-07-30 16:54:53 248] - Script::uninstall_py_dlls(): PyInit_select
   DEBUG    cellapp-1 10103 8001  [2018-07-30 16:54:53 248] - Script::uninstall_py_dlls(): PyInit__ctypes
   DEBUG    cellapp-1 10103 8001  [2018-07-30 16:54:53 249] - Script::uninstall_py_dlls(): PyInit__elementtree
   DEBUG    cellapp-1 10103 8001  [2018-07-30 16:54:53 249] - Script::uninstall_py_dlls(): PyInit_unicodedata
    INFO    cellapp-1 10103 8001  [2018-07-30 16:54:53 263] - Script::uninstall(): is successfully!
   DEBUG    cellapp-1 10103 8001  [2018-07-30 16:54:53 263] - ThreadPool::destroy(): starting size 2.
 WARNING    cellapp-1 10103 8001  [2018-07-30 16:54:53 564] - ThreadPool::destroy(): waiting for thread(2)[0x2af2198,0x2af1f90,], try=1
   DEBUG    cellapp-1 10103 8001  [2018-07-30 16:54:53 966] - TPThread::~TPThread(): 0x2af2198
   DEBUG    cellapp-1 10103 8001  [2018-07-30 16:54:53 966] - TPThread::~TPThread(): 0x2af1f90
   DEBUG    cellapp-1 10103 8001  [2018-07-30 16:54:53 966] - ThreadPool::destroy(): successfully!
   DEBUG    cellapp-1 10103 8001  [2018-07-30 16:54:53 966] - Bundle::destroyObjPool(): size 14.
   DEBUG    cellapp-1 10103 8001  [2018-07-30 16:54:53 967] - Channel::destroyObjPool(): size 15.
   DEBUG    cellapp-1 10103 8001  [2018-07-30 16:54:53 967] - TCPPacket::destroyObjPool(): size 0.
   DEBUG    cellapp-1 10103 8001  [2018-07-30 16:54:53 967] - UDPPacket::destroyObjPool(): size 14.
   DEBUG    cellapp-1 10103 8001  [2018-07-30 16:54:53 967] - EndPoint::destroyObjPool(): size 15.
   DEBUG    cellapp-1 10103 8001  [2018-07-30 16:54:53 967] - Address::destroyObjPool(): size 0.
   DEBUG    cellapp-1 10103 8001  [2018-07-30 16:54:53 967] - TCPPacketReceiver::destroyObjPool(): size 0.
   DEBUG    cellapp-1 10103 8001  [2018-07-30 16:54:53 967] - UDPPacketReceiver::destroyObjPool(): size 0.
    INFO    cellapp-1 10103 8001  [2018-07-30 16:55:35 876] - -----------------------------------------------------------------------------------------


    INFO    cellapp-1 10103 8001  [2018-07-30 16:55:35 878] - Resmgr::initialize: KBE_ROOT=D:/kbengine/
    INFO    cellapp-1 10103 8001  [2018-07-30 16:55:35 879] - Resmgr::initialize: KBE_RES_PATH=D:/kbengine/kbe/res/;D:/kbengine/assets_Battle of Gods/;D:/kbengine/assets_Battle of Gods/scripts/;D:/kbengine/assets_Battle of Gods/res/
    INFO    cellapp-1 10103 8001  [2018-07-30 16:55:35 879] - Resmgr::initialize: KBE_BIN_PATH=D:/kbengine/kbe/bin/server/
    INFO    cellapp-1 10103 8001  [2018-07-30 16:55:35 896] - NetworkInterface::initialize(INTERNAL): bound to all interfaces with default route interface on 10.139.66.192 ( 10.139.66.192:31964 )
    INFO    cellapp-1 10103 8001  [2018-07-30 16:55:35 896] - NetworkInterface::initialize(INTERNAL): address 10.139.66.192:31964, SOMAXCONN=5.
    INFO    cellapp-1 10103 8001  [2018-07-30 16:55:35 896] - server-configs:
    INFO    cellapp-1 10103 8001  [2018-07-30 16:55:35 897] - 	gameUpdateHertz : 10
    INFO    cellapp-1 10103 8001  [2018-07-30 16:55:35 897] - 	defaultViewRadius : 80
    INFO    cellapp-1 10103 8001  [2018-07-30 16:55:35 897] - 	defaultViewHysteresisArea : 5
    INFO    cellapp-1 10103 8001  [2018-07-30 16:55:35 897] - 	entryScriptFile : kbemain
    INFO    cellapp-1 10103 8001  [2018-07-30 16:55:35 897] - 	internalAddr : 10.139.66.192:31964
    INFO    cellapp-1 10103 8001  [2018-07-30 16:55:35 898] - 	componentID : 8001
    INFO    cellapp-1 10103 8001  [2018-07-30 16:55:36 019] - Components::findLogger: found logger, addr:10.139.66.192:31956
    INFO    cellapp-1 10103 8001  [2018-07-30 16:55:36 019] - Components::addComponent: reset orderLog, uid=10103!
    INFO    cellapp-1 10103 8001  [2018-07-30 16:55:36 019] - Components::addComponent[logger], uid=10103, componentID=2000, globalorderid=1, grouporderid=1, totalcount=1
    INFO    cellapp-1 10103 8001  [2018-07-30 16:55:36 039] - ---- cellapp Version: 2.0.0. ScriptVersion: 0.1.0. Protocol: 85A70C5E64F896E0F1A60BF405B4EB07. Config: Debug X86. Built: 16:28:54 Apr 30 2018. AppID: 8001. UID: 10103. PID: 13624 ----
    INFO    cellapp-1 10103 8001  [2018-07-30 16:55:36 040] - Server : Intel(R) Core(TM) i7-6700HQ CPU @ 2.60GHz with 2097151kB RAM
    INFO    cellapp-1 10103 8001  [2018-07-30 16:55:36 040] - ThreadPool::createThreadPool: creating  threadpool...
    INFO    cellapp-1 10103 8001  [2018-07-30 16:55:36 040] - ThreadPool::createThreadPool: successfully(2), newThreadCount=1, normalMaxThreadCount=2, maxThreadCount=8
   DEBUG    cellapp-1 10103 8001  [2018-07-30 16:55:36 196] - Script::install_py_dlls(): PyInit_pyexpat
   DEBUG    cellapp-1 10103 8001  [2018-07-30 16:55:36 197] - Script::install_py_dlls(): PyInit__socket
   DEBUG    cellapp-1 10103 8001  [2018-07-30 16:55:36 197] - Script::install_py_dlls(): PyInit__ssl
   DEBUG    cellapp-1 10103 8001  [2018-07-30 16:55:36 203] - Script::install_py_dlls(): PyInit__hashlib
   DEBUG    cellapp-1 10103 8001  [2018-07-30 16:55:36 203] - Script::install_py_dlls(): PyInit_select
   DEBUG    cellapp-1 10103 8001  [2018-07-30 16:55:36 204] - Script::install_py_dlls(): PyInit__ctypes
   DEBUG    cellapp-1 10103 8001  [2018-07-30 16:55:36 204] - Script::install_py_dlls(): PyInit__elementtree
   DEBUG    cellapp-1 10103 8001  [2018-07-30 16:55:36 265] - Script::install_py_dlls(): PyInit_unicodedata
    INFO    cellapp-1 10103 8001  [2018-07-30 16:55:36 318] - Script::install(): is successfully, Python=(3.4.2 (default, Apr 30 2018, 16:27:35) [MSC v.1900 32 bit (Intel)])!
    INFO    cellapp-1 10103 8001  [2018-07-30 16:55:36 318] - Script::install(): KBExtra is successfully!
    INFO    cellapp-1 10103 8001  [2018-07-30 16:55:36 360] - TelnetServer server is running on port 50000
    INFO    cellapp-1 10103 8001  [2018-07-30 16:55:36 994] - ---- cellapp is running ----
   DEBUG    cellapp-1 10103 8001  [2018-07-30 16:55:36 994] - Components::process(): Request for the process of identity...
 WARNING    cellapp-1 10103 8001  [2018-07-30 16:55:43 293] - EntityApp::checkTickPeriod: tick took 6299% (6.30 seconds)!
    INFO    cellapp-1 10103 8001  [2018-07-30 16:55:44 380] - Components::findComponents: find dbmgr(1)...
 WARNING    cellapp-1 10103 8001  [2018-07-30 16:55:45 422] - EntityApp::checkTickPeriod: tick took 1128% (1.13 seconds)!
    INFO    cellapp-1 10103 8001  [2018-07-30 16:55:46 480] - Components::findComponents: find dbmgr(2)...
 WARNING    cellapp-1 10103 8001  [2018-07-30 16:55:47 552] - EntityApp::checkTickPeriod: tick took 1158% (1.16 seconds)!
    INFO    cellapp-1 10103 8001  [2018-07-30 16:55:48 580] - Components::findComponents: find dbmgr(3)...
 WARNING    cellapp-1 10103 8001  [2018-07-30 16:55:49 672] - EntityApp::checkTickPeriod: tick took 1178% (1.18 seconds)!
    INFO    cellapp-1 10103 8001  [2018-07-30 16:55:50 680] - Components::findComponents: find dbmgr(4)...
 WARNING    cellapp-1 10103 8001  [2018-07-30 16:55:51 692] - EntityApp::checkTickPeriod: tick took 1098% (1.10 seconds)!
    INFO    cellapp-1 10103 8001  [2018-07-30 16:55:52 694] - Components::findComponents: find dbmgr(5)...
 WARNING    cellapp-1 10103 8001  [2018-07-30 16:55:53 714] - EntityApp::checkTickPeriod: tick took 1119% (1.12 seconds)!
    INFO    cellapp-1 10103 8001  [2018-07-30 16:55:54 779] - Components::findComponents: find dbmgr(6)...
 WARNING    cellapp-1 10103 8001  [2018-07-30 16:55:55 833] - EntityApp::checkTickPeriod: tick took 1138% (1.14 seconds)!
    INFO    cellapp-1 10103 8001  [2018-07-30 16:55:56 880] - Components::findComponents: find dbmgr(7)...
 WARNING    cellapp-1 10103 8001  [2018-07-30 16:55:57 958] - EntityApp::checkTickPeriod: tick took 1163% (1.16 seconds)!
    INFO    cellapp-1 10103 8001  [2018-07-30 16:56:01 793] - -----------------------------------------------------------------------------------------


    INFO    cellapp-1 10103 8001  [2018-07-30 16:56:01 794] - Resmgr::initialize: KBE_ROOT=D:/kbengine/
    INFO    cellapp-1 10103 8001  [2018-07-30 16:56:01 794] - Resmgr::initialize: KBE_RES_PATH=D:/kbengine/kbe/res/;D:/kbengine/assets_Battle of Gods/;D:/kbengine/assets_Battle of Gods/scripts/;D:/kbengine/assets_Battle of Gods/res/
    INFO    cellapp-1 10103 8001  [2018-07-30 16:56:01 795] - Resmgr::initialize: KBE_BIN_PATH=D:/kbengine/kbe/bin/server/
    INFO    cellapp-1 10103 8001  [2018-07-30 16:56:01 811] - NetworkInterface::initialize(INTERNAL): bound to all interfaces with default route interface on 10.139.66.192 ( 10.139.66.192:32068 )
    INFO    cellapp-1 10103 8001  [2018-07-30 16:56:01 811] - NetworkInterface::initialize(INTERNAL): address 10.139.66.192:32068, SOMAXCONN=5.
    INFO    cellapp-1 10103 8001  [2018-07-30 16:56:01 811] - server-configs:
    INFO    cellapp-1 10103 8001  [2018-07-30 16:56:01 811] - 	gameUpdateHertz : 10
    INFO    cellapp-1 10103 8001  [2018-07-30 16:56:01 812] - 	defaultViewRadius : 80
    INFO    cellapp-1 10103 8001  [2018-07-30 16:56:01 812] - 	defaultViewHysteresisArea : 5
    INFO    cellapp-1 10103 8001  [2018-07-30 16:56:01 812] - 	entryScriptFile : kbemain
    INFO    cellapp-1 10103 8001  [2018-07-30 16:56:01 812] - 	internalAddr : 10.139.66.192:32068
    INFO    cellapp-1 10103 8001  [2018-07-30 16:56:01 812] - 	componentID : 8001
    INFO    cellapp-1 10103 8001  [2018-07-30 16:56:01 993] - Components::findLogger: found logger, addr:10.139.66.192:32060
    INFO    cellapp-1 10103 8001  [2018-07-30 16:56:01 993] - Components::addComponent: reset orderLog, uid=10103!
    INFO    cellapp-1 10103 8001  [2018-07-30 16:56:01 993] - Components::addComponent[logger], uid=10103, componentID=2000, globalorderid=1, grouporderid=1, totalcount=1
    INFO    cellapp-1 10103 8001  [2018-07-30 16:56:02 024] - ---- cellapp Version: 2.0.0. ScriptVersion: 0.1.0. Protocol: 85A70C5E64F896E0F1A60BF405B4EB07. Config: Debug X86. Built: 16:28:54 Apr 30 2018. AppID: 8001. UID: 10103. PID: 548 ----
    INFO    cellapp-1 10103 8001  [2018-07-30 16:56:02 026] - Server : Intel(R) Core(TM) i7-6700HQ CPU @ 2.60GHz with 2097151kB RAM
    INFO    cellapp-1 10103 8001  [2018-07-30 16:56:02 027] - ThreadPool::createThreadPool: creating  threadpool...
    INFO    cellapp-1 10103 8001  [2018-07-30 16:56:02 028] - ThreadPool::createThreadPool: successfully(2), newThreadCount=1, normalMaxThreadCount=2, maxThreadCount=8
   DEBUG    cellapp-1 10103 8001  [2018-07-30 16:56:02 178] - Script::install_py_dlls(): PyInit_pyexpat
   DEBUG    cellapp-1 10103 8001  [2018-07-30 16:56:02 179] - Script::install_py_dlls(): PyInit__socket
   DEBUG    cellapp-1 10103 8001  [2018-07-30 16:56:02 179] - Script::install_py_dlls(): PyInit__ssl
   DEBUG    cellapp-1 10103 8001  [2018-07-30 16:56:02 185] - Script::install_py_dlls(): PyInit__hashlib
   DEBUG    cellapp-1 10103 8001  [2018-07-30 16:56:02 186] - Script::install_py_dlls(): PyInit_select
   DEBUG    cellapp-1 10103 8001  [2018-07-30 16:56:02 186] - Script::install_py_dlls(): PyInit__ctypes
   DEBUG    cellapp-1 10103 8001  [2018-07-30 16:56:02 187] - Script::install_py_dlls(): PyInit__elementtree
   DEBUG    cellapp-1 10103 8001  [2018-07-30 16:56:02 248] - Script::install_py_dlls(): PyInit_unicodedata
    INFO    cellapp-1 10103 8001  [2018-07-30 16:56:02 310] - Script::install(): is successfully, Python=(3.4.2 (default, Apr 30 2018, 16:27:35) [MSC v.1900 32 bit (Intel)])!
    INFO    cellapp-1 10103 8001  [2018-07-30 16:56:02 310] - Script::install(): KBExtra is successfully!
    INFO    cellapp-1 10103 8001  [2018-07-30 16:56:02 357] - TelnetServer server is running on port 50000
    INFO    cellapp-1 10103 8001  [2018-07-30 16:56:03 010] - ---- cellapp is running ----
   DEBUG    cellapp-1 10103 8001  [2018-07-30 16:56:03 011] - Components::process(): Request for the process of identity...
 WARNING    cellapp-1 10103 8001  [2018-07-30 16:56:06 619] - BundleBroadcast::BundleBroadcast: Cannot bind to port 20036, errorno=10048
 WARNING    cellapp-1 10103 8001  [2018-07-30 16:56:09 743] - EntityApp::checkTickPeriod: tick took 6732% (6.73 seconds)!
    INFO    cellapp-1 10103 8001  [2018-07-30 16:56:10 810] - Components::findComponents: find dbmgr(1)...
 WARNING    cellapp-1 10103 8001  [2018-07-30 16:56:11 819] - EntityApp::checkTickPeriod: tick took 1108% (1.11 seconds)!
    INFO    cellapp-1 10103 8001  [2018-07-30 16:56:12 895] - Components::findComponents: find dbmgr(2)...
 WARNING    cellapp-1 10103 8001  [2018-07-30 16:56:13 942] - EntityApp::checkTickPeriod: tick took 1131% (1.13 seconds)!
    INFO    cellapp-1 10103 8001  [2018-07-30 16:56:14 995] - Components::findComponents: find dbmgr(3)...
 WARNING    cellapp-1 10103 8001  [2018-07-30 16:56:16 069] - EntityApp::checkTickPeriod: tick took 1159% (1.16 seconds)!
    INFO    cellapp-1 10103 8001  [2018-07-30 16:56:17 095] - Components::findComponents: find dbmgr(4)...
 WARNING    cellapp-1 10103 8001  [2018-07-30 16:56:18 108] - EntityApp::checkTickPeriod: tick took 1092% (1.09 seconds)!
    INFO    cellapp-1 10103 8001  [2018-07-30 16:56:19 110] - Components::findComponents: find dbmgr(5)...
 WARNING    cellapp-1 10103 8001  [2018-07-30 16:56:20 129] - EntityApp::checkTickPeriod: tick took 1118% (1.12 seconds)!
    INFO    cellapp-1 10103 8001  [2018-07-30 16:56:21 196] - Components::findComponents: find dbmgr(6)...
 WARNING    cellapp-1 10103 8001  [2018-07-30 16:56:22 256] - EntityApp::checkTickPeriod: tick took 1145% (1.14 seconds)!
    INFO    cellapp-1 10103 8001  [2018-07-30 16:56:23 295] - Components::findComponents: find dbmgr(7)...
 WARNING    cellapp-1 10103 8001  [2018-07-30 16:56:24 381] - EntityApp::checkTickPeriod: tick took 1170% (1.17 seconds)!
    INFO    cellapp-1 10103 8001  [2018-07-30 16:56:25 396] - Components::findComponents: find dbmgr(8)...
 WARNING    cellapp-1 10103 8001  [2018-07-30 16:56:25 728] - BundleBroadcast::BundleBroadcast: Cannot bind to port 20902, errorno=10048
 WARNING    cellapp-1 10103 8001  [2018-07-30 16:56:25 729] - EntityApp::checkTickPeriod: tick took 418% (0.42 seconds)!
    INFO    cellapp-1 10103 8001  [2018-07-30 16:56:26 796] - Components::findComponents: find dbmgr(9)...
 WARNING    cellapp-1 10103 8001  [2018-07-30 16:56:27 822] - EntityApp::checkTickPeriod: tick took 1112% (1.11 seconds)!
    INFO    cellapp-1 10103 8001  [2018-07-30 16:56:28 896] - Components::findComponents: find dbmgr(10)...
 WARNING    cellapp-1 10103 8001  [2018-07-30 16:56:29 946] - EntityApp::checkTickPeriod: tick took 1136% (1.14 seconds)!
    INFO    cellapp-1 10103 8001  [2018-07-30 16:56:30 995] - Components::findComponents: find dbmgr(11)...
 WARNING    cellapp-1 10103 8001  [2018-07-30 16:56:32 069] - EntityApp::checkTickPeriod: tick took 1158% (1.16 seconds)!
    INFO    cellapp-1 10103 8001  [2018-07-30 16:56:33 096] - Components::findComponents: find dbmgr(12)...
 WARNING    cellapp-1 10103 8001  [2018-07-30 16:56:34 193] - EntityApp::checkTickPeriod: tick took 1183% (1.18 seconds)!
    INFO    cellapp-1 10103 8001  [2018-07-30 16:56:35 196] - Components::findComponents: find dbmgr(13)...
 WARNING    cellapp-1 10103 8001  [2018-07-30 16:56:36 217] - EntityApp::checkTickPeriod: tick took 1106% (1.11 seconds)!
    INFO    cellapp-1 10103 8001  [2018-07-30 16:56:37 296] - Components::findComponents: find dbmgr(14)...
 WARNING    cellapp-1 10103 8001  [2018-07-30 16:56:38 343] - EntityApp::checkTickPeriod: tick took 1132% (1.13 seconds)!
    INFO    cellapp-1 10103 8001  [2018-07-30 16:56:39 395] - Components::findComponents: find dbmgr(15)...
 WARNING    cellapp-1 10103 8001  [2018-07-30 16:56:40 465] - EntityApp::checkTickPeriod: tick took 1154% (1.15 seconds)!
    INFO    cellapp-1 10103 8001  [2018-07-30 16:56:41 495] - Components::findComponents: find dbmgr(16)...
 WARNING    cellapp-1 10103 8001  [2018-07-30 16:56:42 591] - EntityApp::checkTickPeriod: tick took 1180% (1.18 seconds)!
 WARNING    cellapp-1 10103 8001  [2018-07-30 16:56:43 596] - Components::findComponents: find dbmgr(17)...
delay time is too long, please check the dbmgr logs!
 WARNING    cellapp-1 10103 8001  [2018-07-30 16:56:44 613] - EntityApp::checkTickPeriod: tick took 1103% (1.10 seconds)!
 WARNING    cellapp-1 10103 8001  [2018-07-30 16:56:45 696] - Components::findComponents: find dbmgr(18)...
delay time is too long, please check the dbmgr logs!
 WARNING    cellapp-1 10103 8001  [2018-07-30 16:56:46 737] - EntityApp::checkTickPeriod: tick took 1126% (1.13 seconds)!
 WARNING    cellapp-1 10103 8001  [2018-07-30 16:56:47 795] - Components::findComponents: find dbmgr(19)...
delay time is too long, please check the dbmgr logs!
 WARNING    cellapp-1 10103 8001  [2018-07-30 16:56:48 865] - EntityApp::checkTickPeriod: tick took 1155% (1.15 seconds)!
 WARNING    cellapp-1 10103 8001  [2018-07-30 16:56:49 896] - Components::findComponents: find dbmgr(20)...
delay time is too long, please check the dbmgr logs!
 WARNING    cellapp-1 10103 8001  [2018-07-30 16:56:50 989] - EntityApp::checkTickPeriod: tick took 1178% (1.18 seconds)!
 WARNING    cellapp-1 10103 8001  [2018-07-30 16:56:51 995] - Components::findComponents: find dbmgr(21)...
delay time is too long, please check the dbmgr logs!
 WARNING    cellapp-1 10103 8001  [2018-07-30 16:56:53 012] - EntityApp::checkTickPeriod: tick took 1101% (1.10 seconds)!
 WARNING    cellapp-1 10103 8001  [2018-07-30 16:56:54 095] - Components::findComponents: find dbmgr(22)...
delay time is too long, please check the dbmgr logs!
 WARNING    cellapp-1 10103 8001  [2018-07-30 16:56:55 138] - EntityApp::checkTickPeriod: tick took 1127% (1.13 seconds)!
 WARNING    cellapp-1 10103 8001  [2018-07-30 16:56:56 196] - Components::findComponents: find dbmgr(23)...
delay time is too long, please check the dbmgr logs!
 WARNING    cellapp-1 10103 8001  [2018-07-30 16:56:57 263] - EntityApp::checkTickPeriod: tick took 1153% (1.15 seconds)!
 WARNING    cellapp-1 10103 8001  [2018-07-30 16:56:58 295] - Components::findComponents: find dbmgr(24)...
delay time is too long, please check the dbmgr logs!
 WARNING    cellapp-1 10103 8001  [2018-07-30 16:56:59 389] - EntityApp::checkTickPeriod: tick took 1178% (1.18 seconds)!
 WARNING    cellapp-1 10103 8001  [2018-07-30 16:57:00 395] - Components::findComponents: find dbmgr(25)...
delay time is too long, please check the dbmgr logs!
 WARNING    cellapp-1 10103 8001  [2018-07-30 16:57:01 413] - EntityApp::checkTickPeriod: tick took 1103% (1.10 seconds)!
 WARNING    cellapp-1 10103 8001  [2018-07-30 16:57:02 495] - Components::findComponents: find dbmgr(26)...
delay time is too long, please check the dbmgr logs!
 WARNING    cellapp-1 10103 8001  [2018-07-30 16:57:03 544] - EntityApp::checkTickPeriod: tick took 1134% (1.13 seconds)!
 WARNING    cellapp-1 10103 8001  [2018-07-30 16:57:04 595] - Components::findComponents: find dbmgr(27)...
delay time is too long, please check the dbmgr logs!
 WARNING    cellapp-1 10103 8001  [2018-07-30 16:57:05 672] - EntityApp::checkTickPeriod: tick took 1161% (1.16 seconds)!
 WARNING    cellapp-1 10103 8001  [2018-07-30 16:57:06 695] - Components::findComponents: find dbmgr(28)...
delay time is too long, please check the dbmgr logs!
 WARNING    cellapp-1 10103 8001  [2018-07-30 16:57:07 705] - EntityApp::checkTickPeriod: tick took 1094% (1.09 seconds)!
 WARNING    cellapp-1 10103 8001  [2018-07-30 16:57:08 710] - Components::findComponents: find dbmgr(29)...
delay time is too long, please check the dbmgr logs!
 WARNING    cellapp-1 10103 8001  [2018-07-30 16:57:09 727] - EntityApp::checkTickPeriod: tick took 1116% (1.12 seconds)!
 WARNING    cellapp-1 10103 8001  [2018-07-30 16:57:10 795] - Components::findComponents: find dbmgr(30)...
delay time is too long, please check the dbmgr logs!
 WARNING    cellapp-1 10103 8001  [2018-07-30 16:57:11 856] - EntityApp::checkTickPeriod: tick took 1145% (1.14 seconds)!
 WARNING    cellapp-1 10103 8001  [2018-07-30 16:57:12 896] - Components::findComponents: find dbmgr(31)...
delay time is too long, please check the dbmgr logs!
 WARNING    cellapp-1 10103 8001  [2018-07-30 16:57:13 986] - EntityApp::checkTickPeriod: tick took 1176% (1.18 seconds)!
 WARNING    cellapp-1 10103 8001  [2018-07-30 16:57:14 995] - Components::findComponents: find dbmgr(32)...
delay time is too long, please check the dbmgr logs!
 WARNING    cellapp-1 10103 8001  [2018-07-30 16:57:16 015] - EntityApp::checkTickPeriod: tick took 1105% (1.11 seconds)!
 WARNING    cellapp-1 10103 8001  [2018-07-30 16:57:17 095] - Components::findComponents: find dbmgr(33)...
delay time is too long, please check the dbmgr logs!
 WARNING    cellapp-1 10103 8001  [2018-07-30 16:57:18 142] - EntityApp::checkTickPeriod: tick took 1132% (1.13 seconds)!
 WARNING    cellapp-1 10103 8001  [2018-07-30 16:57:19 196] - Components::findComponents: find dbmgr(34)...
delay time is too long, please check the dbmgr logs!
 WARNING    cellapp-1 10103 8001  [2018-07-30 16:57:20 269] - EntityApp::checkTickPeriod: tick took 1159% (1.16 seconds)!
 WARNING    cellapp-1 10103 8001  [2018-07-30 16:57:21 295] - Components::findComponents: find dbmgr(35)...
delay time is too long, please check the dbmgr logs!
 WARNING    cellapp-1 10103 8001  [2018-07-30 16:57:22 403] - EntityApp::checkTickPeriod: tick took 1192% (1.19 seconds)!
 WARNING    cellapp-1 10103 8001  [2018-07-30 16:57:23 410] - Components::findComponents: find dbmgr(36)...
delay time is too long, please check the dbmgr logs!
 WARNING    cellapp-1 10103 8001  [2018-07-30 16:57:24 428] - EntityApp::checkTickPeriod: tick took 1118% (1.12 seconds)!
 WARNING    cellapp-1 10103 8001  [2018-07-30 16:57:25 496] - Components::findComponents: find dbmgr(37)...
delay time is too long, please check the dbmgr logs!
 WARNING    cellapp-1 10103 8001  [2018-07-30 16:57:26 554] - EntityApp::checkTickPeriod: tick took 1144% (1.14 seconds)!
 WARNING    cellapp-1 10103 8001  [2018-07-30 16:57:27 595] - Components::findComponents: find dbmgr(38)...
delay time is too long, please check the dbmgr logs!
 WARNING    cellapp-1 10103 8001  [2018-07-30 16:57:28 684] - EntityApp::checkTickPeriod: tick took 1173% (1.17 seconds)!
 WARNING    cellapp-1 10103 8001  [2018-07-30 16:57:29 695] - Components::findComponents: find dbmgr(39)...
delay time is too long, please check the dbmgr logs!
 WARNING    cellapp-1 10103 8001  [2018-07-30 16:57:30 709] - EntityApp::checkTickPeriod: tick took 1099% (1.10 seconds)!
 WARNING    cellapp-1 10103 8001  [2018-07-30 16:57:31 710] - Components::findComponents: find dbmgr(40)...
delay time is too long, please check the dbmgr logs!
 WARNING    cellapp-1 10103 8001  [2018-07-30 16:57:32 737] - EntityApp::checkTickPeriod: tick took 1127% (1.13 seconds)!
 WARNING    cellapp-1 10103 8001  [2018-07-30 16:57:33 795] - Components::findComponents: find dbmgr(41)...
delay time is too long, please check the dbmgr logs!
 WARNING    cellapp-1 10103 8001  [2018-07-30 16:57:34 868] - EntityApp::checkTickPeriod: tick took 1158% (1.16 seconds)!
 WARNING    cellapp-1 10103 8001  [2018-07-30 16:57:35 895] - Components::findComponents: find dbmgr(42)...
delay time is too long, please check the dbmgr logs!
 WARNING    cellapp-1 10103 8001  [2018-07-30 16:57:36 995] - EntityApp::checkTickPeriod: tick took 1185% (1.18 seconds)!
 WARNING    cellapp-1 10103 8001  [2018-07-30 16:57:37 995] - Components::findComponents: find dbmgr(43)...
delay time is too long, please check the dbmgr logs!
 WARNING    cellapp-1 10103 8001  [2018-07-30 16:57:39 021] - EntityApp::checkTickPeriod: tick took 1110% (1.11 seconds)!
 WARNING    cellapp-1 10103 8001  [2018-07-30 16:57:40 095] - Components::findComponents: find dbmgr(44)...
delay time is too long, please check the dbmgr logs!
 WARNING    cellapp-1 10103 8001  [2018-07-30 16:57:41 149] - EntityApp::checkTickPeriod: tick took 1138% (1.14 seconds)!
 WARNING    cellapp-1 10103 8001  [2018-07-30 16:57:42 196] - Components::findComponents: find dbmgr(45)...
delay time is too long, please check the dbmgr logs!
 WARNING    cellapp-1 10103 8001  [2018-07-30 16:57:43 280] - EntityApp::checkTickPeriod: tick took 1170% (1.17 seconds)!
 WARNING    cellapp-1 10103 8001  [2018-07-30 16:57:44 296] - Components::findComponents: find dbmgr(46)...
delay time is too long, please check the dbmgr logs!
 WARNING    cellapp-1 10103 8001  [2018-07-30 16:57:45 310] - EntityApp::checkTickPeriod: tick took 1100% (1.10 seconds)!
 WARNING    cellapp-1 10103 8001  [2018-07-30 16:57:46 395] - Components::findComponents: find dbmgr(47)...
delay time is too long, please check the dbmgr logs!
 WARNING    cellapp-1 10103 8001  [2018-07-30 16:57:47 440] - EntityApp::checkTickPeriod: tick took 1130% (1.13 seconds)!
 WARNING    cellapp-1 10103 8001  [2018-07-30 16:57:48 495] - Components::findComponents: find dbmgr(48)...
delay time is too long, please check the dbmgr logs!
 WARNING    cellapp-1 10103 8001  [2018-07-30 16:57:49 571] - EntityApp::checkTickPeriod: tick took 1161% (1.16 seconds)!
 WARNING    cellapp-1 10103 8001  [2018-07-30 16:57:50 595] - Components::findComponents: find dbmgr(49)...
delay time is too long, please check the dbmgr logs!
 WARNING    cellapp-1 10103 8001  [2018-07-30 16:57:51 604] - EntityApp::checkTickPeriod: tick took 1094% (1.09 seconds)!
 WARNING    cellapp-1 10103 8001  [2018-07-30 16:57:52 610] - Components::findComponents: find dbmgr(50)...
delay time is too long, please check the dbmgr logs!
 WARNING    cellapp-1 10103 8001  [2018-07-30 16:57:53 633] - EntityApp::checkTickPeriod: tick took 1122% (1.12 seconds)!
 WARNING    cellapp-1 10103 8001  [2018-07-30 16:57:54 695] - Components::findComponents: find dbmgr(51)...
delay time is too long, please check the dbmgr logs!
 WARNING    cellapp-1 10103 8001  [2018-07-30 16:57:55 762] - EntityApp::checkTickPeriod: tick took 1151% (1.15 seconds)!
 WARNING    cellapp-1 10103 8001  [2018-07-30 16:57:56 795] - Components::findComponents: find dbmgr(52)...
delay time is too long, please check the dbmgr logs!
 WARNING    cellapp-1 10103 8001  [2018-07-30 16:57:57 891] - EntityApp::checkTickPeriod: tick took 1181% (1.18 seconds)!
 WARNING    cellapp-1 10103 8001  [2018-07-30 16:57:58 895] - Components::findComponents: find dbmgr(53)...
delay time is too long, please check the dbmgr logs!
 WARNING    cellapp-1 10103 8001  [2018-07-30 16:57:59 918] - EntityApp::checkTickPeriod: tick took 1107% (1.11 seconds)!
 WARNING    cellapp-1 10103 8001  [2018-07-30 16:58:00 995] - Components::findComponents: find dbmgr(54)...
delay time is too long, please check the dbmgr logs!
 WARNING    cellapp-1 10103 8001  [2018-07-30 16:58:02 044] - EntityApp::checkTickPeriod: tick took 1134% (1.13 seconds)!
 WARNING    cellapp-1 10103 8001  [2018-07-30 16:58:03 095] - Components::findComponents: find dbmgr(55)...
delay time is too long, please check the dbmgr logs!
 WARNING    cellapp-1 10103 8001  [2018-07-30 16:58:04 174] - EntityApp::checkTickPeriod: tick took 1163% (1.16 seconds)!
 WARNING    cellapp-1 10103 8001  [2018-07-30 16:58:05 195] - Components::findComponents: find dbmgr(56)...
delay time is too long, please check the dbmgr logs!
 WARNING    cellapp-1 10103 8001  [2018-07-30 16:58:06 203] - EntityApp::checkTickPeriod: tick took 1093% (1.09 seconds)!
 WARNING    cellapp-1 10103 8001  [2018-07-30 16:58:07 210] - Components::findComponents: find dbmgr(57)...
delay time is too long, please check the dbmgr logs!
 WARNING    cellapp-1 10103 8001  [2018-07-30 16:58:08 232] - EntityApp::checkTickPeriod: tick took 1121% (1.12 seconds)!
 WARNING    cellapp-1 10103 8001  [2018-07-30 16:58:09 295] - Components::findComponents: find dbmgr(58)...
delay time is too long, please check the dbmgr logs!
 WARNING    cellapp-1 10103 8001  [2018-07-30 16:58:10 359] - EntityApp::checkTickPeriod: tick took 1149% (1.15 seconds)!
 WARNING    cellapp-1 10103 8001  [2018-07-30 16:58:11 395] - Components::findComponents: find dbmgr(59)...
delay time is too long, please check the dbmgr logs!
 WARNING    cellapp-1 10103 8001  [2018-07-30 16:58:12 487] - EntityApp::checkTickPeriod: tick took 1178% (1.18 seconds)!
 WARNING    cellapp-1 10103 8001  [2018-07-30 16:58:13 495] - Components::findComponents: find dbmgr(60)...
delay time is too long, please check the dbmgr logs!
 WARNING    cellapp-1 10103 8001  [2018-07-30 16:58:14 516] - EntityApp::checkTickPeriod: tick took 1106% (1.11 seconds)!
 WARNING    cellapp-1 10103 8001  [2018-07-30 16:58:15 596] - Components::findComponents: find dbmgr(61)...
delay time is too long, please check the dbmgr logs!
 WARNING    cellapp-1 10103 8001  [2018-07-30 16:58:16 642] - EntityApp::checkTickPeriod: tick took 1132% (1.13 seconds)!
 WARNING    cellapp-1 10103 8001  [2018-07-30 16:58:17 695] - Components::findComponents: find dbmgr(62)...
delay time is too long, please check the dbmgr logs!
 WARNING    cellapp-1 10103 8001  [2018-07-30 16:58:18 769] - EntityApp::checkTickPeriod: tick took 1158% (1.16 seconds)!
 WARNING    cellapp-1 10103 8001  [2018-07-30 16:58:19 795] - Components::findComponents: find dbmgr(63)...
delay time is too long, please check the dbmgr logs!
 WARNING    cellapp-1 10103 8001  [2018-07-30 16:58:20 898] - EntityApp::checkTickPeriod: tick took 1188% (1.19 seconds)!
 WARNING    cellapp-1 10103 8001  [2018-07-30 16:58:21 910] - Components::findComponents: find dbmgr(64)...
delay time is too long, please check the dbmgr logs!
 WARNING    cellapp-1 10103 8001  [2018-07-30 16:58:22 924] - EntityApp::checkTickPeriod: tick took 1114% (1.11 seconds)!
 WARNING    cellapp-1 10103 8001  [2018-07-30 16:58:23 995] - Components::findComponents: find dbmgr(65)...
delay time is too long, please check the dbmgr logs!
 WARNING    cellapp-1 10103 8001  [2018-07-30 16:58:25 057] - EntityApp::checkTickPeriod: tick took 1147% (1.15 seconds)!
 WARNING    cellapp-1 10103 8001  [2018-07-30 16:58:26 094] - Components::findComponents: find dbmgr(66)...
delay time is too long, please check the dbmgr logs!
 WARNING    cellapp-1 10103 8001  [2018-07-30 16:58:27 185] - EntityApp::checkTickPeriod: tick took 1175% (1.17 seconds)!
 WARNING    cellapp-1 10103 8001  [2018-07-30 16:58:28 195] - Components::findComponents: find dbmgr(67)...
delay time is too long, please check the dbmgr logs!
 WARNING    cellapp-1 10103 8001  [2018-07-30 16:58:29 213] - EntityApp::checkTickPeriod: tick took 1103% (1.10 seconds)!
 WARNING    cellapp-1 10103 8001  [2018-07-30 16:58:30 295] - Components::findComponents: find dbmgr(68)...
delay time is too long, please check the dbmgr logs!
 WARNING    cellapp-1 10103 8001  [2018-07-30 16:58:31 342] - EntityApp::checkTickPeriod: tick took 1132% (1.13 seconds)!
 WARNING    cellapp-1 10103 8001  [2018-07-30 16:58:32 395] - Components::findComponents: find dbmgr(69)...
delay time is too long, please check the dbmgr logs!
 WARNING    cellapp-1 10103 8001  [2018-07-30 16:58:33 474] - EntityApp::checkTickPeriod: tick took 1164% (1.16 seconds)!
 WARNING    cellapp-1 10103 8001  [2018-07-30 16:58:34 495] - Components::findComponents: find dbmgr(70)...
delay time is too long, please check the dbmgr logs!
 WARNING    cellapp-1 10103 8001  [2018-07-30 16:58:35 504] - EntityApp::checkTickPeriod: tick took 1094% (1.09 seconds)!
 WARNING    cellapp-1 10103 8001  [2018-07-30 16:58:36 510] - Components::findComponents: find dbmgr(71)...
delay time is too long, please check the dbmgr logs!
 WARNING    cellapp-1 10103 8001  [2018-07-30 16:58:37 533] - EntityApp::checkTickPeriod: tick took 1124% (1.12 seconds)!
 WARNING    cellapp-1 10103 8001  [2018-07-30 16:58:38 595] - Components::findComponents: find dbmgr(72)...
delay time is too long, please check the dbmgr logs!
 WARNING    cellapp-1 10103 8001  [2018-07-30 16:58:39 663] - EntityApp::checkTickPeriod: tick took 1152% (1.15 seconds)!
 WARNING    cellapp-1 10103 8001  [2018-07-30 16:58:40 695] - Components::findComponents: find dbmgr(73)...
delay time is too long, please check the dbmgr logs!
 WARNING    cellapp-1 10103 8001  [2018-07-30 16:58:41 794] - EntityApp::checkTickPeriod: tick took 1184% (1.18 seconds)!
 WARNING    cellapp-1 10103 8001  [2018-07-30 16:58:42 795] - Components::findComponents: find dbmgr(74)...
delay time is too long, please check the dbmgr logs!
 WARNING    cellapp-1 10103 8001  [2018-07-30 16:58:43 821] - EntityApp::checkTickPeriod: tick took 1111% (1.11 seconds)!
 WARNING    cellapp-1 10103 8001  [2018-07-30 16:58:44 895] - Components::findComponents: find dbmgr(75)...
delay time is too long, please check the dbmgr logs!
 WARNING    cellapp-1 10103 8001  [2018-07-30 16:58:45 949] - EntityApp::checkTickPeriod: tick took 1139% (1.14 seconds)!
 WARNING    cellapp-1 10103 8001  [2018-07-30 16:58:46 995] - Components::findComponents: find dbmgr(76)...
delay time is too long, please check the dbmgr logs!
 WARNING    cellapp-1 10103 8001  [2018-07-30 16:58:48 077] - EntityApp::checkTickPeriod: tick took 1168% (1.17 seconds)!
 WARNING    cellapp-1 10103 8001  [2018-07-30 16:58:49 095] - Components::findComponents: find dbmgr(77)...
delay time is too long, please check the dbmgr logs!
 WARNING    cellapp-1 10103 8001  [2018-07-30 16:58:50 111] - EntityApp::checkTickPeriod: tick took 1102% (1.10 seconds)!
 WARNING    cellapp-1 10103 8001  [2018-07-30 16:58:51 195] - Components::findComponents: find dbmgr(78)...
delay time is too long, please check the dbmgr logs!
 WARNING    cellapp-1 10103 8001  [2018-07-30 16:58:52 240] - EntityApp::checkTickPeriod: tick took 1130% (1.13 seconds)!
 WARNING    cellapp-1 10103 8001  [2018-07-30 16:58:53 295] - Components::findComponents: find dbmgr(79)...
delay time is too long, please check the dbmgr logs!
 WARNING    cellapp-1 10103 8001  [2018-07-30 16:58:54 369] - EntityApp::checkTickPeriod: tick took 1159% (1.16 seconds)!
 WARNING    cellapp-1 10103 8001  [2018-07-30 16:58:55 395] - Components::findComponents: find dbmgr(80)...
delay time is too long, please check the dbmgr logs!
 WARNING    cellapp-1 10103 8001  [2018-07-30 16:58:56 502] - EntityApp::checkTickPeriod: tick took 1191% (1.19 seconds)!
 WARNING    cellapp-1 10103 8001  [2018-07-30 16:58:57 509] - Components::findComponents: find dbmgr(81)...
delay time is too long, please check the dbmgr logs!
 WARNING    cellapp-1 10103 8001  [2018-07-30 16:58:58 531] - EntityApp::checkTickPeriod: tick took 1122% (1.12 seconds)!
 WARNING    cellapp-1 10103 8001  [2018-07-30 16:58:59 595] - Components::findComponents: find dbmgr(82)...
delay time is too long, please check the dbmgr logs!
 WARNING    cellapp-1 10103 8001  [2018-07-30 16:59:00 663] - EntityApp::checkTickPeriod: tick took 1153% (1.15 seconds)!
 WARNING    cellapp-1 10103 8001  [2018-07-30 16:59:01 695] - Components::findComponents: find dbmgr(83)...
delay time is too long, please check the dbmgr logs!
 WARNING    cellapp-1 10103 8001  [2018-07-30 16:59:02 796] - EntityApp::checkTickPeriod: tick took 1186% (1.19 seconds)!
 WARNING    cellapp-1 10103 8001  [2018-07-30 16:59:03 810] - Components::findComponents: find dbmgr(84)...
delay time is too long, please check the dbmgr logs!
 WARNING    cellapp-1 10103 8001  [2018-07-30 16:59:04 828] - EntityApp::checkTickPeriod: tick took 1118% (1.12 seconds)!
 WARNING    cellapp-1 10103 8001  [2018-07-30 16:59:05 895] - Components::findComponents: find dbmgr(85)...
delay time is too long, please check the dbmgr logs!
 WARNING    cellapp-1 10103 8001  [2018-07-30 16:59:06 958] - EntityApp::checkTickPeriod: tick took 1148% (1.15 seconds)!
 WARNING    cellapp-1 10103 8001  [2018-07-30 16:59:07 994] - Components::findComponents: find dbmgr(86)...
delay time is too long, please check the dbmgr logs!
 WARNING    cellapp-1 10103 8001  [2018-07-30 16:59:09 088] - EntityApp::checkTickPeriod: tick took 1178% (1.18 seconds)!
 WARNING    cellapp-1 10103 8001  [2018-07-30 16:59:10 095] - Components::findComponents: find dbmgr(87)...
delay time is too long, please check the dbmgr logs!
 WARNING    cellapp-1 10103 8001  [2018-07-30 16:59:11 117] - EntityApp::checkTickPeriod: tick took 1107% (1.11 seconds)!
 WARNING    cellapp-1 10103 8001  [2018-07-30 16:59:12 195] - Components::findComponents: find dbmgr(88)...
delay time is too long, please check the dbmgr logs!
 WARNING    cellapp-1 10103 8001  [2018-07-30 16:59:13 246] - EntityApp::checkTickPeriod: tick took 1136% (1.14 seconds)!
 WARNING    cellapp-1 10103 8001  [2018-07-30 16:59:14 295] - Components::findComponents: find dbmgr(89)...
delay time is too long, please check the dbmgr logs!
 WARNING    cellapp-1 10103 8001  [2018-07-30 16:59:15 376] - EntityApp::checkTickPeriod: tick took 1166% (1.17 seconds)!
 WARNING    cellapp-1 10103 8001  [2018-07-30 16:59:16 394] - Components::findComponents: find dbmgr(90)...
delay time is too long, please check the dbmgr logs!
 WARNING    cellapp-1 10103 8001  [2018-07-30 16:59:17 403] - EntityApp::checkTickPeriod: tick took 1093% (1.09 seconds)!
 WARNING    cellapp-1 10103 8001  [2018-07-30 16:59:18 410] - Components::findComponents: find dbmgr(91)...
delay time is too long, please check the dbmgr logs!
 WARNING    cellapp-1 10103 8001  [2018-07-30 16:59:19 430] - EntityApp::checkTickPeriod: tick took 1121% (1.12 seconds)!
 WARNING    cellapp-1 10103 8001  [2018-07-30 16:59:20 495] - Components::findComponents: find dbmgr(92)...
delay time is too long, please check the dbmgr logs!
 WARNING    cellapp-1 10103 8001  [2018-07-30 16:59:21 563] - EntityApp::checkTickPeriod: tick took 1153% (1.15 seconds)!
 WARNING    cellapp-1 10103 8001  [2018-07-30 16:59:22 594] - Components::findComponents: find dbmgr(93)...
delay time is too long, please check the dbmgr logs!
 WARNING    cellapp-1 10103 8001  [2018-07-30 16:59:23 692] - EntityApp::checkTickPeriod: tick took 1183% (1.18 seconds)!
 WARNING    cellapp-1 10103 8001  [2018-07-30 16:59:24 694] - Components::findComponents: find dbmgr(94)...
delay time is too long, please check the dbmgr logs!
 WARNING    cellapp-1 10103 8001  [2018-07-30 16:59:25 723] - EntityApp::checkTickPeriod: tick took 1113% (1.11 seconds)!
 WARNING    cellapp-1 10103 8001  [2018-07-30 16:59:26 794] - Components::findComponents: find dbmgr(95)...
delay time is too long, please check the dbmgr logs!
 WARNING    cellapp-1 10103 8001  [2018-07-30 16:59:27 854] - EntityApp::checkTickPeriod: tick took 1144% (1.14 seconds)!
 WARNING    cellapp-1 10103 8001  [2018-07-30 16:59:28 895] - Components::findComponents: find dbmgr(96)...
delay time is too long, please check the dbmgr logs!
 WARNING    cellapp-1 10103 8001  [2018-07-30 16:59:29 985] - EntityApp::checkTickPeriod: tick took 1175% (1.17 seconds)!
 WARNING    cellapp-1 10103 8001  [2018-07-30 16:59:30 995] - Components::findComponents: find dbmgr(97)...
delay time is too long, please check the dbmgr logs!
 WARNING    cellapp-1 10103 8001  [2018-07-30 16:59:32 012] - EntityApp::checkTickPeriod: tick took 1102% (1.10 seconds)!
 WARNING    cellapp-1 10103 8001  [2018-07-30 16:59:33 095] - Components::findComponents: find dbmgr(98)...
delay time is too long, please check the dbmgr logs!
 WARNING    cellapp-1 10103 8001  [2018-07-30 16:59:34 144] - EntityApp::checkTickPeriod: tick took 1134% (1.13 seconds)!
 WARNING    cellapp-1 10103 8001  [2018-07-30 16:59:35 195] - Components::findComponents: find dbmgr(99)...
delay time is too long, please check the dbmgr logs!
 WARNING    cellapp-1 10103 8001  [2018-07-30 16:59:36 276] - EntityApp::checkTickPeriod: tick took 1166% (1.17 seconds)!
 WARNING    cellapp-1 10103 8001  [2018-07-30 16:59:37 294] - Components::findComponents: find dbmgr(100)...
delay time is too long, please check the dbmgr logs!
 WARNING    cellapp-1 10103 8001  [2018-07-30 16:59:38 306] - EntityApp::checkTickPeriod: tick took 1096% (1.10 seconds)!
 WARNING    cellapp-1 10103 8001  [2018-07-30 16:59:39 309] - Components::findComponents: find dbmgr(101)...
delay time is too long, please check the dbmgr logs!
 WARNING    cellapp-1 10103 8001  [2018-07-30 16:59:40 335] - EntityApp::checkTickPeriod: tick took 1125% (1.13 seconds)!
 WARNING    cellapp-1 10103 8001  [2018-07-30 16:59:41 395] - Components::findComponents: find dbmgr(102)...
delay time is too long, please check the dbmgr logs!
 WARNING    cellapp-1 10103 8001  [2018-07-30 16:59:42 464] - EntityApp::checkTickPeriod: tick took 1154% (1.15 seconds)!
 WARNING    cellapp-1 10103 8001  [2018-07-30 16:59:43 495] - Components::findComponents: find dbmgr(103)...
delay time is too long, please check the dbmgr logs!
 WARNING    cellapp-1 10103 8001  [2018-07-30 16:59:44 596] - EntityApp::checkTickPeriod: tick took 1186% (1.19 seconds)!
 WARNING    cellapp-1 10103 8001  [2018-07-30 16:59:45 609] - Components::findComponents: find dbmgr(104)...
delay time is too long, please check the dbmgr logs!
 WARNING    cellapp-1 10103 8001  [2018-07-30 16:59:46 625] - EntityApp::checkTickPeriod: tick took 1116% (1.12 seconds)!
 WARNING    cellapp-1 10103 8001  [2018-07-30 16:59:47 694] - Components::findComponents: find dbmgr(105)...
delay time is too long, please check the dbmgr logs!
 WARNING    cellapp-1 10103 8001  [2018-07-30 16:59:48 752] - EntityApp::checkTickPeriod: tick took 1143% (1.14 seconds)!
 WARNING    cellapp-1 10103 8001  [2018-07-30 16:59:49 795] - Components::findComponents: find dbmgr(106)...
delay time is too long, please check the dbmgr logs!
 WARNING    cellapp-1 10103 8001  [2018-07-30 16:59:50 882] - EntityApp::checkTickPeriod: tick took 1172% (1.17 seconds)!
 WARNING    cellapp-1 10103 8001  [2018-07-30 16:59:51 894] - Components::findComponents: find dbmgr(107)...
delay time is too long, please check the dbmgr logs!
 WARNING    cellapp-1 10103 8001  [2018-07-30 16:59:52 912] - EntityApp::checkTickPeriod: tick took 1102% (1.10 seconds)!
 WARNING    cellapp-1 10103 8001  [2018-07-30 16:59:53 995] - Components::findComponents: find dbmgr(108)...
delay time is too long, please check the dbmgr logs!
 WARNING    cellapp-1 10103 8001  [2018-07-30 16:59:55 036] - EntityApp::checkTickPeriod: tick took 1127% (1.13 seconds)!
 WARNING    cellapp-1 10103 8001  [2018-07-30 16:59:56 095] - Components::findComponents: find dbmgr(109)...
delay time is too long, please check the dbmgr logs!
 WARNING    cellapp-1 10103 8001  [2018-07-30 16:59:57 167] - EntityApp::checkTickPeriod: tick took 1158% (1.16 seconds)!
 WARNING    cellapp-1 10103 8001  [2018-07-30 16:59:58 194] - Components::findComponents: find dbmgr(110)...
delay time is too long, please check the dbmgr logs!
 WARNING    cellapp-1 10103 8001  [2018-07-30 16:59:59 206] - EntityApp::checkTickPeriod: tick took 1097% (1.10 seconds)!
 WARNING    cellapp-1 10103 8001  [2018-07-30 17:00:00 209] - Components::findComponents: find dbmgr(111)...
delay time is too long, please check the dbmgr logs!
 WARNING    cellapp-1 10103 8001  [2018-07-30 17:00:01 226] - EntityApp::checkTickPeriod: tick took 1116% (1.12 seconds)!
 WARNING    cellapp-1 10103 8001  [2018-07-30 17:00:02 294] - Components::findComponents: find dbmgr(112)...
delay time is too long, please check the dbmgr logs!
 WARNING    cellapp-1 10103 8001  [2018-07-30 17:00:03 356] - EntityApp::checkTickPeriod: tick took 1146% (1.15 seconds)!
 WARNING    cellapp-1 10103 8001  [2018-07-30 17:00:04 395] - Components::findComponents: find dbmgr(113)...
delay time is too long, please check the dbmgr logs!
 WARNING    cellapp-1 10103 8001  [2018-07-30 17:00:05 490] - EntityApp::checkTickPeriod: tick took 1180% (1.18 seconds)!
 WARNING    cellapp-1 10103 8001  [2018-07-30 17:00:06 494] - Components::findComponents: find dbmgr(114)...
delay time is too long, please check the dbmgr logs!
 WARNING    cellapp-1 10103 8001  [2018-07-30 17:00:07 519] - EntityApp::checkTickPeriod: tick took 1109% (1.11 seconds)!
 WARNING    cellapp-1 10103 8001  [2018-07-30 17:00:08 595] - Components::findComponents: find dbmgr(115)...
delay time is too long, please check the dbmgr logs!
 WARNING    cellapp-1 10103 8001  [2018-07-30 17:00:09 647] - EntityApp::checkTickPeriod: tick took 1138% (1.14 seconds)!
 WARNING    cellapp-1 10103 8001  [2018-07-30 17:00:10 694] - Components::findComponents: find dbmgr(116)...
delay time is too long, please check the dbmgr logs!
 WARNING    cellapp-1 10103 8001  [2018-07-30 17:00:11 774] - EntityApp::checkTickPeriod: tick took 1164% (1.16 seconds)!
 WARNING    cellapp-1 10103 8001  [2018-07-30 17:00:12 794] - Components::findComponents: find dbmgr(117)...
delay time is too long, please check the dbmgr logs!
 WARNING    cellapp-1 10103 8001  [2018-07-30 17:00:13 804] - EntityApp::checkTickPeriod: tick took 1094% (1.09 seconds)!
 WARNING    cellapp-1 10103 8001  [2018-07-30 17:00:14 809] - Components::findComponents: find dbmgr(118)...
delay time is too long, please check the dbmgr logs!
 WARNING    cellapp-1 10103 8001  [2018-07-30 17:00:15 830] - EntityApp::checkTickPeriod: tick took 1121% (1.12 seconds)!
 WARNING    cellapp-1 10103 8001  [2018-07-30 17:00:16 894] - Components::findComponents: find dbmgr(119)...
delay time is too long, please check the dbmgr logs!
 WARNING    cellapp-1 10103 8001  [2018-07-30 17:00:17 955] - EntityApp::checkTickPeriod: tick took 1145% (1.14 seconds)!
 WARNING    cellapp-1 10103 8001  [2018-07-30 17:00:18 994] - Components::findComponents: find dbmgr(120)...
delay time is too long, please check the dbmgr logs!
 WARNING    cellapp-1 10103 8001  [2018-07-30 17:00:20 084] - EntityApp::checkTickPeriod: tick took 1175% (1.17 seconds)!
 WARNING    cellapp-1 10103 8001  [2018-07-30 17:00:21 095] - Components::findComponents: find dbmgr(121)...
delay time is too long, please check the dbmgr logs!
 WARNING    cellapp-1 10103 8001  [2018-07-30 17:00:22 110] - EntityApp::checkTickPeriod: tick took 1101% (1.10 seconds)!
 WARNING    cellapp-1 10103 8001  [2018-07-30 17:00:23 195] - Components::findComponents: find dbmgr(122)...
delay time is too long, please check the dbmgr logs!
 WARNING    cellapp-1 10103 8001  [2018-07-30 17:00:24 238] - EntityApp::checkTickPeriod: tick took 1129% (1.13 seconds)!
 WARNING    cellapp-1 10103 8001  [2018-07-30 17:00:25 295] - Components::findComponents: find dbmgr(123)...
delay time is too long, please check the dbmgr logs!
 WARNING    cellapp-1 10103 8001  [2018-07-30 17:00:26 367] - EntityApp::checkTickPeriod: tick took 1158% (1.16 seconds)!
 WARNING    cellapp-1 10103 8001  [2018-07-30 17:00:27 395] - Components::findComponents: find dbmgr(124)...
delay time is too long, please check the dbmgr logs!
 WARNING    cellapp-1 10103 8001  [2018-07-30 17:00:28 495] - EntityApp::checkTickPeriod: tick took 1186% (1.19 seconds)!
 WARNING    cellapp-1 10103 8001  [2018-07-30 17:00:29 509] - Components::findComponents: find dbmgr(125)...
delay time is too long, please check the dbmgr logs!
 WARNING    cellapp-1 10103 8001  [2018-07-30 17:00:30 521] - EntityApp::checkTickPeriod: tick took 1112% (1.11 seconds)!
 WARNING    cellapp-1 10103 8001  [2018-07-30 17:00:31 594] - Components::findComponents: find dbmgr(126)...
delay time is too long, please check the dbmgr logs!
 WARNING    cellapp-1 10103 8001  [2018-07-30 17:00:32 649] - EntityApp::checkTickPeriod: tick took 1140% (1.14 seconds)!
 WARNING    cellapp-1 10103 8001  [2018-07-30 17:00:33 694] - Components::findComponents: find dbmgr(127)...
delay time is too long, please check the dbmgr logs!
 WARNING    cellapp-1 10103 8001  [2018-07-30 17:00:34 780] - EntityApp::checkTickPeriod: tick took 1170% (1.17 seconds)!
 WARNING    cellapp-1 10103 8001  [2018-07-30 17:00:35 794] - Components::findComponents: find dbmgr(128)...
delay time is too long, please check the dbmgr logs!
 WARNING    cellapp-1 10103 8001  [2018-07-30 17:00:36 810] - EntityApp::checkTickPeriod: tick took 1100% (1.10 seconds)!
 WARNING    cellapp-1 10103 8001  [2018-07-30 17:00:37 894] - Components::findComponents: find dbmgr(129)...
delay time is too long, please check the dbmgr logs!
 WARNING    cellapp-1 10103 8001  [2018-07-30 17:00:38 938] - EntityApp::checkTickPeriod: tick took 1129% (1.13 seconds)!
 WARNING    cellapp-1 10103 8001  [2018-07-30 17:00:39 994] - Components::findComponents: find dbmgr(130)...
delay time is too long, please check the dbmgr logs!
 WARNING    cellapp-1 10103 8001  [2018-07-30 17:00:41 068] - EntityApp::checkTickPeriod: tick took 1159% (1.16 seconds)!
 WARNING    cellapp-1 10103 8001  [2018-07-30 17:00:42 094] - Components::findComponents: find dbmgr(131)...
delay time is too long, please check the dbmgr logs!
 WARNING    cellapp-1 10103 8001  [2018-07-30 17:00:43 195] - EntityApp::checkTickPeriod: tick took 1186% (1.19 seconds)!
 WARNING    cellapp-1 10103 8001  [2018-07-30 17:00:44 209] - Components::findComponents: find dbmgr(132)...
delay time is too long, please check the dbmgr logs!
 WARNING    cellapp-1 10103 8001  [2018-07-30 17:00:45 222] - EntityApp::checkTickPeriod: tick took 1113% (1.11 seconds)!
 WARNING    cellapp-1 10103 8001  [2018-07-30 17:00:46 294] - Components::findComponents: find dbmgr(133)...
delay time is too long, please check the dbmgr logs!
 WARNING    cellapp-1 10103 8001  [2018-07-30 17:00:47 351] - EntityApp::checkTickPeriod: tick took 1142% (1.14 seconds)!
 WARNING    cellapp-1 10103 8001  [2018-07-30 17:00:48 394] - Components::findComponents: find dbmgr(134)...
delay time is too long, please check the dbmgr logs!
 WARNING    cellapp-1 10103 8001  [2018-07-30 17:00:49 480] - EntityApp::checkTickPeriod: tick took 1170% (1.17 seconds)!
 WARNING    cellapp-1 10103 8001  [2018-07-30 17:00:50 494] - Components::findComponents: find dbmgr(135)...
delay time is too long, please check the dbmgr logs!
 WARNING    cellapp-1 10103 8001  [2018-07-30 17:00:51 508] - EntityApp::checkTickPeriod: tick took 1098% (1.10 seconds)!
 WARNING    cellapp-1 10103 8001  [2018-07-30 17:00:52 508] - Components::findComponents: find dbmgr(136)...
delay time is too long, please check the dbmgr logs!
 WARNING    cellapp-1 10103 8001  [2018-07-30 17:00:53 536] - EntityApp::checkTickPeriod: tick took 1127% (1.13 seconds)!
 WARNING    cellapp-1 10103 8001  [2018-07-30 17:00:54 594] - Components::findComponents: find dbmgr(137)...
delay time is too long, please check the dbmgr logs!
 WARNING    cellapp-1 10103 8001  [2018-07-30 17:00:55 665] - EntityApp::checkTickPeriod: tick took 1155% (1.15 seconds)!
 WARNING    cellapp-1 10103 8001  [2018-07-30 17:00:56 694] - Components::findComponents: find dbmgr(138)...
delay time is too long, please check the dbmgr logs!
 WARNING    cellapp-1 10103 8001  [2018-07-30 17:00:57 796] - EntityApp::checkTickPeriod: tick took 1187% (1.19 seconds)!
 WARNING    cellapp-1 10103 8001  [2018-07-30 17:00:58 809] - Components::findComponents: find dbmgr(139)...
delay time is too long, please check the dbmgr logs!
 WARNING    cellapp-1 10103 8001  [2018-07-30 17:00:59 826] - EntityApp::checkTickPeriod: tick took 1116% (1.12 seconds)!
 WARNING    cellapp-1 10103 8001  [2018-07-30 17:01:00 894] - Components::findComponents: find dbmgr(140)...
delay time is too long, please check the dbmgr logs!
 WARNING    cellapp-1 10103 8001  [2018-07-30 17:01:01 957] - EntityApp::checkTickPeriod: tick took 1147% (1.15 seconds)!
 WARNING    cellapp-1 10103 8001  [2018-07-30 17:01:02 994] - Components::findComponents: find dbmgr(141)...
delay time is too long, please check the dbmgr logs!
 WARNING    cellapp-1 10103 8001  [2018-07-30 17:01:04 088] - EntityApp::checkTickPeriod: tick took 1179% (1.18 seconds)!
 WARNING    cellapp-1 10103 8001  [2018-07-30 17:01:05 094] - Components::findComponents: find dbmgr(142)...
delay time is too long, please check the dbmgr logs!
 WARNING    cellapp-1 10103 8001  [2018-07-30 17:01:06 113] - EntityApp::checkTickPeriod: tick took 1104% (1.10 seconds)!
 WARNING    cellapp-1 10103 8001  [2018-07-30 17:01:07 195] - Components::findComponents: find dbmgr(143)...
delay time is too long, please check the dbmgr logs!
 WARNING    cellapp-1 10103 8001  [2018-07-30 17:01:08 239] - EntityApp::checkTickPeriod: tick took 1130% (1.13 seconds)!
 WARNING    cellapp-1 10103 8001  [2018-07-30 17:01:09 294] - Components::findComponents: find dbmgr(144)...
delay time is too long, please check the dbmgr logs!
 WARNING    cellapp-1 10103 8001  [2018-07-30 17:01:10 365] - EntityApp::checkTickPeriod: tick took 1156% (1.16 seconds)!
 WARNING    cellapp-1 10103 8001  [2018-07-30 17:01:11 394] - Components::findComponents: find dbmgr(145)...
delay time is too long, please check the dbmgr logs!
 WARNING    cellapp-1 10103 8001  [2018-07-30 17:01:12 495] - EntityApp::checkTickPeriod: tick took 1186% (1.19 seconds)!
 WARNING    cellapp-1 10103 8001  [2018-07-30 17:01:13 508] - Components::findComponents: find dbmgr(146)...
delay time is too long, please check the dbmgr logs!
 WARNING    cellapp-1 10103 8001  [2018-07-30 17:01:14 524] - EntityApp::checkTickPeriod: tick took 1115% (1.12 seconds)!
 WARNING    cellapp-1 10103 8001  [2018-07-30 17:01:15 594] - Components::findComponents: find dbmgr(147)...
delay time is too long, please check the dbmgr logs!
 WARNING    cellapp-1 10103 8001  [2018-07-30 17:01:16 652] - EntityApp::checkTickPeriod: tick took 1143% (1.14 seconds)!
 WARNING    cellapp-1 10103 8001  [2018-07-30 17:01:17 694] - Components::findComponents: find dbmgr(148)...
delay time is too long, please check the dbmgr logs!
 WARNING    cellapp-1 10103 8001  [2018-07-30 17:01:18 781] - EntityApp::checkTickPeriod: tick took 1172% (1.17 seconds)!
 WARNING    cellapp-1 10103 8001  [2018-07-30 17:01:19 794] - Components::findComponents: find dbmgr(149)...
delay time is too long, please check the dbmgr logs!
 WARNING    cellapp-1 10103 8001  [2018-07-30 17:01:20 811] - EntityApp::checkTickPeriod: tick took 1102% (1.10 seconds)!
 WARNING    cellapp-1 10103 8001  [2018-07-30 17:01:21 894] - Components::findComponents: find dbmgr(150)...
delay time is too long, please check the dbmgr logs!
 WARNING    cellapp-1 10103 8001  [2018-07-30 17:01:22 939] - EntityApp::checkTickPeriod: tick took 1129% (1.13 seconds)!
 WARNING    cellapp-1 10103 8001  [2018-07-30 17:01:23 994] - Components::findComponents: find dbmgr(151)...
delay time is too long, please check the dbmgr logs!
 WARNING    cellapp-1 10103 8001  [2018-07-30 17:01:25 063] - EntityApp::checkTickPeriod: tick took 1153% (1.15 seconds)!
 WARNING    cellapp-1 10103 8001  [2018-07-30 17:01:26 094] - Components::findComponents: find dbmgr(152)...
delay time is too long, please check the dbmgr logs!
 WARNING    cellapp-1 10103 8001  [2018-07-30 17:01:27 195] - EntityApp::checkTickPeriod: tick took 1186% (1.19 seconds)!
 WARNING    cellapp-1 10103 8001  [2018-07-30 17:01:28 209] - Components::findComponents: find dbmgr(153)...
delay time is too long, please check the dbmgr logs!
 WARNING    cellapp-1 10103 8001  [2018-07-30 17:01:29 222] - EntityApp::checkTickPeriod: tick took 1113% (1.11 seconds)!
 WARNING    cellapp-1 10103 8001  [2018-07-30 17:01:30 294] - Components::findComponents: find dbmgr(154)...
delay time is too long, please check the dbmgr logs!
 WARNING    cellapp-1 10103 8001  [2018-07-30 17:01:31 348] - EntityApp::checkTickPeriod: tick took 1138% (1.14 seconds)!
 WARNING    cellapp-1 10103 8001  [2018-07-30 17:01:32 394] - Components::findComponents: find dbmgr(155)...
delay time is too long, please check the dbmgr logs!
 WARNING    cellapp-1 10103 8001  [2018-07-30 17:01:33 478] - EntityApp::checkTickPeriod: tick took 1168% (1.17 seconds)!
 WARNING    cellapp-1 10103 8001  [2018-07-30 17:01:34 494] - Components::findComponents: find dbmgr(156)...
delay time is too long, please check the dbmgr logs!
 WARNING    cellapp-1 10103 8001  [2018-07-30 17:01:35 504] - EntityApp::checkTickPeriod: tick took 1096% (1.10 seconds)!
 WARNING    cellapp-1 10103 8001  [2018-07-30 17:01:36 509] - Components::findComponents: find dbmgr(157)...
delay time is too long, please check the dbmgr logs!
 WARNING    cellapp-1 10103 8001  [2018-07-30 17:01:37 531] - EntityApp::checkTickPeriod: tick took 1122% (1.12 seconds)!
 WARNING    cellapp-1 10103 8001  [2018-07-30 17:01:38 594] - Components::findComponents: find dbmgr(158)...
delay time is too long, please check the dbmgr logs!
 WARNING    cellapp-1 10103 8001  [2018-07-30 17:01:39 661] - EntityApp::checkTickPeriod: tick took 1152% (1.15 seconds)!
 WARNING    cellapp-1 10103 8001  [2018-07-30 17:01:40 694] - Components::findComponents: find dbmgr(159)...
delay time is too long, please check the dbmgr logs!
 WARNING    cellapp-1 10103 8001  [2018-07-30 17:01:41 787] - EntityApp::checkTickPeriod: tick took 1178% (1.18 seconds)!
 WARNING    cellapp-1 10103 8001  [2018-07-30 17:01:42 794] - Components::findComponents: find dbmgr(160)...
delay time is too long, please check the dbmgr logs!
 WARNING    cellapp-1 10103 8001  [2018-07-30 17:01:43 815] - EntityApp::checkTickPeriod: tick took 1106% (1.11 seconds)!
 WARNING    cellapp-1 10103 8001  [2018-07-30 17:01:44 894] - Components::findComponents: find dbmgr(161)...
delay time is too long, please check the dbmgr logs!
 WARNING    cellapp-1 10103 8001  [2018-07-30 17:01:45 946] - EntityApp::checkTickPeriod: tick took 1137% (1.14 seconds)!
 WARNING    cellapp-1 10103 8001  [2018-07-30 17:01:46 994] - Components::findComponents: find dbmgr(162)...
delay time is too long, please check the dbmgr logs!
 WARNING    cellapp-1 10103 8001  [2018-07-30 17:01:48 073] - EntityApp::checkTickPeriod: tick took 1164% (1.16 seconds)!
 WARNING    cellapp-1 10103 8001  [2018-07-30 17:01:49 093] - Components::findComponents: find dbmgr(163)...
delay time is too long, please check the dbmgr logs!
 WARNING    cellapp-1 10103 8001  [2018-07-30 17:01:50 102] - EntityApp::checkTickPeriod: tick took 1093% (1.09 seconds)!
 WARNING    cellapp-1 10103 8001  [2018-07-30 17:01:51 108] - Components::findComponents: find dbmgr(164)...
delay time is too long, please check the dbmgr logs!
 WARNING    cellapp-1 10103 8001  [2018-07-30 17:01:52 126] - EntityApp::checkTickPeriod: tick took 1117% (1.12 seconds)!
 WARNING    cellapp-1 10103 8001  [2018-07-30 17:01:53 194] - Components::findComponents: find dbmgr(165)...
delay time is too long, please check the dbmgr logs!
 WARNING    cellapp-1 10103 8001  [2018-07-30 17:01:54 257] - EntityApp::checkTickPeriod: tick took 1148% (1.15 seconds)!
 WARNING    cellapp-1 10103 8001  [2018-07-30 17:01:55 294] - Components::findComponents: find dbmgr(166)...
delay time is too long, please check the dbmgr logs!
 WARNING    cellapp-1 10103 8001  [2018-07-30 17:01:56 387] - EntityApp::checkTickPeriod: tick took 1178% (1.18 seconds)!
 WARNING    cellapp-1 10103 8001  [2018-07-30 17:01:57 394] - Components::findComponents: find dbmgr(167)...
delay time is too long, please check the dbmgr logs!
 WARNING    cellapp-1 10103 8001  [2018-07-30 17:01:58 415] - EntityApp::checkTickPeriod: tick took 1107% (1.11 seconds)!
 WARNING    cellapp-1 10103 8001  [2018-07-30 17:01:59 494] - Components::findComponents: find dbmgr(168)...
delay time is too long, please check the dbmgr logs!
 WARNING    cellapp-1 10103 8001  [2018-07-30 17:02:00 547] - EntityApp::checkTickPeriod: tick took 1138% (1.14 seconds)!
 WARNING    cellapp-1 10103 8001  [2018-07-30 17:02:01 594] - Components::findComponents: find dbmgr(169)...
delay time is too long, please check the dbmgr logs!
 WARNING    cellapp-1 10103 8001  [2018-07-30 17:02:02 672] - EntityApp::checkTickPeriod: tick took 1163% (1.16 seconds)!
 WARNING    cellapp-1 10103 8001  [2018-07-30 17:02:03 694] - Components::findComponents: find dbmgr(170)...
delay time is too long, please check the dbmgr logs!
 WARNING    cellapp-1 10103 8001  [2018-07-30 17:02:04 701] - EntityApp::checkTickPeriod: tick took 1092% (1.09 seconds)!
 WARNING    cellapp-1 10103 8001  [2018-07-30 17:02:05 708] - Components::findComponents: find dbmgr(171)...
delay time is too long, please check the dbmgr logs!
 WARNING    cellapp-1 10103 8001  [2018-07-30 17:02:06 724] - EntityApp::checkTickPeriod: tick took 1116% (1.12 seconds)!
 WARNING    cellapp-1 10103 8001  [2018-07-30 17:02:07 793] - Components::findComponents: find dbmgr(172)...
delay time is too long, please check the dbmgr logs!
 WARNING    cellapp-1 10103 8001  [2018-07-30 17:02:08 854] - EntityApp::checkTickPeriod: tick took 1145% (1.14 seconds)!
 WARNING    cellapp-1 10103 8001  [2018-07-30 17:02:09 894] - Components::findComponents: find dbmgr(173)...
delay time is too long, please check the dbmgr logs!
 WARNING    cellapp-1 10103 8001  [2018-07-30 17:02:10 980] - EntityApp::checkTickPeriod: tick took 1170% (1.17 seconds)!
 WARNING    cellapp-1 10103 8001  [2018-07-30 17:02:11 994] - Components::findComponents: find dbmgr(174)...
delay time is too long, please check the dbmgr logs!
 WARNING    cellapp-1 10103 8001  [2018-07-30 17:02:13 007] - EntityApp::checkTickPeriod: tick took 1099% (1.10 seconds)!
 WARNING    cellapp-1 10103 8001  [2018-07-30 17:02:14 008] - Components::findComponents: find dbmgr(175)...
delay time is too long, please check the dbmgr logs!
 WARNING    cellapp-1 10103 8001  [2018-07-30 17:02:15 035] - EntityApp::checkTickPeriod: tick took 1126% (1.13 seconds)!
 WARNING    cellapp-1 10103 8001  [2018-07-30 17:02:16 094] - Components::findComponents: find dbmgr(176)...
delay time is too long, please check the dbmgr logs!
 WARNING    cellapp-1 10103 8001  [2018-07-30 17:02:17 163] - EntityApp::checkTickPeriod: tick took 1154% (1.15 seconds)!
 WARNING    cellapp-1 10103 8001  [2018-07-30 17:02:18 194] - Components::findComponents: find dbmgr(177)...
delay time is too long, please check the dbmgr logs!
 WARNING    cellapp-1 10103 8001  [2018-07-30 17:02:19 291] - EntityApp::checkTickPeriod: tick took 1182% (1.18 seconds)!
 WARNING    cellapp-1 10103 8001  [2018-07-30 17:02:20 293] - Components::findComponents: find dbmgr(178)...
delay time is too long, please check the dbmgr logs!
 WARNING    cellapp-1 10103 8001  [2018-07-30 17:02:21 320] - EntityApp::checkTickPeriod: tick took 1111% (1.11 seconds)!
 WARNING    cellapp-1 10103 8001  [2018-07-30 17:02:22 394] - Components::findComponents: find dbmgr(179)...
delay time is too long, please check the dbmgr logs!
 WARNING    cellapp-1 10103 8001  [2018-07-30 17:02:23 447] - EntityApp::checkTickPeriod: tick took 1139% (1.14 seconds)!
 WARNING    cellapp-1 10103 8001  [2018-07-30 17:02:24 493] - Components::findComponents: find dbmgr(180)...
delay time is too long, please check the dbmgr logs!
 WARNING    cellapp-1 10103 8001  [2018-07-30 17:02:25 577] - EntityApp::checkTickPeriod: tick took 1167% (1.17 seconds)!
 WARNING    cellapp-1 10103 8001  [2018-07-30 17:02:26 593] - Components::findComponents: find dbmgr(181)...
delay time is too long, please check the dbmgr logs!
 WARNING    cellapp-1 10103 8001  [2018-07-30 17:02:27 607] - EntityApp::checkTickPeriod: tick took 1098% (1.10 seconds)!
 WARNING    cellapp-1 10103 8001  [2018-07-30 17:02:28 609] - Components::findComponents: find dbmgr(182)...
delay time is too long, please check the dbmgr logs!
 WARNING    cellapp-1 10103 8001  [2018-07-30 17:02:29 634] - EntityApp::checkTickPeriod: tick took 1126% (1.13 seconds)!
 WARNING    cellapp-1 10103 8001  [2018-07-30 17:02:30 693] - Components::findComponents: find dbmgr(183)...
delay time is too long, please check the dbmgr logs!
 WARNING    cellapp-1 10103 8001  [2018-07-30 17:02:31 763] - EntityApp::checkTickPeriod: tick took 1154% (1.15 seconds)!
 WARNING    cellapp-1 10103 8001  [2018-07-30 17:02:32 794] - Components::findComponents: find dbmgr(184)...
delay time is too long, please check the dbmgr logs!
 WARNING    cellapp-1 10103 8001  [2018-07-30 17:02:33 893] - EntityApp::checkTickPeriod: tick took 1184% (1.18 seconds)!
 WARNING    cellapp-1 10103 8001  [2018-07-30 17:02:34 894] - Components::findComponents: find dbmgr(185)...
delay time is too long, please check the dbmgr logs!
 WARNING    cellapp-1 10103 8001  [2018-07-30 17:02:35 920] - EntityApp::checkTickPeriod: tick took 1111% (1.11 seconds)!
 WARNING    cellapp-1 10103 8001  [2018-07-30 17:02:36 994] - Components::findComponents: find dbmgr(186)...
delay time is too long, please check the dbmgr logs!
 WARNING    cellapp-1 10103 8001  [2018-07-30 17:02:38 048] - EntityApp::checkTickPeriod: tick took 1140% (1.14 seconds)!
 WARNING    cellapp-1 10103 8001  [2018-07-30 17:02:39 094] - Components::findComponents: find dbmgr(187)...
delay time is too long, please check the dbmgr logs!
 WARNING    cellapp-1 10103 8001  [2018-07-30 17:02:40 175] - EntityApp::checkTickPeriod: tick took 1167% (1.17 seconds)!
 WARNING    cellapp-1 10103 8001  [2018-07-30 17:02:41 194] - Components::findComponents: find dbmgr(188)...
delay time is too long, please check the dbmgr logs!
 WARNING    cellapp-1 10103 8001  [2018-07-30 17:02:41 528] - BundleBroadcast::BundleBroadcast: Cannot bind to port 20913, errorno=10048
 WARNING    cellapp-1 10103 8001  [2018-07-30 17:02:41 529] - EntityApp::checkTickPeriod: tick took 420% (0.42 seconds)!
 WARNING    cellapp-1 10103 8001  [2018-07-30 17:02:42 594] - Components::findComponents: find dbmgr(189)...
delay time is too long, please check the dbmgr logs!
 WARNING    cellapp-1 10103 8001  [2018-07-30 17:02:43 624] - EntityApp::checkTickPeriod: tick took 1116% (1.12 seconds)!
 WARNING    cellapp-1 10103 8001  [2018-07-30 17:02:44 693] - Components::findComponents: find dbmgr(190)...
delay time is too long, please check the dbmgr logs!
 WARNING    cellapp-1 10103 8001  [2018-07-30 17:02:45 751] - EntityApp::checkTickPeriod: tick took 1142% (1.14 seconds)!
 WARNING    cellapp-1 10103 8001  [2018-07-30 17:02:46 794] - Components::findComponents: find dbmgr(191)...
delay time is too long, please check the dbmgr logs!
 WARNING    cellapp-1 10103 8001  [2018-07-30 17:02:47 880] - EntityApp::checkTickPeriod: tick took 1171% (1.17 seconds)!
 WARNING    cellapp-1 10103 8001  [2018-07-30 17:02:48 894] - Components::findComponents: find dbmgr(192)...
delay time is too long, please check the dbmgr logs!
 WARNING    cellapp-1 10103 8001  [2018-07-30 17:02:49 905] - EntityApp::checkTickPeriod: tick took 1097% (1.10 seconds)!
 WARNING    cellapp-1 10103 8001  [2018-07-30 17:02:50 908] - Components::findComponents: find dbmgr(193)...
delay time is too long, please check the dbmgr logs!
 WARNING    cellapp-1 10103 8001  [2018-07-30 17:02:51 931] - EntityApp::checkTickPeriod: tick took 1122% (1.12 seconds)!
 WARNING    cellapp-1 10103 8001  [2018-07-30 17:02:52 993] - Components::findComponents: find dbmgr(194)...
delay time is too long, please check the dbmgr logs!
 WARNING    cellapp-1 10103 8001  [2018-07-30 17:02:54 060] - EntityApp::checkTickPeriod: tick took 1151% (1.15 seconds)!
 WARNING    cellapp-1 10103 8001  [2018-07-30 17:02:55 094] - Components::findComponents: find dbmgr(195)...
delay time is too long, please check the dbmgr logs!
 WARNING    cellapp-1 10103 8001  [2018-07-30 17:02:56 187] - EntityApp::checkTickPeriod: tick took 1178% (1.18 seconds)!
 WARNING    cellapp-1 10103 8001  [2018-07-30 17:02:57 193] - Components::findComponents: find dbmgr(196)...
delay time is too long, please check the dbmgr logs!
 WARNING    cellapp-1 10103 8001  [2018-07-30 17:02:58 212] - EntityApp::checkTickPeriod: tick took 1104% (1.10 seconds)!
 WARNING    cellapp-1 10103 8001  [2018-07-30 17:02:59 294] - Components::findComponents: find dbmgr(197)...
delay time is too long, please check the dbmgr logs!
 WARNING    cellapp-1 10103 8001  [2018-07-30 17:03:00 344] - EntityApp::checkTickPeriod: tick took 1134% (1.13 seconds)!
 WARNING    cellapp-1 10103 8001  [2018-07-30 17:03:01 394] - Components::findComponents: find dbmgr(198)...
delay time is too long, please check the dbmgr logs!
 WARNING    cellapp-1 10103 8001  [2018-07-30 17:03:02 475] - EntityApp::checkTickPeriod: tick took 1166% (1.17 seconds)!
 WARNING    cellapp-1 10103 8001  [2018-07-30 17:03:03 494] - Components::findComponents: find dbmgr(199)...
delay time is too long, please check the dbmgr logs!
 WARNING    cellapp-1 10103 8001  [2018-07-30 17:03:03 829] - BundleBroadcast::BundleBroadcast: Cannot bind to port 20190, errorno=10048
 WARNING    cellapp-1 10103 8001  [2018-07-30 17:03:03 830] - EntityApp::checkTickPeriod: tick took 422% (0.42 seconds)!
 WARNING    cellapp-1 10103 8001  [2018-07-30 17:03:04 894] - Components::findComponents: find dbmgr(200)...
delay time is too long, please check the dbmgr logs!
 WARNING    cellapp-1 10103 8001  [2018-07-30 17:03:05 921] - EntityApp::checkTickPeriod: tick took 1112% (1.11 seconds)!
 WARNING    cellapp-1 10103 8001  [2018-07-30 17:03:06 994] - Components::findComponents: find dbmgr(201)...
delay time is too long, please check the dbmgr logs!
 WARNING    cellapp-1 10103 8001  [2018-07-30 17:03:08 048] - EntityApp::checkTickPeriod: tick took 1140% (1.14 seconds)!
 WARNING    cellapp-1 10103 8001  [2018-07-30 17:03:09 093] - Components::findComponents: find dbmgr(202)...
delay time is too long, please check the dbmgr logs!
 WARNING    cellapp-1 10103 8001  [2018-07-30 17:03:10 178] - EntityApp::checkTickPeriod: tick took 1169% (1.17 seconds)!
 WARNING    cellapp-1 10103 8001  [2018-07-30 17:03:11 193] - Components::findComponents: find dbmgr(203)...
delay time is too long, please check the dbmgr logs!
 WARNING    cellapp-1 10103 8001  [2018-07-30 17:03:12 204] - EntityApp::checkTickPeriod: tick took 1095% (1.10 seconds)!
 WARNING    cellapp-1 10103 8001  [2018-07-30 17:03:13 209] - Components::findComponents: find dbmgr(204)...
delay time is too long, please check the dbmgr logs!
 WARNING    cellapp-1 10103 8001  [2018-07-30 17:03:14 231] - EntityApp::checkTickPeriod: tick took 1122% (1.12 seconds)!
 WARNING    cellapp-1 10103 8001  [2018-07-30 17:03:15 293] - Components::findComponents: find dbmgr(205)...
delay time is too long, please check the dbmgr logs!
 WARNING    cellapp-1 10103 8001  [2018-07-30 17:03:16 357] - EntityApp::checkTickPeriod: tick took 1148% (1.15 seconds)!
 WARNING    cellapp-1 10103 8001  [2018-07-30 17:03:17 393] - Components::findComponents: find dbmgr(206)...
delay time is too long, please check the dbmgr logs!
 WARNING    cellapp-1 10103 8001  [2018-07-30 17:03:18 485] - EntityApp::checkTickPeriod: tick took 1176% (1.18 seconds)!
 WARNING    cellapp-1 10103 8001  [2018-07-30 17:03:19 493] - Components::findComponents: find dbmgr(207)...
delay time is too long, please check the dbmgr logs!
 WARNING    cellapp-1 10103 8001  [2018-07-30 17:03:20 513] - EntityApp::checkTickPeriod: tick took 1104% (1.10 seconds)!
 WARNING    cellapp-1 10103 8001  [2018-07-30 17:03:21 594] - Components::findComponents: find dbmgr(208)...
delay time is too long, please check the dbmgr logs!
 WARNING    cellapp-1 10103 8001  [2018-07-30 17:03:22 635] - EntityApp::checkTickPeriod: tick took 1127% (1.13 seconds)!
 WARNING    cellapp-1 10103 8001  [2018-07-30 17:03:23 693] - Components::findComponents: find dbmgr(209)...
delay time is too long, please check the dbmgr logs!
 WARNING    cellapp-1 10103 8001  [2018-07-30 17:03:24 768] - EntityApp::checkTickPeriod: tick took 1159% (1.16 seconds)!
 WARNING    cellapp-1 10103 8001  [2018-07-30 17:03:25 793] - Components::findComponents: find dbmgr(210)...
delay time is too long, please check the dbmgr logs!
 WARNING    cellapp-1 10103 8001  [2018-07-30 17:03:26 896] - EntityApp::checkTickPeriod: tick took 1187% (1.19 seconds)!
 WARNING    cellapp-1 10103 8001  [2018-07-30 17:03:27 908] - Components::findComponents: find dbmgr(211)...
delay time is too long, please check the dbmgr logs!
 WARNING    cellapp-1 10103 8001  [2018-07-30 17:03:28 925] - EntityApp::checkTickPeriod: tick took 1117% (1.12 seconds)!
 WARNING    cellapp-1 10103 8001  [2018-07-30 17:03:29 993] - Components::findComponents: find dbmgr(212)...
delay time is too long, please check the dbmgr logs!
 WARNING    cellapp-1 10103 8001  [2018-07-30 17:03:31 052] - EntityApp::checkTickPeriod: tick took 1143% (1.14 seconds)!
 WARNING    cellapp-1 10103 8001  [2018-07-30 17:03:32 093] - Components::findComponents: find dbmgr(213)...
delay time is too long, please check the dbmgr logs!
 WARNING    cellapp-1 10103 8001  [2018-07-30 17:03:33 182] - EntityApp::checkTickPeriod: tick took 1173% (1.17 seconds)!
 WARNING    cellapp-1 10103 8001  [2018-07-30 17:03:34 194] - Components::findComponents: find dbmgr(214)...
delay time is too long, please check the dbmgr logs!
 WARNING    cellapp-1 10103 8001  [2018-07-30 17:03:35 209] - EntityApp::checkTickPeriod: tick took 1100% (1.10 seconds)!
 WARNING    cellapp-1 10103 8001  [2018-07-30 17:03:36 293] - Components::findComponents: find dbmgr(215)...
delay time is too long, please check the dbmgr logs!
 WARNING    cellapp-1 10103 8001  [2018-07-30 17:03:37 337] - EntityApp::checkTickPeriod: tick took 1129% (1.13 seconds)!
 WARNING    cellapp-1 10103 8001  [2018-07-30 17:03:38 393] - Components::findComponents: find dbmgr(216)...
delay time is too long, please check the dbmgr logs!
 WARNING    cellapp-1 10103 8001  [2018-07-30 17:03:39 465] - EntityApp::checkTickPeriod: tick took 1156% (1.16 seconds)!
 WARNING    cellapp-1 10103 8001  [2018-07-30 17:03:40 494] - Components::findComponents: find dbmgr(217)...
delay time is too long, please check the dbmgr logs!
 WARNING    cellapp-1 10103 8001  [2018-07-30 17:03:41 593] - EntityApp::checkTickPeriod: tick took 1185% (1.18 seconds)!
 WARNING    cellapp-1 10103 8001  [2018-07-30 17:03:42 594] - Components::findComponents: find dbmgr(218)...
delay time is too long, please check the dbmgr logs!
 WARNING    cellapp-1 10103 8001  [2018-07-30 17:03:43 619] - EntityApp::checkTickPeriod: tick took 1111% (1.11 seconds)!
 WARNING    cellapp-1 10103 8001  [2018-07-30 17:03:44 694] - Components::findComponents: find dbmgr(219)...
delay time is too long, please check the dbmgr logs!
 WARNING    cellapp-1 10103 8001  [2018-07-30 17:03:45 748] - EntityApp::checkTickPeriod: tick took 1140% (1.14 seconds)!
 WARNING    cellapp-1 10103 8001  [2018-07-30 17:03:46 793] - Components::findComponents: find dbmgr(220)...
delay time is too long, please check the dbmgr logs!
 WARNING    cellapp-1 10103 8001  [2018-07-30 17:03:47 873] - EntityApp::checkTickPeriod: tick took 1164% (1.16 seconds)!
 WARNING    cellapp-1 10103 8001  [2018-07-30 17:03:48 893] - Components::findComponents: find dbmgr(221)...
delay time is too long, please check the dbmgr logs!
 WARNING    cellapp-1 10103 8001  [2018-07-30 17:03:49 906] - EntityApp::checkTickPeriod: tick took 1098% (1.10 seconds)!
 WARNING    cellapp-1 10103 8001  [2018-07-30 17:03:50 908] - Components::findComponents: find dbmgr(222)...
delay time is too long, please check the dbmgr logs!
 WARNING    cellapp-1 10103 8001  [2018-07-30 17:03:51 929] - EntityApp::checkTickPeriod: tick took 1121% (1.12 seconds)!
 WARNING    cellapp-1 10103 8001  [2018-07-30 17:03:52 993] - Components::findComponents: find dbmgr(223)...
delay time is too long, please check the dbmgr logs!
 WARNING    cellapp-1 10103 8001  [2018-07-30 17:03:54 059] - EntityApp::checkTickPeriod: tick took 1150% (1.15 seconds)!
 WARNING    cellapp-1 10103 8001  [2018-07-30 17:03:55 093] - Components::findComponents: find dbmgr(224)...
delay time is too long, please check the dbmgr logs!
 WARNING    cellapp-1 10103 8001  [2018-07-30 17:03:56 187] - EntityApp::checkTickPeriod: tick took 1178% (1.18 seconds)!
 WARNING    cellapp-1 10103 8001  [2018-07-30 17:03:57 193] - Components::findComponents: find dbmgr(225)...
delay time is too long, please check the dbmgr logs!
 WARNING    cellapp-1 10103 8001  [2018-07-30 17:03:58 219] - EntityApp::checkTickPeriod: tick took 1111% (1.11 seconds)!
 WARNING    cellapp-1 10103 8001  [2018-07-30 17:03:59 293] - Components::findComponents: find dbmgr(226)...
delay time is too long, please check the dbmgr logs!
 WARNING    cellapp-1 10103 8001  [2018-07-30 17:04:00 347] - EntityApp::checkTickPeriod: tick took 1139% (1.14 seconds)!
 WARNING    cellapp-1 10103 8001  [2018-07-30 17:04:01 393] - Components::findComponents: find dbmgr(227)...
delay time is too long, please check the dbmgr logs!
 WARNING    cellapp-1 10103 8001  [2018-07-30 17:04:02 476] - EntityApp::checkTickPeriod: tick took 1167% (1.17 seconds)!
 WARNING    cellapp-1 10103 8001  [2018-07-30 17:04:03 494] - Components::findComponents: find dbmgr(228)...
delay time is too long, please check the dbmgr logs!
 WARNING    cellapp-1 10103 8001  [2018-07-30 17:04:04 507] - EntityApp::checkTickPeriod: tick took 1099% (1.10 seconds)!
 WARNING    cellapp-1 10103 8001  [2018-07-30 17:04:05 508] - Components::findComponents: find dbmgr(229)...
delay time is too long, please check the dbmgr logs!
 WARNING    cellapp-1 10103 8001  [2018-07-30 17:04:06 535] - EntityApp::checkTickPeriod: tick took 1126% (1.13 seconds)!
 WARNING    cellapp-1 10103 8001  [2018-07-30 17:04:07 593] - Components::findComponents: find dbmgr(230)...
delay time is too long, please check the dbmgr logs!
 WARNING    cellapp-1 10103 8001  [2018-07-30 17:04:08 661] - EntityApp::checkTickPeriod: tick took 1153% (1.15 seconds)!
 WARNING    cellapp-1 10103 8001  [2018-07-30 17:04:09 693] - Components::findComponents: find dbmgr(231)...
delay time is too long, please check the dbmgr logs!
 WARNING    cellapp-1 10103 8001  [2018-07-30 17:04:10 792] - EntityApp::checkTickPeriod: tick took 1184% (1.18 seconds)!
 WARNING    cellapp-1 10103 8001  [2018-07-30 17:04:11 793] - Components::findComponents: find dbmgr(232)...
delay time is too long, please check the dbmgr logs!
 WARNING    cellapp-1 10103 8001  [2018-07-30 17:04:12 820] - EntityApp::checkTickPeriod: tick took 1112% (1.11 seconds)!
 WARNING    cellapp-1 10103 8001  [2018-07-30 17:04:13 893] - Components::findComponents: find dbmgr(233)...
delay time is too long, please check the dbmgr logs!
 WARNING    cellapp-1 10103 8001  [2018-07-30 17:04:14 947] - EntityApp::checkTickPeriod: tick took 1139% (1.14 seconds)!
 WARNING    cellapp-1 10103 8001  [2018-07-30 17:04:15 994] - Components::findComponents: find dbmgr(234)...
delay time is too long, please check the dbmgr logs!
 WARNING    cellapp-1 10103 8001  [2018-07-30 17:04:17 088] - EntityApp::checkTickPeriod: tick took 1180% (1.18 seconds)!
 WARNING    cellapp-1 10103 8001  [2018-07-30 17:04:18 093] - Components::findComponents: find dbmgr(235)...
delay time is too long, please check the dbmgr logs!
 WARNING    cellapp-1 10103 8001  [2018-07-30 17:04:19 121] - EntityApp::checkTickPeriod: tick took 1111% (1.11 seconds)!
 WARNING    cellapp-1 10103 8001  [2018-07-30 17:04:20 193] - Components::findComponents: find dbmgr(236)...
delay time is too long, please check the dbmgr logs!
 WARNING    cellapp-1 10103 8001  [2018-07-30 17:04:21 267] - EntityApp::checkTickPeriod: tick took 1159% (1.16 seconds)!
 WARNING    cellapp-1 10103 8001  [2018-07-30 17:04:22 293] - Components::findComponents: find dbmgr(237)...
delay time is too long, please check the dbmgr logs!
 WARNING    cellapp-1 10103 8001  [2018-07-30 17:04:23 324] - EntityApp::checkTickPeriod: tick took 1116% (1.12 seconds)!
