    INFO      dbmgr-1 10103 4000  [2018-05-10 21:46:41 555] - -----------------------------------------------------------------------------------------


    INFO      dbmgr-1 10103 4000  [2018-05-10 21:46:41 556] - Resmgr::initialize: KBE_ROOT=D:/kbengine/
    INFO      dbmgr-1 10103 4000  [2018-05-10 21:46:41 556] - Resmgr::initialize: KBE_RES_PATH=D:/kbengine/kbe/res/;D:/kbengine/assets_Battle of Gods/;D:/kbengine/assets_Battle of Gods/scripts/;D:/kbengine/assets_Battle of Gods/res/
    INFO      dbmgr-1 10103 4000  [2018-05-10 21:46:41 556] - Resmgr::initialize: KBE_BIN_PATH=D:/kbengine/kbe/bin/server/
    INFO      dbmgr-1 10103 4000  [2018-05-10 21:46:41 569] - NetworkInterface::initialize(INTERNAL): bound to all interfaces with default route interface on 10.1.9.9 ( 10.1.9.9:30357 )
    INFO      dbmgr-1 10103 4000  [2018-05-10 21:46:41 570] - NetworkInterface::initialize(INTERNAL): address 10.1.9.9:30357, SOMAXCONN=5.
    INFO      dbmgr-1 10103 4000  [2018-05-10 21:46:41 570] - server-configs:
    INFO      dbmgr-1 10103 4000  [2018-05-10 21:46:41 570] - 	internalAddr : 10.1.9.9:30357
    INFO      dbmgr-1 10103 4000  [2018-05-10 21:46:41 570] - 	componentID : 4000
    INFO      dbmgr-1 10103 4000  [2018-05-10 21:46:41 615] - Components::findLogger: found logger, addr:10.1.9.9:30354
    INFO      dbmgr-1 10103 4000  [2018-05-10 21:46:41 616] - Components::addComponent: reset orderLog, uid=10103!
    INFO      dbmgr-1 10103 4000  [2018-05-10 21:46:41 617] - Components::addComponent[logger], uid=10103, componentID=2000, globalorderid=1, grouporderid=1, totalcount=1
    INFO      dbmgr-1 10103 4000  [2018-05-10 21:46:41 625] - ---- dbmgr Version: 2.0.0. ScriptVersion: 0.1.0. Protocol: F28F1C37BCC70CD27B77841D4A30E3D7. Config: Debug X86. Built: 16:26:54 Apr 30 2018. AppID: 4000. UID: 10103. PID: 13992 ----
    INFO      dbmgr-1 10103 4000  [2018-05-10 21:46:41 625] - Server : Intel(R) Core(TM) i7-6700HQ CPU @ 2.60GHz with 2097151kB RAM
    INFO      dbmgr-1 10103 4000  [2018-05-10 21:46:41 626] - ThreadPool::createThreadPool: creating  threadpool...
    INFO      dbmgr-1 10103 4000  [2018-05-10 21:46:41 626] - ThreadPool::createThreadPool: successfully(2), newThreadCount=1, normalMaxThreadCount=2, maxThreadCount=8
   DEBUG      dbmgr-1 10103 4000  [2018-05-10 21:46:41 818] - Script::install_py_dlls(): PyInit_pyexpat
   DEBUG      dbmgr-1 10103 4000  [2018-05-10 21:46:41 819] - Script::install_py_dlls(): PyInit__socket
   DEBUG      dbmgr-1 10103 4000  [2018-05-10 21:46:41 820] - Script::install_py_dlls(): PyInit__ssl
   DEBUG      dbmgr-1 10103 4000  [2018-05-10 21:46:41 826] - Script::install_py_dlls(): PyInit__hashlib
   DEBUG      dbmgr-1 10103 4000  [2018-05-10 21:46:41 827] - Script::install_py_dlls(): PyInit_select
   DEBUG      dbmgr-1 10103 4000  [2018-05-10 21:46:41 828] - Script::install_py_dlls(): PyInit__ctypes
   DEBUG      dbmgr-1 10103 4000  [2018-05-10 21:46:41 831] - Script::install_py_dlls(): PyInit__elementtree
   DEBUG      dbmgr-1 10103 4000  [2018-05-10 21:46:41 933] - Script::install_py_dlls(): PyInit_unicodedata
    INFO      dbmgr-1 10103 4000  [2018-05-10 21:46:42 025] - Script::install(): is successfully, Python=(3.4.2 (default, Apr 30 2018, 16:26:41) [MSC v.1900 32 bit (Intel)])!
    INFO      dbmgr-1 10103 4000  [2018-05-10 21:46:42 025] - Script::install(): KBExtra is successfully!
    INFO      dbmgr-1 10103 4000  [2018-05-10 21:46:42 192] - Dbmgr::initializeEnd: digest(84376650B76732C627442957B650312F)
  S_INFO      dbmgr-1 10103 4000  [2018-05-10 21:46:42 192] - onDBMgrReady: bootstrapGroupIndex=0, bootstrapGlobalIndex=0
    INFO      dbmgr-1 10103 4000  [2018-05-10 21:46:42 195] - TelnetServer server is running on port 32000
    INFO      dbmgr-1 10103 4000  [2018-05-10 21:46:42 196] - Dbmgr::initInterfacesHandler: interfaces addr(127.0.0.1:30099), accountType:(interfaces), chargeType:(interfaces).
 WARNING      dbmgr-1 10103 4000  [2018-05-10 21:46:42 593] - DBUtil::initialize: db(default) password is not encrypted!
please use password(rsa):
D3618D2634C597CFD095F7D351802AC7B67B92DC18EE4AB59DDCB84939A340FA9AE1C384F5DADB403F026C62AAC74D7C7FC82A584965C06258FDDB1A37FC9A4E2DEC1B5973AC541F0DC9A356F884F0EB617C730761006623FB10E1D598D5AF7FEC4B5097F88BE623B5ED710E416C6664A71BAACB368DBF7F700FC142379E5176
   DEBUG      dbmgr-1 10103 4000  [2018-05-10 21:46:42 658] - DBInterfaceMysql::attach: connect: localhost:3306 starting...
   DEBUG      dbmgr-1 10103 4000  [2018-05-10 21:46:42 804] - DBInterfaceMysql::attach: successfully! addr: localhost:3306
    INFO      dbmgr-1 10103 4000  [2018-05-10 21:46:42 804] - DBUtil::createInterface[0x1b6f4fc]: interface=default, dbtype=mysql, ip=localhost, port=3306, currdatabase=Battle_of_Gods, username=root, connected=yes.

    INFO      dbmgr-1 10103 4000  [2018-05-10 21:46:42 805] - ThreadPool::createThreadPool: creating  threadpool...
    INFO      dbmgr-1 10103 4000  [2018-05-10 21:46:42 805] - ThreadPool::createThreadPool: successfully(5), newThreadCount=5, normalMaxThreadCount=5, maxThreadCount=5
    INFO      dbmgr-1 10103 4000  [2018-05-10 21:46:42 911] - DBInterfaceMysql::query: successfully!
    INFO      dbmgr-1 10103 4000  [2018-05-10 21:46:42 917] - DBInterfaceMysql::query: successfully!
 WARNING      dbmgr-1 10103 4000  [2018-05-10 21:46:42 993] - dbmgr.cpp:275: Profile scriptCall took 0.80 seconds
    INFO      dbmgr-1 10103 4000  [2018-05-10 21:46:44 036] - ---- dbmgr is running ----
   DEBUG      dbmgr-1 10103 4000  [2018-05-10 21:46:44 038] - Components::process(): Request for the process of identity...
   DEBUG      dbmgr-1 10103 4000  [2018-05-10 21:46:42 806] - DBInterfaceMysql::attach: connect: localhost:3306 starting...
   DEBUG      dbmgr-1 10103 4000  [2018-05-10 21:46:42 806] - DBInterfaceMysql::attach: connect: localhost:3306 starting...
   DEBUG      dbmgr-1 10103 4000  [2018-05-10 21:46:42 806] - DBInterfaceMysql::attach: connect: localhost:3306 starting...
   DEBUG      dbmgr-1 10103 4000  [2018-05-10 21:46:42 806] - DBInterfaceMysql::attach: connect: localhost:3306 starting...
   DEBUG      dbmgr-1 10103 4000  [2018-05-10 21:46:42 806] - DBInterfaceMysql::attach: connect: localhost:3306 starting...
   DEBUG      dbmgr-1 10103 4000  [2018-05-10 21:46:42 814] - DBInterfaceMysql::attach: successfully! addr: localhost:3306
   DEBUG      dbmgr-1 10103 4000  [2018-05-10 21:46:42 815] - DBThread::onStart(): 0x3f25b58!
   DEBUG      dbmgr-1 10103 4000  [2018-05-10 21:46:42 817] - DBInterfaceMysql::attach: successfully! addr: localhost:3306
   DEBUG      dbmgr-1 10103 4000  [2018-05-10 21:46:42 817] - DBThread::onStart(): 0x3f25d78!
   DEBUG      dbmgr-1 10103 4000  [2018-05-10 21:46:42 820] - DBInterfaceMysql::attach: successfully! addr: localhost:3306
   DEBUG      dbmgr-1 10103 4000  [2018-05-10 21:46:42 821] - DBThread::onStart(): 0x3f25f10!
   DEBUG      dbmgr-1 10103 4000  [2018-05-10 21:46:42 822] - DBInterfaceMysql::attach: successfully! addr: localhost:3306
   DEBUG      dbmgr-1 10103 4000  [2018-05-10 21:46:42 822] - DBThread::onStart(): 0x3f25cf0!
   DEBUG      dbmgr-1 10103 4000  [2018-05-10 21:46:42 822] - DBInterfaceMysql::attach: successfully! addr: localhost:3306
   DEBUG      dbmgr-1 10103 4000  [2018-05-10 21:46:42 822] - DBThread::onStart(): 0x3f25e00!
    INFO      dbmgr-1 10103 4000  [2018-05-10 21:46:42 952] - DBInterfaceMysql::query: successfully!
    INFO      dbmgr-1 10103 4000  [2018-05-10 21:46:42 952] - DBInterfaceMysql::query: successfully!
    INFO      dbmgr-1 10103 4000  [2018-05-10 21:46:42 953] - DBInterfaceMysql::query: successfully!
    INFO      dbmgr-1 10103 4000  [2018-05-10 21:46:42 954] - DBInterfaceMysql::query: successfully!
    INFO      dbmgr-1 10103 4000  [2018-05-10 21:46:42 964] - DBInterfaceMysql::query: successfully!
    INFO      dbmgr-1 10103 4000  [2018-05-10 21:46:42 967] - DBInterfaceMysql::query: successfully!
    INFO      dbmgr-1 10103 4000  [2018-05-10 21:46:42 969] - DBInterfaceMysql::query: successfully!
    INFO      dbmgr-1 10103 4000  [2018-05-10 21:46:42 975] - DBInterfaceMysql::query: successfully!
    INFO      dbmgr-1 10103 4000  [2018-05-10 21:46:51 489] - Components::process(): Found all the components!
    INFO      dbmgr-1 10103 4000  [2018-05-10 21:46:54 889] - ServerApp::onRegisterNewApp: uid:10103, username:, componentType:baseappmgr, componentID:5000, globalorderID=-1, grouporderID=-1, intaddr:10.1.9.9, intport:30362, extaddr:nonsupport, extport:0,  from 10.1.9.9:30383/0/0/0.
    INFO      dbmgr-1 10103 4000  [2018-05-10 21:46:54 889] - Components::addComponent: reset orderLog, uid=10103!
    INFO      dbmgr-1 10103 4000  [2018-05-10 21:46:54 889] - Components::addComponent[baseappmgr], uid=10103, componentID=5000, globalorderid=1, grouporderid=1, totalcount=1
    INFO      dbmgr-1 10103 4000  [2018-05-10 21:46:55 608] - ServerApp::onRegisterNewApp: uid:10103, username:, componentType:cellappmgr, componentID:6000, globalorderID=-1, grouporderID=-1, intaddr:10.1.9.9, intport:30371, extaddr:nonsupport, extport:0,  from 10.1.9.9:30385/0/0/0.
    INFO      dbmgr-1 10103 4000  [2018-05-10 21:46:55 608] - Components::addComponent[cellappmgr], uid=10103, componentID=6000, globalorderid=2, grouporderid=1, totalcount=1
    INFO      dbmgr-1 10103 4000  [2018-05-10 21:46:59 227] - ServerApp::onRegisterNewApp: uid:10103, username:, componentType:loginapp, componentID:9000, globalorderID=-1, grouporderID=-1, intaddr:10.1.9.9, intport:30379, extaddr:10.1.9.9, extport:20013,  from 10.1.9.9:30387/0/0/0.
    INFO      dbmgr-1 10103 4000  [2018-05-10 21:46:59 227] - Components::addComponent[loginapp], uid=10103, componentID=9000, globalorderid=3, grouporderid=1, totalcount=1
    INFO      dbmgr-1 10103 4000  [2018-05-10 21:47:00 887] - ServerApp::onRegisterNewApp: uid:10103, username:, componentType:cellapp, componentID:8001, globalorderID=-1, grouporderID=-1, intaddr:10.1.9.9, intport:30377, extaddr:nonsupport, extport:0,  from 10.1.9.9:30389/0/0/0.
    INFO      dbmgr-1 10103 4000  [2018-05-10 21:47:00 887] - Components::addComponent[cellapp], uid=10103, componentID=8001, globalorderid=4, grouporderid=1, totalcount=1
    INFO      dbmgr-1 10103 4000  [2018-05-10 21:47:03 906] - IDServer::allocRange: 1-2001.
   DEBUG      dbmgr-1 10103 4000  [2018-05-10 21:47:03 907] - SyncAppDatasHandler::~SyncAppDatasHandler()
    INFO      dbmgr-1 10103 4000  [2018-05-10 21:48:37 874] - -----------------------------------------------------------------------------------------


    INFO      dbmgr-1 10103 4000  [2018-05-10 21:48:37 878] - Resmgr::initialize: KBE_ROOT=D:/kbengine/
    INFO      dbmgr-1 10103 4000  [2018-05-10 21:48:37 879] - Resmgr::initialize: KBE_RES_PATH=D:/kbengine/kbe/res/;D:/kbengine/assets_Battle of Gods/;D:/kbengine/assets_Battle of Gods/scripts/;D:/kbengine/assets_Battle of Gods/res/
    INFO      dbmgr-1 10103 4000  [2018-05-10 21:48:37 879] - Resmgr::initialize: KBE_BIN_PATH=D:/kbengine/kbe/bin/server/
    INFO      dbmgr-1 10103 4000  [2018-05-10 21:48:37 886] - NetworkInterface::initialize(INTERNAL): bound to all interfaces with default route interface on 10.1.9.9 ( 10.1.9.9:30416 )
    INFO      dbmgr-1 10103 4000  [2018-05-10 21:48:37 886] - NetworkInterface::initialize(INTERNAL): address 10.1.9.9:30416, SOMAXCONN=5.
    INFO      dbmgr-1 10103 4000  [2018-05-10 21:48:37 886] - server-configs:
    INFO      dbmgr-1 10103 4000  [2018-05-10 21:48:37 886] - 	internalAddr : 10.1.9.9:30416
    INFO      dbmgr-1 10103 4000  [2018-05-10 21:48:37 886] - 	componentID : 4000
    INFO      dbmgr-1 10103 4000  [2018-05-10 21:48:39 400] - ---- dbmgr Version: 2.0.0. ScriptVersion: 0.1.0. Protocol: F28F1C37BCC70CD27B77841D4A30E3D7. Config: Debug X86. Built: 16:26:54 Apr 30 2018. AppID: 4000. UID: 10103. PID: 1172 ----
    INFO      dbmgr-1 10103 4000  [2018-05-10 21:48:39 400] - Server : Intel(R) Core(TM) i7-6700HQ CPU @ 2.60GHz with 2097151kB RAM
    INFO      dbmgr-1 10103 4000  [2018-05-10 21:48:39 401] - ThreadPool::createThreadPool: creating  threadpool...
    INFO      dbmgr-1 10103 4000  [2018-05-10 21:48:39 402] - ThreadPool::createThreadPool: successfully(2), newThreadCount=1, normalMaxThreadCount=2, maxThreadCount=8
   DEBUG      dbmgr-1 10103 4000  [2018-05-10 21:48:39 570] - Script::install_py_dlls(): PyInit_pyexpat
   DEBUG      dbmgr-1 10103 4000  [2018-05-10 21:48:39 571] - Script::install_py_dlls(): PyInit__socket
   DEBUG      dbmgr-1 10103 4000  [2018-05-10 21:48:39 572] - Script::install_py_dlls(): PyInit__ssl
   DEBUG      dbmgr-1 10103 4000  [2018-05-10 21:48:39 582] - Script::install_py_dlls(): PyInit__hashlib
   DEBUG      dbmgr-1 10103 4000  [2018-05-10 21:48:39 583] - Script::install_py_dlls(): PyInit_select
   DEBUG      dbmgr-1 10103 4000  [2018-05-10 21:48:39 583] - Script::install_py_dlls(): PyInit__ctypes
   DEBUG      dbmgr-1 10103 4000  [2018-05-10 21:48:39 584] - Script::install_py_dlls(): PyInit__elementtree
   DEBUG      dbmgr-1 10103 4000  [2018-05-10 21:48:39 664] - Script::install_py_dlls(): PyInit_unicodedata
    INFO      dbmgr-1 10103 4000  [2018-05-10 21:48:39 738] - Script::install(): is successfully, Python=(3.4.2 (default, Apr 30 2018, 16:26:41) [MSC v.1900 32 bit (Intel)])!
    INFO      dbmgr-1 10103 4000  [2018-05-10 21:48:39 738] - Script::install(): KBExtra is successfully!
    INFO      dbmgr-1 10103 4000  [2018-05-10 21:48:39 758] - Dbmgr::initializeEnd: digest(84376650B76732C627442957B650312F)
  S_INFO      dbmgr-1 10103 4000  [2018-05-10 21:48:39 759] - onDBMgrReady: bootstrapGroupIndex=0, bootstrapGlobalIndex=0
    INFO      dbmgr-1 10103 4000  [2018-05-10 21:48:39 762] - TelnetServer server is running on port 32000
    INFO      dbmgr-1 10103 4000  [2018-05-10 21:48:39 763] - Dbmgr::initInterfacesHandler: interfaces addr(127.0.0.1:30099), accountType:(interfaces), chargeType:(interfaces).
 WARNING      dbmgr-1 10103 4000  [2018-05-10 21:48:40 202] - DBUtil::initialize: db(default) password is not encrypted!
please use password(rsa):
7E1C9E5F241CD446E4575280321A052A4D3BCAD01D0E024DD00091C3018155C75AEE598456D52C9701E5EE9B093A721CDA4F8DD988B7E6E93F56B1E1D36CB50F290C621E790175F6E3539E836B1755634EF34EF986C2137A785B771AE9AF7F272D32A32C2951F07140D59E1A539C7331EB22F1EC1B46F139D75A32510DCB1859
   DEBUG      dbmgr-1 10103 4000  [2018-05-10 21:48:40 208] - DBInterfaceMysql::attach: connect: localhost:3306 starting...
   DEBUG      dbmgr-1 10103 4000  [2018-05-10 21:48:40 218] - DBInterfaceMysql::attach: successfully! addr: localhost:3306
    INFO      dbmgr-1 10103 4000  [2018-05-10 21:48:40 218] - DBUtil::createInterface[0x1b6eef4]: interface=default, dbtype=mysql, ip=localhost, port=3306, currdatabase=Battle_of_Gods, username=root, connected=yes.

    INFO      dbmgr-1 10103 4000  [2018-05-10 21:48:40 218] - ThreadPool::createThreadPool: creating  threadpool...
    INFO      dbmgr-1 10103 4000  [2018-05-10 21:48:40 219] - ThreadPool::createThreadPool: successfully(5), newThreadCount=5, normalMaxThreadCount=5, maxThreadCount=5
    INFO      dbmgr-1 10103 4000  [2018-05-10 21:48:40 324] - DBInterfaceMysql::query: successfully!
    INFO      dbmgr-1 10103 4000  [2018-05-10 21:48:40 329] - DBInterfaceMysql::query: successfully!
 WARNING      dbmgr-1 10103 4000  [2018-05-10 21:48:40 375] - dbmgr.cpp:275: Profile scriptCall took 0.62 seconds
    INFO      dbmgr-1 10103 4000  [2018-05-10 21:48:41 113] - ---- dbmgr is running ----
   DEBUG      dbmgr-1 10103 4000  [2018-05-10 21:48:41 113] - Components::process(): Request for the process of identity...
   DEBUG      dbmgr-1 10103 4000  [2018-05-10 21:48:40 219] - DBInterfaceMysql::attach: connect: localhost:3306 starting...
   DEBUG      dbmgr-1 10103 4000  [2018-05-10 21:48:40 220] - DBInterfaceMysql::attach: connect: localhost:3306 starting...
   DEBUG      dbmgr-1 10103 4000  [2018-05-10 21:48:40 220] - DBInterfaceMysql::attach: connect: localhost:3306 starting...
   DEBUG      dbmgr-1 10103 4000  [2018-05-10 21:48:40 220] - DBInterfaceMysql::attach: connect: localhost:3306 starting...
   DEBUG      dbmgr-1 10103 4000  [2018-05-10 21:48:40 220] - DBInterfaceMysql::attach: connect: localhost:3306 starting...
   DEBUG      dbmgr-1 10103 4000  [2018-05-10 21:48:40 231] - DBInterfaceMysql::attach: successfully! addr: localhost:3306
   DEBUG      dbmgr-1 10103 4000  [2018-05-10 21:48:40 231] - DBThread::onStart(): 0x3ebaa00!
   DEBUG      dbmgr-1 10103 4000  [2018-05-10 21:48:40 232] - DBInterfaceMysql::attach: successfully! addr: localhost:3306
   DEBUG      dbmgr-1 10103 4000  [2018-05-10 21:48:40 232] - DBThread::onStart(): 0x3eba8f0!
   DEBUG      dbmgr-1 10103 4000  [2018-05-10 21:48:40 233] - DBInterfaceMysql::attach: successfully! addr: localhost:3306
   DEBUG      dbmgr-1 10103 4000  [2018-05-10 21:48:40 233] - DBThread::onStart(): 0x3ebaec8!
   DEBUG      dbmgr-1 10103 4000  [2018-05-10 21:48:40 234] - DBInterfaceMysql::attach: successfully! addr: localhost:3306
   DEBUG      dbmgr-1 10103 4000  [2018-05-10 21:48:40 234] - DBThread::onStart(): 0x3ebab10!
   DEBUG      dbmgr-1 10103 4000  [2018-05-10 21:48:40 234] - DBInterfaceMysql::attach: successfully! addr: localhost:3306
   DEBUG      dbmgr-1 10103 4000  [2018-05-10 21:48:40 234] - DBThread::onStart(): 0x3ebafd8!
    INFO      dbmgr-1 10103 4000  [2018-05-10 21:48:40 340] - DBInterfaceMysql::query: successfully!
    INFO      dbmgr-1 10103 4000  [2018-05-10 21:48:40 342] - DBInterfaceMysql::query: successfully!
    INFO      dbmgr-1 10103 4000  [2018-05-10 21:48:40 343] - DBInterfaceMysql::query: successfully!
    INFO      dbmgr-1 10103 4000  [2018-05-10 21:48:40 344] - DBInterfaceMysql::query: successfully!
    INFO      dbmgr-1 10103 4000  [2018-05-10 21:48:40 345] - DBInterfaceMysql::query: successfully!
    INFO      dbmgr-1 10103 4000  [2018-05-10 21:48:40 346] - DBInterfaceMysql::query: successfully!
    INFO      dbmgr-1 10103 4000  [2018-05-10 21:48:40 346] - DBInterfaceMysql::query: successfully!
    INFO      dbmgr-1 10103 4000  [2018-05-10 21:48:40 351] - DBInterfaceMysql::query: successfully!
    INFO      dbmgr-1 10103 4000  [2018-05-10 21:48:48 438] - Components::findComponents: find logger(1)...
    INFO      dbmgr-1 10103 4000  [2018-05-10 21:48:48 495] - Components::findComponents: found logger, addr:10.1.9.9:30415
    INFO      dbmgr-1 10103 4000  [2018-05-10 21:48:48 495] - Components::addComponent: reset orderLog, uid=10103!
    INFO      dbmgr-1 10103 4000  [2018-05-10 21:48:48 496] - Components::addComponent[logger], uid=10103, componentID=2000, globalorderid=1, grouporderid=1, totalcount=1
    INFO      dbmgr-1 10103 4000  [2018-05-10 21:48:48 537] - Components::process(): Found all the components!
    INFO      dbmgr-1 10103 4000  [2018-05-10 21:48:50 438] - ServerApp::onRegisterNewApp: uid:10103, username:, componentType:baseappmgr, componentID:5000, globalorderID=-1, grouporderID=-1, intaddr:10.1.9.9, intport:30417, extaddr:nonsupport, extport:0,  from 10.1.9.9:30442/0/0/0.
    INFO      dbmgr-1 10103 4000  [2018-05-10 21:48:50 438] - Components::addComponent: reset orderLog, uid=10103!
    INFO      dbmgr-1 10103 4000  [2018-05-10 21:48:50 438] - Components::addComponent[baseappmgr], uid=10103, componentID=5000, globalorderid=1, grouporderid=1, totalcount=1
    INFO      dbmgr-1 10103 4000  [2018-05-10 21:48:50 857] - ServerApp::onRegisterNewApp: uid:10103, username:, componentType:cellappmgr, componentID:6000, globalorderID=-1, grouporderID=-1, intaddr:10.1.9.9, intport:30419, extaddr:nonsupport, extport:0,  from 10.1.9.9:30444/0/0/0.
    INFO      dbmgr-1 10103 4000  [2018-05-10 21:48:50 857] - Components::addComponent[cellappmgr], uid=10103, componentID=6000, globalorderid=2, grouporderid=1, totalcount=1
    INFO      dbmgr-1 10103 4000  [2018-05-10 21:48:52 476] - ServerApp::onRegisterNewApp: uid:10103, username:, componentType:loginapp, componentID:9000, globalorderID=-1, grouporderID=-1, intaddr:10.1.9.9, intport:30424, extaddr:10.1.9.9, extport:20013,  from 10.1.9.9:30447/0/0/0.
    INFO      dbmgr-1 10103 4000  [2018-05-10 21:48:52 476] - Components::addComponent[loginapp], uid=10103, componentID=9000, globalorderid=3, grouporderid=1, totalcount=1
    INFO      dbmgr-1 10103 4000  [2018-05-10 21:48:54 477] - ServerApp::onRegisterNewApp: uid:10103, username:, componentType:baseapp, componentID:7001, globalorderID=-1, grouporderID=-1, intaddr:10.1.9.9, intport:30421, extaddr:10.1.9.9, extport:20015,  from 10.1.9.9:30449/0/0/0.
    INFO      dbmgr-1 10103 4000  [2018-05-10 21:48:54 477] - Components::addComponent[baseapp], uid=10103, componentID=7001, globalorderid=4, grouporderid=1, totalcount=1
    INFO      dbmgr-1 10103 4000  [2018-05-10 21:48:54 837] - ServerApp::onRegisterNewApp: uid:10103, username:, componentType:cellapp, componentID:8001, globalorderID=-1, grouporderID=-1, intaddr:10.1.9.9, intport:30423, extaddr:nonsupport, extport:0,  from 10.1.9.9:30452/0/0/0.
    INFO      dbmgr-1 10103 4000  [2018-05-10 21:48:54 838] - Components::addComponent[cellapp], uid=10103, componentID=8001, globalorderid=5, grouporderid=1, totalcount=1
    INFO      dbmgr-1 10103 4000  [2018-05-10 21:48:57 858] - IDServer::allocRange: 1-2001.
    INFO      dbmgr-1 10103 4000  [2018-05-10 21:48:57 859] - IDServer::allocRange: 2001-4001.
   DEBUG      dbmgr-1 10103 4000  [2018-05-10 21:48:57 859] - SyncAppDatasHandler::~SyncAppDatasHandler()
    INFO      dbmgr-1 10103 4000  [2018-05-10 21:56:25 135] - -----------------------------------------------------------------------------------------


    INFO      dbmgr-1 10103 4000  [2018-05-10 21:56:25 136] - Resmgr::initialize: KBE_ROOT=D:/kbengine/
    INFO      dbmgr-1 10103 4000  [2018-05-10 21:56:25 136] - Resmgr::initialize: KBE_RES_PATH=D:/kbengine/kbe/res/;D:/kbengine/assets_Battle of Gods/;D:/kbengine/assets_Battle of Gods/scripts/;D:/kbengine/assets_Battle of Gods/res/
    INFO      dbmgr-1 10103 4000  [2018-05-10 21:56:25 136] - Resmgr::initialize: KBE_BIN_PATH=D:/kbengine/kbe/bin/server/
    INFO      dbmgr-1 10103 4000  [2018-05-10 21:56:25 142] - NetworkInterface::initialize(INTERNAL): bound to all interfaces with default route interface on 10.1.9.9 ( 10.1.9.9:30564 )
    INFO      dbmgr-1 10103 4000  [2018-05-10 21:56:25 142] - NetworkInterface::initialize(INTERNAL): address 10.1.9.9:30564, SOMAXCONN=5.
    INFO      dbmgr-1 10103 4000  [2018-05-10 21:56:25 142] - server-configs:
    INFO      dbmgr-1 10103 4000  [2018-05-10 21:56:25 143] - 	internalAddr : 10.1.9.9:30564
    INFO      dbmgr-1 10103 4000  [2018-05-10 21:56:25 143] - 	componentID : 4000
    INFO      dbmgr-1 10103 4000  [2018-05-10 21:56:26 655] - ---- dbmgr Version: 2.0.0. ScriptVersion: 0.1.0. Protocol: F28F1C37BCC70CD27B77841D4A30E3D7. Config: Debug X86. Built: 16:26:54 Apr 30 2018. AppID: 4000. UID: 10103. PID: 3416 ----
    INFO      dbmgr-1 10103 4000  [2018-05-10 21:56:26 656] - Server : Intel(R) Core(TM) i7-6700HQ CPU @ 2.60GHz with 2097151kB RAM
    INFO      dbmgr-1 10103 4000  [2018-05-10 21:56:26 656] - ThreadPool::createThreadPool: creating  threadpool...
    INFO      dbmgr-1 10103 4000  [2018-05-10 21:56:26 657] - ThreadPool::createThreadPool: successfully(2), newThreadCount=1, normalMaxThreadCount=2, maxThreadCount=8
   DEBUG      dbmgr-1 10103 4000  [2018-05-10 21:56:26 820] - Script::install_py_dlls(): PyInit_pyexpat
   DEBUG      dbmgr-1 10103 4000  [2018-05-10 21:56:26 820] - Script::install_py_dlls(): PyInit__socket
   DEBUG      dbmgr-1 10103 4000  [2018-05-10 21:56:26 821] - Script::install_py_dlls(): PyInit__ssl
   DEBUG      dbmgr-1 10103 4000  [2018-05-10 21:56:26 824] - Script::install_py_dlls(): PyInit__hashlib
   DEBUG      dbmgr-1 10103 4000  [2018-05-10 21:56:26 825] - Script::install_py_dlls(): PyInit_select
   DEBUG      dbmgr-1 10103 4000  [2018-05-10 21:56:26 825] - Script::install_py_dlls(): PyInit__ctypes
   DEBUG      dbmgr-1 10103 4000  [2018-05-10 21:56:26 826] - Script::install_py_dlls(): PyInit__elementtree
   DEBUG      dbmgr-1 10103 4000  [2018-05-10 21:56:26 906] - Script::install_py_dlls(): PyInit_unicodedata
    INFO      dbmgr-1 10103 4000  [2018-05-10 21:56:26 991] - Script::install(): is successfully, Python=(3.4.2 (default, Apr 30 2018, 16:26:41) [MSC v.1900 32 bit (Intel)])!
    INFO      dbmgr-1 10103 4000  [2018-05-10 21:56:26 991] - Script::install(): KBExtra is successfully!
    INFO      dbmgr-1 10103 4000  [2018-05-10 21:56:27 018] - Dbmgr::initializeEnd: digest(84376650B76732C627442957B650312F)
  S_INFO      dbmgr-1 10103 4000  [2018-05-10 21:56:27 018] - onDBMgrReady: bootstrapGroupIndex=0, bootstrapGlobalIndex=0
    INFO      dbmgr-1 10103 4000  [2018-05-10 21:56:27 018] - TelnetServer server is running on port 32000
    INFO      dbmgr-1 10103 4000  [2018-05-10 21:56:27 019] - Dbmgr::initInterfacesHandler: interfaces addr(127.0.0.1:30099), accountType:(interfaces), chargeType:(interfaces).
 WARNING      dbmgr-1 10103 4000  [2018-05-10 21:56:27 377] - DBUtil::initialize: db(default) password is not encrypted!
please use password(rsa):
BD5CDA34EA1A45EF7713D01679183E25CAAACA480E9DD972AADEE3E77C30912B1693A7E72E21794848B67DDD2CA15D62FC4E64406FEB1725A7DB765D13E6182C0EF8B59831CB4FC6D6B9E8E9C089478CC748CA1FA1DFDA239FA4059F13C514E4E10047D3EA015D4EA8D60D7DEC9CEFECAE40F631F95B2CFC16047431A262AAF8
   DEBUG      dbmgr-1 10103 4000  [2018-05-10 21:56:27 385] - DBInterfaceMysql::attach: connect: localhost:3306 starting...
   DEBUG      dbmgr-1 10103 4000  [2018-05-10 21:56:27 391] - DBInterfaceMysql::attach: successfully! addr: localhost:3306
    INFO      dbmgr-1 10103 4000  [2018-05-10 21:56:27 392] - DBUtil::createInterface[0x1b6f36c]: interface=default, dbtype=mysql, ip=localhost, port=3306, currdatabase=Battle_of_Gods, username=root, connected=yes.

    INFO      dbmgr-1 10103 4000  [2018-05-10 21:56:27 392] - ThreadPool::createThreadPool: creating  threadpool...
    INFO      dbmgr-1 10103 4000  [2018-05-10 21:56:27 393] - ThreadPool::createThreadPool: successfully(5), newThreadCount=5, normalMaxThreadCount=5, maxThreadCount=5
    INFO      dbmgr-1 10103 4000  [2018-05-10 21:56:27 499] - DBInterfaceMysql::query: successfully!
    INFO      dbmgr-1 10103 4000  [2018-05-10 21:56:27 501] - DBInterfaceMysql::query: successfully!
 WARNING      dbmgr-1 10103 4000  [2018-05-10 21:56:27 535] - dbmgr.cpp:275: Profile scriptCall took 0.52 seconds
    INFO      dbmgr-1 10103 4000  [2018-05-10 21:56:28 115] - ---- dbmgr is running ----
   DEBUG      dbmgr-1 10103 4000  [2018-05-10 21:56:28 115] - Components::process(): Request for the process of identity...
   DEBUG      dbmgr-1 10103 4000  [2018-05-10 21:56:27 393] - DBInterfaceMysql::attach: connect: localhost:3306 starting...
   DEBUG      dbmgr-1 10103 4000  [2018-05-10 21:56:27 393] - DBInterfaceMysql::attach: connect: localhost:3306 starting...
   DEBUG      dbmgr-1 10103 4000  [2018-05-10 21:56:27 394] - DBInterfaceMysql::attach: connect: localhost:3306 starting...
   DEBUG      dbmgr-1 10103 4000  [2018-05-10 21:56:27 394] - DBInterfaceMysql::attach: connect: localhost:3306 starting...
   DEBUG      dbmgr-1 10103 4000  [2018-05-10 21:56:27 394] - DBInterfaceMysql::attach: connect: localhost:3306 starting...
   DEBUG      dbmgr-1 10103 4000  [2018-05-10 21:56:27 403] - DBInterfaceMysql::attach: successfully! addr: localhost:3306
   DEBUG      dbmgr-1 10103 4000  [2018-05-10 21:56:27 404] - DBThread::onStart(): 0x3d75318!
   DEBUG      dbmgr-1 10103 4000  [2018-05-10 21:56:27 404] - DBInterfaceMysql::attach: successfully! addr: localhost:3306
   DEBUG      dbmgr-1 10103 4000  [2018-05-10 21:56:27 404] - DBThread::onStart(): 0x3d75208!
   DEBUG      dbmgr-1 10103 4000  [2018-05-10 21:56:27 405] - DBInterfaceMysql::attach: successfully! addr: localhost:3306
   DEBUG      dbmgr-1 10103 4000  [2018-05-10 21:56:27 405] - DBThread::onStart(): 0x3d75a88!
   DEBUG      dbmgr-1 10103 4000  [2018-05-10 21:56:27 406] - DBInterfaceMysql::attach: successfully! addr: localhost:3306
   DEBUG      dbmgr-1 10103 4000  [2018-05-10 21:56:27 406] - DBThread::onStart(): 0x3d75b10!
   DEBUG      dbmgr-1 10103 4000  [2018-05-10 21:56:27 407] - DBInterfaceMysql::attach: successfully! addr: localhost:3306
   DEBUG      dbmgr-1 10103 4000  [2018-05-10 21:56:27 407] - DBThread::onStart(): 0x3d75758!
    INFO      dbmgr-1 10103 4000  [2018-05-10 21:56:27 502] - DBInterfaceMysql::query: successfully!
    INFO      dbmgr-1 10103 4000  [2018-05-10 21:56:27 510] - DBInterfaceMysql::query: successfully!
    INFO      dbmgr-1 10103 4000  [2018-05-10 21:56:27 510] - DBInterfaceMysql::query: successfully!
    INFO      dbmgr-1 10103 4000  [2018-05-10 21:56:27 511] - DBInterfaceMysql::query: successfully!
    INFO      dbmgr-1 10103 4000  [2018-05-10 21:56:27 512] - DBInterfaceMysql::query: successfully!
    INFO      dbmgr-1 10103 4000  [2018-05-10 21:56:27 515] - DBInterfaceMysql::query: successfully!
    INFO      dbmgr-1 10103 4000  [2018-05-10 21:56:27 516] - DBInterfaceMysql::query: successfully!
    INFO      dbmgr-1 10103 4000  [2018-05-10 21:56:27 519] - DBInterfaceMysql::query: successfully!
    INFO      dbmgr-1 10103 4000  [2018-05-10 21:56:35 359] - Components::findComponents: find logger(1)...
    INFO      dbmgr-1 10103 4000  [2018-05-10 21:56:35 414] - Components::findComponents: found logger, addr:10.1.9.9:30563
    INFO      dbmgr-1 10103 4000  [2018-05-10 21:56:35 414] - Components::addComponent: reset orderLog, uid=10103!
    INFO      dbmgr-1 10103 4000  [2018-05-10 21:56:35 415] - Components::addComponent[logger], uid=10103, componentID=2000, globalorderid=1, grouporderid=1, totalcount=1
    INFO      dbmgr-1 10103 4000  [2018-05-10 21:56:35 437] - Components::process(): Found all the components!
    INFO      dbmgr-1 10103 4000  [2018-05-10 21:56:38 578] - ServerApp::onRegisterNewApp: uid:10103, username:, componentType:loginapp, componentID:9000, globalorderID=-1, grouporderID=-1, intaddr:10.1.9.9, intport:30569, extaddr:10.1.9.9, extport:20013,  from 10.1.9.9:30588/0/0/0.
    INFO      dbmgr-1 10103 4000  [2018-05-10 21:56:38 578] - Components::addComponent: reset orderLog, uid=10103!
    INFO      dbmgr-1 10103 4000  [2018-05-10 21:56:38 578] - Components::addComponent[loginapp], uid=10103, componentID=9000, globalorderid=1, grouporderid=1, totalcount=1
    INFO      dbmgr-1 10103 4000  [2018-05-10 21:56:39 117] - ServerApp::onRegisterNewApp: uid:10103, username:, componentType:cellappmgr, componentID:6000, globalorderID=-1, grouporderID=-1, intaddr:10.1.9.9, intport:30566, extaddr:nonsupport, extport:0,  from 10.1.9.9:30591/0/0/0.
    INFO      dbmgr-1 10103 4000  [2018-05-10 21:56:39 118] - Components::addComponent[cellappmgr], uid=10103, componentID=6000, globalorderid=2, grouporderid=1, totalcount=1
    INFO      dbmgr-1 10103 4000  [2018-05-10 21:56:39 118] - ServerApp::onRegisterNewApp: uid:10103, username:, componentType:baseappmgr, componentID:5000, globalorderID=-1, grouporderID=-1, intaddr:10.1.9.9, intport:30565, extaddr:nonsupport, extport:0,  from 10.1.9.9:30592/0/0/0.
    INFO      dbmgr-1 10103 4000  [2018-05-10 21:56:39 118] - Components::addComponent[baseappmgr], uid=10103, componentID=5000, globalorderid=3, grouporderid=1, totalcount=1
    INFO      dbmgr-1 10103 4000  [2018-05-10 21:56:40 958] - ServerApp::onRegisterNewApp: uid:10103, username:, componentType:cellapp, componentID:8001, globalorderID=-1, grouporderID=-1, intaddr:10.1.9.9, intport:30568, extaddr:nonsupport, extport:0,  from 10.1.9.9:30598/0/0/0.
    INFO      dbmgr-1 10103 4000  [2018-05-10 21:56:40 958] - Components::addComponent[cellapp], uid=10103, componentID=8001, globalorderid=4, grouporderid=1, totalcount=1
    INFO      dbmgr-1 10103 4000  [2018-05-10 21:56:42 397] - ServerApp::onRegisterNewApp: uid:10103, username:, componentType:baseapp, componentID:7001, globalorderID=-1, grouporderID=-1, intaddr:10.1.9.9, intport:30567, extaddr:10.1.9.9, extport:20015,  from 10.1.9.9:30602/0/0/0.
    INFO      dbmgr-1 10103 4000  [2018-05-10 21:56:42 398] - Components::addComponent[baseapp], uid=10103, componentID=7001, globalorderid=5, grouporderid=1, totalcount=1
    INFO      dbmgr-1 10103 4000  [2018-05-10 21:56:45 398] - IDServer::allocRange: 1-2001.
    INFO      dbmgr-1 10103 4000  [2018-05-10 21:56:45 398] - IDServer::allocRange: 2001-4001.
   DEBUG      dbmgr-1 10103 4000  [2018-05-10 21:56:45 398] - SyncAppDatasHandler::~SyncAppDatasHandler()
    INFO      dbmgr-1 10103 4000  [2018-05-10 21:58:20 088] - -----------------------------------------------------------------------------------------


    INFO      dbmgr-1 10103 4000  [2018-05-10 21:58:20 089] - Resmgr::initialize: KBE_ROOT=D:/kbengine/
    INFO      dbmgr-1 10103 4000  [2018-05-10 21:58:20 090] - Resmgr::initialize: KBE_RES_PATH=D:/kbengine/kbe/res/;D:/kbengine/assets_Battle of Gods/;D:/kbengine/assets_Battle of Gods/scripts/;D:/kbengine/assets_Battle of Gods/res/
    INFO      dbmgr-1 10103 4000  [2018-05-10 21:58:20 090] - Resmgr::initialize: KBE_BIN_PATH=D:/kbengine/kbe/bin/server/
    INFO      dbmgr-1 10103 4000  [2018-05-10 21:58:20 101] - NetworkInterface::initialize(INTERNAL): bound to all interfaces with default route interface on 10.1.9.9 ( 10.1.9.9:30616 )
    INFO      dbmgr-1 10103 4000  [2018-05-10 21:58:20 102] - NetworkInterface::initialize(INTERNAL): address 10.1.9.9:30616, SOMAXCONN=5.
    INFO      dbmgr-1 10103 4000  [2018-05-10 21:58:20 102] - server-configs:
    INFO      dbmgr-1 10103 4000  [2018-05-10 21:58:20 102] - 	internalAddr : 10.1.9.9:30616
    INFO      dbmgr-1 10103 4000  [2018-05-10 21:58:20 102] - 	componentID : 4000
    INFO      dbmgr-1 10103 4000  [2018-05-10 21:58:21 615] - ---- dbmgr Version: 2.0.0. ScriptVersion: 0.1.0. Protocol: F28F1C37BCC70CD27B77841D4A30E3D7. Config: Debug X86. Built: 16:26:54 Apr 30 2018. AppID: 4000. UID: 10103. PID: 10488 ----
    INFO      dbmgr-1 10103 4000  [2018-05-10 21:58:21 615] - Server : Intel(R) Core(TM) i7-6700HQ CPU @ 2.60GHz with 2097151kB RAM
    INFO      dbmgr-1 10103 4000  [2018-05-10 21:58:21 615] - ThreadPool::createThreadPool: creating  threadpool...
    INFO      dbmgr-1 10103 4000  [2018-05-10 21:58:21 616] - ThreadPool::createThreadPool: successfully(2), newThreadCount=1, normalMaxThreadCount=2, maxThreadCount=8
   DEBUG      dbmgr-1 10103 4000  [2018-05-10 21:58:21 770] - Script::install_py_dlls(): PyInit_pyexpat
   DEBUG      dbmgr-1 10103 4000  [2018-05-10 21:58:21 771] - Script::install_py_dlls(): PyInit__socket
   DEBUG      dbmgr-1 10103 4000  [2018-05-10 21:58:21 771] - Script::install_py_dlls(): PyInit__ssl
   DEBUG      dbmgr-1 10103 4000  [2018-05-10 21:58:21 779] - Script::install_py_dlls(): PyInit__hashlib
   DEBUG      dbmgr-1 10103 4000  [2018-05-10 21:58:21 780] - Script::install_py_dlls(): PyInit_select
   DEBUG      dbmgr-1 10103 4000  [2018-05-10 21:58:21 780] - Script::install_py_dlls(): PyInit__ctypes
   DEBUG      dbmgr-1 10103 4000  [2018-05-10 21:58:21 781] - Script::install_py_dlls(): PyInit__elementtree
   DEBUG      dbmgr-1 10103 4000  [2018-05-10 21:58:21 852] - Script::install_py_dlls(): PyInit_unicodedata
    INFO      dbmgr-1 10103 4000  [2018-05-10 21:58:21 924] - Script::install(): is successfully, Python=(3.4.2 (default, Apr 30 2018, 16:26:41) [MSC v.1900 32 bit (Intel)])!
    INFO      dbmgr-1 10103 4000  [2018-05-10 21:58:21 925] - Script::install(): KBExtra is successfully!
    INFO      dbmgr-1 10103 4000  [2018-05-10 21:58:21 940] - Dbmgr::initializeEnd: digest(84376650B76732C627442957B650312F)
  S_INFO      dbmgr-1 10103 4000  [2018-05-10 21:58:21 940] - onDBMgrReady: bootstrapGroupIndex=0, bootstrapGlobalIndex=0
    INFO      dbmgr-1 10103 4000  [2018-05-10 21:58:21 941] - TelnetServer server is running on port 32000
    INFO      dbmgr-1 10103 4000  [2018-05-10 21:58:21 941] - Dbmgr::initInterfacesHandler: interfaces addr(127.0.0.1:30099), accountType:(interfaces), chargeType:(interfaces).
 WARNING      dbmgr-1 10103 4000  [2018-05-10 21:58:22 266] - DBUtil::initialize: db(default) password is not encrypted!
please use password(rsa):
4370FEDBBD29A1E4C5B4C0CDDF9FB33105CDC0D94BF8859FFD3B013C1ADC5BF3B575E74DDAB74C0C49E4882463C9D6D2672CA6ADFBBFE58B03A8DFBE99255A0108E390CA1183B4D988D12C448A80CDB5888F3FE2E685D26CE178EE45C9C89705E6251F7E905188D0BB3D31286E923F292CC4E9A7EB526DDF6EAB9DCAD480D080
   DEBUG      dbmgr-1 10103 4000  [2018-05-10 21:58:22 270] - DBInterfaceMysql::attach: connect: localhost:3306 starting...
   DEBUG      dbmgr-1 10103 4000  [2018-05-10 21:58:22 283] - DBInterfaceMysql::attach: successfully! addr: localhost:3306
    INFO      dbmgr-1 10103 4000  [2018-05-10 21:58:22 283] - DBUtil::createInterface[0x1b6ee74]: interface=default, dbtype=mysql, ip=localhost, port=3306, currdatabase=Battle_of_Gods, username=root, connected=yes.

    INFO      dbmgr-1 10103 4000  [2018-05-10 21:58:22 283] - ThreadPool::createThreadPool: creating  threadpool...
    INFO      dbmgr-1 10103 4000  [2018-05-10 21:58:22 284] - ThreadPool::createThreadPool: successfully(5), newThreadCount=5, normalMaxThreadCount=5, maxThreadCount=5
    INFO      dbmgr-1 10103 4000  [2018-05-10 21:58:22 388] - DBInterfaceMysql::query: successfully!
    INFO      dbmgr-1 10103 4000  [2018-05-10 21:58:22 390] - DBInterfaceMysql::query: successfully!
 WARNING      dbmgr-1 10103 4000  [2018-05-10 21:58:22 434] - dbmgr.cpp:275: Profile scriptCall took 0.49 seconds
    INFO      dbmgr-1 10103 4000  [2018-05-10 21:58:23 073] - ---- dbmgr is running ----
   DEBUG      dbmgr-1 10103 4000  [2018-05-10 21:58:23 074] - Components::process(): Request for the process of identity...
   DEBUG      dbmgr-1 10103 4000  [2018-05-10 21:58:22 284] - DBInterfaceMysql::attach: connect: localhost:3306 starting...
   DEBUG      dbmgr-1 10103 4000  [2018-05-10 21:58:22 285] - DBInterfaceMysql::attach: connect: localhost:3306 starting...
   DEBUG      dbmgr-1 10103 4000  [2018-05-10 21:58:22 285] - DBInterfaceMysql::attach: connect: localhost:3306 starting...
   DEBUG      dbmgr-1 10103 4000  [2018-05-10 21:58:22 285] - DBInterfaceMysql::attach: connect: localhost:3306 starting...
   DEBUG      dbmgr-1 10103 4000  [2018-05-10 21:58:22 285] - DBInterfaceMysql::attach: connect: localhost:3306 starting...
   DEBUG      dbmgr-1 10103 4000  [2018-05-10 21:58:22 290] - DBInterfaceMysql::attach: successfully! addr: localhost:3306
   DEBUG      dbmgr-1 10103 4000  [2018-05-10 21:58:22 290] - DBThread::onStart(): 0x3d6d020!
   DEBUG      dbmgr-1 10103 4000  [2018-05-10 21:58:22 290] - DBInterfaceMysql::attach: successfully! addr: localhost:3306
   DEBUG      dbmgr-1 10103 4000  [2018-05-10 21:58:22 290] - DBThread::onStart(): 0x3d6d2c8!
   DEBUG      dbmgr-1 10103 4000  [2018-05-10 21:58:22 291] - DBInterfaceMysql::attach: successfully! addr: localhost:3306
   DEBUG      dbmgr-1 10103 4000  [2018-05-10 21:58:22 291] - DBThread::onStart(): 0x3d6d240!
   DEBUG      dbmgr-1 10103 4000  [2018-05-10 21:58:22 293] - DBInterfaceMysql::attach: successfully! addr: localhost:3306
   DEBUG      dbmgr-1 10103 4000  [2018-05-10 21:58:22 295] - DBThread::onStart(): 0x3d6d570!
   DEBUG      dbmgr-1 10103 4000  [2018-05-10 21:58:22 296] - DBInterfaceMysql::attach: successfully! addr: localhost:3306
   DEBUG      dbmgr-1 10103 4000  [2018-05-10 21:58:22 297] - DBThread::onStart(): 0x3d6cf10!
    INFO      dbmgr-1 10103 4000  [2018-05-10 21:58:22 401] - DBInterfaceMysql::query: successfully!
    INFO      dbmgr-1 10103 4000  [2018-05-10 21:58:22 404] - DBInterfaceMysql::query: successfully!
    INFO      dbmgr-1 10103 4000  [2018-05-10 21:58:22 404] - DBInterfaceMysql::query: successfully!
    INFO      dbmgr-1 10103 4000  [2018-05-10 21:58:22 404] - DBInterfaceMysql::query: successfully!
    INFO      dbmgr-1 10103 4000  [2018-05-10 21:58:22 404] - DBInterfaceMysql::query: successfully!
    INFO      dbmgr-1 10103 4000  [2018-05-10 21:58:22 405] - DBInterfaceMysql::query: successfully!
    INFO      dbmgr-1 10103 4000  [2018-05-10 21:58:22 405] - DBInterfaceMysql::query: successfully!
    INFO      dbmgr-1 10103 4000  [2018-05-10 21:58:22 405] - DBInterfaceMysql::query: successfully!
    INFO      dbmgr-1 10103 4000  [2018-05-10 21:58:30 460] - Components::findComponents: find logger(1)...
    INFO      dbmgr-1 10103 4000  [2018-05-10 21:58:30 466] - Components::findComponents: found logger, addr:10.1.9.9:30615
    INFO      dbmgr-1 10103 4000  [2018-05-10 21:58:30 466] - Components::addComponent: reset orderLog, uid=10103!
    INFO      dbmgr-1 10103 4000  [2018-05-10 21:58:30 466] - Components::addComponent[logger], uid=10103, componentID=2000, globalorderid=1, grouporderid=1, totalcount=1
    INFO      dbmgr-1 10103 4000  [2018-05-10 21:58:30 491] - Components::process(): Found all the components!
    INFO      dbmgr-1 10103 4000  [2018-05-10 21:58:33 420] - ServerApp::onRegisterNewApp: uid:10103, username:, componentType:loginapp, componentID:9000, globalorderID=-1, grouporderID=-1, intaddr:10.1.9.9, intport:30621, extaddr:10.1.9.9, extport:20013,  from 10.1.9.9:30636/0/0/0.
    INFO      dbmgr-1 10103 4000  [2018-05-10 21:58:33 421] - Components::addComponent: reset orderLog, uid=10103!
    INFO      dbmgr-1 10103 4000  [2018-05-10 21:58:33 421] - Components::addComponent[loginapp], uid=10103, componentID=9000, globalorderid=1, grouporderid=1, totalcount=1
    INFO      dbmgr-1 10103 4000  [2018-05-10 21:58:33 841] - ServerApp::onRegisterNewApp: uid:10103, username:, componentType:baseappmgr, componentID:5000, globalorderID=-1, grouporderID=-1, intaddr:10.1.9.9, intport:30617, extaddr:nonsupport, extport:0,  from 10.1.9.9:30638/0/0/0.
    INFO      dbmgr-1 10103 4000  [2018-05-10 21:58:33 841] - Components::addComponent[baseappmgr], uid=10103, componentID=5000, globalorderid=2, grouporderid=1, totalcount=1
    INFO      dbmgr-1 10103 4000  [2018-05-10 21:58:34 040] - ServerApp::onRegisterNewApp: uid:10103, username:, componentType:cellappmgr, componentID:6000, globalorderID=-1, grouporderID=-1, intaddr:10.1.9.9, intport:30618, extaddr:nonsupport, extport:0,  from 10.1.9.9:30640/0/0/0.
    INFO      dbmgr-1 10103 4000  [2018-05-10 21:58:34 040] - Components::addComponent[cellappmgr], uid=10103, componentID=6000, globalorderid=3, grouporderid=1, totalcount=1
    INFO      dbmgr-1 10103 4000  [2018-05-10 21:58:36 900] - ServerApp::onRegisterNewApp: uid:10103, username:, componentType:cellapp, componentID:8001, globalorderID=-1, grouporderID=-1, intaddr:10.1.9.9, intport:30620, extaddr:nonsupport, extport:0,  from 10.1.9.9:30642/0/0/0.
    INFO      dbmgr-1 10103 4000  [2018-05-10 21:58:36 900] - Components::addComponent[cellapp], uid=10103, componentID=8001, globalorderid=4, grouporderid=1, totalcount=1
    INFO      dbmgr-1 10103 4000  [2018-05-10 21:58:39 921] - IDServer::allocRange: 1-2001.
   DEBUG      dbmgr-1 10103 4000  [2018-05-10 21:58:39 922] - SyncAppDatasHandler::~SyncAppDatasHandler()
    INFO      dbmgr-1 10103 4000  [2018-05-10 21:58:53 145] - -----------------------------------------------------------------------------------------


    INFO      dbmgr-1 10103 4000  [2018-05-10 21:58:53 148] - Resmgr::initialize: KBE_ROOT=D:/kbengine/
    INFO      dbmgr-1 10103 4000  [2018-05-10 21:58:53 149] - Resmgr::initialize: KBE_RES_PATH=D:/kbengine/kbe/res/;D:/kbengine/assets_Battle of Gods/;D:/kbengine/assets_Battle of Gods/scripts/;D:/kbengine/assets_Battle of Gods/res/
    INFO      dbmgr-1 10103 4000  [2018-05-10 21:58:53 149] - Resmgr::initialize: KBE_BIN_PATH=D:/kbengine/kbe/bin/server/
    INFO      dbmgr-1 10103 4000  [2018-05-10 21:58:53 158] - NetworkInterface::initialize(INTERNAL): bound to all interfaces with default route interface on 10.1.9.9 ( 10.1.9.9:30648 )
    INFO      dbmgr-1 10103 4000  [2018-05-10 21:58:53 158] - NetworkInterface::initialize(INTERNAL): address 10.1.9.9:30648, SOMAXCONN=5.
    INFO      dbmgr-1 10103 4000  [2018-05-10 21:58:53 158] - server-configs:
    INFO      dbmgr-1 10103 4000  [2018-05-10 21:58:53 158] - 	internalAddr : 10.1.9.9:30648
    INFO      dbmgr-1 10103 4000  [2018-05-10 21:58:53 158] - 	componentID : 4000
    INFO      dbmgr-1 10103 4000  [2018-05-10 21:58:54 673] - ---- dbmgr Version: 2.0.0. ScriptVersion: 0.1.0. Protocol: F28F1C37BCC70CD27B77841D4A30E3D7. Config: Debug X86. Built: 16:26:54 Apr 30 2018. AppID: 4000. UID: 10103. PID: 9436 ----
    INFO      dbmgr-1 10103 4000  [2018-05-10 21:58:54 674] - Server : Intel(R) Core(TM) i7-6700HQ CPU @ 2.60GHz with 2097151kB RAM
    INFO      dbmgr-1 10103 4000  [2018-05-10 21:58:54 674] - ThreadPool::createThreadPool: creating  threadpool...
    INFO      dbmgr-1 10103 4000  [2018-05-10 21:58:54 674] - ThreadPool::createThreadPool: successfully(2), newThreadCount=1, normalMaxThreadCount=2, maxThreadCount=8
   DEBUG      dbmgr-1 10103 4000  [2018-05-10 21:58:54 838] - Script::install_py_dlls(): PyInit_pyexpat
   DEBUG      dbmgr-1 10103 4000  [2018-05-10 21:58:54 838] - Script::install_py_dlls(): PyInit__socket
   DEBUG      dbmgr-1 10103 4000  [2018-05-10 21:58:54 839] - Script::install_py_dlls(): PyInit__ssl
   DEBUG      dbmgr-1 10103 4000  [2018-05-10 21:58:54 842] - Script::install_py_dlls(): PyInit__hashlib
   DEBUG      dbmgr-1 10103 4000  [2018-05-10 21:58:54 843] - Script::install_py_dlls(): PyInit_select
   DEBUG      dbmgr-1 10103 4000  [2018-05-10 21:58:54 843] - Script::install_py_dlls(): PyInit__ctypes
   DEBUG      dbmgr-1 10103 4000  [2018-05-10 21:58:54 845] - Script::install_py_dlls(): PyInit__elementtree
   DEBUG      dbmgr-1 10103 4000  [2018-05-10 21:58:54 912] - Script::install_py_dlls(): PyInit_unicodedata
    INFO      dbmgr-1 10103 4000  [2018-05-10 21:58:55 005] - Script::install(): is successfully, Python=(3.4.2 (default, Apr 30 2018, 16:26:41) [MSC v.1900 32 bit (Intel)])!
    INFO      dbmgr-1 10103 4000  [2018-05-10 21:58:55 005] - Script::install(): KBExtra is successfully!
    INFO      dbmgr-1 10103 4000  [2018-05-10 21:58:55 041] - Dbmgr::initializeEnd: digest(84376650B76732C627442957B650312F)
  S_INFO      dbmgr-1 10103 4000  [2018-05-10 21:58:55 041] - onDBMgrReady: bootstrapGroupIndex=0, bootstrapGlobalIndex=0
    INFO      dbmgr-1 10103 4000  [2018-05-10 21:58:55 043] - TelnetServer server is running on port 32000
    INFO      dbmgr-1 10103 4000  [2018-05-10 21:58:55 048] - Dbmgr::initInterfacesHandler: interfaces addr(127.0.0.1:30099), accountType:(interfaces), chargeType:(interfaces).
 WARNING      dbmgr-1 10103 4000  [2018-05-10 21:58:55 414] - DBUtil::initialize: db(default) password is not encrypted!
please use password(rsa):
14A7B34367980B43BE6F9D1EB81F587606C83FFA211D41E674D7F9DA9664AE57A747F79842D138738E4EE5E0196D2BF1929556E526216A69FEDF0B096A10F7DEBBAA2D0FD9B9C791F4F1512D6E9AA0B9B71CCF1005D3841E81946DF6B1C7D0D964D0CF6307F797489C5BE87BCC0C1CBF70C24A81A062739E3C4674810846BC28
   DEBUG      dbmgr-1 10103 4000  [2018-05-10 21:58:55 421] - DBInterfaceMysql::attach: connect: localhost:3306 starting...
   DEBUG      dbmgr-1 10103 4000  [2018-05-10 21:58:55 428] - DBInterfaceMysql::attach: successfully! addr: localhost:3306
    INFO      dbmgr-1 10103 4000  [2018-05-10 21:58:55 429] - DBUtil::createInterface[0x1b6f2e8]: interface=default, dbtype=mysql, ip=localhost, port=3306, currdatabase=Battle_of_Gods, username=root, connected=yes.

    INFO      dbmgr-1 10103 4000  [2018-05-10 21:58:55 429] - ThreadPool::createThreadPool: creating  threadpool...
    INFO      dbmgr-1 10103 4000  [2018-05-10 21:58:55 431] - ThreadPool::createThreadPool: successfully(5), newThreadCount=5, normalMaxThreadCount=5, maxThreadCount=5
    INFO      dbmgr-1 10103 4000  [2018-05-10 21:58:55 537] - DBInterfaceMysql::query: successfully!
    INFO      dbmgr-1 10103 4000  [2018-05-10 21:58:55 541] - DBInterfaceMysql::query: successfully!
 WARNING      dbmgr-1 10103 4000  [2018-05-10 21:58:55 574] - dbmgr.cpp:275: Profile scriptCall took 0.53 seconds
    INFO      dbmgr-1 10103 4000  [2018-05-10 21:58:56 230] - ---- dbmgr is running ----
   DEBUG      dbmgr-1 10103 4000  [2018-05-10 21:58:56 232] - Components::process(): Request for the process of identity...
   DEBUG      dbmgr-1 10103 4000  [2018-05-10 21:58:55 432] - DBInterfaceMysql::attach: connect: localhost:3306 starting...
   DEBUG      dbmgr-1 10103 4000  [2018-05-10 21:58:55 433] - DBInterfaceMysql::attach: connect: localhost:3306 starting...
   DEBUG      dbmgr-1 10103 4000  [2018-05-10 21:58:55 433] - DBInterfaceMysql::attach: connect: localhost:3306 starting...
   DEBUG      dbmgr-1 10103 4000  [2018-05-10 21:58:55 434] - DBInterfaceMysql::attach: connect: localhost:3306 starting...
   DEBUG      dbmgr-1 10103 4000  [2018-05-10 21:58:55 434] - DBInterfaceMysql::attach: connect: localhost:3306 starting...
   DEBUG      dbmgr-1 10103 4000  [2018-05-10 21:58:55 438] - DBInterfaceMysql::attach: successfully! addr: localhost:3306
   DEBUG      dbmgr-1 10103 4000  [2018-05-10 21:58:55 438] - DBThread::onStart(): 0x3db8eb8!
   DEBUG      dbmgr-1 10103 4000  [2018-05-10 21:58:55 439] - DBInterfaceMysql::attach: successfully! addr: localhost:3306
   DEBUG      dbmgr-1 10103 4000  [2018-05-10 21:58:55 439] - DBThread::onStart(): 0x3db8da8!
   DEBUG      dbmgr-1 10103 4000  [2018-05-10 21:58:55 439] - DBInterfaceMysql::attach: successfully! addr: localhost:3306
   DEBUG      dbmgr-1 10103 4000  [2018-05-10 21:58:55 440] - DBThread::onStart(): 0x3db8418!
   DEBUG      dbmgr-1 10103 4000  [2018-05-10 21:58:55 440] - DBInterfaceMysql::attach: successfully! addr: localhost:3306
   DEBUG      dbmgr-1 10103 4000  [2018-05-10 21:58:55 440] - DBThread::onStart(): 0x3db91e8!
   DEBUG      dbmgr-1 10103 4000  [2018-05-10 21:58:55 440] - DBInterfaceMysql::attach: successfully! addr: localhost:3306
   DEBUG      dbmgr-1 10103 4000  [2018-05-10 21:58:55 441] - DBThread::onStart(): 0x63395e8!
    INFO      dbmgr-1 10103 4000  [2018-05-10 21:58:55 543] - DBInterfaceMysql::query: successfully!
    INFO      dbmgr-1 10103 4000  [2018-05-10 21:58:55 552] - DBInterfaceMysql::query: successfully!
    INFO      dbmgr-1 10103 4000  [2018-05-10 21:58:55 552] - DBInterfaceMysql::query: successfully!
    INFO      dbmgr-1 10103 4000  [2018-05-10 21:58:55 553] - DBInterfaceMysql::query: successfully!
    INFO      dbmgr-1 10103 4000  [2018-05-10 21:58:55 554] - DBInterfaceMysql::query: successfully!
    INFO      dbmgr-1 10103 4000  [2018-05-10 21:58:55 554] - DBInterfaceMysql::query: successfully!
    INFO      dbmgr-1 10103 4000  [2018-05-10 21:58:55 555] - DBInterfaceMysql::query: successfully!
    INFO      dbmgr-1 10103 4000  [2018-05-10 21:58:55 558] - DBInterfaceMysql::query: successfully!
    INFO      dbmgr-1 10103 4000  [2018-05-10 21:59:03 542] - Components::findComponents: find logger(1)...
    INFO      dbmgr-1 10103 4000  [2018-05-10 21:59:03 638] - Components::findComponents: found logger, addr:10.1.9.9:30647
    INFO      dbmgr-1 10103 4000  [2018-05-10 21:59:03 638] - Components::addComponent: reset orderLog, uid=10103!
    INFO      dbmgr-1 10103 4000  [2018-05-10 21:59:03 638] - Components::addComponent[logger], uid=10103, componentID=2000, globalorderid=1, grouporderid=1, totalcount=1
    INFO      dbmgr-1 10103 4000  [2018-05-10 21:59:03 661] - Components::process(): Found all the components!
    INFO      dbmgr-1 10103 4000  [2018-05-10 21:59:07 201] - ServerApp::onRegisterNewApp: uid:10103, username:, componentType:baseappmgr, componentID:5000, globalorderID=-1, grouporderID=-1, intaddr:10.1.9.9, intport:30649, extaddr:nonsupport, extport:0,  from 10.1.9.9:30679/0/0/0.
    INFO      dbmgr-1 10103 4000  [2018-05-10 21:59:07 201] - Components::addComponent: reset orderLog, uid=10103!
    INFO      dbmgr-1 10103 4000  [2018-05-10 21:59:07 201] - Components::addComponent[baseappmgr], uid=10103, componentID=5000, globalorderid=1, grouporderid=1, totalcount=1
    INFO      dbmgr-1 10103 4000  [2018-05-10 21:59:07 641] - ServerApp::onRegisterNewApp: uid:10103, username:, componentType:cellappmgr, componentID:6000, globalorderID=-1, grouporderID=-1, intaddr:10.1.9.9, intport:30650, extaddr:nonsupport, extport:0,  from 10.1.9.9:30681/0/0/0.
    INFO      dbmgr-1 10103 4000  [2018-05-10 21:59:07 642] - Components::addComponent[cellappmgr], uid=10103, componentID=6000, globalorderid=2, grouporderid=1, totalcount=1
    INFO      dbmgr-1 10103 4000  [2018-05-10 21:59:08 420] - ServerApp::onRegisterNewApp: uid:10103, username:, componentType:loginapp, componentID:9000, globalorderID=-1, grouporderID=-1, intaddr:10.1.9.9, intport:30653, extaddr:10.1.9.9, extport:20013,  from 10.1.9.9:30683/0/0/0.
    INFO      dbmgr-1 10103 4000  [2018-05-10 21:59:08 421] - Components::addComponent[loginapp], uid=10103, componentID=9000, globalorderid=3, grouporderid=1, totalcount=1
    INFO      dbmgr-1 10103 4000  [2018-05-10 21:59:08 980] - ServerApp::onRegisterNewApp: uid:10103, username:, componentType:cellapp, componentID:8001, globalorderID=-1, grouporderID=-1, intaddr:10.1.9.9, intport:30652, extaddr:nonsupport, extport:0,  from 10.1.9.9:30685/0/0/0.
    INFO      dbmgr-1 10103 4000  [2018-05-10 21:59:08 980] - Components::addComponent[cellapp], uid=10103, componentID=8001, globalorderid=4, grouporderid=1, totalcount=1
    INFO      dbmgr-1 10103 4000  [2018-05-10 21:59:10 480] - ServerApp::onRegisterNewApp: uid:10103, username:, componentType:baseapp, componentID:7001, globalorderID=-1, grouporderID=-1, intaddr:10.1.9.9, intport:30651, extaddr:10.1.9.9, extport:20015,  from 10.1.9.9:30688/0/0/0.
    INFO      dbmgr-1 10103 4000  [2018-05-10 21:59:10 480] - Components::addComponent[baseapp], uid=10103, componentID=7001, globalorderid=5, grouporderid=1, totalcount=1
    INFO      dbmgr-1 10103 4000  [2018-05-10 21:59:13 500] - IDServer::allocRange: 1-2001.
    INFO      dbmgr-1 10103 4000  [2018-05-10 21:59:13 500] - IDServer::allocRange: 2001-4001.
   DEBUG      dbmgr-1 10103 4000  [2018-05-10 21:59:13 500] - SyncAppDatasHandler::~SyncAppDatasHandler()
    INFO      dbmgr-1 10103 4000  [2018-05-10 22:04:03 089] - -----------------------------------------------------------------------------------------


    INFO      dbmgr-1 10103 4000  [2018-05-10 22:04:03 091] - Resmgr::initialize: KBE_ROOT=D:/kbengine/
    INFO      dbmgr-1 10103 4000  [2018-05-10 22:04:03 092] - Resmgr::initialize: KBE_RES_PATH=D:/kbengine/kbe/res/;D:/kbengine/assets_Battle of Gods/;D:/kbengine/assets_Battle of Gods/scripts/;D:/kbengine/assets_Battle of Gods/res/
    INFO      dbmgr-1 10103 4000  [2018-05-10 22:04:03 094] - Resmgr::initialize: KBE_BIN_PATH=D:/kbengine/kbe/bin/server/
    INFO      dbmgr-1 10103 4000  [2018-05-10 22:04:03 139] - NetworkInterface::initialize(INTERNAL): bound to all interfaces with default route interface on 10.1.9.9 ( 10.1.9.9:30787 )
    INFO      dbmgr-1 10103 4000  [2018-05-10 22:04:03 140] - NetworkInterface::initialize(INTERNAL): address 10.1.9.9:30787, SOMAXCONN=5.
    INFO      dbmgr-1 10103 4000  [2018-05-10 22:04:03 140] - server-configs:
    INFO      dbmgr-1 10103 4000  [2018-05-10 22:04:03 140] - 	internalAddr : 10.1.9.9:30787
    INFO      dbmgr-1 10103 4000  [2018-05-10 22:04:03 141] - 	componentID : 4000
    INFO      dbmgr-1 10103 4000  [2018-05-10 22:04:04 660] - ---- dbmgr Version: 2.0.0. ScriptVersion: 0.1.0. Protocol: F28F1C37BCC70CD27B77841D4A30E3D7. Config: Debug X86. Built: 16:26:54 Apr 30 2018. AppID: 4000. UID: 10103. PID: 10204 ----
    INFO      dbmgr-1 10103 4000  [2018-05-10 22:04:04 661] - Server : Intel(R) Core(TM) i7-6700HQ CPU @ 2.60GHz with 2097151kB RAM
    INFO      dbmgr-1 10103 4000  [2018-05-10 22:04:04 661] - ThreadPool::createThreadPool: creating  threadpool...
    INFO      dbmgr-1 10103 4000  [2018-05-10 22:04:04 661] - ThreadPool::createThreadPool: successfully(2), newThreadCount=1, normalMaxThreadCount=2, maxThreadCount=8
   DEBUG      dbmgr-1 10103 4000  [2018-05-10 22:04:04 818] - Script::install_py_dlls(): PyInit_pyexpat
   DEBUG      dbmgr-1 10103 4000  [2018-05-10 22:04:04 819] - Script::install_py_dlls(): PyInit__socket
   DEBUG      dbmgr-1 10103 4000  [2018-05-10 22:04:04 820] - Script::install_py_dlls(): PyInit__ssl
   DEBUG      dbmgr-1 10103 4000  [2018-05-10 22:04:04 831] - Script::install_py_dlls(): PyInit__hashlib
   DEBUG      dbmgr-1 10103 4000  [2018-05-10 22:04:04 831] - Script::install_py_dlls(): PyInit_select
   DEBUG      dbmgr-1 10103 4000  [2018-05-10 22:04:04 831] - Script::install_py_dlls(): PyInit__ctypes
   DEBUG      dbmgr-1 10103 4000  [2018-05-10 22:04:04 832] - Script::install_py_dlls(): PyInit__elementtree
   DEBUG      dbmgr-1 10103 4000  [2018-05-10 22:04:04 914] - Script::install_py_dlls(): PyInit_unicodedata
    INFO      dbmgr-1 10103 4000  [2018-05-10 22:04:05 009] - Script::install(): is successfully, Python=(3.4.2 (default, Apr 30 2018, 16:26:41) [MSC v.1900 32 bit (Intel)])!
    INFO      dbmgr-1 10103 4000  [2018-05-10 22:04:05 010] - Script::install(): KBExtra is successfully!
    INFO      dbmgr-1 10103 4000  [2018-05-10 22:04:05 035] - Dbmgr::initializeEnd: digest(84376650B76732C627442957B650312F)
  S_INFO      dbmgr-1 10103 4000  [2018-05-10 22:04:05 036] - onDBMgrReady: bootstrapGroupIndex=0, bootstrapGlobalIndex=0
    INFO      dbmgr-1 10103 4000  [2018-05-10 22:04:05 037] - TelnetServer server is running on port 32000
    INFO      dbmgr-1 10103 4000  [2018-05-10 22:04:05 040] - Dbmgr::initInterfacesHandler: interfaces addr(127.0.0.1:30099), accountType:(interfaces), chargeType:(interfaces).
 WARNING      dbmgr-1 10103 4000  [2018-05-10 22:04:05 413] - DBUtil::initialize: db(default) password is not encrypted!
please use password(rsa):
C36C8934072E5E0BA21D553810120607BB1C885C1467E3F45BF4B6BCC56D9E7EBC84E884BCBD73BF53A953A05D308E0B17FC4A71D7A88380C4C283CA9F9BFBF91C5F62FF68CD57E6E82979C049C54CEF9F2AB8381E2651F33F844C39B68A329C11073A3D7C5A49C54B4C7A72DC9EB87CE08CCF26B7FB1CF5851909A430CDB4D7
   DEBUG      dbmgr-1 10103 4000  [2018-05-10 22:04:05 417] - DBInterfaceMysql::attach: connect: localhost:3306 starting...
   DEBUG      dbmgr-1 10103 4000  [2018-05-10 22:04:05 427] - DBInterfaceMysql::attach: successfully! addr: localhost:3306
    INFO      dbmgr-1 10103 4000  [2018-05-10 22:04:05 428] - DBUtil::createInterface[0x1b6f2d4]: interface=default, dbtype=mysql, ip=localhost, port=3306, currdatabase=Battle_of_Gods, username=root, connected=yes.

    INFO      dbmgr-1 10103 4000  [2018-05-10 22:04:05 428] - ThreadPool::createThreadPool: creating  threadpool...
    INFO      dbmgr-1 10103 4000  [2018-05-10 22:04:05 429] - ThreadPool::createThreadPool: successfully(5), newThreadCount=5, normalMaxThreadCount=5, maxThreadCount=5
    INFO      dbmgr-1 10103 4000  [2018-05-10 22:04:05 534] - DBInterfaceMysql::query: successfully!
    INFO      dbmgr-1 10103 4000  [2018-05-10 22:04:05 537] - DBInterfaceMysql::query: successfully!
 WARNING      dbmgr-1 10103 4000  [2018-05-10 22:04:05 572] - dbmgr.cpp:275: Profile scriptCall took 0.54 seconds
    INFO      dbmgr-1 10103 4000  [2018-05-10 22:04:06 113] - ---- dbmgr is running ----
   DEBUG      dbmgr-1 10103 4000  [2018-05-10 22:04:06 113] - Components::process(): Request for the process of identity...
   DEBUG      dbmgr-1 10103 4000  [2018-05-10 22:04:05 429] - DBInterfaceMysql::attach: connect: localhost:3306 starting...
   DEBUG      dbmgr-1 10103 4000  [2018-05-10 22:04:05 430] - DBInterfaceMysql::attach: connect: localhost:3306 starting...
   DEBUG      dbmgr-1 10103 4000  [2018-05-10 22:04:05 430] - DBInterfaceMysql::attach: connect: localhost:3306 starting...
   DEBUG      dbmgr-1 10103 4000  [2018-05-10 22:04:05 430] - DBInterfaceMysql::attach: connect: localhost:3306 starting...
   DEBUG      dbmgr-1 10103 4000  [2018-05-10 22:04:05 430] - DBInterfaceMysql::attach: connect: localhost:3306 starting...
   DEBUG      dbmgr-1 10103 4000  [2018-05-10 22:04:05 435] - DBInterfaceMysql::attach: successfully! addr: localhost:3306
   DEBUG      dbmgr-1 10103 4000  [2018-05-10 22:04:05 435] - DBThread::onStart(): 0x3edcbb8!
   DEBUG      dbmgr-1 10103 4000  [2018-05-10 22:04:05 436] - DBInterfaceMysql::attach: successfully! addr: localhost:3306
   DEBUG      dbmgr-1 10103 4000  [2018-05-10 22:04:05 436] - DBThread::onStart(): 0x3edc2b0!
   DEBUG      dbmgr-1 10103 4000  [2018-05-10 22:04:05 437] - DBInterfaceMysql::attach: successfully! addr: localhost:3306
   DEBUG      dbmgr-1 10103 4000  [2018-05-10 22:04:05 437] - DBThread::onStart(): 0x3edcb30!
   DEBUG      dbmgr-1 10103 4000  [2018-05-10 22:04:05 438] - DBInterfaceMysql::attach: successfully! addr: localhost:3306
   DEBUG      dbmgr-1 10103 4000  [2018-05-10 22:04:05 438] - DBThread::onStart(): 0x3edc448!
   DEBUG      dbmgr-1 10103 4000  [2018-05-10 22:04:05 439] - DBInterfaceMysql::attach: successfully! addr: localhost:3306
   DEBUG      dbmgr-1 10103 4000  [2018-05-10 22:04:05 439] - DBThread::onStart(): 0x3edca20!
    INFO      dbmgr-1 10103 4000  [2018-05-10 22:04:05 540] - DBInterfaceMysql::query: successfully!
    INFO      dbmgr-1 10103 4000  [2018-05-10 22:04:05 544] - DBInterfaceMysql::query: successfully!
    INFO      dbmgr-1 10103 4000  [2018-05-10 22:04:05 548] - DBInterfaceMysql::query: successfully!
    INFO      dbmgr-1 10103 4000  [2018-05-10 22:04:05 548] - DBInterfaceMysql::query: successfully!
    INFO      dbmgr-1 10103 4000  [2018-05-10 22:04:05 549] - DBInterfaceMysql::query: successfully!
    INFO      dbmgr-1 10103 4000  [2018-05-10 22:04:05 549] - DBInterfaceMysql::query: successfully!
    INFO      dbmgr-1 10103 4000  [2018-05-10 22:04:05 550] - DBInterfaceMysql::query: successfully!
    INFO      dbmgr-1 10103 4000  [2018-05-10 22:04:05 551] - DBInterfaceMysql::query: successfully!
    INFO      dbmgr-1 10103 4000  [2018-05-10 22:04:13 374] - Components::findComponents: find logger(1)...
    INFO      dbmgr-1 10103 4000  [2018-05-10 22:04:13 465] - Components::findComponents: found logger, addr:10.1.9.9:30786
    INFO      dbmgr-1 10103 4000  [2018-05-10 22:04:13 466] - Components::addComponent: reset orderLog, uid=10103!
    INFO      dbmgr-1 10103 4000  [2018-05-10 22:04:13 466] - Components::addComponent[logger], uid=10103, componentID=2000, globalorderid=1, grouporderid=1, totalcount=1
    INFO      dbmgr-1 10103 4000  [2018-05-10 22:04:13 493] - Components::process(): Found all the components!
    INFO      dbmgr-1 10103 4000  [2018-05-10 22:04:17 034] - ServerApp::onRegisterNewApp: uid:10103, username:, componentType:baseappmgr, componentID:5000, globalorderID=-1, grouporderID=-1, intaddr:10.1.9.9, intport:30788, extaddr:nonsupport, extport:0,  from 10.1.9.9:30817/0/0/0.
    INFO      dbmgr-1 10103 4000  [2018-05-10 22:04:17 034] - Components::addComponent: reset orderLog, uid=10103!
    INFO      dbmgr-1 10103 4000  [2018-05-10 22:04:17 034] - Components::addComponent[baseappmgr], uid=10103, componentID=5000, globalorderid=1, grouporderid=1, totalcount=1
    INFO      dbmgr-1 10103 4000  [2018-05-10 22:04:17 133] - ServerApp::onRegisterNewApp: uid:10103, username:, componentType:cellappmgr, componentID:6000, globalorderID=-1, grouporderID=-1, intaddr:10.1.9.9, intport:30789, extaddr:nonsupport, extport:0,  from 10.1.9.9:30819/0/0/0.
    INFO      dbmgr-1 10103 4000  [2018-05-10 22:04:17 134] - Components::addComponent[cellappmgr], uid=10103, componentID=6000, globalorderid=2, grouporderid=1, totalcount=1
    INFO      dbmgr-1 10103 4000  [2018-05-10 22:04:17 254] - ServerApp::onRegisterNewApp: uid:10103, username:, componentType:loginapp, componentID:9000, globalorderID=-1, grouporderID=-1, intaddr:10.1.9.9, intport:30794, extaddr:10.1.9.9, extport:20013,  from 10.1.9.9:30821/0/0/0.
    INFO      dbmgr-1 10103 4000  [2018-05-10 22:04:17 254] - Components::addComponent[loginapp], uid=10103, componentID=9000, globalorderid=3, grouporderid=1, totalcount=1
    INFO      dbmgr-1 10103 4000  [2018-05-10 22:04:18 993] - ServerApp::onRegisterNewApp: uid:10103, username:, componentType:baseapp, componentID:7001, globalorderID=-1, grouporderID=-1, intaddr:10.1.9.9, intport:30790, extaddr:10.1.9.9, extport:20015,  from 10.1.9.9:30823/0/0/0.
    INFO      dbmgr-1 10103 4000  [2018-05-10 22:04:18 994] - Components::addComponent[baseapp], uid=10103, componentID=7001, globalorderid=4, grouporderid=1, totalcount=1
    INFO      dbmgr-1 10103 4000  [2018-05-10 22:04:20 694] - ServerApp::onRegisterNewApp: uid:10103, username:, componentType:cellapp, componentID:8001, globalorderID=-1, grouporderID=-1, intaddr:10.1.9.9, intport:30792, extaddr:nonsupport, extport:0,  from 10.1.9.9:30826/0/0/0.
    INFO      dbmgr-1 10103 4000  [2018-05-10 22:04:20 694] - Components::addComponent[cellapp], uid=10103, componentID=8001, globalorderid=5, grouporderid=1, totalcount=1
    INFO      dbmgr-1 10103 4000  [2018-05-10 22:04:23 715] - IDServer::allocRange: 1-2001.
    INFO      dbmgr-1 10103 4000  [2018-05-10 22:04:23 715] - IDServer::allocRange: 2001-4001.
   DEBUG      dbmgr-1 10103 4000  [2018-05-10 22:04:23 716] - SyncAppDatasHandler::~SyncAppDatasHandler()
   DEBUG      dbmgr-1 10103 4000  [2018-05-10 22:05:48 670] - Dbmgr::onAccountLogin:loginName=cxx, accountName=cxx, success=0, componentID=0, entityID=0, dbid=1, flags=0, deadline=0.
   DEBUG      dbmgr-1 10103 4000  [2018-05-10 22:05:49 210] - Dbmgr::queryAccount: cxx, success=1, flags=0, deadline=0.
   DEBUG      dbmgr-1 10103 4000  [2018-05-10 22:06:04 709] - Dbmgr::writeEntity: Account(1).
   DEBUG      dbmgr-1 10103 4000  [2018-05-10 22:06:04 709] - Dbmgr::onEntityOffline: 1, entityType=1.
    INFO      dbmgr-1 10103 4000  [2018-05-10 22:06:04 689] - Buffered_DBTasks::onFiniTask: Playing buffered task for entityID=0, dbid=1, dbid_tasks_size=1, entityid_tasks_size=0.
    INFO      dbmgr-1 10103 4000  [2018-05-10 22:07:16 083] - -----------------------------------------------------------------------------------------


    INFO      dbmgr-1 10103 4000  [2018-05-10 22:07:16 085] - Resmgr::initialize: KBE_ROOT=D:/kbengine/
    INFO      dbmgr-1 10103 4000  [2018-05-10 22:07:16 085] - Resmgr::initialize: KBE_RES_PATH=D:/kbengine/kbe/res/;D:/kbengine/assets_Battle of Gods/;D:/kbengine/assets_Battle of Gods/scripts/;D:/kbengine/assets_Battle of Gods/res/
    INFO      dbmgr-1 10103 4000  [2018-05-10 22:07:16 086] - Resmgr::initialize: KBE_BIN_PATH=D:/kbengine/kbe/bin/server/
    INFO      dbmgr-1 10103 4000  [2018-05-10 22:07:16 156] - NetworkInterface::initialize(INTERNAL): bound to all interfaces with default route interface on 10.1.9.9 ( 10.1.9.9:30873 )
    INFO      dbmgr-1 10103 4000  [2018-05-10 22:07:16 156] - NetworkInterface::initialize(INTERNAL): address 10.1.9.9:30873, SOMAXCONN=5.
    INFO      dbmgr-1 10103 4000  [2018-05-10 22:07:16 156] - server-configs:
    INFO      dbmgr-1 10103 4000  [2018-05-10 22:07:16 156] - 	internalAddr : 10.1.9.9:30873
    INFO      dbmgr-1 10103 4000  [2018-05-10 22:07:16 157] - 	componentID : 4000
    INFO      dbmgr-1 10103 4000  [2018-05-10 22:07:17 684] - ---- dbmgr Version: 2.0.0. ScriptVersion: 0.1.0. Protocol: F28F1C37BCC70CD27B77841D4A30E3D7. Config: Debug X86. Built: 16:26:54 Apr 30 2018. AppID: 4000. UID: 10103. PID: 6024 ----
    INFO      dbmgr-1 10103 4000  [2018-05-10 22:07:17 684] - Server : Intel(R) Core(TM) i7-6700HQ CPU @ 2.60GHz with 2097151kB RAM
    INFO      dbmgr-1 10103 4000  [2018-05-10 22:07:17 685] - ThreadPool::createThreadPool: creating  threadpool...
    INFO      dbmgr-1 10103 4000  [2018-05-10 22:07:17 685] - ThreadPool::createThreadPool: successfully(2), newThreadCount=1, normalMaxThreadCount=2, maxThreadCount=8
   DEBUG      dbmgr-1 10103 4000  [2018-05-10 22:07:17 847] - Script::install_py_dlls(): PyInit_pyexpat
   DEBUG      dbmgr-1 10103 4000  [2018-05-10 22:07:17 848] - Script::install_py_dlls(): PyInit__socket
   DEBUG      dbmgr-1 10103 4000  [2018-05-10 22:07:17 849] - Script::install_py_dlls(): PyInit__ssl
   DEBUG      dbmgr-1 10103 4000  [2018-05-10 22:07:17 855] - Script::install_py_dlls(): PyInit__hashlib
   DEBUG      dbmgr-1 10103 4000  [2018-05-10 22:07:17 855] - Script::install_py_dlls(): PyInit_select
   DEBUG      dbmgr-1 10103 4000  [2018-05-10 22:07:17 856] - Script::install_py_dlls(): PyInit__ctypes
   DEBUG      dbmgr-1 10103 4000  [2018-05-10 22:07:17 856] - Script::install_py_dlls(): PyInit__elementtree
   DEBUG      dbmgr-1 10103 4000  [2018-05-10 22:07:17 917] - Script::install_py_dlls(): PyInit_unicodedata
    INFO      dbmgr-1 10103 4000  [2018-05-10 22:07:17 962] - Script::install(): is successfully, Python=(3.4.2 (default, Apr 30 2018, 16:26:41) [MSC v.1900 32 bit (Intel)])!
    INFO      dbmgr-1 10103 4000  [2018-05-10 22:07:17 962] - Script::install(): KBExtra is successfully!
    INFO      dbmgr-1 10103 4000  [2018-05-10 22:07:17 971] - Dbmgr::initializeEnd: digest(84376650B76732C627442957B650312F)
  S_INFO      dbmgr-1 10103 4000  [2018-05-10 22:07:17 971] - onDBMgrReady: bootstrapGroupIndex=0, bootstrapGlobalIndex=0
    INFO      dbmgr-1 10103 4000  [2018-05-10 22:07:17 972] - TelnetServer server is running on port 32000
    INFO      dbmgr-1 10103 4000  [2018-05-10 22:07:17 972] - Dbmgr::initInterfacesHandler: interfaces addr(127.0.0.1:30099), accountType:(interfaces), chargeType:(interfaces).
 WARNING      dbmgr-1 10103 4000  [2018-05-10 22:07:18 190] - DBUtil::initialize: db(default) password is not encrypted!
please use password(rsa):
0DB39DD171297E23C1808E8D57E5762BB45C242A67937DE6062C93AFB18C50FC7D06EEFA0D3C43E2C49B461CA4B42531EF14A6D6173932D9D12ACFF88AD0417CD562F4F40EC4956697D3B0B4CD1AB49B672435B69A3AB234BCD83CB1FDEB775AFB48430788CE3EF3B40C216639008A1D0D64E3621B43DE0D2219A5E859AAD783
   DEBUG      dbmgr-1 10103 4000  [2018-05-10 22:07:18 193] - DBInterfaceMysql::attach: connect: localhost:3306 starting...
   DEBUG      dbmgr-1 10103 4000  [2018-05-10 22:07:18 198] - DBInterfaceMysql::attach: successfully! addr: localhost:3306
    INFO      dbmgr-1 10103 4000  [2018-05-10 22:07:18 198] - DBUtil::createInterface[0x36f05c]: interface=default, dbtype=mysql, ip=localhost, port=3306, currdatabase=Battle_of_Gods, username=root, connected=yes.

    INFO      dbmgr-1 10103 4000  [2018-05-10 22:07:18 198] - ThreadPool::createThreadPool: creating  threadpool...
    INFO      dbmgr-1 10103 4000  [2018-05-10 22:07:18 199] - ThreadPool::createThreadPool: successfully(5), newThreadCount=5, normalMaxThreadCount=5, maxThreadCount=5
    INFO      dbmgr-1 10103 4000  [2018-05-10 22:07:18 303] - DBInterfaceMysql::query: successfully!
    INFO      dbmgr-1 10103 4000  [2018-05-10 22:07:18 306] - DBInterfaceMysql::query: successfully!
 WARNING      dbmgr-1 10103 4000  [2018-05-10 22:07:18 339] - dbmgr.cpp:275: Profile scriptCall took 0.37 seconds
    INFO      dbmgr-1 10103 4000  [2018-05-10 22:07:18 837] - ---- dbmgr is running ----
   DEBUG      dbmgr-1 10103 4000  [2018-05-10 22:07:18 837] - Components::process(): Request for the process of identity...
   DEBUG      dbmgr-1 10103 4000  [2018-05-10 22:07:18 199] - DBInterfaceMysql::attach: connect: localhost:3306 starting...
   DEBUG      dbmgr-1 10103 4000  [2018-05-10 22:07:18 199] - DBInterfaceMysql::attach: connect: localhost:3306 starting...
   DEBUG      dbmgr-1 10103 4000  [2018-05-10 22:07:18 200] - DBInterfaceMysql::attach: connect: localhost:3306 starting...
   DEBUG      dbmgr-1 10103 4000  [2018-05-10 22:07:18 200] - DBInterfaceMysql::attach: connect: localhost:3306 starting...
   DEBUG      dbmgr-1 10103 4000  [2018-05-10 22:07:18 200] - DBInterfaceMysql::attach: connect: localhost:3306 starting...
   DEBUG      dbmgr-1 10103 4000  [2018-05-10 22:07:18 205] - DBInterfaceMysql::attach: successfully! addr: localhost:3306
   DEBUG      dbmgr-1 10103 4000  [2018-05-10 22:07:18 205] - DBThread::onStart(): 0x3db3218!
   DEBUG      dbmgr-1 10103 4000  [2018-05-10 22:07:18 205] - DBInterfaceMysql::attach: successfully! addr: localhost:3306
   DEBUG      dbmgr-1 10103 4000  [2018-05-10 22:07:18 206] - DBThread::onStart(): 0x3db2a20!
   DEBUG      dbmgr-1 10103 4000  [2018-05-10 22:07:18 206] - DBInterfaceMysql::attach: successfully! addr: localhost:3306
   DEBUG      dbmgr-1 10103 4000  [2018-05-10 22:07:18 206] - DBThread::onStart(): 0x3db2ee8!
   DEBUG      dbmgr-1 10103 4000  [2018-05-10 22:07:18 207] - DBInterfaceMysql::attach: successfully! addr: localhost:3306
   DEBUG      dbmgr-1 10103 4000  [2018-05-10 22:07:18 207] - DBThread::onStart(): 0x3db3190!
   DEBUG      dbmgr-1 10103 4000  [2018-05-10 22:07:18 207] - DBInterfaceMysql::attach: successfully! addr: localhost:3306
   DEBUG      dbmgr-1 10103 4000  [2018-05-10 22:07:18 207] - DBThread::onStart(): 0x3db32a0!
    INFO      dbmgr-1 10103 4000  [2018-05-10 22:07:18 308] - DBInterfaceMysql::query: successfully!
    INFO      dbmgr-1 10103 4000  [2018-05-10 22:07:18 308] - DBInterfaceMysql::query: successfully!
    INFO      dbmgr-1 10103 4000  [2018-05-10 22:07:18 311] - DBInterfaceMysql::query: successfully!
    INFO      dbmgr-1 10103 4000  [2018-05-10 22:07:18 314] - DBInterfaceMysql::query: successfully!
    INFO      dbmgr-1 10103 4000  [2018-05-10 22:07:18 314] - DBInterfaceMysql::query: successfully!
    INFO      dbmgr-1 10103 4000  [2018-05-10 22:07:18 315] - DBInterfaceMysql::query: successfully!
    INFO      dbmgr-1 10103 4000  [2018-05-10 22:07:18 315] - DBInterfaceMysql::query: successfully!
    INFO      dbmgr-1 10103 4000  [2018-05-10 22:07:18 316] - DBInterfaceMysql::query: successfully!
    INFO      dbmgr-1 10103 4000  [2018-05-10 22:07:26 102] - Components::findComponents: find logger(1)...
    INFO      dbmgr-1 10103 4000  [2018-05-10 22:07:26 213] - Components::findComponents: found logger, addr:10.1.9.9:30870
    INFO      dbmgr-1 10103 4000  [2018-05-10 22:07:26 214] - Components::addComponent: reset orderLog, uid=10103!
    INFO      dbmgr-1 10103 4000  [2018-05-10 22:07:26 214] - Components::addComponent[logger], uid=10103, componentID=2000, globalorderid=1, grouporderid=1, totalcount=1
    INFO      dbmgr-1 10103 4000  [2018-05-10 22:07:26 235] - Components::process(): Found all the components!
    INFO      dbmgr-1 10103 4000  [2018-05-10 22:07:29 214] - ServerApp::onRegisterNewApp: uid:10103, username:, componentType:loginapp, componentID:9000, globalorderID=-1, grouporderID=-1, intaddr:10.1.9.9, intport:30878, extaddr:10.1.9.9, extport:20013,  from 10.1.9.9:30897/0/0/0.
    INFO      dbmgr-1 10103 4000  [2018-05-10 22:07:29 214] - Components::addComponent: reset orderLog, uid=10103!
    INFO      dbmgr-1 10103 4000  [2018-05-10 22:07:29 214] - Components::addComponent[loginapp], uid=10103, componentID=9000, globalorderid=1, grouporderid=1, totalcount=1
    INFO      dbmgr-1 10103 4000  [2018-05-10 22:07:29 971] - ServerApp::onRegisterNewApp: uid:10103, username:, componentType:baseappmgr, componentID:5000, globalorderID=-1, grouporderID=-1, intaddr:10.1.9.9, intport:30875, extaddr:nonsupport, extport:0,  from 10.1.9.9:30900/0/0/0.
    INFO      dbmgr-1 10103 4000  [2018-05-10 22:07:29 971] - Components::addComponent[baseappmgr], uid=10103, componentID=5000, globalorderid=2, grouporderid=1, totalcount=1
    INFO      dbmgr-1 10103 4000  [2018-05-10 22:07:30 398] - ServerApp::onRegisterNewApp: uid:10103, username:, componentType:cellappmgr, componentID:6000, globalorderID=-1, grouporderID=-1, intaddr:10.1.9.9, intport:30874, extaddr:nonsupport, extport:0,  from 10.1.9.9:30902/0/0/0.
    INFO      dbmgr-1 10103 4000  [2018-05-10 22:07:30 398] - Components::addComponent[cellappmgr], uid=10103, componentID=6000, globalorderid=3, grouporderid=1, totalcount=1
    INFO      dbmgr-1 10103 4000  [2018-05-10 22:07:31 530] - ServerApp::onRegisterNewApp: uid:10103, username:, componentType:baseapp, componentID:7001, globalorderID=-1, grouporderID=-1, intaddr:10.1.9.9, intport:30876, extaddr:10.1.9.9, extport:20015,  from 10.1.9.9:30904/0/0/0.
    INFO      dbmgr-1 10103 4000  [2018-05-10 22:07:31 530] - Components::addComponent[baseapp], uid=10103, componentID=7001, globalorderid=4, grouporderid=1, totalcount=1
    INFO      dbmgr-1 10103 4000  [2018-05-10 22:07:32 791] - ServerApp::onRegisterNewApp: uid:10103, username:, componentType:cellapp, componentID:8001, globalorderID=-1, grouporderID=-1, intaddr:10.1.9.9, intport:30877, extaddr:nonsupport, extport:0,  from 10.1.9.9:30907/0/0/0.
    INFO      dbmgr-1 10103 4000  [2018-05-10 22:07:32 791] - Components::addComponent[cellapp], uid=10103, componentID=8001, globalorderid=5, grouporderid=1, totalcount=1
    INFO      dbmgr-1 10103 4000  [2018-05-10 22:07:35 796] - IDServer::allocRange: 1-2001.
    INFO      dbmgr-1 10103 4000  [2018-05-10 22:07:35 796] - IDServer::allocRange: 2001-4001.
   DEBUG      dbmgr-1 10103 4000  [2018-05-10 22:07:35 796] - SyncAppDatasHandler::~SyncAppDatasHandler()
   DEBUG      dbmgr-1 10103 4000  [2018-05-10 22:07:38 089] - Dbmgr::DBTaskQueryEntity: Equipment, dbid=1, entityID=1, wasActive=0, queryMode=0, componentID=7001, success=1.
    INFO      dbmgr-1 10103 4000  [2018-05-10 22:07:38 129] - GlobalDataServer::broadcastDataChanged: writer(baseapp, addr=10.1.9.9:30904/0/0/0), keySize=15, valSize=49, isDelete=0
    INFO      dbmgr-1 10103 4000  [2018-05-10 22:07:38 129] - GlobalDataServer::broadcastDataChanged: writer(baseapp, addr=10.1.9.9:30904/0/0/0), keySize=15, valSize=49, isDelete=0
   DEBUG      dbmgr-1 10103 4000  [2018-05-10 22:07:54 808] - Dbmgr::onAccountLogin:loginName=cxx, accountName=cxx, success=0, componentID=0, entityID=0, dbid=1, flags=0, deadline=0.
   DEBUG      dbmgr-1 10103 4000  [2018-05-10 22:07:55 247] - Dbmgr::queryAccount: cxx, success=1, flags=0, deadline=0.
   DEBUG      dbmgr-1 10103 4000  [2018-05-10 22:08:06 386] - Dbmgr::writeEntity: Account(1).
   DEBUG      dbmgr-1 10103 4000  [2018-05-10 22:08:06 387] - Dbmgr::onEntityOffline: 1, entityType=1.
    INFO      dbmgr-1 10103 4000  [2018-05-10 22:08:06 368] - Buffered_DBTasks::onFiniTask: Playing buffered task for entityID=0, dbid=1, dbid_tasks_size=1, entityid_tasks_size=0.
   DEBUG      dbmgr-1 10103 4000  [2018-05-10 22:17:17 754] - Dbmgr::writeEntity: Equipment(1).
   DEBUG      dbmgr-1 10103 4000  [2018-05-10 23:07:18 074] - Dbmgr::DBTaskServerLog()
