 ERROR root [2018-05-11 00:07:57,501] - Components::removeComponentByChannel: logger : 2000, Abnormal exit! errorno=10054
  INFO root [2018-05-11 00:07:57,530] - The following logs sent to logger failed:
  WARN root [2018-05-11 00:07:57,530] - ==> [2018-05-11 00:07:57 499] TCPPacketReceiver::processPendingEvents(10.1.9.9:30870): Throwing REASON_GENERAL_NETWORK - WSAECONNRESET
 ERROR root [2018-05-11 00:07:57,531] - ==> [2018-05-11 00:07:57 527] Components::removeComponentByChannel: logger : 2000, Abnormal exit! errorno=10054
  WARN root [2018-05-11 00:07:57,657] - TCPPacketReceiver::processPendingEvents(10.1.9.9:30873): Throwing REASON_GENERAL_NETWORK - WSAECONNRESET
 ERROR root [2018-05-11 00:07:57,663] - Components::removeComponentByChannel: dbmgr : 4000, Abnormal exit! errorno=10054
  INFO root [2018-05-11 00:07:57,664] - Shutdowner::onShutdownBegin: shutting down(period=0, tickPeriod=1)
S_INFO root [2018-05-11 00:07:57,669] - onLoginAppShutDown()
  INFO root [2018-05-11 00:07:57,669] - Shutdowner::onShutdown: shutting down
  INFO root [2018-05-11 00:07:57,669] - Shutdowner::onShutdownEnd: shutting down
 DEBUG root [2018-05-11 00:07:57,672] - Script::uninstall_py_dlls(): PyInit_pyexpat
 DEBUG root [2018-05-11 00:07:57,672] - Script::uninstall_py_dlls(): PyInit__socket
 DEBUG root [2018-05-11 00:07:57,673] - Script::uninstall_py_dlls(): PyInit__ssl
 DEBUG root [2018-05-11 00:07:57,673] - Script::uninstall_py_dlls(): PyInit__hashlib
 DEBUG root [2018-05-11 00:07:57,673] - Script::uninstall_py_dlls(): PyInit_select
 DEBUG root [2018-05-11 00:07:57,673] - Script::uninstall_py_dlls(): PyInit__ctypes
 DEBUG root [2018-05-11 00:07:57,674] - Script::uninstall_py_dlls(): PyInit__elementtree
 DEBUG root [2018-05-11 00:07:57,674] - Script::uninstall_py_dlls(): PyInit_unicodedata
  INFO root [2018-05-11 00:07:57,702] - Script::uninstall(): is successfully!
 DEBUG root [2018-05-11 00:07:57,702] - ThreadPool::destroy(): starting size 2.
  WARN root [2018-05-11 00:07:58,003] - ThreadPool::destroy(): waiting for thread(2)[0xd4d5c8,0xd4d838,], try=1
